Start processing app in list /share/Git-Apk/Updated_list from /share/Git-Apk/All_Apk  ......

============================================================================
1/46 Starting processing Game.NDK-1.apk ......
Getting apk info from https://play.google.com/store/apps/details?id=Game.NDK ......
Success to get info from Play Store
The lastest version of Game.NDK-1.apk is 1.2.3
Done processing Game.NDK-1.apk
Time Spent:   0 Days 0 Hours 0 Minutes 1 Seconds

============================================================================
2/46 Starting processing com.disney.WMP-1.apk ......
Getting apk info from https://play.google.com/store/apps/details?id=com.disney.WMP ......
Success to get info from Play Store
The lastest version of com.disney.WMP-1.apk is 1.3.0
Done processing com.disney.WMP-1.apk
Time Spent:   0 Days 0 Hours 0 Minutes 3 Seconds

============================================================================
3/46 Starting processing com.disney.WMW-1.apk ......
Getting apk info from https://play.google.com/store/apps/details?id=com.disney.WMW ......
Success to get info from Play Store
The lastest version of com.disney.WMW-1.apk is 1.9.0
Done processing com.disney.WMW-1.apk
Time Spent:   0 Days 0 Hours 0 Minutes 5 Seconds

============================================================================
4/46 Starting processing com.djinnworks.stickstuntbiker-1.apk ......
Getting apk info from https://play.google.com/store/apps/details?id=com.djinnworks.stickstuntbiker ......
Success to get info from Play Store
The lastest version of com.djinnworks.stickstuntbiker-1.apk is 4.2
Done processing com.djinnworks.stickstuntbiker-1.apk
Time Spent:   0 Days 0 Hours 0 Minutes 6 Seconds

============================================================================
5/46 Starting processing com.dualboot.apps.beach-1.apk ......
Getting apk info from https://play.google.com/store/apps/details?id=com.dualboot.apps.beach ......
Success to get info from Play Store
The lastest version of com.dualboot.apps.beach-1.apk is 1.9
Done processing com.dualboot.apps.beach-1.apk
Time Spent:   0 Days 0 Hours 0 Minutes 8 Seconds

============================================================================
6/46 Starting processing com.dualboot.apps.christmas-1.apk ......
Getting apk info from https://play.google.com/store/apps/details?id=com.dualboot.apps.christmas ......
Success to get info from Play Store
The lastest version of com.dualboot.apps.christmas-1.apk is 1.4.2
Done processing com.dualboot.apps.christmas-1.apk
Time Spent:   0 Days 0 Hours 0 Minutes 10 Seconds

============================================================================
7/46 Starting processing com.dualboot.apps.springzen-1.apk ......
Getting apk info from https://play.google.com/store/apps/details?id=com.dualboot.apps.springzen ......
Success to get info from Play Store
The lastest version of com.dualboot.apps.springzen-1.apk is 1.7
Done processing com.dualboot.apps.springzen-1.apk
Time Spent:   0 Days 0 Hours 0 Minutes 11 Seconds

============================================================================
8/46 Starting processing com.ea.games.nfs13_na-1.apk ......
Getting apk info from https://play.google.com/store/apps/details?id=com.ea.games.nfs13_na ......
Success to get info from Play Store
The lastest version of com.ea.games.nfs13_na-1.apk is 1.0.46
Done processing com.ea.games.nfs13_na-1.apk
Time Spent:   0 Days 0 Hours 0 Minutes 13 Seconds

============================================================================
9/46 Starting processing com.elevenbitstudios.FunkySmugglers-1.apk ......
Getting apk info from https://play.google.com/store/apps/details?id=com.elevenbitstudios.FunkySmugglers ......
Success to get info from Play Store
The lastest version of com.elevenbitstudios.FunkySmugglers-1.apk is Varies with device
Done processing com.elevenbitstudios.FunkySmugglers-1.apk
Time Spent:   0 Days 0 Hours 0 Minutes 14 Seconds

============================================================================
10/46 Starting processing com.emulator.fpse-1.apk ......
Getting apk info from https://play.google.com/store/apps/details?id=com.emulator.fpse ......
Success to get info from Play Store
The lastest version of com.emulator.fpse-1.apk is 0.11.73
Done processing com.emulator.fpse-1.apk
Time Spent:   0 Days 0 Hours 0 Minutes 16 Seconds

============================================================================
11/46 Starting processing com.epsxe.ePSXe-1.apk ......
Getting apk info from https://play.google.com/store/apps/details?id=com.epsxe.ePSXe ......
Success to get info from Play Store
The lastest version of com.epsxe.ePSXe-1.apk is 1.8.3
Done processing com.epsxe.ePSXe-1.apk
Time Spent:   0 Days 0 Hours 0 Minutes 18 Seconds

============================================================================
12/46 Starting processing com.exozet.android.catan-1.apk ......
Getting apk info from https://play.google.com/store/apps/details?id=com.exozet.android.catan ......
Success to get info from Play Store
The lastest version of com.exozet.android.catan-1.apk is 3.0.2
Done processing com.exozet.android.catan-1.apk
Time Spent:   0 Days 0 Hours 0 Minutes 19 Seconds

============================================================================
13/46 Starting processing com.fantasyflightgames.ESAndroid-1.apk ......
Getting apk info from https://play.google.com/store/apps/details?id=com.fantasyflightgames.ESAndroid ......
Success to get info from Play Store
The lastest version of com.fantasyflightgames.ESAndroid-1.apk is 1.2.5
Done processing com.fantasyflightgames.ESAndroid-1.apk
Time Spent:   0 Days 0 Hours 0 Minutes 21 Seconds

============================================================================
14/46 Starting processing com.fms.vgba-1.apk ......
Getting apk info from https://play.google.com/store/apps/details?id=com.fms.vgba ......
Success to get info from Play Store
The lastest version of com.fms.vgba-1.apk is 3.9.34
Done processing com.fms.vgba-1.apk
Time Spent:   0 Days 0 Hours 0 Minutes 22 Seconds

============================================================================
15/46 Starting processing com.frimastudio.NunAttack-1.apk ......
Getting apk info from https://play.google.com/store/apps/details?id=com.frimastudio.NunAttack ......
Success to get info from Play Store
The lastest version of com.frimastudio.NunAttack-1.apk is 1.0.6
Done processing com.frimastudio.NunAttack-1.apk
Time Spent:   0 Days 0 Hours 0 Minutes 24 Seconds

============================================================================
16/46 Starting processing com.galapagossoft.trialx2_gl2-1.apk ......
Getting apk info from https://play.google.com/store/apps/details?id=com.galapagossoft.trialx2_gl2 ......
Success to get info from Play Store
The lastest version of com.galapagossoft.trialx2_gl2-1.apk is Varies with device
Done processing com.galapagossoft.trialx2_gl2-1.apk
Time Spent:   0 Days 0 Hours 0 Minutes 26 Seconds

============================================================================
17/46 Starting processing com.gamelion.Jeopardy_HTCMyTouch3G_EN-1.apk ......
Getting apk info from https://play.google.com/store/apps/details?id=com.gamelion.Jeopardy_HTCMyTouch3G_EN ......
Success to get info from Play Store
The lastest version of com.gamelion.Jeopardy_HTCMyTouch3G_EN-1.apk is 2.4.7
Done processing com.gamelion.Jeopardy_HTCMyTouch3G_EN-1.apk
Time Spent:   0 Days 0 Hours 0 Minutes 27 Seconds

============================================================================
18/46 Starting processing com.gameloft.android.ANMP.GloftBPHM.ML-1.apk ......
Getting apk info from https://play.google.com/store/apps/details?id=com.gameloft.android.ANMP.GloftBPHM.ML ......
Success to get info from Play Store
The lastest version of com.gameloft.android.ANMP.GloftBPHM.ML-1.apk is Varies with device
Done processing com.gameloft.android.ANMP.GloftBPHM.ML-1.apk
Time Spent:   0 Days 0 Hours 0 Minutes 29 Seconds

============================================================================
19/46 Starting processing com.gianormousgames.towerraiders2-1.apk ......
Getting apk info from https://play.google.com/store/apps/details?id=com.gianormousgames.towerraiders2 ......
Success to get info from Play Store
The lastest version of com.gianormousgames.towerraiders2-1.apk is 1.16
Done processing com.gianormousgames.towerraiders2-1.apk
Time Spent:   0 Days 0 Hours 0 Minutes 30 Seconds

============================================================================
20/46 Starting processing com.grognak.crackhouse-1.apk ......
Getting apk info from https://play.google.com/store/apps/details?id=com.grognak.crackhouse ......
Success to get info from Play Store
The lastest version of com.grognak.crackhouse-1.apk is 1.8
Done processing com.grognak.crackhouse-1.apk
Time Spent:   0 Days 0 Hours 0 Minutes 32 Seconds

============================================================================
21/46 Starting processing com.gvoip-1.apk ......
Getting apk info from https://play.google.com/store/apps/details?id=com.gvoip ......
Success to get info from Play Store
The lastest version of com.gvoip-1.apk is 1.3.4
Done processing com.gvoip-1.apk
Time Spent:   0 Days 0 Hours 0 Minutes 34 Seconds

============================================================================
22/46 Starting processing com.headupgames.bridgeconstructor-1.apk ......
Getting apk info from https://play.google.com/store/apps/details?id=com.headupgames.bridgeconstructor ......
Success to get info from Play Store
The lastest version of com.headupgames.bridgeconstructor-1.apk is 1.3
Done processing com.headupgames.bridgeconstructor-1.apk
Time Spent:   0 Days 0 Hours 0 Minutes 35 Seconds

============================================================================
23/46 Starting processing com.hg.cloudsandsheep-1.apk ......
Getting apk info from https://play.google.com/store/apps/details?id=com.hg.cloudsandsheep ......
Success to get info from Play Store
The lastest version of com.hg.cloudsandsheep-1.apk is 1.7.0
Done processing com.hg.cloudsandsheep-1.apk
Time Spent:   0 Days 0 Hours 0 Minutes 37 Seconds

============================================================================
24/46 Starting processing com.hg.farminvasion-1.apk ......
Getting apk info from https://play.google.com/store/apps/details?id=com.hg.farminvasion ......
Success to get info from Play Store
The lastest version of com.hg.farminvasion-1.apk is 1.1.4
Done processing com.hg.farminvasion-1.apk
Time Spent:   0 Days 0 Hours 0 Minutes 39 Seconds

============================================================================
25/46 Starting processing com.hiddenvariable.bagit-1.apk ......
Getting apk info from https://play.google.com/store/apps/details?id=com.hiddenvariable.bagit ......
Success to get info from Play Store
The lastest version of com.hiddenvariable.bagit-1.apk is 2.7
Done processing com.hiddenvariable.bagit-1.apk
Time Spent:   0 Days 0 Hours 0 Minutes 40 Seconds

============================================================================
26/46 Starting processing com.inxile.BardTale-1.apk ......
Getting apk info from https://play.google.com/store/apps/details?id=com.inxile.BardTale ......
Success to get info from Play Store
The lastest version of com.inxile.BardTale-1.apk is 1.3.3b
Done processing com.inxile.BardTale-1.apk
Time Spent:   0 Days 0 Hours 0 Minutes 42 Seconds

============================================================================
27/46 Starting processing com.jakyl.spirithd-1.apk ......
Getting apk info from https://play.google.com/store/apps/details?id=com.jakyl.spirithd ......
Success to get info from Play Store
The lastest version of com.jakyl.spirithd-1.apk is 2.2.4
Done processing com.jakyl.spirithd-1.apk
Time Spent:   0 Days 0 Hours 0 Minutes 43 Seconds

============================================================================
28/46 Starting processing com.jakyl.whaletrail-1.apk ......
Getting apk info from https://play.google.com/store/apps/details?id=com.jakyl.whaletrail ......
Success to get info from Play Store
The lastest version of com.jakyl.whaletrail-1.apk is 1.3.1
Done processing com.jakyl.whaletrail-1.apk
Time Spent:   0 Days 0 Hours 0 Minutes 45 Seconds

============================================================================
29/46 Starting processing com.johnemulators.johngbc-1.apk ......
Getting apk info from https://play.google.com/store/apps/details?id=com.johnemulators.johngbc ......
Success to get info from Play Store
The lastest version of com.johnemulators.johngbc-1.apk is 1.61
Done processing com.johnemulators.johngbc-1.apk
Time Spent:   0 Days 0 Hours 0 Minutes 47 Seconds

============================================================================
30/46 Starting processing com.johnemulators.johnnes-1.apk ......
Getting apk info from https://play.google.com/store/apps/details?id=com.johnemulators.johnnes ......
Success to get info from Play Store
The lastest version of com.johnemulators.johnnes-1.apk is 1.61
Done processing com.johnemulators.johnnes-1.apk
Time Spent:   0 Days 0 Hours 0 Minutes 48 Seconds

============================================================================
31/46 Starting processing com.joko.paperlandpro-1.apk ......
Getting apk info from https://play.google.com/store/apps/details?id=com.joko.paperlandpro ......
Success to get info from Play Store
The lastest version of com.joko.paperlandpro-1.apk is 1.8
Done processing com.joko.paperlandpro-1.apk
Time Spent:   0 Days 0 Hours 0 Minutes 50 Seconds

============================================================================
32/46 Starting processing com.kevinbradford.games.barnyardgames-1.apk ......
Getting apk info from https://play.google.com/store/apps/details?id=com.kevinbradford.games.barnyardgames ......
Success to get info from Play Store
The lastest version of com.kevinbradford.games.barnyardgames-1.apk is 1.6
Done processing com.kevinbradford.games.barnyardgames-1.apk
Time Spent:   0 Days 0 Hours 0 Minutes 54 Seconds

============================================================================
33/46 Starting processing com.maxelus.freshleaveslivewallpaper-1.apk ......
Getting apk info from https://play.google.com/store/apps/details?id=com.maxelus.freshleaveslivewallpaper ......
Success to get info from Play Store
The lastest version of com.maxelus.freshleaveslivewallpaper-1.apk is 1.6
Done processing com.maxelus.freshleaveslivewallpaper-1.apk
Time Spent:   0 Days 0 Hours 0 Minutes 55 Seconds

============================================================================
34/46 Starting processing com.mediocre.grannysmith-1.apk ......
Getting apk info from https://play.google.com/store/apps/details?id=com.mediocre.grannysmith ......
Success to get info from Play Store
The lastest version of com.mediocre.grannysmith-1.apk is 1.2.0
Done processing com.mediocre.grannysmith-1.apk
Time Spent:   0 Days 0 Hours 0 Minutes 57 Seconds

============================================================================
35/46 Starting processing com.morrison.gallerylock-1.apk ......
Getting apk info from https://play.google.com/store/apps/details?id=com.morrison.gallerylock ......
Success to get info from Play Store
The lastest version of com.morrison.gallerylock-1.apk is 3.3
Done processing com.morrison.gallerylock-1.apk
Time Spent:   0 Days 0 Hours 0 Minutes 58 Seconds

============================================================================
36/46 Starting processing com.nextgenreality.minimoto-1.apk ......
Getting apk info from https://play.google.com/store/apps/details?id=com.nextgenreality.minimoto ......
Success to get info from Play Store
The lastest version of com.nextgenreality.minimoto-1.apk is 1.7
Done processing com.nextgenreality.minimoto-1.apk
Time Spent:   0 Days 0 Hours 1 Minutes 0 Seconds

============================================================================
37/46 Starting processing com.noodlecake.trainyard-1.apk ......
Getting apk info from https://play.google.com/store/apps/details?id=com.noodlecake.trainyard ......
Success to get info from Play Store
The lastest version of com.noodlecake.trainyard-1.apk is 1.5
Done processing com.noodlecake.trainyard-1.apk
Time Spent:   0 Days 0 Hours 1 Minutes 2 Seconds

============================================================================
38/46 Starting processing com.oceanhouse_media.bookcatinthehat_app-1.apk ......
Getting apk info from https://play.google.com/store/apps/details?id=com.oceanhouse_media.bookcatinthehat_app ......
Success to get info from Play Store
The lastest version of com.oceanhouse_media.bookcatinthehat_app-1.apk is 1.30
Done processing com.oceanhouse_media.bookcatinthehat_app-1.apk
Time Spent:   0 Days 0 Hours 1 Minutes 3 Seconds

============================================================================
39/46 Starting processing com.omgpop.dstpaid-1.apk ......
Getting apk info from https://play.google.com/store/apps/details?id=com.omgpop.dstpaid ......
Success to get info from Play Store
The lastest version of com.omgpop.dstpaid-1.apk is 1.11.77
Done processing com.omgpop.dstpaid-1.apk
Time Spent:   0 Days 0 Hours 1 Minutes 5 Seconds

============================================================================
40/46 Starting processing com.outfit7.talkingtom2-1.apk ......
Getting apk info from https://play.google.com/store/apps/details?id=com.outfit7.talkingtom2 ......
Success to get info from Play Store
The lastest version of com.outfit7.talkingtom2-1.apk is 2.1.1
Done processing com.outfit7.talkingtom2-1.apk
Time Spent:   0 Days 0 Hours 1 Minutes 6 Seconds

============================================================================
41/46 Starting processing goldenshorestechnologies.brightestflashlight.free-1.apk ......
Getting apk info from https://play.google.com/store/apps/details?id=goldenshorestechnologies.brightestflashlight.free ......
Success to get info from Play Store
The lastest version of goldenshorestechnologies.brightestflashlight.free-1.apk is 2.3.3
Done processing goldenshorestechnologies.brightestflashlight.free-1.apk
Time Spent:   0 Days 0 Hours 1 Minutes 8 Seconds

============================================================================
42/46 Starting processing jp.co.applibot.legend.android-1.apk ......
Getting apk info from https://play.google.com/store/apps/details?id=jp.co.applibot.legend.android ......
Success to get info from Play Store
The lastest version of jp.co.applibot.legend.android-1.apk is 4.0
Done processing jp.co.applibot.legend.android-1.apk
Time Spent:   0 Days 0 Hours 1 Minutes 9 Seconds

============================================================================
43/46 Starting processing jp.naver.line.android-1.apk ......
Getting apk info from https://play.google.com/store/apps/details?id=jp.naver.line.android ......
Success to get info from Play Store
The lastest version of jp.naver.line.android-1.apk is 3.4.0
Done processing jp.naver.line.android-1.apk
Time Spent:   0 Days 0 Hours 1 Minutes 11 Seconds

============================================================================
44/46 Starting processing net.greatslotmachine-1.apk ......
Getting apk info from https://play.google.com/store/apps/details?id=net.greatslotmachine ......
Success to get info from Play Store
The lastest version of net.greatslotmachine-1.apk is 13
Done processing net.greatslotmachine-1.apk
Time Spent:   0 Days 0 Hours 1 Minutes 13 Seconds

============================================================================
45/46 Starting processing pixlr.OMatic-1.apk ......
Getting apk info from https://play.google.com/store/apps/details?id=pixlr.OMatic ......
Success to get info from Play Store
The lastest version of pixlr.OMatic-1.apk is 2.2.1
Done processing pixlr.OMatic-1.apk
Time Spent:   0 Days 0 Hours 1 Minutes 14 Seconds

============================================================================
46/46 Starting processing tunein.player-1.apk ......
Getting apk info from https://play.google.com/store/apps/details?id=tunein.player ......
Success to get info from Play Store
The lastest version of tunein.player-1.apk is 6.7
Done processing tunein.player-1.apk
Time Spent:   0 Days 0 Hours 1 Minutes 16 Seconds

============================================================================


**************************************************************
All Done
Total Time:   0 Days 0 Hours 1 Minutes 16 Seconds
Result Location:               /srv/www/htdocs/CV2/app/admin/scan_apk_version//results/AppInfo_2012-12-28-14-01-50.csv
**************************************************************
