Start processing app in list /share/Git-Apk/Updated_list from /share/Git-Apk/All_Apk  ......

============================================================================
1/20 Starting processing com.cootek.smartdialer-1.apk ......
Getting apk info from https://play.google.com/store/apps/details?id=com.cootek.smartdialer ......
Success to get info from Play Store
The lastest version of com.cootek.smartdialer-1.apk is  4.7.6.2  
Done processing com.cootek.smartdialer-1.apk
Time Spent:   0 Days 0 Hours 0 Minutes 3 Seconds

============================================================================
2/20 Starting processing com.facebook.katana-1.apk ......
Getting apk info from https://play.google.com/store/apps/details?id=com.facebook.katana ......
Success to get info from Play Store
The lastest version of com.facebook.katana-1.apk is    Varies with device  
Done processing com.facebook.katana-1.apk
Time Spent:   0 Days 0 Hours 0 Minutes 7 Seconds

============================================================================
3/20 Starting processing com.gameresort.stupidzombies-1.apk ......
Getting apk info from https://play.google.com/store/apps/details?id=com.gameresort.stupidzombies ......
Success to get info from Play Store
The lastest version of com.gameresort.stupidzombies-1.apk is    Varies with device  
Done processing com.gameresort.stupidzombies-1.apk
Time Spent:   0 Days 0 Hours 0 Minutes 12 Seconds

============================================================================
4/20 Starting processing com.good.android.gfe-1.apk ......
Getting apk info from https://play.google.com/store/apps/details?id=com.good.android.gfe ......
Success to get info from Play Store
The lastest version of com.good.android.gfe-1.apk is    Varies with device  
Done processing com.good.android.gfe-1.apk
Time Spent:   0 Days 0 Hours 0 Minutes 17 Seconds

============================================================================
5/20 Starting processing com.google.android.apps.plus-1.apk ......
Getting apk info from https://play.google.com/store/apps/details?id=com.google.android.apps.plus ......
Success to get info from Play Store
The lastest version of com.google.android.apps.plus-1.apk is    Varies with device  
Done processing com.google.android.apps.plus-1.apk
Time Spent:   0 Days 0 Hours 0 Minutes 21 Seconds

============================================================================
6/20 Starting processing com.google.earth-1.apk ......
Getting apk info from https://play.google.com/store/apps/details?id=com.google.earth ......
Success to get info from Play Store
The lastest version of com.google.earth-1.apk is    Varies with device  
Done processing com.google.earth-1.apk
Time Spent:   0 Days 0 Hours 0 Minutes 25 Seconds

============================================================================
7/20 Starting processing com.kascend.video-1.apk ......
Getting apk info from https://play.google.com/store/apps/details?id=com.kascend.video ......
Success to get info from Play Store
The lastest version of com.kascend.video-1.apk is  4.1.0.9823  
Done processing com.kascend.video-1.apk
Time Spent:   0 Days 0 Hours 0 Minutes 29 Seconds

============================================================================
8/20 Starting processing com.leftover.CoinDozer-1.apk ......
Getting apk info from https://play.google.com/store/apps/details?id=com.leftover.CoinDozer ......
Success to get info from Play Store
The lastest version of com.leftover.CoinDozer-1.apk is    Varies with device  
Done processing com.leftover.CoinDozer-1.apk
Time Spent:   0 Days 0 Hours 0 Minutes 33 Seconds

============================================================================
9/20 Starting processing com.libiitech.nailsalon-1.apk ......
Error ouccus when processing com.libiitech.nailsalon-1.apk : Cnnot get apk info by aapt !
============================================================================
9/20 Starting processing com.lonedwarfgames.tanks.android-1.apk ......
Getting apk info from https://play.google.com/store/apps/details?id=com.lonedwarfgames.tanks.android ......
Success to get info from Play Store
The lastest version of com.lonedwarfgames.tanks.android-1.apk is  2.14.19  
Done processing com.lonedwarfgames.tanks.android-1.apk
Time Spent:   0 Days 0 Hours 0 Minutes 36 Seconds

============================================================================
10/20 Starting processing com.melodis.midomiMusicIdentifier.freemium-1.apk ......
Getting apk info from https://play.google.com/store/apps/details?id=com.melodis.midomiMusicIdentifier.freemium ......
Success to get info from Play Store
The lastest version of com.melodis.midomiMusicIdentifier.freemium-1.apk is    Varies with device  
Done processing com.melodis.midomiMusicIdentifier.freemium-1.apk
Time Spent:   0 Days 0 Hours 0 Minutes 41 Seconds

============================================================================
11/20 Starting processing com.polarbit.RecklessRacingLite-1.apk ......
Getting apk info from https://play.google.com/store/apps/details?id=com.polarbit.RecklessRacingLite ......
Success to get info from Play Store
The lastest version of com.polarbit.RecklessRacingLite-1.apk is  1.0.8  
Done processing com.polarbit.RecklessRacingLite-1.apk
Time Spent:   0 Days 0 Hours 0 Minutes 45 Seconds

============================================================================
12/20 Starting processing com.qvod.player-1.apk ......
Getting apk info from https://play.google.com/store/apps/details?id=com.qvod.player ......
Success to get info from Play Store
The lastest version of com.qvod.player-1.apk is  3.1.77  
Done processing com.qvod.player-1.apk
Time Spent:   0 Days 0 Hours 0 Minutes 50 Seconds

============================================================================
13/20 Starting processing com.rcflightsim.cvplane2-1.apk ......
Getting apk info from https://play.google.com/store/apps/details?id=com.rcflightsim.cvplane2 ......
Success to get info from Play Store
The lastest version of com.rcflightsim.cvplane2-1.apk is  2.44.0  
Done processing com.rcflightsim.cvplane2-1.apk
Time Spent:   0 Days 0 Hours 0 Minutes 54 Seconds

============================================================================
14/20 Starting processing com.sds.android.ttpod-1.apk ......
Getting apk info from https://play.google.com/store/apps/details?id=com.sds.android.ttpod ......
Success to get info from Play Store
The lastest version of com.sds.android.ttpod-1.apk is  6.0.0  
Done processing com.sds.android.ttpod-1.apk
Time Spent:   0 Days 0 Hours 0 Minutes 57 Seconds

============================================================================
15/20 Starting processing com.shopkick.app-1.apk ......
Getting apk info from https://play.google.com/store/apps/details?id=com.shopkick.app ......
Success to get info from Play Store
The lastest version of com.shopkick.app-1.apk is  3.6.3  
Done processing com.shopkick.app-1.apk
Time Spent:   0 Days 0 Hours 1 Minutes 0 Seconds

============================================================================
16/20 Starting processing jp.naver.linecamera.android-1.apk ......
Getting apk info from https://play.google.com/store/apps/details?id=jp.naver.linecamera.android ......
Success to get info from Play Store
The lastest version of jp.naver.linecamera.android-1.apk is  5.0.0  
Done processing jp.naver.linecamera.android-1.apk
Time Spent:   0 Days 0 Hours 1 Minutes 5 Seconds

============================================================================
17/20 Starting processing net.flixster.android-1.apk ......
Getting apk info from https://play.google.com/store/apps/details?id=net.flixster.android ......
Success to get info from Play Store
The lastest version of net.flixster.android-1.apk is    Varies with device  
Done processing net.flixster.android-1.apk
Time Spent:   0 Days 0 Hours 1 Minutes 9 Seconds

============================================================================
18/20 Starting processing org.benetech.android-1.apk ......
Getting apk info from https://play.google.com/store/apps/details?id=org.benetech.android ......
Success to get info from Play Store
The lastest version of org.benetech.android-1.apk is  4.1.0.20130809  
Done processing org.benetech.android-1.apk
Time Spent:   0 Days 0 Hours 1 Minutes 12 Seconds

============================================================================
19/20 Starting processing tunein.player-1.apk ......
Getting apk info from https://play.google.com/store/apps/details?id=tunein.player ......
Success to get info from Play Store
The lastest version of tunein.player-1.apk is  8.0  
Done processing tunein.player-1.apk
Time Spent:   0 Days 0 Hours 1 Minutes 15 Seconds

============================================================================


**************************************************************
All Done
Total Time:   0 Days 0 Hours 1 Minutes 15 Seconds
Result Location:               /srv/www/htdocs/CV2/app/admin/scan_apk_version//results/AppInfo_2013-09-09-15-37-49.csv
**************************************************************
