Start processing app in list /share/Git-Apk/Updated_list from /share/Git-Apk/All_Apk  ......

============================================================================
1/17 Starting processing Game.SpeedMoto-1.apk ......
Getting apk info from https://play.google.com/store/apps/details?id=Game.SpeedMoto ......
Success to get info from Play Store
The lastest version of Game.SpeedMoto-1.apk is 1.1.6
Done processing Game.SpeedMoto-1.apk
Time Spent:   0 Days 0 Hours 0 Minutes 2 Seconds

============================================================================
2/17 Starting processing air.com.sgn.bingo.google-1.apk ......
Getting apk info from https://play.google.com/store/apps/details?id=air.com.sgn.bingo.google ......
Success to get info from Play Store
The lastest version of air.com.sgn.bingo.google-1.apk is 1.6.94
Done processing air.com.sgn.bingo.google-1.apk
Time Spent:   0 Days 0 Hours 0 Minutes 4 Seconds

============================================================================
3/17 Starting processing com.ezjoynetwork.pocketbasketball-1.apk ......
Getting apk info from https://play.google.com/store/apps/details?id=com.ezjoynetwork.pocketbasketball ......
Success to get info from Play Store
The lastest version of com.ezjoynetwork.pocketbasketball-1.apk is 1.0.8
Done processing com.ezjoynetwork.pocketbasketball-1.apk
Time Spent:   0 Days 0 Hours 0 Minutes 6 Seconds

============================================================================
4/17 Starting processing com.fluik.Streaker-1.apk ......
Getting apk info from https://play.google.com/store/apps/details?id=com.fluik.Streaker ......
Success to get info from Play Store
The lastest version of com.fluik.Streaker-1.apk is 1.4.0
Done processing com.fluik.Streaker-1.apk
Time Spent:   0 Days 0 Hours 0 Minutes 8 Seconds

============================================================================
5/17 Starting processing com.freightliner.HaulerRacing-1.apk ......
Getting apk info from https://play.google.com/store/apps/details?id=com.freightliner.HaulerRacing ......
Success to get info from Play Store
The lastest version of com.freightliner.HaulerRacing-1.apk is 1.2
Done processing com.freightliner.HaulerRacing-1.apk
Time Spent:   0 Days 0 Hours 0 Minutes 10 Seconds

============================================================================
6/17 Starting processing com.fullfat.android.agentdash-1.apk ......
Getting apk info from https://play.google.com/store/apps/details?id=com.fullfat.android.agentdash ......
Success to get info from Play Store
The lastest version of com.fullfat.android.agentdash-1.apk is 1.4
Done processing com.fullfat.android.agentdash-1.apk
Time Spent:   0 Days 0 Hours 0 Minutes 12 Seconds

============================================================================
7/17 Starting processing com.g6677.android.dus-1.apk ......
Getting apk info from https://play.google.com/store/apps/details?id=com.g6677.android.dus ......
Success to get info from Play Store
The lastest version of com.g6677.android.dus-1.apk is 1.0.6
Done processing com.g6677.android.dus-1.apk
Time Spent:   0 Days 0 Hours 0 Minutes 14 Seconds

============================================================================
8/17 Starting processing com.g6677.android.ziu-1.apk ......
Getting apk info from https://play.google.com/store/apps/details?id=com.g6677.android.ziu ......
Success to get info from Play Store
The lastest version of com.g6677.android.ziu-1.apk is 1.0.16
Done processing com.g6677.android.ziu-1.apk
Time Spent:   0 Days 0 Hours 0 Minutes 16 Seconds

============================================================================
9/17 Starting processing com.getsetgames.megajump-1.apk ......
Getting apk info from https://play.google.com/store/apps/details?id=com.getsetgames.megajump ......
Success to get info from Play Store
The lastest version of com.getsetgames.megajump-1.apk is 1.6
Done processing com.getsetgames.megajump-1.apk
Time Spent:   0 Days 0 Hours 0 Minutes 18 Seconds

============================================================================
10/17 Starting processing com.kiwi.monsterpark-1.apk ......
Getting apk info from https://play.google.com/store/apps/details?id=com.kiwi.monsterpark ......
Success to get info from Play Store
The lastest version of com.kiwi.monsterpark-1.apk is 1.6.9
Done processing com.kiwi.monsterpark-1.apk
Time Spent:   0 Days 0 Hours 0 Minutes 21 Seconds

============================================================================
11/17 Starting processing com.melodis.midomiMusicIdentifier-1.apk ......
Getting apk info from https://play.google.com/store/apps/details?id=com.melodis.midomiMusicIdentifier ......
Success to get info from Play Store
The lastest version of com.melodis.midomiMusicIdentifier-1.apk is Varies with device
Done processing com.melodis.midomiMusicIdentifier-1.apk
Time Spent:   0 Days 0 Hours 0 Minutes 23 Seconds

============================================================================
12/17 Starting processing com.nianticproject.ingress-1.apk ......
Getting apk info from https://play.google.com/store/apps/details?id=com.nianticproject.ingress ......
Success to get info from Play Store
The lastest version of com.nianticproject.ingress-1.apk is 1.20.0
Done processing com.nianticproject.ingress-1.apk
Time Spent:   0 Days 0 Hours 0 Minutes 25 Seconds

============================================================================
13/17 Starting processing com.spryfox.tripletown-1.apk ......
Getting apk info from https://play.google.com/store/apps/details?id=com.spryfox.tripletown ......
Success to get info from Play Store
The lastest version of com.spryfox.tripletown-1.apk is Varies with device
Done processing com.spryfox.tripletown-1.apk
Time Spent:   0 Days 0 Hours 0 Minutes 27 Seconds

============================================================================
14/17 Starting processing com.tequilamobile.warshipslive-1.apk ......
Getting apk info from https://play.google.com/store/apps/details?id=com.tequilamobile.warshipslive ......
Success to get info from Play Store
The lastest version of com.tequilamobile.warshipslive-1.apk is 1.1.0
Done processing com.tequilamobile.warshipslive-1.apk
Time Spent:   0 Days 0 Hours 0 Minutes 29 Seconds

============================================================================
15/17 Starting processing kr.aboy.tools-1.apk ......
Getting apk info from https://play.google.com/store/apps/details?id=kr.aboy.tools ......
Success to get info from Play Store
The lastest version of kr.aboy.tools-1.apk is 1.5.4
Done processing kr.aboy.tools-1.apk
Time Spent:   0 Days 0 Hours 0 Minutes 31 Seconds

============================================================================
16/17 Starting processing radiotime.player-1.apk ......
Getting apk info from https://play.google.com/store/apps/details?id=radiotime.player ......
Success to get info from Play Store
The lastest version of radiotime.player-1.apk is 6.8
Done processing radiotime.player-1.apk
Time Spent:   0 Days 0 Hours 0 Minutes 33 Seconds

============================================================================
17/17 Starting processing slide.cameraZoom-1.apk ......
Getting apk info from https://play.google.com/store/apps/details?id=slide.cameraZoom ......
Success to get info from Play Store
The lastest version of slide.cameraZoom-1.apk is 4.1.1
Done processing slide.cameraZoom-1.apk
Time Spent:   0 Days 0 Hours 0 Minutes 35 Seconds

============================================================================


**************************************************************
All Done
Total Time:   0 Days 0 Hours 0 Minutes 35 Seconds
Result Location:               /srv/www/htdocs/CV2/app/admin/scan_apk_version//results/AppInfo_2013-02-19-12-20-44.csv
**************************************************************
