Start processing app in list /share/Git-Apk/Updated_list from /share/Git-Apk/All_Apk  ......

============================================================================
1/3 Starting processing com.disney.ToyStorySmashIt.goo-1.apk ......
Getting apk info from https://play.google.com/store/apps/details?id=com.disney.ToyStorySmashIt.goo ......
Success to get info from Play Store
The lastest version of com.disney.ToyStorySmashIt.goo-1.apk is  1.2.0  
Done processing com.disney.ToyStorySmashIt.goo-1.apk
Time Spent:   0 Days 0 Hours 0 Minutes 5 Seconds

============================================================================
2/3 Starting processing com.playfirst.playground.dinerdashdeluxe-1.apk ......
Getting apk info from https://play.google.com/store/apps/details?id=com.playfirst.playground.dinerdashdeluxe ......
Success to get info from Play Store
The lastest version of com.playfirst.playground.dinerdashdeluxe-1.apk is  3.26.6  
Done processing com.playfirst.playground.dinerdashdeluxe-1.apk
Time Spent:   0 Days 0 Hours 0 Minutes 9 Seconds

============================================================================
3/3 Starting processing com.zynga.gswfpaid-1.apk ......
Getting apk info from https://play.google.com/store/apps/details?id=com.zynga.gswfpaid ......
Success to get info from Play Store
The lastest version of com.zynga.gswfpaid-1.apk is  1.04  
Done processing com.zynga.gswfpaid-1.apk
Time Spent:   0 Days 0 Hours 0 Minutes 14 Seconds

============================================================================


**************************************************************
All Done
Total Time:   0 Days 0 Hours 0 Minutes 14 Seconds
Result Location:               /srv/www/htdocs/CV2/app/admin/scan_apk_version//results/AppInfo_2013-08-02-09-09-54.csv
**************************************************************
