Start processing app in list /share/Git-Apk/Updated_list from /share/Git-Apk/All_Apk  ......

============================================================================
1/116 Starting processing air.WatchESPN-1.apk ......
Getting apk info from https://play.google.com/store/apps/details?id=air.WatchESPN ......
Success to get info from Play Store
The lastest version of air.WatchESPN-1.apk is  1.6.5.1  
Done processing air.WatchESPN-1.apk
Time Spent:   0 Days 0 Hours 0 Minutes 3 Seconds

============================================================================
2/116 Starting processing air.candy.crush.connect-1.apk ......
Getting apk info from https://play.google.com/store/apps/details?id=air.candy.crush.connect ......
Success to get info from Play Store
The lastest version of air.candy.crush.connect-1.apk is  1.5.5  
Done processing air.candy.crush.connect-1.apk
Time Spent:   0 Days 0 Hours 0 Minutes 7 Seconds

============================================================================
3/116 Starting processing air.com.A5thplanetgames.dotd-1.apk ......
Getting apk info from https://play.google.com/store/apps/details?id=air.com.A5thplanetgames.dotd ......
Success to get info from Play Store
The lastest version of air.com.A5thplanetgames.dotd-1.apk is  1.0.649  
Done processing air.com.A5thplanetgames.dotd-1.apk
Time Spent:   0 Days 0 Hours 0 Minutes 10 Seconds

============================================================================
4/116 Starting processing air.com.animocacollective.google.captainvoyage-1.apk ......
Getting apk info from https://play.google.com/store/apps/details?id=air.com.animocacollective.google.captainvoyage ......
Success to get info from Play Store
The lastest version of air.com.animocacollective.google.captainvoyage-1.apk is  1.0.1  
Done processing air.com.animocacollective.google.captainvoyage-1.apk
Time Spent:   0 Days 0 Hours 0 Minutes 12 Seconds

============================================================================
5/116 Starting processing air.com.benyhe.RollerCoaster2Free-1.apk ......
Getting apk info from https://play.google.com/store/apps/details?id=air.com.benyhe.RollerCoaster2Free ......
Success to get info from Play Store
The lastest version of air.com.benyhe.RollerCoaster2Free-1.apk is  1.0  
Done processing air.com.benyhe.RollerCoaster2Free-1.apk
Time Spent:   0 Days 0 Hours 0 Minutes 16 Seconds

============================================================================
6/116 Starting processing air.com.buffalo_studios.newflashbingo-1.apk ......
Getting apk info from https://play.google.com/store/apps/details?id=air.com.buffalo_studios.newflashbingo ......
Success to get info from Play Store
The lastest version of air.com.buffalo_studios.newflashbingo-1.apk is  2.25.0  
Done processing air.com.buffalo_studios.newflashbingo-1.apk
Time Spent:   0 Days 0 Hours 0 Minutes 18 Seconds

============================================================================
7/116 Starting processing air.com.elextech.happyfarm-1.apk ......
Getting apk info from https://play.google.com/store/apps/details?id=air.com.elextech.happyfarm ......
Success to get info from Play Store
The lastest version of air.com.elextech.happyfarm-1.apk is  1.4.8  
Done processing air.com.elextech.happyfarm-1.apk
Time Spent:   0 Days 0 Hours 0 Minutes 21 Seconds

============================================================================
8/116 Starting processing air.com.generamobile.colormania-1.apk ......
Getting apk info from https://play.google.com/store/apps/details?id=air.com.generamobile.colormania ......
Success to get info from Play Store
The lastest version of air.com.generamobile.colormania-1.apk is  1.3.1  
Done processing air.com.generamobile.colormania-1.apk
Time Spent:   0 Days 0 Hours 0 Minutes 24 Seconds

============================================================================
9/116 Starting processing air.com.hitf.crazysquares-1.apk ......
Getting apk info from https://play.google.com/store/apps/details?id=air.com.hitf.crazysquares ......
Success to get info from Play Store
The lastest version of air.com.hitf.crazysquares-1.apk is  2.0.3  
Done processing air.com.hitf.crazysquares-1.apk
Time Spent:   0 Days 0 Hours 0 Minutes 27 Seconds

============================================================================
10/116 Starting processing air.com.ideastudios.fantasticspadayfree-1.apk ......
Getting apk info from https://play.google.com/store/apps/details?id=air.com.ideastudios.fantasticspadayfree ......
Success to get info from Play Store
The lastest version of air.com.ideastudios.fantasticspadayfree-1.apk is  1.0.3  
Done processing air.com.ideastudios.fantasticspadayfree-1.apk
Time Spent:   0 Days 0 Hours 0 Minutes 30 Seconds

============================================================================
11/116 Starting processing air.com.oranginalplan.weaphonesfree-1.apk ......
Getting apk info from https://play.google.com/store/apps/details?id=air.com.oranginalplan.weaphonesfree ......
Success to get info from Play Store
The lastest version of air.com.oranginalplan.weaphonesfree-1.apk is  2.0.3  
Done processing air.com.oranginalplan.weaphonesfree-1.apk
Time Spent:   0 Days 0 Hours 0 Minutes 33 Seconds

============================================================================
12/116 Starting processing air.com.slotgalaxy-1.apk ......
Getting apk info from https://play.google.com/store/apps/details?id=air.com.slotgalaxy ......
Success to get info from Play Store
The lastest version of air.com.slotgalaxy-1.apk is  1.1.1  
Done processing air.com.slotgalaxy-1.apk
Time Spent:   0 Days 0 Hours 0 Minutes 36 Seconds

============================================================================
13/116 Starting processing air.com.yazino.android.slots-1.apk ......
Getting apk info from https://play.google.com/store/apps/details?id=air.com.yazino.android.slots ......
Success to get info from Play Store
The lastest version of air.com.yazino.android.slots-1.apk is  2.32.2  
Done processing air.com.yazino.android.slots-1.apk
Time Spent:   0 Days 0 Hours 0 Minutes 39 Seconds

============================================================================
14/116 Starting processing air.endlessescape-1.apk ......
Getting apk info from https://play.google.com/store/apps/details?id=air.endlessescape ......
Success to get info from Play Store
The lastest version of air.endlessescape-1.apk is  1.1.1  
Done processing air.endlessescape-1.apk
Time Spent:   0 Days 0 Hours 0 Minutes 42 Seconds

============================================================================
15/116 Starting processing air.monsterhighcakedecoration-1.apk ......
Getting apk info from https://play.google.com/store/apps/details?id=air.monsterhighcakedecoration ......
Success to get info from Play Store
The lastest version of air.monsterhighcakedecoration-1.apk is  1.0.1  
Done processing air.monsterhighcakedecoration-1.apk
Time Spent:   0 Days 0 Hours 0 Minutes 45 Seconds

============================================================================
16/116 Starting processing candy.crush.jewels.deluxe-1.apk ......
Getting apk info from https://play.google.com/store/apps/details?id=candy.crush.jewels.deluxe ......
Success to get info from Play Store
The lastest version of candy.crush.jewels.deluxe-1.apk is  1.9  
Done processing candy.crush.jewels.deluxe-1.apk
Time Spent:   0 Days 0 Hours 0 Minutes 48 Seconds

============================================================================
17/116 Starting processing cn.jingling.motu.photowonder-1.apk ......
Getting apk info from https://play.google.com/store/apps/details?id=cn.jingling.motu.photowonder ......
Success to get info from Play Store
The lastest version of cn.jingling.motu.photowonder-1.apk is  3.0.5  
Done processing cn.jingling.motu.photowonder-1.apk
Time Spent:   0 Days 0 Hours 0 Minutes 51 Seconds

============================================================================
18/116 Starting processing co.kr.medialog.swatandzombie-1.apk ......
Getting apk info from https://play.google.com/store/apps/details?id=co.kr.medialog.swatandzombie ......
Success to get info from Play Store
The lastest version of co.kr.medialog.swatandzombie-1.apk is  1.1.4  
Done processing co.kr.medialog.swatandzombie-1.apk
Time Spent:   0 Days 0 Hours 0 Minutes 53 Seconds

============================================================================
19/116 Starting processing com.ac.google.tkew-1.apk ......
Getting apk info from https://play.google.com/store/apps/details?id=com.ac.google.tkew ......
Success to get info from Play Store
The lastest version of com.ac.google.tkew-1.apk is  1.0.0  
Done processing com.ac.google.tkew-1.apk
Time Spent:   0 Days 0 Hours 0 Minutes 56 Seconds

============================================================================
20/116 Starting processing com.androidromania.truckdriver-1.apk ......
Getting apk info from https://play.google.com/store/apps/details?id=com.androidromania.truckdriver ......
Success to get info from Play Store
The lastest version of com.androidromania.truckdriver-1.apk is  1.8.0  
Done processing com.androidromania.truckdriver-1.apk
Time Spent:   0 Days 0 Hours 0 Minutes 59 Seconds

============================================================================
21/116 Starting processing com.appgame7.friutsbreak-1.apk ......
Getting apk info from https://play.google.com/store/apps/details?id=com.appgame7.friutsbreak ......
Success to get info from Play Store
The lastest version of com.appgame7.friutsbreak-1.apk is  1.0.4  
Done processing com.appgame7.friutsbreak-1.apk
Time Spent:   0 Days 0 Hours 1 Minutes 3 Seconds

============================================================================
22/116 Starting processing com.arthisoft.fashiondollmakeover-1.apk ......
Getting apk info from https://play.google.com/store/apps/details?id=com.arthisoft.fashiondollmakeover ......
Success to get info from Play Store
The lastest version of com.arthisoft.fashiondollmakeover-1.apk is  2.0  
Done processing com.arthisoft.fashiondollmakeover-1.apk
Time Spent:   0 Days 0 Hours 1 Minutes 6 Seconds

============================================================================
23/116 Starting processing com.arthisoft.promnightmakeover-1.apk ......
Getting apk info from https://play.google.com/store/apps/details?id=com.arthisoft.promnightmakeover ......
Success to get info from Play Store
The lastest version of com.arthisoft.promnightmakeover-1.apk is  1.0  
Done processing com.arthisoft.promnightmakeover-1.apk
Time Spent:   0 Days 0 Hours 1 Minutes 9 Seconds

============================================================================
24/116 Starting processing com.bestbubbleshooter.arcadeshooter-1.apk ......
Getting apk info from https://play.google.com/store/apps/details?id=com.bestbubbleshooter.arcadeshooter ......
Success to get info from Play Store
The lastest version of com.bestbubbleshooter.arcadeshooter-1.apk is  1.0.1  
Done processing com.bestbubbleshooter.arcadeshooter-1.apk
Time Spent:   0 Days 0 Hours 1 Minutes 11 Seconds

============================================================================
25/116 Starting processing com.bigbluebubble.singingmonsters.full-1.apk ......
Getting apk info from https://play.google.com/store/apps/details?id=com.bigbluebubble.singingmonsters.full ......
Success to get info from Play Store
The lastest version of com.bigbluebubble.singingmonsters.full-1.apk is  1.1.7  
Done processing com.bigbluebubble.singingmonsters.full-1.apk
Time Spent:   0 Days 0 Hours 1 Minutes 15 Seconds

============================================================================
26/116 Starting processing com.bike.racer.game_3d-1.apk ......
Getting apk info from https://play.google.com/store/apps/details?id=com.bike.racer.game_3d ......
Success to get info from Play Store
The lastest version of com.bike.racer.game_3d-1.apk is  1.0  
Done processing com.bike.racer.game_3d-1.apk
Time Spent:   0 Days 0 Hours 1 Minutes 16 Seconds

============================================================================
27/116 Starting processing com.blackbeltclown.android_makericecreamsoda-1.apk ......
Getting apk info from https://play.google.com/store/apps/details?id=com.blackbeltclown.android_makericecreamsoda ......
Success to get info from Play Store
The lastest version of com.blackbeltclown.android_makericecreamsoda-1.apk is  1.0.0.0  
Done processing com.blackbeltclown.android_makericecreamsoda-1.apk
Time Spent:   0 Days 0 Hours 1 Minutes 19 Seconds

============================================================================
28/116 Starting processing com.blackbeltclown.android_makerpancakeml-1.apk ......
Getting apk info from https://play.google.com/store/apps/details?id=com.blackbeltclown.android_makerpancakeml ......
Success to get info from Play Store
The lastest version of com.blackbeltclown.android_makerpancakeml-1.apk is  1.0.0.0  
Done processing com.blackbeltclown.android_makerpancakeml-1.apk
Time Spent:   0 Days 0 Hours 1 Minutes 23 Seconds

============================================================================
29/116 Starting processing com.blackbeltclown.android_makersnowcone-1.apk ......
Getting apk info from https://play.google.com/store/apps/details?id=com.blackbeltclown.android_makersnowcone ......
Success to get info from Play Store
The lastest version of com.blackbeltclown.android_makersnowcone-1.apk is  1.0.1.0  
Done processing com.blackbeltclown.android_makersnowcone-1.apk
Time Spent:   0 Days 0 Hours 1 Minutes 26 Seconds

============================================================================
30/116 Starting processing com.blaze.bubble-1.apk ......
Getting apk info from https://play.google.com/store/apps/details?id=com.blaze.bubble ......
Success to get info from Play Store
The lastest version of com.blaze.bubble-1.apk is  1.0  
Done processing com.blaze.bubble-1.apk
Time Spent:   0 Days 0 Hours 1 Minutes 27 Seconds

============================================================================
31/116 Starting processing com.breaktime.MouseTown-1.apk ......
Getting apk info from https://play.google.com/store/apps/details?id=com.breaktime.MouseTown ......
Success to get info from Play Store
The lastest version of com.breaktime.MouseTown-1.apk is  1.07  
Done processing com.breaktime.MouseTown-1.apk
Time Spent:   0 Days 0 Hours 1 Minutes 31 Seconds

============================================================================
32/116 Starting processing com.com2us.defensetechnica.normal.freefull.google.global.android.common-1.apk ......
Getting apk info from https://play.google.com/store/apps/details?id=com.com2us.defensetechnica.normal.freefull.google.global.android.common ......
Success to get info from Play Store
The lastest version of com.com2us.defensetechnica.normal.freefull.google.global.android.common-1.apk is  1.10  
Done processing com.com2us.defensetechnica.normal.freefull.google.global.android.common-1.apk
Time Spent:   0 Days 0 Hours 1 Minutes 34 Seconds

============================================================================
33/116 Starting processing com.com2us.demonicsavior.normal.freefull.google.global.android.common-1.apk ......
Getting apk info from https://play.google.com/store/apps/details?id=com.com2us.demonicsavior.normal.freefull.google.global.android.common ......
Success to get info from Play Store
The lastest version of com.com2us.demonicsavior.normal.freefull.google.global.android.common-1.apk is  1.0.4  
Done processing com.com2us.demonicsavior.normal.freefull.google.global.android.common-1.apk
Time Spent:   0 Days 0 Hours 1 Minutes 37 Seconds

============================================================================
34/116 Starting processing com.com2us.fantasticheroes.normal.freefull.google.global.android.common-1.apk ......
Getting apk info from https://play.google.com/store/apps/details?id=com.com2us.fantasticheroes.normal.freefull.google.global.android.common ......
Success to get info from Play Store
The lastest version of com.com2us.fantasticheroes.normal.freefull.google.global.android.common-1.apk is  1.1.2  
Done processing com.com2us.fantasticheroes.normal.freefull.google.global.android.common-1.apk
Time Spent:   0 Days 0 Hours 1 Minutes 40 Seconds

============================================================================
35/116 Starting processing com.com2us.golfstarworldtour.normal.freefull.google.global.android.common-1.apk ......
Getting apk info from https://play.google.com/store/apps/details?id=com.com2us.golfstarworldtour.normal.freefull.google.global.android.common ......
Success to get info from Play Store
The lastest version of com.com2us.golfstarworldtour.normal.freefull.google.global.android.common-1.apk is  1.4.2  
Done processing com.com2us.golfstarworldtour.normal.freefull.google.global.android.common-1.apk
Time Spent:   0 Days 0 Hours 1 Minutes 44 Seconds

============================================================================
36/116 Starting processing com.costco.app.android-1.apk ......
Getting apk info from https://play.google.com/store/apps/details?id=com.costco.app.android ......
Success to get info from Play Store
The lastest version of com.costco.app.android-1.apk is  1.5  
Done processing com.costco.app.android-1.apk
Time Spent:   0 Days 0 Hours 1 Minutes 46 Seconds

============================================================================
37/116 Starting processing com.creativemobile.dr4x4-1.apk ......
Getting apk info from https://play.google.com/store/apps/details?id=com.creativemobile.dr4x4 ......
Success to get info from Play Store
The lastest version of com.creativemobile.dr4x4-1.apk is  1.0.7  
Done processing com.creativemobile.dr4x4-1.apk
Time Spent:   0 Days 0 Hours 1 Minutes 49 Seconds

============================================================================
38/116 Starting processing com.degoo.android.hairremoval-1.apk ......
Getting apk info from https://play.google.com/store/apps/details?id=com.degoo.android.hairremoval ......
Success to get info from Play Store
The lastest version of com.degoo.android.hairremoval-1.apk is  1.0.0  
Done processing com.degoo.android.hairremoval-1.apk
Time Spent:   0 Days 0 Hours 1 Minutes 51 Seconds

============================================================================
39/116 Starting processing com.disney.wheresmymickeyfree_goo-1.apk ......
Getting apk info from https://play.google.com/store/apps/details?id=com.disney.wheresmymickeyfree_goo ......
Success to get info from Play Store
The lastest version of com.disney.wheresmymickeyfree_goo-1.apk is  1.0.0  
Done processing com.disney.wheresmymickeyfree_goo-1.apk
Time Spent:   0 Days 0 Hours 1 Minutes 54 Seconds

============================================================================
40/116 Starting processing com.ea.game.monopolyfree_android_inc-1.apk ......
Getting apk info from https://play.google.com/store/apps/details?id=com.ea.game.monopolyfree_android_inc ......
Success to get info from Play Store
The lastest version of com.ea.game.monopolyfree_android_inc-1.apk is  2.1.2  
Done processing com.ea.game.monopolyfree_android_inc-1.apk
Time Spent:   0 Days 0 Hours 1 Minutes 58 Seconds

============================================================================
41/116 Starting processing com.enveesoft.BarrettSniper4Android-1.apk ......
Getting apk info from https://play.google.com/store/apps/details?id=com.enveesoft.BarrettSniper4Android ......
Success to get info from Play Store
The lastest version of com.enveesoft.BarrettSniper4Android-1.apk is  1.0  
Done processing com.enveesoft.BarrettSniper4Android-1.apk
Time Spent:   0 Days 0 Hours 1 Minutes 59 Seconds

============================================================================
42/116 Starting processing com.ezjoynetwork.bubblebirdrescue-1.apk ......
Getting apk info from https://play.google.com/store/apps/details?id=com.ezjoynetwork.bubblebirdrescue ......
Success to get info from Play Store
The lastest version of com.ezjoynetwork.bubblebirdrescue-1.apk is  1.0.8  
Done processing com.ezjoynetwork.bubblebirdrescue-1.apk
Time Spent:   0 Days 0 Hours 2 Minutes 3 Seconds

============================================================================
43/116 Starting processing com.ezjoynetwork.marbleblast4-1.apk ......
Getting apk info from https://play.google.com/store/apps/details?id=com.ezjoynetwork.marbleblast4 ......
Success to get info from Play Store
The lastest version of com.ezjoynetwork.marbleblast4-1.apk is  1.0.7  
Done processing com.ezjoynetwork.marbleblast4-1.apk
Time Spent:   0 Days 0 Hours 2 Minutes 5 Seconds

============================================================================
44/116 Starting processing com.ezjoynetwork.savemybird-1.apk ......
Getting apk info from https://play.google.com/store/apps/details?id=com.ezjoynetwork.savemybird ......
Success to get info from Play Store
The lastest version of com.ezjoynetwork.savemybird-1.apk is  1.1.6  
Done processing com.ezjoynetwork.savemybird-1.apk
Time Spent:   0 Days 0 Hours 2 Minutes 9 Seconds

============================================================================
45/116 Starting processing com.fatchicken007.headsupcharades2-1.apk ......
Getting apk info from https://play.google.com/store/apps/details?id=com.fatchicken007.headsupcharades2 ......
Success to get info from Play Store
The lastest version of com.fatchicken007.headsupcharades2-1.apk is  1.1.0  
Done processing com.fatchicken007.headsupcharades2-1.apk
Time Spent:   0 Days 0 Hours 2 Minutes 12 Seconds

============================================================================
46/116 Starting processing com.firerabbit.android.game.fixmycar.lite-1.apk ......
Getting apk info from https://play.google.com/store/apps/details?id=com.firerabbit.android.game.fixmycar.lite ......
Success to get info from Play Store
The lastest version of com.firerabbit.android.game.fixmycar.lite-1.apk is  5.1  
Done processing com.firerabbit.android.game.fixmycar.lite-1.apk
Time Spent:   0 Days 0 Hours 2 Minutes 15 Seconds

============================================================================
47/116 Starting processing com.flynetstudios.fx3-1.apk ......
Getting apk info from https://play.google.com/store/apps/details?id=com.flynetstudios.fx3 ......
Success to get info from Play Store
The lastest version of com.flynetstudios.fx3-1.apk is  1.0  
Done processing com.flynetstudios.fx3-1.apk
Time Spent:   0 Days 0 Hours 2 Minutes 18 Seconds

============================================================================
48/116 Starting processing com.fungames.doctor.story.kids-1.apk ......
Getting apk info from https://play.google.com/store/apps/details?id=com.fungames.doctor.story.kids ......
Success to get info from Play Store
The lastest version of com.fungames.doctor.story.kids-1.apk is  1.2.1  
Done processing com.fungames.doctor.story.kids-1.apk
Time Spent:   0 Days 0 Hours 2 Minutes 20 Seconds

============================================================================
49/116 Starting processing com.g6677.android.nailmr-1.apk ......
Getting apk info from https://play.google.com/store/apps/details?id=com.g6677.android.nailmr ......
Success to get info from Play Store
The lastest version of com.g6677.android.nailmr-1.apk is  1.0.0  
Done processing com.g6677.android.nailmr-1.apk
Time Spent:   0 Days 0 Hours 2 Minutes 23 Seconds

============================================================================
50/116 Starting processing com.g6677.android.princesshs-1.apk ......
Getting apk info from https://play.google.com/store/apps/details?id=com.g6677.android.princesshs ......
Success to get info from Play Store
The lastest version of com.g6677.android.princesshs-1.apk is  1.0.0  
Done processing com.g6677.android.princesshs-1.apk
Time Spent:   0 Days 0 Hours 2 Minutes 25 Seconds

============================================================================
51/116 Starting processing com.game.JewelsStar-1.apk ......
Getting apk info from https://play.google.com/store/apps/details?id=com.game.JewelsStar ......
Success to get info from Play Store
The lastest version of com.game.JewelsStar-1.apk is  2.9  
Done processing com.game.JewelsStar-1.apk
Time Spent:   0 Days 0 Hours 2 Minutes 28 Seconds

============================================================================
52/116 Starting processing com.game.jewelsblaze-1.apk ......
Getting apk info from https://play.google.com/store/apps/details?id=com.game.jewelsblaze ......
Success to get info from Play Store
The lastest version of com.game.jewelsblaze-1.apk is  1.0  
Done processing com.game.jewelsblaze-1.apk
Time Spent:   0 Days 0 Hours 2 Minutes 31 Seconds

============================================================================
53/116 Starting processing com.game.steamclan-1.apk ......
Getting apk info from https://play.google.com/store/apps/details?id=com.game.steamclan ......
Success to get info from Play Store
The lastest version of com.game.steamclan-1.apk is  1.0.3  
Done processing com.game.steamclan-1.apk
Time Spent:   0 Days 0 Hours 2 Minutes 33 Seconds

============================================================================
54/116 Starting processing com.gamelion.ms2-1.apk ......
Getting apk info from https://play.google.com/store/apps/details?id=com.gamelion.ms2 ......
Success to get info from Play Store
The lastest version of com.gamelion.ms2-1.apk is  1.1.629  
Done processing com.gamelion.ms2-1.apk
Time Spent:   0 Days 0 Hours 2 Minutes 36 Seconds

============================================================================
55/116 Starting processing com.gameloft.android.ANMP.GloftZRHM-1.apk ......
Getting apk info from https://play.google.com/store/apps/details?id=com.gameloft.android.ANMP.GloftZRHM ......
Success to get info from Play Store
The lastest version of com.gameloft.android.ANMP.GloftZRHM-1.apk is  1.4.4  
Done processing com.gameloft.android.ANMP.GloftZRHM-1.apk
Time Spent:   0 Days 0 Hours 2 Minutes 39 Seconds

============================================================================
56/116 Starting processing com.geekbeach.jumpcar-1.apk ......
Getting apk info from https://play.google.com/store/apps/details?id=com.geekbeach.jumpcar ......
Success to get info from Play Store
The lastest version of com.geekbeach.jumpcar-1.apk is  1.0.4  
Done processing com.geekbeach.jumpcar-1.apk
Time Spent:   0 Days 0 Hours 2 Minutes 41 Seconds

============================================================================
57/116 Starting processing com.glu.zamf1-1.apk ......
Getting apk info from https://play.google.com/store/apps/details?id=com.glu.zamf1 ......
Success to get info from Play Store
The lastest version of com.glu.zamf1-1.apk is  1.0.2  
Done processing com.glu.zamf1-1.apk
Time Spent:   0 Days 0 Hours 2 Minutes 44 Seconds

============================================================================
58/116 Starting processing com.gotv.nflgamecenter.us.lite-1.apk ......
Getting apk info from https://play.google.com/store/apps/details?id=com.gotv.nflgamecenter.us.lite ......
Success to get info from Play Store
The lastest version of com.gotv.nflgamecenter.us.lite-1.apk is  8.0.28  
Done processing com.gotv.nflgamecenter.us.lite-1.apk
Time Spent:   0 Days 0 Hours 2 Minutes 48 Seconds

============================================================================
59/116 Starting processing com.igg.castleclash-1.apk ......
Getting apk info from https://play.google.com/store/apps/details?id=com.igg.castleclash ......
Success to get info from Play Store
The lastest version of com.igg.castleclash-1.apk is  1.1.3  
Done processing com.igg.castleclash-1.apk
Time Spent:   0 Days 0 Hours 2 Minutes 52 Seconds

============================================================================
60/116 Starting processing com.itchmedia.riddlemethat-1.apk ......
Getting apk info from https://play.google.com/store/apps/details?id=com.itchmedia.riddlemethat ......
Success to get info from Play Store
The lastest version of com.itchmedia.riddlemethat-1.apk is  1.3.1  
Done processing com.itchmedia.riddlemethat-1.apk
Time Spent:   0 Days 0 Hours 2 Minutes 55 Seconds

============================================================================
61/116 Starting processing com.kabam.blastbots-1.apk ......
Getting apk info from https://play.google.com/store/apps/details?id=com.kabam.blastbots ......
Success to get info from Play Store
The lastest version of com.kabam.blastbots-1.apk is  1.0.1  
Done processing com.kabam.blastbots-1.apk
Time Spent:   0 Days 0 Hours 2 Minutes 58 Seconds

============================================================================
62/116 Starting processing com.karmic.brandiac-1.apk ......
Getting apk info from https://play.google.com/store/apps/details?id=com.karmic.brandiac ......
Success to get info from Play Store
The lastest version of com.karmic.brandiac-1.apk is  1.0.22  
Done processing com.karmic.brandiac-1.apk
Time Spent:   0 Days 0 Hours 3 Minutes 0 Seconds

============================================================================
63/116 Starting processing com.keek-1.apk ......
Getting apk info from https://play.google.com/store/apps/details?id=com.keek ......
Success to get info from Play Store
The lastest version of com.keek-1.apk is  2.8.4  
Done processing com.keek-1.apk
Time Spent:   0 Days 0 Hours 3 Minutes 3 Seconds

============================================================================
64/116 Starting processing com.ksmapps.platformclimbing3d-1.apk ......
Getting apk info from https://play.google.com/store/apps/details?id=com.ksmapps.platformclimbing3d ......
Success to get info from Play Store
The lastest version of com.ksmapps.platformclimbing3d-1.apk is  1.31  
Done processing com.ksmapps.platformclimbing3d-1.apk
Time Spent:   0 Days 0 Hours 3 Minutes 5 Seconds

============================================================================
65/116 Starting processing com.largeanimal.colorzen-1.apk ......
Getting apk info from https://play.google.com/store/apps/details?id=com.largeanimal.colorzen ......
Success to get info from Play Store
The lastest version of com.largeanimal.colorzen-1.apk is  1.4.0  
Done processing com.largeanimal.colorzen-1.apk
Time Spent:   0 Days 0 Hours 3 Minutes 8 Seconds

============================================================================
66/116 Starting processing com.lego.starwars.theyodachronicles-1.apk ......
Getting apk info from https://play.google.com/store/apps/details?id=com.lego.starwars.theyodachronicles ......
Success to get info from Play Store
The lastest version of com.lego.starwars.theyodachronicles-1.apk is  1.1  
Done processing com.lego.starwars.theyodachronicles-1.apk
Time Spent:   0 Days 0 Hours 3 Minutes 11 Seconds

============================================================================
67/116 Starting processing com.libiitech.littlegirlsalon-1.apk ......
Getting apk info from https://play.google.com/store/apps/details?id=com.libiitech.littlegirlsalon ......
Success to get info from Play Store
The lastest version of com.libiitech.littlegirlsalon-1.apk is  1.0  
Done processing com.libiitech.littlegirlsalon-1.apk
Time Spent:   0 Days 0 Hours 3 Minutes 14 Seconds

============================================================================
68/116 Starting processing com.libiitech.stargirlssalon-1.apk ......
Getting apk info from https://play.google.com/store/apps/details?id=com.libiitech.stargirlssalon ......
Success to get info from Play Store
The lastest version of com.libiitech.stargirlssalon-1.apk is  1.0  
Done processing com.libiitech.stargirlssalon-1.apk
Time Spent:   0 Days 0 Hours 3 Minutes 17 Seconds

============================================================================
69/116 Starting processing com.ludia.tpirslots-1.apk ......
Getting apk info from https://play.google.com/store/apps/details?id=com.ludia.tpirslots ......
Success to get info from Play Store
The lastest version of com.ludia.tpirslots-1.apk is  1.8.6  
Done processing com.ludia.tpirslots-1.apk
Time Spent:   0 Days 0 Hours 3 Minutes 20 Seconds

============================================================================
70/116 Starting processing com.mediocre.sprinkle2free-1.apk ......
Getting apk info from https://play.google.com/store/apps/details?id=com.mediocre.sprinkle2free ......
Success to get info from Play Store
The lastest version of com.mediocre.sprinkle2free-1.apk is  1.0.0  
Done processing com.mediocre.sprinkle2free-1.apk
Time Spent:   0 Days 0 Hours 3 Minutes 23 Seconds

============================================================================
71/116 Starting processing com.metago.astro-1.apk ......
Getting apk info from https://play.google.com/store/apps/details?id=com.metago.astro ......
Success to get info from Play Store
The lastest version of com.metago.astro-1.apk is    Varies with device  
Done processing com.metago.astro-1.apk
Time Spent:   0 Days 0 Hours 3 Minutes 26 Seconds

============================================================================
72/116 Starting processing com.moarbile.slotoworld-1.apk ......
Getting apk info from https://play.google.com/store/apps/details?id=com.moarbile.slotoworld ......
Success to get info from Play Store
The lastest version of com.moarbile.slotoworld-1.apk is  2.1.1  
Done processing com.moarbile.slotoworld-1.apk
Time Spent:   0 Days 0 Hours 3 Minutes 28 Seconds

============================================================================
73/116 Starting processing com.mobage.ww.a1431.Puzzles_Android-1.apk ......
Getting apk info from https://play.google.com/store/apps/details?id=com.mobage.ww.a1431.Puzzles_Android ......
Success to get info from Play Store
The lastest version of com.mobage.ww.a1431.Puzzles_Android-1.apk is  1.11.2.1.4  
Done processing com.mobage.ww.a1431.Puzzles_Android-1.apk
Time Spent:   0 Days 0 Hours 3 Minutes 32 Seconds

============================================================================
74/116 Starting processing com.moto.racing.extreme-1.apk ......
Getting apk info from https://play.google.com/store/apps/details?id=com.moto.racing.extreme ......
Success to get info from Play Store
The lastest version of com.moto.racing.extreme-1.apk is  1.0  
Done processing com.moto.racing.extreme-1.apk
Time Spent:   0 Days 0 Hours 3 Minutes 34 Seconds

============================================================================
75/116 Starting processing com.namcobandaigames.pacmandash.v01-1.apk ......
Getting apk info from https://play.google.com/store/apps/details?id=com.namcobandaigames.pacmandash.v01 ......
Success to get info from Play Store
The lastest version of com.namcobandaigames.pacmandash.v01-1.apk is  1.0.2  
Done processing com.namcobandaigames.pacmandash.v01-1.apk
Time Spent:   0 Days 0 Hours 3 Minutes 36 Seconds

============================================================================
76/116 Starting processing com.ninjakiwi.bloonstdbattles-1.apk ......
Getting apk info from https://play.google.com/store/apps/details?id=com.ninjakiwi.bloonstdbattles ......
Success to get info from Play Store
The lastest version of com.ninjakiwi.bloonstdbattles-1.apk is  1.1  
Done processing com.ninjakiwi.bloonstdbattles-1.apk
Time Spent:   0 Days 0 Hours 3 Minutes 38 Seconds

============================================================================
77/116 Starting processing com.nuttyapps.design.dressup.boutique-1.apk ......
Getting apk info from https://play.google.com/store/apps/details?id=com.nuttyapps.design.dressup.boutique ......
Success to get info from Play Store
The lastest version of com.nuttyapps.design.dressup.boutique-1.apk is  1.0.4  
Done processing com.nuttyapps.design.dressup.boutique-1.apk
Time Spent:   0 Days 0 Hours 3 Minutes 42 Seconds

============================================================================
78/116 Starting processing com.ook.heartsurgery-1.apk ......
Getting apk info from https://play.google.com/store/apps/details?id=com.ook.heartsurgery ......
Success to get info from Play Store
The lastest version of com.ook.heartsurgery-1.apk is  1.1  
Done processing com.ook.heartsurgery-1.apk
Time Spent:   0 Days 0 Hours 3 Minutes 45 Seconds

============================================================================
79/116 Starting processing com.ovilex.bussimulator3d-1.apk ......
Getting apk info from https://play.google.com/store/apps/details?id=com.ovilex.bussimulator3d ......
Success to get info from Play Store
The lastest version of com.ovilex.bussimulator3d-1.apk is  1.2.0  
Done processing com.ovilex.bussimulator3d-1.apk
Time Spent:   0 Days 0 Hours 3 Minutes 47 Seconds

============================================================================
80/116 Starting processing com.pacificinteractive.HouseOfFun-1.apk ......
Getting apk info from https://play.google.com/store/apps/details?id=com.pacificinteractive.HouseOfFun ......
Success to get info from Play Store
The lastest version of com.pacificinteractive.HouseOfFun-1.apk is  1.4  
Done processing com.pacificinteractive.HouseOfFun-1.apk
Time Spent:   0 Days 0 Hours 3 Minutes 50 Seconds

============================================================================
81/116 Starting processing com.pandoomobile.GemsJourney-1.apk ......
Getting apk info from https://play.google.com/store/apps/details?id=com.pandoomobile.GemsJourney ......
Success to get info from Play Store
The lastest version of com.pandoomobile.GemsJourney-1.apk is  1.1  
Done processing com.pandoomobile.GemsJourney-1.apk
Time Spent:   0 Days 0 Hours 3 Minutes 52 Seconds

============================================================================
82/116 Starting processing com.phoneplayer.gundisassembly-1.apk ......
Getting apk info from https://play.google.com/store/apps/details?id=com.phoneplayer.gundisassembly ......
Success to get info from Play Store
The lastest version of com.phoneplayer.gundisassembly-1.apk is  1.0  
Done processing com.phoneplayer.gundisassembly-1.apk
Time Spent:   0 Days 0 Hours 3 Minutes 55 Seconds

============================================================================
83/116 Starting processing com.playfirst.playground.dinerdashspongebob-1.apk ......
Getting apk info from https://play.google.com/store/apps/details?id=com.playfirst.playground.dinerdashspongebob ......
Success to get info from Play Store
The lastest version of com.playfirst.playground.dinerdashspongebob-1.apk is  3.24.45  
Done processing com.playfirst.playground.dinerdashspongebob-1.apk
Time Spent:   0 Days 0 Hours 3 Minutes 58 Seconds

============================================================================
84/116 Starting processing com.playfirst.playground.weddingdash-1.apk ......
Getting apk info from https://play.google.com/store/apps/details?id=com.playfirst.playground.weddingdash ......
Success to get info from Play Store
The lastest version of com.playfirst.playground.weddingdash-1.apk is  2.25.5  
Done processing com.playfirst.playground.weddingdash-1.apk
Time Spent:   0 Days 0 Hours 4 Minutes 0 Seconds

============================================================================
85/116 Starting processing com.pocketscientists.rescueme0-1.apk ......
Getting apk info from https://play.google.com/store/apps/details?id=com.pocketscientists.rescueme0 ......
Success to get info from Play Store
The lastest version of com.pocketscientists.rescueme0-1.apk is  1.08  
Done processing com.pocketscientists.rescueme0-1.apk
Time Spent:   0 Days 0 Hours 4 Minutes 4 Seconds

============================================================================
86/116 Starting processing com.rebelnow.fingerboardHD.free-1.apk ......
Getting apk info from https://play.google.com/store/apps/details?id=com.rebelnow.fingerboardHD.free ......
Success to get info from Play Store
The lastest version of com.rebelnow.fingerboardHD.free-1.apk is  2.6  
Done processing com.rebelnow.fingerboardHD.free-1.apk
Time Spent:   0 Days 0 Hours 4 Minutes 7 Seconds

============================================================================
87/116 Starting processing com.rockgamedevelopment.virtualsurgery-1.apk ......
Getting apk info from https://play.google.com/store/apps/details?id=com.rockgamedevelopment.virtualsurgery ......
Success to get info from Play Store
The lastest version of com.rockgamedevelopment.virtualsurgery-1.apk is  1.1  
Done processing com.rockgamedevelopment.virtualsurgery-1.apk
Time Spent:   0 Days 0 Hours 4 Minutes 9 Seconds

============================================================================
88/116 Starting processing com.rubyseven.timequest-1.apk ......
Getting apk info from https://play.google.com/store/apps/details?id=com.rubyseven.timequest ......
Success to get info from Play Store
The lastest version of com.rubyseven.timequest-1.apk is  1.0.3  
Done processing com.rubyseven.timequest-1.apk
Time Spent:   0 Days 0 Hours 4 Minutes 12 Seconds

============================================================================
89/116 Starting processing com.sec.everglades-1.apk ......
Getting apk info from https://play.google.com/store/apps/details?id=com.sec.everglades ......
Success to get info from Play Store
The lastest version of com.sec.everglades-1.apk is  13070801.1.00.01  
Done processing com.sec.everglades-1.apk
Time Spent:   0 Days 0 Hours 4 Minutes 15 Seconds

============================================================================
90/116 Starting processing com.sega.kingdomconquestii-1.apk ......
Getting apk info from https://play.google.com/store/apps/details?id=com.sega.kingdomconquestii ......
Success to get info from Play Store
The lastest version of com.sega.kingdomconquestii-1.apk is  1.2.3.0  
Done processing com.sega.kingdomconquestii-1.apk
Time Spent:   0 Days 0 Hours 4 Minutes 18 Seconds

============================================================================
91/116 Starting processing com.sparklingsociety.cityisland-1.apk ......
Getting apk info from https://play.google.com/store/apps/details?id=com.sparklingsociety.cityisland ......
Success to get info from Play Store
The lastest version of com.sparklingsociety.cityisland-1.apk is  2.9.4  
Done processing com.sparklingsociety.cityisland-1.apk
Time Spent:   0 Days 0 Hours 4 Minutes 21 Seconds

============================================================================
92/116 Starting processing com.studio3wg.puredrift-1.apk ......
Getting apk info from https://play.google.com/store/apps/details?id=com.studio3wg.puredrift ......
Success to get info from Play Store
The lastest version of com.studio3wg.puredrift-1.apk is  2.7  
Done processing com.studio3wg.puredrift-1.apk
Time Spent:   0 Days 0 Hours 4 Minutes 24 Seconds

============================================================================
93/116 Starting processing com.tabtale.babydressupandcard-1.apk ......
Getting apk info from https://play.google.com/store/apps/details?id=com.tabtale.babydressupandcard ......
Success to get info from Play Store
The lastest version of com.tabtale.babydressupandcard-1.apk is  1.0.0  
Done processing com.tabtale.babydressupandcard-1.apk
Time Spent:   0 Days 0 Hours 4 Minutes 27 Seconds

============================================================================
94/116 Starting processing com.tabtale.bestfriends-1.apk ......
Getting apk info from https://play.google.com/store/apps/details?id=com.tabtale.bestfriends ......
Success to get info from Play Store
The lastest version of com.tabtale.bestfriends-1.apk is  1.0.0  
Done processing com.tabtale.bestfriends-1.apk
Time Spent:   0 Days 0 Hours 4 Minutes 30 Seconds

============================================================================
95/116 Starting processing com.tabtale.doctoroffice-1.apk ......
Getting apk info from https://play.google.com/store/apps/details?id=com.tabtale.doctoroffice ......
Success to get info from Play Store
The lastest version of com.tabtale.doctoroffice-1.apk is  1.0.0  
Done processing com.tabtale.doctoroffice-1.apk
Time Spent:   0 Days 0 Hours 4 Minutes 34 Seconds

============================================================================
96/116 Starting processing com.tabtale.littleprincessdressupandcard-1.apk ......
Getting apk info from https://play.google.com/store/apps/details?id=com.tabtale.littleprincessdressupandcard ......
Success to get info from Play Store
The lastest version of com.tabtale.littleprincessdressupandcard-1.apk is  1.0.0  
Done processing com.tabtale.littleprincessdressupandcard-1.apk
Time Spent:   0 Days 0 Hours 4 Minutes 37 Seconds

============================================================================
97/116 Starting processing com.teamlava.bakerystory28-1.apk ......
Getting apk info from https://play.google.com/store/apps/details?id=com.teamlava.bakerystory28 ......
Success to get info from Play Store
The lastest version of com.teamlava.bakerystory28-1.apk is  1.5.5.7.6  
Done processing com.teamlava.bakerystory28-1.apk
Time Spent:   0 Days 0 Hours 4 Minutes 41 Seconds

============================================================================
98/116 Starting processing com.teamlava.bubble-1.apk ......
Getting apk info from https://play.google.com/store/apps/details?id=com.teamlava.bubble ......
Success to get info from Play Store
The lastest version of com.teamlava.bubble-1.apk is  1.1.4.3  
Done processing com.teamlava.bubble-1.apk
Time Spent:   0 Days 0 Hours 4 Minutes 44 Seconds

============================================================================
99/116 Starting processing com.teamlava.dragon28-1.apk ......
Getting apk info from https://play.google.com/store/apps/details?id=com.teamlava.dragon28 ......
Success to get info from Play Store
The lastest version of com.teamlava.dragon28-1.apk is    Varies with device  
Done processing com.teamlava.dragon28-1.apk
Time Spent:   0 Days 0 Hours 4 Minutes 48 Seconds

============================================================================
100/116 Starting processing com.teamlava.petshop28-1.apk ......
Getting apk info from https://play.google.com/store/apps/details?id=com.teamlava.petshop28 ......
Success to get info from Play Store
The lastest version of com.teamlava.petshop28-1.apk is  1.0.6.2  
Done processing com.teamlava.petshop28-1.apk
Time Spent:   0 Days 0 Hours 4 Minutes 52 Seconds

============================================================================
101/116 Starting processing com.telenav.app.android.scout_us-1.apk ......
Getting apk info from https://play.google.com/store/apps/details?id=com.telenav.app.android.scout_us ......
Success to get info from Play Store
The lastest version of com.telenav.app.android.scout_us-1.apk is    Varies with device  
Done processing com.telenav.app.android.scout_us-1.apk
Time Spent:   0 Days 0 Hours 4 Minutes 55 Seconds

============================================================================
102/116 Starting processing com.threephaseinteractive.stuntstar-1.apk ......
Getting apk info from https://play.google.com/store/apps/details?id=com.threephaseinteractive.stuntstar ......
Success to get info from Play Store
The lastest version of com.threephaseinteractive.stuntstar-1.apk is  1.0.9  
Done processing com.threephaseinteractive.stuntstar-1.apk
Time Spent:   0 Days 0 Hours 4 Minutes 58 Seconds

============================================================================
103/116 Starting processing com.trendygames.DutyDriverTaxiLITE-1.apk ......
Getting apk info from https://play.google.com/store/apps/details?id=com.trendygames.DutyDriverTaxiLITE ......
Success to get info from Play Store
The lastest version of com.trendygames.DutyDriverTaxiLITE-1.apk is    Varies with device  
Done processing com.trendygames.DutyDriverTaxiLITE-1.apk
Time Spent:   0 Days 0 Hours 5 Minutes 0 Seconds

============================================================================
104/116 Starting processing com.upgame.glowhockey-1.apk ......
Getting apk info from https://play.google.com/store/apps/details?id=com.upgame.glowhockey ......
Success to get info from Play Store
The lastest version of com.upgame.glowhockey-1.apk is  1.1.3  
Done processing com.upgame.glowhockey-1.apk
Time Spent:   0 Days 0 Hours 5 Minutes 3 Seconds

============================================================================
105/116 Starting processing com.vg.policehotpursuit-1.apk ......
Getting apk info from https://play.google.com/store/apps/details?id=com.vg.policehotpursuit ......
Success to get info from Play Store
The lastest version of com.vg.policehotpursuit-1.apk is  1.1  
Done processing com.vg.policehotpursuit-1.apk
Time Spent:   0 Days 0 Hours 5 Minutes 7 Seconds

============================================================================
106/116 Starting processing com.wysegames.stayalighthd-1.apk ......
Getting apk info from https://play.google.com/store/apps/details?id=com.wysegames.stayalighthd ......
Success to get info from Play Store
The lastest version of com.wysegames.stayalighthd-1.apk is    Varies with device  
Done processing com.wysegames.stayalighthd-1.apk
Time Spent:   0 Days 0 Hours 5 Minutes 10 Seconds

============================================================================
107/116 Starting processing com.zerosphere.freejetsim-1.apk ......
Getting apk info from https://play.google.com/store/apps/details?id=com.zerosphere.freejetsim ......
Success to get info from Play Store
The lastest version of com.zerosphere.freejetsim-1.apk is  1.0  
Done processing com.zerosphere.freejetsim-1.apk
Time Spent:   0 Days 0 Hours 5 Minutes 13 Seconds

============================================================================
108/116 Starting processing com.zz.motox-1.apk ......
Getting apk info from https://play.google.com/store/apps/details?id=com.zz.motox ......
Success to get info from Play Store
The lastest version of com.zz.motox-1.apk is  1.4  
Done processing com.zz.motox-1.apk
Time Spent:   0 Days 0 Hours 5 Minutes 15 Seconds

============================================================================
109/116 Starting processing hu.twofish.slice-1.apk ......
Getting apk info from https://play.google.com/store/apps/details?id=hu.twofish.slice ......
Success to get info from Play Store
The lastest version of hu.twofish.slice-1.apk is  1.5  
Done processing hu.twofish.slice-1.apk
Time Spent:   0 Days 0 Hours 5 Minutes 18 Seconds

============================================================================
110/116 Starting processing net.fishlabs.gof2hdallandroid2012-1.apk ......
Getting apk info from https://play.google.com/store/apps/details?id=net.fishlabs.gof2hdallandroid2012 ......
Success to get info from Play Store
The lastest version of net.fishlabs.gof2hdallandroid2012-1.apk is  2.0  
Done processing net.fishlabs.gof2hdallandroid2012-1.apk
Time Spent:   0 Days 0 Hours 5 Minutes 20 Seconds

============================================================================
111/116 Starting processing net.peakgames.lostbubble-1.apk ......
Getting apk info from https://play.google.com/store/apps/details?id=net.peakgames.lostbubble ......
Success to get info from Play Store
The lastest version of net.peakgames.lostbubble-1.apk is  1.3  
Done processing net.peakgames.lostbubble-1.apk
Time Spent:   0 Days 0 Hours 5 Minutes 23 Seconds

============================================================================
112/116 Starting processing org.games.makeupsuperstar-1.apk ......
Getting apk info from https://play.google.com/store/apps/details?id=org.games.makeupsuperstar ......
Success to get info from Play Store
The lastest version of org.games.makeupsuperstar-1.apk is  1.1  
Done processing org.games.makeupsuperstar-1.apk
Time Spent:   0 Days 0 Hours 5 Minutes 25 Seconds

============================================================================
113/116 Starting processing org.ppsspp.ppsspp-1.apk ......
Getting apk info from https://play.google.com/store/apps/details?id=org.ppsspp.ppsspp ......
Success to get info from Play Store
The lastest version of org.ppsspp.ppsspp-1.apk is  0.8.1  
Done processing org.ppsspp.ppsspp-1.apk
Time Spent:   0 Days 0 Hours 5 Minutes 28 Seconds

============================================================================
114/116 Starting processing ru.crazybit.lost.ok-1.apk ......
Getting apk info from https://play.google.com/store/apps/details?id=ru.crazybit.lost.ok ......
Success to get info from Play Store
The lastest version of ru.crazybit.lost.ok-1.apk is    Varies with device  
Done processing ru.crazybit.lost.ok-1.apk
Time Spent:   0 Days 0 Hours 5 Minutes 31 Seconds

============================================================================
115/116 Starting processing ru.drimmi.fishing2-1.apk ......
Getting apk info from https://play.google.com/store/apps/details?id=ru.drimmi.fishing2 ......
Success to get info from Play Store
The lastest version of ru.drimmi.fishing2-1.apk is  1.4.9  
Done processing ru.drimmi.fishing2-1.apk
Time Spent:   0 Days 0 Hours 5 Minutes 34 Seconds

============================================================================
116/116 Starting processing tv.twitch.android.viewer-1.apk ......
Getting apk info from https://play.google.com/store/apps/details?id=tv.twitch.android.viewer ......
Success to get info from Play Store
The lastest version of tv.twitch.android.viewer-1.apk is  1.2.1  
Done processing tv.twitch.android.viewer-1.apk
Time Spent:   0 Days 0 Hours 5 Minutes 37 Seconds

============================================================================


**************************************************************
All Done
Total Time:   0 Days 0 Hours 5 Minutes 37 Seconds
Result Location:               /srv/www/htdocs/CV2/app/admin/scan_apk_version//results/AppInfo_2013-08-09-14-24-44.csv
**************************************************************
