Start processing app in list /share/Git-Apk/Updated_list from /share/Git-Apk/All_Apk  ......

============================================================================
1/51 Starting processing cn.catcap.tca-1.apk ......
Getting apk info from https://play.google.com/store/apps/details?id=cn.catcap.tca ......
Success to get info from Play Store
The lastest version of cn.catcap.tca-1.apk is 1.7.0
Done processing cn.catcap.tca-1.apk
Time Spent:   0 Days 0 Hours 0 Minutes 3 Seconds

============================================================================
2/51 Starting processing cn.gm.jumping-1.apk ......
Getting apk info from https://play.google.com/store/apps/details?id=cn.gm.jumping ......
[ERROR] : Cannot find info of cn.gm.jumping-1.apk on https://play.google.com/store/apps/details?id=cn.gm.jumping !!!
Done processing cn.gm.jumping-1.apk
Time Spent:   0 Days 0 Hours 0 Minutes 4 Seconds

============================================================================
3/51 Starting processing cn.koogame.Fighter-1.apk ......
Getting apk info from https://play.google.com/store/apps/details?id=cn.koogame.Fighter ......
[ERROR] : Cannot find info of cn.koogame.Fighter-1.apk on https://play.google.com/store/apps/details?id=cn.koogame.Fighter !!!
Done processing cn.koogame.Fighter-1.apk
Time Spent:   0 Days 0 Hours 0 Minutes 5 Seconds

============================================================================
4/51 Starting processing com.androidemu.gba-1.apk ......
Getting apk info from https://play.google.com/store/apps/details?id=com.androidemu.gba ......
[ERROR] : Cannot find info of com.androidemu.gba-1.apk on https://play.google.com/store/apps/details?id=com.androidemu.gba !!!
Done processing com.androidemu.gba-1.apk
Time Spent:   0 Days 0 Hours 0 Minutes 6 Seconds

============================================================================
5/51 Starting processing com.avko.deathtrack_full-1.apk ......
Getting apk info from https://play.google.com/store/apps/details?id=com.avko.deathtrack_full ......
Success to get info from Play Store
The lastest version of com.avko.deathtrack_full-1.apk is 1.0.1
Done processing com.avko.deathtrack_full-1.apk
Time Spent:   0 Days 0 Hours 0 Minutes 8 Seconds

============================================================================
6/51 Starting processing com.aze.spacerun-1.apk ......
Getting apk info from https://play.google.com/store/apps/details?id=com.aze.spacerun ......
Success to get info from Play Store
The lastest version of com.aze.spacerun-1.apk is Alpha
Done processing com.aze.spacerun-1.apk
Time Spent:   0 Days 0 Hours 0 Minutes 11 Seconds

============================================================================
7/51 Starting processing com.backflipstudios.android.kkcckjcbsdjbfv-1.apk ......
Getting apk info from https://play.google.com/store/apps/details?id=com.backflipstudios.android.kkcckjcbsdjbfv ......
[ERROR] : Cannot find info of com.backflipstudios.android.kkcckjcbsdjbfv-1.apk on https://play.google.com/store/apps/details?id=com.backflipstudios.android.kkcckjcbsdjbfv !!!
Done processing com.backflipstudios.android.kkcckjcbsdjbfv-1.apk
Time Spent:   0 Days 0 Hours 0 Minutes 12 Seconds

============================================================================
8/51 Starting processing com.badjuju.flipriders-1.apk ......
Getting apk info from https://play.google.com/store/apps/details?id=com.badjuju.flipriders ......
Success to get info from Play Store
The lastest version of com.badjuju.flipriders-1.apk is 1.5.0
Done processing com.badjuju.flipriders-1.apk
Time Spent:   0 Days 0 Hours 0 Minutes 14 Seconds

============================================================================
9/51 Starting processing com.bf.sgs.hdexp-1.apk ......
Getting apk info from https://play.google.com/store/apps/details?id=com.bf.sgs.hdexp ......
Success to get info from Play Store
The lastest version of com.bf.sgs.hdexp-1.apk is 2.2.3
Done processing com.bf.sgs.hdexp-1.apk
Time Spent:   0 Days 0 Hours 0 Minutes 17 Seconds

============================================================================
10/51 Starting processing com.bigbluebubble.kkoosjdikfsd-1.apk ......
Getting apk info from https://play.google.com/store/apps/details?id=com.bigbluebubble.kkoosjdikfsd ......
[ERROR] : Cannot find info of com.bigbluebubble.kkoosjdikfsd-1.apk on https://play.google.com/store/apps/details?id=com.bigbluebubble.kkoosjdikfsd !!!
Done processing com.bigbluebubble.kkoosjdikfsd-1.apk
Time Spent:   0 Days 0 Hours 0 Minutes 18 Seconds

============================================================================
11/51 Starting processing com.bootant.astrobanghd-1.apk ......
Getting apk info from https://play.google.com/store/apps/details?id=com.bootant.astrobanghd ......
Success to get info from Play Store
The lastest version of com.bootant.astrobanghd-1.apk is 1.01
Done processing com.bootant.astrobanghd-1.apk
Time Spent:   0 Days 0 Hours 0 Minutes 20 Seconds

============================================================================
12/51 Starting processing com.bringmore.DeathWorm-1.apk ......
Getting apk info from https://play.google.com/store/apps/details?id=com.bringmore.DeathWorm ......
[ERROR] : Cannot find info of com.bringmore.DeathWorm-1.apk on https://play.google.com/store/apps/details?id=com.bringmore.DeathWorm !!!
Done processing com.bringmore.DeathWorm-1.apk
Time Spent:   0 Days 0 Hours 0 Minutes 21 Seconds

============================================================================
13/51 Starting processing com.bringmore.grannysmith-1.apk ......
Getting apk info from https://play.google.com/store/apps/details?id=com.bringmore.grannysmith ......
[ERROR] : Cannot find info of com.bringmore.grannysmith-1.apk on https://play.google.com/store/apps/details?id=com.bringmore.grannysmith !!!
Done processing com.bringmore.grannysmith-1.apk
Time Spent:   0 Days 0 Hours 0 Minutes 22 Seconds

============================================================================
14/51 Starting processing com.bringmore.turboflyJumpyBaller-1.apk ......
Getting apk info from https://play.google.com/store/apps/details?id=com.bringmore.turboflyJumpyBaller ......
[ERROR] : Cannot find info of com.bringmore.turboflyJumpyBaller-1.apk on https://play.google.com/store/apps/details?id=com.bringmore.turboflyJumpyBaller !!!
Done processing com.bringmore.turboflyJumpyBaller-1.apk
Time Spent:   0 Days 0 Hours 0 Minutes 23 Seconds

============================================================================
15/51 Starting processing com.camigomedia.mewantbamboo-1.apk ......
Getting apk info from https://play.google.com/store/apps/details?id=com.camigomedia.mewantbamboo ......
Success to get info from Play Store
The lastest version of com.camigomedia.mewantbamboo-1.apk is 1.0.1
Done processing com.camigomedia.mewantbamboo-1.apk
Time Spent:   0 Days 0 Hours 0 Minutes 25 Seconds

============================================================================
16/51 Starting processing com.ccs.quefly.hero-1.apk ......
Getting apk info from https://play.google.com/store/apps/details?id=com.ccs.quefly.hero ......
[ERROR] : Cannot find info of com.ccs.quefly.hero-1.apk on https://play.google.com/store/apps/details?id=com.ccs.quefly.hero !!!
Done processing com.ccs.quefly.hero-1.apk
Time Spent:   0 Days 0 Hours 0 Minutes 26 Seconds

============================================================================
17/51 Starting processing com.checkin.megoo.yuanzhuo1-1.apk ......
Getting apk info from https://play.google.com/store/apps/details?id=com.checkin.megoo.yuanzhuo1 ......
[ERROR] : Cannot find info of com.checkin.megoo.yuanzhuo1-1.apk on https://play.google.com/store/apps/details?id=com.checkin.megoo.yuanzhuo1 !!!
Done processing com.checkin.megoo.yuanzhuo1-1.apk
Time Spent:   0 Days 0 Hours 0 Minutes 27 Seconds

============================================================================
18/51 Starting processing com.chi.sliengnsle-1.apk ......
Getting apk info from https://play.google.com/store/apps/details?id=com.chi.sliengnsle ......
[ERROR] : Cannot find info of com.chi.sliengnsle-1.apk on https://play.google.com/store/apps/details?id=com.chi.sliengnsle !!!
Done processing com.chi.sliengnsle-1.apk
Time Spent:   0 Days 0 Hours 0 Minutes 28 Seconds

============================================================================
19/51 Starting processing com.chillingo.harrythefairy.android.mhtxamhyxamhy-1.apk ......
Getting apk info from https://play.google.com/store/apps/details?id=com.chillingo.harrythefairy.android.mhtxamhyxamhy ......
[ERROR] : Cannot find info of com.chillingo.harrythefairy.android.mhtxamhyxamhy-1.apk on https://play.google.com/store/apps/details?id=com.chillingo.harrythefairy.android.mhtxamhyxamhy !!!
Done processing com.chillingo.harrythefairy.android.mhtxamhyxamhy-1.apk
Time Spent:   0 Days 0 Hours 0 Minutes 29 Seconds

============================================================================
20/51 Starting processing com.classic.game.goldminer-1.apk ......
Getting apk info from https://play.google.com/store/apps/details?id=com.classic.game.goldminer ......
[ERROR] : Cannot find info of com.classic.game.goldminer-1.apk on https://play.google.com/store/apps/details?id=com.classic.game.goldminer !!!
Done processing com.classic.game.goldminer-1.apk
Time Spent:   0 Days 0 Hours 0 Minutes 30 Seconds

============================================================================
21/51 Starting processing com.clius.realparking5d-1.apk ......
Getting apk info from https://play.google.com/store/apps/details?id=com.clius.realparking5d ......
[ERROR] : Cannot find info of com.clius.realparking5d-1.apk on https://play.google.com/store/apps/details?id=com.clius.realparking5d !!!
Done processing com.clius.realparking5d-1.apk
Time Spent:   0 Days 0 Hours 0 Minutes 31 Seconds

============================================================================
22/51 Starting processing com.cocosplay.kkkfdgdfgd-1.apk ......
Getting apk info from https://play.google.com/store/apps/details?id=com.cocosplay.kkkfdgdfgd ......
[ERROR] : Cannot find info of com.cocosplay.kkkfdgdfgd-1.apk on https://play.google.com/store/apps/details?id=com.cocosplay.kkkfdgdfgd !!!
Done processing com.cocosplay.kkkfdgdfgd-1.apk
Time Spent:   0 Days 0 Hours 0 Minutes 32 Seconds

============================================================================
23/51 Starting processing com.com2us.game8899-1.apk ......
Getting apk info from https://play.google.com/store/apps/details?id=com.com2us.game8899 ......
[ERROR] : Cannot find info of com.com2us.game8899-1.apk on https://play.google.com/store/apps/details?id=com.com2us.game8899 !!!
Done processing com.com2us.game8899-1.apk
Time Spent:   0 Days 0 Hours 0 Minutes 33 Seconds

============================================================================
24/51 Starting processing com.coms.HG-1.apk ......
Getting apk info from https://play.google.com/store/apps/details?id=com.coms.HG ......
[ERROR] : Cannot find info of com.coms.HG-1.apk on https://play.google.com/store/apps/details?id=com.coms.HG !!!
Done processing com.coms.HG-1.apk
Time Spent:   0 Days 0 Hours 0 Minutes 34 Seconds

============================================================================
25/51 Starting processing com.crazymob.miao-1.apk ......
Getting apk info from https://play.google.com/store/apps/details?id=com.crazymob.miao ......
[ERROR] : Cannot find info of com.crazymob.miao-1.apk on https://play.google.com/store/apps/details?id=com.crazymob.miao !!!
Done processing com.crazymob.miao-1.apk
Time Spent:   0 Days 0 Hours 0 Minutes 35 Seconds

============================================================================
26/51 Starting processing com.crystal.pvza-1.apk ......
Getting apk info from https://play.google.com/store/apps/details?id=com.crystal.pvza ......
[ERROR] : Cannot find info of com.crystal.pvza-1.apk on https://play.google.com/store/apps/details?id=com.crystal.pvza !!!
Done processing com.crystal.pvza-1.apk
Time Spent:   0 Days 0 Hours 0 Minutes 36 Seconds

============================================================================
27/51 Starting processing com.gale.sanguokill.hd-1.apk ......
Getting apk info from https://play.google.com/store/apps/details?id=com.gale.sanguokill.hd ......
[ERROR] : Cannot find info of com.gale.sanguokill.hd-1.apk on https://play.google.com/store/apps/details?id=com.gale.sanguokill.hd !!!
Done processing com.gale.sanguokill.hd-1.apk
Time Spent:   0 Days 0 Hours 0 Minutes 37 Seconds

============================================================================
28/51 Starting processing com.gameloft.android.TBFV.GloftD2HP.ML-1.apk ......
Getting apk info from https://play.google.com/store/apps/details?id=com.gameloft.android.TBFV.GloftD2HP.ML ......
[ERROR] : Cannot find info of com.gameloft.android.TBFV.GloftD2HP.ML-1.apk on https://play.google.com/store/apps/details?id=com.gameloft.android.TBFV.GloftD2HP.ML !!!
Done processing com.gameloft.android.TBFV.GloftD2HP.ML-1.apk
Time Spent:   0 Days 0 Hours 0 Minutes 38 Seconds

============================================================================
29/51 Starting processing com.gameloft.android.TBFV.GloftELHP.ML-1.apk ......
Getting apk info from https://play.google.com/store/apps/details?id=com.gameloft.android.TBFV.GloftELHP.ML ......
[ERROR] : Cannot find info of com.gameloft.android.TBFV.GloftELHP.ML-1.apk on https://play.google.com/store/apps/details?id=com.gameloft.android.TBFV.GloftELHP.ML !!!
Done processing com.gameloft.android.TBFV.GloftELHP.ML-1.apk
Time Spent:   0 Days 0 Hours 0 Minutes 39 Seconds

============================================================================
30/51 Starting processing com.ggnes.supermario4in1-1.apk ......
Getting apk info from https://play.google.com/store/apps/details?id=com.ggnes.supermario4in1 ......
[ERROR] : Cannot find info of com.ggnes.supermario4in1-1.apk on https://play.google.com/store/apps/details?id=com.ggnes.supermario4in1 !!!
Done processing com.ggnes.supermario4in1-1.apk
Time Spent:   0 Days 0 Hours 0 Minutes 40 Seconds

============================================================================
31/51 Starting processing com.iava.kofnsgfan-1.apk ......
Getting apk info from https://play.google.com/store/apps/details?id=com.iava.kofnsgfan ......
[ERROR] : Cannot find info of com.iava.kofnsgfan-1.apk on https://play.google.com/store/apps/details?id=com.iava.kofnsgfan !!!
Done processing com.iava.kofnsgfan-1.apk
Time Spent:   0 Days 0 Hours 0 Minutes 41 Seconds

============================================================================
32/51 Starting processing com.mandi.lol-1.apk ......
Getting apk info from https://play.google.com/store/apps/details?id=com.mandi.lol ......
[ERROR] : Cannot find info of com.mandi.lol-1.apk on https://play.google.com/store/apps/details?id=com.mandi.lol !!!
Done processing com.mandi.lol-1.apk
Time Spent:   0 Days 0 Hours 0 Minutes 42 Seconds

============================================================================
33/51 Starting processing com.nubee.japanlife-1.apk ......
Getting apk info from https://play.google.com/store/apps/details?id=com.nubee.japanlife ......
Success to get info from Play Store
The lastest version of com.nubee.japanlife-1.apk is 1.5.7
Done processing com.nubee.japanlife-1.apk
Time Spent:   0 Days 0 Hours 0 Minutes 44 Seconds

============================================================================
34/51 Starting processing com.of3d.cf.Activitied-1.apk ......
Getting apk info from https://play.google.com/store/apps/details?id=com.of3d.cf.Activitied ......
[ERROR] : Cannot find info of com.of3d.cf.Activitied-1.apk on https://play.google.com/store/apps/details?id=com.of3d.cf.Activitied !!!
Done processing com.of3d.cf.Activitied-1.apk
Time Spent:   0 Days 0 Hours 0 Minutes 45 Seconds

============================================================================
35/51 Starting processing com.outfit7.tomslovelettersfree-1.apk ......
Getting apk info from https://play.google.com/store/apps/details?id=com.outfit7.tomslovelettersfree ......
Success to get info from Play Store
The lastest version of com.outfit7.tomslovelettersfree-1.apk is Varies with device
Done processing com.outfit7.tomslovelettersfree-1.apk
Time Spent:   0 Days 0 Hours 0 Minutes 48 Seconds

============================================================================
36/51 Starting processing com.outfitmobi.talking3dcat-1.apk ......
Getting apk info from https://play.google.com/store/apps/details?id=com.outfitmobi.talking3dcat ......
[ERROR] : Cannot find info of com.outfitmobi.talking3dcat-1.apk on https://play.google.com/store/apps/details?id=com.outfitmobi.talking3dcat !!!
Done processing com.outfitmobi.talking3dcat-1.apk
Time Spent:   0 Days 0 Hours 0 Minutes 49 Seconds

============================================================================
37/51 Starting processing com.paladin.GunStrike-1.apk ......
Getting apk info from https://play.google.com/store/apps/details?id=com.paladin.GunStrike ......
Success to get info from Play Store
The lastest version of com.paladin.GunStrike-1.apk is 1.3.4
Done processing com.paladin.GunStrike-1.apk
Time Spent:   0 Days 0 Hours 0 Minutes 52 Seconds

============================================================================
38/51 Starting processing com.paladin.defencehero2-1.apk ......
Getting apk info from https://play.google.com/store/apps/details?id=com.paladin.defencehero2 ......
[ERROR] : Cannot find info of com.paladin.defencehero2-1.apk on https://play.google.com/store/apps/details?id=com.paladin.defencehero2 !!!
Done processing com.paladin.defencehero2-1.apk
Time Spent:   0 Days 0 Hours 0 Minutes 53 Seconds

============================================================================
39/51 Starting processing com.polarbit.rthunder2play-1.apk ......
Getting apk info from https://play.google.com/store/apps/details?id=com.polarbit.rthunder2play ......
Success to get info from Play Store
The lastest version of com.polarbit.rthunder2play-1.apk is 1.0.10
Done processing com.polarbit.rthunder2play-1.apk
Time Spent:   0 Days 0 Hours 0 Minutes 55 Seconds

============================================================================
40/51 Starting processing com.rao.flyfish.goldminers-1.apk ......
Getting apk info from https://play.google.com/store/apps/details?id=com.rao.flyfish.goldminers ......
Success to get info from Play Store
The lastest version of com.rao.flyfish.goldminers-1.apk is 2.0.57
Done processing com.rao.flyfish.goldminers-1.apk
Time Spent:   0 Days 0 Hours 0 Minutes 58 Seconds

============================================================================
41/51 Starting processing com.rasoft.bubble-1.apk ......
Getting apk info from https://play.google.com/store/apps/details?id=com.rasoft.bubble ......
[ERROR] : Cannot find info of com.rasoft.bubble-1.apk on https://play.google.com/store/apps/details?id=com.rasoft.bubble !!!
Done processing com.rasoft.bubble-1.apk
Time Spent:   0 Days 0 Hours 0 Minutes 59 Seconds

============================================================================
42/51 Starting processing com.rasoft.linker-1.apk ......
Getting apk info from https://play.google.com/store/apps/details?id=com.rasoft.linker ......
[ERROR] : Cannot find info of com.rasoft.linker-1.apk on https://play.google.com/store/apps/details?id=com.rasoft.linker !!!
Done processing com.rasoft.linker-1.apk
Time Spent:   0 Days 0 Hours 1 Minutes 0 Seconds

============================================================================
43/51 Starting processing com.redatoms.games.beatmasterpad-1.apk ......
Getting apk info from https://play.google.com/store/apps/details?id=com.redatoms.games.beatmasterpad ......
Success to get info from Play Store
The lastest version of com.redatoms.games.beatmasterpad-1.apk is 1.0.1
Done processing com.redatoms.games.beatmasterpad-1.apk
Time Spent:   0 Days 0 Hours 1 Minutes 2 Seconds

============================================================================
44/51 Starting processing com.skycarpenter.fantashooting-1.apk ......
Getting apk info from https://play.google.com/store/apps/details?id=com.skycarpenter.fantashooting ......
Success to get info from Play Store
The lastest version of com.skycarpenter.fantashooting-1.apk is 2.11
Done processing com.skycarpenter.fantashooting-1.apk
Time Spent:   0 Days 0 Hours 1 Minutes 4 Seconds

============================================================================
45/51 Starting processing com.strawhat.mario-1.apk ......
Getting apk info from https://play.google.com/store/apps/details?id=com.strawhat.mario ......
[ERROR] : Cannot find info of com.strawhat.mario-1.apk on https://play.google.com/store/apps/details?id=com.strawhat.mario !!!
Done processing com.strawhat.mario-1.apk
Time Spent:   0 Days 0 Hours 1 Minutes 5 Seconds

============================================================================
46/51 Starting processing com.tencent.qqgame.qqBullwvga-1.apk ......
Getting apk info from https://play.google.com/store/apps/details?id=com.tencent.qqgame.qqBullwvga ......
Success to get info from Play Store
The lastest version of com.tencent.qqgame.qqBullwvga-1.apk is 1.0
Done processing com.tencent.qqgame.qqBullwvga-1.apk
Time Spent:   0 Days 0 Hours 1 Minutes 7 Seconds

============================================================================
47/51 Starting processing com.tiger.game.arcade2-1.apk ......
Getting apk info from https://play.google.com/store/apps/details?id=com.tiger.game.arcade2 ......
[ERROR] : Cannot find info of com.tiger.game.arcade2-1.apk on https://play.google.com/store/apps/details?id=com.tiger.game.arcade2 !!!
Done processing com.tiger.game.arcade2-1.apk
Time Spent:   0 Days 0 Hours 1 Minutes 8 Seconds

============================================================================
48/51 Starting processing com.zeptolab.gamevil.ctr.paid-1.apk ......
Getting apk info from https://play.google.com/store/apps/details?id=com.zeptolab.gamevil.ctr.paid ......
[ERROR] : Cannot find info of com.zeptolab.gamevil.ctr.paid-1.apk on https://play.google.com/store/apps/details?id=com.zeptolab.gamevil.ctr.paid !!!
Done processing com.zeptolab.gamevil.ctr.paid-1.apk
Time Spent:   0 Days 0 Hours 1 Minutes 9 Seconds

============================================================================
49/51 Starting processing goodteamstudio.doomdayattack.full-1.apk ......
Getting apk info from https://play.google.com/store/apps/details?id=goodteamstudio.doomdayattack.full ......
[ERROR] : Cannot find info of goodteamstudio.doomdayattack.full-1.apk on https://play.google.com/store/apps/details?id=goodteamstudio.doomdayattack.full !!!
Done processing goodteamstudio.doomdayattack.full-1.apk
Time Spent:   0 Days 0 Hours 1 Minutes 10 Seconds

============================================================================
50/51 Starting processing swf.topgame.touch.girl-1.apk ......
Getting apk info from https://play.google.com/store/apps/details?id=swf.topgame.touch.girl ......
[ERROR] : Cannot find info of swf.topgame.touch.girl-1.apk on https://play.google.com/store/apps/details?id=swf.topgame.touch.girl !!!
Done processing swf.topgame.touch.girl-1.apk
Time Spent:   0 Days 0 Hours 1 Minutes 11 Seconds

============================================================================
51/51 Starting processing uk.co.bigheadgames.Snooker-1.apk ......
Getting apk info from https://play.google.com/store/apps/details?id=uk.co.bigheadgames.Snooker ......
Success to get info from Play Store
The lastest version of uk.co.bigheadgames.Snooker-1.apk is 2.3
Done processing uk.co.bigheadgames.Snooker-1.apk
Time Spent:   0 Days 0 Hours 1 Minutes 14 Seconds

============================================================================


**************************************************************
All Done
Total Time:   0 Days 0 Hours 1 Minutes 14 Seconds
Result Location:               /srv/www/htdocs/CV2/app/admin/scan_apk_version//results/AppInfo_2013-07-12-11-40-51.csv
**************************************************************
