Start processing app in list /share/Git-Apk/Updated_list from /share/Git-Apk/All_Apk  ......

============================================================================
1/108 Starting processing com.FunForMobile.main-1.apk ......
Getting apk info from https://play.google.com/store/apps/details?id=com.FunForMobile.main ......
Success to get info from Play Store
The lastest version of com.FunForMobile.main-1.apk is 2.95
Done processing com.FunForMobile.main-1.apk
Time Spent:   0 Days 0 Hours 0 Minutes 3 Seconds

============================================================================
2/108 Starting processing com.Sailfish.PandaRun-1.apk ......
Getting apk info from https://play.google.com/store/apps/details?id=com.Sailfish.PandaRun ......
Success to get info from Play Store
The lastest version of com.Sailfish.PandaRun-1.apk is 1.2.7
Done processing com.Sailfish.PandaRun-1.apk
Time Spent:   0 Days 0 Hours 0 Minutes 5 Seconds

============================================================================
3/108 Starting processing com.elex.ram-1.apk ......
Getting apk info from https://play.google.com/store/apps/details?id=com.elex.ram ......
Success to get info from Play Store
The lastest version of com.elex.ram-1.apk is 1.4.1
Done processing com.elex.ram-1.apk
Time Spent:   0 Days 0 Hours 0 Minutes 8 Seconds

============================================================================
4/108 Starting processing com.ezjoynetwork.jewelsmaze2-1.apk ......
Getting apk info from https://play.google.com/store/apps/details?id=com.ezjoynetwork.jewelsmaze2 ......
Success to get info from Play Store
The lastest version of com.ezjoynetwork.jewelsmaze2-1.apk is 1.1.7
Done processing com.ezjoynetwork.jewelsmaze2-1.apk
Time Spent:   0 Days 0 Hours 0 Minutes 11 Seconds

============================================================================
5/108 Starting processing com.facebook.pages.app-1.apk ......
Getting apk info from https://play.google.com/store/apps/details?id=com.facebook.pages.app ......
Success to get info from Play Store
The lastest version of com.facebook.pages.app-1.apk is 1.2
Done processing com.facebook.pages.app-1.apk
Time Spent:   0 Days 0 Hours 0 Minutes 14 Seconds

============================================================================
6/108 Starting processing com.fantasyflightgames.ESAndroid-1.apk ......
Getting apk info from https://play.google.com/store/apps/details?id=com.fantasyflightgames.ESAndroid ......
Success to get info from Play Store
The lastest version of com.fantasyflightgames.ESAndroid-1.apk is 1.2.7
Done processing com.fantasyflightgames.ESAndroid-1.apk
Time Spent:   0 Days 0 Hours 0 Minutes 16 Seconds

============================================================================
7/108 Starting processing com.fastemulator.gba-1.apk ......
Getting apk info from https://play.google.com/store/apps/details?id=com.fastemulator.gba ......
Success to get info from Play Store
The lastest version of com.fastemulator.gba-1.apk is 1.2.3
Done processing com.fastemulator.gba-1.apk
Time Spent:   0 Days 0 Hours 0 Minutes 19 Seconds

============================================================================
8/108 Starting processing com.fastemulator.gbafree-1.apk ......
Getting apk info from https://play.google.com/store/apps/details?id=com.fastemulator.gbafree ......
Success to get info from Play Store
The lastest version of com.fastemulator.gbafree-1.apk is 1.2.3
Done processing com.fastemulator.gbafree-1.apk
Time Spent:   0 Days 0 Hours 0 Minutes 21 Seconds

============================================================================
9/108 Starting processing com.fingersoft.hillclimb-1.apk ......
Getting apk info from https://play.google.com/store/apps/details?id=com.fingersoft.hillclimb ......
Success to get info from Play Store
The lastest version of com.fingersoft.hillclimb-1.apk is 1.6.2
Done processing com.fingersoft.hillclimb-1.apk
Time Spent:   0 Days 0 Hours 0 Minutes 24 Seconds

============================================================================
10/108 Starting processing com.fishsticksgames.SlotsJourney-1.apk ......
Getting apk info from https://play.google.com/store/apps/details?id=com.fishsticksgames.SlotsJourney ......
Success to get info from Play Store
The lastest version of com.fishsticksgames.SlotsJourney-1.apk is 4.2
Done processing com.fishsticksgames.SlotsJourney-1.apk
Time Spent:   0 Days 0 Hours 0 Minutes 26 Seconds

============================================================================
11/108 Starting processing com.flaregames.royalrevolt-1.apk ......
Getting apk info from https://play.google.com/store/apps/details?id=com.flaregames.royalrevolt ......
Success to get info from Play Store
The lastest version of com.flaregames.royalrevolt-1.apk is 1.4.5
Done processing com.flaregames.royalrevolt-1.apk
Time Spent:   0 Days 0 Hours 0 Minutes 29 Seconds

============================================================================
12/108 Starting processing com.fluik.Streaker-1.apk ......
Getting apk info from https://play.google.com/store/apps/details?id=com.fluik.Streaker ......
Success to get info from Play Store
The lastest version of com.fluik.Streaker-1.apk is 1.5.0
Done processing com.fluik.Streaker-1.apk
Time Spent:   0 Days 0 Hours 0 Minutes 31 Seconds

============================================================================
13/108 Starting processing com.fms.vgba-1.apk ......
Getting apk info from https://play.google.com/store/apps/details?id=com.fms.vgba ......
Success to get info from Play Store
The lastest version of com.fms.vgba-1.apk is 3.9.52
Done processing com.fms.vgba-1.apk
Time Spent:   0 Days 0 Hours 0 Minutes 34 Seconds

============================================================================
14/108 Starting processing com.forthblue.pool-1.apk ......
Getting apk info from https://play.google.com/store/apps/details?id=com.forthblue.pool ......
Success to get info from Play Store
The lastest version of com.forthblue.pool-1.apk is 2.44
Done processing com.forthblue.pool-1.apk
Time Spent:   0 Days 0 Hours 0 Minutes 37 Seconds

============================================================================
15/108 Starting processing com.freightliner.HaulerRacing-1.apk ......
Getting apk info from https://play.google.com/store/apps/details?id=com.freightliner.HaulerRacing ......
Success to get info from Play Store
The lastest version of com.freightliner.HaulerRacing-1.apk is 1.4
Done processing com.freightliner.HaulerRacing-1.apk
Time Spent:   0 Days 0 Hours 0 Minutes 39 Seconds

============================================================================
16/108 Starting processing com.galapagossoft.trialx2_winter-1.apk ......
Getting apk info from https://play.google.com/store/apps/details?id=com.galapagossoft.trialx2_winter ......
Success to get info from Play Store
The lastest version of com.galapagossoft.trialx2_winter-1.apk is Varies with device
Done processing com.galapagossoft.trialx2_winter-1.apk
Time Spent:   0 Days 0 Hours 0 Minutes 42 Seconds

============================================================================
17/108 Starting processing com.game.BMX_Boy-1.apk ......
Getting apk info from https://play.google.com/store/apps/details?id=com.game.BMX_Boy ......
Success to get info from Play Store
The lastest version of com.game.BMX_Boy-1.apk is 1.5
Done processing com.game.BMX_Boy-1.apk
Time Spent:   0 Days 0 Hours 0 Minutes 44 Seconds

============================================================================
18/108 Starting processing com.game.MarbleSaga-1.apk ......
Getting apk info from https://play.google.com/store/apps/details?id=com.game.MarbleSaga ......
Success to get info from Play Store
The lastest version of com.game.MarbleSaga-1.apk is 1.6
Done processing com.game.MarbleSaga-1.apk
Time Spent:   0 Days 0 Hours 0 Minutes 47 Seconds

============================================================================
19/108 Starting processing com.gamecircus.CoinDozerSeasons-1.apk ......
Getting apk info from https://play.google.com/store/apps/details?id=com.gamecircus.CoinDozerSeasons ......
Success to get info from Play Store
The lastest version of com.gamecircus.CoinDozerSeasons-1.apk is Varies with device
Done processing com.gamecircus.CoinDozerSeasons-1.apk
Time Spent:   0 Days 0 Hours 0 Minutes 49 Seconds

============================================================================
20/108 Starting processing com.gamecircus.PrizeClaw-1.apk ......
Getting apk info from https://play.google.com/store/apps/details?id=com.gamecircus.PrizeClaw ......
Success to get info from Play Store
The lastest version of com.gamecircus.PrizeClaw-1.apk is 2.91
Done processing com.gamecircus.PrizeClaw-1.apk
Time Spent:   0 Days 0 Hours 0 Minutes 52 Seconds

============================================================================
21/108 Starting processing com.gamehivecorp.kicktheboss.android-1.apk ......
Getting apk info from https://play.google.com/store/apps/details?id=com.gamehivecorp.kicktheboss.android ......
Success to get info from Play Store
The lastest version of com.gamehivecorp.kicktheboss.android-1.apk is 2.6
Done processing com.gamehivecorp.kicktheboss.android-1.apk
Time Spent:   0 Days 0 Hours 0 Minutes 55 Seconds

============================================================================
22/108 Starting processing com.gamehivecorp.kicktheboss2-1.apk ......
Getting apk info from https://play.google.com/store/apps/details?id=com.gamehivecorp.kicktheboss2 ......
Success to get info from Play Store
The lastest version of com.gamehivecorp.kicktheboss2-1.apk is 1.42
Done processing com.gamehivecorp.kicktheboss2-1.apk
Time Spent:   0 Days 0 Hours 0 Minutes 57 Seconds

============================================================================
23/108 Starting processing com.gamehivecorp.kicktheboss2r-1.apk ......
Getting apk info from https://play.google.com/store/apps/details?id=com.gamehivecorp.kicktheboss2r ......
Success to get info from Play Store
The lastest version of com.gamehivecorp.kicktheboss2r-1.apk is 1.42
Done processing com.gamehivecorp.kicktheboss2r-1.apk
Time Spent:   0 Days 0 Hours 1 Minutes 0 Seconds

============================================================================
24/108 Starting processing com.gamelion.Jeopardy_HTCMyTouch3G_EN-1.apk ......
Getting apk info from https://play.google.com/store/apps/details?id=com.gamelion.Jeopardy_HTCMyTouch3G_EN ......
Success to get info from Play Store
The lastest version of com.gamelion.Jeopardy_HTCMyTouch3G_EN-1.apk is 2.4.9
Done processing com.gamelion.Jeopardy_HTCMyTouch3G_EN-1.apk
Time Spent:   0 Days 0 Hours 1 Minutes 3 Seconds

============================================================================
25/108 Starting processing com.gameloft.android.ANMP.GloftPOHM-1.apk ......
Getting apk info from https://play.google.com/store/apps/details?id=com.gameloft.android.ANMP.GloftPOHM ......
Success to get info from Play Store
The lastest version of com.gameloft.android.ANMP.GloftPOHM-1.apk is 1.2.5
Done processing com.gameloft.android.ANMP.GloftPOHM-1.apk
Time Spent:   0 Days 0 Hours 1 Minutes 6 Seconds

============================================================================
26/108 Starting processing com.gamevil.zenonia5.global-1.apk ......
Getting apk info from https://play.google.com/store/apps/details?id=com.gamevil.zenonia5.global ......
Success to get info from Play Store
The lastest version of com.gamevil.zenonia5.global-1.apk is 1.0.9
Done processing com.gamevil.zenonia5.global-1.apk
Time Spent:   0 Days 0 Hours 1 Minutes 8 Seconds

============================================================================
27/108 Starting processing com.ggee.vividruntime.gg_1611-1.apk ......
Getting apk info from https://play.google.com/store/apps/details?id=com.ggee.vividruntime.gg_1611 ......
Success to get info from Play Store
The lastest version of com.ggee.vividruntime.gg_1611-1.apk is 13.01.09
Done processing com.ggee.vividruntime.gg_1611-1.apk
Time Spent:   0 Days 0 Hours 1 Minutes 11 Seconds

============================================================================
28/108 Starting processing com.giantssoftware.fs2012-1.apk ......
Getting apk info from https://play.google.com/store/apps/details?id=com.giantssoftware.fs2012 ......
Success to get info from Play Store
The lastest version of com.giantssoftware.fs2012-1.apk is 1.0.10
Done processing com.giantssoftware.fs2012-1.apk
Time Spent:   0 Days 0 Hours 1 Minutes 13 Seconds

============================================================================
29/108 Starting processing com.gogii.textplusgold-1.apk ......
Getting apk info from https://play.google.com/store/apps/details?id=com.gogii.textplusgold ......
Success to get info from Play Store
The lastest version of com.gogii.textplusgold-1.apk is 5.7.5.4326
Done processing com.gogii.textplusgold-1.apk
Time Spent:   0 Days 0 Hours 1 Minutes 16 Seconds

============================================================================
30/108 Starting processing com.gsn.android.casino-1.apk ......
Getting apk info from https://play.google.com/store/apps/details?id=com.gsn.android.casino ......
Success to get info from Play Store
The lastest version of com.gsn.android.casino-1.apk is 2.6.0.43
Done processing com.gsn.android.casino-1.apk
Time Spent:   0 Days 0 Hours 1 Minutes 19 Seconds

============================================================================
31/108 Starting processing com.gtp.nextlauncher-1.apk ......
Getting apk info from https://play.google.com/store/apps/details?id=com.gtp.nextlauncher ......
Success to get info from Play Store
The lastest version of com.gtp.nextlauncher-1.apk is 1.22.1
Done processing com.gtp.nextlauncher-1.apk
Time Spent:   0 Days 0 Hours 1 Minutes 22 Seconds

============================================================================
32/108 Starting processing com.guildsoftware.vendetta-1.apk ......
Getting apk info from https://play.google.com/store/apps/details?id=com.guildsoftware.vendetta ......
Success to get info from Play Store
The lastest version of com.guildsoftware.vendetta-1.apk is 1.8.245
Done processing com.guildsoftware.vendetta-1.apk
Time Spent:   0 Days 0 Hours 1 Minutes 24 Seconds

============================================================================
33/108 Starting processing com.hapogames.FreeCell-1.apk ......
Getting apk info from https://play.google.com/store/apps/details?id=com.hapogames.FreeCell ......
Success to get info from Play Store
The lastest version of com.hapogames.FreeCell-1.apk is 1.2
Done processing com.hapogames.FreeCell-1.apk
Time Spent:   0 Days 0 Hours 1 Minutes 28 Seconds

============================================================================
34/108 Starting processing com.hg.gunsandglory3-1.apk ......
Getting apk info from https://play.google.com/store/apps/details?id=com.hg.gunsandglory3 ......
Success to get info from Play Store
The lastest version of com.hg.gunsandglory3-1.apk is 1.1.0
Done processing com.hg.gunsandglory3-1.apk
Time Spent:   0 Days 0 Hours 1 Minutes 30 Seconds

============================================================================
35/108 Starting processing com.hotheadgames.google.free.bigwinfootball-1.apk ......
Getting apk info from https://play.google.com/store/apps/details?id=com.hotheadgames.google.free.bigwinfootball ......
Success to get info from Play Store
The lastest version of com.hotheadgames.google.free.bigwinfootball-1.apk is 2.1.1
Done processing com.hotheadgames.google.free.bigwinfootball-1.apk
Time Spent:   0 Days 0 Hours 1 Minutes 33 Seconds

============================================================================
36/108 Starting processing com.instagram.android-1.apk ......
Getting apk info from https://play.google.com/store/apps/details?id=com.instagram.android ......
Success to get info from Play Store
The lastest version of com.instagram.android-1.apk is 3.4.4
Done processing com.instagram.android-1.apk
Time Spent:   0 Days 0 Hours 1 Minutes 35 Seconds

============================================================================
37/108 Starting processing com.intsig.camscanner-1.apk ......
Getting apk info from https://play.google.com/store/apps/details?id=com.intsig.camscanner ......
Success to get info from Play Store
The lastest version of com.intsig.camscanner-1.apk is 2.0.1.20130308
Done processing com.intsig.camscanner-1.apk
Time Spent:   0 Days 0 Hours 1 Minutes 38 Seconds

============================================================================
38/108 Starting processing com.jb.gosms-1.apk ......
Getting apk info from https://play.google.com/store/apps/details?id=com.jb.gosms ......
Success to get info from Play Store
The lastest version of com.jb.gosms-1.apk is 4.76
Done processing com.jb.gosms-1.apk
Time Spent:   0 Days 0 Hours 1 Minutes 41 Seconds

============================================================================
39/108 Starting processing com.johnemulators.johngbc-1.apk ......
Getting apk info from https://play.google.com/store/apps/details?id=com.johnemulators.johngbc ......
Success to get info from Play Store
The lastest version of com.johnemulators.johngbc-1.apk is 1.64
Done processing com.johnemulators.johngbc-1.apk
Time Spent:   0 Days 0 Hours 1 Minutes 43 Seconds

============================================================================
40/108 Starting processing com.johnemulators.johnnes-1.apk ......
Getting apk info from https://play.google.com/store/apps/details?id=com.johnemulators.johnnes ......
Success to get info from Play Store
The lastest version of com.johnemulators.johnnes-1.apk is 1.64
Done processing com.johnemulators.johnnes-1.apk
Time Spent:   0 Days 0 Hours 1 Minutes 46 Seconds

============================================================================
41/108 Starting processing com.kakao.talk-1.apk ......
Getting apk info from https://play.google.com/store/apps/details?id=com.kakao.talk ......
Success to get info from Play Store
The lastest version of com.kakao.talk-1.apk is 3.6.9
Done processing com.kakao.talk-1.apk
Time Spent:   0 Days 0 Hours 1 Minutes 49 Seconds

============================================================================
42/108 Starting processing com.kiloo.subwaysurf-1.apk ......
Getting apk info from https://play.google.com/store/apps/details?id=com.kiloo.subwaysurf ......
Success to get info from Play Store
The lastest version of com.kiloo.subwaysurf-1.apk is 1.8.1
Done processing com.kiloo.subwaysurf-1.apk
Time Spent:   0 Days 0 Hours 1 Minutes 51 Seconds

============================================================================
43/108 Starting processing com.king.candycrushsaga-1.apk ......
Getting apk info from https://play.google.com/store/apps/details?id=com.king.candycrushsaga ......
Success to get info from Play Store
The lastest version of com.king.candycrushsaga-1.apk is Varies with device
Done processing com.king.candycrushsaga-1.apk
Time Spent:   0 Days 0 Hours 1 Minutes 54 Seconds

============================================================================
44/108 Starting processing com.kiwi.monsterpark-1.apk ......
Getting apk info from https://play.google.com/store/apps/details?id=com.kiwi.monsterpark ......
Success to get info from Play Store
The lastest version of com.kiwi.monsterpark-1.apk is 1.7.2
Done processing com.kiwi.monsterpark-1.apk
Time Spent:   0 Days 0 Hours 1 Minutes 57 Seconds

============================================================================
45/108 Starting processing com.kiwi.shipwrecked-1.apk ......
Getting apk info from https://play.google.com/store/apps/details?id=com.kiwi.shipwrecked ......
Success to get info from Play Store
The lastest version of com.kiwi.shipwrecked-1.apk is 1.3.1
Done processing com.kiwi.shipwrecked-1.apk
Time Spent:   0 Days 0 Hours 1 Minutes 59 Seconds

============================================================================
46/108 Starting processing com.leftover.CoinDozer-1.apk ......
Getting apk info from https://play.google.com/store/apps/details?id=com.leftover.CoinDozer ......
Success to get info from Play Store
The lastest version of com.leftover.CoinDozer-1.apk is Varies with device
Done processing com.leftover.CoinDozer-1.apk
Time Spent:   0 Days 0 Hours 2 Minutes 2 Seconds

============================================================================
47/108 Starting processing com.littlewoody.appleshoot-1.apk ......
Getting apk info from https://play.google.com/store/apps/details?id=com.littlewoody.appleshoot ......
Success to get info from Play Store
The lastest version of com.littlewoody.appleshoot-1.apk is 1.07
Done processing com.littlewoody.appleshoot-1.apk
Time Spent:   0 Days 0 Hours 2 Minutes 5 Seconds

============================================================================
48/108 Starting processing com.maxmpz.audioplayer-1.apk ......
Getting apk info from https://play.google.com/store/apps/details?id=com.maxmpz.audioplayer ......
Success to get info from Play Store
The lastest version of com.maxmpz.audioplayer-1.apk is 2.0.8-build-525
Done processing com.maxmpz.audioplayer-1.apk
Time Spent:   0 Days 0 Hours 2 Minutes 7 Seconds

============================================================================
49/108 Starting processing com.midasplayer.apps.bubblewitch-1.apk ......
Getting apk info from https://play.google.com/store/apps/details?id=com.midasplayer.apps.bubblewitch ......
Success to get info from Play Store
The lastest version of com.midasplayer.apps.bubblewitch-1.apk is Varies with device
Done processing com.midasplayer.apps.bubblewitch-1.apk
Time Spent:   0 Days 0 Hours 2 Minutes 9 Seconds

============================================================================
50/108 Starting processing com.miniclip.plagueinc-1.apk ......
Getting apk info from https://play.google.com/store/apps/details?id=com.miniclip.plagueinc ......
Success to get info from Play Store
The lastest version of com.miniclip.plagueinc-1.apk is 1.5.0
Done processing com.miniclip.plagueinc-1.apk
Time Spent:   0 Days 0 Hours 2 Minutes 12 Seconds

============================================================================
51/108 Starting processing com.mint-1.apk ......
Getting apk info from https://play.google.com/store/apps/details?id=com.mint ......
Success to get info from Play Store
The lastest version of com.mint-1.apk is 2.6.2
Done processing com.mint-1.apk
Time Spent:   0 Days 0 Hours 2 Minutes 15 Seconds

============================================================================
52/108 Starting processing com.mobage.ww.a692.Bahamut_Android-1.apk ......
Getting apk info from https://play.google.com/store/apps/details?id=com.mobage.ww.a692.Bahamut_Android ......
Success to get info from Play Store
The lastest version of com.mobage.ww.a692.Bahamut_Android-1.apk is 1.10.1.3.0
Done processing com.mobage.ww.a692.Bahamut_Android-1.apk
Time Spent:   0 Days 0 Hours 2 Minutes 17 Seconds

============================================================================
53/108 Starting processing com.mobage.ww.a953.Fuzion_Android-1.apk ......
Getting apk info from https://play.google.com/store/apps/details?id=com.mobage.ww.a953.Fuzion_Android ......
Success to get info from Play Store
The lastest version of com.mobage.ww.a953.Fuzion_Android-1.apk is 1.4.1
Done processing com.mobage.ww.a953.Fuzion_Android-1.apk
Time Spent:   0 Days 0 Hours 2 Minutes 20 Seconds

============================================================================
54/108 Starting processing com.mobo.video.player.pro-1.apk ......
Getting apk info from https://play.google.com/store/apps/details?id=com.mobo.video.player.pro ......
Success to get info from Play Store
The lastest version of com.mobo.video.player.pro-1.apk is 1.1.9
Done processing com.mobo.video.player.pro-1.apk
Time Spent:   0 Days 0 Hours 2 Minutes 23 Seconds

============================================================================
55/108 Starting processing com.morrison.gallerylock-1.apk ......
Getting apk info from https://play.google.com/store/apps/details?id=com.morrison.gallerylock ......
Success to get info from Play Store
The lastest version of com.morrison.gallerylock-1.apk is 4.1
Done processing com.morrison.gallerylock-1.apk
Time Spent:   0 Days 0 Hours 2 Minutes 25 Seconds

============================================================================
56/108 Starting processing com.namcowireless.flightcontrol-1.apk ......
Getting apk info from https://play.google.com/store/apps/details?id=com.namcowireless.flightcontrol ......
Success to get info from Play Store
The lastest version of com.namcowireless.flightcontrol-1.apk is 4.7
Done processing com.namcowireless.flightcontrol-1.apk
Time Spent:   0 Days 0 Hours 2 Minutes 28 Seconds

============================================================================
57/108 Starting processing com.nbadigital.gametimelite-1.apk ......
Getting apk info from https://play.google.com/store/apps/details?id=com.nbadigital.gametimelite ......
Success to get info from Play Store
The lastest version of com.nbadigital.gametimelite-1.apk is 3.5
Done processing com.nbadigital.gametimelite-1.apk
Time Spent:   0 Days 0 Hours 2 Minutes 31 Seconds

============================================================================
58/108 Starting processing com.nhl.gc1112.free-1.apk ......
Getting apk info from https://play.google.com/store/apps/details?id=com.nhl.gc1112.free ......
Success to get info from Play Store
The lastest version of com.nhl.gc1112.free-1.apk is 3.0312
Done processing com.nhl.gc1112.free-1.apk
Time Spent:   0 Days 0 Hours 2 Minutes 34 Seconds

============================================================================
59/108 Starting processing com.nordcurrent.Games101-1.apk ......
Getting apk info from https://play.google.com/store/apps/details?id=com.nordcurrent.Games101 ......
Success to get info from Play Store
The lastest version of com.nordcurrent.Games101-1.apk is 1.3.27
Done processing com.nordcurrent.Games101-1.apk
Time Spent:   0 Days 0 Hours 2 Minutes 37 Seconds

============================================================================
60/108 Starting processing com.oceanhouse_media.bookcatinthehat_app-1.apk ......
Getting apk info from https://play.google.com/store/apps/details?id=com.oceanhouse_media.bookcatinthehat_app ......
Success to get info from Play Store
The lastest version of com.oceanhouse_media.bookcatinthehat_app-1.apk is 1.36
Done processing com.oceanhouse_media.bookcatinthehat_app-1.apk
Time Spent:   0 Days 0 Hours 2 Minutes 39 Seconds

============================================================================
61/108 Starting processing com.ogien.trainsim-1.apk ......
Getting apk info from https://play.google.com/store/apps/details?id=com.ogien.trainsim ......
Success to get info from Play Store
The lastest version of com.ogien.trainsim-1.apk is 2.4.1
Done processing com.ogien.trainsim-1.apk
Time Spent:   0 Days 0 Hours 2 Minutes 42 Seconds

============================================================================
62/108 Starting processing com.outfit7.talkingangelafree-1.apk ......
Getting apk info from https://play.google.com/store/apps/details?id=com.outfit7.talkingangelafree ......
Success to get info from Play Store
The lastest version of com.outfit7.talkingangelafree-1.apk is 1.0.3
Done processing com.outfit7.talkingangelafree-1.apk
Time Spent:   0 Days 0 Hours 2 Minutes 44 Seconds

============================================================================
63/108 Starting processing com.outfit7.talkingtom-1.apk ......
Getting apk info from https://play.google.com/store/apps/details?id=com.outfit7.talkingtom ......
Success to get info from Play Store
The lastest version of com.outfit7.talkingtom-1.apk is Varies with device
Done processing com.outfit7.talkingtom-1.apk
Time Spent:   0 Days 0 Hours 2 Minutes 47 Seconds

============================================================================
64/108 Starting processing com.outfit7.talkingtompro-1.apk ......
Getting apk info from https://play.google.com/store/apps/details?id=com.outfit7.talkingtompro ......
Success to get info from Play Store
The lastest version of com.outfit7.talkingtompro-1.apk is Varies with device
Done processing com.outfit7.talkingtompro-1.apk
Time Spent:   0 Days 0 Hours 2 Minutes 50 Seconds

============================================================================
65/108 Starting processing com.picsart.studio-1.apk ......
Getting apk info from https://play.google.com/store/apps/details?id=com.picsart.studio ......
Success to get info from Play Store
The lastest version of com.picsart.studio-1.apk is Varies with device
Done processing com.picsart.studio-1.apk
Time Spent:   0 Days 0 Hours 2 Minutes 52 Seconds

============================================================================
66/108 Starting processing com.pixlr.express-1.apk ......
Getting apk info from https://play.google.com/store/apps/details?id=com.pixlr.express ......
Success to get info from Play Store
The lastest version of com.pixlr.express-1.apk is 1.1
Done processing com.pixlr.express-1.apk
Time Spent:   0 Days 0 Hours 2 Minutes 55 Seconds

============================================================================
67/108 Starting processing com.play.slot-1.apk ......
Getting apk info from https://play.google.com/store/apps/details?id=com.play.slot ......
Success to get info from Play Store
The lastest version of com.play.slot-1.apk is 1.18
Done processing com.play.slot-1.apk
Time Spent:   0 Days 0 Hours 2 Minutes 58 Seconds

============================================================================
68/108 Starting processing com.pnixgames.gunzombieHellGate-1.apk ......
Getting apk info from https://play.google.com/store/apps/details?id=com.pnixgames.gunzombieHellGate ......
Success to get info from Play Store
The lastest version of com.pnixgames.gunzombieHellGate-1.apk is 3.6
Done processing com.pnixgames.gunzombieHellGate-1.apk
Time Spent:   0 Days 0 Hours 3 Minutes 0 Seconds

============================================================================
69/108 Starting processing com.pocketgems.android.campuslife-1.apk ......
Getting apk info from https://play.google.com/store/apps/details?id=com.pocketgems.android.campuslife ......
Success to get info from Play Store
The lastest version of com.pocketgems.android.campuslife-1.apk is 1.143
Done processing com.pocketgems.android.campuslife-1.apk
Time Spent:   0 Days 0 Hours 3 Minutes 3 Seconds

============================================================================
70/108 Starting processing com.rebelvox.voxer-1.apk ......
Getting apk info from https://play.google.com/store/apps/details?id=com.rebelvox.voxer ......
Success to get info from Play Store
The lastest version of com.rebelvox.voxer-1.apk is 1.0.8.0009
Done processing com.rebelvox.voxer-1.apk
Time Spent:   0 Days 0 Hours 3 Minutes 6 Seconds

============================================================================
71/108 Starting processing com.robotinvader.fooding-1.apk ......
Getting apk info from https://play.google.com/store/apps/details?id=com.robotinvader.fooding ......
Success to get info from Play Store
The lastest version of com.robotinvader.fooding-1.apk is 3.3
Done processing com.robotinvader.fooding-1.apk
Time Spent:   0 Days 0 Hours 3 Minutes 9 Seconds

============================================================================
72/108 Starting processing com.rovio.BadPiggies-1.apk ......
Getting apk info from https://play.google.com/store/apps/details?id=com.rovio.BadPiggies ......
Success to get info from Play Store
The lastest version of com.rovio.BadPiggies-1.apk is 1.2.0
Done processing com.rovio.BadPiggies-1.apk
Time Spent:   0 Days 0 Hours 3 Minutes 12 Seconds

============================================================================
73/108 Starting processing com.rovio.BadPiggiesHD-1.apk ......
Getting apk info from https://play.google.com/store/apps/details?id=com.rovio.BadPiggiesHD ......
Success to get info from Play Store
The lastest version of com.rovio.BadPiggiesHD-1.apk is 1.2.0
Done processing com.rovio.BadPiggiesHD-1.apk
Time Spent:   0 Days 0 Hours 3 Minutes 14 Seconds

============================================================================
74/108 Starting processing com.sgiggle.production-1.apk ......
Getting apk info from https://play.google.com/store/apps/details?id=com.sgiggle.production ......
Success to get info from Play Store
The lastest version of com.sgiggle.production-1.apk is 2.7.40083
Done processing com.sgiggle.production-1.apk
Time Spent:   0 Days 0 Hours 3 Minutes 17 Seconds

============================================================================
75/108 Starting processing com.shopkick.app-1.apk ......
Getting apk info from https://play.google.com/store/apps/details?id=com.shopkick.app ......
Success to get info from Play Store
The lastest version of com.shopkick.app-1.apk is 3.3.1
Done processing com.shopkick.app-1.apk
Time Spent:   0 Days 0 Hours 3 Minutes 19 Seconds

============================================================================
76/108 Starting processing com.silvertree.sleepyjack-1.apk ......
Getting apk info from https://play.google.com/store/apps/details?id=com.silvertree.sleepyjack ......
Success to get info from Play Store
The lastest version of com.silvertree.sleepyjack-1.apk is 17639
Done processing com.silvertree.sleepyjack-1.apk
Time Spent:   0 Days 0 Hours 3 Minutes 22 Seconds

============================================================================
77/108 Starting processing com.skype.raider-1.apk ......
Getting apk info from https://play.google.com/store/apps/details?id=com.skype.raider ......
Success to get info from Play Store
The lastest version of com.skype.raider-1.apk is 3.2.0.6673
Done processing com.skype.raider-1.apk
Time Spent:   0 Days 0 Hours 3 Minutes 25 Seconds

============================================================================
78/108 Starting processing com.somofun.dawn-1.apk ......
Getting apk info from https://play.google.com/store/apps/details?id=com.somofun.dawn ......
Success to get info from Play Store
The lastest version of com.somofun.dawn-1.apk is 1.1.0
Done processing com.somofun.dawn-1.apk
Time Spent:   0 Days 0 Hours 3 Minutes 27 Seconds

============================================================================
79/108 Starting processing com.spotify.mobile.android.ui-1.apk ......
Getting apk info from https://play.google.com/store/apps/details?id=com.spotify.mobile.android.ui ......
Success to get info from Play Store
The lastest version of com.spotify.mobile.android.ui-1.apk is 0.5.9.29
Done processing com.spotify.mobile.android.ui-1.apk
Time Spent:   0 Days 0 Hours 3 Minutes 30 Seconds

============================================================================
80/108 Starting processing com.stac.empire.main-1.apk ......
Getting apk info from https://play.google.com/store/apps/details?id=com.stac.empire.main ......
Success to get info from Play Store
The lastest version of com.stac.empire.main-1.apk is 1.9.42
Done processing com.stac.empire.main-1.apk
Time Spent:   0 Days 0 Hours 3 Minutes 32 Seconds

============================================================================
81/108 Starting processing com.teamlava.bubble-1.apk ......
Getting apk info from https://play.google.com/store/apps/details?id=com.teamlava.bubble ......
Success to get info from Play Store
The lastest version of com.teamlava.bubble-1.apk is 1.1.1.8.5
Done processing com.teamlava.bubble-1.apk
Time Spent:   0 Days 0 Hours 3 Minutes 35 Seconds

============================================================================
82/108 Starting processing com.teamlava.petshop-1.apk ......
Getting apk info from https://play.google.com/store/apps/details?id=com.teamlava.petshop ......
Success to get info from Play Store
The lastest version of com.teamlava.petshop-1.apk is 1.0.5.8
Done processing com.teamlava.petshop-1.apk
Time Spent:   0 Days 0 Hours 3 Minutes 38 Seconds

============================================================================
83/108 Starting processing com.thevoxelagents.TrainConductor2-1.apk ......
Getting apk info from https://play.google.com/store/apps/details?id=com.thevoxelagents.TrainConductor2 ......
Success to get info from Play Store
The lastest version of com.thevoxelagents.TrainConductor2-1.apk is 1.5.1
Done processing com.thevoxelagents.TrainConductor2-1.apk
Time Spent:   0 Days 0 Hours 3 Minutes 40 Seconds

============================================================================
84/108 Starting processing com.tinyco.monsters-1.apk ......
Getting apk info from https://play.google.com/store/apps/details?id=com.tinyco.monsters ......
Success to get info from Play Store
The lastest version of com.tinyco.monsters-1.apk is 2.1.3
Done processing com.tinyco.monsters-1.apk
Time Spent:   0 Days 0 Hours 3 Minutes 43 Seconds

============================================================================
85/108 Starting processing com.toystudio.thecurse-1.apk ......
Getting apk info from https://play.google.com/store/apps/details?id=com.toystudio.thecurse ......
Success to get info from Play Store
The lastest version of com.toystudio.thecurse-1.apk is 1.2.2
Done processing com.toystudio.thecurse-1.apk
Time Spent:   0 Days 0 Hours 3 Minutes 46 Seconds

============================================================================
86/108 Starting processing com.twitter.android-1.apk ......
Getting apk info from https://play.google.com/store/apps/details?id=com.twitter.android ......
Success to get info from Play Store
The lastest version of com.twitter.android-1.apk is Varies with device
Done processing com.twitter.android-1.apk
Time Spent:   0 Days 0 Hours 3 Minutes 49 Seconds

============================================================================
87/108 Starting processing com.ucamera.ucam-1.apk ......
Getting apk info from https://play.google.com/store/apps/details?id=com.ucamera.ucam ......
Success to get info from Play Store
The lastest version of com.ucamera.ucam-1.apk is 3.0.2.030703
Done processing com.ucamera.ucam-1.apk
Time Spent:   0 Days 0 Hours 3 Minutes 51 Seconds

============================================================================
88/108 Starting processing com.virgil.basketball-1.apk ......
Getting apk info from https://play.google.com/store/apps/details?id=com.virgil.basketball ......
Success to get info from Play Store
The lastest version of com.virgil.basketball-1.apk is 2.3
Done processing com.virgil.basketball-1.apk
Time Spent:   0 Days 0 Hours 3 Minutes 54 Seconds

============================================================================
89/108 Starting processing com.walmart.android-1.apk ......
Getting apk info from https://play.google.com/store/apps/details?id=com.walmart.android ......
Success to get info from Play Store
The lastest version of com.walmart.android-1.apk is 1.4.2
Done processing com.walmart.android-1.apk
Time Spent:   0 Days 0 Hours 3 Minutes 56 Seconds

============================================================================
90/108 Starting processing com.wincity.ccslots-1.apk ......
Getting apk info from https://play.google.com/store/apps/details?id=com.wincity.ccslots ......
Success to get info from Play Store
The lastest version of com.wincity.ccslots-1.apk is 2.2.5
Done processing com.wincity.ccslots-1.apk
Time Spent:   0 Days 0 Hours 3 Minutes 59 Seconds

============================================================================
91/108 Starting processing com.wordsmobile.RollerBall-1.apk ......
Getting apk info from https://play.google.com/store/apps/details?id=com.wordsmobile.RollerBall ......
Success to get info from Play Store
The lastest version of com.wordsmobile.RollerBall-1.apk is 2.6.2
Done processing com.wordsmobile.RollerBall-1.apk
Time Spent:   0 Days 0 Hours 4 Minutes 1 Seconds

============================================================================
92/108 Starting processing com.wordsmobile.musichero-1.apk ......
Getting apk info from https://play.google.com/store/apps/details?id=com.wordsmobile.musichero ......
Success to get info from Play Store
The lastest version of com.wordsmobile.musichero-1.apk is 2.0
Done processing com.wordsmobile.musichero-1.apk
Time Spent:   0 Days 0 Hours 4 Minutes 4 Seconds

============================================================================
93/108 Starting processing com.xfinity.playnow-1.apk ......
Getting apk info from https://play.google.com/store/apps/details?id=com.xfinity.playnow ......
Success to get info from Play Store
The lastest version of com.xfinity.playnow-1.apk is 1.2.3.001
Done processing com.xfinity.playnow-1.apk
Time Spent:   0 Days 0 Hours 4 Minutes 7 Seconds

============================================================================
94/108 Starting processing hu.tagsoft.ttorrent.pro-1.apk ......
Getting apk info from https://play.google.com/store/apps/details?id=hu.tagsoft.ttorrent.pro ......
Success to get info from Play Store
The lastest version of hu.tagsoft.ttorrent.pro-1.apk is 1.1.1.1
Done processing hu.tagsoft.ttorrent.pro-1.apk
Time Spent:   0 Days 0 Hours 4 Minutes 9 Seconds

============================================================================
95/108 Starting processing it.navionics.singleAppUsa-1.apk ......
Getting apk info from https://play.google.com/store/apps/details?id=it.navionics.singleAppUsa ......
Success to get info from Play Store
The lastest version of it.navionics.singleAppUsa-1.apk is 2.7
Done processing it.navionics.singleAppUsa-1.apk
Time Spent:   0 Days 0 Hours 4 Minutes 12 Seconds

============================================================================
96/108 Starting processing it.rortos.f18carrierlanding-1.apk ......
Getting apk info from https://play.google.com/store/apps/details?id=it.rortos.f18carrierlanding ......
Success to get info from Play Store
The lastest version of it.rortos.f18carrierlanding-1.apk is 5
Done processing it.rortos.f18carrierlanding-1.apk
Time Spent:   0 Days 0 Hours 4 Minutes 15 Seconds

============================================================================
97/108 Starting processing jp.naver.line.android-1.apk ......
Getting apk info from https://play.google.com/store/apps/details?id=jp.naver.line.android ......
Success to get info from Play Store
The lastest version of jp.naver.line.android-1.apk is 3.6.3
Done processing jp.naver.line.android-1.apk
Time Spent:   0 Days 0 Hours 4 Minutes 18 Seconds

============================================================================
98/108 Starting processing kr.aboy.tools-1.apk ......
Getting apk info from https://play.google.com/store/apps/details?id=kr.aboy.tools ......
Success to get info from Play Store
The lastest version of kr.aboy.tools-1.apk is 1.5.5
Done processing kr.aboy.tools-1.apk
Time Spent:   0 Days 0 Hours 4 Minutes 20 Seconds

============================================================================
99/108 Starting processing net.flixster.android-1.apk ......
Getting apk info from https://play.google.com/store/apps/details?id=net.flixster.android ......
Success to get info from Play Store
The lastest version of net.flixster.android-1.apk is Varies with device
Done processing net.flixster.android-1.apk
Time Spent:   0 Days 0 Hours 4 Minutes 23 Seconds

============================================================================
100/108 Starting processing obg1.Photaf-1.apk ......
Getting apk info from https://play.google.com/store/apps/details?id=obg1.Photaf ......
Success to get info from Play Store
The lastest version of obg1.Photaf-1.apk is 3.2.2
Done processing obg1.Photaf-1.apk
Time Spent:   0 Days 0 Hours 4 Minutes 26 Seconds

============================================================================
101/108 Starting processing opotech.starfieldLWP-1.apk ......
Getting apk info from https://play.google.com/store/apps/details?id=opotech.starfieldLWP ......
Success to get info from Play Store
The lastest version of opotech.starfieldLWP-1.apk is 1.0.6
Done processing opotech.starfieldLWP-1.apk
Time Spent:   0 Days 0 Hours 4 Minutes 29 Seconds

============================================================================
102/108 Starting processing org.mozilla.firefox-1.apk ......
Getting apk info from https://play.google.com/store/apps/details?id=org.mozilla.firefox ......
Success to get info from Play Store
The lastest version of org.mozilla.firefox-1.apk is Varies with device
Done processing org.mozilla.firefox-1.apk
Time Spent:   0 Days 0 Hours 4 Minutes 32 Seconds

============================================================================
103/108 Starting processing pl.idreams.pottery-1.apk ......
Getting apk info from https://play.google.com/store/apps/details?id=pl.idreams.pottery ......
Success to get info from Play Store
The lastest version of pl.idreams.pottery-1.apk is 1.41
Done processing pl.idreams.pottery-1.apk
Time Spent:   0 Days 0 Hours 4 Minutes 34 Seconds

============================================================================
104/108 Starting processing radiotime.player-1.apk ......
Getting apk info from https://play.google.com/store/apps/details?id=radiotime.player ......
Success to get info from Play Store
The lastest version of radiotime.player-1.apk is 7.0
Done processing radiotime.player-1.apk
Time Spent:   0 Days 0 Hours 4 Minutes 36 Seconds

============================================================================
105/108 Starting processing tunein.player-1.apk ......
Getting apk info from https://play.google.com/store/apps/details?id=tunein.player ......
Success to get info from Play Store
The lastest version of tunein.player-1.apk is 7.0
Done processing tunein.player-1.apk
Time Spent:   0 Days 0 Hours 4 Minutes 39 Seconds

============================================================================
106/108 Starting processing udk.android.reader-1.apk ......
Getting apk info from https://play.google.com/store/apps/details?id=udk.android.reader ......
Success to get info from Play Store
The lastest version of udk.android.reader-1.apk is 2.1.1.2
Done processing udk.android.reader-1.apk
Time Spent:   0 Days 0 Hours 4 Minutes 42 Seconds

============================================================================
107/108 Starting processing uk.co.senab.blueNotify-1.apk ......
Getting apk info from https://play.google.com/store/apps/details?id=uk.co.senab.blueNotify ......
Success to get info from Play Store
The lastest version of uk.co.senab.blueNotify-1.apk is 5.3.2.1
Done processing uk.co.senab.blueNotify-1.apk
Time Spent:   0 Days 0 Hours 4 Minutes 44 Seconds

============================================================================
108/108 Starting processing ymst.android.fxcamera-1.apk ......
Getting apk info from https://play.google.com/store/apps/details?id=ymst.android.fxcamera ......
Success to get info from Play Store
The lastest version of ymst.android.fxcamera-1.apk is 2.6.5
Done processing ymst.android.fxcamera-1.apk
Time Spent:   0 Days 0 Hours 4 Minutes 47 Seconds

============================================================================


**************************************************************
All Done
Total Time:   0 Days 0 Hours 4 Minutes 47 Seconds
Result Location:               /srv/www/htdocs/CV2/app/admin/scan_apk_version//results/AppInfo_2013-03-15-12-07-53.csv
**************************************************************
