Start processing app in list /share/Git-Apk/Updated_list from /share/Git-Apk/All_Apk  ......

============================================================================
1/2 Starting processing com.carrot.carrotfantasy-1.apk ......
Getting apk info from https://play.google.com/store/apps/details?id=com.carrot.carrotfantasy ......
Success to get info from Play Store
The lastest version of com.carrot.carrotfantasy-1.apk is  1.1.0  
Done processing com.carrot.carrotfantasy-1.apk
Time Spent:   0 Days 0 Hours 0 Minutes 4 Seconds

============================================================================
2/2 Starting processing com.ember.bingoSD-1.apk ......
Getting apk info from https://play.google.com/store/apps/details?id=com.ember.bingoSD ......
Success to get info from Play Store
The lastest version of com.ember.bingoSD-1.apk is  1.2.2  
Done processing com.ember.bingoSD-1.apk
Time Spent:   0 Days 0 Hours 0 Minutes 7 Seconds

============================================================================


**************************************************************
All Done
Total Time:   0 Days 0 Hours 0 Minutes 7 Seconds
Result Location:               /srv/www/htdocs/CV2/app/admin/scan_apk_version//results/AppInfo_2013-10-21-17-08-04.csv
**************************************************************
