Start processing app in list /share/Git-Apk/Updated_list from /share/Git-Apk/All_Apk  ......

============================================================================
1/17 Starting processing air.com.oranginalplan.weaphonesww2-1.apk ......
Getting apk info from https://play.google.com/store/apps/details?id=air.com.oranginalplan.weaphonesww2 ......
Success to get info from Play Store
The lastest version of air.com.oranginalplan.weaphonesww2-1.apk is 1.0.0
Done processing air.com.oranginalplan.weaphonesww2-1.apk
Time Spent:   0 Days 0 Hours 0 Minutes 2 Seconds

============================================================================
2/17 Starting processing com.IMStudio.PocketRally-1.apk ......
Getting apk info from https://play.google.com/store/apps/details?id=com.IMStudio.PocketRally ......
Success to get info from Play Store
The lastest version of com.IMStudio.PocketRally-1.apk is 1.0.2
Done processing com.IMStudio.PocketRally-1.apk
Time Spent:   0 Days 0 Hours 0 Minutes 4 Seconds

============================================================================
3/17 Starting processing com.P3D.Pixlgun-1.apk ......
Getting apk info from https://play.google.com/store/apps/details?id=com.P3D.Pixlgun ......
Success to get info from Play Store
The lastest version of com.P3D.Pixlgun-1.apk is 2.7
Done processing com.P3D.Pixlgun-1.apk
Time Spent:   0 Days 0 Hours 0 Minutes 5 Seconds

============================================================================
4/17 Starting processing com.basevelocity.radarscope-1.apk ......
Getting apk info from https://play.google.com/store/apps/details?id=com.basevelocity.radarscope ......
Success to get info from Play Store
The lastest version of com.basevelocity.radarscope-1.apk is 2.0.3
Done processing com.basevelocity.radarscope-1.apk
Time Spent:   0 Days 0 Hours 0 Minutes 9 Seconds

============================================================================
5/17 Starting processing com.cloudmosa.puffin-1.apk ......
Getting apk info from https://play.google.com/store/apps/details?id=com.cloudmosa.puffin ......
Success to get info from Play Store
The lastest version of com.cloudmosa.puffin-1.apk is 2.4.9076
Done processing com.cloudmosa.puffin-1.apk
Time Spent:   0 Days 0 Hours 0 Minutes 11 Seconds

============================================================================
6/17 Starting processing com.dama.camera2-1.apk ......
Getting apk info from https://play.google.com/store/apps/details?id=com.dama.camera2 ......
Success to get info from Play Store
The lastest version of com.dama.camera2-1.apk is 1.0.5
Done processing com.dama.camera2-1.apk
Time Spent:   0 Days 0 Hours 0 Minutes 14 Seconds

============================================================================
7/17 Starting processing com.daysofwonder.tt.android-1.apk ......
Getting apk info from https://play.google.com/store/apps/details?id=com.daysofwonder.tt.android ......
Success to get info from Play Store
The lastest version of com.daysofwonder.tt.android-1.apk is 1.5.0-304-8a6f7834
Done processing com.daysofwonder.tt.android-1.apk
Time Spent:   0 Days 0 Hours 0 Minutes 16 Seconds

============================================================================
8/17 Starting processing com.perracolabs.cp-1.apk ......
Getting apk info from https://play.google.com/store/apps/details?id=com.perracolabs.cp ......
Success to get info from Play Store
The lastest version of com.perracolabs.cp-1.apk is 1.7.6
Done processing com.perracolabs.cp-1.apk
Time Spent:   0 Days 0 Hours 0 Minutes 19 Seconds

============================================================================
9/17 Starting processing com.playfirst.playground.dinerdashdeluxe-1.apk ......
Getting apk info from https://play.google.com/store/apps/details?id=com.playfirst.playground.dinerdashdeluxe ......
Success to get info from Play Store
The lastest version of com.playfirst.playground.dinerdashdeluxe-1.apk is 3.25.1
Done processing com.playfirst.playground.dinerdashdeluxe-1.apk
Time Spent:   0 Days 0 Hours 0 Minutes 21 Seconds

============================================================================
10/17 Starting processing com.russpuppy.toddlercars2-1.apk ......
Getting apk info from https://play.google.com/store/apps/details?id=com.russpuppy.toddlercars2 ......
Success to get info from Play Store
The lastest version of com.russpuppy.toddlercars2-1.apk is 1.24
Done processing com.russpuppy.toddlercars2-1.apk
Time Spent:   0 Days 0 Hours 0 Minutes 24 Seconds

============================================================================
11/17 Starting processing com.sega.sonic1-1.apk ......
Getting apk info from https://play.google.com/store/apps/details?id=com.sega.sonic1 ......
Success to get info from Play Store
The lastest version of com.sega.sonic1-1.apk is 1.0.3
Done processing com.sega.sonic1-1.apk
Time Spent:   0 Days 0 Hours 0 Minutes 27 Seconds

============================================================================
12/17 Starting processing com.sixtostart.zombies5k-1.apk ......
Getting apk info from https://play.google.com/store/apps/details?id=com.sixtostart.zombies5k ......
Success to get info from Play Store
The lastest version of com.sixtostart.zombies5k-1.apk is 1.1
Done processing com.sixtostart.zombies5k-1.apk
Time Spent:   0 Days 0 Hours 0 Minutes 29 Seconds

============================================================================
13/17 Starting processing com.tocaboca.hairsalon2-1.apk ......
Getting apk info from https://play.google.com/store/apps/details?id=com.tocaboca.hairsalon2 ......
Success to get info from Play Store
The lastest version of com.tocaboca.hairsalon2-1.apk is 1.0.2
Done processing com.tocaboca.hairsalon2-1.apk
Time Spent:   0 Days 0 Hours 0 Minutes 32 Seconds

============================================================================
14/17 Starting processing com.vividgames.realboxing-1.apk ......
Getting apk info from https://play.google.com/store/apps/details?id=com.vividgames.realboxing ......
Success to get info from Play Store
The lastest version of com.vividgames.realboxing-1.apk is Varies with device
Done processing com.vividgames.realboxing-1.apk
Time Spent:   0 Days 0 Hours 0 Minutes 34 Seconds

============================================================================
15/17 Starting processing com.wb.ManOfSteel-1.apk ......
Getting apk info from https://play.google.com/store/apps/details?id=com.wb.ManOfSteel ......
Success to get info from Play Store
The lastest version of com.wb.ManOfSteel-1.apk is Varies with device
Done processing com.wb.ManOfSteel-1.apk
Time Spent:   0 Days 0 Hours 0 Minutes 37 Seconds

============================================================================
16/17 Starting processing com.zenstudios.MarvelPinball-1.apk ......
Getting apk info from https://play.google.com/store/apps/details?id=com.zenstudios.MarvelPinball ......
Success to get info from Play Store
The lastest version of com.zenstudios.MarvelPinball-1.apk is 1.0
Done processing com.zenstudios.MarvelPinball-1.apk
Time Spent:   0 Days 0 Hours 0 Minutes 39 Seconds

============================================================================
17/17 Starting processing opotech.starfieldLWP-1.apk ......
Getting apk info from https://play.google.com/store/apps/details?id=opotech.starfieldLWP ......
Success to get info from Play Store
The lastest version of opotech.starfieldLWP-1.apk is 1.0.10
Done processing opotech.starfieldLWP-1.apk
Time Spent:   0 Days 0 Hours 0 Minutes 42 Seconds

============================================================================


**************************************************************
All Done
Total Time:   0 Days 0 Hours 0 Minutes 42 Seconds
Result Location:               /srv/www/htdocs/CV2/app/admin/scan_apk_version//results/AppInfo_2013-06-20-11-29-36.csv
**************************************************************
