Start processing app in list /share/Git-Apk/Updated_list from /share/Git-Apk/All_Apk  ......

============================================================================
1/8 Starting processing com.antutu.ABenchMark-1.apk ......
Getting apk info from https://play.google.com/store/apps/details?id=com.antutu.ABenchMark ......
Success to get info from Play Store
The lastest version of com.antutu.ABenchMark-1.apk is 3.3
Done processing com.antutu.ABenchMark-1.apk
Time Spent:   0 Days 0 Hours 0 Minutes 2 Seconds

============================================================================
2/8 Starting processing com.aurorasoftworks.quadrant.ui.standard-1.apk ......
Getting apk info from https://play.google.com/store/apps/details?id=com.aurorasoftworks.quadrant.ui.standard ......
Success to get info from Play Store
The lastest version of com.aurorasoftworks.quadrant.ui.standard-1.apk is 2.1.1
Done processing com.aurorasoftworks.quadrant.ui.standard-1.apk
Time Spent:   0 Days 0 Hours 0 Minutes 5 Seconds

============================================================================
3/8 Starting processing com.electronmagic-1.apk ......
Getting apk info from https://play.google.com/store/apps/details?id=com.electronmagic ......
Success to get info from Play Store
The lastest version of com.electronmagic-1.apk is 1.4
Done processing com.electronmagic-1.apk
Time Spent:   0 Days 0 Hours 0 Minutes 8 Seconds

============================================================================
4/8 Starting processing com.futuremark.dmandroid.application-1.apk ......
Getting apk info from https://play.google.com/store/apps/details?id=com.futuremark.dmandroid.application ......
Success to get info from Play Store
The lastest version of com.futuremark.dmandroid.application-1.apk is 1.0.2-1109
Done processing com.futuremark.dmandroid.application-1.apk
Time Spent:   0 Days 0 Hours 0 Minutes 10 Seconds

============================================================================
5/8 Starting processing com.glbenchmark.glbenchmark27-1.apk ......
Getting apk info from https://play.google.com/store/apps/details?id=com.glbenchmark.glbenchmark27 ......
Success to get info from Play Store
The lastest version of com.glbenchmark.glbenchmark27-1.apk is 2.7
Done processing com.glbenchmark.glbenchmark27-1.apk
Time Spent:   0 Days 0 Hours 0 Minutes 13 Seconds

============================================================================
6/8 Starting processing com.ironingboard.bowman-1.apk ......
Getting apk info from https://play.google.com/store/apps/details?id=com.ironingboard.bowman ......
[ERROR] : Cannot find info of com.ironingboard.bowman-1.apk on https://play.google.com/store/apps/details?id=com.ironingboard.bowman !!!
Done processing com.ironingboard.bowman-1.apk
Time Spent:   0 Days 0 Hours 0 Minutes 14 Seconds

============================================================================
7/8 Starting processing com.rightware.tdmm2v10jnifree-1.apk ......
Getting apk info from https://play.google.com/store/apps/details?id=com.rightware.tdmm2v10jnifree ......
Success to get info from Play Store
The lastest version of com.rightware.tdmm2v10jnifree-1.apk is 1.2
Done processing com.rightware.tdmm2v10jnifree-1.apk
Time Spent:   0 Days 0 Hours 0 Minutes 17 Seconds

============================================================================
8/8 Starting processing com.twitter.android-1.apk ......
Getting apk info from https://play.google.com/store/apps/details?id=com.twitter.android ......
Success to get info from Play Store
The lastest version of com.twitter.android-1.apk is Varies with device
Done processing com.twitter.android-1.apk
Time Spent:   0 Days 0 Hours 0 Minutes 19 Seconds

============================================================================


**************************************************************
All Done
Total Time:   0 Days 0 Hours 0 Minutes 19 Seconds
Result Location:               /srv/www/htdocs/CV2/app/admin/scan_apk_version//results/AppInfo_2013-05-09-10-02-54.csv
**************************************************************
