Start processing app in list /share/Git-Apk/Updated_list from /share/Git-Apk/All_Apk  ......

============================================================================
1/2 Starting processing com.kamitu.drawsth.standalone.free.android-1.apk ......
Getting apk info from https://play.google.com/store/apps/details?id=com.kamitu.drawsth.standalone.free.android ......
Success to get info from Play Store
The lastest version of com.kamitu.drawsth.standalone.free.android-1.apk is  1.43  
Done processing com.kamitu.drawsth.standalone.free.android-1.apk
Time Spent:   0 Days 0 Hours 0 Minutes 5 Seconds

============================================================================
2/2 Starting processing com.lmj.bombTWBP-1.apk ......
Getting apk info from https://play.google.com/store/apps/details?id=com.lmj.bombTWBP ......
Success to get info from Play Store
The lastest version of com.lmj.bombTWBP-1.apk is  1.0.63  
Done processing com.lmj.bombTWBP-1.apk
Time Spent:   0 Days 0 Hours 0 Minutes 8 Seconds

============================================================================


**************************************************************
All Done
Total Time:   0 Days 0 Hours 0 Minutes 8 Seconds
Result Location:               /srv/www/htdocs/CV2/app/admin/scan_apk_version//results/AppInfo_2013-11-07-14-13-30.csv
**************************************************************
