Start processing app in list /share/Git-Apk/Updated_list from /share/Git-Apk/All_Apk  ......

============================================================================
1/68 Starting processing air.BattleofZombies-1.apk ......
Getting apk info from https://play.google.com/store/apps/details?id=air.BattleofZombies ......
Success to get info from Play Store
The lastest version of air.BattleofZombies-1.apk is  1.0.40  
Done processing air.BattleofZombies-1.apk
Time Spent:   0 Days 0 Hours 0 Minutes 3 Seconds

============================================================================
2/68 Starting processing air.com.ea.game.monopolyslots_na-1.apk ......
Getting apk info from https://play.google.com/store/apps/details?id=air.com.ea.game.monopolyslots_na ......
Success to get info from Play Store
The lastest version of air.com.ea.game.monopolyslots_na-1.apk is  1.2.17  
Done processing air.com.ea.game.monopolyslots_na-1.apk
Time Spent:   0 Days 0 Hours 0 Minutes 8 Seconds

============================================================================
3/68 Starting processing air.com.freshplanet.games.MoviePop-1.apk ......
Getting apk info from https://play.google.com/store/apps/details?id=air.com.freshplanet.games.MoviePop ......
Success to get info from Play Store
The lastest version of air.com.freshplanet.games.MoviePop-1.apk is  1.0.12  
Done processing air.com.freshplanet.games.MoviePop-1.apk
Time Spent:   0 Days 0 Hours 0 Minutes 12 Seconds

============================================================================
4/68 Starting processing air.com.game.winwinslots-1.apk ......
Getting apk info from https://play.google.com/store/apps/details?id=air.com.game.winwinslots ......
Success to get info from Play Store
The lastest version of air.com.game.winwinslots-1.apk is  1.8.1  
Done processing air.com.game.winwinslots-1.apk
Time Spent:   0 Days 0 Hours 0 Minutes 15 Seconds

============================================================================
5/68 Starting processing air.com.gamesys.mobile.slots.jpj-1.apk ......
Getting apk info from https://play.google.com/store/apps/details?id=air.com.gamesys.mobile.slots.jpj ......
Success to get info from Play Store
The lastest version of air.com.gamesys.mobile.slots.jpj-1.apk is  0.7.07  
Done processing air.com.gamesys.mobile.slots.jpj-1.apk
Time Spent:   0 Days 0 Hours 0 Minutes 18 Seconds

============================================================================
6/68 Starting processing at.ner.lepsWorld3Plus-1.apk ......
Getting apk info from https://play.google.com/store/apps/details?id=at.ner.lepsWorld3Plus ......
Success to get info from Play Store
The lastest version of at.ner.lepsWorld3Plus-1.apk is  1.1  
Done processing at.ner.lepsWorld3Plus-1.apk
Time Spent:   0 Days 0 Hours 0 Minutes 22 Seconds

============================================================================
7/68 Starting processing co.happybits.anyvideo.kik-1.apk ......
Getting apk info from https://play.google.com/store/apps/details?id=co.happybits.anyvideo.kik ......
Success to get info from Play Store
The lastest version of co.happybits.anyvideo.kik-1.apk is  1.1.3  
Done processing co.happybits.anyvideo.kik-1.apk
Time Spent:   0 Days 0 Hours 0 Minutes 26 Seconds

============================================================================
8/68 Starting processing com.D9.hero.zqgame.en.andriodgp-1.apk ......
Getting apk info from https://play.google.com/store/apps/details?id=com.D9.hero.zqgame.en.andriodgp ......
Success to get info from Play Store
The lastest version of com.D9.hero.zqgame.en.andriodgp-1.apk is  1.4.7  
Done processing com.D9.hero.zqgame.en.andriodgp-1.apk
Time Spent:   0 Days 0 Hours 0 Minutes 29 Seconds

============================================================================
9/68 Starting processing com.activision.callofduty.mobile-1.apk ......
Getting apk info from https://play.google.com/store/apps/details?id=com.activision.callofduty.mobile ......
Success to get info from Play Store
The lastest version of com.activision.callofduty.mobile-1.apk is  1.0.204  
Done processing com.activision.callofduty.mobile-1.apk
Time Spent:   0 Days 0 Hours 0 Minutes 33 Seconds

============================================================================
10/68 Starting processing com.adsk.sketchbookhd-1.apk ......
Getting apk info from https://play.google.com/store/apps/details?id=com.adsk.sketchbookhd ......
Success to get info from Play Store
The lastest version of com.adsk.sketchbookhd-1.apk is  2.8.2  
Done processing com.adsk.sketchbookhd-1.apk
Time Spent:   0 Days 0 Hours 0 Minutes 37 Seconds

============================================================================
11/68 Starting processing com.bbm-1.apk ......
Getting apk info from https://play.google.com/store/apps/details?id=com.bbm ......
Success to get info from Play Store
The lastest version of com.bbm-1.apk is  1.0.2.83  
Done processing com.bbm-1.apk
Time Spent:   0 Days 0 Hours 0 Minutes 41 Seconds

============================================================================
12/68 Starting processing com.bible.kids-1.apk ......
Getting apk info from https://play.google.com/store/apps/details?id=com.bible.kids ......
Success to get info from Play Store
The lastest version of com.bible.kids-1.apk is  1.01  
Done processing com.bible.kids-1.apk
Time Spent:   0 Days 0 Hours 0 Minutes 45 Seconds

============================================================================
13/68 Starting processing com.catdaddy.nba2kmobile-1.apk ......
Getting apk info from https://play.google.com/store/apps/details?id=com.catdaddy.nba2kmobile ......
Success to get info from Play Store
The lastest version of com.catdaddy.nba2kmobile-1.apk is  1.0.0.79450  
Done processing com.catdaddy.nba2kmobile-1.apk
Time Spent:   0 Days 0 Hours 0 Minutes 49 Seconds

============================================================================
14/68 Starting processing com.cheerfulinc.flipagram-1.apk ......
Getting apk info from https://play.google.com/store/apps/details?id=com.cheerfulinc.flipagram ......
Success to get info from Play Store
The lastest version of com.cheerfulinc.flipagram-1.apk is  1.0.76  
Done processing com.cheerfulinc.flipagram-1.apk
Time Spent:   0 Days 0 Hours 0 Minutes 52 Seconds

============================================================================
15/68 Starting processing com.degoo.android.coffee-1.apk ......
Getting apk info from https://play.google.com/store/apps/details?id=com.degoo.android.coffee ......
Success to get info from Play Store
The lastest version of com.degoo.android.coffee-1.apk is  1.0.1  
Done processing com.degoo.android.coffee-1.apk
Time Spent:   0 Days 0 Hours 0 Minutes 56 Seconds

============================================================================
16/68 Starting processing com.degoo.android.washpet-1.apk ......
Getting apk info from https://play.google.com/store/apps/details?id=com.degoo.android.washpet ......
Success to get info from Play Store
The lastest version of com.degoo.android.washpet-1.apk is  1.0.1  
Done processing com.degoo.android.washpet-1.apk
Time Spent:   0 Days 0 Hours 1 Minutes 0 Seconds

============================================================================
17/68 Starting processing com.disney.disneyinfinityaction_goo-1.apk ......
Getting apk info from https://play.google.com/store/apps/details?id=com.disney.disneyinfinityaction_goo ......
Success to get info from Play Store
The lastest version of com.disney.disneyinfinityaction_goo-1.apk is  1.0.1  
Done processing com.disney.disneyinfinityaction_goo-1.apk
Time Spent:   0 Days 0 Hours 1 Minutes 5 Seconds

============================================================================
18/68 Starting processing com.djinnworks.StickmanSoccer-1.apk ......
Getting apk info from https://play.google.com/store/apps/details?id=com.djinnworks.StickmanSoccer ......
Success to get info from Play Store
The lastest version of com.djinnworks.StickmanSoccer-1.apk is  1.6  
Done processing com.djinnworks.StickmanSoccer-1.apk
Time Spent:   0 Days 0 Hours 1 Minutes 9 Seconds

============================================================================
19/68 Starting processing com.ea.game.monopolybingo_na-1.apk ......
Getting apk info from https://play.google.com/store/apps/details?id=com.ea.game.monopolybingo_na ......
Success to get info from Play Store
The lastest version of com.ea.game.monopolybingo_na-1.apk is  1.1.1  
Done processing com.ea.game.monopolybingo_na-1.apk
Time Spent:   0 Days 0 Hours 1 Minutes 14 Seconds

============================================================================
20/68 Starting processing com.ea.game.pvz2_na-1.apk ......
Getting apk info from https://play.google.com/store/apps/details?id=com.ea.game.pvz2_na ......
Success to get info from Play Store
The lastest version of com.ea.game.pvz2_na-1.apk is  1.6.257161  
Done processing com.ea.game.pvz2_na-1.apk
Time Spent:   0 Days 0 Hours 1 Minutes 18 Seconds

============================================================================
21/68 Starting processing com.fatbatstudio.archery-1.apk ......
Getting apk info from https://play.google.com/store/apps/details?id=com.fatbatstudio.archery ......
Success to get info from Play Store
The lastest version of com.fatbatstudio.archery-1.apk is  1.2.1  
Done processing com.fatbatstudio.archery-1.apk
Time Spent:   0 Days 0 Hours 1 Minutes 22 Seconds

============================================================================
22/68 Starting processing com.g6677.android.babyspa-1.apk ......
Getting apk info from https://play.google.com/store/apps/details?id=com.g6677.android.babyspa ......
Success to get info from Play Store
The lastest version of com.g6677.android.babyspa-1.apk is  1.0.1  
Done processing com.g6677.android.babyspa-1.apk
Time Spent:   0 Days 0 Hours 1 Minutes 25 Seconds

============================================================================
23/68 Starting processing com.g6677.android.design-1.apk ......
Getting apk info from https://play.google.com/store/apps/details?id=com.g6677.android.design ......
Success to get info from Play Store
The lastest version of com.g6677.android.design-1.apk is  1.0.0  
Done processing com.g6677.android.design-1.apk
Time Spent:   0 Days 0 Hours 1 Minutes 29 Seconds

============================================================================
24/68 Starting processing com.g6677.android.lpetvet-1.apk ......
Getting apk info from https://play.google.com/store/apps/details?id=com.g6677.android.lpetvet ......
Success to get info from Play Store
The lastest version of com.g6677.android.lpetvet-1.apk is  1.0.1  
Done processing com.g6677.android.lpetvet-1.apk
Time Spent:   0 Days 0 Hours 1 Minutes 33 Seconds

============================================================================
25/68 Starting processing com.g6677.android.petnail-1.apk ......
Getting apk info from https://play.google.com/store/apps/details?id=com.g6677.android.petnail ......
Success to get info from Play Store
The lastest version of com.g6677.android.petnail-1.apk is  1.0.1  
Done processing com.g6677.android.petnail-1.apk
Time Spent:   0 Days 0 Hours 1 Minutes 37 Seconds

============================================================================
26/68 Starting processing com.gamecircus.moviez-1.apk ......
Getting apk info from https://play.google.com/store/apps/details?id=com.gamecircus.moviez ......
Success to get info from Play Store
The lastest version of com.gamecircus.moviez-1.apk is    Varies with device  
Done processing com.gamecircus.moviez-1.apk
Time Spent:   0 Days 0 Hours 1 Minutes 42 Seconds

============================================================================
27/68 Starting processing com.gameday.AnRoom_MKT-1.apk ......
Getting apk info from https://play.google.com/store/apps/details?id=com.gameday.AnRoom_MKT ......
Success to get info from Play Store
The lastest version of com.gameday.AnRoom_MKT-1.apk is  1.0.2  
Done processing com.gameday.AnRoom_MKT-1.apk
Time Spent:   0 Days 0 Hours 1 Minutes 46 Seconds

============================================================================
28/68 Starting processing com.gamehivecorp.bossrace-1.apk ......
Getting apk info from https://play.google.com/store/apps/details?id=com.gamehivecorp.bossrace ......
Success to get info from Play Store
The lastest version of com.gamehivecorp.bossrace-1.apk is  1.5.1  
Done processing com.gamehivecorp.bossrace-1.apk
Time Spent:   0 Days 0 Hours 1 Minutes 50 Seconds

============================================================================
29/68 Starting processing com.gamevil.spiritstones.global.free-1.apk ......
Getting apk info from https://play.google.com/store/apps/details?id=com.gamevil.spiritstones.global.free ......
Success to get info from Play Store
The lastest version of com.gamevil.spiritstones.global.free-1.apk is  1.1.1  
Done processing com.gamevil.spiritstones.global.free-1.apk
Time Spent:   0 Days 0 Hours 1 Minutes 54 Seconds

============================================================================
30/68 Starting processing com.jumpgames.rswrb-1.apk ......
Getting apk info from https://play.google.com/store/apps/details?id=com.jumpgames.rswrb ......
Success to get info from Play Store
The lastest version of com.jumpgames.rswrb-1.apk is  3.3.49  
Done processing com.jumpgames.rswrb-1.apk
Time Spent:   0 Days 0 Hours 1 Minutes 59 Seconds

============================================================================
31/68 Starting processing com.kakapo.bingo-1.apk ......
Getting apk info from https://play.google.com/store/apps/details?id=com.kakapo.bingo ......
Success to get info from Play Store
The lastest version of com.kakapo.bingo-1.apk is  1.03  
Done processing com.kakapo.bingo-1.apk
Time Spent:   0 Days 0 Hours 2 Minutes 2 Seconds

============================================================================
32/68 Starting processing com.kiwi.westbound-1.apk ......
Getting apk info from https://play.google.com/store/apps/details?id=com.kiwi.westbound ......
Success to get info from Play Store
The lastest version of com.kiwi.westbound-1.apk is    Varies with device  
Done processing com.kiwi.westbound-1.apk
Time Spent:   0 Days 0 Hours 2 Minutes 6 Seconds

============================================================================
33/68 Starting processing com.kongregate.mobile.sheephappens.google-1.apk ......
Getting apk info from https://play.google.com/store/apps/details?id=com.kongregate.mobile.sheephappens.google ......
Success to get info from Play Store
The lastest version of com.kongregate.mobile.sheephappens.google-1.apk is  1.7.8  
Done processing com.kongregate.mobile.sheephappens.google-1.apk
Time Spent:   0 Days 0 Hours 2 Minutes 10 Seconds

============================================================================
34/68 Starting processing com.lbcs.virtualbraces-1.apk ......
Getting apk info from https://play.google.com/store/apps/details?id=com.lbcs.virtualbraces ......
Success to get info from Play Store
The lastest version of com.lbcs.virtualbraces-1.apk is  1.0  
Done processing com.lbcs.virtualbraces-1.apk
Time Spent:   0 Days 0 Hours 2 Minutes 13 Seconds

============================================================================
35/68 Starting processing com.limbic.ac130-1.apk ......
Getting apk info from https://play.google.com/store/apps/details?id=com.limbic.ac130 ......
Success to get info from Play Store
The lastest version of com.limbic.ac130-1.apk is  1.11  
Done processing com.limbic.ac130-1.apk
Time Spent:   0 Days 0 Hours 2 Minutes 17 Seconds

============================================================================
36/68 Starting processing com.lucasarts.tinydeathstar_goo-1.apk ......
Getting apk info from https://play.google.com/store/apps/details?id=com.lucasarts.tinydeathstar_goo ......
Success to get info from Play Store
The lastest version of com.lucasarts.tinydeathstar_goo-1.apk is  1.1.2  
Done processing com.lucasarts.tinydeathstar_goo-1.apk
Time Spent:   0 Days 0 Hours 2 Minutes 20 Seconds

============================================================================
37/68 Starting processing com.magmamobile.game.Fireman-1.apk ......
Getting apk info from https://play.google.com/store/apps/details?id=com.magmamobile.game.Fireman ......
Success to get info from Play Store
The lastest version of com.magmamobile.game.Fireman-1.apk is  1.0.2  
Done processing com.magmamobile.game.Fireman-1.apk
Time Spent:   0 Days 0 Hours 2 Minutes 24 Seconds

============================================================================
38/68 Starting processing com.marvel.avengersalliance_goo-1.apk ......
Getting apk info from https://play.google.com/store/apps/details?id=com.marvel.avengersalliance_goo ......
Success to get info from Play Store
The lastest version of com.marvel.avengersalliance_goo-1.apk is  2.00  
Done processing com.marvel.avengersalliance_goo-1.apk
Time Spent:   0 Days 0 Hours 2 Minutes 28 Seconds

============================================================================
39/68 Starting processing com.microsoft.xboxone.smartglass-1.apk ......
Getting apk info from https://play.google.com/store/apps/details?id=com.microsoft.xboxone.smartglass ......
Success to get info from Play Store
The lastest version of com.microsoft.xboxone.smartglass-1.apk is  2.0  
Done processing com.microsoft.xboxone.smartglass-1.apk
Time Spent:   0 Days 0 Hours 2 Minutes 33 Seconds

============================================================================
40/68 Starting processing com.midasplayer.apps.papapearsaga-1.apk ......
Getting apk info from https://play.google.com/store/apps/details?id=com.midasplayer.apps.papapearsaga ......
Success to get info from Play Store
The lastest version of com.midasplayer.apps.papapearsaga-1.apk is    Varies with device  
Done processing com.midasplayer.apps.papapearsaga-1.apk
Time Spent:   0 Days 0 Hours 2 Minutes 37 Seconds

============================================================================
41/68 Starting processing com.mohitdev.minebuild-1.apk ......
Getting apk info from https://play.google.com/store/apps/details?id=com.mohitdev.minebuild ......
Success to get info from Play Store
The lastest version of com.mohitdev.minebuild-1.apk is  2.0  
Done processing com.mohitdev.minebuild-1.apk
Time Spent:   0 Days 0 Hours 2 Minutes 40 Seconds

============================================================================
42/68 Starting processing com.nuttyapps.pet.vet.doctor-1.apk ......
Getting apk info from https://play.google.com/store/apps/details?id=com.nuttyapps.pet.vet.doctor ......
Success to get info from Play Store
The lastest version of com.nuttyapps.pet.vet.doctor-1.apk is  1.0.1  
Done processing com.nuttyapps.pet.vet.doctor-1.apk
Time Spent:   0 Days 0 Hours 2 Minutes 43 Seconds

============================================================================
43/68 Starting processing com.oceanred.gladiatorbattlecraft3d-1.apk ......
Getting apk info from https://play.google.com/store/apps/details?id=com.oceanred.gladiatorbattlecraft3d ......
Success to get info from Play Store
The lastest version of com.oceanred.gladiatorbattlecraft3d-1.apk is  1.1  
Done processing com.oceanred.gladiatorbattlecraft3d-1.apk
Time Spent:   0 Days 0 Hours 2 Minutes 47 Seconds

============================================================================
44/68 Starting processing com.outfit7.mytalkingtomfree-1.apk ......
Getting apk info from https://play.google.com/store/apps/details?id=com.outfit7.mytalkingtomfree ......
Success to get info from Play Store
The lastest version of com.outfit7.mytalkingtomfree-1.apk is  1.2  
Done processing com.outfit7.mytalkingtomfree-1.apk
Time Spent:   0 Days 0 Hours 2 Minutes 51 Seconds

============================================================================
45/68 Starting processing com.pikpok.fkf2.play-1.apk ......
Getting apk info from https://play.google.com/store/apps/details?id=com.pikpok.fkf2.play ......
Success to get info from Play Store
The lastest version of com.pikpok.fkf2.play-1.apk is    Varies with device  
Done processing com.pikpok.fkf2.play-1.apk
Time Spent:   0 Days 0 Hours 2 Minutes 55 Seconds

============================================================================
46/68 Starting processing com.playtika.wsop.gp-1.apk ......
Getting apk info from https://play.google.com/store/apps/details?id=com.playtika.wsop.gp ......
Success to get info from Play Store
The lastest version of com.playtika.wsop.gp-1.apk is  2.0.1  
Done processing com.playtika.wsop.gp-1.apk
Time Spent:   0 Days 0 Hours 2 Minutes 59 Seconds

============================================================================
47/68 Starting processing com.reliancegames.hgpanemrun-1.apk ......
Getting apk info from https://play.google.com/store/apps/details?id=com.reliancegames.hgpanemrun ......
Success to get info from Play Store
The lastest version of com.reliancegames.hgpanemrun-1.apk is  1.0.5  
Done processing com.reliancegames.hgpanemrun-1.apk
Time Spent:   0 Days 0 Hours 3 Minutes 3 Seconds

============================================================================
48/68 Starting processing com.scopely.skeeball-1.apk ......
Getting apk info from https://play.google.com/store/apps/details?id=com.scopely.skeeball ......
Success to get info from Play Store
The lastest version of com.scopely.skeeball-1.apk is  1.4.0  
Done processing com.scopely.skeeball-1.apk
Time Spent:   0 Days 0 Hours 3 Minutes 7 Seconds

============================================================================
49/68 Starting processing com.skgames.trafficracer-1.apk ......
Getting apk info from https://play.google.com/store/apps/details?id=com.skgames.trafficracer ......
Success to get info from Play Store
The lastest version of com.skgames.trafficracer-1.apk is  1.6.5  
Done processing com.skgames.trafficracer-1.apk
Time Spent:   0 Days 0 Hours 3 Minutes 11 Seconds

============================================================================
50/68 Starting processing com.supercell.hayday-1.apk ......
Getting apk info from https://play.google.com/store/apps/details?id=com.supercell.hayday ......
Success to get info from Play Store
The lastest version of com.supercell.hayday-1.apk is  1.15.38  
Done processing com.supercell.hayday-1.apk
Time Spent:   0 Days 0 Hours 3 Minutes 14 Seconds

============================================================================
51/68 Starting processing com.supersolid.adventuretown-1.apk ......
Getting apk info from https://play.google.com/store/apps/details?id=com.supersolid.adventuretown ......
Success to get info from Play Store
The lastest version of com.supersolid.adventuretown-1.apk is    Varies with device  
Done processing com.supersolid.adventuretown-1.apk
Time Spent:   0 Days 0 Hours 3 Minutes 18 Seconds

============================================================================
52/68 Starting processing com.tabtale.babyhouse-1.apk ......
Getting apk info from https://play.google.com/store/apps/details?id=com.tabtale.babyhouse ......
Success to get info from Play Store
The lastest version of com.tabtale.babyhouse-1.apk is  1.0.1  
Done processing com.tabtale.babyhouse-1.apk
Time Spent:   0 Days 0 Hours 3 Minutes 23 Seconds

============================================================================
53/68 Starting processing com.tabtale.princessspasalon-1.apk ......
Getting apk info from https://play.google.com/store/apps/details?id=com.tabtale.princessspasalon ......
Success to get info from Play Store
The lastest version of com.tabtale.princessspasalon-1.apk is  1.0.0  
Done processing com.tabtale.princessspasalon-1.apk
Time Spent:   0 Days 0 Hours 3 Minutes 27 Seconds

============================================================================
54/68 Starting processing com.teamlava.restaurantstory31-1.apk ......
Getting apk info from https://play.google.com/store/apps/details?id=com.teamlava.restaurantstory31 ......
Success to get info from Play Store
The lastest version of com.teamlava.restaurantstory31-1.apk is  1.5.5.7.7  
Done processing com.teamlava.restaurantstory31-1.apk
Time Spent:   0 Days 0 Hours 3 Minutes 34 Seconds

============================================================================
55/68 Starting processing com.thunderbull_entertainment.ultimateracer-1.apk ......
Getting apk info from https://play.google.com/store/apps/details?id=com.thunderbull_entertainment.ultimateracer ......
Success to get info from Play Store
The lastest version of com.thunderbull_entertainment.ultimateracer-1.apk is  1.7  
Done processing com.thunderbull_entertainment.ultimateracer-1.apk
Time Spent:   0 Days 0 Hours 3 Minutes 38 Seconds

============================================================================
56/68 Starting processing com.timekiller.arrowcraft-1.apk ......
Getting apk info from https://play.google.com/store/apps/details?id=com.timekiller.arrowcraft ......
Success to get info from Play Store
The lastest version of com.timekiller.arrowcraft-1.apk is  11.182  
Done processing com.timekiller.arrowcraft-1.apk
Time Spent:   0 Days 0 Hours 3 Minutes 42 Seconds

============================================================================
57/68 Starting processing com.tinidream.bingovegas-1.apk ......
Getting apk info from https://play.google.com/store/apps/details?id=com.tinidream.bingovegas ......
Success to get info from Play Store
The lastest version of com.tinidream.bingovegas-1.apk is  1.61  
Done processing com.tinidream.bingovegas-1.apk
Time Spent:   0 Days 0 Hours 3 Minutes 46 Seconds

============================================================================
58/68 Starting processing com.tongwei.lightning-1.apk ......
Getting apk info from https://play.google.com/store/apps/details?id=com.tongwei.lightning ......
Success to get info from Play Store
The lastest version of com.tongwei.lightning-1.apk is  1.2  
Done processing com.tongwei.lightning-1.apk
Time Spent:   0 Days 0 Hours 3 Minutes 50 Seconds

============================================================================
59/68 Starting processing com.trimanstudio.JetFlightSimulator3d-1.apk ......
Getting apk info from https://play.google.com/store/apps/details?id=com.trimanstudio.JetFlightSimulator3d ......
Success to get info from Play Store
The lastest version of com.trimanstudio.JetFlightSimulator3d-1.apk is  1.3  
Done processing com.trimanstudio.JetFlightSimulator3d-1.apk
Time Spent:   0 Days 0 Hours 3 Minutes 54 Seconds

============================================================================
60/68 Starting processing com.wb.goog.injustice-1.apk ......
Getting apk info from https://play.google.com/store/apps/details?id=com.wb.goog.injustice ......
Success to get info from Play Store
The lastest version of com.wb.goog.injustice-1.apk is    Varies with device  
Done processing com.wb.goog.injustice-1.apk
Time Spent:   0 Days 0 Hours 3 Minutes 59 Seconds

============================================================================
61/68 Starting processing com.webprancer.google.garfieldcookiedozer-1.apk ......
Getting apk info from https://play.google.com/store/apps/details?id=com.webprancer.google.garfieldcookiedozer ......
Success to get info from Play Store
The lastest version of com.webprancer.google.garfieldcookiedozer-1.apk is  1.0.1  
Done processing com.webprancer.google.garfieldcookiedozer-1.apk
Time Spent:   0 Days 0 Hours 4 Minutes 3 Seconds

============================================================================
62/68 Starting processing com.wizardgames.bg3dGO-1.apk ......
Getting apk info from https://play.google.com/store/apps/details?id=com.wizardgames.bg3dGO ......
Success to get info from Play Store
The lastest version of com.wizardgames.bg3dGO-1.apk is  1.0.8  
Done processing com.wizardgames.bg3dGO-1.apk
Time Spent:   0 Days 0 Hours 4 Minutes 7 Seconds

============================================================================
63/68 Starting processing com.wooga.jelly_splash-1.apk ......
Getting apk info from https://play.google.com/store/apps/details?id=com.wooga.jelly_splash ......
Success to get info from Play Store
The lastest version of com.wooga.jelly_splash-1.apk is    Varies with device  
Done processing com.wooga.jelly_splash-1.apk
Time Spent:   0 Days 0 Hours 4 Minutes 10 Seconds

============================================================================
64/68 Starting processing com.wordsmobile.nfl-1.apk ......
Getting apk info from https://play.google.com/store/apps/details?id=com.wordsmobile.nfl ......
Success to get info from Play Store
The lastest version of com.wordsmobile.nfl-1.apk is  1.5  
Done processing com.wordsmobile.nfl-1.apk
Time Spent:   0 Days 0 Hours 4 Minutes 14 Seconds

============================================================================
65/68 Starting processing com.xs.findobject-1.apk ......
Getting apk info from https://play.google.com/store/apps/details?id=com.xs.findobject ......
Success to get info from Play Store
The lastest version of com.xs.findobject-1.apk is  2.5  
Done processing com.xs.findobject-1.apk
Time Spent:   0 Days 0 Hours 4 Minutes 18 Seconds

============================================================================
66/68 Starting processing jp.gree.dragonrealms-1.apk ......
Getting apk info from https://play.google.com/store/apps/details?id=jp.gree.dragonrealms ......
Success to get info from Play Store
The lastest version of jp.gree.dragonrealms-1.apk is  1.3.15  
Done processing jp.gree.dragonrealms-1.apk
Time Spent:   0 Days 0 Hours 4 Minutes 22 Seconds

============================================================================
67/68 Starting processing ppl.unity.JuiceCubesBeta-1.apk ......
Getting apk info from https://play.google.com/store/apps/details?id=ppl.unity.JuiceCubesBeta ......
Success to get info from Play Store
The lastest version of ppl.unity.JuiceCubesBeta-1.apk is  1.10.09  
Done processing ppl.unity.JuiceCubesBeta-1.apk
Time Spent:   0 Days 0 Hours 4 Minutes 25 Seconds

============================================================================
68/68 Starting processing sts.bc-1.apk ......
Getting apk info from https://play.google.com/store/apps/details?id=sts.bc ......
Success to get info from Play Store
The lastest version of sts.bc-1.apk is  1.0.0.5  
Done processing sts.bc-1.apk
Time Spent:   0 Days 0 Hours 4 Minutes 30 Seconds

============================================================================


**************************************************************
All Done
Total Time:   0 Days 0 Hours 4 Minutes 30 Seconds
Result Location:               /srv/www/htdocs/CV2/app/admin/scan_apk_version//results/AppInfo_2013-12-10-10-44-36.csv
**************************************************************
