Start processing app in list /share/Git-Apk/Updated_list from /share/Git-Apk/All_Apk  ......

============================================================================
1/69 Starting processing air.com.befunky.BeFunkyPhotoEditor-1.apk ......
Getting apk info from https://play.google.com/store/apps/details?id=air.com.befunky.BeFunkyPhotoEditor ......
Success to get info from Play Store
The lastest version of air.com.befunky.BeFunkyPhotoEditor-1.apk is Varies with device
Done processing air.com.befunky.BeFunkyPhotoEditor-1.apk
Time Spent:   0 Days 0 Hours 0 Minutes 2 Seconds

============================================================================
2/69 Starting processing air.com.buffalo_studios.newflashbingo-1.apk ......
Getting apk info from https://play.google.com/store/apps/details?id=air.com.buffalo_studios.newflashbingo ......
Success to get info from Play Store
The lastest version of air.com.buffalo_studios.newflashbingo-1.apk is 2.6.0
Done processing air.com.buffalo_studios.newflashbingo-1.apk
Time Spent:   0 Days 0 Hours 0 Minutes 4 Seconds

============================================================================
3/69 Starting processing air.com.playtika.slotomania-1.apk ......
Getting apk info from https://play.google.com/store/apps/details?id=air.com.playtika.slotomania ......
Success to get info from Play Store
The lastest version of air.com.playtika.slotomania-1.apk is Varies with device
Done processing air.com.playtika.slotomania-1.apk
Time Spent:   0 Days 0 Hours 0 Minutes 5 Seconds

============================================================================
4/69 Starting processing air.com.slotgalaxy-1.apk ......
Getting apk info from https://play.google.com/store/apps/details?id=air.com.slotgalaxy ......
Success to get info from Play Store
The lastest version of air.com.slotgalaxy-1.apk is 1.0.75
Done processing air.com.slotgalaxy-1.apk
Time Spent:   0 Days 0 Hours 0 Minutes 7 Seconds

============================================================================
5/69 Starting processing ca.roofdog.roadtrip2-1.apk ......
Getting apk info from https://play.google.com/store/apps/details?id=ca.roofdog.roadtrip2 ......
Success to get info from Play Store
The lastest version of ca.roofdog.roadtrip2-1.apk is 2.3.1
Done processing ca.roofdog.roadtrip2-1.apk
Time Spent:   0 Days 0 Hours 0 Minutes 9 Seconds

============================================================================
6/69 Starting processing com.ShockPanda.CubesVsSpheres-1.apk ......
Getting apk info from https://play.google.com/store/apps/details?id=com.ShockPanda.CubesVsSpheres ......
Success to get info from Play Store
The lastest version of com.ShockPanda.CubesVsSpheres-1.apk is 1.24
Done processing com.ShockPanda.CubesVsSpheres-1.apk
Time Spent:   0 Days 0 Hours 0 Minutes 12 Seconds

============================================================================
7/69 Starting processing com.aceviral.agrr-1.apk ......
Getting apk info from https://play.google.com/store/apps/details?id=com.aceviral.agrr ......
Success to get info from Play Store
The lastest version of com.aceviral.agrr-1.apk is 1.1.5
Done processing com.aceviral.agrr-1.apk
Time Spent:   0 Days 0 Hours 0 Minutes 14 Seconds

============================================================================
8/69 Starting processing com.aceviral.angrygranrun-1.apk ......
Getting apk info from https://play.google.com/store/apps/details?id=com.aceviral.angrygranrun ......
Success to get info from Play Store
The lastest version of com.aceviral.angrygranrun-1.apk is 1.4.0.3
Done processing com.aceviral.angrygranrun-1.apk
Time Spent:   0 Days 0 Hours 0 Minutes 16 Seconds

============================================================================
9/69 Starting processing com.adobe.air-1.apk ......
Getting apk info from https://play.google.com/store/apps/details?id=com.adobe.air ......
Success to get info from Play Store
The lastest version of com.adobe.air-1.apk is 3.6.0.609
Done processing com.adobe.air-1.apk
Time Spent:   0 Days 0 Hours 0 Minutes 19 Seconds

============================================================================
10/69 Starting processing com.aitype.android.p-1.apk ......
Getting apk info from https://play.google.com/store/apps/details?id=com.aitype.android.p ......
Success to get info from Play Store
The lastest version of com.aitype.android.p-1.apk is 1.9.8.9
Done processing com.aitype.android.p-1.apk
Time Spent:   0 Days 0 Hours 0 Minutes 21 Seconds

============================================================================
11/69 Starting processing com.backflipstudios.android.dragonvale-1.apk ......
Getting apk info from https://play.google.com/store/apps/details?id=com.backflipstudios.android.dragonvale ......
Success to get info from Play Store
The lastest version of com.backflipstudios.android.dragonvale-1.apk is 1.14.1
Done processing com.backflipstudios.android.dragonvale-1.apk
Time Spent:   0 Days 0 Hours 0 Minutes 24 Seconds

============================================================================
12/69 Starting processing com.bubblezapgames.supergnes-1.apk ......
Getting apk info from https://play.google.com/store/apps/details?id=com.bubblezapgames.supergnes ......
Success to get info from Play Store
The lastest version of com.bubblezapgames.supergnes-1.apk is 1.3.8
Done processing com.bubblezapgames.supergnes-1.apk
Time Spent:   0 Days 0 Hours 0 Minutes 26 Seconds

============================================================================
13/69 Starting processing com.bubblezapgames.supergnes_lite-1.apk ......
Getting apk info from https://play.google.com/store/apps/details?id=com.bubblezapgames.supergnes_lite ......
Success to get info from Play Store
The lastest version of com.bubblezapgames.supergnes_lite-1.apk is 1.3.8
Done processing com.bubblezapgames.supergnes_lite-1.apk
Time Spent:   0 Days 0 Hours 0 Minutes 29 Seconds

============================================================================
14/69 Starting processing com.citrixonline.android.gotomeeting-1.apk ......
Getting apk info from https://play.google.com/store/apps/details?id=com.citrixonline.android.gotomeeting ......
Success to get info from Play Store
The lastest version of com.citrixonline.android.gotomeeting-1.apk is 5.0.799.1195
Done processing com.citrixonline.android.gotomeeting-1.apk
Time Spent:   0 Days 0 Hours 0 Minutes 31 Seconds

============================================================================
15/69 Starting processing com.com2us.nipb2013.normal.freefull.google.global.android.common-1.apk ......
Getting apk info from https://play.google.com/store/apps/details?id=com.com2us.nipb2013.normal.freefull.google.global.android.common ......
Success to get info from Play Store
The lastest version of com.com2us.nipb2013.normal.freefull.google.global.android.common-1.apk is 2.0.1
Done processing com.com2us.nipb2013.normal.freefull.google.global.android.common-1.apk
Time Spent:   0 Days 0 Hours 0 Minutes 34 Seconds

============================================================================
16/69 Starting processing com.cootek.smartdialer-1.apk ......
Getting apk info from https://play.google.com/store/apps/details?id=com.cootek.smartdialer ......
Success to get info from Play Store
The lastest version of com.cootek.smartdialer-1.apk is 4.5.7
Done processing com.cootek.smartdialer-1.apk
Time Spent:   0 Days 0 Hours 0 Minutes 36 Seconds

============================================================================
17/69 Starting processing com.cyworld.camera-1.apk ......
Getting apk info from https://play.google.com/store/apps/details?id=com.cyworld.camera ......
Success to get info from Play Store
The lastest version of com.cyworld.camera-1.apk is 1.3.2
Done processing com.cyworld.camera-1.apk
Time Spent:   0 Days 0 Hours 0 Minutes 39 Seconds

============================================================================
18/69 Starting processing com.dasur.slideit-1.apk ......
Getting apk info from https://play.google.com/store/apps/details?id=com.dasur.slideit ......
Success to get info from Play Store
The lastest version of com.dasur.slideit-1.apk is 6.0
Done processing com.dasur.slideit-1.apk
Time Spent:   0 Days 0 Hours 0 Minutes 42 Seconds

============================================================================
19/69 Starting processing com.distinctivegames.longboard-1.apk ......
Getting apk info from https://play.google.com/store/apps/details?id=com.distinctivegames.longboard ......
Success to get info from Play Store
The lastest version of com.distinctivegames.longboard-1.apk is 1.0.4
Done processing com.distinctivegames.longboard-1.apk
Time Spent:   0 Days 0 Hours 0 Minutes 49 Seconds

============================================================================
20/69 Starting processing com.ea.monopolymillionaire_na-1.apk ......
Getting apk info from https://play.google.com/store/apps/details?id=com.ea.monopolymillionaire_na ......
Success to get info from Play Store
The lastest version of com.ea.monopolymillionaire_na-1.apk is 1.7.4
Done processing com.ea.monopolymillionaire_na-1.apk
Time Spent:   0 Days 0 Hours 0 Minutes 52 Seconds

============================================================================
21/69 Starting processing com.easy.battery.saver-1.apk ......
Getting apk info from https://play.google.com/store/apps/details?id=com.easy.battery.saver ......
Success to get info from Play Store
The lastest version of com.easy.battery.saver-1.apk is 3.2.7
Done processing com.easy.battery.saver-1.apk
Time Spent:   0 Days 0 Hours 0 Minutes 54 Seconds

============================================================================
22/69 Starting processing com.ebay.mobile-1.apk ......
Getting apk info from https://play.google.com/store/apps/details?id=com.ebay.mobile ......
Success to get info from Play Store
The lastest version of com.ebay.mobile-1.apk is 2.1.3.1
Done processing com.ebay.mobile-1.apk
Time Spent:   0 Days 0 Hours 0 Minutes 57 Seconds

============================================================================
23/69 Starting processing com.fastemulator.gba-1.apk ......
Getting apk info from https://play.google.com/store/apps/details?id=com.fastemulator.gba ......
Success to get info from Play Store
The lastest version of com.fastemulator.gba-1.apk is 1.3.0
Done processing com.fastemulator.gba-1.apk
Time Spent:   0 Days 0 Hours 0 Minutes 59 Seconds

============================================================================
24/69 Starting processing com.fms.vgba-1.apk ......
Getting apk info from https://play.google.com/store/apps/details?id=com.fms.vgba ......
Success to get info from Play Store
The lastest version of com.fms.vgba-1.apk is 3.9.54
Done processing com.fms.vgba-1.apk
Time Spent:   0 Days 0 Hours 1 Minutes 1 Seconds

============================================================================
25/69 Starting processing com.gameloft.android.ANMP.GloftMMHM-1.apk ......
Getting apk info from https://play.google.com/store/apps/details?id=com.gameloft.android.ANMP.GloftMMHM ......
Success to get info from Play Store
The lastest version of com.gameloft.android.ANMP.GloftMMHM-1.apk is 1.3.0
Done processing com.gameloft.android.ANMP.GloftMMHM-1.apk
Time Spent:   0 Days 0 Hours 1 Minutes 4 Seconds

============================================================================
26/69 Starting processing com.giantssoftware.fs2012-1.apk ......
Getting apk info from https://play.google.com/store/apps/details?id=com.giantssoftware.fs2012 ......
Success to get info from Play Store
The lastest version of com.giantssoftware.fs2012-1.apk is 1.0.11
Done processing com.giantssoftware.fs2012-1.apk
Time Spent:   0 Days 0 Hours 1 Minutes 6 Seconds

============================================================================
27/69 Starting processing com.glu.carszombies-1.apk ......
Getting apk info from https://play.google.com/store/apps/details?id=com.glu.carszombies ......
Success to get info from Play Store
The lastest version of com.glu.carszombies-1.apk is 1.2.7
Done processing com.glu.carszombies-1.apk
Time Spent:   0 Days 0 Hours 1 Minutes 9 Seconds

============================================================================
28/69 Starting processing com.gogii.textplus-1.apk ......
Getting apk info from https://play.google.com/store/apps/details?id=com.gogii.textplus ......
Success to get info from Play Store
The lastest version of com.gogii.textplus-1.apk is 5.7.5.4326
Done processing com.gogii.textplus-1.apk
Time Spent:   0 Days 0 Hours 1 Minutes 12 Seconds

============================================================================
29/69 Starting processing com.goplaytoday.divers-1.apk ......
Getting apk info from https://play.google.com/store/apps/details?id=com.goplaytoday.divers ......
Success to get info from Play Store
The lastest version of com.goplaytoday.divers-1.apk is 1.33
Done processing com.goplaytoday.divers-1.apk
Time Spent:   0 Days 0 Hours 1 Minutes 14 Seconds

============================================================================
30/69 Starting processing com.gtp.nextlauncher-1.apk ......
Getting apk info from https://play.google.com/store/apps/details?id=com.gtp.nextlauncher ......
Success to get info from Play Store
The lastest version of com.gtp.nextlauncher-1.apk is 1.23
Done processing com.gtp.nextlauncher-1.apk
Time Spent:   0 Days 0 Hours 1 Minutes 17 Seconds

============================================================================
31/69 Starting processing com.herocraft.game.antraidgame-1.apk ......
Getting apk info from https://play.google.com/store/apps/details?id=com.herocraft.game.antraidgame ......
Success to get info from Play Store
The lastest version of com.herocraft.game.antraidgame-1.apk is 1.0.4
Done processing com.herocraft.game.antraidgame-1.apk
Time Spent:   0 Days 0 Hours 1 Minutes 19 Seconds

============================================================================
32/69 Starting processing com.herocraft.game.tinybangstory-1.apk ......
Getting apk info from https://play.google.com/store/apps/details?id=com.herocraft.game.tinybangstory ......
Success to get info from Play Store
The lastest version of com.herocraft.game.tinybangstory-1.apk is 1.0.21
Done processing com.herocraft.game.tinybangstory-1.apk
Time Spent:   0 Days 0 Hours 1 Minutes 22 Seconds

============================================================================
33/69 Starting processing com.hg.savethepuppiesfree-1.apk ......
Getting apk info from https://play.google.com/store/apps/details?id=com.hg.savethepuppiesfree ......
Success to get info from Play Store
The lastest version of com.hg.savethepuppiesfree-1.apk is 1.2.1
Done processing com.hg.savethepuppiesfree-1.apk
Time Spent:   0 Days 0 Hours 1 Minutes 25 Seconds

============================================================================
34/69 Starting processing com.imangi.templerun2-1.apk ......
Getting apk info from https://play.google.com/store/apps/details?id=com.imangi.templerun2 ......
Success to get info from Play Store
The lastest version of com.imangi.templerun2-1.apk is 1.1
Done processing com.imangi.templerun2-1.apk
Time Spent:   0 Days 0 Hours 1 Minutes 28 Seconds

============================================================================
35/69 Starting processing com.jb.gokeyboard-1.apk ......
Getting apk info from https://play.google.com/store/apps/details?id=com.jb.gokeyboard ......
Success to get info from Play Store
The lastest version of com.jb.gokeyboard-1.apk is 1.9.10
Done processing com.jb.gokeyboard-1.apk
Time Spent:   0 Days 0 Hours 1 Minutes 31 Seconds

============================================================================
36/69 Starting processing com.jumpgames.RealSteel-1.apk ......
Getting apk info from https://play.google.com/store/apps/details?id=com.jumpgames.RealSteel ......
Success to get info from Play Store
The lastest version of com.jumpgames.RealSteel-1.apk is 1.0.46
Done processing com.jumpgames.RealSteel-1.apk
Time Spent:   0 Days 0 Hours 1 Minutes 34 Seconds

============================================================================
37/69 Starting processing com.kauf.stickmanrun-1.apk ......
Getting apk info from https://play.google.com/store/apps/details?id=com.kauf.stickmanrun ......
Success to get info from Play Store
The lastest version of com.kauf.stickmanrun-1.apk is 5.0
Done processing com.kauf.stickmanrun-1.apk
Time Spent:   0 Days 0 Hours 1 Minutes 37 Seconds

============================================================================
38/69 Starting processing com.kiwi.shipwrecked-1.apk ......
Getting apk info from https://play.google.com/store/apps/details?id=com.kiwi.shipwrecked ......
Success to get info from Play Store
The lastest version of com.kiwi.shipwrecked-1.apk is 1.3.3
Done processing com.kiwi.shipwrecked-1.apk
Time Spent:   0 Days 0 Hours 1 Minutes 40 Seconds

============================================================================
39/69 Starting processing com.kms-1.apk ......
Getting apk info from https://play.google.com/store/apps/details?id=com.kms ......
Success to get info from Play Store
The lastest version of com.kms-1.apk is 9.10.141
Done processing com.kms-1.apk
Time Spent:   0 Days 0 Hours 1 Minutes 42 Seconds

============================================================================
40/69 Starting processing com.ludia.tpirslots-1.apk ......
Getting apk info from https://play.google.com/store/apps/details?id=com.ludia.tpirslots ......
Success to get info from Play Store
The lastest version of com.ludia.tpirslots-1.apk is 1.6.13
Done processing com.ludia.tpirslots-1.apk
Time Spent:   0 Days 0 Hours 1 Minutes 45 Seconds

============================================================================
41/69 Starting processing com.mdc.francetv-1.apk ......
Getting apk info from https://play.google.com/store/apps/details?id=com.mdc.francetv ......
Success to get info from Play Store
The lastest version of com.mdc.francetv-1.apk is 2.4
Done processing com.mdc.francetv-1.apk
Time Spent:   0 Days 0 Hours 1 Minutes 47 Seconds

============================================================================
42/69 Starting processing com.miniclip.plagueinc-1.apk ......
Getting apk info from https://play.google.com/store/apps/details?id=com.miniclip.plagueinc ......
Success to get info from Play Store
The lastest version of com.miniclip.plagueinc-1.apk is 1.5.0.1
Done processing com.miniclip.plagueinc-1.apk
Time Spent:   0 Days 0 Hours 1 Minutes 50 Seconds

============================================================================
43/69 Starting processing com.mobage.ww.a759.Blood_Brothers_Android-1.apk ......
Getting apk info from https://play.google.com/store/apps/details?id=com.mobage.ww.a759.Blood_Brothers_Android ......
Success to get info from Play Store
The lastest version of com.mobage.ww.a759.Blood_Brothers_Android-1.apk is 1.10.1.4.2
Done processing com.mobage.ww.a759.Blood_Brothers_Android-1.apk
Time Spent:   0 Days 0 Hours 1 Minutes 52 Seconds

============================================================================
44/69 Starting processing com.mobisystems.editor.office_registered-1.apk ......
Getting apk info from https://play.google.com/store/apps/details?id=com.mobisystems.editor.office_registered ......
Success to get info from Play Store
The lastest version of com.mobisystems.editor.office_registered-1.apk is 7.0.1186
Done processing com.mobisystems.editor.office_registered-1.apk
Time Spent:   0 Days 0 Hours 1 Minutes 55 Seconds

============================================================================
45/69 Starting processing com.pocketgems.android.campuslife-1.apk ......
Getting apk info from https://play.google.com/store/apps/details?id=com.pocketgems.android.campuslife ......
Success to get info from Play Store
The lastest version of com.pocketgems.android.campuslife-1.apk is 1.18
Done processing com.pocketgems.android.campuslife-1.apk
Time Spent:   0 Days 0 Hours 1 Minutes 59 Seconds

============================================================================
46/69 Starting processing com.pplive.androidphone-1.apk ......
Getting apk info from https://play.google.com/store/apps/details?id=com.pplive.androidphone ......
Success to get info from Play Store
The lastest version of com.pplive.androidphone-1.apk is 2.3.0
Done processing com.pplive.androidphone-1.apk
Time Spent:   0 Days 0 Hours 2 Minutes 1 Seconds

============================================================================
47/69 Starting processing com.rebelvox.voxer-1.apk ......
Getting apk info from https://play.google.com/store/apps/details?id=com.rebelvox.voxer ......
Success to get info from Play Store
The lastest version of com.rebelvox.voxer-1.apk is 1.0.9.0004
Done processing com.rebelvox.voxer-1.apk
Time Spent:   0 Days 0 Hours 2 Minutes 4 Seconds

============================================================================
48/69 Starting processing com.roguerocketgames.sushichop-1.apk ......
Getting apk info from https://play.google.com/store/apps/details?id=com.roguerocketgames.sushichop ......
Success to get info from Play Store
The lastest version of com.roguerocketgames.sushichop-1.apk is 3.0.7
Done processing com.roguerocketgames.sushichop-1.apk
Time Spent:   0 Days 0 Hours 2 Minutes 6 Seconds

============================================================================
49/69 Starting processing com.sds.android.ttpod-1.apk ......
Getting apk info from https://play.google.com/store/apps/details?id=com.sds.android.ttpod ......
Success to get info from Play Store
The lastest version of com.sds.android.ttpod-1.apk is 5.0.0314
Done processing com.sds.android.ttpod-1.apk
Time Spent:   0 Days 0 Hours 2 Minutes 10 Seconds

============================================================================
50/69 Starting processing com.smile.gifmaker-1.apk ......
Getting apk info from https://play.google.com/store/apps/details?id=com.smile.gifmaker ......
Success to get info from Play Store
The lastest version of com.smile.gifmaker-1.apk is 3.23
Done processing com.smile.gifmaker-1.apk
Time Spent:   0 Days 0 Hours 2 Minutes 12 Seconds

============================================================================
51/69 Starting processing com.smule.magicpiano-1.apk ......
Getting apk info from https://play.google.com/store/apps/details?id=com.smule.magicpiano ......
Success to get info from Play Store
The lastest version of com.smule.magicpiano-1.apk is 1.1.6
Done processing com.smule.magicpiano-1.apk
Time Spent:   0 Days 0 Hours 2 Minutes 15 Seconds

============================================================================
52/69 Starting processing com.somofun.dawn-1.apk ......
Getting apk info from https://play.google.com/store/apps/details?id=com.somofun.dawn ......
Success to get info from Play Store
The lastest version of com.somofun.dawn-1.apk is 1.1.2
Done processing com.somofun.dawn-1.apk
Time Spent:   0 Days 0 Hours 2 Minutes 17 Seconds

============================================================================
53/69 Starting processing com.spotify.mobile.android.ui-1.apk ......
Getting apk info from https://play.google.com/store/apps/details?id=com.spotify.mobile.android.ui ......
Success to get info from Play Store
The lastest version of com.spotify.mobile.android.ui-1.apk is 0.5.11.4
Done processing com.spotify.mobile.android.ui-1.apk
Time Spent:   0 Days 0 Hours 2 Minutes 19 Seconds

============================================================================
54/69 Starting processing com.stac.empire.main-1.apk ......
Getting apk info from https://play.google.com/store/apps/details?id=com.stac.empire.main ......
Success to get info from Play Store
The lastest version of com.stac.empire.main-1.apk is 1.9.44
Done processing com.stac.empire.main-1.apk
Time Spent:   0 Days 0 Hours 2 Minutes 22 Seconds

============================================================================
55/69 Starting processing com.tatem.dinhunterhd-1.apk ......
Getting apk info from https://play.google.com/store/apps/details?id=com.tatem.dinhunterhd ......
Success to get info from Play Store
The lastest version of com.tatem.dinhunterhd-1.apk is 1.4.6
Done processing com.tatem.dinhunterhd-1.apk
Time Spent:   0 Days 0 Hours 2 Minutes 24 Seconds

============================================================================
56/69 Starting processing com.textmeinc.textme-1.apk ......
Getting apk info from https://play.google.com/store/apps/details?id=com.textmeinc.textme ......
Success to get info from Play Store
The lastest version of com.textmeinc.textme-1.apk is 2.0.20
Done processing com.textmeinc.textme-1.apk
Time Spent:   0 Days 0 Hours 2 Minutes 27 Seconds

============================================================================
57/69 Starting processing com.twodboy.worldofgoofull-1.apk ......
Getting apk info from https://play.google.com/store/apps/details?id=com.twodboy.worldofgoofull ......
Success to get info from Play Store
The lastest version of com.twodboy.worldofgoofull-1.apk is 1.0.6
Done processing com.twodboy.worldofgoofull-1.apk
Time Spent:   0 Days 0 Hours 2 Minutes 29 Seconds

============================================================================
58/69 Starting processing com.usablenet.mobile.walgreen-1.apk ......
Getting apk info from https://play.google.com/store/apps/details?id=com.usablenet.mobile.walgreen ......
Success to get info from Play Store
The lastest version of com.usablenet.mobile.walgreen-1.apk is 3.4
Done processing com.usablenet.mobile.walgreen-1.apk
Time Spent:   0 Days 0 Hours 2 Minutes 32 Seconds

============================================================================
59/69 Starting processing com.viber.voip-1.apk ......
Getting apk info from https://play.google.com/store/apps/details?id=com.viber.voip ......
Success to get info from Play Store
The lastest version of com.viber.voip-1.apk is 2.3.6.338
Done processing com.viber.voip-1.apk
Time Spent:   0 Days 0 Hours 2 Minutes 36 Seconds

============================================================================
60/69 Starting processing com.virgil.basketball-1.apk ......
Getting apk info from https://play.google.com/store/apps/details?id=com.virgil.basketball ......
Success to get info from Play Store
The lastest version of com.virgil.basketball-1.apk is 2.4
Done processing com.virgil.basketball-1.apk
Time Spent:   0 Days 0 Hours 2 Minutes 38 Seconds

============================================================================
61/69 Starting processing com.webprancer.google.garfieldDefense-1.apk ......
Getting apk info from https://play.google.com/store/apps/details?id=com.webprancer.google.garfieldDefense ......
Success to get info from Play Store
The lastest version of com.webprancer.google.garfieldDefense-1.apk is 1.5.2
Done processing com.webprancer.google.garfieldDefense-1.apk
Time Spent:   0 Days 0 Hours 2 Minutes 41 Seconds

============================================================================
62/69 Starting processing com.x3m.tx3-1.apk ......
Getting apk info from https://play.google.com/store/apps/details?id=com.x3m.tx3 ......
Success to get info from Play Store
The lastest version of com.x3m.tx3-1.apk is 4.6
Done processing com.x3m.tx3-1.apk
Time Spent:   0 Days 0 Hours 2 Minutes 44 Seconds

============================================================================
63/69 Starting processing com.youku.pad-1.apk ......
Getting apk info from https://play.google.com/store/apps/details?id=com.youku.pad ......
Success to get info from Play Store
The lastest version of com.youku.pad-1.apk is 2.4.2
Done processing com.youku.pad-1.apk
Time Spent:   0 Days 0 Hours 2 Minutes 46 Seconds

============================================================================
64/69 Starting processing de.joergjahnke.mario.android.free-1.apk ......
Getting apk info from https://play.google.com/store/apps/details?id=de.joergjahnke.mario.android.free ......
Success to get info from Play Store
The lastest version of de.joergjahnke.mario.android.free-1.apk is 2.13
Done processing de.joergjahnke.mario.android.free-1.apk
Time Spent:   0 Days 0 Hours 2 Minutes 48 Seconds

============================================================================
65/69 Starting processing hu.tagsoft.ttorrent.pro-1.apk ......
Getting apk info from https://play.google.com/store/apps/details?id=hu.tagsoft.ttorrent.pro ......
Success to get info from Play Store
The lastest version of hu.tagsoft.ttorrent.pro-1.apk is Varies with device
Done processing hu.tagsoft.ttorrent.pro-1.apk
Time Spent:   0 Days 0 Hours 2 Minutes 51 Seconds

============================================================================
66/69 Starting processing jp.co.applibot.legend.android-1.apk ......
Getting apk info from https://play.google.com/store/apps/details?id=jp.co.applibot.legend.android ......
Success to get info from Play Store
The lastest version of jp.co.applibot.legend.android-1.apk is 5.2
Done processing jp.co.applibot.legend.android-1.apk
Time Spent:   0 Days 0 Hours 2 Minutes 54 Seconds

============================================================================
67/69 Starting processing jp.naver.line.android-1.apk ......
Getting apk info from https://play.google.com/store/apps/details?id=jp.naver.line.android ......
Success to get info from Play Store
The lastest version of jp.naver.line.android-1.apk is 3.6.4
Done processing jp.naver.line.android-1.apk
Time Spent:   0 Days 0 Hours 2 Minutes 57 Seconds

============================================================================
68/69 Starting processing net.defensezone.lite-1.apk ......
Getting apk info from https://play.google.com/store/apps/details?id=net.defensezone.lite ......
Success to get info from Play Store
The lastest version of net.defensezone.lite-1.apk is 1.6.0
Done processing net.defensezone.lite-1.apk
Time Spent:   0 Days 0 Hours 2 Minutes 59 Seconds

============================================================================
69/69 Starting processing udk.android.reader-1.apk ......
Getting apk info from https://play.google.com/store/apps/details?id=udk.android.reader ......
Success to get info from Play Store
The lastest version of udk.android.reader-1.apk is 2.1.2.0
Done processing udk.android.reader-1.apk
Time Spent:   0 Days 0 Hours 3 Minutes 1 Seconds

============================================================================


**************************************************************
All Done
Total Time:   0 Days 0 Hours 3 Minutes 1 Seconds
Result Location:               /srv/www/htdocs/CV2/app/admin/scan_apk_version//results/AppInfo_2013-03-22-09-24-54.csv
**************************************************************
