Start processing app in list /share/Git-Apk/Updated_list from /share/Git-Apk/All_Apk  ......

============================================================================
1/125 Starting processing air.com.buffalo_studios.newflashbingo-1.apk ......
Getting apk info from https://play.google.com/store/apps/details?id=air.com.buffalo_studios.newflashbingo ......
Success to get info from Play Store
The lastest version of air.com.buffalo_studios.newflashbingo-1.apk is 2.2.0
Done processing air.com.buffalo_studios.newflashbingo-1.apk
Time Spent:   0 Days 0 Hours 0 Minutes 2 Seconds

============================================================================
2/125 Starting processing air.com.freshplanet.games.SongPopPremium-1.apk ......
Getting apk info from https://play.google.com/store/apps/details?id=air.com.freshplanet.games.SongPopPremium ......
Success to get info from Play Store
The lastest version of air.com.freshplanet.games.SongPopPremium-1.apk is 1.6.0
Done processing air.com.freshplanet.games.SongPopPremium-1.apk
Time Spent:   0 Days 0 Hours 0 Minutes 4 Seconds

============================================================================
3/125 Starting processing air.com.freshplanet.games.WaM-1.apk ......
Getting apk info from https://play.google.com/store/apps/details?id=air.com.freshplanet.games.WaM ......
Success to get info from Play Store
The lastest version of air.com.freshplanet.games.WaM-1.apk is 1.6.0
Done processing air.com.freshplanet.games.WaM-1.apk
Time Spent:   0 Days 0 Hours 0 Minutes 5 Seconds

============================================================================
4/125 Starting processing air.com.playtika.slotomania-1.apk ......
Getting apk info from https://play.google.com/store/apps/details?id=air.com.playtika.slotomania ......
Success to get info from Play Store
The lastest version of air.com.playtika.slotomania-1.apk is 1.19.0
Done processing air.com.playtika.slotomania-1.apk
Time Spent:   0 Days 0 Hours 0 Minutes 7 Seconds

============================================================================
5/125 Starting processing air.com.sarahnorthway.rebuild2-1.apk ......
Getting apk info from https://play.google.com/store/apps/details?id=air.com.sarahnorthway.rebuild2 ......
Success to get info from Play Store
The lastest version of air.com.sarahnorthway.rebuild2-1.apk is 3.07
Done processing air.com.sarahnorthway.rebuild2-1.apk
Time Spent:   0 Days 0 Hours 0 Minutes 9 Seconds

============================================================================
6/125 Starting processing com.FunForMobile.main-1.apk ......
Getting apk info from https://play.google.com/store/apps/details?id=com.FunForMobile.main ......
Success to get info from Play Store
The lastest version of com.FunForMobile.main-1.apk is 2.92
Done processing com.FunForMobile.main-1.apk
Time Spent:   0 Days 0 Hours 0 Minutes 10 Seconds

============================================================================
7/125 Starting processing com.adobe.air-1.apk ......
Getting apk info from https://play.google.com/store/apps/details?id=com.adobe.air ......
Success to get info from Play Store
The lastest version of com.adobe.air-1.apk is 3.6.0.597
Done processing com.adobe.air-1.apk
Time Spent:   0 Days 0 Hours 0 Minutes 12 Seconds

============================================================================
8/125 Starting processing com.adrenalinecrew.RSF2-1.apk ......
Getting apk info from https://play.google.com/store/apps/details?id=com.adrenalinecrew.RSF2 ......
Success to get info from Play Store
The lastest version of com.adrenalinecrew.RSF2-1.apk is 1.15
Done processing com.adrenalinecrew.RSF2-1.apk
Time Spent:   0 Days 0 Hours 0 Minutes 14 Seconds

============================================================================
9/125 Starting processing com.amuzo.leghbnandroid-1.apk ......
Getting apk info from https://play.google.com/store/apps/details?id=com.amuzo.leghbnandroid ......
Success to get info from Play Store
The lastest version of com.amuzo.leghbnandroid-1.apk is 1.3
Done processing com.amuzo.leghbnandroid-1.apk
Time Spent:   0 Days 0 Hours 0 Minutes 15 Seconds

============================================================================
10/125 Starting processing com.atv.blackops-1.apk ......
Getting apk info from https://play.google.com/store/apps/details?id=com.atv.blackops ......
Success to get info from Play Store
The lastest version of com.atv.blackops-1.apk is Varies with device
Done processing com.atv.blackops-1.apk
Time Spent:   0 Days 0 Hours 0 Minutes 17 Seconds

============================================================================
11/125 Starting processing com.backflipstudios.android.dragonvale-1.apk ......
Getting apk info from https://play.google.com/store/apps/details?id=com.backflipstudios.android.dragonvale ......
Success to get info from Play Store
The lastest version of com.backflipstudios.android.dragonvale-1.apk is 1.13.1
Done processing com.backflipstudios.android.dragonvale-1.apk
Time Spent:   0 Days 0 Hours 0 Minutes 23 Seconds

============================================================================
12/125 Starting processing com.basevelocity.radarscope-1.apk ......
Getting apk info from https://play.google.com/store/apps/details?id=com.basevelocity.radarscope ......
Success to get info from Play Store
The lastest version of com.basevelocity.radarscope-1.apk is 1.5.1
Done processing com.basevelocity.radarscope-1.apk
Time Spent:   0 Days 0 Hours 0 Minutes 25 Seconds

============================================================================
13/125 Starting processing com.bluetornadosf.smartypants-1.apk ......
Getting apk info from https://play.google.com/store/apps/details?id=com.bluetornadosf.smartypants ......
Success to get info from Play Store
The lastest version of com.bluetornadosf.smartypants-1.apk is 2.120
Done processing com.bluetornadosf.smartypants-1.apk
Time Spent:   0 Days 0 Hours 0 Minutes 27 Seconds

============================================================================
14/125 Starting processing com.brainium.solitaire-1.apk ......
Getting apk info from https://play.google.com/store/apps/details?id=com.brainium.solitaire ......
Success to get info from Play Store
The lastest version of com.brainium.solitaire-1.apk is 1.2.5
Done processing com.brainium.solitaire-1.apk
Time Spent:   0 Days 0 Hours 0 Minutes 28 Seconds

============================================================================
15/125 Starting processing com.bumptech.bumpga-1.apk ......
Getting apk info from https://play.google.com/store/apps/details?id=com.bumptech.bumpga ......
Success to get info from Play Store
The lastest version of com.bumptech.bumpga-1.apk is 3.4.9
Done processing com.bumptech.bumpga-1.apk
Time Spent:   0 Days 0 Hours 0 Minutes 30 Seconds

============================================================================
16/125 Starting processing com.cafgame.nyankoninja-1.apk ......
Getting apk info from https://play.google.com/store/apps/details?id=com.cafgame.nyankoninja ......
Success to get info from Play Store
The lastest version of com.cafgame.nyankoninja-1.apk is 1.08
Done processing com.cafgame.nyankoninja-1.apk
Time Spent:   0 Days 0 Hours 0 Minutes 32 Seconds

============================================================================
17/125 Starting processing com.candyrufusgames.survivalcraft-1.apk ......
Getting apk info from https://play.google.com/store/apps/details?id=com.candyrufusgames.survivalcraft ......
Success to get info from Play Store
The lastest version of com.candyrufusgames.survivalcraft-1.apk is 1.20.2.0
Done processing com.candyrufusgames.survivalcraft-1.apk
Time Spent:   0 Days 0 Hours 0 Minutes 33 Seconds

============================================================================
18/125 Starting processing com.candyrufusgames.survivalcrafttrial-1.apk ......
Getting apk info from https://play.google.com/store/apps/details?id=com.candyrufusgames.survivalcrafttrial ......
Success to get info from Play Store
The lastest version of com.candyrufusgames.survivalcrafttrial-1.apk is 1.20.2.0
Done processing com.candyrufusgames.survivalcrafttrial-1.apk
Time Spent:   0 Days 0 Hours 0 Minutes 35 Seconds

============================================================================
19/125 Starting processing com.chadtowns.dax-1.apk ......
Getting apk info from https://play.google.com/store/apps/details?id=com.chadtowns.dax ......
Success to get info from Play Store
The lastest version of com.chadtowns.dax-1.apk is Varies with device
Done processing com.chadtowns.dax-1.apk
Time Spent:   0 Days 0 Hours 0 Minutes 36 Seconds

============================================================================
20/125 Starting processing com.com2us.dreamgirl.normal.freefull.google.global.android.common-1.apk ......
Getting apk info from https://play.google.com/store/apps/details?id=com.com2us.dreamgirl.normal.freefull.google.global.android.common ......
Success to get info from Play Store
The lastest version of com.com2us.dreamgirl.normal.freefull.google.global.android.common-1.apk is 1.1.6
Done processing com.com2us.dreamgirl.normal.freefull.google.global.android.common-1.apk
Time Spent:   0 Days 0 Hours 0 Minutes 39 Seconds

============================================================================
21/125 Starting processing com.csms.activities-1.apk ......
Getting apk info from https://play.google.com/store/apps/details?id=com.csms.activities ......
Success to get info from Play Store
The lastest version of com.csms.activities-1.apk is 2.3.4
Done processing com.csms.activities-1.apk
Time Spent:   0 Days 0 Hours 0 Minutes 40 Seconds

============================================================================
22/125 Starting processing com.digitalcodeworks.slenderman-1.apk ......
Getting apk info from https://play.google.com/store/apps/details?id=com.digitalcodeworks.slenderman ......
Success to get info from Play Store
The lastest version of com.digitalcodeworks.slenderman-1.apk is 2.8
Done processing com.digitalcodeworks.slenderman-1.apk
Time Spent:   0 Days 0 Hours 0 Minutes 42 Seconds

============================================================================
23/125 Starting processing com.disney.WMW-1.apk ......
Getting apk info from https://play.google.com/store/apps/details?id=com.disney.WMW ......
Success to get info from Play Store
The lastest version of com.disney.WMW-1.apk is 1.11.0
Done processing com.disney.WMW-1.apk
Time Spent:   0 Days 0 Hours 0 Minutes 44 Seconds

============================================================================
24/125 Starting processing com.disney.WheresMyHoliday_GOO-1.apk ......
Getting apk info from https://play.google.com/store/apps/details?id=com.disney.WheresMyHoliday_GOO ......
Success to get info from Play Store
The lastest version of com.disney.WheresMyHoliday_GOO-1.apk is 1.1.0
Done processing com.disney.WheresMyHoliday_GOO-1.apk
Time Spent:   0 Days 0 Hours 0 Minutes 46 Seconds

============================================================================
25/125 Starting processing com.disney.brave_google-1.apk ......
Getting apk info from https://play.google.com/store/apps/details?id=com.disney.brave_google ......
Success to get info from Play Store
The lastest version of com.disney.brave_google-1.apk is 1.3
Done processing com.disney.brave_google-1.apk
Time Spent:   0 Days 0 Hours 0 Minutes 47 Seconds

============================================================================
26/125 Starting processing com.djinnworks.StickCliffDiving1-1.apk ......
Getting apk info from https://play.google.com/store/apps/details?id=com.djinnworks.StickCliffDiving1 ......
Success to get info from Play Store
The lastest version of com.djinnworks.StickCliffDiving1-1.apk is 2.3
Done processing com.djinnworks.StickCliffDiving1-1.apk
Time Spent:   0 Days 0 Hours 0 Minutes 49 Seconds

============================================================================
27/125 Starting processing com.djinnworks.StickmanBaseJumper.lite-1.apk ......
Getting apk info from https://play.google.com/store/apps/details?id=com.djinnworks.StickmanBaseJumper.lite ......
Success to get info from Play Store
The lastest version of com.djinnworks.StickmanBaseJumper.lite-1.apk is 2.6
Done processing com.djinnworks.StickmanBaseJumper.lite-1.apk
Time Spent:   0 Days 0 Hours 0 Minutes 51 Seconds

============================================================================
28/125 Starting processing com.djinnworks.StickmanSkiRacer.free-1.apk ......
Getting apk info from https://play.google.com/store/apps/details?id=com.djinnworks.StickmanSkiRacer.free ......
Success to get info from Play Store
The lastest version of com.djinnworks.StickmanSkiRacer.free-1.apk is 2.0
Done processing com.djinnworks.StickmanSkiRacer.free-1.apk
Time Spent:   0 Days 0 Hours 0 Minutes 52 Seconds

============================================================================
29/125 Starting processing com.droidhen.shootapple-1.apk ......
Getting apk info from https://play.google.com/store/apps/details?id=com.droidhen.shootapple ......
Success to get info from Play Store
The lastest version of com.droidhen.shootapple-1.apk is 1.2.9
Done processing com.droidhen.shootapple-1.apk
Time Spent:   0 Days 0 Hours 0 Minutes 54 Seconds

============================================================================
30/125 Starting processing com.droidhen.shootapple2-1.apk ......
Getting apk info from https://play.google.com/store/apps/details?id=com.droidhen.shootapple2 ......
Success to get info from Play Store
The lastest version of com.droidhen.shootapple2-1.apk is 1.1.1
Done processing com.droidhen.shootapple2-1.apk
Time Spent:   0 Days 0 Hours 0 Minutes 56 Seconds

============================================================================
31/125 Starting processing com.ea.tetrisfree_row-1.apk ......
Getting apk info from https://play.google.com/store/apps/details?id=com.ea.tetrisfree_row ......
Success to get info from Play Store
The lastest version of com.ea.tetrisfree_row-1.apk is 1.0.28
Done processing com.ea.tetrisfree_row-1.apk
Time Spent:   0 Days 0 Hours 0 Minutes 58 Seconds

============================================================================
32/125 Starting processing com.elevenbitstudios.FunkySmugglers-1.apk ......
Getting apk info from https://play.google.com/store/apps/details?id=com.elevenbitstudios.FunkySmugglers ......
Success to get info from Play Store
The lastest version of com.elevenbitstudios.FunkySmugglers-1.apk is 1.06
Done processing com.elevenbitstudios.FunkySmugglers-1.apk
Time Spent:   0 Days 0 Hours 0 Minutes 59 Seconds

============================================================================
33/125 Starting processing com.elevenbitstudios.SleepwalkersJourneyHD-1.apk ......
Getting apk info from https://play.google.com/store/apps/details?id=com.elevenbitstudios.SleepwalkersJourneyHD ......
Success to get info from Play Store
The lastest version of com.elevenbitstudios.SleepwalkersJourneyHD-1.apk is 1.11
Done processing com.elevenbitstudios.SleepwalkersJourneyHD-1.apk
Time Spent:   0 Days 0 Hours 1 Minutes 1 Seconds

============================================================================
34/125 Starting processing com.emulator.fpse-1.apk ......
Getting apk info from https://play.google.com/store/apps/details?id=com.emulator.fpse ......
Success to get info from Play Store
The lastest version of com.emulator.fpse-1.apk is 0.11.86
Done processing com.emulator.fpse-1.apk
Time Spent:   0 Days 0 Hours 1 Minutes 2 Seconds

============================================================================
35/125 Starting processing com.facebook.pages.app-1.apk ......
Getting apk info from https://play.google.com/store/apps/details?id=com.facebook.pages.app ......
Success to get info from Play Store
The lastest version of com.facebook.pages.app-1.apk is 1.1
Done processing com.facebook.pages.app-1.apk
Time Spent:   0 Days 0 Hours 1 Minutes 5 Seconds

============================================================================
36/125 Starting processing com.fastemulator.gba-1.apk ......
Getting apk info from https://play.google.com/store/apps/details?id=com.fastemulator.gba ......
Success to get info from Play Store
The lastest version of com.fastemulator.gba-1.apk is 1.2.2
Done processing com.fastemulator.gba-1.apk
Time Spent:   0 Days 0 Hours 1 Minutes 7 Seconds

============================================================================
37/125 Starting processing com.feelingtouch.dragonwarcraft-1.apk ......
Getting apk info from https://play.google.com/store/apps/details?id=com.feelingtouch.dragonwarcraft ......
Success to get info from Play Store
The lastest version of com.feelingtouch.dragonwarcraft-1.apk is 1.09
Done processing com.feelingtouch.dragonwarcraft-1.apk
Time Spent:   0 Days 0 Hours 1 Minutes 9 Seconds

============================================================================
38/125 Starting processing com.fingersoft.hillclimb-1.apk ......
Getting apk info from https://play.google.com/store/apps/details?id=com.fingersoft.hillclimb ......
Success to get info from Play Store
The lastest version of com.fingersoft.hillclimb-1.apk is 1.5.2
Done processing com.fingersoft.hillclimb-1.apk
Time Spent:   0 Days 0 Hours 1 Minutes 11 Seconds

============================================================================
39/125 Starting processing com.fishsticksgames.SlotsJourney-1.apk ......
Getting apk info from https://play.google.com/store/apps/details?id=com.fishsticksgames.SlotsJourney ......
Success to get info from Play Store
The lastest version of com.fishsticksgames.SlotsJourney-1.apk is 4.1
Done processing com.fishsticksgames.SlotsJourney-1.apk
Time Spent:   0 Days 0 Hours 1 Minutes 12 Seconds

============================================================================
40/125 Starting processing com.flaregames.royalrevolt-1.apk ......
Getting apk info from https://play.google.com/store/apps/details?id=com.flaregames.royalrevolt ......
Success to get info from Play Store
The lastest version of com.flaregames.royalrevolt-1.apk is 1.4.0
Done processing com.flaregames.royalrevolt-1.apk
Time Spent:   0 Days 0 Hours 1 Minutes 14 Seconds

============================================================================
41/125 Starting processing com.gadgetcrafts.games.glasstower3plus-1.apk ......
Getting apk info from https://play.google.com/store/apps/details?id=com.gadgetcrafts.games.glasstower3plus ......
Success to get info from Play Store
The lastest version of com.gadgetcrafts.games.glasstower3plus-1.apk is 1.8
Done processing com.gadgetcrafts.games.glasstower3plus-1.apk
Time Spent:   0 Days 0 Hours 1 Minutes 16 Seconds

============================================================================
42/125 Starting processing com.galapagossoft.trialx2_winter-1.apk ......
Getting apk info from https://play.google.com/store/apps/details?id=com.galapagossoft.trialx2_winter ......
Success to get info from Play Store
The lastest version of com.galapagossoft.trialx2_winter-1.apk is Varies with device
Done processing com.galapagossoft.trialx2_winter-1.apk
Time Spent:   0 Days 0 Hours 1 Minutes 18 Seconds

============================================================================
43/125 Starting processing com.game.BMX_Boy-1.apk ......
Getting apk info from https://play.google.com/store/apps/details?id=com.game.BMX_Boy ......
Success to get info from Play Store
The lastest version of com.game.BMX_Boy-1.apk is 1.4
Done processing com.game.BMX_Boy-1.apk
Time Spent:   0 Days 0 Hours 1 Minutes 20 Seconds

============================================================================
44/125 Starting processing com.game.DragonGem-1.apk ......
Getting apk info from https://play.google.com/store/apps/details?id=com.game.DragonGem ......
Success to get info from Play Store
The lastest version of com.game.DragonGem-1.apk is 1.2
Done processing com.game.DragonGem-1.apk
Time Spent:   0 Days 0 Hours 1 Minutes 22 Seconds

============================================================================
45/125 Starting processing com.gamecircus.PrizeClaw-1.apk ......
Getting apk info from https://play.google.com/store/apps/details?id=com.gamecircus.PrizeClaw ......
Success to get info from Play Store
The lastest version of com.gamecircus.PrizeClaw-1.apk is 2.70
Done processing com.gamecircus.PrizeClaw-1.apk
Time Spent:   0 Days 0 Hours 1 Minutes 24 Seconds

============================================================================
46/125 Starting processing com.gamehivecorp.kicktheboss2r-1.apk ......
Getting apk info from https://play.google.com/store/apps/details?id=com.gamehivecorp.kicktheboss2r ......
Success to get info from Play Store
The lastest version of com.gamehivecorp.kicktheboss2r-1.apk is 1.3
Done processing com.gamehivecorp.kicktheboss2r-1.apk
Time Spent:   0 Days 0 Hours 1 Minutes 26 Seconds

============================================================================
47/125 Starting processing com.gameloft.android.ANMP.GloftG4HM-1.apk ......
Getting apk info from https://play.google.com/store/apps/details?id=com.gameloft.android.ANMP.GloftG4HM ......
Success to get info from Play Store
The lastest version of com.gameloft.android.ANMP.GloftG4HM-1.apk is Varies with device
Done processing com.gameloft.android.ANMP.GloftG4HM-1.apk
Time Spent:   0 Days 0 Hours 1 Minutes 28 Seconds

============================================================================
48/125 Starting processing com.gameloft.android.ANMP.GloftPEHM-1.apk ......
Getting apk info from https://play.google.com/store/apps/details?id=com.gameloft.android.ANMP.GloftPEHM ......
Success to get info from Play Store
The lastest version of com.gameloft.android.ANMP.GloftPEHM-1.apk is 1.3.4
Done processing com.gameloft.android.ANMP.GloftPEHM-1.apk
Time Spent:   0 Days 0 Hours 1 Minutes 30 Seconds

============================================================================
49/125 Starting processing com.gameresort.sz2google-1.apk ......
Getting apk info from https://play.google.com/store/apps/details?id=com.gameresort.sz2google ......
Success to get info from Play Store
The lastest version of com.gameresort.sz2google-1.apk is 1.2
Done processing com.gameresort.sz2google-1.apk
Time Spent:   0 Days 0 Hours 1 Minutes 32 Seconds

============================================================================
50/125 Starting processing com.gamevil.punchhero.glo-1.apk ......
Getting apk info from https://play.google.com/store/apps/details?id=com.gamevil.punchhero.glo ......
Success to get info from Play Store
The lastest version of com.gamevil.punchhero.glo-1.apk is 1.0.9
Done processing com.gamevil.punchhero.glo-1.apk
Time Spent:   0 Days 0 Hours 1 Minutes 34 Seconds

============================================================================
51/125 Starting processing com.gamevil.zenonia5.global-1.apk ......
Getting apk info from https://play.google.com/store/apps/details?id=com.gamevil.zenonia5.global ......
Success to get info from Play Store
The lastest version of com.gamevil.zenonia5.global-1.apk is 1.0.7
Done processing com.gamevil.zenonia5.global-1.apk
Time Spent:   0 Days 0 Hours 1 Minutes 36 Seconds

============================================================================
52/125 Starting processing com.giantssoftware.fs2012-1.apk ......
Getting apk info from https://play.google.com/store/apps/details?id=com.giantssoftware.fs2012 ......
Success to get info from Play Store
The lastest version of com.giantssoftware.fs2012-1.apk is 1.0.9
Done processing com.giantssoftware.fs2012-1.apk
Time Spent:   0 Days 0 Hours 1 Minutes 38 Seconds

============================================================================
53/125 Starting processing com.glu.deerhuntnew-1.apk ......
Getting apk info from https://play.google.com/store/apps/details?id=com.glu.deerhuntnew ......
Success to get info from Play Store
The lastest version of com.glu.deerhuntnew-1.apk is 3.8.0
Done processing com.glu.deerhuntnew-1.apk
Time Spent:   0 Days 0 Hours 1 Minutes 40 Seconds

============================================================================
54/125 Starting processing com.gmboy.loderunnerclassic-1.apk ......
Getting apk info from https://play.google.com/store/apps/details?id=com.gmboy.loderunnerclassic ......
Success to get info from Play Store
The lastest version of com.gmboy.loderunnerclassic-1.apk is 1.1
Done processing com.gmboy.loderunnerclassic-1.apk
Time Spent:   0 Days 0 Hours 1 Minutes 42 Seconds

============================================================================
55/125 Starting processing com.gogii.textplusgold-1.apk ......
Getting apk info from https://play.google.com/store/apps/details?id=com.gogii.textplusgold ......
Success to get info from Play Store
The lastest version of com.gogii.textplusgold-1.apk is 5.7.4.4243
Done processing com.gogii.textplusgold-1.apk
Time Spent:   0 Days 0 Hours 1 Minutes 44 Seconds

============================================================================
56/125 Starting processing com.google.android.apps.plus-1.apk ......
Getting apk info from https://play.google.com/store/apps/details?id=com.google.android.apps.plus ......
Success to get info from Play Store
The lastest version of com.google.android.apps.plus-1.apk is 3.5.3.42448346
Done processing com.google.android.apps.plus-1.apk
Time Spent:   0 Days 0 Hours 1 Minutes 46 Seconds

============================================================================
57/125 Starting processing com.gsn.android.casino-1.apk ......
Getting apk info from https://play.google.com/store/apps/details?id=com.gsn.android.casino ......
Success to get info from Play Store
The lastest version of com.gsn.android.casino-1.apk is 2.5.2.156
Done processing com.gsn.android.casino-1.apk
Time Spent:   0 Days 0 Hours 1 Minutes 48 Seconds

============================================================================
58/125 Starting processing com.gtp.nextlauncher-1.apk ......
Getting apk info from https://play.google.com/store/apps/details?id=com.gtp.nextlauncher ......
Success to get info from Play Store
The lastest version of com.gtp.nextlauncher-1.apk is 1.18
Done processing com.gtp.nextlauncher-1.apk
Time Spent:   0 Days 0 Hours 1 Minutes 50 Seconds

============================================================================
59/125 Starting processing com.guildsoftware.vendetta-1.apk ......
Getting apk info from https://play.google.com/store/apps/details?id=com.guildsoftware.vendetta ......
Success to get info from Play Store
The lastest version of com.guildsoftware.vendetta-1.apk is 1.8.243
Done processing com.guildsoftware.vendetta-1.apk
Time Spent:   0 Days 0 Hours 1 Minutes 52 Seconds

============================================================================
60/125 Starting processing com.gvoip-1.apk ......
Getting apk info from https://play.google.com/store/apps/details?id=com.gvoip ......
Success to get info from Play Store
The lastest version of com.gvoip-1.apk is 1.3.5
Done processing com.gvoip-1.apk
Time Spent:   0 Days 0 Hours 1 Minutes 55 Seconds

============================================================================
61/125 Starting processing com.hatsproductions.OrganTrail-1.apk ......
Getting apk info from https://play.google.com/store/apps/details?id=com.hatsproductions.OrganTrail ......
Success to get info from Play Store
The lastest version of com.hatsproductions.OrganTrail-1.apk is Varies with device
Done processing com.hatsproductions.OrganTrail-1.apk
Time Spent:   0 Days 0 Hours 1 Minutes 56 Seconds

============================================================================
62/125 Starting processing com.headupgames.bridgeconstructor-1.apk ......
Getting apk info from https://play.google.com/store/apps/details?id=com.headupgames.bridgeconstructor ......
Success to get info from Play Store
The lastest version of com.headupgames.bridgeconstructor-1.apk is 1.4
Done processing com.headupgames.bridgeconstructor-1.apk
Time Spent:   0 Days 0 Hours 1 Minutes 58 Seconds

============================================================================
63/125 Starting processing com.herocraft.game.antraidgame-1.apk ......
Getting apk info from https://play.google.com/store/apps/details?id=com.herocraft.game.antraidgame ......
Success to get info from Play Store
The lastest version of com.herocraft.game.antraidgame-1.apk is 1.0.3
Done processing com.herocraft.game.antraidgame-1.apk
Time Spent:   0 Days 0 Hours 2 Minutes 1 Seconds

============================================================================
64/125 Starting processing com.hiddenvariable.bagit-1.apk ......
Getting apk info from https://play.google.com/store/apps/details?id=com.hiddenvariable.bagit ......
Success to get info from Play Store
The lastest version of com.hiddenvariable.bagit-1.apk is 2.8
Done processing com.hiddenvariable.bagit-1.apk
Time Spent:   0 Days 0 Hours 2 Minutes 3 Seconds

============================================================================
65/125 Starting processing com.imangi.templerun2-1.apk ......
Getting apk info from https://play.google.com/store/apps/details?id=com.imangi.templerun2 ......
Success to get info from Play Store
The lastest version of com.imangi.templerun2-1.apk is 1.0.1.2
Done processing com.imangi.templerun2-1.apk
Time Spent:   0 Days 0 Hours 2 Minutes 5 Seconds

============================================================================
66/125 Starting processing com.instagram.android-1.apk ......
Getting apk info from https://play.google.com/store/apps/details?id=com.instagram.android ......
Success to get info from Play Store
The lastest version of com.instagram.android-1.apk is 3.4.2
Done processing com.instagram.android-1.apk
Time Spent:   0 Days 0 Hours 2 Minutes 7 Seconds

============================================================================
67/125 Starting processing com.intsig.camscanner-1.apk ......
Getting apk info from https://play.google.com/store/apps/details?id=com.intsig.camscanner ......
Success to get info from Play Store
The lastest version of com.intsig.camscanner-1.apk is 2.0.0.20130218
Done processing com.intsig.camscanner-1.apk
Time Spent:   0 Days 0 Hours 2 Minutes 9 Seconds

============================================================================
68/125 Starting processing com.johnemulators.johngbc-1.apk ......
Getting apk info from https://play.google.com/store/apps/details?id=com.johnemulators.johngbc ......
Success to get info from Play Store
The lastest version of com.johnemulators.johngbc-1.apk is 1.63
Done processing com.johnemulators.johngbc-1.apk
Time Spent:   0 Days 0 Hours 2 Minutes 11 Seconds

============================================================================
69/125 Starting processing com.johnemulators.johnnes-1.apk ......
Getting apk info from https://play.google.com/store/apps/details?id=com.johnemulators.johnnes ......
Success to get info from Play Store
The lastest version of com.johnemulators.johnnes-1.apk is 1.63
Done processing com.johnemulators.johnnes-1.apk
Time Spent:   0 Days 0 Hours 2 Minutes 13 Seconds

============================================================================
70/125 Starting processing com.kakao.talk-1.apk ......
Getting apk info from https://play.google.com/store/apps/details?id=com.kakao.talk ......
Success to get info from Play Store
The lastest version of com.kakao.talk-1.apk is 3.6.7
Done processing com.kakao.talk-1.apk
Time Spent:   0 Days 0 Hours 2 Minutes 15 Seconds

============================================================================
71/125 Starting processing com.kapturak.neworbit-1.apk ......
Getting apk info from https://play.google.com/store/apps/details?id=com.kapturak.neworbit ......
Success to get info from Play Store
The lastest version of com.kapturak.neworbit-1.apk is 1.4.0
Done processing com.kapturak.neworbit-1.apk
Time Spent:   0 Days 0 Hours 2 Minutes 17 Seconds

============================================================================
72/125 Starting processing com.kauf.stickmanrun-1.apk ......
Getting apk info from https://play.google.com/store/apps/details?id=com.kauf.stickmanrun ......
Success to get info from Play Store
The lastest version of com.kauf.stickmanrun-1.apk is 4.0
Done processing com.kauf.stickmanrun-1.apk
Time Spent:   0 Days 0 Hours 2 Minutes 19 Seconds

============================================================================
73/125 Starting processing com.kiloo.subwaysurf-1.apk ......
Getting apk info from https://play.google.com/store/apps/details?id=com.kiloo.subwaysurf ......
Success to get info from Play Store
The lastest version of com.kiloo.subwaysurf-1.apk is 1.7.3
Done processing com.kiloo.subwaysurf-1.apk
Time Spent:   0 Days 0 Hours 2 Minutes 21 Seconds

============================================================================
74/125 Starting processing com.ludia.FifthGrader.free-1.apk ......
Getting apk info from https://play.google.com/store/apps/details?id=com.ludia.FifthGrader.free ......
Success to get info from Play Store
The lastest version of com.ludia.FifthGrader.free-1.apk is 1.0.9
Done processing com.ludia.FifthGrader.free-1.apk
Time Spent:   0 Days 0 Hours 2 Minutes 22 Seconds

============================================================================
75/125 Starting processing com.ludia.familyfeudandfriends.free-1.apk ......
Getting apk info from https://play.google.com/store/apps/details?id=com.ludia.familyfeudandfriends.free ......
Success to get info from Play Store
The lastest version of com.ludia.familyfeudandfriends.free-1.apk is 1.1.11
Done processing com.ludia.familyfeudandfriends.free-1.apk
Time Spent:   0 Days 0 Hours 2 Minutes 24 Seconds

============================================================================
76/125 Starting processing com.maxelus.galaxypacklivewallpaper-1.apk ......
Getting apk info from https://play.google.com/store/apps/details?id=com.maxelus.galaxypacklivewallpaper ......
Success to get info from Play Store
The lastest version of com.maxelus.galaxypacklivewallpaper-1.apk is 1.7
Done processing com.maxelus.galaxypacklivewallpaper-1.apk
Time Spent:   0 Days 0 Hours 2 Minutes 26 Seconds

============================================================================
77/125 Starting processing com.maxelus.planetspacklivewallpaper-1.apk ......
Getting apk info from https://play.google.com/store/apps/details?id=com.maxelus.planetspacklivewallpaper ......
Success to get info from Play Store
The lastest version of com.maxelus.planetspacklivewallpaper-1.apk is 1.6.1
Done processing com.maxelus.planetspacklivewallpaper-1.apk
Time Spent:   0 Days 0 Hours 2 Minutes 28 Seconds

============================================================================
78/125 Starting processing com.metago.astro-1.apk ......
Getting apk info from https://play.google.com/store/apps/details?id=com.metago.astro ......
Success to get info from Play Store
The lastest version of com.metago.astro-1.apk is Varies with device
Done processing com.metago.astro-1.apk
Time Spent:   0 Days 0 Hours 2 Minutes 30 Seconds

============================================================================
79/125 Starting processing com.midasplayer.apps.bubblewitch-1.apk ......
Getting apk info from https://play.google.com/store/apps/details?id=com.midasplayer.apps.bubblewitch ......
Success to get info from Play Store
The lastest version of com.midasplayer.apps.bubblewitch-1.apk is Varies with device
Done processing com.midasplayer.apps.bubblewitch-1.apk
Time Spent:   0 Days 0 Hours 2 Minutes 32 Seconds

============================================================================
80/125 Starting processing com.mindblocks.blocks-1.apk ......
Getting apk info from https://play.google.com/store/apps/details?id=com.mindblocks.blocks ......
Success to get info from Play Store
The lastest version of com.mindblocks.blocks-1.apk is 5.1
Done processing com.mindblocks.blocks-1.apk
Time Spent:   0 Days 0 Hours 2 Minutes 34 Seconds

============================================================================
81/125 Starting processing com.mmztech.pixelquest-1.apk ......
Getting apk info from https://play.google.com/store/apps/details?id=com.mmztech.pixelquest ......
Success to get info from Play Store
The lastest version of com.mmztech.pixelquest-1.apk is 1.08
Done processing com.mmztech.pixelquest-1.apk
Time Spent:   0 Days 0 Hours 2 Minutes 36 Seconds

============================================================================
82/125 Starting processing com.mobjoy.roadwarrior-1.apk ......
Getting apk info from https://play.google.com/store/apps/details?id=com.mobjoy.roadwarrior ......
Success to get info from Play Store
The lastest version of com.mobjoy.roadwarrior-1.apk is Varies with device
Done processing com.mobjoy.roadwarrior-1.apk
Time Spent:   0 Days 0 Hours 2 Minutes 38 Seconds

============================================================================
83/125 Starting processing com.morrison.gallerylock-1.apk ......
Getting apk info from https://play.google.com/store/apps/details?id=com.morrison.gallerylock ......
Success to get info from Play Store
The lastest version of com.morrison.gallerylock-1.apk is 4.0.3
Done processing com.morrison.gallerylock-1.apk
Time Spent:   0 Days 0 Hours 2 Minutes 40 Seconds

============================================================================
84/125 Starting processing com.muzy-1.apk ......
Getting apk info from https://play.google.com/store/apps/details?id=com.muzy ......
Success to get info from Play Store
The lastest version of com.muzy-1.apk is 3.4.4
Done processing com.muzy-1.apk
Time Spent:   0 Days 0 Hours 2 Minutes 42 Seconds

============================================================================
85/125 Starting processing com.nbadigital.gametimelite-1.apk ......
Getting apk info from https://play.google.com/store/apps/details?id=com.nbadigital.gametimelite ......
Success to get info from Play Store
The lastest version of com.nbadigital.gametimelite-1.apk is 3.4
Done processing com.nbadigital.gametimelite-1.apk
Time Spent:   0 Days 0 Hours 2 Minutes 44 Seconds

============================================================================
86/125 Starting processing com.nextgenreality.minimoto-1.apk ......
Getting apk info from https://play.google.com/store/apps/details?id=com.nextgenreality.minimoto ......
Success to get info from Play Store
The lastest version of com.nextgenreality.minimoto-1.apk is 1.7.1
Done processing com.nextgenreality.minimoto-1.apk
Time Spent:   0 Days 0 Hours 2 Minutes 46 Seconds

============================================================================
87/125 Starting processing com.nhl.gc1112.free-1.apk ......
Getting apk info from https://play.google.com/store/apps/details?id=com.nhl.gc1112.free ......
Success to get info from Play Store
The lastest version of com.nhl.gc1112.free-1.apk is 3.0206
Done processing com.nhl.gc1112.free-1.apk
Time Spent:   0 Days 0 Hours 2 Minutes 48 Seconds

============================================================================
88/125 Starting processing com.omgpop.dstfree-1.apk ......
Getting apk info from https://play.google.com/store/apps/details?id=com.omgpop.dstfree ......
Success to get info from Play Store
The lastest version of com.omgpop.dstfree-1.apk is 1.1111.104
Done processing com.omgpop.dstfree-1.apk
Time Spent:   0 Days 0 Hours 2 Minutes 50 Seconds

============================================================================
89/125 Starting processing com.omgpop.dstpaid-1.apk ......
Getting apk info from https://play.google.com/store/apps/details?id=com.omgpop.dstpaid ......
Success to get info from Play Store
The lastest version of com.omgpop.dstpaid-1.apk is 1.1111.104
Done processing com.omgpop.dstpaid-1.apk
Time Spent:   0 Days 0 Hours 2 Minutes 52 Seconds

============================================================================
90/125 Starting processing com.plexapp.android-1.apk ......
Getting apk info from https://play.google.com/store/apps/details?id=com.plexapp.android ......
Success to get info from Play Store
The lastest version of com.plexapp.android-1.apk is 2.5.4.3
Done processing com.plexapp.android-1.apk
Time Spent:   0 Days 0 Hours 2 Minutes 54 Seconds

============================================================================
91/125 Starting processing com.polarbit.RecklessRacing2-1.apk ......
Getting apk info from https://play.google.com/store/apps/details?id=com.polarbit.RecklessRacing2 ......
Success to get info from Play Store
The lastest version of com.polarbit.RecklessRacing2-1.apk is 1.0.3
Done processing com.polarbit.RecklessRacing2-1.apk
Time Spent:   0 Days 0 Hours 2 Minutes 56 Seconds

============================================================================
92/125 Starting processing com.polarbit.rthunder2lite-1.apk ......
Getting apk info from https://play.google.com/store/apps/details?id=com.polarbit.rthunder2lite ......
Success to get info from Play Store
The lastest version of com.polarbit.rthunder2lite-1.apk is 1.0.11
Done processing com.polarbit.rthunder2lite-1.apk
Time Spent:   0 Days 0 Hours 2 Minutes 58 Seconds

============================================================================
93/125 Starting processing com.qingping-1.apk ......
Getting apk info from https://play.google.com/store/apps/details?id=com.qingping ......
Success to get info from Play Store
The lastest version of com.qingping-1.apk is 1.9.10
Done processing com.qingping-1.apk
Time Spent:   0 Days 0 Hours 3 Minutes 0 Seconds

============================================================================
94/125 Starting processing com.robotinvader.fooding-1.apk ......
Getting apk info from https://play.google.com/store/apps/details?id=com.robotinvader.fooding ......
Success to get info from Play Store
The lastest version of com.robotinvader.fooding-1.apk is 2.0
Done processing com.robotinvader.fooding-1.apk
Time Spent:   0 Days 0 Hours 3 Minutes 2 Seconds

============================================================================
95/125 Starting processing com.rory.blockopsandroid-1.apk ......
Getting apk info from https://play.google.com/store/apps/details?id=com.rory.blockopsandroid ......
Success to get info from Play Store
The lastest version of com.rory.blockopsandroid-1.apk is 3.7
Done processing com.rory.blockopsandroid-1.apk
Time Spent:   0 Days 0 Hours 3 Minutes 4 Seconds

============================================================================
96/125 Starting processing com.rory.spacecraft3-1.apk ......
Getting apk info from https://play.google.com/store/apps/details?id=com.rory.spacecraft3 ......
Success to get info from Play Store
The lastest version of com.rory.spacecraft3-1.apk is 2.0
Done processing com.rory.spacecraft3-1.apk
Time Spent:   0 Days 0 Hours 3 Minutes 6 Seconds

============================================================================
97/125 Starting processing com.rws.dungelotFull-1.apk ......
Getting apk info from https://play.google.com/store/apps/details?id=com.rws.dungelotFull ......
Success to get info from Play Store
The lastest version of com.rws.dungelotFull-1.apk is 1.55
Done processing com.rws.dungelotFull-1.apk
Time Spent:   0 Days 0 Hours 3 Minutes 8 Seconds

============================================================================
98/125 Starting processing com.shopkick.app-1.apk ......
Getting apk info from https://play.google.com/store/apps/details?id=com.shopkick.app ......
Success to get info from Play Store
The lastest version of com.shopkick.app-1.apk is 3.3
Done processing com.shopkick.app-1.apk
Time Spent:   0 Days 0 Hours 3 Minutes 9 Seconds

============================================================================
99/125 Starting processing com.silvertree.cordy-1.apk ......
Getting apk info from https://play.google.com/store/apps/details?id=com.silvertree.cordy ......
Success to get info from Play Store
The lastest version of com.silvertree.cordy-1.apk is 1.70.17638
Done processing com.silvertree.cordy-1.apk
Time Spent:   0 Days 0 Hours 3 Minutes 11 Seconds

============================================================================
100/125 Starting processing com.silvertree.sleepyjack-1.apk ......
Getting apk info from https://play.google.com/store/apps/details?id=com.silvertree.sleepyjack ......
Success to get info from Play Store
The lastest version of com.silvertree.sleepyjack-1.apk is 17639
Done processing com.silvertree.sleepyjack-1.apk
Time Spent:   0 Days 0 Hours 3 Minutes 13 Seconds

============================================================================
101/125 Starting processing com.sixtostart.zombies5k-1.apk ......
Getting apk info from https://play.google.com/store/apps/details?id=com.sixtostart.zombies5k ......
Success to get info from Play Store
The lastest version of com.sixtostart.zombies5k-1.apk is 1.0.4
Done processing com.sixtostart.zombies5k-1.apk
Time Spent:   0 Days 0 Hours 3 Minutes 15 Seconds

============================================================================
102/125 Starting processing com.smule.magicpiano-1.apk ......
Getting apk info from https://play.google.com/store/apps/details?id=com.smule.magicpiano ......
Success to get info from Play Store
The lastest version of com.smule.magicpiano-1.apk is 1.1.5
Done processing com.smule.magicpiano-1.apk
Time Spent:   0 Days 0 Hours 3 Minutes 17 Seconds

============================================================================
103/125 Starting processing com.sonos.acr-1.apk ......
Getting apk info from https://play.google.com/store/apps/details?id=com.sonos.acr ......
Success to get info from Play Store
The lastest version of com.sonos.acr-1.apk is 4.0
Done processing com.sonos.acr-1.apk
Time Spent:   0 Days 0 Hours 3 Minutes 19 Seconds

============================================================================
104/125 Starting processing com.sparklingsociety.cityisland-1.apk ......
Getting apk info from https://play.google.com/store/apps/details?id=com.sparklingsociety.cityisland ......
Success to get info from Play Store
The lastest version of com.sparklingsociety.cityisland-1.apk is 2.1.6
Done processing com.sparklingsociety.cityisland-1.apk
Time Spent:   0 Days 0 Hours 3 Minutes 21 Seconds

============================================================================
105/125 Starting processing com.square_enix.android_googleplay.ffl_gp-1.apk ......
Getting apk info from https://play.google.com/store/apps/details?id=com.square_enix.android_googleplay.ffl_gp ......
Success to get info from Play Store
The lastest version of com.square_enix.android_googleplay.ffl_gp-1.apk is 1.0.2
Done processing com.square_enix.android_googleplay.ffl_gp-1.apk
Time Spent:   0 Days 0 Hours 3 Minutes 23 Seconds

============================================================================
106/125 Starting processing com.tequilamobile.warshipslivepremium-1.apk ......
Getting apk info from https://play.google.com/store/apps/details?id=com.tequilamobile.warshipslivepremium ......
Success to get info from Play Store
The lastest version of com.tequilamobile.warshipslivepremium-1.apk is 1.1.0
Done processing com.tequilamobile.warshipslivepremium-1.apk
Time Spent:   0 Days 0 Hours 3 Minutes 25 Seconds

============================================================================
107/125 Starting processing com.tinyco.monsters-1.apk ......
Getting apk info from https://play.google.com/store/apps/details?id=com.tinyco.monsters ......
Success to get info from Play Store
The lastest version of com.tinyco.monsters-1.apk is 2.1.1
Done processing com.tinyco.monsters-1.apk
Time Spent:   0 Days 0 Hours 3 Minutes 28 Seconds

============================================================================
108/125 Starting processing com.touchtype.swiftkey.tablet.full-1.apk ......
Getting apk info from https://play.google.com/store/apps/details?id=com.touchtype.swiftkey.tablet.full ......
Success to get info from Play Store
The lastest version of com.touchtype.swiftkey.tablet.full-1.apk is 3.1.0.377
Done processing com.touchtype.swiftkey.tablet.full-1.apk
Time Spent:   0 Days 0 Hours 3 Minutes 30 Seconds

============================================================================
109/125 Starting processing com.toystudio.thecurse-1.apk ......
Getting apk info from https://play.google.com/store/apps/details?id=com.toystudio.thecurse ......
Success to get info from Play Store
The lastest version of com.toystudio.thecurse-1.apk is 1.2.0
Done processing com.toystudio.thecurse-1.apk
Time Spent:   0 Days 0 Hours 3 Minutes 32 Seconds

============================================================================
110/125 Starting processing com.twitter.android-1.apk ......
Getting apk info from https://play.google.com/store/apps/details?id=com.twitter.android ......
Success to get info from Play Store
The lastest version of com.twitter.android-1.apk is 3.7.1
Done processing com.twitter.android-1.apk
Time Spent:   0 Days 0 Hours 3 Minutes 34 Seconds

============================================================================
111/125 Starting processing com.ucamera.ucam-1.apk ......
Getting apk info from https://play.google.com/store/apps/details?id=com.ucamera.ucam ......
Success to get info from Play Store
The lastest version of com.ucamera.ucam-1.apk is 3.0.0.020601
Done processing com.ucamera.ucam-1.apk
Time Spent:   0 Days 0 Hours 3 Minutes 36 Seconds

============================================================================
112/125 Starting processing com.wooga.diamonddash-1.apk ......
Getting apk info from https://play.google.com/store/apps/details?id=com.wooga.diamonddash ......
Success to get info from Play Store
The lastest version of com.wooga.diamonddash-1.apk is 1.2
Done processing com.wooga.diamonddash-1.apk
Time Spent:   0 Days 0 Hours 3 Minutes 38 Seconds

============================================================================
113/125 Starting processing com.x3m.tx3-1.apk ......
Getting apk info from https://play.google.com/store/apps/details?id=com.x3m.tx3 ......
Success to get info from Play Store
The lastest version of com.x3m.tx3-1.apk is 4.5
Done processing com.x3m.tx3-1.apk
Time Spent:   0 Days 0 Hours 3 Minutes 40 Seconds

============================================================================
114/125 Starting processing dopool.player-1.apk ......
Getting apk info from https://play.google.com/store/apps/details?id=dopool.player ......
Success to get info from Play Store
The lastest version of dopool.player-1.apk is 3.1.7
Done processing dopool.player-1.apk
Time Spent:   0 Days 0 Hours 3 Minutes 42 Seconds

============================================================================
115/125 Starting processing hu.tagsoft.ttorrent.pro-1.apk ......
Getting apk info from https://play.google.com/store/apps/details?id=hu.tagsoft.ttorrent.pro ......
Success to get info from Play Store
The lastest version of hu.tagsoft.ttorrent.pro-1.apk is 1.1.0.1
Done processing hu.tagsoft.ttorrent.pro-1.apk
Time Spent:   0 Days 0 Hours 3 Minutes 44 Seconds

============================================================================
116/125 Starting processing net.flixster.android-1.apk ......
Getting apk info from https://play.google.com/store/apps/details?id=net.flixster.android ......
Success to get info from Play Store
The lastest version of net.flixster.android-1.apk is Varies with device
Done processing net.flixster.android-1.apk
Time Spent:   0 Days 0 Hours 3 Minutes 46 Seconds

============================================================================
117/125 Starting processing net.hexage.radiant.hd-1.apk ......
Getting apk info from https://play.google.com/store/apps/details?id=net.hexage.radiant.hd ......
Success to get info from Play Store
The lastest version of net.hexage.radiant.hd-1.apk is 3.14.6
Done processing net.hexage.radiant.hd-1.apk
Time Spent:   0 Days 0 Hours 3 Minutes 48 Seconds

============================================================================
118/125 Starting processing no.dirtybit.funrun-1.apk ......
Getting apk info from https://play.google.com/store/apps/details?id=no.dirtybit.funrun ......
Success to get info from Play Store
The lastest version of no.dirtybit.funrun-1.apk is 1.2.3
Done processing no.dirtybit.funrun-1.apk
Time Spent:   0 Days 0 Hours 3 Minutes 49 Seconds

============================================================================
119/125 Starting processing opotech.starfieldLWP-1.apk ......
Getting apk info from https://play.google.com/store/apps/details?id=opotech.starfieldLWP ......
Success to get info from Play Store
The lastest version of opotech.starfieldLWP-1.apk is 1.0.5
Done processing opotech.starfieldLWP-1.apk
Time Spent:   0 Days 0 Hours 3 Minutes 51 Seconds

============================================================================
120/125 Starting processing org.mhgames.jewels-1.apk ......
Getting apk info from https://play.google.com/store/apps/details?id=org.mhgames.jewels ......
Success to get info from Play Store
The lastest version of org.mhgames.jewels-1.apk is Varies with device
Done processing org.mhgames.jewels-1.apk
Time Spent:   0 Days 0 Hours 3 Minutes 53 Seconds

============================================================================
121/125 Starting processing org.mozilla.firefox-1.apk ......
Getting apk info from https://play.google.com/store/apps/details?id=org.mozilla.firefox ......
Success to get info from Play Store
The lastest version of org.mozilla.firefox-1.apk is Varies with device
Done processing org.mozilla.firefox-1.apk
Time Spent:   0 Days 0 Hours 3 Minutes 55 Seconds

============================================================================
122/125 Starting processing pl.idreams.jellydefense-1.apk ......
Getting apk info from https://play.google.com/store/apps/details?id=pl.idreams.jellydefense ......
Success to get info from Play Store
The lastest version of pl.idreams.jellydefense-1.apk is 1.18
Done processing pl.idreams.jellydefense-1.apk
Time Spent:   0 Days 0 Hours 3 Minutes 57 Seconds

============================================================================
123/125 Starting processing udk.android.reader-1.apk ......
Getting apk info from https://play.google.com/store/apps/details?id=udk.android.reader ......
Success to get info from Play Store
The lastest version of udk.android.reader-1.apk is 2.1.0.0
Done processing udk.android.reader-1.apk
Time Spent:   0 Days 0 Hours 3 Minutes 59 Seconds

============================================================================
124/125 Starting processing uk.co.revolution.bs1dc-1.apk ......
Getting apk info from https://play.google.com/store/apps/details?id=uk.co.revolution.bs1dc ......
Success to get info from Play Store
The lastest version of uk.co.revolution.bs1dc-1.apk is Varies with device
Done processing uk.co.revolution.bs1dc-1.apk
Time Spent:   0 Days 0 Hours 4 Minutes 1 Seconds

============================================================================
125/125 Starting processing uk.co.senab.blueNotify-1.apk ......
Getting apk info from https://play.google.com/store/apps/details?id=uk.co.senab.blueNotify ......
Success to get info from Play Store
The lastest version of uk.co.senab.blueNotify-1.apk is 5.3.1
Done processing uk.co.senab.blueNotify-1.apk
Time Spent:   0 Days 0 Hours 4 Minutes 3 Seconds

============================================================================


**************************************************************
All Done
Total Time:   0 Days 0 Hours 4 Minutes 3 Seconds
Result Location:               /srv/www/htdocs/CV2/app/admin/scan_apk_version//results/AppInfo_2013-02-20-09-28-58.csv
**************************************************************
