Start processing app in list /share/Git-Apk/Updated_list from /share/Git-Apk/All_Apk  ......

============================================================================
1/2 Starting processing com.crescentmoongames.ravensword2-1.apk ......
Getting apk info from https://play.google.com/store/apps/details?id=com.crescentmoongames.ravensword2 ......
Success to get info from Play Store
The lastest version of com.crescentmoongames.ravensword2-1.apk is  1.3  
Done processing com.crescentmoongames.ravensword2-1.apk
Time Spent:   0 Days 0 Hours 0 Minutes 3 Seconds

============================================================================
2/2 Starting processing com.fallentreegames.google.quellmemento-1.apk ......
Getting apk info from https://play.google.com/store/apps/details?id=com.fallentreegames.google.quellmemento ......
Success to get info from Play Store
The lastest version of com.fallentreegames.google.quellmemento-1.apk is  1.05  
Done processing com.fallentreegames.google.quellmemento-1.apk
Time Spent:   0 Days 0 Hours 0 Minutes 7 Seconds

============================================================================


**************************************************************
All Done
Total Time:   0 Days 0 Hours 0 Minutes 7 Seconds
Result Location:               /srv/www/htdocs/CV2/app/admin/scan_apk_version//results/AppInfo_2013-10-18-12-56-38.csv
**************************************************************
