Start processing app in list /share/Git-Apk/Updated_list from /share/Git-Apk/All_Apk  ......

============================================================================
1/2 Starting processing com.kascend.video-1.apk ......
Getting apk info from https://play.google.com/store/apps/details?id=com.kascend.video ......
Success to get info from Play Store
The lastest version of com.kascend.video-1.apk is  4.1.6.11106  
Done processing com.kascend.video-1.apk
Time Spent:   0 Days 0 Hours 0 Minutes 3 Seconds

============================================================================
2/2 Starting processing com.qqgame.hlddz-1.apk ......
Getting apk info from https://play.google.com/store/apps/details?id=com.qqgame.hlddz ......
Success to get info from Play Store
The lastest version of com.qqgame.hlddz-1.apk is  1.2.0  
Done processing com.qqgame.hlddz-1.apk
Time Spent:   0 Days 0 Hours 0 Minutes 7 Seconds

============================================================================


**************************************************************
All Done
Total Time:   0 Days 0 Hours 0 Minutes 7 Seconds
Result Location:               /srv/www/htdocs/CV2/app/admin/scan_apk_version//results/AppInfo_2013-12-26-09-37-39.csv
**************************************************************
