Start processing app in list /share/Git-Apk/Updated_list from /share/Git-Apk/All_Apk  ......

============================================================================
1/2 Starting processing com.disney.ToyStorySmashIt.goo-1.apk ......
Getting apk info from https://play.google.com/store/apps/details?id=com.disney.ToyStorySmashIt.goo ......
Success to get info from Play Store
The lastest version of com.disney.ToyStorySmashIt.goo-1.apk is  1.1.0  
Done processing com.disney.ToyStorySmashIt.goo-1.apk
Time Spent:   0 Days 0 Hours 0 Minutes 6 Seconds

============================================================================
2/2 Starting processing com.melot.meshow-1.apk ......
Getting apk info from https://play.google.com/store/apps/details?id=com.melot.meshow ......
Success to get info from Play Store
The lastest version of com.melot.meshow-1.apk is  2.1.3  
Done processing com.melot.meshow-1.apk
Time Spent:   0 Days 0 Hours 0 Minutes 11 Seconds

============================================================================


**************************************************************
All Done
Total Time:   0 Days 0 Hours 0 Minutes 11 Seconds
Result Location:               /srv/www/htdocs/CV2/app/admin/scan_apk_version//results/AppInfo_2013-07-26-12-46-14.csv
**************************************************************
