Start processing app in list /share/Git-Apk/Updated_list from /share/Git-Apk/All_Apk  ......

============================================================================
1/2 Starting processing com.gameresort.stupidzombies-1.apk ......
Getting apk info from https://play.google.com/store/apps/details?id=com.gameresort.stupidzombies ......
Success to get info from Play Store
The lastest version of com.gameresort.stupidzombies-1.apk is  1.11.0  
Done processing com.gameresort.stupidzombies-1.apk
Time Spent:   0 Days 0 Hours 0 Minutes 4 Seconds

============================================================================
2/2 Starting processing com.lonedwarfgames.tanks.android-1.apk ......
Getting apk info from https://play.google.com/store/apps/details?id=com.lonedwarfgames.tanks.android ......
Success to get info from Play Store
The lastest version of com.lonedwarfgames.tanks.android-1.apk is  2.14.19  
Done processing com.lonedwarfgames.tanks.android-1.apk
Time Spent:   0 Days 0 Hours 0 Minutes 7 Seconds

============================================================================


**************************************************************
All Done
Total Time:   0 Days 0 Hours 0 Minutes 7 Seconds
Result Location:               /srv/www/htdocs/CV2/app/admin/scan_apk_version//results/AppInfo_2013-09-27-14-42-58.csv
**************************************************************
