Start processing app in list /share/Git-Apk/Updated_list from /share/Git-Apk/All_Apk  ......

============================================================================
1/3 Starting processing com.game.BubbleShooter-1.apk ......
Getting apk info from https://play.google.com/store/apps/details?id=com.game.BubbleShooter ......
Success to get info from Play Store
The lastest version of com.game.BubbleShooter-1.apk is 2.0
Done processing com.game.BubbleShooter-1.apk
Time Spent:   0 Days 0 Hours 0 Minutes 2 Seconds

============================================================================
2/3 Starting processing com.gameloft.android.ANMP.GloftPEHM-1.apk ......
Getting apk info from https://play.google.com/store/apps/details?id=com.gameloft.android.ANMP.GloftPEHM ......
Success to get info from Play Store
The lastest version of com.gameloft.android.ANMP.GloftPEHM-1.apk is 1.5.1
Done processing com.gameloft.android.ANMP.GloftPEHM-1.apk
Time Spent:   0 Days 0 Hours 0 Minutes 4 Seconds

============================================================================
3/3 Starting processing com.mobage.ww.a953.Fuzion_Android-1.apk ......
Getting apk info from https://play.google.com/store/apps/details?id=com.mobage.ww.a953.Fuzion_Android ......
Success to get info from Play Store
The lastest version of com.mobage.ww.a953.Fuzion_Android-1.apk is 1.7.1
Done processing com.mobage.ww.a953.Fuzion_Android-1.apk
Time Spent:   0 Days 0 Hours 0 Minutes 9 Seconds

============================================================================


**************************************************************
All Done
Total Time:   0 Days 0 Hours 0 Minutes 9 Seconds
Result Location:               /srv/www/htdocs/CV2/app/admin/scan_apk_version//results/AppInfo_2013-05-20-14-50-34.csv
**************************************************************
