Start processing app in list /share/Git-Apk/Updated_list from /share/Git-Apk/All_Apk  ......

============================================================================
1/3 Starting processing com.dama.camera2-1.apk ......
Getting apk info from https://play.google.com/store/apps/details?id=com.dama.camera2 ......
Success to get info from Play Store
The lastest version of com.dama.camera2-1.apk is  1.1.0  
Done processing com.dama.camera2-1.apk
Time Spent:   0 Days 0 Hours 0 Minutes 4 Seconds

============================================================================
2/3 Starting processing com.picadelic.fxguru-1.apk ......
Getting apk info from https://play.google.com/store/apps/details?id=com.picadelic.fxguru ......
Success to get info from Play Store
The lastest version of com.picadelic.fxguru-1.apk is  1.4.1  
Done processing com.picadelic.fxguru-1.apk
Time Spent:   0 Days 0 Hours 0 Minutes 7 Seconds

============================================================================
3/3 Starting processing com.productmadness.bingomadness-1.apk ......
Getting apk info from https://play.google.com/store/apps/details?id=com.productmadness.bingomadness ......
Success to get info from Play Store
The lastest version of com.productmadness.bingomadness-1.apk is  2.02  
Done processing com.productmadness.bingomadness-1.apk
Time Spent:   0 Days 0 Hours 0 Minutes 10 Seconds

============================================================================


**************************************************************
All Done
Total Time:   0 Days 0 Hours 0 Minutes 10 Seconds
Result Location:               /srv/www/htdocs/CV2/app/admin/scan_apk_version//results/AppInfo_2013-08-29-17-59-27.csv
**************************************************************
