Start processing app in list /share/Git-Apk/Updated_list from /share/Git-Apk/All_Apk  ......

============================================================================
1/2 Starting processing cn.cntv-1.apk ......
Getting apk info from https://play.google.com/store/apps/details?id=cn.cntv ......
Success to get info from Play Store
The lastest version of cn.cntv-1.apk is 3.3
Done processing cn.cntv-1.apk
Time Spent:   0 Days 0 Hours 0 Minutes 2 Seconds

============================================================================
2/2 Starting processing com.glu.flcn_new-1.apk ......
Getting apk info from https://play.google.com/store/apps/details?id=com.glu.flcn_new ......
Success to get info from Play Store
The lastest version of com.glu.flcn_new-1.apk is 1.3.0
Done processing com.glu.flcn_new-1.apk
Time Spent:   0 Days 0 Hours 0 Minutes 4 Seconds

============================================================================


**************************************************************
All Done
Total Time:   0 Days 0 Hours 0 Minutes 4 Seconds
Result Location:               /srv/www/htdocs/CV2/app/admin/scan_apk_version//results/AppInfo_2013-06-28-14-44-38.csv
**************************************************************
