Start processing app in list /share/Git-Apk/Updated_list from /share/Git-Apk/All_Apk  ......

============================================================================
1/2 Starting processing com.baidu.browser.apps-1.apk ......
Getting apk info from https://play.google.com/store/apps/details?id=com.baidu.browser.apps ......
Success to get info from Play Store
The lastest version of com.baidu.browser.apps-1.apk is  4.2.9.2  
Done processing com.baidu.browser.apps-1.apk
Time Spent:   0 Days 0 Hours 0 Minutes 3 Seconds

============================================================================
2/2 Starting processing com.tencent.mtt-1.apk ......
Getting apk info from https://play.google.com/store/apps/details?id=com.tencent.mtt ......
Success to get info from Play Store
The lastest version of com.tencent.mtt-1.apk is  5.0.0.650  
Done processing com.tencent.mtt-1.apk
Time Spent:   0 Days 0 Hours 0 Minutes 7 Seconds

============================================================================


**************************************************************
All Done
Total Time:   0 Days 0 Hours 0 Minutes 7 Seconds
Result Location:               /srv/www/htdocs/CV2/app/admin/scan_apk_version//results/AppInfo_2013-12-23-16-02-31.csv
**************************************************************
