Start processing app in list /share/Git-Apk/Updated_list from /share/Git-Apk/All_Apk  ......

============================================================================
1/2 Starting processing com.glu.samuzombie_cn-1.apk ......
Getting apk info from https://play.google.com/store/apps/details?id=com.glu.samuzombie_cn ......
Success to get info from Play Store
The lastest version of com.glu.samuzombie_cn-1.apk is 1.2.6
Done processing com.glu.samuzombie_cn-1.apk
Time Spent:   0 Days 0 Hours 0 Minutes 2 Seconds

============================================================================
2/2 Starting processing com.madhead.tos.zh-1.apk ......
Getting apk info from https://play.google.com/store/apps/details?id=com.madhead.tos.zh ......
Success to get info from Play Store
The lastest version of com.madhead.tos.zh-1.apk is 1.07
Done processing com.madhead.tos.zh-1.apk
Time Spent:   0 Days 0 Hours 0 Minutes 4 Seconds

============================================================================


**************************************************************
All Done
Total Time:   0 Days 0 Hours 0 Minutes 4 Seconds
Result Location:               /srv/www/htdocs/CV2/app/admin/scan_apk_version//results/AppInfo_2013-03-04-10-48-52.csv
**************************************************************
