Start processing app in list /share/Git-Apk/Updated_list from /share/Git-Apk/All_Apk  ......

============================================================================
1/2 Starting processing com.mojang.minecraftpe-1.apk ......
Getting apk info from https://play.google.com/store/apps/details?id=com.mojang.minecraftpe ......
Success to get info from Play Store
The lastest version of com.mojang.minecraftpe-1.apk is    Varies with device  
Done processing com.mojang.minecraftpe-1.apk
Time Spent:   0 Days 0 Hours 0 Minutes 4 Seconds

============================================================================
2/2 Starting processing com.radio.fmradio-1.apk ......
Getting apk info from https://play.google.com/store/apps/details?id=com.radio.fmradio ......
Success to get info from Play Store
The lastest version of com.radio.fmradio-1.apk is  2.5  
Done processing com.radio.fmradio-1.apk
Time Spent:   0 Days 0 Hours 0 Minutes 7 Seconds

============================================================================


**************************************************************
All Done
Total Time:   0 Days 0 Hours 0 Minutes 7 Seconds
Result Location:               /srv/www/htdocs/CV2/app/admin/scan_apk_version//results/AppInfo_2013-09-24-09-56-38.csv
**************************************************************
