Start processing app in list /share/Git-Apk/Updated_list from /share/Git-Apk/All_Apk  ......

============================================================================
1/8 Starting processing com.aidigame.miniworld-1.apk ......
Getting apk info from https://play.google.com/store/apps/details?id=com.aidigame.miniworld ......
Success to get info from Play Store
The lastest version of com.aidigame.miniworld-1.apk is  1.5.0  
Done processing com.aidigame.miniworld-1.apk
Time Spent:   0 Days 0 Hours 0 Minutes 3 Seconds

============================================================================
2/8 Starting processing com.boyaa.fben-1.apk ......
Getting apk info from https://play.google.com/store/apps/details?id=com.boyaa.fben ......
Success to get info from Play Store
The lastest version of com.boyaa.fben-1.apk is  2.6.0  
Done processing com.boyaa.fben-1.apk
Time Spent:   0 Days 0 Hours 0 Minutes 6 Seconds

============================================================================
3/8 Starting processing com.cyworld.camera-1.apk ......
Getting apk info from https://play.google.com/store/apps/details?id=com.cyworld.camera ......
Success to get info from Play Store
The lastest version of com.cyworld.camera-1.apk is  1.4.1  
Done processing com.cyworld.camera-1.apk
Time Spent:   0 Days 0 Hours 0 Minutes 9 Seconds

============================================================================
4/8 Starting processing com.disney.loneranger_goo-1.apk ......
Getting apk info from https://play.google.com/store/apps/details?id=com.disney.loneranger_goo ......
Success to get info from Play Store
The lastest version of com.disney.loneranger_goo-1.apk is  1.1.1  
Done processing com.disney.loneranger_goo-1.apk
Time Spent:   0 Days 0 Hours 0 Minutes 13 Seconds

============================================================================
5/8 Starting processing com.ldw.virtualfamilies2-1.apk ......
Getting apk info from https://play.google.com/store/apps/details?id=com.ldw.virtualfamilies2 ......
Success to get info from Play Store
The lastest version of com.ldw.virtualfamilies2-1.apk is  1.3.0.1  
Done processing com.ldw.virtualfamilies2-1.apk
Time Spent:   0 Days 0 Hours 0 Minutes 16 Seconds

============================================================================
6/8 Starting processing com.nekki.vector-1.apk ......
Getting apk info from https://play.google.com/store/apps/details?id=com.nekki.vector ......
Success to get info from Play Store
The lastest version of com.nekki.vector-1.apk is  1.0.6  
Done processing com.nekki.vector-1.apk
Time Spent:   0 Days 0 Hours 0 Minutes 19 Seconds

============================================================================
7/8 Starting processing com.scopely.minigolf.free-1.apk ......
Getting apk info from https://play.google.com/store/apps/details?id=com.scopely.minigolf.free ......
Success to get info from Play Store
The lastest version of com.scopely.minigolf.free-1.apk is  2.0.1  
Done processing com.scopely.minigolf.free-1.apk
Time Spent:   0 Days 0 Hours 0 Minutes 22 Seconds

============================================================================
8/8 Starting processing ru.mail.games.android.JungleHeat-1.apk ......
Getting apk info from https://play.google.com/store/apps/details?id=ru.mail.games.android.JungleHeat ......
Success to get info from Play Store
The lastest version of ru.mail.games.android.JungleHeat-1.apk is  1.2.5  
Done processing ru.mail.games.android.JungleHeat-1.apk
Time Spent:   0 Days 0 Hours 0 Minutes 25 Seconds

============================================================================


**************************************************************
All Done
Total Time:   0 Days 0 Hours 0 Minutes 25 Seconds
Result Location:               /srv/www/htdocs/CV2/app/admin/scan_apk_version//results/AppInfo_2013-08-09-14-58-35.csv
**************************************************************
