Start processing app in list /share/Git-Apk/Updated_list from /share/Git-Apk/All_Apk  ......

============================================================================
1/16 Starting processing air.com.sgn.pand-1.apk ......
Getting apk info from https://play.google.com/store/apps/details?id=air.com.sgn.pand ......
Success to get info from Play Store
The lastest version of air.com.sgn.pand-1.apk is 1.3.31
Done processing air.com.sgn.pand-1.apk
Time Spent:   0 Days 0 Hours 0 Minutes 2 Seconds

============================================================================
2/16 Starting processing com.appxplore.sporos-1.apk ......
Getting apk info from https://play.google.com/store/apps/details?id=com.appxplore.sporos ......
Success to get info from Play Store
The lastest version of com.appxplore.sporos-1.apk is 1.3
Done processing com.appxplore.sporos-1.apk
Time Spent:   0 Days 0 Hours 0 Minutes 4 Seconds

============================================================================
3/16 Starting processing com.boardtastic.skateboarding-1.apk ......
Getting apk info from https://play.google.com/store/apps/details?id=com.boardtastic.skateboarding ......
Success to get info from Play Store
The lastest version of com.boardtastic.skateboarding-1.apk is Varies with device
Done processing com.boardtastic.skateboarding-1.apk
Time Spent:   0 Days 0 Hours 0 Minutes 5 Seconds

============================================================================
4/16 Starting processing com.digitalsmoke.tenpinshuffle-1.apk ......
Getting apk info from https://play.google.com/store/apps/details?id=com.digitalsmoke.tenpinshuffle ......
Success to get info from Play Store
The lastest version of com.digitalsmoke.tenpinshuffle-1.apk is 1.16
Done processing com.digitalsmoke.tenpinshuffle-1.apk
Time Spent:   0 Days 0 Hours 0 Minutes 7 Seconds

============================================================================
5/16 Starting processing com.gamemiracle.iHorseRacing-1.apk ......
Getting apk info from https://play.google.com/store/apps/details?id=com.gamemiracle.iHorseRacing ......
Success to get info from Play Store
The lastest version of com.gamemiracle.iHorseRacing-1.apk is 1.12
Done processing com.gamemiracle.iHorseRacing-1.apk
Time Spent:   0 Days 0 Hours 0 Minutes 10 Seconds

============================================================================
6/16 Starting processing com.gamevil.cartoonwars.blade.global-1.apk ......
Getting apk info from https://play.google.com/store/apps/details?id=com.gamevil.cartoonwars.blade.global ......
Success to get info from Play Store
The lastest version of com.gamevil.cartoonwars.blade.global-1.apk is 1.0.5
Done processing com.gamevil.cartoonwars.blade.global-1.apk
Time Spent:   0 Days 0 Hours 0 Minutes 12 Seconds

============================================================================
7/16 Starting processing com.glu.samuzombie2-1.apk ......
Getting apk info from https://play.google.com/store/apps/details?id=com.glu.samuzombie2 ......
Success to get info from Play Store
The lastest version of com.glu.samuzombie2-1.apk is 1.0.1
Done processing com.glu.samuzombie2-1.apk
Time Spent:   0 Days 0 Hours 0 Minutes 15 Seconds

============================================================================
8/16 Starting processing com.hapogames.solitaire-1.apk ......
Getting apk info from https://play.google.com/store/apps/details?id=com.hapogames.solitaire ......
Success to get info from Play Store
The lastest version of com.hapogames.solitaire-1.apk is 1.2
Done processing com.hapogames.solitaire-1.apk
Time Spent:   0 Days 0 Hours 0 Minutes 17 Seconds

============================================================================
9/16 Starting processing com.hillsmobile.bs-1.apk ......
Getting apk info from https://play.google.com/store/apps/details?id=com.hillsmobile.bs ......
Success to get info from Play Store
The lastest version of com.hillsmobile.bs-1.apk is 1.0.3
Done processing com.hillsmobile.bs-1.apk
Time Spent:   0 Days 0 Hours 0 Minutes 19 Seconds

============================================================================
10/16 Starting processing com.jninteractive.guesstheword-1.apk ......
Getting apk info from https://play.google.com/store/apps/details?id=com.jninteractive.guesstheword ......
Success to get info from Play Store
The lastest version of com.jninteractive.guesstheword-1.apk is 1.2
Done processing com.jninteractive.guesstheword-1.apk
Time Spent:   0 Days 0 Hours 0 Minutes 22 Seconds

============================================================================
11/16 Starting processing com.playmous.ttfdoodle1-1.apk ......
Getting apk info from https://play.google.com/store/apps/details?id=com.playmous.ttfdoodle1 ......
Success to get info from Play Store
The lastest version of com.playmous.ttfdoodle1-1.apk is 1.6
Done processing com.playmous.ttfdoodle1-1.apk
Time Spent:   0 Days 0 Hours 0 Minutes 25 Seconds

============================================================================
12/16 Starting processing com.tabtale.dogsdressup-1.apk ......
Getting apk info from https://play.google.com/store/apps/details?id=com.tabtale.dogsdressup ......
Success to get info from Play Store
The lastest version of com.tabtale.dogsdressup-1.apk is 1.0.0
Done processing com.tabtale.dogsdressup-1.apk
Time Spent:   0 Days 0 Hours 0 Minutes 27 Seconds

============================================================================
13/16 Starting processing com.topgame.slotcasinotm-1.apk ......
Getting apk info from https://play.google.com/store/apps/details?id=com.topgame.slotcasinotm ......
Success to get info from Play Store
The lastest version of com.topgame.slotcasinotm-1.apk is 1.3.1
Done processing com.topgame.slotcasinotm-1.apk
Time Spent:   0 Days 0 Hours 0 Minutes 30 Seconds

============================================================================
14/16 Starting processing com.touchten.trainlegend-1.apk ......
Getting apk info from https://play.google.com/store/apps/details?id=com.touchten.trainlegend ......
Success to get info from Play Store
The lastest version of com.touchten.trainlegend-1.apk is 1.0.11
Done processing com.touchten.trainlegend-1.apk
Time Spent:   0 Days 0 Hours 0 Minutes 32 Seconds

============================================================================
15/16 Starting processing com.wistone.android.NB-1.apk ......
Getting apk info from https://play.google.com/store/apps/details?id=com.wistone.android.NB ......
Success to get info from Play Store
The lastest version of com.wistone.android.NB-1.apk is 1.0.2
Done processing com.wistone.android.NB-1.apk
Time Spent:   0 Days 0 Hours 0 Minutes 34 Seconds

============================================================================
16/16 Starting processing gabumba.tupsu.android-1.apk ......
Getting apk info from https://play.google.com/store/apps/details?id=gabumba.tupsu.android ......
Success to get info from Play Store
The lastest version of gabumba.tupsu.android-1.apk is 1.5.5
Done processing gabumba.tupsu.android-1.apk
Time Spent:   0 Days 0 Hours 0 Minutes 37 Seconds

============================================================================


**************************************************************
All Done
Total Time:   0 Days 0 Hours 0 Minutes 37 Seconds
Result Location:               /srv/www/htdocs/CV2/app/admin/scan_apk_version//results/AppInfo_2013-03-27-14-06-16.csv
**************************************************************
