Start processing app in list /share/Git-Apk/Updated_list from /share/Git-Apk/All_Apk  ......

============================================================================
1/42 Starting processing Com.sktelecom.minit-1.apk ......
Getting apk info from https://play.google.com/store/apps/details?id=Com.sktelecom.minit ......
Success to get info from Play Store
The lastest version of Com.sktelecom.minit-1.apk is 3.0.0.1.40
Done processing Com.sktelecom.minit-1.apk
Time Spent:   0 Days 0 Hours 0 Minutes 2 Seconds

============================================================================
2/42 Starting processing air.com.armorgames.infectonator-1.apk ......
Getting apk info from https://play.google.com/store/apps/details?id=air.com.armorgames.infectonator ......
Success to get info from Play Store
The lastest version of air.com.armorgames.infectonator-1.apk is 1.0.9
Done processing air.com.armorgames.infectonator-1.apk
Time Spent:   0 Days 0 Hours 0 Minutes 4 Seconds

============================================================================
3/42 Starting processing air.com.befunky.BeFunkyPhotoEditor-1.apk ......
Getting apk info from https://play.google.com/store/apps/details?id=air.com.befunky.BeFunkyPhotoEditor ......
Success to get info from Play Store
The lastest version of air.com.befunky.BeFunkyPhotoEditor-1.apk is Varies with device
Done processing air.com.befunky.BeFunkyPhotoEditor-1.apk
Time Spent:   0 Days 0 Hours 0 Minutes 6 Seconds

============================================================================
4/42 Starting processing air.com.disney.GnomeVillage.GooglePlay-1.apk ......
Getting apk info from https://play.google.com/store/apps/details?id=air.com.disney.GnomeVillage.GooglePlay ......
Success to get info from Play Store
The lastest version of air.com.disney.GnomeVillage.GooglePlay-1.apk is 1.3.1
Done processing air.com.disney.GnomeVillage.GooglePlay-1.apk
Time Spent:   0 Days 0 Hours 0 Minutes 8 Seconds

============================================================================
5/42 Starting processing air.com.empiregames.A3ddragrace-1.apk ......
Getting apk info from https://play.google.com/store/apps/details?id=air.com.empiregames.A3ddragrace ......
Success to get info from Play Store
The lastest version of air.com.empiregames.A3ddragrace-1.apk is 1.6
Done processing air.com.empiregames.A3ddragrace-1.apk
Time Spent:   0 Days 0 Hours 0 Minutes 10 Seconds

============================================================================
6/42 Starting processing air.com.luckylabs.luckyslots-1.apk ......
Getting apk info from https://play.google.com/store/apps/details?id=air.com.luckylabs.luckyslots ......
Success to get info from Play Store
The lastest version of air.com.luckylabs.luckyslots-1.apk is 1.8.0
Done processing air.com.luckylabs.luckyslots-1.apk
Time Spent:   0 Days 0 Hours 0 Minutes 12 Seconds

============================================================================
7/42 Starting processing air.com.nbcuni.com.nbcsports.liveextra-1.apk ......
Getting apk info from https://play.google.com/store/apps/details?id=air.com.nbcuni.com.nbcsports.liveextra ......
Success to get info from Play Store
The lastest version of air.com.nbcuni.com.nbcsports.liveextra-1.apk is 1.4.1
Done processing air.com.nbcuni.com.nbcsports.liveextra-1.apk
Time Spent:   0 Days 0 Hours 0 Minutes 14 Seconds

============================================================================
8/42 Starting processing air.com.oranginalplan.weaphonesfree-1.apk ......
Getting apk info from https://play.google.com/store/apps/details?id=air.com.oranginalplan.weaphonesfree ......
Success to get info from Play Store
The lastest version of air.com.oranginalplan.weaphonesfree-1.apk is 1.7.0
Done processing air.com.oranginalplan.weaphonesfree-1.apk
Time Spent:   0 Days 0 Hours 0 Minutes 16 Seconds

============================================================================
9/42 Starting processing air.com.sgn.bingo.google-1.apk ......
Getting apk info from https://play.google.com/store/apps/details?id=air.com.sgn.bingo.google ......
Success to get info from Play Store
The lastest version of air.com.sgn.bingo.google-1.apk is 1.6.70
Done processing air.com.sgn.bingo.google-1.apk
Time Spent:   0 Days 0 Hours 0 Minutes 18 Seconds

============================================================================
10/42 Starting processing air.com.slotgalaxy-1.apk ......
Getting apk info from https://play.google.com/store/apps/details?id=air.com.slotgalaxy ......
Success to get info from Play Store
The lastest version of air.com.slotgalaxy-1.apk is 1.0.65
Done processing air.com.slotgalaxy-1.apk
Time Spent:   0 Days 0 Hours 0 Minutes 20 Seconds

============================================================================
11/42 Starting processing air.org.pbskids.dtigplayhomeuni-1.apk ......
Getting apk info from https://play.google.com/store/apps/details?id=air.org.pbskids.dtigplayhomeuni ......
Success to get info from Play Store
The lastest version of air.org.pbskids.dtigplayhomeuni-1.apk is 1.2
Done processing air.org.pbskids.dtigplayhomeuni-1.apk
Time Spent:   0 Days 0 Hours 0 Minutes 22 Seconds

============================================================================
12/42 Starting processing com.UCMobile.intl-1.apk ......
Getting apk info from https://play.google.com/store/apps/details?id=com.UCMobile.intl ......
Success to get info from Play Store
The lastest version of com.UCMobile.intl-1.apk is 8.6.1
Done processing com.UCMobile.intl-1.apk
Time Spent:   0 Days 0 Hours 0 Minutes 24 Seconds

============================================================================
13/42 Starting processing com.adobe.air-1.apk ......
Getting apk info from https://play.google.com/store/apps/details?id=com.adobe.air ......
Success to get info from Play Store
The lastest version of com.adobe.air-1.apk is 3.5.0.106
Done processing com.adobe.air-1.apk
Time Spent:   0 Days 0 Hours 0 Minutes 26 Seconds

============================================================================
14/42 Starting processing com.aldiko.android-1.apk ......
Getting apk info from https://play.google.com/store/apps/details?id=com.aldiko.android ......
Success to get info from Play Store
The lastest version of com.aldiko.android-1.apk is 2.2.3
Done processing com.aldiko.android-1.apk
Time Spent:   0 Days 0 Hours 0 Minutes 28 Seconds

============================================================================
15/42 Starting processing com.almalence.hdr-1.apk ......
Getting apk info from https://play.google.com/store/apps/details?id=com.almalence.hdr ......
Success to get info from Play Store
The lastest version of com.almalence.hdr-1.apk is 2.32
Done processing com.almalence.hdr-1.apk
Time Spent:   0 Days 0 Hours 0 Minutes 30 Seconds

============================================================================
16/42 Starting processing com.almalence.hdr_plus-1.apk ......
Getting apk info from https://play.google.com/store/apps/details?id=com.almalence.hdr_plus ......
Success to get info from Play Store
The lastest version of com.almalence.hdr_plus-1.apk is 2.32
Done processing com.almalence.hdr_plus-1.apk
Time Spent:   0 Days 0 Hours 0 Minutes 32 Seconds

============================================================================
17/42 Starting processing com.almalence.night-1.apk ......
Getting apk info from https://play.google.com/store/apps/details?id=com.almalence.night ......
Success to get info from Play Store
The lastest version of com.almalence.night-1.apk is 2.10
Done processing com.almalence.night-1.apk
Time Spent:   0 Days 0 Hours 0 Minutes 34 Seconds

============================================================================
18/42 Starting processing com.baidu.browser.apps-1.apk ......
Getting apk info from https://play.google.com/store/apps/details?id=com.baidu.browser.apps ......
Success to get info from Play Store
The lastest version of com.baidu.browser.apps-1.apk is 2.4.5.6
Done processing com.baidu.browser.apps-1.apk
Time Spent:   0 Days 0 Hours 0 Minutes 36 Seconds

============================================================================
19/42 Starting processing com.brogent.videoviewer3d_free-1.apk ......
Getting apk info from https://play.google.com/store/apps/details?id=com.brogent.videoviewer3d_free ......
Success to get info from Play Store
The lastest version of com.brogent.videoviewer3d_free-1.apk is 1.2.13.48
Done processing com.brogent.videoviewer3d_free-1.apk
Time Spent:   0 Days 0 Hours 0 Minutes 38 Seconds

============================================================================
20/42 Starting processing com.bsplayer.bspandroid.free-1.apk ......
Getting apk info from https://play.google.com/store/apps/details?id=com.bsplayer.bspandroid.free ......
Success to get info from Play Store
The lastest version of com.bsplayer.bspandroid.free-1.apk is Varies with device
Done processing com.bsplayer.bspandroid.free-1.apk
Time Spent:   0 Days 0 Hours 0 Minutes 40 Seconds

============================================================================
21/42 Starting processing com.citrixonline.android.gotomeeting-1.apk ......
Getting apk info from https://play.google.com/store/apps/details?id=com.citrixonline.android.gotomeeting ......
Success to get info from Play Store
The lastest version of com.citrixonline.android.gotomeeting-1.apk is 5.0.799.1183
Done processing com.citrixonline.android.gotomeeting-1.apk
Time Spent:   0 Days 0 Hours 0 Minutes 42 Seconds

============================================================================
22/42 Starting processing com.drbrain.android.vietnameseime-1.apk ......
Getting apk info from https://play.google.com/store/apps/details?id=com.drbrain.android.vietnameseime ......
Success to get info from Play Store
The lastest version of com.drbrain.android.vietnameseime-1.apk is 1.9.6
Done processing com.drbrain.android.vietnameseime-1.apk
Time Spent:   0 Days 0 Hours 0 Minutes 44 Seconds

============================================================================
23/42 Starting processing com.ea.games.simsfreeplay_na-1.apk ......
Getting apk info from https://play.google.com/store/apps/details?id=com.ea.games.simsfreeplay_na ......
Success to get info from Play Store
The lastest version of com.ea.games.simsfreeplay_na-1.apk is 1.9.8
Done processing com.ea.games.simsfreeplay_na-1.apk
Time Spent:   0 Days 0 Hours 0 Minutes 46 Seconds

============================================================================
24/42 Starting processing com.elex.ram-1.apk ......
Getting apk info from https://play.google.com/store/apps/details?id=com.elex.ram ......
Success to get info from Play Store
The lastest version of com.elex.ram-1.apk is 1.3.2
Done processing com.elex.ram-1.apk
Time Spent:   0 Days 0 Hours 0 Minutes 48 Seconds

============================================================================
25/42 Starting processing com.hunantv.imgo.activity-1.apk ......
Getting apk info from https://play.google.com/store/apps/details?id=com.hunantv.imgo.activity ......
Success to get info from Play Store
The lastest version of com.hunantv.imgo.activity-1.apk is 3.1
Done processing com.hunantv.imgo.activity-1.apk
Time Spent:   0 Days 0 Hours 0 Minutes 50 Seconds

============================================================================
26/42 Starting processing com.intsig.BCRLatam-1.apk ......
Getting apk info from https://play.google.com/store/apps/details?id=com.intsig.BCRLatam ......
Success to get info from Play Store
The lastest version of com.intsig.BCRLatam-1.apk is 3.2.0.20121214
Done processing com.intsig.BCRLatam-1.apk
Time Spent:   0 Days 0 Hours 0 Minutes 53 Seconds

============================================================================
27/42 Starting processing com.intsig.BCRLite-1.apk ......
Getting apk info from https://play.google.com/store/apps/details?id=com.intsig.BCRLite ......
Success to get info from Play Store
The lastest version of com.intsig.BCRLite-1.apk is 3.2.0.20121214
Done processing com.intsig.BCRLite-1.apk
Time Spent:   0 Days 0 Hours 0 Minutes 55 Seconds

============================================================================
28/42 Starting processing com.intsig.BCRLite_cn-1.apk ......
Getting apk info from https://play.google.com/store/apps/details?id=com.intsig.BCRLite_cn ......
Success to get info from Play Store
The lastest version of com.intsig.BCRLite_cn-1.apk is 3.2.0.20121214
Done processing com.intsig.BCRLite_cn-1.apk
Time Spent:   0 Days 0 Hours 0 Minutes 57 Seconds

============================================================================
29/42 Starting processing com.intsig.BizCardReader-1.apk ......
Getting apk info from https://play.google.com/store/apps/details?id=com.intsig.BizCardReader ......
Success to get info from Play Store
The lastest version of com.intsig.BizCardReader-1.apk is 3.2.0.20121214
Done processing com.intsig.BizCardReader-1.apk
Time Spent:   0 Days 0 Hours 0 Minutes 59 Seconds

============================================================================
30/42 Starting processing com.jiubang.app.news-1.apk ......
Getting apk info from https://play.google.com/store/apps/details?id=com.jiubang.app.news ......
Success to get info from Play Store
The lastest version of com.jiubang.app.news-1.apk is 1.6.4.3
Done processing com.jiubang.app.news-1.apk
Time Spent:   0 Days 0 Hours 1 Minutes 1 Seconds

============================================================================
31/42 Starting processing com.jiubang.app.score-1.apk ......
Getting apk info from https://play.google.com/store/apps/details?id=com.jiubang.app.score ......
Success to get info from Play Store
The lastest version of com.jiubang.app.score-1.apk is 1.9.7
Done processing com.jiubang.app.score-1.apk
Time Spent:   0 Days 0 Hours 1 Minutes 4 Seconds

============================================================================
32/42 Starting processing com.kascend.video-1.apk ......
Getting apk info from https://play.google.com/store/apps/details?id=com.kascend.video ......
Success to get info from Play Store
The lastest version of com.kascend.video-1.apk is 3.3.6.7173
Done processing com.kascend.video-1.apk
Time Spent:   0 Days 0 Hours 1 Minutes 6 Seconds

============================================================================
33/42 Starting processing com.kindroid.security-1.apk ......
Getting apk info from https://play.google.com/store/apps/details?id=com.kindroid.security ......
Success to get info from Play Store
The lastest version of com.kindroid.security-1.apk is 1.8.13
Done processing com.kindroid.security-1.apk
Time Spent:   0 Days 0 Hours 1 Minutes 8 Seconds

============================================================================
34/42 Starting processing com.king.candycrushsaga-1.apk ......
Getting apk info from https://play.google.com/store/apps/details?id=com.king.candycrushsaga ......
Success to get info from Play Store
The lastest version of com.king.candycrushsaga-1.apk is Varies with device
Done processing com.king.candycrushsaga-1.apk
Time Spent:   0 Days 0 Hours 1 Minutes 10 Seconds

============================================================================
35/42 Starting processing com.lbe.security-1.apk ......
Getting apk info from https://play.google.com/store/apps/details?id=com.lbe.security ......
Success to get info from Play Store
The lastest version of com.lbe.security-1.apk is 4.4.2829
Done processing com.lbe.security-1.apk
Time Spent:   0 Days 0 Hours 1 Minutes 12 Seconds

============================================================================
36/42 Starting processing com.lbe.security.lite-1.apk ......
Getting apk info from https://play.google.com/store/apps/details?id=com.lbe.security.lite ......
Success to get info from Play Store
The lastest version of com.lbe.security.lite-1.apk is 3.0.1009
Done processing com.lbe.security.lite-1.apk
Time Spent:   0 Days 0 Hours 1 Minutes 14 Seconds

============================================================================
37/42 Starting processing com.oray.sunlogin-1.apk ......
Getting apk info from https://play.google.com/store/apps/details?id=com.oray.sunlogin ......
Success to get info from Play Store
The lastest version of com.oray.sunlogin-1.apk is 1.0.7.21146
Done processing com.oray.sunlogin-1.apk
Time Spent:   0 Days 0 Hours 1 Minutes 16 Seconds

============================================================================
38/42 Starting processing com.tux.client-1.apk ......
Getting apk info from https://play.google.com/store/apps/details?id=com.tux.client ......
Success to get info from Play Store
The lastest version of com.tux.client-1.apk is Varies with device
Done processing com.tux.client-1.apk
Time Spent:   0 Days 0 Hours 1 Minutes 17 Seconds

============================================================================
39/42 Starting processing com.waze-1.apk ......
Getting apk info from https://play.google.com/store/apps/details?id=com.waze ......
Success to get info from Play Store
The lastest version of com.waze-1.apk is 3.5.3.0
Done processing com.waze-1.apk
Time Spent:   0 Days 0 Hours 1 Minutes 20 Seconds

============================================================================
40/42 Starting processing jp.co.applibot.legend.android-1.apk ......
Getting apk info from https://play.google.com/store/apps/details?id=jp.co.applibot.legend.android ......
Success to get info from Play Store
The lastest version of jp.co.applibot.legend.android-1.apk is 4.3
Done processing jp.co.applibot.legend.android-1.apk
Time Spent:   0 Days 0 Hours 1 Minutes 22 Seconds

============================================================================
41/42 Starting processing net.mobigame.edge-1.apk ......
Getting apk info from https://play.google.com/store/apps/details?id=net.mobigame.edge ......
Success to get info from Play Store
The lastest version of net.mobigame.edge-1.apk is 1.92.4
Done processing net.mobigame.edge-1.apk
Time Spent:   0 Days 0 Hours 1 Minutes 24 Seconds

============================================================================
42/42 Starting processing skyone.tian.yi.shu.ge.pad.bundle-1.apk ......
Getting apk info from https://play.google.com/store/apps/details?id=skyone.tian.yi.shu.ge.pad.bundle ......
Success to get info from Play Store
The lastest version of skyone.tian.yi.shu.ge.pad.bundle-1.apk is 1.1.0
Done processing skyone.tian.yi.shu.ge.pad.bundle-1.apk
Time Spent:   0 Days 0 Hours 1 Minutes 25 Seconds

============================================================================


**************************************************************
All Done
Total Time:   0 Days 0 Hours 1 Minutes 25 Seconds
Result Location:               /srv/www/htdocs/CV2/app/admin/scan_apk_version//results/AppInfo_2013-02-01-15-18-33.csv
**************************************************************
