Start processing app in list /share/Git-Apk/Updated_list from /share/Git-Apk/All_Apk  ......

============================================================================
1/10 Starting processing com.adobe.reader-1.apk ......
Getting apk info from https://play.google.com/store/apps/details?id=com.adobe.reader ......
Success to get info from Play Store
The lastest version of com.adobe.reader-1.apk is 10.6.1
Done processing com.adobe.reader-1.apk
Time Spent:   0 Days 0 Hours 0 Minutes 2 Seconds

============================================================================
2/10 Starting processing com.gamevil.doz.global-1.apk ......
Getting apk info from https://play.google.com/store/apps/details?id=com.gamevil.doz.global ......
Success to get info from Play Store
The lastest version of com.gamevil.doz.global-1.apk is 1.0.8
Done processing com.gamevil.doz.global-1.apk
Time Spent:   0 Days 0 Hours 0 Minutes 3 Seconds

============================================================================
3/10 Starting processing com.infinitypocket.flickhomerun-1.apk ......
Getting apk info from https://play.google.com/store/apps/details?id=com.infinitypocket.flickhomerun ......
Success to get info from Play Store
The lastest version of com.infinitypocket.flickhomerun-1.apk is 1.1.0
Done processing com.infinitypocket.flickhomerun-1.apk
Time Spent:   0 Days 0 Hours 0 Minutes 5 Seconds

============================================================================
4/10 Starting processing com.jb.gosms-1.apk ......
Getting apk info from https://play.google.com/store/apps/details?id=com.jb.gosms ......
Success to get info from Play Store
The lastest version of com.jb.gosms-1.apk is 5.02
Done processing com.jb.gosms-1.apk
Time Spent:   0 Days 0 Hours 0 Minutes 6 Seconds

============================================================================
5/10 Starting processing com.kiwi.enemylines-1.apk ......
Getting apk info from https://play.google.com/store/apps/details?id=com.kiwi.enemylines ......
Success to get info from Play Store
The lastest version of com.kiwi.enemylines-1.apk is Varies with device
Done processing com.kiwi.enemylines-1.apk
Time Spent:   0 Days 0 Hours 0 Minutes 8 Seconds

============================================================================
6/10 Starting processing com.ldw.virtualfamilies2-1.apk ......
Getting apk info from https://play.google.com/store/apps/details?id=com.ldw.virtualfamilies2 ......
Success to get info from Play Store
The lastest version of com.ldw.virtualfamilies2-1.apk is 1.1.8
Done processing com.ldw.virtualfamilies2-1.apk
Time Spent:   0 Days 0 Hours 0 Minutes 9 Seconds

============================================================================
7/10 Starting processing com.nuttyapps.doctors.office-1.apk ......
Getting apk info from https://play.google.com/store/apps/details?id=com.nuttyapps.doctors.office ......
Success to get info from Play Store
The lastest version of com.nuttyapps.doctors.office-1.apk is 1.0.7
Done processing com.nuttyapps.doctors.office-1.apk
Time Spent:   0 Days 0 Hours 0 Minutes 11 Seconds

============================================================================
8/10 Starting processing com.playfirst.playground.dinerdash-1.apk ......
Getting apk info from https://play.google.com/store/apps/details?id=com.playfirst.playground.dinerdash ......
Success to get info from Play Store
The lastest version of com.playfirst.playground.dinerdash-1.apk is 3.25.3
Done processing com.playfirst.playground.dinerdash-1.apk
Time Spent:   0 Days 0 Hours 0 Minutes 12 Seconds

============================================================================
9/10 Starting processing com.spotify.mobile.android.ui-1.apk ......
Getting apk info from https://play.google.com/store/apps/details?id=com.spotify.mobile.android.ui ......
Success to get info from Play Store
The lastest version of com.spotify.mobile.android.ui-1.apk is Varies with device
Done processing com.spotify.mobile.android.ui-1.apk
Time Spent:   0 Days 0 Hours 0 Minutes 14 Seconds

============================================================================
10/10 Starting processing me.pou.app-1.apk ......
Getting apk info from https://play.google.com/store/apps/details?id=me.pou.app ......
Success to get info from Play Store
The lastest version of me.pou.app-1.apk is 1.3.10
Done processing me.pou.app-1.apk
Time Spent:   0 Days 0 Hours 0 Minutes 15 Seconds

============================================================================


**************************************************************
All Done
Total Time:   0 Days 0 Hours 0 Minutes 15 Seconds
Result Location:               /srv/www/htdocs/CV2/app/admin/scan_apk_version//results/AppInfo_2013-07-03-16-08-47.csv
**************************************************************
