Start processing app in list /share/Git-Apk/Updated_list from /share/Git-Apk/All_Apk  ......

============================================================================
1/40 Starting processing com.IMStudio.PocketRallyLite-1.apk ......
Getting apk info from https://play.google.com/store/apps/details?id=com.IMStudio.PocketRallyLite ......
Success to get info from Play Store
The lastest version of com.IMStudio.PocketRallyLite-1.apk is 1.0.2
Done processing com.IMStudio.PocketRallyLite-1.apk
Time Spent:   0 Days 0 Hours 0 Minutes 2 Seconds

============================================================================
2/40 Starting processing com.games4girls.makeupsalon-1.apk ......
Getting apk info from https://play.google.com/store/apps/details?id=com.games4girls.makeupsalon ......
Success to get info from Play Store
The lastest version of com.games4girls.makeupsalon-1.apk is 1.1.0
Done processing com.games4girls.makeupsalon-1.apk
Time Spent:   0 Days 0 Hours 0 Minutes 5 Seconds

============================================================================
3/40 Starting processing com.gamevil.cartoonwars.blade.global-1.apk ......
Getting apk info from https://play.google.com/store/apps/details?id=com.gamevil.cartoonwars.blade.global ......
Success to get info from Play Store
The lastest version of com.gamevil.cartoonwars.blade.global-1.apk is 1.0.6
Done processing com.gamevil.cartoonwars.blade.global-1.apk
Time Spent:   0 Days 0 Hours 0 Minutes 8 Seconds

============================================================================
4/40 Starting processing com.gamevil.fishing.global-1.apk ......
Getting apk info from https://play.google.com/store/apps/details?id=com.gamevil.fishing.global ......
Success to get info from Play Store
The lastest version of com.gamevil.fishing.global-1.apk is 1.3.3
Done processing com.gamevil.fishing.global-1.apk
Time Spent:   0 Days 0 Hours 0 Minutes 10 Seconds

============================================================================
5/40 Starting processing com.gamevil.zenonia5.global-1.apk ......
Getting apk info from https://play.google.com/store/apps/details?id=com.gamevil.zenonia5.global ......
Success to get info from Play Store
The lastest version of com.gamevil.zenonia5.global-1.apk is 1.1.3
Done processing com.gamevil.zenonia5.global-1.apk
Time Spent:   0 Days 0 Hours 0 Minutes 13 Seconds

============================================================================
6/40 Starting processing com.geico.mobile-1.apk ......
Getting apk info from https://play.google.com/store/apps/details?id=com.geico.mobile ......
Success to get info from Play Store
The lastest version of com.geico.mobile-1.apk is 2.6.0
Done processing com.geico.mobile-1.apk
Time Spent:   0 Days 0 Hours 0 Minutes 16 Seconds

============================================================================
7/40 Starting processing com.glidetalk.glideapp-1.apk ......
Getting apk info from https://play.google.com/store/apps/details?id=com.glidetalk.glideapp ......
Success to get info from Play Store
The lastest version of com.glidetalk.glideapp-1.apk is GlideBeta.v0.0.28
Done processing com.glidetalk.glideapp-1.apk
Time Spent:   0 Days 0 Hours 0 Minutes 18 Seconds

============================================================================
8/40 Starting processing com.glu.ewarriors2-1.apk ......
Getting apk info from https://play.google.com/store/apps/details?id=com.glu.ewarriors2 ......
Success to get info from Play Store
The lastest version of com.glu.ewarriors2-1.apk is 3.2.3
Done processing com.glu.ewarriors2-1.apk
Time Spent:   0 Days 0 Hours 0 Minutes 21 Seconds

============================================================================
9/40 Starting processing com.hapogames.blocksburst-1.apk ......
Getting apk info from https://play.google.com/store/apps/details?id=com.hapogames.blocksburst ......
Success to get info from Play Store
The lastest version of com.hapogames.blocksburst-1.apk is 1.1
Done processing com.hapogames.blocksburst-1.apk
Time Spent:   0 Days 0 Hours 0 Minutes 23 Seconds

============================================================================
10/40 Starting processing com.herocraft.game.raceillegal-1.apk ......
Getting apk info from https://play.google.com/store/apps/details?id=com.herocraft.game.raceillegal ......
Success to get info from Play Store
The lastest version of com.herocraft.game.raceillegal-1.apk is 1.0.2
Done processing com.herocraft.game.raceillegal-1.apk
Time Spent:   0 Days 0 Hours 0 Minutes 26 Seconds

============================================================================
11/40 Starting processing com.hg.townsmen7free-1.apk ......
Getting apk info from https://play.google.com/store/apps/details?id=com.hg.townsmen7free ......
Success to get info from Play Store
The lastest version of com.hg.townsmen7free-1.apk is 1.4.4
Done processing com.hg.townsmen7free-1.apk
Time Spent:   0 Days 0 Hours 0 Minutes 28 Seconds

============================================================================
12/40 Starting processing com.hiddenrocket.words-1.apk ......
Getting apk info from https://play.google.com/store/apps/details?id=com.hiddenrocket.words ......
Success to get info from Play Store
The lastest version of com.hiddenrocket.words-1.apk is 1.0.4
Done processing com.hiddenrocket.words-1.apk
Time Spent:   0 Days 0 Hours 0 Minutes 31 Seconds

============================================================================
13/40 Starting processing com.ibm.events.android.usga-1.apk ......
Getting apk info from https://play.google.com/store/apps/details?id=com.ibm.events.android.usga ......
Success to get info from Play Store
The lastest version of com.ibm.events.android.usga-1.apk is 2.2
Done processing com.ibm.events.android.usga-1.apk
Time Spent:   0 Days 0 Hours 0 Minutes 33 Seconds

============================================================================
14/40 Starting processing com.idlegames.eldorado-1.apk ......
Getting apk info from https://play.google.com/store/apps/details?id=com.idlegames.eldorado ......
Success to get info from Play Store
The lastest version of com.idlegames.eldorado-1.apk is 1.13.2.23897
Done processing com.idlegames.eldorado-1.apk
Time Spent:   0 Days 0 Hours 0 Minutes 36 Seconds

============================================================================
15/40 Starting processing com.idoing.sniper-1.apk ......
Getting apk info from https://play.google.com/store/apps/details?id=com.idoing.sniper ......
Success to get info from Play Store
The lastest version of com.idoing.sniper-1.apk is 1.0.5
Done processing com.idoing.sniper-1.apk
Time Spent:   0 Days 0 Hours 0 Minutes 38 Seconds

============================================================================
16/40 Starting processing com.igg.heroes_monsters-1.apk ......
Getting apk info from https://play.google.com/store/apps/details?id=com.igg.heroes_monsters ......
Success to get info from Play Store
The lastest version of com.igg.heroes_monsters-1.apk is 2.6
Done processing com.igg.heroes_monsters-1.apk
Time Spent:   0 Days 0 Hours 0 Minutes 41 Seconds

============================================================================
17/40 Starting processing com.itopways.bingocity-1.apk ......
Getting apk info from https://play.google.com/store/apps/details?id=com.itopways.bingocity ......
Success to get info from Play Store
The lastest version of com.itopways.bingocity-1.apk is 1.0.2
Done processing com.itopways.bingocity-1.apk
Time Spent:   0 Days 0 Hours 0 Minutes 44 Seconds

============================================================================
18/40 Starting processing com.jb.gosms.plugin.gochat-1.apk ......
Getting apk info from https://play.google.com/store/apps/details?id=com.jb.gosms.plugin.gochat ......
Success to get info from Play Store
The lastest version of com.jb.gosms.plugin.gochat-1.apk is 1.0
Done processing com.jb.gosms.plugin.gochat-1.apk
Time Spent:   0 Days 0 Hours 0 Minutes 46 Seconds

============================================================================
19/40 Starting processing com.jellyvisiongames.YOUDONTKNOWJACK-1.apk ......
Getting apk info from https://play.google.com/store/apps/details?id=com.jellyvisiongames.YOUDONTKNOWJACK ......
Success to get info from Play Store
The lastest version of com.jellyvisiongames.YOUDONTKNOWJACK-1.apk is 1.0.8
Done processing com.jellyvisiongames.YOUDONTKNOWJACK-1.apk
Time Spent:   0 Days 0 Hours 0 Minutes 49 Seconds

============================================================================
20/40 Starting processing com.king.petrescuesaga-1.apk ......
Getting apk info from https://play.google.com/store/apps/details?id=com.king.petrescuesaga ......
Success to get info from Play Store
The lastest version of com.king.petrescuesaga-1.apk is 1.0.4
Done processing com.king.petrescuesaga-1.apk
Time Spent:   0 Days 0 Hours 0 Minutes 51 Seconds

============================================================================
21/40 Starting processing com.kiwi.enemylines-1.apk ......
Getting apk info from https://play.google.com/store/apps/details?id=com.kiwi.enemylines ......
Success to get info from Play Store
The lastest version of com.kiwi.enemylines-1.apk is Varies with device
Done processing com.kiwi.enemylines-1.apk
Time Spent:   0 Days 0 Hours 0 Minutes 54 Seconds

============================================================================
22/40 Starting processing com.kiwi.mysteryestate-1.apk ......
Getting apk info from https://play.google.com/store/apps/details?id=com.kiwi.mysteryestate ......
Success to get info from Play Store
The lastest version of com.kiwi.mysteryestate-1.apk is 2.0.1
Done processing com.kiwi.mysteryestate-1.apk
Time Spent:   0 Days 0 Hours 0 Minutes 57 Seconds

============================================================================
23/40 Starting processing com.ldw.virtualfamilies2-1.apk ......
Getting apk info from https://play.google.com/store/apps/details?id=com.ldw.virtualfamilies2 ......
Success to get info from Play Store
The lastest version of com.ldw.virtualfamilies2-1.apk is 1.1.7
Done processing com.ldw.virtualfamilies2-1.apk
Time Spent:   0 Days 0 Hours 0 Minutes 59 Seconds

============================================================================
24/40 Starting processing com.libiitech.nailsalon-1.apk ......
Getting apk info from https://play.google.com/store/apps/details?id=com.libiitech.nailsalon ......
Success to get info from Play Store
The lastest version of com.libiitech.nailsalon-1.apk is 1.0.2
Done processing com.libiitech.nailsalon-1.apk
Time Spent:   0 Days 0 Hours 1 Minutes 2 Seconds

============================================================================
25/40 Starting processing com.libiitech.schooldance-1.apk ......
Getting apk info from https://play.google.com/store/apps/details?id=com.libiitech.schooldance ......
Success to get info from Play Store
The lastest version of com.libiitech.schooldance-1.apk is 1.0.1
Done processing com.libiitech.schooldance-1.apk
Time Spent:   0 Days 0 Hours 1 Minutes 5 Seconds

============================================================================
26/40 Starting processing com.mationmedia.helicopterpilotfree-1.apk ......
Getting apk info from https://play.google.com/store/apps/details?id=com.mationmedia.helicopterpilotfree ......
Success to get info from Play Store
The lastest version of com.mationmedia.helicopterpilotfree-1.apk is 1.0
Done processing com.mationmedia.helicopterpilotfree-1.apk
Time Spent:   0 Days 0 Hours 1 Minutes 7 Seconds

============================================================================
27/40 Starting processing com.miniclip.extremeskater-1.apk ......
Getting apk info from https://play.google.com/store/apps/details?id=com.miniclip.extremeskater ......
Success to get info from Play Store
The lastest version of com.miniclip.extremeskater-1.apk is 1.0.6
Done processing com.miniclip.extremeskater-1.apk
Time Spent:   0 Days 0 Hours 1 Minutes 10 Seconds

============================================================================
28/40 Starting processing com.miniclip.railrush-1.apk ......
Getting apk info from https://play.google.com/store/apps/details?id=com.miniclip.railrush ......
Success to get info from Play Store
The lastest version of com.miniclip.railrush-1.apk is 1.3.0
Done processing com.miniclip.railrush-1.apk
Time Spent:   0 Days 0 Hours 1 Minutes 12 Seconds

============================================================================
29/40 Starting processing com.mobage.ww.a692.Bahamut_Android-1.apk ......
Getting apk info from https://play.google.com/store/apps/details?id=com.mobage.ww.a692.Bahamut_Android ......
Success to get info from Play Store
The lastest version of com.mobage.ww.a692.Bahamut_Android-1.apk is 1.11.1.4.2
Done processing com.mobage.ww.a692.Bahamut_Android-1.apk
Time Spent:   0 Days 0 Hours 1 Minutes 15 Seconds

============================================================================
30/40 Starting processing com.mobage.ww.a793.fanta_test_Android-1.apk ......
Getting apk info from https://play.google.com/store/apps/details?id=com.mobage.ww.a793.fanta_test_Android ......
Success to get info from Play Store
The lastest version of com.mobage.ww.a793.fanta_test_Android-1.apk is 1.11.1.4.2
Done processing com.mobage.ww.a793.fanta_test_Android-1.apk
Time Spent:   0 Days 0 Hours 1 Minutes 18 Seconds

============================================================================
31/40 Starting processing com.naquatic.GunCollector-1.apk ......
Getting apk info from https://play.google.com/store/apps/details?id=com.naquatic.GunCollector ......
Success to get info from Play Store
The lastest version of com.naquatic.GunCollector-1.apk is 1.1
Done processing com.naquatic.GunCollector-1.apk
Time Spent:   0 Days 0 Hours 1 Minutes 20 Seconds

============================================================================
32/40 Starting processing com.naquatic.guncraft-1.apk ......
Getting apk info from https://play.google.com/store/apps/details?id=com.naquatic.guncraft ......
Success to get info from Play Store
The lastest version of com.naquatic.guncraft-1.apk is 1.1
Done processing com.naquatic.guncraft-1.apk
Time Spent:   0 Days 0 Hours 1 Minutes 23 Seconds

============================================================================
33/40 Starting processing com.naquatic.shootingshowdown-1.apk ......
Getting apk info from https://play.google.com/store/apps/details?id=com.naquatic.shootingshowdown ......
Success to get info from Play Store
The lastest version of com.naquatic.shootingshowdown-1.apk is 1.0
Done processing com.naquatic.shootingshowdown-1.apk
Time Spent:   0 Days 0 Hours 1 Minutes 25 Seconds

============================================================================
34/40 Starting processing com.nianticproject.ingress-1.apk ......
Getting apk info from https://play.google.com/store/apps/details?id=com.nianticproject.ingress ......
Success to get info from Play Store
The lastest version of com.nianticproject.ingress-1.apk is Varies with device
Done processing com.nianticproject.ingress-1.apk
Time Spent:   0 Days 0 Hours 1 Minutes 28 Seconds

============================================================================
35/40 Starting processing com.nubee.monsterslayer-1.apk ......
Getting apk info from https://play.google.com/store/apps/details?id=com.nubee.monsterslayer ......
Success to get info from Play Store
The lastest version of com.nubee.monsterslayer-1.apk is 1.3.0
Done processing com.nubee.monsterslayer-1.apk
Time Spent:   0 Days 0 Hours 1 Minutes 31 Seconds

============================================================================
36/40 Starting processing com.nuttyapps.crazy.dentist-1.apk ......
Getting apk info from https://play.google.com/store/apps/details?id=com.nuttyapps.crazy.dentist ......
Success to get info from Play Store
The lastest version of com.nuttyapps.crazy.dentist-1.apk is 1.0.3
Done processing com.nuttyapps.crazy.dentist-1.apk
Time Spent:   0 Days 0 Hours 1 Minutes 33 Seconds

============================================================================
37/40 Starting processing com.nuttyapps.dentist.office-1.apk ......
Getting apk info from https://play.google.com/store/apps/details?id=com.nuttyapps.dentist.office ......
Success to get info from Play Store
The lastest version of com.nuttyapps.dentist.office-1.apk is 1.0.8
Done processing com.nuttyapps.dentist.office-1.apk
Time Spent:   0 Days 0 Hours 1 Minutes 36 Seconds

============================================================================
38/40 Starting processing com.nuttyapps.dentist.story-1.apk ......
Getting apk info from https://play.google.com/store/apps/details?id=com.nuttyapps.dentist.story ......
Success to get info from Play Store
The lastest version of com.nuttyapps.dentist.story-1.apk is 1.0.4
Done processing com.nuttyapps.dentist.story-1.apk
Time Spent:   0 Days 0 Hours 1 Minutes 39 Seconds

============================================================================
39/40 Starting processing com.nuttyapps.doctors.office-1.apk ......
Getting apk info from https://play.google.com/store/apps/details?id=com.nuttyapps.doctors.office ......
Success to get info from Play Store
The lastest version of com.nuttyapps.doctors.office-1.apk is 1.0.6
Done processing com.nuttyapps.doctors.office-1.apk
Time Spent:   0 Days 0 Hours 1 Minutes 42 Seconds

============================================================================
40/40 Starting processing com.nuttyapps.tattoo.makeover-1.apk ......
Getting apk info from https://play.google.com/store/apps/details?id=com.nuttyapps.tattoo.makeover ......
Success to get info from Play Store
The lastest version of com.nuttyapps.tattoo.makeover-1.apk is 1.0.3
Done processing com.nuttyapps.tattoo.makeover-1.apk
Time Spent:   0 Days 0 Hours 1 Minutes 44 Seconds

============================================================================


**************************************************************
All Done
Total Time:   0 Days 0 Hours 1 Minutes 44 Seconds
Result Location:               /srv/www/htdocs/CV2/app/admin/scan_apk_version//results/AppInfo_2013-06-20-10-54-42.csv
**************************************************************
