Start processing app in list /share/Git-Apk/Updated_list from /share/Git-Apk/All_Apk  ......

============================================================================
1/4 Starting processing com.balloonisland.lollipops-1.apk ......
Getting apk info from https://play.google.com/store/apps/details?id=com.balloonisland.lollipops ......
Success to get info from Play Store
The lastest version of com.balloonisland.lollipops-1.apk is  1.16  
Done processing com.balloonisland.lollipops-1.apk
Time Spent:   0 Days 0 Hours 0 Minutes 4 Seconds

============================================================================
2/4 Starting processing com.gamevil.doz.global-1.apk ......
Getting apk info from https://play.google.com/store/apps/details?id=com.gamevil.doz.global ......
Success to get info from Play Store
The lastest version of com.gamevil.doz.global-1.apk is  1.2.1  
Done processing com.gamevil.doz.global-1.apk
Time Spent:   0 Days 0 Hours 0 Minutes 9 Seconds

============================================================================
3/4 Starting processing com.mobage.ww.a1257.Dot_Android-1.apk ......
Getting apk info from https://play.google.com/store/apps/details?id=com.mobage.ww.a1257.Dot_Android ......
Success to get info from Play Store
The lastest version of com.mobage.ww.a1257.Dot_Android-1.apk is  2.7.0  
Done processing com.mobage.ww.a1257.Dot_Android-1.apk
Time Spent:   0 Days 0 Hours 0 Minutes 13 Seconds

============================================================================
4/4 Starting processing com.nubee.valkyriecrusade-1.apk ......
Getting apk info from https://play.google.com/store/apps/details?id=com.nubee.valkyriecrusade ......
Success to get info from Play Store
The lastest version of com.nubee.valkyriecrusade-1.apk is  1.8.1  
Done processing com.nubee.valkyriecrusade-1.apk
Time Spent:   0 Days 0 Hours 0 Minutes 17 Seconds

============================================================================


**************************************************************
All Done
Total Time:   0 Days 0 Hours 0 Minutes 17 Seconds
Result Location:               /srv/www/htdocs/CV2/app/admin/scan_apk_version//results/AppInfo_2013-09-27-16-53-34.csv
**************************************************************
