Start processing app in list /share/Git-Apk/Updated_list from /share/Git-Apk/All_Apk  ......

============================================================================
1/2 Starting processing com.g6677.android.design-1.apk ......
Getting apk info from https://play.google.com/store/apps/details?id=com.g6677.android.design ......
Success to get info from Play Store
The lastest version of com.g6677.android.design-1.apk is  1.0.0  
Done processing com.g6677.android.design-1.apk
Time Spent:   0 Days 0 Hours 0 Minutes 5 Seconds

============================================================================
2/2 Starting processing com.turner.ghosttoasters-1.apk ......
Getting apk info from https://play.google.com/store/apps/details?id=com.turner.ghosttoasters ......
Success to get info from Play Store
The lastest version of com.turner.ghosttoasters-1.apk is  1.1.4  
Done processing com.turner.ghosttoasters-1.apk
Time Spent:   0 Days 0 Hours 0 Minutes 9 Seconds

============================================================================


**************************************************************
All Done
Total Time:   0 Days 0 Hours 0 Minutes 9 Seconds
Result Location:               /srv/www/htdocs/CV2/app/admin/scan_apk_version//results/AppInfo_2013-12-17-12-24-49.csv
**************************************************************
