Start processing app in list /share/Git-Apk/Updated_list from /share/Git-Apk/All_Apk  ......

============================================================================
1/8 Starting processing air.com.playtika.slotomania-1.apk ......
Getting apk info from https://play.google.com/store/apps/details?id=air.com.playtika.slotomania ......
Success to get info from Play Store
The lastest version of air.com.playtika.slotomania-1.apk is    Varies with device  
Done processing air.com.playtika.slotomania-1.apk
Time Spent:   0 Days 0 Hours 0 Minutes 3 Seconds

============================================================================
2/8 Starting processing com.fms.vgba-1.apk ......
Getting apk info from https://play.google.com/store/apps/details?id=com.fms.vgba ......
Success to get info from Play Store
The lastest version of com.fms.vgba-1.apk is  4.2  
Done processing com.fms.vgba-1.apk
Time Spent:   0 Days 0 Hours 0 Minutes 7 Seconds

============================================================================
3/8 Starting processing com.gameresort.stupidzombies-1.apk ......
Getting apk info from https://play.google.com/store/apps/details?id=com.gameresort.stupidzombies ......
Success to get info from Play Store
The lastest version of com.gameresort.stupidzombies-1.apk is  1.11.0  
Done processing com.gameresort.stupidzombies-1.apk
Time Spent:   0 Days 0 Hours 0 Minutes 10 Seconds

============================================================================
4/8 Starting processing com.nubee.valkyriecrusade-1.apk ......
Getting apk info from https://play.google.com/store/apps/details?id=com.nubee.valkyriecrusade ......
Success to get info from Play Store
The lastest version of com.nubee.valkyriecrusade-1.apk is  1.9.0  
Done processing com.nubee.valkyriecrusade-1.apk
Time Spent:   0 Days 0 Hours 0 Minutes 13 Seconds

============================================================================
5/8 Starting processing com.sohu.tv-1.apk ......
Getting apk info from https://play.google.com/store/apps/details?id=com.sohu.tv ......
Success to get info from Play Store
The lastest version of com.sohu.tv-1.apk is  3.3.0  
Done processing com.sohu.tv-1.apk
Time Spent:   0 Days 0 Hours 0 Minutes 16 Seconds

============================================================================
6/8 Starting processing eu.namcobandaigames.tekkencard-1.apk ......
Getting apk info from https://play.google.com/store/apps/details?id=eu.namcobandaigames.tekkencard ......
Success to get info from Play Store
The lastest version of eu.namcobandaigames.tekkencard-1.apk is  1.502  
Done processing eu.namcobandaigames.tekkencard-1.apk
Time Spent:   0 Days 0 Hours 0 Minutes 19 Seconds

============================================================================
7/8 Starting processing jp.co.sega.vtc-1.apk ......
Getting apk info from https://play.google.com/store/apps/details?id=jp.co.sega.vtc ......
Success to get info from Play Store
The lastest version of jp.co.sega.vtc-1.apk is  4.5.4  
Done processing jp.co.sega.vtc-1.apk
Time Spent:   0 Days 0 Hours 0 Minutes 22 Seconds

============================================================================
8/8 Starting processing jp.naver.SJLGWR-1.apk ......
Getting apk info from https://play.google.com/store/apps/details?id=jp.naver.SJLGWR ......
Success to get info from Play Store
The lastest version of jp.naver.SJLGWR-1.apk is  2.0.2  
Done processing jp.naver.SJLGWR-1.apk
Time Spent:   0 Days 0 Hours 0 Minutes 26 Seconds

============================================================================


**************************************************************
All Done
Total Time:   0 Days 0 Hours 0 Minutes 26 Seconds
Result Location:               /srv/www/htdocs/CV2/app/admin/scan_apk_version//results/AppInfo_2013-10-14-16-35-38.csv
**************************************************************
