Start processing app in list /share/Git-Apk/Updated_list from /share/Git-Apk/All_Apk  ......

============================================================================
1/2 Starting processing com.Madfinger.Samurai2x86-1.apk ......
Getting apk info from https://play.google.com/store/apps/details?id=com.Madfinger.Samurai2x86 ......
Success to get info from Play Store
The lastest version of com.Madfinger.Samurai2x86-1.apk is 1.0
Done processing com.Madfinger.Samurai2x86-1.apk
Time Spent:   0 Days 0 Hours 0 Minutes 2 Seconds

============================================================================
2/2 Starting processing com.turner.asmajormayhemx86-1.apk ......
Getting apk info from https://play.google.com/store/apps/details?id=com.turner.asmajormayhemx86 ......
Success to get info from Play Store
The lastest version of com.turner.asmajormayhemx86-1.apk is 1.0
Done processing com.turner.asmajormayhemx86-1.apk
Time Spent:   0 Days 0 Hours 0 Minutes 3 Seconds

============================================================================


**************************************************************
All Done
Total Time:   0 Days 0 Hours 0 Minutes 3 Seconds
Result Location:               /srv/www/htdocs/CV2/app/admin/scan_apk_version//results/AppInfo_2013-03-06-11-40-50.csv
**************************************************************
