Start processing app in list /share/Git-Apk/Updated_list from /share/Git-Apk/All_Apk  ......

============================================================================
1/2 Starting processing com.intel.app_preview-1.apk ......
Getting apk info from https://play.google.com/store/apps/details?id=com.intel.app_preview ......
[ERROR] : Cannot find info of com.intel.app_preview-1.apk on https://play.google.com/store/apps/details?id=com.intel.app_preview !!!
Done processing com.intel.app_preview-1.apk
Time Spent:   0 Days 0 Hours 0 Minutes 1 Seconds

============================================================================
2/2 Starting processing com.popcap.pvz_na-1.apk ......
Getting apk info from https://play.google.com/store/apps/details?id=com.popcap.pvz_na ......
Success to get info from Play Store
The lastest version of com.popcap.pvz_na-1.apk is    Varies with device  
Done processing com.popcap.pvz_na-1.apk
Time Spent:   0 Days 0 Hours 0 Minutes 4 Seconds

============================================================================


**************************************************************
All Done
Total Time:   0 Days 0 Hours 0 Minutes 4 Seconds
Result Location:               /srv/www/htdocs/CV2/app/admin/scan_apk_version//results/AppInfo_2013-10-12-09-34-46.csv
**************************************************************
