Start processing app in list /share/Git-Apk/Updated_list from /share/Git-Apk/All_Apk  ......

============================================================================
1/3 Starting processing com.inxile.Choplifter_HD-1.apk ......
Getting apk info from https://play.google.com/store/apps/details?id=com.inxile.Choplifter_HD ......
Success to get info from Play Store
The lastest version of com.inxile.Choplifter_HD-1.apk is  1.4.3  
Done processing com.inxile.Choplifter_HD-1.apk
Time Spent:   0 Days 0 Hours 0 Minutes 4 Seconds

============================================================================
2/3 Starting processing com.skybound.TWDA-1.apk ......
Getting apk info from https://play.google.com/store/apps/details?id=com.skybound.TWDA ......
Success to get info from Play Store
The lastest version of com.skybound.TWDA-1.apk is    Varies with device  
Done processing com.skybound.TWDA-1.apk
Time Spent:   0 Days 0 Hours 0 Minutes 8 Seconds

============================================================================
3/3 Starting processing com.vlambeer.RidiculousFishing-1.apk ......
Getting apk info from https://play.google.com/store/apps/details?id=com.vlambeer.RidiculousFishing ......
Success to get info from Play Store
The lastest version of com.vlambeer.RidiculousFishing-1.apk is  1.2.2.2  
Done processing com.vlambeer.RidiculousFishing-1.apk
Time Spent:   0 Days 0 Hours 0 Minutes 12 Seconds

============================================================================


**************************************************************
All Done
Total Time:   0 Days 0 Hours 0 Minutes 12 Seconds
Result Location:               /srv/www/htdocs/CV2/app/admin/scan_apk_version//results/AppInfo_2013-12-13-10-32-31.csv
**************************************************************
