Start processing app in list /share/Git-Apk/Updated_list from /share/Git-Apk/All_Apk  ......

============================================================================
1/111 Starting processing air.com.befunky.BeFunkyPhotoEditor-1.apk ......
Getting apk info from https://play.google.com/store/apps/details?id=air.com.befunky.BeFunkyPhotoEditor ......
Success to get info from Play Store
The lastest version of air.com.befunky.BeFunkyPhotoEditor-1.apk is Varies with device
Done processing air.com.befunky.BeFunkyPhotoEditor-1.apk
Time Spent:   0 Days 0 Hours 0 Minutes 2 Seconds

============================================================================
2/111 Starting processing air.com.bitrhymes.bingo-1.apk ......
Getting apk info from https://play.google.com/store/apps/details?id=air.com.bitrhymes.bingo ......
Success to get info from Play Store
The lastest version of air.com.bitrhymes.bingo-1.apk is Varies with device
Done processing air.com.bitrhymes.bingo-1.apk
Time Spent:   0 Days 0 Hours 0 Minutes 4 Seconds

============================================================================
3/111 Starting processing air.com.buffalo_studios.newflashbingo-1.apk ......
Getting apk info from https://play.google.com/store/apps/details?id=air.com.buffalo_studios.newflashbingo ......
Success to get info from Play Store
The lastest version of air.com.buffalo_studios.newflashbingo-1.apk is 2.17.1
Done processing air.com.buffalo_studios.newflashbingo-1.apk
Time Spent:   0 Days 0 Hours 0 Minutes 6 Seconds

============================================================================
4/111 Starting processing air.com.freshplanet.games.WaM-1.apk ......
Getting apk info from https://play.google.com/store/apps/details?id=air.com.freshplanet.games.WaM ......
Success to get info from Play Store
The lastest version of air.com.freshplanet.games.WaM-1.apk is 1.7.2
Done processing air.com.freshplanet.games.WaM-1.apk
Time Spent:   0 Days 0 Hours 0 Minutes 8 Seconds

============================================================================
5/111 Starting processing air.com.karmicapps.soliraire.royal-1.apk ......
Getting apk info from https://play.google.com/store/apps/details?id=air.com.karmicapps.soliraire.royal ......
Success to get info from Play Store
The lastest version of air.com.karmicapps.soliraire.royal-1.apk is 1.0.33
Done processing air.com.karmicapps.soliraire.royal-1.apk
Time Spent:   0 Days 0 Hours 0 Minutes 9 Seconds

============================================================================
6/111 Starting processing air.com.playtika.slotomania-1.apk ......
Getting apk info from https://play.google.com/store/apps/details?id=air.com.playtika.slotomania ......
Success to get info from Play Store
The lastest version of air.com.playtika.slotomania-1.apk is Varies with device
Done processing air.com.playtika.slotomania-1.apk
Time Spent:   0 Days 0 Hours 0 Minutes 11 Seconds

============================================================================
7/111 Starting processing com.FunForMobile.main-1.apk ......
Getting apk info from https://play.google.com/store/apps/details?id=com.FunForMobile.main ......
Success to get info from Play Store
The lastest version of com.FunForMobile.main-1.apk is 3.07
Done processing com.FunForMobile.main-1.apk
Time Spent:   0 Days 0 Hours 0 Minutes 13 Seconds

============================================================================
8/111 Starting processing com.Pulsar.ParkingTruck3D-1.apk ......
Getting apk info from https://play.google.com/store/apps/details?id=com.Pulsar.ParkingTruck3D ......
Success to get info from Play Store
The lastest version of com.Pulsar.ParkingTruck3D-1.apk is 1.7
Done processing com.Pulsar.ParkingTruck3D-1.apk
Time Spent:   0 Days 0 Hours 0 Minutes 15 Seconds

============================================================================
9/111 Starting processing com.ad60.songza-1.apk ......
Getting apk info from https://play.google.com/store/apps/details?id=com.ad60.songza ......
Success to get info from Play Store
The lastest version of com.ad60.songza-1.apk is 4.1.11
Done processing com.ad60.songza-1.apk
Time Spent:   0 Days 0 Hours 0 Minutes 17 Seconds

============================================================================
10/111 Starting processing com.alibaba.mobileim-1.apk ......
Getting apk info from https://play.google.com/store/apps/details?id=com.alibaba.mobileim ......
Success to get info from Play Store
The lastest version of com.alibaba.mobileim-1.apk is 2.5.2
Done processing com.alibaba.mobileim-1.apk
Time Spent:   0 Days 0 Hours 0 Minutes 20 Seconds

============================================================================
11/111 Starting processing com.americanlegacy.flavormonsters-1.apk ......
Getting apk info from https://play.google.com/store/apps/details?id=com.americanlegacy.flavormonsters ......
Success to get info from Play Store
The lastest version of com.americanlegacy.flavormonsters-1.apk is 1.75
Done processing com.americanlegacy.flavormonsters-1.apk
Time Spent:   0 Days 0 Hours 0 Minutes 22 Seconds

============================================================================
12/111 Starting processing com.animoca.google.thor-1.apk ......
Getting apk info from https://play.google.com/store/apps/details?id=com.animoca.google.thor ......
Success to get info from Play Store
The lastest version of com.animoca.google.thor-1.apk is 1.0.4
Done processing com.animoca.google.thor-1.apk
Time Spent:   0 Days 0 Hours 0 Minutes 25 Seconds

============================================================================
13/111 Starting processing com.appxplore.sporos-1.apk ......
Getting apk info from https://play.google.com/store/apps/details?id=com.appxplore.sporos ......
Success to get info from Play Store
The lastest version of com.appxplore.sporos-1.apk is 1.7
Done processing com.appxplore.sporos-1.apk
Time Spent:   0 Days 0 Hours 0 Minutes 28 Seconds

============================================================================
14/111 Starting processing com.arcsoft.perfect365-1.apk ......
Getting apk info from https://play.google.com/store/apps/details?id=com.arcsoft.perfect365 ......
Success to get info from Play Store
The lastest version of com.arcsoft.perfect365-1.apk is Varies with device
Done processing com.arcsoft.perfect365-1.apk
Time Spent:   0 Days 0 Hours 0 Minutes 31 Seconds

============================================================================
15/111 Starting processing com.avast.android.mobilesecurity-1.apk ......
Getting apk info from https://play.google.com/store/apps/details?id=com.avast.android.mobilesecurity ......
Success to get info from Play Store
The lastest version of com.avast.android.mobilesecurity-1.apk is 2.0.4808
Done processing com.avast.android.mobilesecurity-1.apk
Time Spent:   0 Days 0 Hours 0 Minutes 34 Seconds

============================================================================
16/111 Starting processing com.backflipstudios.android.dragonvale-1.apk ......
Getting apk info from https://play.google.com/store/apps/details?id=com.backflipstudios.android.dragonvale ......
Success to get info from Play Store
The lastest version of com.backflipstudios.android.dragonvale-1.apk is 1.15.1
Done processing com.backflipstudios.android.dragonvale-1.apk
Time Spent:   0 Days 0 Hours 0 Minutes 37 Seconds

============================================================================
17/111 Starting processing com.bumptech.bumpga-1.apk ......
Getting apk info from https://play.google.com/store/apps/details?id=com.bumptech.bumpga ......
Success to get info from Play Store
The lastest version of com.bumptech.bumpga-1.apk is 3.6.4
Done processing com.bumptech.bumpga-1.apk
Time Spent:   0 Days 0 Hours 0 Minutes 40 Seconds

============================================================================
18/111 Starting processing com.cleanmaster.mguard-1.apk ......
Getting apk info from https://play.google.com/store/apps/details?id=com.cleanmaster.mguard ......
Success to get info from Play Store
The lastest version of com.cleanmaster.mguard-1.apk is 3.5.0
Done processing com.cleanmaster.mguard-1.apk
Time Spent:   0 Days 0 Hours 0 Minutes 43 Seconds

============================================================================
19/111 Starting processing com.com2us.nipb2013.normal.freefull.google.global.android.common-1.apk ......
Getting apk info from https://play.google.com/store/apps/details?id=com.com2us.nipb2013.normal.freefull.google.global.android.common ......
Success to get info from Play Store
The lastest version of com.com2us.nipb2013.normal.freefull.google.global.android.common-1.apk is 2.0.2
Done processing com.com2us.nipb2013.normal.freefull.google.global.android.common-1.apk
Time Spent:   0 Days 0 Hours 0 Minutes 46 Seconds

============================================================================
20/111 Starting processing com.cootek.smartdialer-1.apk ......
Getting apk info from https://play.google.com/store/apps/details?id=com.cootek.smartdialer ......
Success to get info from Play Store
The lastest version of com.cootek.smartdialer-1.apk is 4.6.1
Done processing com.cootek.smartdialer-1.apk
Time Spent:   0 Days 0 Hours 0 Minutes 49 Seconds

============================================================================
21/111 Starting processing com.creativemobile.dragracingbe-1.apk ......
Getting apk info from https://play.google.com/store/apps/details?id=com.creativemobile.dragracingbe ......
Success to get info from Play Store
The lastest version of com.creativemobile.dragracingbe-1.apk is Varies with device
Done processing com.creativemobile.dragracingbe-1.apk
Time Spent:   0 Days 0 Hours 0 Minutes 51 Seconds

============================================================================
22/111 Starting processing com.csms.activities-1.apk ......
Getting apk info from https://play.google.com/store/apps/details?id=com.csms.activities ......
Success to get info from Play Store
The lastest version of com.csms.activities-1.apk is 2.4.6
Done processing com.csms.activities-1.apk
Time Spent:   0 Days 0 Hours 0 Minutes 54 Seconds

============================================================================
23/111 Starting processing com.darksummoner-1.apk ......
Getting apk info from https://play.google.com/store/apps/details?id=com.darksummoner ......
Success to get info from Play Store
The lastest version of com.darksummoner-1.apk is 1.03.09
Done processing com.darksummoner-1.apk
Time Spent:   0 Days 0 Hours 0 Minutes 57 Seconds

============================================================================
24/111 Starting processing com.djinnworks.StickCliffDiving.lite-1.apk ......
Getting apk info from https://play.google.com/store/apps/details?id=com.djinnworks.StickCliffDiving.lite ......
Success to get info from Play Store
The lastest version of com.djinnworks.StickCliffDiving.lite-1.apk is 1.5
Done processing com.djinnworks.StickCliffDiving.lite-1.apk
Time Spent:   0 Days 0 Hours 1 Minutes 0 Seconds

============================================================================
25/111 Starting processing com.ea.games.r3_na-1.apk ......
Getting apk info from https://play.google.com/store/apps/details?id=com.ea.games.r3_na ......
Success to get info from Play Store
The lastest version of com.ea.games.r3_na-1.apk is 1.1.11
Done processing com.ea.games.r3_na-1.apk
Time Spent:   0 Days 0 Hours 1 Minutes 3 Seconds

============================================================================
26/111 Starting processing com.ea.scrabblefree_na-1.apk ......
Getting apk info from https://play.google.com/store/apps/details?id=com.ea.scrabblefree_na ......
Success to get info from Play Store
The lastest version of com.ea.scrabblefree_na-1.apk is 3.4.1
Done processing com.ea.scrabblefree_na-1.apk
Time Spent:   0 Days 0 Hours 1 Minutes 5 Seconds

============================================================================
27/111 Starting processing com.ea.tetrisfree_na-1.apk ......
Getting apk info from https://play.google.com/store/apps/details?id=com.ea.tetrisfree_na ......
Success to get info from Play Store
The lastest version of com.ea.tetrisfree_na-1.apk is 1.0.29
Done processing com.ea.tetrisfree_na-1.apk
Time Spent:   0 Days 0 Hours 1 Minutes 8 Seconds

============================================================================
28/111 Starting processing com.ea.tetrisfree_row-1.apk ......
Getting apk info from https://play.google.com/store/apps/details?id=com.ea.tetrisfree_row ......
Success to get info from Play Store
The lastest version of com.ea.tetrisfree_row-1.apk is 1.0.29
Done processing com.ea.tetrisfree_row-1.apk
Time Spent:   0 Days 0 Hours 1 Minutes 11 Seconds

============================================================================
29/111 Starting processing com.elex.ram-1.apk ......
Getting apk info from https://play.google.com/store/apps/details?id=com.elex.ram ......
Success to get info from Play Store
The lastest version of com.elex.ram-1.apk is 1.8.0
Done processing com.elex.ram-1.apk
Time Spent:   0 Days 0 Hours 1 Minutes 14 Seconds

============================================================================
30/111 Starting processing com.ezjoynetwork.pocketsnooker-1.apk ......
Getting apk info from https://play.google.com/store/apps/details?id=com.ezjoynetwork.pocketsnooker ......
Success to get info from Play Store
The lastest version of com.ezjoynetwork.pocketsnooker-1.apk is 1.1.6
Done processing com.ezjoynetwork.pocketsnooker-1.apk
Time Spent:   0 Days 0 Hours 1 Minutes 17 Seconds

============================================================================
31/111 Starting processing com.facebook.orca-1.apk ......
Getting apk info from https://play.google.com/store/apps/details?id=com.facebook.orca ......
Success to get info from Play Store
The lastest version of com.facebook.orca-1.apk is 2.5.2-release
Done processing com.facebook.orca-1.apk
Time Spent:   0 Days 0 Hours 1 Minutes 20 Seconds

============================================================================
32/111 Starting processing com.facebook.pages.app-1.apk ......
Getting apk info from https://play.google.com/store/apps/details?id=com.facebook.pages.app ......
Success to get info from Play Store
The lastest version of com.facebook.pages.app-1.apk is 1.4
Done processing com.facebook.pages.app-1.apk
Time Spent:   0 Days 0 Hours 1 Minutes 23 Seconds

============================================================================
33/111 Starting processing com.fluik.Explosions-1.apk ......
Getting apk info from https://play.google.com/store/apps/details?id=com.fluik.Explosions ......
Success to get info from Play Store
The lastest version of com.fluik.Explosions-1.apk is 1.0.32
Done processing com.fluik.Explosions-1.apk
Time Spent:   0 Days 0 Hours 1 Minutes 26 Seconds

============================================================================
34/111 Starting processing com.gamecircus.Paplinko-1.apk ......
Getting apk info from https://play.google.com/store/apps/details?id=com.gamecircus.Paplinko ......
Success to get info from Play Store
The lastest version of com.gamecircus.Paplinko-1.apk is Varies with device
Done processing com.gamecircus.Paplinko-1.apk
Time Spent:   0 Days 0 Hours 1 Minutes 29 Seconds

============================================================================
35/111 Starting processing com.gameday.TapToOn_Google-1.apk ......
Getting apk info from https://play.google.com/store/apps/details?id=com.gameday.TapToOn_Google ......
Success to get info from Play Store
The lastest version of com.gameday.TapToOn_Google-1.apk is 1.1.1
Done processing com.gameday.TapToOn_Google-1.apk
Time Spent:   0 Days 0 Hours 1 Minutes 32 Seconds

============================================================================
36/111 Starting processing com.gamehivecorp.kicktheboss2-1.apk ......
Getting apk info from https://play.google.com/store/apps/details?id=com.gamehivecorp.kicktheboss2 ......
Success to get info from Play Store
The lastest version of com.gamehivecorp.kicktheboss2-1.apk is 1.74
Done processing com.gamehivecorp.kicktheboss2-1.apk
Time Spent:   0 Days 0 Hours 1 Minutes 35 Seconds

============================================================================
37/111 Starting processing com.gamelion.loh-1.apk ......
Getting apk info from https://play.google.com/store/apps/details?id=com.gamelion.loh ......
Success to get info from Play Store
The lastest version of com.gamelion.loh-1.apk is 1.3.330
Done processing com.gamelion.loh-1.apk
Time Spent:   0 Days 0 Hours 1 Minutes 38 Seconds

============================================================================
38/111 Starting processing com.gameloft.android.ANMP.GloftMTHM-1.apk ......
Getting apk info from https://play.google.com/store/apps/details?id=com.gameloft.android.ANMP.GloftMTHM ......
Success to get info from Play Store
The lastest version of com.gameloft.android.ANMP.GloftMTHM-1.apk is 1.1.3
Done processing com.gameloft.android.ANMP.GloftMTHM-1.apk
Time Spent:   0 Days 0 Hours 1 Minutes 41 Seconds

============================================================================
39/111 Starting processing com.gamevil.punchhero.glo-1.apk ......
Getting apk info from https://play.google.com/store/apps/details?id=com.gamevil.punchhero.glo ......
Success to get info from Play Store
The lastest version of com.gamevil.punchhero.glo-1.apk is 1.1.0
Done processing com.gamevil.punchhero.glo-1.apk
Time Spent:   0 Days 0 Hours 1 Minutes 44 Seconds

============================================================================
40/111 Starting processing com.gamevil.spermwars2.global-1.apk ......
Getting apk info from https://play.google.com/store/apps/details?id=com.gamevil.spermwars2.global ......
Success to get info from Play Store
The lastest version of com.gamevil.spermwars2.global-1.apk is 1.0.5
Done processing com.gamevil.spermwars2.global-1.apk
Time Spent:   0 Days 0 Hours 1 Minutes 47 Seconds

============================================================================
41/111 Starting processing com.geeksoft.screenshot-1.apk ......
Getting apk info from https://play.google.com/store/apps/details?id=com.geeksoft.screenshot ......
Success to get info from Play Store
The lastest version of com.geeksoft.screenshot-1.apk is 2.8
Done processing com.geeksoft.screenshot-1.apk
Time Spent:   0 Days 0 Hours 1 Minutes 50 Seconds

============================================================================
42/111 Starting processing com.getsetgames.megarun-1.apk ......
Getting apk info from https://play.google.com/store/apps/details?id=com.getsetgames.megarun ......
Success to get info from Play Store
The lastest version of com.getsetgames.megarun-1.apk is Varies with device
Done processing com.getsetgames.megarun-1.apk
Time Spent:   0 Days 0 Hours 1 Minutes 52 Seconds

============================================================================
43/111 Starting processing com.glu.flcn_new-1.apk ......
Getting apk info from https://play.google.com/store/apps/details?id=com.glu.flcn_new ......
Success to get info from Play Store
The lastest version of com.glu.flcn_new-1.apk is 1.1.1
Done processing com.glu.flcn_new-1.apk
Time Spent:   0 Days 0 Hours 1 Minutes 55 Seconds

============================================================================
44/111 Starting processing com.google.earth-1.apk ......
Getting apk info from https://play.google.com/store/apps/details?id=com.google.earth ......
Success to get info from Play Store
The lastest version of com.google.earth-1.apk is Varies with device
Done processing com.google.earth-1.apk
Time Spent:   0 Days 0 Hours 1 Minutes 58 Seconds

============================================================================
45/111 Starting processing com.goplaytoday.divers-1.apk ......
Getting apk info from https://play.google.com/store/apps/details?id=com.goplaytoday.divers ......
Success to get info from Play Store
The lastest version of com.goplaytoday.divers-1.apk is 1.43
Done processing com.goplaytoday.divers-1.apk
Time Spent:   0 Days 0 Hours 2 Minutes 0 Seconds

============================================================================
46/111 Starting processing com.goplaytoday.westernstorygame-1.apk ......
Getting apk info from https://play.google.com/store/apps/details?id=com.goplaytoday.westernstorygame ......
Success to get info from Play Store
The lastest version of com.goplaytoday.westernstorygame-1.apk is 1.12
Done processing com.goplaytoday.westernstorygame-1.apk
Time Spent:   0 Days 0 Hours 2 Minutes 3 Seconds

============================================================================
47/111 Starting processing com.guildsoftware.vendetta-1.apk ......
Getting apk info from https://play.google.com/store/apps/details?id=com.guildsoftware.vendetta ......
Success to get info from Play Store
The lastest version of com.guildsoftware.vendetta-1.apk is 1.8.253
Done processing com.guildsoftware.vendetta-1.apk
Time Spent:   0 Days 0 Hours 2 Minutes 6 Seconds

============================================================================
48/111 Starting processing com.hotheadgames.google.free.bigwinhockey-1.apk ......
Getting apk info from https://play.google.com/store/apps/details?id=com.hotheadgames.google.free.bigwinhockey ......
Success to get info from Play Store
The lastest version of com.hotheadgames.google.free.bigwinhockey-1.apk is 3.1.2
Done processing com.hotheadgames.google.free.bigwinhockey-1.apk
Time Spent:   0 Days 0 Hours 2 Minutes 8 Seconds

============================================================================
49/111 Starting processing com.hp.android.print-1.apk ......
Getting apk info from https://play.google.com/store/apps/details?id=com.hp.android.print ......
Success to get info from Play Store
The lastest version of com.hp.android.print-1.apk is 2.2.0
Done processing com.hp.android.print-1.apk
Time Spent:   0 Days 0 Hours 2 Minutes 11 Seconds

============================================================================
50/111 Starting processing com.hutchgames.smashcopsheat-1.apk ......
Getting apk info from https://play.google.com/store/apps/details?id=com.hutchgames.smashcopsheat ......
Success to get info from Play Store
The lastest version of com.hutchgames.smashcopsheat-1.apk is 1.08.04
Done processing com.hutchgames.smashcopsheat-1.apk
Time Spent:   0 Days 0 Hours 2 Minutes 14 Seconds

============================================================================
51/111 Starting processing com.hyperkani.rope-1.apk ......
Getting apk info from https://play.google.com/store/apps/details?id=com.hyperkani.rope ......
Success to get info from Play Store
The lastest version of com.hyperkani.rope-1.apk is 1.17
Done processing com.hyperkani.rope-1.apk
Time Spent:   0 Days 0 Hours 2 Minutes 16 Seconds

============================================================================
52/111 Starting processing com.hyperkani.stuntcarchallenge-1.apk ......
Getting apk info from https://play.google.com/store/apps/details?id=com.hyperkani.stuntcarchallenge ......
Success to get info from Play Store
The lastest version of com.hyperkani.stuntcarchallenge-1.apk is 1.23
Done processing com.hyperkani.stuntcarchallenge-1.apk
Time Spent:   0 Days 0 Hours 2 Minutes 19 Seconds

============================================================================
53/111 Starting processing com.igg.dawn_of_darkness-1.apk ......
Getting apk info from https://play.google.com/store/apps/details?id=com.igg.dawn_of_darkness ......
Success to get info from Play Store
The lastest version of com.igg.dawn_of_darkness-1.apk is 1.1.02
Done processing com.igg.dawn_of_darkness-1.apk
Time Spent:   0 Days 0 Hours 2 Minutes 22 Seconds

============================================================================
54/111 Starting processing com.igg.heroes_monsters-1.apk ......
Getting apk info from https://play.google.com/store/apps/details?id=com.igg.heroes_monsters ......
Success to get info from Play Store
The lastest version of com.igg.heroes_monsters-1.apk is 2.3
Done processing com.igg.heroes_monsters-1.apk
Time Spent:   0 Days 0 Hours 2 Minutes 24 Seconds

============================================================================
55/111 Starting processing com.igg.kachingslots-1.apk ......
Getting apk info from https://play.google.com/store/apps/details?id=com.igg.kachingslots ......
Success to get info from Play Store
The lastest version of com.igg.kachingslots-1.apk is 1.2.3
Done processing com.igg.kachingslots-1.apk
Time Spent:   0 Days 0 Hours 2 Minutes 28 Seconds

============================================================================
56/111 Starting processing com.imangi.templerun2-1.apk ......
Getting apk info from https://play.google.com/store/apps/details?id=com.imangi.templerun2 ......
Success to get info from Play Store
The lastest version of com.imangi.templerun2-1.apk is 1.2.1
Done processing com.imangi.templerun2-1.apk
Time Spent:   0 Days 0 Hours 2 Minutes 30 Seconds

============================================================================
57/111 Starting processing com.integer3d.toytruckrally-1.apk ......
Getting apk info from https://play.google.com/store/apps/details?id=com.integer3d.toytruckrally ......
Success to get info from Play Store
The lastest version of com.integer3d.toytruckrally-1.apk is 1.1.2
Done processing com.integer3d.toytruckrally-1.apk
Time Spent:   0 Days 0 Hours 2 Minutes 33 Seconds

============================================================================
58/111 Starting processing com.itchmedia.picmix-1.apk ......
Getting apk info from https://play.google.com/store/apps/details?id=com.itchmedia.picmix ......
Success to get info from Play Store
The lastest version of com.itchmedia.picmix-1.apk is 1.2
Done processing com.itchmedia.picmix-1.apk
Time Spent:   0 Days 0 Hours 2 Minutes 35 Seconds

============================================================================
59/111 Starting processing com.junerking.dragon-1.apk ......
Getting apk info from https://play.google.com/store/apps/details?id=com.junerking.dragon ......
Success to get info from Play Store
The lastest version of com.junerking.dragon-1.apk is 1.0.4
Done processing com.junerking.dragon-1.apk
Time Spent:   0 Days 0 Hours 2 Minutes 38 Seconds

============================================================================
60/111 Starting processing com.kiloo.subwaysurf-1.apk ......
Getting apk info from https://play.google.com/store/apps/details?id=com.kiloo.subwaysurf ......
Success to get info from Play Store
The lastest version of com.kiloo.subwaysurf-1.apk is 1.11.0
Done processing com.kiloo.subwaysurf-1.apk
Time Spent:   0 Days 0 Hours 2 Minutes 40 Seconds

============================================================================
61/111 Starting processing com.king.candycrushsaga-1.apk ......
Getting apk info from https://play.google.com/store/apps/details?id=com.king.candycrushsaga ......
Success to get info from Play Store
The lastest version of com.king.candycrushsaga-1.apk is Varies with device
Done processing com.king.candycrushsaga-1.apk
Time Spent:   0 Days 0 Hours 2 Minutes 43 Seconds

============================================================================
62/111 Starting processing com.kiwi.shipwrecked-1.apk ......
Getting apk info from https://play.google.com/store/apps/details?id=com.kiwi.shipwrecked ......
Success to get info from Play Store
The lastest version of com.kiwi.shipwrecked-1.apk is 2.0.9
Done processing com.kiwi.shipwrecked-1.apk
Time Spent:   0 Days 0 Hours 2 Minutes 46 Seconds

============================================================================
63/111 Starting processing com.leftover.CoinDozer-1.apk ......
Getting apk info from https://play.google.com/store/apps/details?id=com.leftover.CoinDozer ......
Success to get info from Play Store
The lastest version of com.leftover.CoinDozer-1.apk is Varies with device
Done processing com.leftover.CoinDozer-1.apk
Time Spent:   0 Days 0 Hours 2 Minutes 48 Seconds

============================================================================
64/111 Starting processing com.ludia.jurassicpark-1.apk ......
Getting apk info from https://play.google.com/store/apps/details?id=com.ludia.jurassicpark ......
Success to get info from Play Store
The lastest version of com.ludia.jurassicpark-1.apk is 2.2.11
Done processing com.ludia.jurassicpark-1.apk
Time Spent:   0 Days 0 Hours 2 Minutes 51 Seconds

============================================================================
65/111 Starting processing com.ludia.tpirslots-1.apk ......
Getting apk info from https://play.google.com/store/apps/details?id=com.ludia.tpirslots ......
Success to get info from Play Store
The lastest version of com.ludia.tpirslots-1.apk is 1.7.5
Done processing com.ludia.tpirslots-1.apk
Time Spent:   0 Days 0 Hours 2 Minutes 53 Seconds

============================================================================
66/111 Starting processing com.madfingergames.deadtrigger-1.apk ......
Getting apk info from https://play.google.com/store/apps/details?id=com.madfingergames.deadtrigger ......
Success to get info from Play Store
The lastest version of com.madfingergames.deadtrigger-1.apk is Varies with device
Done processing com.madfingergames.deadtrigger-1.apk
Time Spent:   0 Days 0 Hours 2 Minutes 56 Seconds

============================================================================
67/111 Starting processing com.magisto-1.apk ......
Getting apk info from https://play.google.com/store/apps/details?id=com.magisto ......
Success to get info from Play Store
The lastest version of com.magisto-1.apk is 1.2.2299
Done processing com.magisto-1.apk
Time Spent:   0 Days 0 Hours 2 Minutes 58 Seconds

============================================================================
68/111 Starting processing com.maxmpz.audioplayer-1.apk ......
Getting apk info from https://play.google.com/store/apps/details?id=com.maxmpz.audioplayer ......
Success to get info from Play Store
The lastest version of com.maxmpz.audioplayer-1.apk is 2.0.9-build-529
Done processing com.maxmpz.audioplayer-1.apk
Time Spent:   0 Days 0 Hours 3 Minutes 1 Seconds

============================================================================
69/111 Starting processing com.miniclip.angerofstick3-1.apk ......
Getting apk info from https://play.google.com/store/apps/details?id=com.miniclip.angerofstick3 ......
Success to get info from Play Store
The lastest version of com.miniclip.angerofstick3-1.apk is 1.0.2
Done processing com.miniclip.angerofstick3-1.apk
Time Spent:   0 Days 0 Hours 3 Minutes 4 Seconds

============================================================================
70/111 Starting processing com.miniclip.istunt2-1.apk ......
Getting apk info from https://play.google.com/store/apps/details?id=com.miniclip.istunt2 ......
Success to get info from Play Store
The lastest version of com.miniclip.istunt2-1.apk is 1.1.2
Done processing com.miniclip.istunt2-1.apk
Time Spent:   0 Days 0 Hours 3 Minutes 6 Seconds

============================================================================
71/111 Starting processing com.mobage.ww.a953.Fuzion_Android-1.apk ......
Getting apk info from https://play.google.com/store/apps/details?id=com.mobage.ww.a953.Fuzion_Android ......
Success to get info from Play Store
The lastest version of com.mobage.ww.a953.Fuzion_Android-1.apk is 1.7.2
Done processing com.mobage.ww.a953.Fuzion_Android-1.apk
Time Spent:   0 Days 0 Hours 3 Minutes 9 Seconds

============================================================================
72/111 Starting processing com.mobli-1.apk ......
Getting apk info from https://play.google.com/store/apps/details?id=com.mobli ......
Success to get info from Play Store
The lastest version of com.mobli-1.apk is 3.11.00.1071
Done processing com.mobli-1.apk
Time Spent:   0 Days 0 Hours 3 Minutes 12 Seconds

============================================================================
73/111 Starting processing com.motionone.afterfocus-1.apk ......
Getting apk info from https://play.google.com/store/apps/details?id=com.motionone.afterfocus ......
Success to get info from Play Store
The lastest version of com.motionone.afterfocus-1.apk is 1.3.1
Done processing com.motionone.afterfocus-1.apk
Time Spent:   0 Days 0 Hours 3 Minutes 15 Seconds

============================================================================
74/111 Starting processing com.namcobandaigames.pacmantournaments-1.apk ......
Getting apk info from https://play.google.com/store/apps/details?id=com.namcobandaigames.pacmantournaments ......
Success to get info from Play Store
The lastest version of com.namcobandaigames.pacmantournaments-1.apk is 1.0.6
Done processing com.namcobandaigames.pacmantournaments-1.apk
Time Spent:   0 Days 0 Hours 3 Minutes 19 Seconds

============================================================================
75/111 Starting processing com.naturalmotion.myhorse-1.apk ......
Getting apk info from https://play.google.com/store/apps/details?id=com.naturalmotion.myhorse ......
Success to get info from Play Store
The lastest version of com.naturalmotion.myhorse-1.apk is 1.11.1
Done processing com.naturalmotion.myhorse-1.apk
Time Spent:   0 Days 0 Hours 3 Minutes 22 Seconds

============================================================================
76/111 Starting processing com.nbadigital.gametimelite-1.apk ......
Getting apk info from https://play.google.com/store/apps/details?id=com.nbadigital.gametimelite ......
Success to get info from Play Store
The lastest version of com.nbadigital.gametimelite-1.apk is 3.10
Done processing com.nbadigital.gametimelite-1.apk
Time Spent:   0 Days 0 Hours 3 Minutes 24 Seconds

============================================================================
77/111 Starting processing com.noodlecake.zombieroadtrip-1.apk ......
Getting apk info from https://play.google.com/store/apps/details?id=com.noodlecake.zombieroadtrip ......
Success to get info from Play Store
The lastest version of com.noodlecake.zombieroadtrip-1.apk is 3.0.2
Done processing com.noodlecake.zombieroadtrip-1.apk
Time Spent:   0 Days 0 Hours 3 Minutes 27 Seconds

============================================================================
78/111 Starting processing com.play.slot-1.apk ......
Getting apk info from https://play.google.com/store/apps/details?id=com.play.slot ......
Success to get info from Play Store
The lastest version of com.play.slot-1.apk is 1.24
Done processing com.play.slot-1.apk
Time Spent:   0 Days 0 Hours 3 Minutes 30 Seconds

============================================================================
79/111 Starting processing com.pocketgems.android.tapparadisecove-1.apk ......
Getting apk info from https://play.google.com/store/apps/details?id=com.pocketgems.android.tapparadisecove ......
Success to get info from Play Store
The lastest version of com.pocketgems.android.tapparadisecove-1.apk is 2.60.1
Done processing com.pocketgems.android.tapparadisecove-1.apk
Time Spent:   0 Days 0 Hours 3 Minutes 32 Seconds

============================================================================
80/111 Starting processing com.pplive.androidphone-1.apk ......
Getting apk info from https://play.google.com/store/apps/details?id=com.pplive.androidphone ......
Success to get info from Play Store
The lastest version of com.pplive.androidphone-1.apk is 2.3.5.1
Done processing com.pplive.androidphone-1.apk
Time Spent:   0 Days 0 Hours 3 Minutes 35 Seconds

============================================================================
81/111 Starting processing com.qvod.player-1.apk ......
Getting apk info from https://play.google.com/store/apps/details?id=com.qvod.player ......
Success to get info from Play Store
The lastest version of com.qvod.player-1.apk is 3.0.50
Done processing com.qvod.player-1.apk
Time Spent:   0 Days 0 Hours 3 Minutes 37 Seconds

============================================================================
82/111 Starting processing com.rebelvox.voxer-1.apk ......
Getting apk info from https://play.google.com/store/apps/details?id=com.rebelvox.voxer ......
Success to get info from Play Store
The lastest version of com.rebelvox.voxer-1.apk is 1.1.2.0013
Done processing com.rebelvox.voxer-1.apk
Time Spent:   0 Days 0 Hours 3 Minutes 40 Seconds

============================================================================
83/111 Starting processing com.scopely.minigolf.free-1.apk ......
Getting apk info from https://play.google.com/store/apps/details?id=com.scopely.minigolf.free ......
Success to get info from Play Store
The lastest version of com.scopely.minigolf.free-1.apk is Varies with device
Done processing com.scopely.minigolf.free-1.apk
Time Spent:   0 Days 0 Hours 3 Minutes 43 Seconds

============================================================================
84/111 Starting processing com.sds.android.ttpod-1.apk ......
Getting apk info from https://play.google.com/store/apps/details?id=com.sds.android.ttpod ......
Success to get info from Play Store
The lastest version of com.sds.android.ttpod-1.apk is 5.5.0530
Done processing com.sds.android.ttpod-1.apk
Time Spent:   0 Days 0 Hours 3 Minutes 45 Seconds

============================================================================
85/111 Starting processing com.sgiggle.production-1.apk ......
Getting apk info from https://play.google.com/store/apps/details?id=com.sgiggle.production ......
Success to get info from Play Store
The lastest version of com.sgiggle.production-1.apk is 2.10.47400
Done processing com.sgiggle.production-1.apk
Time Spent:   0 Days 0 Hours 3 Minutes 48 Seconds

============================================================================
86/111 Starting processing com.shopkick.app-1.apk ......
Getting apk info from https://play.google.com/store/apps/details?id=com.shopkick.app ......
Success to get info from Play Store
The lastest version of com.shopkick.app-1.apk is 3.5
Done processing com.shopkick.app-1.apk
Time Spent:   0 Days 0 Hours 3 Minutes 50 Seconds

============================================================================
87/111 Starting processing com.sirius-1.apk ......
Getting apk info from https://play.google.com/store/apps/details?id=com.sirius ......
Success to get info from Play Store
The lastest version of com.sirius-1.apk is 2.6.0.42
Done processing com.sirius-1.apk
Time Spent:   0 Days 0 Hours 3 Minutes 53 Seconds

============================================================================
88/111 Starting processing com.smile.gifmaker-1.apk ......
Getting apk info from https://play.google.com/store/apps/details?id=com.smile.gifmaker ......
Success to get info from Play Store
The lastest version of com.smile.gifmaker-1.apk is 3.41
Done processing com.smile.gifmaker-1.apk
Time Spent:   0 Days 0 Hours 3 Minutes 56 Seconds

============================================================================
89/111 Starting processing com.sohu.tv-1.apk ......
Getting apk info from https://play.google.com/store/apps/details?id=com.sohu.tv ......
Success to get info from Play Store
The lastest version of com.sohu.tv-1.apk is 3.0
Done processing com.sohu.tv-1.apk
Time Spent:   0 Days 0 Hours 3 Minutes 58 Seconds

============================================================================
90/111 Starting processing com.sonos.acr-1.apk ......
Getting apk info from https://play.google.com/store/apps/details?id=com.sonos.acr ......
Success to get info from Play Store
The lastest version of com.sonos.acr-1.apk is 4.1
Done processing com.sonos.acr-1.apk
Time Spent:   0 Days 0 Hours 4 Minutes 1 Seconds

============================================================================
91/111 Starting processing com.spotify.mobile.android.ui-1.apk ......
Getting apk info from https://play.google.com/store/apps/details?id=com.spotify.mobile.android.ui ......
Success to get info from Play Store
The lastest version of com.spotify.mobile.android.ui-1.apk is 0.6.2.64
Done processing com.spotify.mobile.android.ui-1.apk
Time Spent:   0 Days 0 Hours 4 Minutes 4 Seconds

============================================================================
92/111 Starting processing com.squareup-1.apk ......
Getting apk info from https://play.google.com/store/apps/details?id=com.squareup ......
Success to get info from Play Store
The lastest version of com.squareup-1.apk is 3.1
Done processing com.squareup-1.apk
Time Spent:   0 Days 0 Hours 4 Minutes 6 Seconds

============================================================================
93/111 Starting processing com.stac.empire.main-1.apk ......
Getting apk info from https://play.google.com/store/apps/details?id=com.stac.empire.main ......
Success to get info from Play Store
The lastest version of com.stac.empire.main-1.apk is 1.9.60
Done processing com.stac.empire.main-1.apk
Time Spent:   0 Days 0 Hours 4 Minutes 9 Seconds

============================================================================
94/111 Starting processing com.tabtale.babycareanddressup-1.apk ......
Getting apk info from https://play.google.com/store/apps/details?id=com.tabtale.babycareanddressup ......
Success to get info from Play Store
The lastest version of com.tabtale.babycareanddressup-1.apk is 1.0.1
Done processing com.tabtale.babycareanddressup-1.apk
Time Spent:   0 Days 0 Hours 4 Minutes 12 Seconds

============================================================================
95/111 Starting processing com.tabtale.icecreammaker-1.apk ......
Getting apk info from https://play.google.com/store/apps/details?id=com.tabtale.icecreammaker ......
Success to get info from Play Store
The lastest version of com.tabtale.icecreammaker-1.apk is 1.0.1
Done processing com.tabtale.icecreammaker-1.apk
Time Spent:   0 Days 0 Hours 4 Minutes 15 Seconds

============================================================================
96/111 Starting processing com.teamlava.bubble-1.apk ......
Getting apk info from https://play.google.com/store/apps/details?id=com.teamlava.bubble ......
Success to get info from Play Store
The lastest version of com.teamlava.bubble-1.apk is Varies with device
Done processing com.teamlava.bubble-1.apk
Time Spent:   0 Days 0 Hours 4 Minutes 18 Seconds

============================================================================
97/111 Starting processing com.teamlava.fashionstory-1.apk ......
Getting apk info from https://play.google.com/store/apps/details?id=com.teamlava.fashionstory ......
Success to get info from Play Store
The lastest version of com.teamlava.fashionstory-1.apk is 1.5.6.1
Done processing com.teamlava.fashionstory-1.apk
Time Spent:   0 Days 0 Hours 4 Minutes 21 Seconds

============================================================================
98/111 Starting processing com.tencent.research.drop-1.apk ......
Getting apk info from https://play.google.com/store/apps/details?id=com.tencent.research.drop ......
Success to get info from Play Store
The lastest version of com.tencent.research.drop-1.apk is 2.1.428
Done processing com.tencent.research.drop-1.apk
Time Spent:   0 Days 0 Hours 4 Minutes 24 Seconds

============================================================================
99/111 Starting processing com.the3daction.Occ-1.apk ......
Getting apk info from https://play.google.com/store/apps/details?id=com.the3daction.Occ ......
Success to get info from Play Store
The lastest version of com.the3daction.Occ-1.apk is 1.16
Done processing com.the3daction.Occ-1.apk
Time Spent:   0 Days 0 Hours 4 Minutes 26 Seconds

============================================================================
100/111 Starting processing com.ucamera.ucam-1.apk ......
Getting apk info from https://play.google.com/store/apps/details?id=com.ucamera.ucam ......
Success to get info from Play Store
The lastest version of com.ucamera.ucam-1.apk is 3.1.0.052006
Done processing com.ucamera.ucam-1.apk
Time Spent:   0 Days 0 Hours 4 Minutes 29 Seconds

============================================================================
101/111 Starting processing com.vectorunit.yellow-1.apk ......
Getting apk info from https://play.google.com/store/apps/details?id=com.vectorunit.yellow ......
Success to get info from Play Store
The lastest version of com.vectorunit.yellow-1.apk is 1.3.2
Done processing com.vectorunit.yellow-1.apk
Time Spent:   0 Days 0 Hours 4 Minutes 32 Seconds

============================================================================
102/111 Starting processing com.viber.voip-1.apk ......
Getting apk info from https://play.google.com/store/apps/details?id=com.viber.voip ......
Success to get info from Play Store
The lastest version of com.viber.voip-1.apk is 3.0.1.3
Done processing com.viber.voip-1.apk
Time Spent:   0 Days 0 Hours 4 Minutes 35 Seconds

============================================================================
103/111 Starting processing com.waze-1.apk ......
Getting apk info from https://play.google.com/store/apps/details?id=com.waze ......
Success to get info from Play Store
The lastest version of com.waze-1.apk is 3.7.0.0
Done processing com.waze-1.apk
Time Spent:   0 Days 0 Hours 4 Minutes 38 Seconds

============================================================================
104/111 Starting processing com.zynga.bubblesafari.ent-1.apk ......
Getting apk info from https://play.google.com/store/apps/details?id=com.zynga.bubblesafari.ent ......
Success to get info from Play Store
The lastest version of com.zynga.bubblesafari.ent-1.apk is 2.0.4
Done processing com.zynga.bubblesafari.ent-1.apk
Time Spent:   0 Days 0 Hours 4 Minutes 41 Seconds

============================================================================
105/111 Starting processing it.rortos.f18carrierlandinglite-1.apk ......
Getting apk info from https://play.google.com/store/apps/details?id=it.rortos.f18carrierlandinglite ......
Success to get info from Play Store
The lastest version of it.rortos.f18carrierlandinglite-1.apk is 5.6
Done processing it.rortos.f18carrierlandinglite-1.apk
Time Spent:   0 Days 0 Hours 4 Minutes 44 Seconds

============================================================================
106/111 Starting processing jp.naver.line.android-1.apk ......
Getting apk info from https://play.google.com/store/apps/details?id=jp.naver.line.android ......
Success to get info from Play Store
The lastest version of jp.naver.line.android-1.apk is 3.7.0
Done processing jp.naver.line.android-1.apk
Time Spent:   0 Days 0 Hours 4 Minutes 47 Seconds

============================================================================
107/111 Starting processing net.flixster.android-1.apk ......
Getting apk info from https://play.google.com/store/apps/details?id=net.flixster.android ......
Success to get info from Play Store
The lastest version of net.flixster.android-1.apk is Varies with device
Done processing net.flixster.android-1.apk
Time Spent:   0 Days 0 Hours 4 Minutes 49 Seconds

============================================================================
108/111 Starting processing net.gree.android.pf.greeapp57501-1.apk ......
Getting apk info from https://play.google.com/store/apps/details?id=net.gree.android.pf.greeapp57501 ......
Success to get info from Play Store
The lastest version of net.gree.android.pf.greeapp57501-1.apk is 2.1.3
Done processing net.gree.android.pf.greeapp57501-1.apk
Time Spent:   0 Days 0 Hours 4 Minutes 52 Seconds

============================================================================
109/111 Starting processing no.dirtybit.funrun-1.apk ......
Getting apk info from https://play.google.com/store/apps/details?id=no.dirtybit.funrun ......
Success to get info from Play Store
The lastest version of no.dirtybit.funrun-1.apk is 1.7.1
Done processing no.dirtybit.funrun-1.apk
Time Spent:   0 Days 0 Hours 4 Minutes 55 Seconds

============================================================================
110/111 Starting processing tunein.player-1.apk ......
Getting apk info from https://play.google.com/store/apps/details?id=tunein.player ......
Success to get info from Play Store
The lastest version of tunein.player-1.apk is 7.2
Done processing tunein.player-1.apk
Time Spent:   0 Days 0 Hours 4 Minutes 58 Seconds

============================================================================
111/111 Starting processing ymst.android.fxcamera-1.apk ......
Getting apk info from https://play.google.com/store/apps/details?id=ymst.android.fxcamera ......
Success to get info from Play Store
The lastest version of ymst.android.fxcamera-1.apk is Varies with device
Done processing ymst.android.fxcamera-1.apk
Time Spent:   0 Days 0 Hours 5 Minutes 1 Seconds

============================================================================


**************************************************************
All Done
Total Time:   0 Days 0 Hours 5 Minutes 1 Seconds
Result Location:               /srv/www/htdocs/CV2/app/admin/scan_apk_version//results/AppInfo_2013-06-03-17-02-32.csv
**************************************************************
