Start processing app in list /share/Git-Apk/Updated_list from /share/Git-Apk/All_Apk  ......

============================================================================
1/12 Starting processing ca.roofdog.roadtrip2-1.apk ......
Getting apk info from https://play.google.com/store/apps/details?id=ca.roofdog.roadtrip2 ......
Success to get info from Play Store
The lastest version of ca.roofdog.roadtrip2-1.apk is 2.0
Done processing ca.roofdog.roadtrip2-1.apk
Time Spent:   0 Days 0 Hours 0 Minutes 2 Seconds

============================================================================
2/12 Starting processing com.advancedtinylab.driving-1.apk ......
Getting apk info from https://play.google.com/store/apps/details?id=com.advancedtinylab.driving ......
Success to get info from Play Store
The lastest version of com.advancedtinylab.driving-1.apk is 1.3
Done processing com.advancedtinylab.driving-1.apk
Time Spent:   0 Days 0 Hours 0 Minutes 3 Seconds

============================================================================
3/12 Starting processing com.amazinggame.game.bottle-1.apk ......
Getting apk info from https://play.google.com/store/apps/details?id=com.amazinggame.game.bottle ......
Success to get info from Play Store
The lastest version of com.amazinggame.game.bottle-1.apk is 1.0.2
Done processing com.amazinggame.game.bottle-1.apk
Time Spent:   0 Days 0 Hours 0 Minutes 5 Seconds

============================================================================
4/12 Starting processing com.fastemulator.gbafree-1.apk ......
Getting apk info from https://play.google.com/store/apps/details?id=com.fastemulator.gbafree ......
Success to get info from Play Store
The lastest version of com.fastemulator.gbafree-1.apk is 1.2.2
Done processing com.fastemulator.gbafree-1.apk
Time Spent:   0 Days 0 Hours 0 Minutes 7 Seconds

============================================================================
5/12 Starting processing com.game.basketballshoot-1.apk ......
Getting apk info from https://play.google.com/store/apps/details?id=com.game.basketballshoot ......
Success to get info from Play Store
The lastest version of com.game.basketballshoot-1.apk is 1.12
Done processing com.game.basketballshoot-1.apk
Time Spent:   0 Days 0 Hours 0 Minutes 8 Seconds

============================================================================
6/12 Starting processing com.kabam.fortress-1.apk ......
Getting apk info from https://play.google.com/store/apps/details?id=com.kabam.fortress ......
Success to get info from Play Store
The lastest version of com.kabam.fortress-1.apk is Varies with device
Done processing com.kabam.fortress-1.apk
Time Spent:   0 Days 0 Hours 0 Minutes 10 Seconds

============================================================================
7/12 Starting processing com.miniclip.angerofstick2-1.apk ......
Getting apk info from https://play.google.com/store/apps/details?id=com.miniclip.angerofstick2 ......
Success to get info from Play Store
The lastest version of com.miniclip.angerofstick2-1.apk is 1.1.0
Done processing com.miniclip.angerofstick2-1.apk
Time Spent:   0 Days 0 Hours 0 Minutes 11 Seconds

============================================================================
8/12 Starting processing com.mobage.ww.a793.fanta_test_Android-1.apk ......
Getting apk info from https://play.google.com/store/apps/details?id=com.mobage.ww.a793.fanta_test_Android ......
Success to get info from Play Store
The lastest version of com.mobage.ww.a793.fanta_test_Android-1.apk is 1.10.0.1.3
Done processing com.mobage.ww.a793.fanta_test_Android-1.apk
Time Spent:   0 Days 0 Hours 0 Minutes 13 Seconds

============================================================================
9/12 Starting processing com.play.slot-1.apk ......
Getting apk info from https://play.google.com/store/apps/details?id=com.play.slot ......
Success to get info from Play Store
The lastest version of com.play.slot-1.apk is 1.17
Done processing com.play.slot-1.apk
Time Spent:   0 Days 0 Hours 0 Minutes 15 Seconds

============================================================================
10/12 Starting processing com.pocketgems.android.tapparadisecove-1.apk ......
Getting apk info from https://play.google.com/store/apps/details?id=com.pocketgems.android.tapparadisecove ......
Success to get info from Play Store
The lastest version of com.pocketgems.android.tapparadisecove-1.apk is 2.20.12
Done processing com.pocketgems.android.tapparadisecove-1.apk
Time Spent:   0 Days 0 Hours 0 Minutes 16 Seconds

============================================================================
11/12 Starting processing com.somofun.dawn-1.apk ......
Getting apk info from https://play.google.com/store/apps/details?id=com.somofun.dawn ......
Success to get info from Play Store
The lastest version of com.somofun.dawn-1.apk is 1.0.8
Done processing com.somofun.dawn-1.apk
Time Spent:   0 Days 0 Hours 0 Minutes 18 Seconds

============================================================================
12/12 Starting processing com.sunflower.game.gangnam-1.apk ......
Getting apk info from https://play.google.com/store/apps/details?id=com.sunflower.game.gangnam ......
Success to get info from Play Store
The lastest version of com.sunflower.game.gangnam-1.apk is 1.1.6
Done processing com.sunflower.game.gangnam-1.apk
Time Spent:   0 Days 0 Hours 0 Minutes 19 Seconds

============================================================================


**************************************************************
All Done
Total Time:   0 Days 0 Hours 0 Minutes 19 Seconds
Result Location:               /srv/www/htdocs/CV2/app/admin/scan_apk_version//results/AppInfo_2013-02-18-16-16-36.csv
**************************************************************
