Start processing app in list /share/Git-Apk/Updated_list from /share/Git-Apk/All_Apk  ......

============================================================================
1/11 Starting processing au.com.shiftyjelly.pocketcasts-1.apk ......
Getting apk info from https://play.google.com/store/apps/details?id=au.com.shiftyjelly.pocketcasts ......
Success to get info from Play Store
The lastest version of au.com.shiftyjelly.pocketcasts-1.apk is  4.2.5  
Done processing au.com.shiftyjelly.pocketcasts-1.apk
Time Spent:   0 Days 0 Hours 0 Minutes 5 Seconds

============================================================================
2/11 Starting processing com.dama.papercamera-1.apk ......
Getting apk info from https://play.google.com/store/apps/details?id=com.dama.papercamera ......
Success to get info from Play Store
The lastest version of com.dama.papercamera-1.apk is  3.5.0  
Done processing com.dama.papercamera-1.apk
Time Spent:   0 Days 0 Hours 0 Minutes 10 Seconds

============================================================================
3/11 Starting processing com.gtp.nextlauncher-1.apk ......
Getting apk info from https://play.google.com/store/apps/details?id=com.gtp.nextlauncher ......
Success to get info from Play Store
The lastest version of com.gtp.nextlauncher-1.apk is  1.51  
Done processing com.gtp.nextlauncher-1.apk
Time Spent:   0 Days 0 Hours 0 Minutes 16 Seconds

============================================================================
4/11 Starting processing com.notdoppler.earntodie-1.apk ......
Getting apk info from https://play.google.com/store/apps/details?id=com.notdoppler.earntodie ......
Success to get info from Play Store
The lastest version of com.notdoppler.earntodie-1.apk is  1.0.7  
Done processing com.notdoppler.earntodie-1.apk
Time Spent:   0 Days 0 Hours 0 Minutes 19 Seconds

============================================================================
5/11 Starting processing com.pastagames.ro1mobile-1.apk ......
Getting apk info from https://play.google.com/store/apps/details?id=com.pastagames.ro1mobile ......
Success to get info from Play Store
The lastest version of com.pastagames.ro1mobile-1.apk is  2.1.1  
Done processing com.pastagames.ro1mobile-1.apk
Time Spent:   0 Days 0 Hours 0 Minutes 24 Seconds

============================================================================
6/11 Starting processing com.playfirst.playground.dinerdashdeluxe-1.apk ......
Getting apk info from https://play.google.com/store/apps/details?id=com.playfirst.playground.dinerdashdeluxe ......
Success to get info from Play Store
The lastest version of com.playfirst.playground.dinerdashdeluxe-1.apk is  3.26.1  
Done processing com.playfirst.playground.dinerdashdeluxe-1.apk
Time Spent:   0 Days 0 Hours 0 Minutes 30 Seconds

============================================================================
7/11 Starting processing com.sketchbook-1.apk ......
Getting apk info from https://play.google.com/store/apps/details?id=com.sketchbook ......
Success to get info from Play Store
The lastest version of com.sketchbook-1.apk is  2.0.4  
Done processing com.sketchbook-1.apk
Time Spent:   0 Days 0 Hours 0 Minutes 36 Seconds

============================================================================
8/11 Starting processing com.square_enix.android_googleplay.FFIV_GP-1.apk ......
Getting apk info from https://play.google.com/store/apps/details?id=com.square_enix.android_googleplay.FFIV_GP ......
Success to get info from Play Store
The lastest version of com.square_enix.android_googleplay.FFIV_GP-1.apk is  1.2.3  
Done processing com.square_enix.android_googleplay.FFIV_GP-1.apk
Time Spent:   0 Days 0 Hours 0 Minutes 41 Seconds

============================================================================
9/11 Starting processing com.wolfram.android.alpha-1.apk ......
Getting apk info from https://play.google.com/store/apps/details?id=com.wolfram.android.alpha ......
Success to get info from Play Store
The lastest version of com.wolfram.android.alpha-1.apk is  1.3.0.4590401  
Done processing com.wolfram.android.alpha-1.apk
Time Spent:   0 Days 0 Hours 0 Minutes 46 Seconds

============================================================================
10/11 Starting processing com.zynga.gswfpaid-1.apk ......
Getting apk info from https://play.google.com/store/apps/details?id=com.zynga.gswfpaid ......
Success to get info from Play Store
The lastest version of com.zynga.gswfpaid-1.apk is  1.01  
Done processing com.zynga.gswfpaid-1.apk
Time Spent:   0 Days 0 Hours 0 Minutes 51 Seconds

============================================================================
11/11 Starting processing udk.android.reader-1.apk ......
Getting apk info from https://play.google.com/store/apps/details?id=udk.android.reader ......
Success to get info from Play Store
The lastest version of udk.android.reader-1.apk is  2.3.0.0  
Done processing udk.android.reader-1.apk
Time Spent:   0 Days 0 Hours 0 Minutes 56 Seconds

============================================================================


**************************************************************
All Done
Total Time:   0 Days 0 Hours 0 Minutes 56 Seconds
Result Location:               /srv/www/htdocs/CV2/app/admin/scan_apk_version//results/AppInfo_2013-07-26-17-19-05.csv
**************************************************************
