Start processing app in list /share/Git-Apk/Updated_list from /share/Git-Apk/All_Apk  ......

============================================================================
1/3 Starting processing com.P3D.Pixlgun-1.apk ......
Getting apk info from https://play.google.com/store/apps/details?id=com.P3D.Pixlgun ......
Success to get info from Play Store
The lastest version of com.P3D.Pixlgun-1.apk is    Varies with device  
Done processing com.P3D.Pixlgun-1.apk
Time Spent:   0 Days 0 Hours 0 Minutes 4 Seconds

============================================================================
2/3 Starting processing com.bushiroad.bushidora-1.apk ......
Getting apk info from https://play.google.com/store/apps/details?id=com.bushiroad.bushidora ......
Success to get info from Play Store
The lastest version of com.bushiroad.bushidora-1.apk is  2.06  
Done processing com.bushiroad.bushidora-1.apk
Time Spent:   0 Days 0 Hours 0 Minutes 7 Seconds

============================================================================
3/3 Starting processing com.lazy8studios.cogs-1.apk ......
Getting apk info from https://play.google.com/store/apps/details?id=com.lazy8studios.cogs ......
Success to get info from Play Store
The lastest version of com.lazy8studios.cogs-1.apk is    Varies with device  
Done processing com.lazy8studios.cogs-1.apk
Time Spent:   0 Days 0 Hours 0 Minutes 10 Seconds

============================================================================


**************************************************************
All Done
Total Time:   0 Days 0 Hours 0 Minutes 10 Seconds
Result Location:               /srv/www/htdocs/CV2/app/admin/scan_apk_version//results/AppInfo_2013-11-26-14-13-44.csv
**************************************************************
