Start processing app in list /home/Git-Apk/Updated_list from /home/Git-Apk/All_Apk  ......

============================================================================
1/161 Starting processing air.BattleofZombies-1.apk ......
Getting apk info from https://play.google.com/store/apps/details?id=air.BattleofZombies ......
Success to get info from Play Store
The lastest version of air.BattleofZombies-1.apk is  1.0.82  
Done processing air.BattleofZombies-1.apk
Time Spent:   0 Days 0 Hours 0 Minutes 3 Seconds

============================================================================
2/161 Starting processing air.com.bitrhymes.slotsbash.android-1.apk ......
Getting apk info from https://play.google.com/store/apps/details?id=air.com.bitrhymes.slotsbash.android ......
Success to get info from Play Store
The lastest version of air.com.bitrhymes.slotsbash.android-1.apk is  1.11.0  
Done processing air.com.bitrhymes.slotsbash.android-1.apk
Time Spent:   0 Days 0 Hours 0 Minutes 8 Seconds

============================================================================
3/161 Starting processing air.com.buffalo_studios.bingorush2-1.apk ......
Getting apk info from https://play.google.com/store/apps/details?id=air.com.buffalo_studios.bingorush2 ......
Success to get info from Play Store
The lastest version of air.com.buffalo_studios.bingorush2-1.apk is  2.12.0  
Done processing air.com.buffalo_studios.bingorush2-1.apk
Time Spent:   0 Days 0 Hours 0 Minutes 18 Seconds

============================================================================
4/161 Starting processing air.com.generamobile.colormaniaguess-1.apk ......
Getting apk info from https://play.google.com/store/apps/details?id=air.com.generamobile.colormaniaguess ......
Success to get info from Play Store
The lastest version of air.com.generamobile.colormaniaguess-1.apk is  1.5.4  
Done processing air.com.generamobile.colormaniaguess-1.apk
Time Spent:   0 Days 0 Hours 0 Minutes 23 Seconds

============================================================================
5/161 Starting processing air.com.tamalaki.mysteryvenuefree-1.apk ......
Getting apk info from https://play.google.com/store/apps/details?id=air.com.tamalaki.mysteryvenuefree ......
Success to get info from Play Store
The lastest version of air.com.tamalaki.mysteryvenuefree-1.apk is  1.0.34  
Done processing air.com.tamalaki.mysteryvenuefree-1.apk
Time Spent:   0 Days 0 Hours 0 Minutes 28 Seconds

============================================================================
6/161 Starting processing air.com.tedven.youmustescape-1.apk ......
Getting apk info from https://play.google.com/store/apps/details?id=air.com.tedven.youmustescape ......
Success to get info from Play Store
The lastest version of air.com.tedven.youmustescape-1.apk is  1.1.4  
Done processing air.com.tedven.youmustescape-1.apk
Time Spent:   0 Days 0 Hours 0 Minutes 32 Seconds

============================================================================
7/161 Starting processing air.com.toystudio.casinotower-1.apk ......
Getting apk info from https://play.google.com/store/apps/details?id=air.com.toystudio.casinotower ......
Success to get info from Play Store
The lastest version of air.com.toystudio.casinotower-1.apk is  1.0.20  
Done processing air.com.toystudio.casinotower-1.apk
Time Spent:   0 Days 0 Hours 0 Minutes 37 Seconds

============================================================================
8/161 Starting processing air.e2applets.ironpants-1.apk ......
Getting apk info from https://play.google.com/store/apps/details?id=air.e2applets.ironpants ......
Success to get info from Play Store
The lastest version of air.e2applets.ironpants-1.apk is  1.3  
Done processing air.e2applets.ironpants-1.apk
Time Spent:   0 Days 0 Hours 0 Minutes 41 Seconds

============================================================================
9/161 Starting processing air.endlessescape-1.apk ......
Getting apk info from https://play.google.com/store/apps/details?id=air.endlessescape ......
Success to get info from Play Store
The lastest version of air.endlessescape-1.apk is  1.1.3  
Done processing air.endlessescape-1.apk
Time Spent:   0 Days 0 Hours 0 Minutes 45 Seconds

============================================================================
10/161 Starting processing air.org.axisentertainment.BabyHazelLegInjury-1.apk ......
Getting apk info from https://play.google.com/store/apps/details?id=air.org.axisentertainment.BabyHazelLegInjury ......
Success to get info from Play Store
The lastest version of air.org.axisentertainment.BabyHazelLegInjury-1.apk is  5  
Done processing air.org.axisentertainment.BabyHazelLegInjury-1.apk
Time Spent:   0 Days 0 Hours 0 Minutes 50 Seconds

============================================================================
11/161 Starting processing air.torniecareandbath-1.apk ......
Getting apk info from https://play.google.com/store/apps/details?id=air.torniecareandbath ......
Success to get info from Play Store
The lastest version of air.torniecareandbath-1.apk is  1.0.7  
Done processing air.torniecareandbath-1.apk
Time Spent:   0 Days 0 Hours 0 Minutes 54 Seconds

============================================================================
12/161 Starting processing amerisoft.iphone.lock.screen-1.apk ......
Getting apk info from https://play.google.com/store/apps/details?id=amerisoft.iphone.lock.screen ......
Success to get info from Play Store
The lastest version of amerisoft.iphone.lock.screen-1.apk is  3.90  
Done processing amerisoft.iphone.lock.screen-1.apk
Time Spent:   0 Days 0 Hours 0 Minutes 58 Seconds

============================================================================
13/161 Starting processing appinventor.ai_promoletal.Games-1.apk ......
Getting apk info from https://play.google.com/store/apps/details?id=appinventor.ai_promoletal.Games ......
Success to get info from Play Store
The lastest version of appinventor.ai_promoletal.Games-1.apk is  2.8  
Done processing appinventor.ai_promoletal.Games-1.apk
Time Spent:   0 Days 0 Hours 1 Minutes 2 Seconds

============================================================================
14/161 Starting processing brain.age.analyzer-1.apk ......
Getting apk info from https://play.google.com/store/apps/details?id=brain.age.analyzer ......
Success to get info from Play Store
The lastest version of brain.age.analyzer-1.apk is  MAY-11-2014  
Done processing brain.age.analyzer-1.apk
Time Spent:   0 Days 0 Hours 1 Minutes 7 Seconds

============================================================================
15/161 Starting processing com.FloppyFall.truegamingapps-1.apk ......
Getting apk info from https://play.google.com/store/apps/details?id=com.FloppyFall.truegamingapps ......
Success to get info from Play Store
The lastest version of com.FloppyFall.truegamingapps-1.apk is  1.3.98  
Done processing com.FloppyFall.truegamingapps-1.apk
Time Spent:   0 Days 0 Hours 1 Minutes 11 Seconds

============================================================================
16/161 Starting processing com.PrankRiot-1.apk ......
Getting apk info from https://play.google.com/store/apps/details?id=com.PrankRiot ......
Success to get info from Play Store
The lastest version of com.PrankRiot-1.apk is  4.1.32  
Done processing com.PrankRiot-1.apk
Time Spent:   0 Days 0 Hours 1 Minutes 15 Seconds

============================================================================
17/161 Starting processing com.aitype.android-1.apk ......
Getting apk info from https://play.google.com/store/apps/details?id=com.aitype.android ......
Success to get info from Play Store
The lastest version of com.aitype.android-1.apk is  Free-2.2.0.2  
Done processing com.aitype.android-1.apk
Time Spent:   0 Days 0 Hours 1 Minutes 20 Seconds

============================================================================
18/161 Starting processing com.aitype.android.emoji-1.apk ......
Getting apk info from https://play.google.com/store/apps/details?id=com.aitype.android.emoji ......
Success to get info from Play Store
The lastest version of com.aitype.android.emoji-1.apk is  2.1.0  
Done processing com.aitype.android.emoji-1.apk
Time Spent:   0 Days 0 Hours 1 Minutes 25 Seconds

============================================================================
19/161 Starting processing com.amazon.windowshop-1.apk ......
Getting apk info from https://play.google.com/store/apps/details?id=com.amazon.windowshop ......
Success to get info from Play Store
The lastest version of com.amazon.windowshop-1.apk is  5.50.8110  
Done processing com.amazon.windowshop-1.apk
Time Spent:   0 Days 0 Hours 1 Minutes 30 Seconds

============================================================================
20/161 Starting processing com.ariyalion.whitetile-1.apk ......
Getting apk info from https://play.google.com/store/apps/details?id=com.ariyalion.whitetile ......
Success to get info from Play Store
The lastest version of com.ariyalion.whitetile-1.apk is  1.4  
Done processing com.ariyalion.whitetile-1.apk
Time Spent:   0 Days 0 Hours 1 Minutes 33 Seconds

============================================================================
21/161 Starting processing com.ayopagames.robotsloveicecream-1.apk ......
Getting apk info from https://play.google.com/store/apps/details?id=com.ayopagames.robotsloveicecream ......
Success to get info from Play Store
The lastest version of com.ayopagames.robotsloveicecream-1.apk is  1.1  
Done processing com.ayopagames.robotsloveicecream-1.apk
Time Spent:   0 Days 0 Hours 1 Minutes 38 Seconds

============================================================================
22/161 Starting processing com.betterkeyboards.iphone.ios7-1.apk ......
Getting apk info from https://play.google.com/store/apps/details?id=com.betterkeyboards.iphone.ios7 ......
Success to get info from Play Store
The lastest version of com.betterkeyboards.iphone.ios7-1.apk is  3.12  
Done processing com.betterkeyboards.iphone.ios7-1.apk
Time Spent:   0 Days 0 Hours 1 Minutes 42 Seconds

============================================================================
23/161 Starting processing com.bicore.smastersgen-1.apk ......
Getting apk info from https://play.google.com/store/apps/details?id=com.bicore.smastersgen ......
Success to get info from Play Store
The lastest version of com.bicore.smastersgen-1.apk is  1.03  
Done processing com.bicore.smastersgen-1.apk
Time Spent:   0 Days 0 Hours 1 Minutes 46 Seconds

============================================================================
24/161 Starting processing com.bleacherreport.android.teamstream-1.apk ......
Getting apk info from https://play.google.com/store/apps/details?id=com.bleacherreport.android.teamstream ......
Success to get info from Play Store
The lastest version of com.bleacherreport.android.teamstream-1.apk is    Varies with device  
Done processing com.bleacherreport.android.teamstream-1.apk
Time Spent:   0 Days 0 Hours 1 Minutes 50 Seconds

============================================================================
25/161 Starting processing com.bytesequencing.spades_ads-1.apk ......
Getting apk info from https://play.google.com/store/apps/details?id=com.bytesequencing.spades_ads ......
Success to get info from Play Store
The lastest version of com.bytesequencing.spades_ads-1.apk is    Varies with device  
Done processing com.bytesequencing.spades_ads-1.apk
Time Spent:   0 Days 0 Hours 1 Minutes 55 Seconds

============================================================================
26/161 Starting processing com.capcom.smurfsandroid-1.apk ......
Getting apk info from https://play.google.com/store/apps/details?id=com.capcom.smurfsandroid ......
Success to get info from Play Store
The lastest version of com.capcom.smurfsandroid-1.apk is  SmurfsAndroid  
Done processing com.capcom.smurfsandroid-1.apk
Time Spent:   0 Days 0 Hours 1 Minutes 59 Seconds

============================================================================
27/161 Starting processing com.cdroid.dominoes-1.apk ......
Getting apk info from https://play.google.com/store/apps/details?id=com.cdroid.dominoes ......
Success to get info from Play Store
The lastest version of com.cdroid.dominoes-1.apk is    Varies with device  
Done processing com.cdroid.dominoes-1.apk
Time Spent:   0 Days 0 Hours 2 Minutes 3 Seconds

============================================================================
28/161 Starting processing com.cis.oth-1.apk ......
Getting apk info from https://play.google.com/store/apps/details?id=com.cis.oth ......
Success to get info from Play Store
The lastest version of com.cis.oth-1.apk is  1.30  
Done processing com.cis.oth-1.apk
Time Spent:   0 Days 0 Hours 2 Minutes 7 Seconds

============================================================================
29/161 Starting processing com.clapfootgames.vtt3dfree-1.apk ......
Getting apk info from https://play.google.com/store/apps/details?id=com.clapfootgames.vtt3dfree ......
Success to get info from Play Store
The lastest version of com.clapfootgames.vtt3dfree-1.apk is  2.7.5  
Done processing com.clapfootgames.vtt3dfree-1.apk
Time Spent:   0 Days 0 Hours 2 Minutes 12 Seconds

============================================================================
30/161 Starting processing com.concretesoftware.spades_demobuynow-1.apk ......
Getting apk info from https://play.google.com/store/apps/details?id=com.concretesoftware.spades_demobuynow ......
Success to get info from Play Store
The lastest version of com.concretesoftware.spades_demobuynow-1.apk is  2.0.5  
Done processing com.concretesoftware.spades_demobuynow-1.apk
Time Spent:   0 Days 0 Hours 2 Minutes 17 Seconds

============================================================================
31/161 Starting processing com.crescentmoongames.blocky_roads-1.apk ......
Getting apk info from https://play.google.com/store/apps/details?id=com.crescentmoongames.blocky_roads ......
Success to get info from Play Store
The lastest version of com.crescentmoongames.blocky_roads-1.apk is  1.1.2  
Done processing com.crescentmoongames.blocky_roads-1.apk
Time Spent:   0 Days 0 Hours 2 Minutes 22 Seconds

============================================================================
32/161 Starting processing com.cryptic.mountain.motor.city-1.apk ......
Getting apk info from https://play.google.com/store/apps/details?id=com.cryptic.mountain.motor.city ......
Success to get info from Play Store
The lastest version of com.cryptic.mountain.motor.city-1.apk is  1.5  
Done processing com.cryptic.mountain.motor.city-1.apk
Time Spent:   0 Days 0 Hours 2 Minutes 27 Seconds

============================================================================
33/161 Starting processing com.deadmage.shadowblade-1.apk ......
Getting apk info from https://play.google.com/store/apps/details?id=com.deadmage.shadowblade ......
Success to get info from Play Store
The lastest version of com.deadmage.shadowblade-1.apk is  1.0.7  
Done processing com.deadmage.shadowblade-1.apk
Time Spent:   0 Days 0 Hours 2 Minutes 31 Seconds

============================================================================
34/161 Starting processing com.degoo.android.fdoctor-1.apk ......
Getting apk info from https://play.google.com/store/apps/details?id=com.degoo.android.fdoctor ......
Success to get info from Play Store
The lastest version of com.degoo.android.fdoctor-1.apk is  1.0.4  
Done processing com.degoo.android.fdoctor-1.apk
Time Spent:   0 Days 0 Hours 2 Minutes 36 Seconds

============================================================================
35/161 Starting processing com.dianxinos.dxbs-1.apk ......
Getting apk info from https://play.google.com/store/apps/details?id=com.dianxinos.dxbs ......
Success to get info from Play Store
The lastest version of com.dianxinos.dxbs-1.apk is  3.7.1  
Done processing com.dianxinos.dxbs-1.apk
Time Spent:   0 Days 0 Hours 2 Minutes 40 Seconds

============================================================================
36/161 Starting processing com.djinnworks.RopeFly.lite-1.apk ......
Getting apk info from https://play.google.com/store/apps/details?id=com.djinnworks.RopeFly.lite ......
Success to get info from Play Store
The lastest version of com.djinnworks.RopeFly.lite-1.apk is  3.1  
Done processing com.djinnworks.RopeFly.lite-1.apk
Time Spent:   0 Days 0 Hours 2 Minutes 45 Seconds

============================================================================
37/161 Starting processing com.dle.respawnables-1.apk ......
Getting apk info from https://play.google.com/store/apps/details?id=com.dle.respawnables ......
Success to get info from Play Store
The lastest version of com.dle.respawnables-1.apk is    Varies with device  
Done processing com.dle.respawnables-1.apk
Time Spent:   0 Days 0 Hours 2 Minutes 49 Seconds

============================================================================
38/161 Starting processing com.doodlejoy.studio.kaleidoo-1.apk ......
Getting apk info from https://play.google.com/store/apps/details?id=com.doodlejoy.studio.kaleidoo ......
Success to get info from Play Store
The lastest version of com.doodlejoy.studio.kaleidoo-1.apk is  1.1.1  
Done processing com.doodlejoy.studio.kaleidoo-1.apk
Time Spent:   0 Days 0 Hours 2 Minutes 54 Seconds

============================================================================
39/161 Starting processing com.doodlejoy.studio.sketcherguru-1.apk ......
Getting apk info from https://play.google.com/store/apps/details?id=com.doodlejoy.studio.sketcherguru ......
Success to get info from Play Store
The lastest version of com.doodlejoy.studio.sketcherguru-1.apk is  1.2.1  
Done processing com.doodlejoy.studio.sketcherguru-1.apk
Time Spent:   0 Days 0 Hours 2 Minutes 59 Seconds

============================================================================
40/161 Starting processing com.ea.bf3bl.inc-1.apk ......
Getting apk info from https://play.google.com/store/apps/details?id=com.ea.bf3bl.inc ......
Success to get info from Play Store
The lastest version of com.ea.bf3bl.inc-1.apk is  2.2.0  
Done processing com.ea.bf3bl.inc-1.apk
Time Spent:   0 Days 0 Hours 3 Minutes 4 Seconds

============================================================================
41/161 Starting processing com.ea.game.dragonage_na-1.apk ......
Getting apk info from https://play.google.com/store/apps/details?id=com.ea.game.dragonage_na ......
Success to get info from Play Store
The lastest version of com.ea.game.dragonage_na-1.apk is  1.9.0  
Done processing com.ea.game.dragonage_na-1.apk
Time Spent:   0 Days 0 Hours 3 Minutes 9 Seconds

============================================================================
42/161 Starting processing com.ea.game.monopolybingo_na-1.apk ......
Getting apk info from https://play.google.com/store/apps/details?id=com.ea.game.monopolybingo_na ......
Success to get info from Play Store
The lastest version of com.ea.game.monopolybingo_na-1.apk is  1.3.2  
Done processing com.ea.game.monopolybingo_na-1.apk
Time Spent:   0 Days 0 Hours 3 Minutes 14 Seconds

============================================================================
43/161 Starting processing com.emoji.Smart.Keyboard-1.apk ......
Getting apk info from https://play.google.com/store/apps/details?id=com.emoji.Smart.Keyboard ......
Success to get info from Play Store
The lastest version of com.emoji.Smart.Keyboard-1.apk is  1.01  
Done processing com.emoji.Smart.Keyboard-1.apk
Time Spent:   0 Days 0 Hours 3 Minutes 18 Seconds

============================================================================
44/161 Starting processing com.expedia.bookings-1.apk ......
Getting apk info from https://play.google.com/store/apps/details?id=com.expedia.bookings ......
Success to get info from Play Store
The lastest version of com.expedia.bookings-1.apk is  3.6.1  
Done processing com.expedia.bookings-1.apk
Time Spent:   0 Days 0 Hours 3 Minutes 23 Seconds

============================================================================
45/161 Starting processing com.eyeboxgames.bouncingslime-1.apk ......
Getting apk info from https://play.google.com/store/apps/details?id=com.eyeboxgames.bouncingslime ......
Success to get info from Play Store
The lastest version of com.eyeboxgames.bouncingslime-1.apk is  1.5  
Done processing com.eyeboxgames.bouncingslime-1.apk
Time Spent:   0 Days 0 Hours 3 Minutes 27 Seconds

============================================================================
46/161 Starting processing com.facebook.katana-1.apk ......
Getting apk info from https://play.google.com/store/apps/details?id=com.facebook.katana ......
Success to get info from Play Store
The lastest version of com.facebook.katana-1.apk is    Varies with device  
Done processing com.facebook.katana-1.apk
Time Spent:   0 Days 0 Hours 3 Minutes 32 Seconds

============================================================================
47/161 Starting processing com.feelingtouch.zombiex-1.apk ......
Getting apk info from https://play.google.com/store/apps/details?id=com.feelingtouch.zombiex ......
Success to get info from Play Store
The lastest version of com.feelingtouch.zombiex-1.apk is  2.0  
Done processing com.feelingtouch.zombiex-1.apk
Time Spent:   0 Days 0 Hours 3 Minutes 35 Seconds

============================================================================
48/161 Starting processing com.fentazy.mybaby-1.apk ......
Getting apk info from https://play.google.com/store/apps/details?id=com.fentazy.mybaby ......
Success to get info from Play Store
The lastest version of com.fentazy.mybaby-1.apk is  1.8  
Done processing com.fentazy.mybaby-1.apk
Time Spent:   0 Days 0 Hours 3 Minutes 38 Seconds

============================================================================
49/161 Starting processing com.fifa.fifaapp.android-1.apk ......
Getting apk info from https://play.google.com/store/apps/details?id=com.fifa.fifaapp.android ......
Success to get info from Play Store
The lastest version of com.fifa.fifaapp.android-1.apk is  2.0  
Done processing com.fifa.fifaapp.android-1.apk
Time Spent:   0 Days 0 Hours 3 Minutes 41 Seconds

============================================================================
50/161 Starting processing com.fitbit.FitbitMobile-1.apk ......
Getting apk info from https://play.google.com/store/apps/details?id=com.fitbit.FitbitMobile ......
Success to get info from Play Store
The lastest version of com.fitbit.FitbitMobile-1.apk is  1.9.5  
Done processing com.fitbit.FitbitMobile-1.apk
Time Spent:   0 Days 0 Hours 3 Minutes 45 Seconds

============================================================================
51/161 Starting processing com.fitnesskeeper.runkeeper.pro-1.apk ......
Getting apk info from https://play.google.com/store/apps/details?id=com.fitnesskeeper.runkeeper.pro ......
Success to get info from Play Store
The lastest version of com.fitnesskeeper.runkeeper.pro-1.apk is    Varies with device  
Done processing com.fitnesskeeper.runkeeper.pro-1.apk
Time Spent:   0 Days 0 Hours 3 Minutes 50 Seconds

============================================================================
52/161 Starting processing com.foosegames.asphaltsurfersok-1.apk ......
Getting apk info from https://play.google.com/store/apps/details?id=com.foosegames.asphaltsurfersok ......
Success to get info from Play Store
The lastest version of com.foosegames.asphaltsurfersok-1.apk is  2.3.4  
Done processing com.foosegames.asphaltsurfersok-1.apk
Time Spent:   0 Days 0 Hours 3 Minutes 54 Seconds

============================================================================
53/161 Starting processing com.freshgames.dragons-1.apk ......
Getting apk info from https://play.google.com/store/apps/details?id=com.freshgames.dragons ......
Success to get info from Play Store
The lastest version of com.freshgames.dragons-1.apk is  1.0  
Done processing com.freshgames.dragons-1.apk
Time Spent:   0 Days 0 Hours 3 Minutes 58 Seconds

============================================================================
54/161 Starting processing com.frogmind.badland-1.apk ......
Getting apk info from https://play.google.com/store/apps/details?id=com.frogmind.badland ......
Success to get info from Play Store
The lastest version of com.frogmind.badland-1.apk is    Varies with device  
Done processing com.frogmind.badland-1.apk
Time Spent:   0 Days 0 Hours 4 Minutes 2 Seconds

============================================================================
55/161 Starting processing com.g2us.armedheroes.google-1.apk ......
Getting apk info from https://play.google.com/store/apps/details?id=com.g2us.armedheroes.google ......
Success to get info from Play Store
The lastest version of com.g2us.armedheroes.google-1.apk is  2.02.00  
Done processing com.g2us.armedheroes.google-1.apk
Time Spent:   0 Days 0 Hours 4 Minutes 6 Seconds

============================================================================
56/161 Starting processing com.game.JewelsStar2-1.apk ......
Getting apk info from https://play.google.com/store/apps/details?id=com.game.JewelsStar2 ......
Success to get info from Play Store
The lastest version of com.game.JewelsStar2-1.apk is  1.0  
Done processing com.game.JewelsStar2-1.apk
Time Spent:   0 Days 0 Hours 4 Minutes 10 Seconds

============================================================================
57/161 Starting processing com.gameimax.braindoctor-1.apk ......
Getting apk info from https://play.google.com/store/apps/details?id=com.gameimax.braindoctor ......
Success to get info from Play Store
The lastest version of com.gameimax.braindoctor-1.apk is  55.1  
Done processing com.gameimax.braindoctor-1.apk
Time Spent:   0 Days 0 Hours 4 Minutes 16 Seconds

============================================================================
58/161 Starting processing com.gamelion.slots-1.apk ......
Getting apk info from https://play.google.com/store/apps/details?id=com.gamelion.slots ......
Success to get info from Play Store
The lastest version of com.gamelion.slots-1.apk is  2.0.640  
Done processing com.gamelion.slots-1.apk
Time Spent:   0 Days 0 Hours 4 Minutes 20 Seconds

============================================================================
59/161 Starting processing com.gameloft.android.ANMP.GloftGAHM-1.apk ......
Getting apk info from https://play.google.com/store/apps/details?id=com.gameloft.android.ANMP.GloftGAHM ......
Success to get info from Play Store
The lastest version of com.gameloft.android.ANMP.GloftGAHM-1.apk is  2.1.3  
Done processing com.gameloft.android.ANMP.GloftGAHM-1.apk
Time Spent:   0 Days 0 Hours 4 Minutes 25 Seconds

============================================================================
60/161 Starting processing com.gameloft.android.ANMP.GloftTRHM-1.apk ......
Getting apk info from https://play.google.com/store/apps/details?id=com.gameloft.android.ANMP.GloftTRHM ......
Success to get info from Play Store
The lastest version of com.gameloft.android.ANMP.GloftTRHM-1.apk is  1.2.0n  
Done processing com.gameloft.android.ANMP.GloftTRHM-1.apk
Time Spent:   0 Days 0 Hours 4 Minutes 30 Seconds

============================================================================
61/161 Starting processing com.gamevil.doz.global-1.apk ......
Getting apk info from https://play.google.com/store/apps/details?id=com.gamevil.doz.global ......
Success to get info from Play Store
The lastest version of com.gamevil.doz.global-1.apk is  1.3.2  
Done processing com.gamevil.doz.global-1.apk
Time Spent:   0 Days 0 Hours 4 Minutes 36 Seconds

============================================================================
62/161 Starting processing com.gamevil.fishing.global-1.apk ......
Getting apk info from https://play.google.com/store/apps/details?id=com.gamevil.fishing.global ......
Success to get info from Play Store
The lastest version of com.gamevil.fishing.global-1.apk is  2.2.8  
Done processing com.gamevil.fishing.global-1.apk
Time Spent:   0 Days 0 Hours 4 Minutes 41 Seconds

============================================================================
63/161 Starting processing com.gamevil.jackpotmadness.global-1.apk ......
Getting apk info from https://play.google.com/store/apps/details?id=com.gamevil.jackpotmadness.global ......
Success to get info from Play Store
The lastest version of com.gamevil.jackpotmadness.global-1.apk is  2.12  
Done processing com.gamevil.jackpotmadness.global-1.apk
Time Spent:   0 Days 0 Hours 4 Minutes 46 Seconds

============================================================================
64/161 Starting processing com.ggee.vividruntime.gg_1655-1.apk ......
Getting apk info from https://play.google.com/store/apps/details?id=com.ggee.vividruntime.gg_1655 ......
Success to get info from Play Store
The lastest version of com.ggee.vividruntime.gg_1655-1.apk is  1.0.6  
Done processing com.ggee.vividruntime.gg_1655-1.apk
Time Spent:   0 Days 0 Hours 4 Minutes 50 Seconds

============================================================================
65/161 Starting processing com.gipnetix.escapeaction-1.apk ......
Getting apk info from https://play.google.com/store/apps/details?id=com.gipnetix.escapeaction ......
Success to get info from Play Store
The lastest version of com.gipnetix.escapeaction-1.apk is  1.4  
Done processing com.gipnetix.escapeaction-1.apk
Time Spent:   0 Days 0 Hours 4 Minutes 55 Seconds

============================================================================
66/161 Starting processing com.glu.piratesever-1.apk ......
Getting apk info from https://play.google.com/store/apps/details?id=com.glu.piratesever ......
Success to get info from Play Store
The lastest version of com.glu.piratesever-1.apk is  0.0.1000025  
Done processing com.glu.piratesever-1.apk
Time Spent:   0 Days 0 Hours 4 Minutes 59 Seconds

============================================================================
67/161 Starting processing com.gold_stone_studio.fruitsaga8017-1.apk ......
Getting apk info from https://play.google.com/store/apps/details?id=com.gold_stone_studio.fruitsaga8017 ......
Success to get info from Play Store
The lastest version of com.gold_stone_studio.fruitsaga8017-1.apk is  1.5  
Done processing com.gold_stone_studio.fruitsaga8017-1.apk
Time Spent:   0 Days 0 Hours 5 Minutes 4 Seconds

============================================================================
68/161 Starting processing com.google.android.apps.authenticator2-1.apk ......
Getting apk info from https://play.google.com/store/apps/details?id=com.google.android.apps.authenticator2 ......
Success to get info from Play Store
The lastest version of com.google.android.apps.authenticator2-1.apk is  2.49  
Done processing com.google.android.apps.authenticator2-1.apk
Time Spent:   0 Days 0 Hours 5 Minutes 9 Seconds

============================================================================
69/161 Starting processing com.goplaytoday.divers-1.apk ......
Getting apk info from https://play.google.com/store/apps/details?id=com.goplaytoday.divers ......
Success to get info from Play Store
The lastest version of com.goplaytoday.divers-1.apk is  1.102  
Done processing com.goplaytoday.divers-1.apk
Time Spent:   0 Days 0 Hours 5 Minutes 13 Seconds

============================================================================
70/161 Starting processing com.herocraft.game.wonderwood-1.apk ......
Getting apk info from https://play.google.com/store/apps/details?id=com.herocraft.game.wonderwood ......
Success to get info from Play Store
The lastest version of com.herocraft.game.wonderwood-1.apk is  1.0.13  
Done processing com.herocraft.game.wonderwood-1.apk
Time Spent:   0 Days 0 Hours 5 Minutes 18 Seconds

============================================================================
71/161 Starting processing com.highfivegames.OffroadChallenge-1.apk ......
Getting apk info from https://play.google.com/store/apps/details?id=com.highfivegames.OffroadChallenge ......
Success to get info from Play Store
The lastest version of com.highfivegames.OffroadChallenge-1.apk is  1.1  
Done processing com.highfivegames.OffroadChallenge-1.apk
Time Spent:   0 Days 0 Hours 5 Minutes 23 Seconds

============================================================================
72/161 Starting processing com.hotheadgames.google.free.bigwinfootball-1.apk ......
Getting apk info from https://play.google.com/store/apps/details?id=com.hotheadgames.google.free.bigwinfootball ......
Success to get info from Play Store
The lastest version of com.hotheadgames.google.free.bigwinfootball-1.apk is  3.7.1  
Done processing com.hotheadgames.google.free.bigwinfootball-1.apk
Time Spent:   0 Days 0 Hours 5 Minutes 28 Seconds

============================================================================
73/161 Starting processing com.hotornot.app-1.apk ......
Getting apk info from https://play.google.com/store/apps/details?id=com.hotornot.app ......
Success to get info from Play Store
The lastest version of com.hotornot.app-1.apk is    Varies with device  
Done processing com.hotornot.app-1.apk
Time Spent:   0 Days 0 Hours 5 Minutes 32 Seconds

============================================================================
74/161 Starting processing com.hyperkani.rope-1.apk ......
Getting apk info from https://play.google.com/store/apps/details?id=com.hyperkani.rope ......
Success to get info from Play Store
The lastest version of com.hyperkani.rope-1.apk is  1.18  
Done processing com.hyperkani.rope-1.apk
Time Spent:   0 Days 0 Hours 5 Minutes 37 Seconds

============================================================================
75/161 Starting processing com.hzdi.flappybee-1.apk ......
Getting apk info from https://play.google.com/store/apps/details?id=com.hzdi.flappybee ......
Success to get info from Play Store
The lastest version of com.hzdi.flappybee-1.apk is  1.2  
Done processing com.hzdi.flappybee-1.apk
Time Spent:   0 Days 0 Hours 5 Minutes 41 Seconds

============================================================================
76/161 Starting processing com.icegame.fruitlink-1.apk ......
Getting apk info from https://play.google.com/store/apps/details?id=com.icegame.fruitlink ......
Success to get info from Play Store
The lastest version of com.icegame.fruitlink-1.apk is  1.0.8  
Done processing com.icegame.fruitlink-1.apk
Time Spent:   0 Days 0 Hours 5 Minutes 46 Seconds

============================================================================
77/161 Starting processing com.icestone.Emoji-1.apk ......
Getting apk info from https://play.google.com/store/apps/details?id=com.icestone.Emoji ......
Success to get info from Play Store
The lastest version of com.icestone.Emoji-1.apk is  1.21  
Done processing com.icestone.Emoji-1.apk
Time Spent:   0 Days 0 Hours 5 Minutes 50 Seconds

============================================================================
78/161 Starting processing com.icloudzone.DeathShooter2-1.apk ......
Getting apk info from https://play.google.com/store/apps/details?id=com.icloudzone.DeathShooter2 ......
Success to get info from Play Store
The lastest version of com.icloudzone.DeathShooter2-1.apk is  1.0.1  
Done processing com.icloudzone.DeathShooter2-1.apk
Time Spent:   0 Days 0 Hours 5 Minutes 54 Seconds

============================================================================
79/161 Starting processing com.idlegames.eldorado-1.apk ......
Getting apk info from https://play.google.com/store/apps/details?id=com.idlegames.eldorado ......
Success to get info from Play Store
The lastest version of com.idlegames.eldorado-1.apk is    Varies with device  
Done processing com.idlegames.eldorado-1.apk
Time Spent:   0 Days 0 Hours 5 Minutes 58 Seconds

============================================================================
80/161 Starting processing com.ilovedroidgames.snake-1.apk ......
Getting apk info from https://play.google.com/store/apps/details?id=com.ilovedroidgames.snake ......
Success to get info from Play Store
The lastest version of com.ilovedroidgames.snake-1.apk is  1.2  
Done processing com.ilovedroidgames.snake-1.apk
Time Spent:   0 Days 0 Hours 6 Minutes 2 Seconds

============================================================================
81/161 Starting processing com.intellijoy.android.shapes-1.apk ......
Getting apk info from https://play.google.com/store/apps/details?id=com.intellijoy.android.shapes ......
Success to get info from Play Store
The lastest version of com.intellijoy.android.shapes-1.apk is  1.2  
Done processing com.intellijoy.android.shapes-1.apk
Time Spent:   0 Days 0 Hours 6 Minutes 7 Seconds

============================================================================
82/161 Starting processing com.istomgames.tappynyan-1.apk ......
Getting apk info from https://play.google.com/store/apps/details?id=com.istomgames.tappynyan ......
Success to get info from Play Store
The lastest version of com.istomgames.tappynyan-1.apk is  1.4  
Done processing com.istomgames.tappynyan-1.apk
Time Spent:   0 Days 0 Hours 6 Minutes 11 Seconds

============================================================================
83/161 Starting processing com.kimberlydev.sudokugame-1.apk ......
Getting apk info from https://play.google.com/store/apps/details?id=com.kimberlydev.sudokugame ......
Success to get info from Play Store
The lastest version of com.kimberlydev.sudokugame-1.apk is  1.4.311  
Done processing com.kimberlydev.sudokugame-1.apk
Time Spent:   0 Days 0 Hours 6 Minutes 15 Seconds

============================================================================
84/161 Starting processing com.ksmobile.cb-1.apk ......
Getting apk info from https://play.google.com/store/apps/details?id=com.ksmobile.cb ......
Success to get info from Play Store
The lastest version of com.ksmobile.cb-1.apk is  5.0.12  
Done processing com.ksmobile.cb-1.apk
Time Spent:   0 Days 0 Hours 6 Minutes 19 Seconds

============================================================================
85/161 Starting processing com.ledun.zombiegame-1.apk ......
Getting apk info from https://play.google.com/store/apps/details?id=com.ledun.zombiegame ......
Success to get info from Play Store
The lastest version of com.ledun.zombiegame-1.apk is  1.17  
Done processing com.ledun.zombiegame-1.apk
Time Spent:   0 Days 0 Hours 6 Minutes 24 Seconds

============================================================================
86/161 Starting processing com.lego-1.apk ......
Getting apk info from https://play.google.com/store/apps/details?id=com.lego ......
Success to get info from Play Store
The lastest version of com.lego-1.apk is  1.2  
Done processing com.lego-1.apk
Time Spent:   0 Days 0 Hours 6 Minutes 29 Seconds

============================================================================
87/161 Starting processing com.lucktastic.scratch-1.apk ......
Getting apk info from https://play.google.com/store/apps/details?id=com.lucktastic.scratch ......
Success to get info from Play Store
The lastest version of com.lucktastic.scratch-1.apk is  1.1.5  
Done processing com.lucktastic.scratch-1.apk
Time Spent:   0 Days 0 Hours 6 Minutes 32 Seconds

============================================================================
88/161 Starting processing com.madelephantstudios.football2014-1.apk ......
Getting apk info from https://play.google.com/store/apps/details?id=com.madelephantstudios.football2014 ......
Success to get info from Play Store
The lastest version of com.madelephantstudios.football2014-1.apk is  2.0  
Done processing com.madelephantstudios.football2014-1.apk
Time Spent:   0 Days 0 Hours 6 Minutes 37 Seconds

============================================================================
89/161 Starting processing com.magisto-1.apk ......
Getting apk info from https://play.google.com/store/apps/details?id=com.magisto ......
Success to get info from Play Store
The lastest version of com.magisto-1.apk is    Varies with device  
Done processing com.magisto-1.apk
Time Spent:   0 Days 0 Hours 6 Minutes 41 Seconds

============================================================================
90/161 Starting processing com.magmamobile.game.Bowling3D.Western-1.apk ......
Getting apk info from https://play.google.com/store/apps/details?id=com.magmamobile.game.Bowling3D.Western ......
Success to get info from Play Store
The lastest version of com.magmamobile.game.Bowling3D.Western-1.apk is  1.0.1  
Done processing com.magmamobile.game.Bowling3D.Western-1.apk
Time Spent:   0 Days 0 Hours 6 Minutes 46 Seconds

============================================================================
91/161 Starting processing com.magmamobile.game.WordsMishMash-1.apk ......
Getting apk info from https://play.google.com/store/apps/details?id=com.magmamobile.game.WordsMishMash ......
Success to get info from Play Store
The lastest version of com.magmamobile.game.WordsMishMash-1.apk is  1.0.4  
Done processing com.magmamobile.game.WordsMishMash-1.apk
Time Spent:   0 Days 0 Hours 6 Minutes 51 Seconds

============================================================================
92/161 Starting processing com.match.android.matchmobile-1.apk ......
Getting apk info from https://play.google.com/store/apps/details?id=com.match.android.matchmobile ......
Success to get info from Play Store
The lastest version of com.match.android.matchmobile-1.apk is  2.9.6  
Done processing com.match.android.matchmobile-1.apk
Time Spent:   0 Days 0 Hours 6 Minutes 55 Seconds

============================================================================
93/161 Starting processing com.mavenhut.solitaire-1.apk ......
Getting apk info from https://play.google.com/store/apps/details?id=com.mavenhut.solitaire ......
Success to get info from Play Store
The lastest version of com.mavenhut.solitaire-1.apk is  1.0.10  
Done processing com.mavenhut.solitaire-1.apk
Time Spent:   0 Days 0 Hours 6 Minutes 59 Seconds

============================================================================
94/161 Starting processing com.mindstormstudios.warinc.google-1.apk ......
Getting apk info from https://play.google.com/store/apps/details?id=com.mindstormstudios.warinc.google ......
Success to get info from Play Store
The lastest version of com.mindstormstudios.warinc.google-1.apk is  1.056  
Done processing com.mindstormstudios.warinc.google-1.apk
Time Spent:   0 Days 0 Hours 7 Minutes 3 Seconds

============================================================================
95/161 Starting processing com.miniclip.railrush-1.apk ......
Getting apk info from https://play.google.com/store/apps/details?id=com.miniclip.railrush ......
Success to get info from Play Store
The lastest version of com.miniclip.railrush-1.apk is  1.8.0  
Done processing com.miniclip.railrush-1.apk
Time Spent:   0 Days 0 Hours 7 Minutes 8 Seconds

============================================================================
96/161 Starting processing com.mobage.ww.a1544.gi_joe_Android-1.apk ......
Getting apk info from https://play.google.com/store/apps/details?id=com.mobage.ww.a1544.gi_joe_Android ......
Success to get info from Play Store
The lastest version of com.mobage.ww.a1544.gi_joe_Android-1.apk is  2.5.2.6.0  
Done processing com.mobage.ww.a1544.gi_joe_Android-1.apk
Time Spent:   0 Days 0 Hours 7 Minutes 13 Seconds

============================================================================
97/161 Starting processing com.nakedsky.MaxAxe-1.apk ......
Getting apk info from https://play.google.com/store/apps/details?id=com.nakedsky.MaxAxe ......
Success to get info from Play Store
The lastest version of com.nakedsky.MaxAxe-1.apk is  1.5.3  
Done processing com.nakedsky.MaxAxe-1.apk
Time Spent:   0 Days 0 Hours 7 Minutes 17 Seconds

============================================================================
98/161 Starting processing com.nike.plusgps-1.apk ......
Getting apk info from https://play.google.com/store/apps/details?id=com.nike.plusgps ......
Success to get info from Play Store
The lastest version of com.nike.plusgps-1.apk is  1.3.4  
Done processing com.nike.plusgps-1.apk
Time Spent:   0 Days 0 Hours 7 Minutes 21 Seconds

============================================================================
99/161 Starting processing com.noodlecake.anothercasesolved-1.apk ......
Getting apk info from https://play.google.com/store/apps/details?id=com.noodlecake.anothercasesolved ......
Success to get info from Play Store
The lastest version of com.noodlecake.anothercasesolved-1.apk is    Varies with device  
Done processing com.noodlecake.anothercasesolved-1.apk
Time Spent:   0 Days 0 Hours 7 Minutes 26 Seconds

============================================================================
100/161 Starting processing com.noodlecake.zombieroadtrip-1.apk ......
Getting apk info from https://play.google.com/store/apps/details?id=com.noodlecake.zombieroadtrip ......
Success to get info from Play Store
The lastest version of com.noodlecake.zombieroadtrip-1.apk is  3.10  
Done processing com.noodlecake.zombieroadtrip-1.apk
Time Spent:   0 Days 0 Hours 7 Minutes 31 Seconds

============================================================================
101/161 Starting processing com.nuttyapps.clumsydoctor-1.apk ......
Getting apk info from https://play.google.com/store/apps/details?id=com.nuttyapps.clumsydoctor ......
Success to get info from Play Store
The lastest version of com.nuttyapps.clumsydoctor-1.apk is  1.0.5  
Done processing com.nuttyapps.clumsydoctor-1.apk
Time Spent:   0 Days 0 Hours 7 Minutes 36 Seconds

============================================================================
102/161 Starting processing com.onehundredpics.onehundredpicsquiz-1.apk ......
Getting apk info from https://play.google.com/store/apps/details?id=com.onehundredpics.onehundredpicsquiz ......
Success to get info from Play Store
The lastest version of com.onehundredpics.onehundredpicsquiz-1.apk is  1.0.7.2  
Done processing com.onehundredpics.onehundredpicsquiz-1.apk
Time Spent:   0 Days 0 Hours 7 Minutes 40 Seconds

============================================================================
103/161 Starting processing com.outfit7.talkingnewsfree-1.apk ......
Getting apk info from https://play.google.com/store/apps/details?id=com.outfit7.talkingnewsfree ......
Success to get info from Play Store
The lastest version of com.outfit7.talkingnewsfree-1.apk is    Varies with device  
Done processing com.outfit7.talkingnewsfree-1.apk
Time Spent:   0 Days 0 Hours 7 Minutes 45 Seconds

============================================================================
104/161 Starting processing com.outthinking.photocollagemaker-1.apk ......
Getting apk info from https://play.google.com/store/apps/details?id=com.outthinking.photocollagemaker ......
Success to get info from Play Store
The lastest version of com.outthinking.photocollagemaker-1.apk is  1.0  
Done processing com.outthinking.photocollagemaker-1.apk
Time Spent:   0 Days 0 Hours 7 Minutes 49 Seconds

============================================================================
105/161 Starting processing com.pixelmon.free.game-1.apk ......
Getting apk info from https://play.google.com/store/apps/details?id=com.pixelmon.free.game ......
[ERROR] : Cannot find info of com.pixelmon.free.game-1.apk on https://play.google.com/store/apps/details?id=com.pixelmon.free.game !!!
Done processing com.pixelmon.free.game-1.apk
Time Spent:   0 Days 0 Hours 7 Minutes 51 Seconds

============================================================================
106/161 Starting processing com.prgames.livepoker-1.apk ......
Getting apk info from https://play.google.com/store/apps/details?id=com.prgames.livepoker ......
Success to get info from Play Store
The lastest version of com.prgames.livepoker-1.apk is  1.04  
Done processing com.prgames.livepoker-1.apk
Time Spent:   0 Days 0 Hours 7 Minutes 55 Seconds

============================================================================
107/161 Starting processing com.rockstargames.ifruit-1.apk ......
Getting apk info from https://play.google.com/store/apps/details?id=com.rockstargames.ifruit ......
Success to get info from Play Store
The lastest version of com.rockstargames.ifruit-1.apk is  1.3.33.1  
Done processing com.rockstargames.ifruit-1.apk
Time Spent:   0 Days 0 Hours 8 Minutes 0 Seconds

============================================================================
108/161 Starting processing com.rovio.gold-1.apk ......
Getting apk info from https://play.google.com/store/apps/details?id=com.rovio.gold ......
Success to get info from Play Store
The lastest version of com.rovio.gold-1.apk is  1.0.8  
Done processing com.rovio.gold-1.apk
Time Spent:   0 Days 0 Hours 8 Minutes 5 Seconds

============================================================================
109/161 Starting processing com.sevenstar.monstersblast-1.apk ......
Getting apk info from https://play.google.com/store/apps/details?id=com.sevenstar.monstersblast ......
Success to get info from Play Store
The lastest version of com.sevenstar.monstersblast-1.apk is  1.0.001  
Done processing com.sevenstar.monstersblast-1.apk
Time Spent:   0 Days 0 Hours 8 Minutes 9 Seconds

============================================================================
110/161 Starting processing com.silvermagic.AirSupremacyFree-1.apk ......
Getting apk info from https://play.google.com/store/apps/details?id=com.silvermagic.AirSupremacyFree ......
Success to get info from Play Store
The lastest version of com.silvermagic.AirSupremacyFree-1.apk is  1.0  
Done processing com.silvermagic.AirSupremacyFree-1.apk
Time Spent:   0 Days 0 Hours 8 Minutes 15 Seconds

============================================================================
111/161 Starting processing com.sleepingbeastgames.spaceteam-1.apk ......
Getting apk info from https://play.google.com/store/apps/details?id=com.sleepingbeastgames.spaceteam ......
Success to get info from Play Store
The lastest version of com.sleepingbeastgames.spaceteam-1.apk is  1.5  
Done processing com.sleepingbeastgames.spaceteam-1.apk
Time Spent:   0 Days 0 Hours 8 Minutes 19 Seconds

============================================================================
112/161 Starting processing com.slotsfairytale.slots.android-1.apk ......
Getting apk info from https://play.google.com/store/apps/details?id=com.slotsfairytale.slots.android ......
Success to get info from Play Store
The lastest version of com.slotsfairytale.slots.android-1.apk is  1.114  
Done processing com.slotsfairytale.slots.android-1.apk
Time Spent:   0 Days 0 Hours 8 Minutes 23 Seconds

============================================================================
113/161 Starting processing com.slotsromance.slots.android.free-1.apk ......
Getting apk info from https://play.google.com/store/apps/details?id=com.slotsromance.slots.android.free ......
Success to get info from Play Store
The lastest version of com.slotsromance.slots.android.free-1.apk is  1.126  
Done processing com.slotsromance.slots.android.free-1.apk
Time Spent:   0 Days 0 Hours 8 Minutes 27 Seconds

============================================================================
114/161 Starting processing com.sm.SlingGuide.Dish-1.apk ......
Getting apk info from https://play.google.com/store/apps/details?id=com.sm.SlingGuide.Dish ......
Success to get info from Play Store
The lastest version of com.sm.SlingGuide.Dish-1.apk is    Varies with device  
Done processing com.sm.SlingGuide.Dish-1.apk
Time Spent:   0 Days 0 Hours 8 Minutes 31 Seconds

============================================================================
115/161 Starting processing com.sparklingsociety.cityisland2-1.apk ......
Getting apk info from https://play.google.com/store/apps/details?id=com.sparklingsociety.cityisland2 ......
Success to get info from Play Store
The lastest version of com.sparklingsociety.cityisland2-1.apk is  2.0.9  
Done processing com.sparklingsociety.cityisland2-1.apk
Time Spent:   0 Days 0 Hours 8 Minutes 35 Seconds

============================================================================
116/161 Starting processing com.squareup-1.apk ......
Getting apk info from https://play.google.com/store/apps/details?id=com.squareup ......
Success to get info from Play Store
The lastest version of com.squareup-1.apk is    Varies with device  
Done processing com.squareup-1.apk
Time Spent:   0 Days 0 Hours 8 Minutes 37 Seconds

============================================================================
117/161 Starting processing com.supersonic.tgrts-1.apk ......
Getting apk info from https://play.google.com/store/apps/details?id=com.supersonic.tgrts ......
Success to get info from Play Store
The lastest version of com.supersonic.tgrts-1.apk is  1.8.1  
Done processing com.supersonic.tgrts-1.apk
Time Spent:   0 Days 0 Hours 8 Minutes 41 Seconds

============================================================================
118/161 Starting processing com.tabtale.babyhouse-1.apk ......
Getting apk info from https://play.google.com/store/apps/details?id=com.tabtale.babyhouse ......
Success to get info from Play Store
The lastest version of com.tabtale.babyhouse-1.apk is  1.0.2  
Done processing com.tabtale.babyhouse-1.apk
Time Spent:   0 Days 0 Hours 8 Minutes 46 Seconds

============================================================================
119/161 Starting processing com.tabtale.babyhousechores-1.apk ......
Getting apk info from https://play.google.com/store/apps/details?id=com.tabtale.babyhousechores ......
Success to get info from Play Store
The lastest version of com.tabtale.babyhousechores-1.apk is  1.0.4  
Done processing com.tabtale.babyhousechores-1.apk
Time Spent:   0 Days 0 Hours 8 Minutes 51 Seconds

============================================================================
120/161 Starting processing com.tabtale.cutebabyresort-1.apk ......
Getting apk info from https://play.google.com/store/apps/details?id=com.tabtale.cutebabyresort ......
Success to get info from Play Store
The lastest version of com.tabtale.cutebabyresort-1.apk is  1.0.1  
Done processing com.tabtale.cutebabyresort-1.apk
Time Spent:   0 Days 0 Hours 8 Minutes 56 Seconds

============================================================================
121/161 Starting processing com.tabtale.madagascarvet-1.apk ......
Getting apk info from https://play.google.com/store/apps/details?id=com.tabtale.madagascarvet ......
Success to get info from Play Store
The lastest version of com.tabtale.madagascarvet-1.apk is  1.0.2  
Done processing com.tabtale.madagascarvet-1.apk
Time Spent:   0 Days 0 Hours 9 Minutes 1 Seconds

============================================================================
122/161 Starting processing com.taggedapp-1.apk ......
Getting apk info from https://play.google.com/store/apps/details?id=com.taggedapp ......
Success to get info from Play Store
The lastest version of com.taggedapp-1.apk is    Varies with device  
Done processing com.taggedapp-1.apk
Time Spent:   0 Days 0 Hours 9 Minutes 5 Seconds

============================================================================
123/161 Starting processing com.tap4fun.spartanwar-1.apk ......
Getting apk info from https://play.google.com/store/apps/details?id=com.tap4fun.spartanwar ......
Success to get info from Play Store
The lastest version of com.tap4fun.spartanwar-1.apk is  1.2.0  
Done processing com.tap4fun.spartanwar-1.apk
Time Spent:   0 Days 0 Hours 9 Minutes 10 Seconds

============================================================================
124/161 Starting processing com.teamlava.restaurantstory36-1.apk ......
Getting apk info from https://play.google.com/store/apps/details?id=com.teamlava.restaurantstory36 ......
Success to get info from Play Store
The lastest version of com.teamlava.restaurantstory36-1.apk is  1.5.5.7.8  
Done processing com.teamlava.restaurantstory36-1.apk
Time Spent:   0 Days 0 Hours 9 Minutes 15 Seconds

============================================================================
125/161 Starting processing com.teslacoilsw.launcher-1.apk ......
Getting apk info from https://play.google.com/store/apps/details?id=com.teslacoilsw.launcher ......
Success to get info from Play Store
The lastest version of com.teslacoilsw.launcher-1.apk is  3.0.1  
Done processing com.teslacoilsw.launcher-1.apk
Time Spent:   0 Days 0 Hours 9 Minutes 20 Seconds

============================================================================
126/161 Starting processing com.tictactoe.wintrino-1.apk ......
Getting apk info from https://play.google.com/store/apps/details?id=com.tictactoe.wintrino ......
Success to get info from Play Store
The lastest version of com.tictactoe.wintrino-1.apk is  7.1.40  
Done processing com.tictactoe.wintrino-1.apk
Time Spent:   0 Days 0 Hours 9 Minutes 24 Seconds

============================================================================
127/161 Starting processing com.topfreegames.bikeracefreeworld-1.apk ......
Getting apk info from https://play.google.com/store/apps/details?id=com.topfreegames.bikeracefreeworld ......
Success to get info from Play Store
The lastest version of com.topfreegames.bikeracefreeworld-1.apk is  3.7.1  
Done processing com.topfreegames.bikeracefreeworld-1.apk
Time Spent:   0 Days 0 Hours 9 Minutes 28 Seconds

============================================================================
128/161 Starting processing com.tophatter-1.apk ......
Getting apk info from https://play.google.com/store/apps/details?id=com.tophatter ......
Success to get info from Play Store
The lastest version of com.tophatter-1.apk is  1.1.30  
Done processing com.tophatter-1.apk
Time Spent:   0 Days 0 Hours 9 Minutes 32 Seconds

============================================================================
129/161 Starting processing com.tov-1.apk ......
Getting apk info from https://play.google.com/store/apps/details?id=com.tov ......
Success to get info from Play Store
The lastest version of com.tov-1.apk is  1.6.3  
Done processing com.tov-1.apk
Time Spent:   0 Days 0 Hours 9 Minutes 37 Seconds

============================================================================
130/161 Starting processing com.trinitigame.android.callofminiinfinity-1.apk ......
Getting apk info from https://play.google.com/store/apps/details?id=com.trinitigame.android.callofminiinfinity ......
Success to get info from Play Store
The lastest version of com.trinitigame.android.callofminiinfinity-1.apk is  1.7  
Done processing com.trinitigame.android.callofminiinfinity-1.apk
Time Spent:   0 Days 0 Hours 9 Minutes 42 Seconds

============================================================================
131/161 Starting processing com.turbochilli.hoppyfrog-1.apk ......
Getting apk info from https://play.google.com/store/apps/details?id=com.turbochilli.hoppyfrog ......
Success to get info from Play Store
The lastest version of com.turbochilli.hoppyfrog-1.apk is  1.1  
Done processing com.turbochilli.hoppyfrog-1.apk
Time Spent:   0 Days 0 Hours 9 Minutes 46 Seconds

============================================================================
132/161 Starting processing com.twodboy.worldofgoodemo-1.apk ......
Getting apk info from https://play.google.com/store/apps/details?id=com.twodboy.worldofgoodemo ......
Success to get info from Play Store
The lastest version of com.twodboy.worldofgoodemo-1.apk is  1.2  
Done processing com.twodboy.worldofgoodemo-1.apk
Time Spent:   0 Days 0 Hours 9 Minutes 50 Seconds

============================================================================
133/161 Starting processing com.usaa.mobile.android.usaa-1.apk ......
Getting apk info from https://play.google.com/store/apps/details?id=com.usaa.mobile.android.usaa ......
Success to get info from Play Store
The lastest version of com.usaa.mobile.android.usaa-1.apk is    Varies with device  
Done processing com.usaa.mobile.android.usaa-1.apk
Time Spent:   0 Days 0 Hours 9 Minutes 54 Seconds

============================================================================
134/161 Starting processing com.vg.ForkliftParkingExtended-1.apk ......
Getting apk info from https://play.google.com/store/apps/details?id=com.vg.ForkliftParkingExtended ......
Success to get info from Play Store
The lastest version of com.vg.ForkliftParkingExtended-1.apk is  1.0  
Done processing com.vg.ForkliftParkingExtended-1.apk
Time Spent:   0 Days 0 Hours 9 Minutes 59 Seconds

============================================================================
135/161 Starting processing com.watabou.pixeldungeon-1.apk ......
Getting apk info from https://play.google.com/store/apps/details?id=com.watabou.pixeldungeon ......
Success to get info from Play Store
The lastest version of com.watabou.pixeldungeon-1.apk is  1.7.1c  
Done processing com.watabou.pixeldungeon-1.apk
Time Spent:   0 Days 0 Hours 10 Minutes 3 Seconds

============================================================================
136/161 Starting processing com.wb.speedorz-1.apk ......
Getting apk info from https://play.google.com/store/apps/details?id=com.wb.speedorz ......
Success to get info from Play Store
The lastest version of com.wb.speedorz-1.apk is  1.3  
Done processing com.wb.speedorz-1.apk
Time Spent:   0 Days 0 Hours 10 Minutes 8 Seconds

============================================================================
137/161 Starting processing com.wego.revolt_global_live-1.apk ......
Getting apk info from https://play.google.com/store/apps/details?id=com.wego.revolt_global_live ......
Success to get info from Play Store
The lastest version of com.wego.revolt_global_live-1.apk is  1.1.6  
Done processing com.wego.revolt_global_live-1.apk
Time Spent:   0 Days 0 Hours 10 Minutes 12 Seconds

============================================================================
138/161 Starting processing com.wegoi.brickfree-1.apk ......
Getting apk info from https://play.google.com/store/apps/details?id=com.wegoi.brickfree ......
Success to get info from Play Store
The lastest version of com.wegoi.brickfree-1.apk is  1.0.9  
Done processing com.wegoi.brickfree-1.apk
Time Spent:   0 Days 0 Hours 10 Minutes 16 Seconds

============================================================================
139/161 Starting processing com.wistone.war2victory.nen-1.apk ......
Getting apk info from https://play.google.com/store/apps/details?id=com.wistone.war2victory.nen ......
Success to get info from Play Store
The lastest version of com.wistone.war2victory.nen-1.apk is  1.0.23  
Done processing com.wistone.war2victory.nen-1.apk
Time Spent:   0 Days 0 Hours 10 Minutes 21 Seconds

============================================================================
140/161 Starting processing com.witty.arm.doctor-1.apk ......
Getting apk info from https://play.google.com/store/apps/details?id=com.witty.arm.doctor ......
Success to get info from Play Store
The lastest version of com.witty.arm.doctor-1.apk is  1.2  
Done processing com.witty.arm.doctor-1.apk
Time Spent:   0 Days 0 Hours 10 Minutes 26 Seconds

============================================================================
141/161 Starting processing com.wwe.universe-1.apk ......
Getting apk info from https://play.google.com/store/apps/details?id=com.wwe.universe ......
Success to get info from Play Store
The lastest version of com.wwe.universe-1.apk is    Varies with device  
Done processing com.wwe.universe-1.apk
Time Spent:   0 Days 0 Hours 10 Minutes 29 Seconds

============================================================================
142/161 Starting processing com.yahoo.mobile.client.android.screen-1.apk ......
Getting apk info from https://play.google.com/store/apps/details?id=com.yahoo.mobile.client.android.screen ......
Success to get info from Play Store
The lastest version of com.yahoo.mobile.client.android.screen-1.apk is  1.0.4  
Done processing com.yahoo.mobile.client.android.screen-1.apk
Time Spent:   0 Days 0 Hours 10 Minutes 34 Seconds

============================================================================
143/161 Starting processing com.zentertain.slotsvegas-1.apk ......
Getting apk info from https://play.google.com/store/apps/details?id=com.zentertain.slotsvegas ......
Success to get info from Play Store
The lastest version of com.zentertain.slotsvegas-1.apk is  1.5  
Done processing com.zentertain.slotsvegas-1.apk
Time Spent:   0 Days 0 Hours 10 Minutes 39 Seconds

============================================================================
144/161 Starting processing com.zoon.dumbpatrol-1.apk ......
Getting apk info from https://play.google.com/store/apps/details?id=com.zoon.dumbpatrol ......
Success to get info from Play Store
The lastest version of com.zoon.dumbpatrol-1.apk is  4.7  
Done processing com.zoon.dumbpatrol-1.apk
Time Spent:   0 Days 0 Hours 10 Minutes 44 Seconds

============================================================================
145/161 Starting processing com.zynga.castlevillelegends-1.apk ......
Getting apk info from https://play.google.com/store/apps/details?id=com.zynga.castlevillelegends ......
Success to get info from Play Store
The lastest version of com.zynga.castlevillelegends-1.apk is  2.6.269  
Done processing com.zynga.castlevillelegends-1.apk
Time Spent:   0 Days 0 Hours 10 Minutes 49 Seconds

============================================================================
146/161 Starting processing com.zynga.hanging-1.apk ......
Getting apk info from https://play.google.com/store/apps/details?id=com.zynga.hanging ......
Success to get info from Play Store
The lastest version of com.zynga.hanging-1.apk is  4.97  
Done processing com.zynga.hanging-1.apk
Time Spent:   0 Days 0 Hours 10 Minutes 54 Seconds

============================================================================
147/161 Starting processing eu.mp3.music.player.pro-1.apk ......
Getting apk info from https://play.google.com/store/apps/details?id=eu.mp3.music.player.pro ......
[ERROR] : Cannot find info of eu.mp3.music.player.pro-1.apk on https://play.google.com/store/apps/details?id=eu.mp3.music.player.pro !!!
Done processing eu.mp3.music.player.pro-1.apk
Time Spent:   0 Days 0 Hours 10 Minutes 55 Seconds

============================================================================
148/161 Starting processing flooblabs.games.flyyourface-1.apk ......
Getting apk info from https://play.google.com/store/apps/details?id=flooblabs.games.flyyourface ......
Success to get info from Play Store
The lastest version of flooblabs.games.flyyourface-1.apk is  1.3  
Done processing flooblabs.games.flyyourface-1.apk
Time Spent:   0 Days 0 Hours 11 Minutes 0 Seconds

============================================================================
149/161 Starting processing icomania.guess.word.icon.mania.logo.quiz-1.apk ......
Getting apk info from https://play.google.com/store/apps/details?id=icomania.guess.word.icon.mania.logo.quiz ......
Success to get info from Play Store
The lastest version of icomania.guess.word.icon.mania.logo.quiz-1.apk is  3.3  
Done processing icomania.guess.word.icon.mania.logo.quiz-1.apk
Time Spent:   0 Days 0 Hours 11 Minutes 6 Seconds

============================================================================
150/161 Starting processing jp.gree.android.pf.greeapp58078a-1.apk ......
Getting apk info from https://play.google.com/store/apps/details?id=jp.gree.android.pf.greeapp58078a ......
Success to get info from Play Store
The lastest version of jp.gree.android.pf.greeapp58078a-1.apk is  1.7.1  
Done processing jp.gree.android.pf.greeapp58078a-1.apk
Time Spent:   0 Days 0 Hours 11 Minutes 10 Seconds

============================================================================
151/161 Starting processing jp.gree.modernwar-1.apk ......
Getting apk info from https://play.google.com/store/apps/details?id=jp.gree.modernwar ......
Success to get info from Play Store
The lastest version of jp.gree.modernwar-1.apk is  4.1.3  
Done processing jp.gree.modernwar-1.apk
Time Spent:   0 Days 0 Hours 11 Minutes 15 Seconds

============================================================================
152/161 Starting processing jp.konami.mgsvgzapp-1.apk ......
Getting apk info from https://play.google.com/store/apps/details?id=jp.konami.mgsvgzapp ......
Success to get info from Play Store
The lastest version of jp.konami.mgsvgzapp-1.apk is  1.0.1  
Done processing jp.konami.mgsvgzapp-1.apk
Time Spent:   0 Days 0 Hours 11 Minutes 19 Seconds

============================================================================
153/161 Starting processing jp.konami.pesm-1.apk ......
Getting apk info from https://play.google.com/store/apps/details?id=jp.konami.pesm ......
Success to get info from Play Store
The lastest version of jp.konami.pesm-1.apk is  1.0.2  
Done processing jp.konami.pesm-1.apk
Time Spent:   0 Days 0 Hours 11 Minutes 24 Seconds

============================================================================
154/161 Starting processing jp.konami.swfc-1.apk ......
Getting apk info from https://play.google.com/store/apps/details?id=jp.konami.swfc ......
Success to get info from Play Store
The lastest version of jp.konami.swfc-1.apk is  2.0.1  
Done processing jp.konami.swfc-1.apk
Time Spent:   0 Days 0 Hours 11 Minutes 29 Seconds

============================================================================
155/161 Starting processing jp.oneofthem.gotchawarriors-1.apk ......
Getting apk info from https://play.google.com/store/apps/details?id=jp.oneofthem.gotchawarriors ......
Success to get info from Play Store
The lastest version of jp.oneofthem.gotchawarriors-1.apk is  6.6  
Done processing jp.oneofthem.gotchawarriors-1.apk
Time Spent:   0 Days 0 Hours 11 Minutes 33 Seconds

============================================================================
156/161 Starting processing lv.games.freecraft-1.apk ......
Getting apk info from https://play.google.com/store/apps/details?id=lv.games.freecraft ......
Success to get info from Play Store
The lastest version of lv.games.freecraft-1.apk is  1.04  
Done processing lv.games.freecraft-1.apk
Time Spent:   0 Days 0 Hours 11 Minutes 37 Seconds

============================================================================
157/161 Starting processing me.scan.android.client-1.apk ......
Getting apk info from https://play.google.com/store/apps/details?id=me.scan.android.client ......
Success to get info from Play Store
The lastest version of me.scan.android.client-1.apk is  2.2.1  
Done processing me.scan.android.client-1.apk
Time Spent:   0 Days 0 Hours 11 Minutes 43 Seconds

============================================================================
158/161 Starting processing mig.app.freerun-1.apk ......
Getting apk info from https://play.google.com/store/apps/details?id=mig.app.freerun ......
Success to get info from Play Store
The lastest version of mig.app.freerun-1.apk is  1.9  
Done processing mig.app.freerun-1.apk
Time Spent:   0 Days 0 Hours 11 Minutes 51 Seconds

============================================================================
159/161 Starting processing pl.antit.guess.the.character.cartoon-1.apk ......
Getting apk info from https://play.google.com/store/apps/details?id=pl.antit.guess.the.character.cartoon ......
Success to get info from Play Store
The lastest version of pl.antit.guess.the.character.cartoon-1.apk is    Varies with device  
Done processing pl.antit.guess.the.character.cartoon-1.apk
Time Spent:   0 Days 0 Hours 11 Minutes 59 Seconds

============================================================================
160/161 Starting processing rnarang.android.games.jacknjill-1.apk ......
Getting apk info from https://play.google.com/store/apps/details?id=rnarang.android.games.jacknjill ......
Success to get info from Play Store
The lastest version of rnarang.android.games.jacknjill-1.apk is  1.1.4  
Done processing rnarang.android.games.jacknjill-1.apk
Time Spent:   0 Days 0 Hours 12 Minutes 5 Seconds

============================================================================
161/161 Starting processing us.porrassoft.liedetector-1.apk ......
Getting apk info from https://play.google.com/store/apps/details?id=us.porrassoft.liedetector ......
Success to get info from Play Store
The lastest version of us.porrassoft.liedetector-1.apk is  9.0  
Done processing us.porrassoft.liedetector-1.apk
Time Spent:   0 Days 0 Hours 12 Minutes 10 Seconds

============================================================================


**************************************************************
All Done
Total Time:   0 Days 0 Hours 12 Minutes 10 Seconds
Result Location:               /srv/www/htdocs/CV2/app/admin/scan_apk_version//results/AppInfo_2014-06-16-14-34-10.csv
**************************************************************
