Start processing app in list /home/Git-Apk/Updated_list from /home/Git-Apk/All_Apk  ......

============================================================================
1/6 Starting processing com.emulator.fpse-1.apk ......
Getting apk info from https://play.google.com/store/apps/details?id=com.emulator.fpse ......
Success to get info from Play Store
The lastest version of com.emulator.fpse-1.apk is  0.11.146  
Done processing com.emulator.fpse-1.apk
Time Spent:   0 Days 0 Hours 0 Minutes 2 Seconds

============================================================================
2/6 Starting processing com.guildsoftware.vendetta-1.apk ......
Getting apk info from https://play.google.com/store/apps/details?id=com.guildsoftware.vendetta ......
Success to get info from Play Store
The lastest version of com.guildsoftware.vendetta-1.apk is  1.8.306  
Done processing com.guildsoftware.vendetta-1.apk
Time Spent:   0 Days 0 Hours 0 Minutes 3 Seconds

============================================================================
3/6 Starting processing com.tencent.mtt-1.apk ......
Getting apk info from https://play.google.com/store/apps/details?id=com.tencent.mtt ......
Success to get info from Play Store
The lastest version of com.tencent.mtt-1.apk is  5.4.0.1100  
Done processing com.tencent.mtt-1.apk
Time Spent:   0 Days 0 Hours 0 Minutes 5 Seconds

============================================================================
4/6 Starting processing com.trash.mountain-1.apk ......
Getting apk info from https://play.google.com/store/apps/details?id=com.trash.mountain ......
Success to get info from Play Store
The lastest version of com.trash.mountain-1.apk is  1.2  
Done processing com.trash.mountain-1.apk
Time Spent:   0 Days 0 Hours 0 Minutes 7 Seconds

============================================================================
5/6 Starting processing com.turner.cnrockbandits-1.apk ......
Getting apk info from https://play.google.com/store/apps/details?id=com.turner.cnrockbandits ......
Success to get info from Play Store
The lastest version of com.turner.cnrockbandits-1.apk is  1.3  
Done processing com.turner.cnrockbandits-1.apk
Time Spent:   0 Days 0 Hours 0 Minutes 9 Seconds

============================================================================
6/6 Starting processing io.hoverstud.readysteadyplay-1.apk ......
Getting apk info from https://play.google.com/store/apps/details?id=io.hoverstud.readysteadyplay ......
Success to get info from Play Store
The lastest version of io.hoverstud.readysteadyplay-1.apk is  1.0.9  
Done processing io.hoverstud.readysteadyplay-1.apk
Time Spent:   0 Days 0 Hours 0 Minutes 10 Seconds

============================================================================


**************************************************************
All Done
Total Time:   0 Days 0 Hours 0 Minutes 10 Seconds
Result Location:               /srv/www/htdocs/CV2/app/admin/scan_apk_version//results/AppInfo_2014-09-28-12-22-08.csv
**************************************************************
