Start processing app in list /home/Git-Apk/Updated_list from /home/Git-Apk/All_Apk  ......

============================================================================
1/5 Starting processing com.miui.mihome2-1.apk ......
Getting apk info from https://play.google.com/store/apps/details?id=com.miui.mihome2 ......
[ERROR] : Cannot find info of com.miui.mihome2-1.apk on https://play.google.com/store/apps/details?id=com.miui.mihome2 !!!
Done processing com.miui.mihome2-1.apk
Time Spent:   0 Days 0 Hours 0 Minutes 1 Seconds

============================================================================
2/5 Starting processing com.notdoppler.earntodie-1.apk ......
Getting apk info from https://play.google.com/store/apps/details?id=com.notdoppler.earntodie ......
Success to get info from Play Store
The lastest version of com.notdoppler.earntodie-1.apk is  1.0.19  
Done processing com.notdoppler.earntodie-1.apk
Time Spent:   0 Days 0 Hours 0 Minutes 6 Seconds

============================================================================
3/5 Starting processing com.outfit7.mytalkingangelafree-1.apk ......
Getting apk info from https://play.google.com/store/apps/details?id=com.outfit7.mytalkingangelafree ......
Success to get info from Play Store
The lastest version of com.outfit7.mytalkingangelafree-1.apk is  1.1  
Done processing com.outfit7.mytalkingangelafree-1.apk
Time Spent:   0 Days 0 Hours 0 Minutes 10 Seconds

============================================================================
4/5 Starting processing com.purplekiwii.mb-1.apk ......
Getting apk info from https://play.google.com/store/apps/details?id=com.purplekiwii.mb ......
Success to get info from Play Store
The lastest version of com.purplekiwii.mb-1.apk is  1.2.7  
Done processing com.purplekiwii.mb-1.apk
Time Spent:   0 Days 0 Hours 0 Minutes 14 Seconds

============================================================================
5/5 Starting processing com.rockstargames.gtasa-1.apk ......
Getting apk info from https://play.google.com/store/apps/details?id=com.rockstargames.gtasa ......
Success to get info from Play Store
The lastest version of com.rockstargames.gtasa-1.apk is  1.07  
Done processing com.rockstargames.gtasa-1.apk
Time Spent:   0 Days 0 Hours 0 Minutes 18 Seconds

============================================================================


**************************************************************
All Done
Total Time:   0 Days 0 Hours 0 Minutes 18 Seconds
Result Location:               /home/Git-Apk/code_resource/script_hooks/scan_apk/scan_apk_version/results/AppInfo_2014-12-26-14-34-27.csv
**************************************************************
