Start processing app in list /share/Git-Apk/Updated_list from /share/Git-Apk/All_Apk  ......

============================================================================
1/3 Starting processing com.cnvcs.junqi-1.apk ......
Getting apk info from https://play.google.com/store/apps/details?id=com.cnvcs.junqi ......
Success to get info from Play Store
The lastest version of com.cnvcs.junqi-1.apk is  1.48  
Done processing com.cnvcs.junqi-1.apk
Time Spent:   0 Days 0 Hours 0 Minutes 4 Seconds

============================================================================
2/3 Starting processing com.fantasyflightgames.ESAndroid-1.apk ......
Getting apk info from https://play.google.com/store/apps/details?id=com.fantasyflightgames.ESAndroid ......
Success to get info from Play Store
The lastest version of com.fantasyflightgames.ESAndroid-1.apk is    Varies with device  
Done processing com.fantasyflightgames.ESAndroid-1.apk
Time Spent:   0 Days 0 Hours 0 Minutes 7 Seconds

============================================================================
3/3 Starting processing com.square_enix.android_googleplay.finalfantasy-1.apk ......
Getting apk info from https://play.google.com/store/apps/details?id=com.square_enix.android_googleplay.finalfantasy ......
Success to get info from Play Store
The lastest version of com.square_enix.android_googleplay.finalfantasy-1.apk is  4.0  
Done processing com.square_enix.android_googleplay.finalfantasy-1.apk
Time Spent:   0 Days 0 Hours 0 Minutes 11 Seconds

============================================================================


**************************************************************
All Done
Total Time:   0 Days 0 Hours 0 Minutes 11 Seconds
Result Location:               /srv/www/htdocs/CV2/app/admin/scan_apk_version//results/AppInfo_2014-01-20-09-30-40.csv
**************************************************************
