Start processing app in list /home/Git-Apk/Updated_list from /home/Git-Apk/All_Apk  ......

============================================================================
1/4 Starting processing com.footballguys.Dom2014-1.apk ......
Getting apk info from https://play.google.com/store/apps/details?id=com.footballguys.Dom2014 ......
Success to get info from Play Store
The lastest version of com.footballguys.Dom2014-1.apk is  1.3.3  
Done processing com.footballguys.Dom2014-1.apk
Time Spent:   0 Days 0 Hours 0 Minutes 2 Seconds

============================================================================
2/4 Starting processing com.mtvn.tmntMovieGame-1.apk ......
Getting apk info from https://play.google.com/store/apps/details?id=com.mtvn.tmntMovieGame ......
Success to get info from Play Store
The lastest version of com.mtvn.tmntMovieGame-1.apk is  1.0.0  
Done processing com.mtvn.tmntMovieGame-1.apk
Time Spent:   0 Days 0 Hours 0 Minutes 4 Seconds

============================================================================
3/4 Starting processing com.noodlecake.waywardsouls-1.apk ......
Getting apk info from https://play.google.com/store/apps/details?id=com.noodlecake.waywardsouls ......
Success to get info from Play Store
The lastest version of com.noodlecake.waywardsouls-1.apk is  1.13  
Done processing com.noodlecake.waywardsouls-1.apk
Time Spent:   0 Days 0 Hours 0 Minutes 6 Seconds

============================================================================
4/4 Starting processing com.realdrift.sipon-1.apk ......
Getting apk info from https://play.google.com/store/apps/details?id=com.realdrift.sipon ......
Success to get info from Play Store
The lastest version of com.realdrift.sipon-1.apk is  2.2  
Done processing com.realdrift.sipon-1.apk
Time Spent:   0 Days 0 Hours 0 Minutes 8 Seconds

============================================================================


**************************************************************
All Done
Total Time:   0 Days 0 Hours 0 Minutes 8 Seconds
Result Location:               /srv/www/htdocs/CV2/app/admin/scan_apk_version//results/AppInfo_2014-08-26-11-41-11.csv
**************************************************************
