Start processing app in list /share/Git-Apk/Updated_list from /share/Git-Apk/All_Apk  ......

============================================================================
1/5 Starting processing com.alibaba.android.babylon-1.apk ......
Getting apk info from https://play.google.com/store/apps/details?id=com.alibaba.android.babylon ......
Success to get info from Play Store
The lastest version of com.alibaba.android.babylon-1.apk is  5.0.2  
Done processing com.alibaba.android.babylon-1.apk
Time Spent:   0 Days 0 Hours 0 Minutes 2 Seconds

============================================================================
2/5 Starting processing com.leidianliji.feiianjumilei-1.apk ......
Getting apk info from https://play.google.com/store/apps/details?id=com.leidianliji.feiianjumilei ......
[ERROR] : Cannot find info of com.leidianliji.feiianjumilei-1.apk on https://play.google.com/store/apps/details?id=com.leidianliji.feiianjumilei !!!
Done processing com.leidianliji.feiianjumilei-1.apk
Time Spent:   0 Days 0 Hours 0 Minutes 4 Seconds

============================================================================
3/5 Starting processing com.noodlecake.mikeyhooks-1.apk ......
Getting apk info from https://play.google.com/store/apps/details?id=com.noodlecake.mikeyhooks ......
Success to get info from Play Store
The lastest version of com.noodlecake.mikeyhooks-1.apk is  1.2.0.1  
Done processing com.noodlecake.mikeyhooks-1.apk
Time Spent:   0 Days 0 Hours 0 Minutes 6 Seconds

============================================================================
4/5 Starting processing com.revolutionaryconcepts.gesfree-1.apk ......
Getting apk info from https://play.google.com/store/apps/details?id=com.revolutionaryconcepts.gesfree ......
Success to get info from Play Store
The lastest version of com.revolutionaryconcepts.gesfree-1.apk is  1.0.2  
Done processing com.revolutionaryconcepts.gesfree-1.apk
Time Spent:   0 Days 0 Hours 0 Minutes 8 Seconds

============================================================================
5/5 Starting processing org.videolan.vlc.betav7neon-1.apk ......
Getting apk info from https://play.google.com/store/apps/details?id=org.videolan.vlc.betav7neon ......
Success to get info from Play Store
The lastest version of org.videolan.vlc.betav7neon-1.apk is    Varies with device  
Done processing org.videolan.vlc.betav7neon-1.apk
Time Spent:   0 Days 0 Hours 0 Minutes 10 Seconds

============================================================================


**************************************************************
All Done
Total Time:   0 Days 0 Hours 0 Minutes 10 Seconds
Result Location:               /srv/www/htdocs/CV2/app/admin/scan_apk_version//results/AppInfo_2014-04-17-13-38-01.csv
**************************************************************
