Start processing app in list /home/Git-Apk/Updated_list from /home/Git-Apk/All_Apk  ......

============================================================================
1/65 Starting processing air.com.aetnent.history.android.kids.FrontierHeroes-1.apk ......
Getting apk info from https://play.google.com/store/apps/details?id=air.com.aetnent.history.android.kids.FrontierHeroes ......
Success to get info from Play Store
The lastest version of air.com.aetnent.history.android.kids.FrontierHeroes-1.apk is  1.1.8  
Done processing air.com.aetnent.history.android.kids.FrontierHeroes-1.apk
Time Spent:   0 Days 0 Hours 0 Minutes 2 Seconds

============================================================================
2/65 Starting processing air.com.radialgames.MonsterLovesYou-1.apk ......
Getting apk info from https://play.google.com/store/apps/details?id=air.com.radialgames.MonsterLovesYou ......
Success to get info from Play Store
The lastest version of air.com.radialgames.MonsterLovesYou-1.apk is  0.9.28  
Done processing air.com.radialgames.MonsterLovesYou-1.apk
Time Spent:   0 Days 0 Hours 0 Minutes 6 Seconds

============================================================================
3/65 Starting processing air.foxandsheep.pettingzoo-1.apk ......
Getting apk info from https://play.google.com/store/apps/details?id=air.foxandsheep.pettingzoo ......
Success to get info from Play Store
The lastest version of air.foxandsheep.pettingzoo-1.apk is  1.1.3  
Done processing air.foxandsheep.pettingzoo-1.apk
Time Spent:   0 Days 0 Hours 0 Minutes 11 Seconds

============================================================================
4/65 Starting processing ch.feinheit.games.firststrike-1.apk ......
Getting apk info from https://play.google.com/store/apps/details?id=ch.feinheit.games.firststrike ......
Success to get info from Play Store
The lastest version of ch.feinheit.games.firststrike-1.apk is  1.1.1  
Done processing ch.feinheit.games.firststrike-1.apk
Time Spent:   0 Days 0 Hours 0 Minutes 14 Seconds

============================================================================
5/65 Starting processing com.FDGEntertainment.Blueprint3DHD.gp-1.apk ......
Getting apk info from https://play.google.com/store/apps/details?id=com.FDGEntertainment.Blueprint3DHD.gp ......
Success to get info from Play Store
The lastest version of com.FDGEntertainment.Blueprint3DHD.gp-1.apk is  1.0.2  
Done processing com.FDGEntertainment.Blueprint3DHD.gp-1.apk
Time Spent:   0 Days 0 Hours 0 Minutes 19 Seconds

============================================================================
6/65 Starting processing com.Paladog.KorGG-1.apk ......
Getting apk info from https://play.google.com/store/apps/details?id=com.Paladog.KorGG ......
Success to get info from Play Store
The lastest version of com.Paladog.KorGG-1.apk is  2.1.8  
Done processing com.Paladog.KorGG-1.apk
Time Spent:   0 Days 0 Hours 0 Minutes 23 Seconds

============================================================================
7/65 Starting processing com.PanicEnsuesSoftware.CrashDive-1.apk ......
Getting apk info from https://play.google.com/store/apps/details?id=com.PanicEnsuesSoftware.CrashDive ......
Success to get info from Play Store
The lastest version of com.PanicEnsuesSoftware.CrashDive-1.apk is  1.3.4.1  
Done processing com.PanicEnsuesSoftware.CrashDive-1.apk
Time Spent:   0 Days 0 Hours 0 Minutes 27 Seconds

============================================================================
8/65 Starting processing com.SleepNinjaGames.MAMBC-1.apk ......
Getting apk info from https://play.google.com/store/apps/details?id=com.SleepNinjaGames.MAMBC ......
Success to get info from Play Store
The lastest version of com.SleepNinjaGames.MAMBC-1.apk is  1.1  
Done processing com.SleepNinjaGames.MAMBC-1.apk
Time Spent:   0 Days 0 Hours 0 Minutes 32 Seconds

============================================================================
9/65 Starting processing com.alawar.CruelGames.Full-1.apk ......
Getting apk info from https://play.google.com/store/apps/details?id=com.alawar.CruelGames.Full ......
Success to get info from Play Store
The lastest version of com.alawar.CruelGames.Full-1.apk is    Varies with device  
Done processing com.alawar.CruelGames.Full-1.apk
Time Spent:   0 Days 0 Hours 0 Minutes 37 Seconds

============================================================================
10/65 Starting processing com.alawar.houseof1000doorspaid-1.apk ......
Getting apk info from https://play.google.com/store/apps/details?id=com.alawar.houseof1000doorspaid ......
Success to get info from Play Store
The lastest version of com.alawar.houseof1000doorspaid-1.apk is    Varies with device  
Done processing com.alawar.houseof1000doorspaid-1.apk
Time Spent:   0 Days 0 Hours 0 Minutes 42 Seconds

============================================================================
11/65 Starting processing com.beavl.kapsula-1.apk ......
Getting apk info from https://play.google.com/store/apps/details?id=com.beavl.kapsula ......
Success to get info from Play Store
The lastest version of com.beavl.kapsula-1.apk is  1.0.1  
Done processing com.beavl.kapsula-1.apk
Time Spent:   0 Days 0 Hours 0 Minutes 45 Seconds

============================================================================
12/65 Starting processing com.beware.stratega-1.apk ......
Getting apk info from https://play.google.com/store/apps/details?id=com.beware.stratega ......
Success to get info from Play Store
The lastest version of com.beware.stratega-1.apk is  1.6  
Done processing com.beware.stratega-1.apk
Time Spent:   0 Days 0 Hours 0 Minutes 48 Seconds

============================================================================
13/65 Starting processing com.chillingo.bloodstroke.android.ajagplay-1.apk ......
Getting apk info from https://play.google.com/store/apps/details?id=com.chillingo.bloodstroke.android.ajagplay ......
Success to get info from Play Store
The lastest version of com.chillingo.bloodstroke.android.ajagplay-1.apk is  1.0.0  
Done processing com.chillingo.bloodstroke.android.ajagplay-1.apk
Time Spent:   0 Days 0 Hours 0 Minutes 54 Seconds

============================================================================
14/65 Starting processing com.codemasters.cmrally-1.apk ......
Getting apk info from https://play.google.com/store/apps/details?id=com.codemasters.cmrally ......
Success to get info from Play Store
The lastest version of com.codemasters.cmrally-1.apk is  1.02  
Done processing com.codemasters.cmrally-1.apk
Time Spent:   0 Days 0 Hours 0 Minutes 58 Seconds

============================================================================
15/65 Starting processing com.crescentmoongames.neonshadow-1.apk ......
Getting apk info from https://play.google.com/store/apps/details?id=com.crescentmoongames.neonshadow ......
Success to get info from Play Store
The lastest version of com.crescentmoongames.neonshadow-1.apk is  1.33  
Done processing com.crescentmoongames.neonshadow-1.apk
Time Spent:   0 Days 0 Hours 1 Minutes 2 Seconds

============================================================================
16/65 Starting processing com.digitalreality.ig2-1.apk ......
Getting apk info from https://play.google.com/store/apps/details?id=com.digitalreality.ig2 ......
Success to get info from Play Store
The lastest version of com.digitalreality.ig2-1.apk is  1.33  
Done processing com.digitalreality.ig2-1.apk
Time Spent:   0 Days 0 Hours 1 Minutes 5 Seconds

============================================================================
17/65 Starting processing com.disney.grandprixxd.goo-1.apk ......
Getting apk info from https://play.google.com/store/apps/details?id=com.disney.grandprixxd.goo ......
Success to get info from Play Store
The lastest version of com.disney.grandprixxd.goo-1.apk is  1.0  
Done processing com.disney.grandprixxd.goo-1.apk
Time Spent:   0 Days 0 Hours 1 Minutes 9 Seconds

============================================================================
18/65 Starting processing com.disney.gravityfallsmysteryshackattack_goo-1.apk ......
Getting apk info from https://play.google.com/store/apps/details?id=com.disney.gravityfallsmysteryshackattack_goo ......
Success to get info from Play Store
The lastest version of com.disney.gravityfallsmysteryshackattack_goo-1.apk is  1.0  
Done processing com.disney.gravityfallsmysteryshackattack_goo-1.apk
Time Spent:   0 Days 0 Hours 1 Minutes 14 Seconds

============================================================================
19/65 Starting processing com.domowiczcg.manhattanproject-1.apk ......
Getting apk info from https://play.google.com/store/apps/details?id=com.domowiczcg.manhattanproject ......
Success to get info from Play Store
The lastest version of com.domowiczcg.manhattanproject-1.apk is  5.0  
Done processing com.domowiczcg.manhattanproject-1.apk
Time Spent:   0 Days 0 Hours 1 Minutes 17 Seconds

============================================================================
20/65 Starting processing com.donutgames.trapsngemstones-1.apk ......
Getting apk info from https://play.google.com/store/apps/details?id=com.donutgames.trapsngemstones ......
Success to get info from Play Store
The lastest version of com.donutgames.trapsngemstones-1.apk is  1.01  
Done processing com.donutgames.trapsngemstones-1.apk
Time Spent:   0 Days 0 Hours 1 Minutes 22 Seconds

============================================================================
21/65 Starting processing com.dotemu.neogeo.mslugx-1.apk ......
Getting apk info from https://play.google.com/store/apps/details?id=com.dotemu.neogeo.mslugx ......
Success to get info from Play Store
The lastest version of com.dotemu.neogeo.mslugx-1.apk is  1.0  
Done processing com.dotemu.neogeo.mslugx-1.apk
Time Spent:   0 Days 0 Hours 1 Minutes 27 Seconds

============================================================================
22/65 Starting processing com.dotemu.neogeo.samsho2-1.apk ......
Getting apk info from https://play.google.com/store/apps/details?id=com.dotemu.neogeo.samsho2 ......
Success to get info from Play Store
The lastest version of com.dotemu.neogeo.samsho2-1.apk is  1.2  
Done processing com.dotemu.neogeo.samsho2-1.apk
Time Spent:   0 Days 0 Hours 1 Minutes 31 Seconds

============================================================================
23/65 Starting processing com.duckduckmoosedesign.trucks-1.apk ......
Getting apk info from https://play.google.com/store/apps/details?id=com.duckduckmoosedesign.trucks ......
Success to get info from Play Store
The lastest version of com.duckduckmoosedesign.trucks-1.apk is  1.0.4  
Done processing com.duckduckmoosedesign.trucks-1.apk
Time Spent:   0 Days 0 Hours 1 Minutes 35 Seconds

============================================================================
24/65 Starting processing com.eps.survivaloftheforest-1.apk ......
Getting apk info from https://play.google.com/store/apps/details?id=com.eps.survivaloftheforest ......
Success to get info from Play Store
The lastest version of com.eps.survivaloftheforest-1.apk is  1.05  
Done processing com.eps.survivaloftheforest-1.apk
Time Spent:   0 Days 0 Hours 1 Minutes 39 Seconds

============================================================================
25/65 Starting processing com.firemaplegames.joe.Mosaika_iOS-1.apk ......
Getting apk info from https://play.google.com/store/apps/details?id=com.firemaplegames.joe.Mosaika_iOS ......
Success to get info from Play Store
The lastest version of com.firemaplegames.joe.Mosaika_iOS-1.apk is  1.0.4  
Done processing com.firemaplegames.joe.Mosaika_iOS-1.apk
Time Spent:   0 Days 0 Hours 1 Minutes 44 Seconds

============================================================================
26/65 Starting processing com.firerabbit.games.fmc.zs.full-1.apk ......
Getting apk info from https://play.google.com/store/apps/details?id=com.firerabbit.games.fmc.zs.full ......
Success to get info from Play Store
The lastest version of com.firerabbit.games.fmc.zs.full-1.apk is  2  
Done processing com.firerabbit.games.fmc.zs.full-1.apk
Time Spent:   0 Days 0 Hours 1 Minutes 48 Seconds

============================================================================
27/65 Starting processing com.foursakenmedia.bugheroes2-1.apk ......
Getting apk info from https://play.google.com/store/apps/details?id=com.foursakenmedia.bugheroes2 ......
Success to get info from Play Store
The lastest version of com.foursakenmedia.bugheroes2-1.apk is    Varies with device  
Done processing com.foursakenmedia.bugheroes2-1.apk
Time Spent:   0 Days 0 Hours 1 Minutes 53 Seconds

============================================================================
28/65 Starting processing com.glutenfreegames.foxsimulator-1.apk ......
Getting apk info from https://play.google.com/store/apps/details?id=com.glutenfreegames.foxsimulator ......
Success to get info from Play Store
The lastest version of com.glutenfreegames.foxsimulator-1.apk is  1.0  
Done processing com.glutenfreegames.foxsimulator-1.apk
Time Spent:   0 Days 0 Hours 1 Minutes 59 Seconds

============================================================================
29/65 Starting processing com.glutenfreegames.wolfsimulator-1.apk ......
Getting apk info from https://play.google.com/store/apps/details?id=com.glutenfreegames.wolfsimulator ......
Success to get info from Play Store
The lastest version of com.glutenfreegames.wolfsimulator-1.apk is  1.0  
Done processing com.glutenfreegames.wolfsimulator-1.apk
Time Spent:   0 Days 0 Hours 2 Minutes 3 Seconds

============================================================================
30/65 Starting processing com.grapefrukt.games.rymdkapsel1-1.apk ......
Getting apk info from https://play.google.com/store/apps/details?id=com.grapefrukt.games.rymdkapsel1 ......
Success to get info from Play Store
The lastest version of com.grapefrukt.games.rymdkapsel1-1.apk is  2.0.1  
Done processing com.grapefrukt.games.rymdkapsel1-1.apk
Time Spent:   0 Days 0 Hours 2 Minutes 7 Seconds

============================================================================
31/65 Starting processing com.hyperdevbox.exzeus2-1.apk ......
Getting apk info from https://play.google.com/store/apps/details?id=com.hyperdevbox.exzeus2 ......
Success to get info from Play Store
The lastest version of com.hyperdevbox.exzeus2-1.apk is    Varies with device  
Done processing com.hyperdevbox.exzeus2-1.apk
Time Spent:   0 Days 0 Hours 2 Minutes 10 Seconds

============================================================================
32/65 Starting processing com.hyperdevbox.indy500-1.apk ......
Getting apk info from https://play.google.com/store/apps/details?id=com.hyperdevbox.indy500 ......
Success to get info from Play Store
The lastest version of com.hyperdevbox.indy500-1.apk is    Varies with device  
Done processing com.hyperdevbox.indy500-1.apk
Time Spent:   0 Days 0 Hours 2 Minutes 14 Seconds

============================================================================
33/65 Starting processing com.inkle.sorcery1-1.apk ......
Getting apk info from https://play.google.com/store/apps/details?id=com.inkle.sorcery1 ......
Success to get info from Play Store
The lastest version of com.inkle.sorcery1-1.apk is  1.1.3  
Done processing com.inkle.sorcery1-1.apk
Time Spent:   0 Days 0 Hours 2 Minutes 18 Seconds

============================================================================
34/65 Starting processing com.joybits.doodledevil_pay-1.apk ......
Getting apk info from https://play.google.com/store/apps/details?id=com.joybits.doodledevil_pay ......
Success to get info from Play Store
The lastest version of com.joybits.doodledevil_pay-1.apk is  2.1.4  
Done processing com.joybits.doodledevil_pay-1.apk
Time Spent:   0 Days 0 Hours 2 Minutes 24 Seconds

============================================================================
35/65 Starting processing com.kevinbradford.games.secondgrade-1.apk ......
Getting apk info from https://play.google.com/store/apps/details?id=com.kevinbradford.games.secondgrade ......
Success to get info from Play Store
The lastest version of com.kevinbradford.games.secondgrade-1.apk is  1.1  
Done processing com.kevinbradford.games.secondgrade-1.apk
Time Spent:   0 Days 0 Hours 2 Minutes 29 Seconds

============================================================================
36/65 Starting processing com.landoncope.games.toddlersingandplay2-1.apk ......
Getting apk info from https://play.google.com/store/apps/details?id=com.landoncope.games.toddlersingandplay2 ......
Success to get info from Play Store
The lastest version of com.landoncope.games.toddlersingandplay2-1.apk is  1.0  
Done processing com.landoncope.games.toddlersingandplay2-1.apk
Time Spent:   0 Days 0 Hours 2 Minutes 34 Seconds

============================================================================
37/65 Starting processing com.lightbot.lightbot-1.apk ......
Getting apk info from https://play.google.com/store/apps/details?id=com.lightbot.lightbot ......
Success to get info from Play Store
The lastest version of com.lightbot.lightbot-1.apk is  1.3.51  
Done processing com.lightbot.lightbot-1.apk
Time Spent:   0 Days 0 Hours 2 Minutes 37 Seconds

============================================================================
38/65 Starting processing com.littleeyes.eliss_infinity-1.apk ......
Getting apk info from https://play.google.com/store/apps/details?id=com.littleeyes.eliss_infinity ......
Success to get info from Play Store
The lastest version of com.littleeyes.eliss_infinity-1.apk is  1.1.3  
Done processing com.littleeyes.eliss_infinity-1.apk
Time Spent:   0 Days 0 Hours 2 Minutes 41 Seconds

============================================================================
39/65 Starting processing com.littleinferno.google-1.apk ......
Getting apk info from https://play.google.com/store/apps/details?id=com.littleinferno.google ......
Success to get info from Play Store
The lastest version of com.littleinferno.google-1.apk is  1.2  
Done processing com.littleinferno.google-1.apk
Time Spent:   0 Days 0 Hours 2 Minutes 45 Seconds

============================================================================
40/65 Starting processing com.murudai.Solar2-1.apk ......
Getting apk info from https://play.google.com/store/apps/details?id=com.murudai.Solar2 ......
Success to get info from Play Store
The lastest version of com.murudai.Solar2-1.apk is  1.13  
Done processing com.murudai.Solar2-1.apk
Time Spent:   0 Days 0 Hours 2 Minutes 48 Seconds

============================================================================
41/65 Starting processing com.nomadgames.talisman-1.apk ......
Getting apk info from https://play.google.com/store/apps/details?id=com.nomadgames.talisman ......
Success to get info from Play Store
The lastest version of com.nomadgames.talisman-1.apk is  3.602  
Done processing com.nomadgames.talisman-1.apk
Time Spent:   0 Days 0 Hours 2 Minutes 52 Seconds

============================================================================
42/65 Starting processing com.noodlecake.deviousdungeon-1.apk ......
Getting apk info from https://play.google.com/store/apps/details?id=com.noodlecake.deviousdungeon ......
Success to get info from Play Store
The lastest version of com.noodlecake.deviousdungeon-1.apk is  1.2.1  
Done processing com.noodlecake.deviousdungeon-1.apk
Time Spent:   0 Days 0 Hours 2 Minutes 58 Seconds

============================================================================
43/65 Starting processing com.noowanda.discovery-1.apk ......
Getting apk info from https://play.google.com/store/apps/details?id=com.noowanda.discovery ......
Success to get info from Play Store
The lastest version of com.noowanda.discovery-1.apk is  1.7.1.0  
Done processing com.noowanda.discovery-1.apk
Time Spent:   0 Days 0 Hours 3 Minutes 2 Seconds

============================================================================
44/65 Starting processing com.p2games.peppasparty-1.apk ......
Getting apk info from https://play.google.com/store/apps/details?id=com.p2games.peppasparty ......
Success to get info from Play Store
The lastest version of com.p2games.peppasparty-1.apk is  3.0  
Done processing com.p2games.peppasparty-1.apk
Time Spent:   0 Days 0 Hours 3 Minutes 6 Seconds

============================================================================
45/65 Starting processing com.paradoxplaza.imagicka-1.apk ......
Getting apk info from https://play.google.com/store/apps/details?id=com.paradoxplaza.imagicka ......
Success to get info from Play Store
The lastest version of com.paradoxplaza.imagicka-1.apk is  1.3.2  
Done processing com.paradoxplaza.imagicka-1.apk
Time Spent:   0 Days 0 Hours 3 Minutes 9 Seconds

============================================================================
46/65 Starting processing com.phanovatives.gunshipIII.strike-1.apk ......
Getting apk info from https://play.google.com/store/apps/details?id=com.phanovatives.gunshipIII.strike ......
Success to get info from Play Store
The lastest version of com.phanovatives.gunshipIII.strike-1.apk is  3.6.4  
Done processing com.phanovatives.gunshipIII.strike-1.apk
Time Spent:   0 Days 0 Hours 3 Minutes 13 Seconds

============================================================================
47/65 Starting processing com.playfirst.playground.dinerdashspongebobdeluxe-1.apk ......
Getting apk info from https://play.google.com/store/apps/details?id=com.playfirst.playground.dinerdashspongebobdeluxe ......
Success to get info from Play Store
The lastest version of com.playfirst.playground.dinerdashspongebobdeluxe-1.apk is  3.25.3  
Done processing com.playfirst.playground.dinerdashspongebobdeluxe-1.apk
Time Spent:   0 Days 0 Hours 3 Minutes 17 Seconds

============================================================================
48/65 Starting processing com.radiangames.supercrossfighter-1.apk ......
Getting apk info from https://play.google.com/store/apps/details?id=com.radiangames.supercrossfighter ......
Success to get info from Play Store
The lastest version of com.radiangames.supercrossfighter-1.apk is  1.0  
Done processing com.radiangames.supercrossfighter-1.apk
Time Spent:   0 Days 0 Hours 3 Minutes 21 Seconds

============================================================================
49/65 Starting processing com.russpuppy.alphabettoddler-1.apk ......
Getting apk info from https://play.google.com/store/apps/details?id=com.russpuppy.alphabettoddler ......
Success to get info from Play Store
The lastest version of com.russpuppy.alphabettoddler-1.apk is  1  
Done processing com.russpuppy.alphabettoddler-1.apk
Time Spent:   0 Days 0 Hours 3 Minutes 25 Seconds

============================================================================
50/65 Starting processing com.snkplaymore.kof2012a-1.apk ......
Getting apk info from https://play.google.com/store/apps/details?id=com.snkplaymore.kof2012a ......
Success to get info from Play Store
The lastest version of com.snkplaymore.kof2012a-1.apk is  1.0.1  
Done processing com.snkplaymore.kof2012a-1.apk
Time Spent:   0 Days 0 Hours 3 Minutes 29 Seconds

============================================================================
51/65 Starting processing com.square_enix.android_googleplay.FF4AY_GP-1.apk ......
Getting apk info from https://play.google.com/store/apps/details?id=com.square_enix.android_googleplay.FF4AY_GP ......
Success to get info from Play Store
The lastest version of com.square_enix.android_googleplay.FF4AY_GP-1.apk is  1.0.6  
Done processing com.square_enix.android_googleplay.FF4AY_GP-1.apk
Time Spent:   0 Days 0 Hours 3 Minutes 34 Seconds

============================================================================
52/65 Starting processing com.swiftapps.catsimulator3d-1.apk ......
Getting apk info from https://play.google.com/store/apps/details?id=com.swiftapps.catsimulator3d ......
Success to get info from Play Store
The lastest version of com.swiftapps.catsimulator3d-1.apk is  1.3  
Done processing com.swiftapps.catsimulator3d-1.apk
Time Spent:   0 Days 0 Hours 3 Minutes 39 Seconds

============================================================================
53/65 Starting processing com.tabascointeractive.starhorizon-1.apk ......
Getting apk info from https://play.google.com/store/apps/details?id=com.tabascointeractive.starhorizon ......
Success to get info from Play Store
The lastest version of com.tabascointeractive.starhorizon-1.apk is    Varies with device  
Done processing com.tabascointeractive.starhorizon-1.apk
Time Spent:   0 Days 0 Hours 3 Minutes 43 Seconds

============================================================================
54/65 Starting processing com.team17digital.sfhd-1.apk ......
Getting apk info from https://play.google.com/store/apps/details?id=com.team17digital.sfhd ......
Success to get info from Play Store
The lastest version of com.team17digital.sfhd-1.apk is  1.00  
Done processing com.team17digital.sfhd-1.apk
Time Spent:   0 Days 0 Hours 3 Minutes 47 Seconds

============================================================================
55/65 Starting processing com.thup.fixit-1.apk ......
Getting apk info from https://play.google.com/store/apps/details?id=com.thup.fixit ......
Success to get info from Play Store
The lastest version of com.thup.fixit-1.apk is  1.04  
Done processing com.thup.fixit-1.apk
Time Spent:   0 Days 0 Hours 3 Minutes 51 Seconds

============================================================================
56/65 Starting processing com.tribeplay.pandaairport-1.apk ......
Getting apk info from https://play.google.com/store/apps/details?id=com.tribeplay.pandaairport ......
Success to get info from Play Store
The lastest version of com.tribeplay.pandaairport-1.apk is  1.7  
Done processing com.tribeplay.pandaairport-1.apk
Time Spent:   0 Days 0 Hours 3 Minutes 56 Seconds

============================================================================
57/65 Starting processing com.tribeplay.pandabus-1.apk ......
Getting apk info from https://play.google.com/store/apps/details?id=com.tribeplay.pandabus ......
Success to get info from Play Store
The lastest version of com.tribeplay.pandabus-1.apk is  1.1  
Done processing com.tribeplay.pandabus-1.apk
Time Spent:   0 Days 0 Hours 4 Minutes 0 Seconds

============================================================================
58/65 Starting processing com.tribeplay.pandahousework-1.apk ......
Getting apk info from https://play.google.com/store/apps/details?id=com.tribeplay.pandahousework ......
Success to get info from Play Store
The lastest version of com.tribeplay.pandahousework-1.apk is  1.3  
Done processing com.tribeplay.pandahousework-1.apk
Time Spent:   0 Days 0 Hours 4 Minutes 4 Seconds

============================================================================
59/65 Starting processing com.turner.wrathofpsychobos1-1.apk ......
Getting apk info from https://play.google.com/store/apps/details?id=com.turner.wrathofpsychobos1 ......
Success to get info from Play Store
The lastest version of com.turner.wrathofpsychobos1-1.apk is  1.0.1  
Done processing com.turner.wrathofpsychobos1-1.apk
Time Spent:   0 Days 0 Hours 4 Minutes 9 Seconds

============================================================================
60/65 Starting processing com.wickeyware.minesofmars-1.apk ......
Getting apk info from https://play.google.com/store/apps/details?id=com.wickeyware.minesofmars ......
Success to get info from Play Store
The lastest version of com.wickeyware.minesofmars-1.apk is  1.0711  
Done processing com.wickeyware.minesofmars-1.apk
Time Spent:   0 Days 0 Hours 4 Minutes 14 Seconds

============================================================================
61/65 Starting processing com.xfinity.playnow-1.apk ......
Getting apk info from https://play.google.com/store/apps/details?id=com.xfinity.playnow ......
Success to get info from Play Store
The lastest version of com.xfinity.playnow-1.apk is    Varies with device  
Done processing com.xfinity.playnow-1.apk
Time Spent:   0 Days 0 Hours 4 Minutes 18 Seconds

============================================================================
62/65 Starting processing gamelab3d.com.FreeRoam3D-1.apk ......
Getting apk info from https://play.google.com/store/apps/details?id=gamelab3d.com.FreeRoam3D ......
Success to get info from Play Store
The lastest version of gamelab3d.com.FreeRoam3D-1.apk is  4.0  
Done processing gamelab3d.com.FreeRoam3D-1.apk
Time Spent:   0 Days 0 Hours 4 Minutes 23 Seconds

============================================================================
63/65 Starting processing it.rortos.f18carrierlandingiipro-1.apk ......
Getting apk info from https://play.google.com/store/apps/details?id=it.rortos.f18carrierlandingiipro ......
Success to get info from Play Store
The lastest version of it.rortos.f18carrierlandingiipro-1.apk is  1.1  
Done processing it.rortos.f18carrierlandingiipro-1.apk
Time Spent:   0 Days 0 Hours 4 Minutes 27 Seconds

============================================================================
64/65 Starting processing namco.pacman.ce-1.apk ......
Getting apk info from https://play.google.com/store/apps/details?id=namco.pacman.ce ......
Success to get info from Play Store
The lastest version of namco.pacman.ce-1.apk is  1.1.2  
Done processing namco.pacman.ce-1.apk
Time Spent:   0 Days 0 Hours 4 Minutes 32 Seconds

============================================================================
65/65 Starting processing org.pbskids.wkwa-1.apk ......
Getting apk info from https://play.google.com/store/apps/details?id=org.pbskids.wkwa ......
Success to get info from Play Store
The lastest version of org.pbskids.wkwa-1.apk is  1.3  
Done processing org.pbskids.wkwa-1.apk
Time Spent:   0 Days 0 Hours 4 Minutes 37 Seconds

============================================================================


**************************************************************
All Done
Total Time:   0 Days 0 Hours 4 Minutes 37 Seconds
Result Location:               /srv/www/htdocs/CV2/app/admin/scan_apk_version//results/AppInfo_2014-08-29-11-40-42.csv
**************************************************************
