Start processing app in list /home/Git-Apk/Updated_list from /home/Git-Apk/All_Apk  ......

============================================================================
1/38 Starting processing air.com.freshplanet.games.SongPopPremium-1.apk ......
Getting apk info from https://play.google.com/store/apps/details?id=air.com.freshplanet.games.SongPopPremium ......
Success to get info from Play Store
The lastest version of air.com.freshplanet.games.SongPopPremium-1.apk is  1.23.10  
Done processing air.com.freshplanet.games.SongPopPremium-1.apk
Time Spent:   0 Days 0 Hours 0 Minutes 4 Seconds

============================================================================
2/38 Starting processing cld.navi.mainframe-1.apk ......
Getting apk info from https://play.google.com/store/apps/details?id=cld.navi.mainframe ......
[ERROR] : Cannot find info of cld.navi.mainframe-1.apk on https://play.google.com/store/apps/details?id=cld.navi.mainframe !!!
Done processing cld.navi.mainframe-1.apk
Time Spent:   0 Days 0 Hours 0 Minutes 5 Seconds

============================================================================
3/38 Starting processing cn.jingling.motu.photowonder-1.apk ......
Getting apk info from https://play.google.com/store/apps/details?id=cn.jingling.motu.photowonder ......
Success to get info from Play Store
The lastest version of cn.jingling.motu.photowonder-1.apk is  3.2.2  
Done processing cn.jingling.motu.photowonder-1.apk
Time Spent:   0 Days 0 Hours 0 Minutes 9 Seconds

============================================================================
4/38 Starting processing com.Qunar-1.apk ......
Getting apk info from https://play.google.com/store/apps/details?id=com.Qunar ......
Success to get info from Play Store
The lastest version of com.Qunar-1.apk is  7.3.3  
Done processing com.Qunar-1.apk
Time Spent:   0 Days 0 Hours 0 Minutes 13 Seconds

============================================================================
5/38 Starting processing com.alibaba.mobileim-1.apk ......
Error ouccus when processing com.alibaba.mobileim-1.apk : Cnnot get apk info by aapt !
============================================================================
5/38 Starting processing com.amazon.kindle-1.apk ......
Getting apk info from https://play.google.com/store/apps/details?id=com.amazon.kindle ......
Success to get info from Play Store
The lastest version of com.amazon.kindle-1.apk is    Varies with device  
Done processing com.amazon.kindle-1.apk
Time Spent:   0 Days 0 Hours 0 Minutes 17 Seconds

============================================================================
6/38 Starting processing com.baidu.searchbox-1.apk ......
Getting apk info from https://play.google.com/store/apps/details?id=com.baidu.searchbox ......
[ERROR] : Cannot find info of com.baidu.searchbox-1.apk on https://play.google.com/store/apps/details?id=com.baidu.searchbox !!!
Done processing com.baidu.searchbox-1.apk
Time Spent:   0 Days 0 Hours 0 Minutes 19 Seconds

============================================================================
7/38 Starting processing com.emulator.fpse-1.apk ......
Getting apk info from https://play.google.com/store/apps/details?id=com.emulator.fpse ......
Success to get info from Play Store
The lastest version of com.emulator.fpse-1.apk is  0.11.148  
Done processing com.emulator.fpse-1.apk
Time Spent:   0 Days 0 Hours 0 Minutes 22 Seconds

============================================================================
8/38 Starting processing com.fgol.HungrySharkEvolution-1.apk ......
Getting apk info from https://play.google.com/store/apps/details?id=com.fgol.HungrySharkEvolution ......
Success to get info from Play Store
The lastest version of com.fgol.HungrySharkEvolution-1.apk is    Varies with device  
Done processing com.fgol.HungrySharkEvolution-1.apk
Time Spent:   0 Days 0 Hours 0 Minutes 26 Seconds

============================================================================
9/38 Starting processing com.funshion.video.mobile-1.apk ......
Getting apk info from https://play.google.com/store/apps/details?id=com.funshion.video.mobile ......
[ERROR] : Cannot find info of com.funshion.video.mobile-1.apk on https://play.google.com/store/apps/details?id=com.funshion.video.mobile !!!
Done processing com.funshion.video.mobile-1.apk
Time Spent:   0 Days 0 Hours 0 Minutes 27 Seconds

============================================================================
10/38 Starting processing com.gamevil.kritikamobile.android.google.global.normal-1.apk ......
Getting apk info from https://play.google.com/store/apps/details?id=com.gamevil.kritikamobile.android.google.global.normal ......
Success to get info from Play Store
The lastest version of com.gamevil.kritikamobile.android.google.global.normal-1.apk is  2.5.5  
Done processing com.gamevil.kritikamobile.android.google.global.normal-1.apk
Time Spent:   0 Days 0 Hours 0 Minutes 31 Seconds

============================================================================
11/38 Starting processing com.glu.baseball-1.apk ......
Getting apk info from https://play.google.com/store/apps/details?id=com.glu.baseball ......
Success to get info from Play Store
The lastest version of com.glu.baseball-1.apk is  1.2.1  
Done processing com.glu.baseball-1.apk
Time Spent:   0 Days 0 Hours 0 Minutes 35 Seconds

============================================================================
12/38 Starting processing com.hp.printercontrol-1.apk ......
Getting apk info from https://play.google.com/store/apps/details?id=com.hp.printercontrol ......
Success to get info from Play Store
The lastest version of com.hp.printercontrol-1.apk is  3.0.225  
Done processing com.hp.printercontrol-1.apk
Time Spent:   0 Days 0 Hours 0 Minutes 39 Seconds

============================================================================
13/38 Starting processing com.iflytek.inputmethod-1.apk ......
Getting apk info from https://play.google.com/store/apps/details?id=com.iflytek.inputmethod ......
[ERROR] : Cannot find info of com.iflytek.inputmethod-1.apk on https://play.google.com/store/apps/details?id=com.iflytek.inputmethod !!!
Done processing com.iflytek.inputmethod-1.apk
Time Spent:   0 Days 0 Hours 0 Minutes 40 Seconds

============================================================================
14/38 Starting processing com.igg.clashoflords2-1.apk ......
Getting apk info from https://play.google.com/store/apps/details?id=com.igg.clashoflords2 ......
Success to get info from Play Store
The lastest version of com.igg.clashoflords2-1.apk is  1.0.159  
Done processing com.igg.clashoflords2-1.apk
Time Spent:   0 Days 0 Hours 0 Minutes 44 Seconds

============================================================================
15/38 Starting processing com.imangi.templerunzh-1.apk ......
Getting apk info from https://play.google.com/store/apps/details?id=com.imangi.templerunzh ......
[ERROR] : Cannot find info of com.imangi.templerunzh-1.apk on https://play.google.com/store/apps/details?id=com.imangi.templerunzh !!!
Done processing com.imangi.templerunzh-1.apk
Time Spent:   0 Days 0 Hours 0 Minutes 45 Seconds

============================================================================
16/38 Starting processing com.kascend.video-1.apk ......
Getting apk info from https://play.google.com/store/apps/details?id=com.kascend.video ......
[ERROR] : Cannot find info of com.kascend.video-1.apk on https://play.google.com/store/apps/details?id=com.kascend.video !!!
Done processing com.kascend.video-1.apk
Time Spent:   0 Days 0 Hours 0 Minutes 47 Seconds

============================================================================
17/38 Starting processing com.king.farmheroessaga-1.apk ......
Getting apk info from https://play.google.com/store/apps/details?id=com.king.farmheroessaga ......
Success to get info from Play Store
The lastest version of com.king.farmheroessaga-1.apk is  2.13.9  
Done processing com.king.farmheroessaga-1.apk
Time Spent:   0 Days 0 Hours 0 Minutes 51 Seconds

============================================================================
18/38 Starting processing com.lenovo.safecenter-1.apk ......
Getting apk info from https://play.google.com/store/apps/details?id=com.lenovo.safecenter ......
[ERROR] : Cannot find info of com.lenovo.safecenter-1.apk on https://play.google.com/store/apps/details?id=com.lenovo.safecenter !!!
Done processing com.lenovo.safecenter-1.apk
Time Spent:   0 Days 0 Hours 0 Minutes 52 Seconds

============================================================================
19/38 Starting processing com.mobirix.playmaze-1.apk ......
Getting apk info from https://play.google.com/store/apps/details?id=com.mobirix.playmaze ......
Success to get info from Play Store
The lastest version of com.mobirix.playmaze-1.apk is  1.1.6  
Done processing com.mobirix.playmaze-1.apk
Time Spent:   0 Days 0 Hours 0 Minutes 56 Seconds

============================================================================
20/38 Starting processing com.omgpop.dstpaid-1.apk ......
Getting apk info from https://play.google.com/store/apps/details?id=com.omgpop.dstpaid ......
Success to get info from Play Store
The lastest version of com.omgpop.dstpaid-1.apk is  2.333.229  
Done processing com.omgpop.dstpaid-1.apk
Time Spent:   0 Days 0 Hours 1 Minutes 0 Seconds

============================================================================
21/38 Starting processing com.oupeng.mini.android-1.apk ......
Getting apk info from https://play.google.com/store/apps/details?id=com.oupeng.mini.android ......
Success to get info from Play Store
The lastest version of com.oupeng.mini.android-1.apk is  7.7.2  
Done processing com.oupeng.mini.android-1.apk
Time Spent:   0 Days 0 Hours 1 Minutes 3 Seconds

============================================================================
22/38 Starting processing com.scopely.slotsvacation-1.apk ......
Getting apk info from https://play.google.com/store/apps/details?id=com.scopely.slotsvacation ......
Success to get info from Play Store
The lastest version of com.scopely.slotsvacation-1.apk is  1.50  
Done processing com.scopely.slotsvacation-1.apk
Time Spent:   0 Days 0 Hours 1 Minutes 6 Seconds

============================================================================
23/38 Starting processing com.shoujiduoduo.ringtone-1.apk ......
Getting apk info from https://play.google.com/store/apps/details?id=com.shoujiduoduo.ringtone ......
[ERROR] : Cannot find info of com.shoujiduoduo.ringtone-1.apk on https://play.google.com/store/apps/details?id=com.shoujiduoduo.ringtone !!!
Done processing com.shoujiduoduo.ringtone-1.apk
Time Spent:   0 Days 0 Hours 1 Minutes 8 Seconds

============================================================================
24/38 Starting processing com.skt.skaf.OA00026910-1.apk ......
Getting apk info from https://play.google.com/store/apps/details?id=com.skt.skaf.OA00026910 ......
Success to get info from Play Store
The lastest version of com.skt.skaf.OA00026910-1.apk is  5.1.4_M  
Done processing com.skt.skaf.OA00026910-1.apk
Time Spent:   0 Days 0 Hours 1 Minutes 11 Seconds

============================================================================
25/38 Starting processing com.smile.gifmaker-1.apk ......
Getting apk info from https://play.google.com/store/apps/details?id=com.smile.gifmaker ......
Success to get info from Play Store
The lastest version of com.smile.gifmaker-1.apk is  4.04  
Done processing com.smile.gifmaker-1.apk
Time Spent:   0 Days 0 Hours 1 Minutes 15 Seconds

============================================================================
26/38 Starting processing com.sohu.inputmethod.sogou-1.apk ......
Getting apk info from https://play.google.com/store/apps/details?id=com.sohu.inputmethod.sogou ......
Success to get info from Play Store
The lastest version of com.sohu.inputmethod.sogou-1.apk is  6.1  
Done processing com.sohu.inputmethod.sogou-1.apk
Time Spent:   0 Days 0 Hours 1 Minutes 19 Seconds

============================================================================
27/38 Starting processing com.soulgame.bubble-1.apk ......
Getting apk info from https://play.google.com/store/apps/details?id=com.soulgame.bubble ......
Success to get info from Play Store
The lastest version of com.soulgame.bubble-1.apk is  4.4  
Done processing com.soulgame.bubble-1.apk
Time Spent:   0 Days 0 Hours 1 Minutes 21 Seconds

============================================================================
28/38 Starting processing com.storm.smart-1.apk ......
Getting apk info from https://play.google.com/store/apps/details?id=com.storm.smart ......
[ERROR] : Cannot find info of com.storm.smart-1.apk on https://play.google.com/store/apps/details?id=com.storm.smart !!!
Done processing com.storm.smart-1.apk
Time Spent:   0 Days 0 Hours 1 Minutes 23 Seconds

============================================================================
29/38 Starting processing com.tabtale.babycareanddressup-1.apk ......
Getting apk info from https://play.google.com/store/apps/details?id=com.tabtale.babycareanddressup ......
Success to get info from Play Store
The lastest version of com.tabtale.babycareanddressup-1.apk is  1.0.4  
Done processing com.tabtale.babycareanddressup-1.apk
Time Spent:   0 Days 0 Hours 1 Minutes 27 Seconds

============================================================================
30/38 Starting processing com.tencent.qqpim-1.apk ......
Getting apk info from https://play.google.com/store/apps/details?id=com.tencent.qqpim ......
Success to get info from Play Store
The lastest version of com.tencent.qqpim-1.apk is  5.0  
Done processing com.tencent.qqpim-1.apk
Time Spent:   0 Days 0 Hours 1 Minutes 31 Seconds

============================================================================
31/38 Starting processing com.ubisoft.assassin.pirates-1.apk ......
Getting apk info from https://play.google.com/store/apps/details?id=com.ubisoft.assassin.pirates ......
Success to get info from Play Store
The lastest version of com.ubisoft.assassin.pirates-1.apk is  1.6.1  
Done processing com.ubisoft.assassin.pirates-1.apk
Time Spent:   0 Days 0 Hours 1 Minutes 35 Seconds

============================================================================
32/38 Starting processing com.youku.tv-1.apk ......
Getting apk info from https://play.google.com/store/apps/details?id=com.youku.tv ......
Success to get info from Play Store
The lastest version of com.youku.tv-1.apk is  1.8.1  
Done processing com.youku.tv-1.apk
Time Spent:   0 Days 0 Hours 1 Minutes 38 Seconds

============================================================================
33/38 Starting processing com.yx-1.apk ......
Getting apk info from https://play.google.com/store/apps/details?id=com.yx ......
Success to get info from Play Store
The lastest version of com.yx-1.apk is  2.22.0  
Done processing com.yx-1.apk
Time Spent:   0 Days 0 Hours 1 Minutes 41 Seconds

============================================================================
34/38 Starting processing com.zdworks.android.zdclock-1.apk ......
Getting apk info from https://play.google.com/store/apps/details?id=com.zdworks.android.zdclock ......
Success to get info from Play Store
The lastest version of com.zdworks.android.zdclock-1.apk is  4.8.498  
Done processing com.zdworks.android.zdclock-1.apk
Time Spent:   0 Days 0 Hours 1 Minutes 45 Seconds

============================================================================
35/38 Starting processing com.zynga.FarmVille2CountryEscape-1.apk ......
Getting apk info from https://play.google.com/store/apps/details?id=com.zynga.FarmVille2CountryEscape ......
Success to get info from Play Store
The lastest version of com.zynga.FarmVille2CountryEscape-1.apk is  2.0.125  
Done processing com.zynga.FarmVille2CountryEscape-1.apk
Time Spent:   0 Days 0 Hours 1 Minutes 49 Seconds

============================================================================
36/38 Starting processing im.yixin-1.apk ......
Getting apk info from https://play.google.com/store/apps/details?id=im.yixin ......
Success to get info from Play Store
The lastest version of im.yixin-1.apk is  2.9.8  
Done processing im.yixin-1.apk
Time Spent:   0 Days 0 Hours 1 Minutes 52 Seconds

============================================================================
37/38 Starting processing tv.pps.mobile-1.apk ......
Getting apk info from https://play.google.com/store/apps/details?id=tv.pps.mobile ......
Success to get info from Play Store
The lastest version of tv.pps.mobile-1.apk is  3.2.1  
Done processing tv.pps.mobile-1.apk
Time Spent:   0 Days 0 Hours 1 Minutes 56 Seconds

============================================================================


**************************************************************
All Done
Total Time:   0 Days 0 Hours 1 Minutes 56 Seconds
Result Location:               /srv/www/htdocs/CV2/app/admin/scan_apk_version//results/AppInfo_2014-10-11-16-14-00.csv
**************************************************************
