Start processing app in list /home/Git-Apk/Updated_list from /home/Git-Apk/All_Apk  ......

============================================================================
1/5 Starting processing com.and.games505.TerrariaPaid-1.apk ......
Getting apk info from https://play.google.com/store/apps/details?id=com.and.games505.TerrariaPaid ......
Success to get info from Play Store
The lastest version of com.and.games505.TerrariaPaid-1.apk is  1.1.5822  
Done processing com.and.games505.TerrariaPaid-1.apk
Time Spent:   0 Days 0 Hours 0 Minutes 2 Seconds

============================================================================
2/5 Starting processing com.facebook.orca-1.apk ......
Getting apk info from https://play.google.com/store/apps/details?id=com.facebook.orca ......
Success to get info from Play Store
The lastest version of com.facebook.orca-1.apk is    Varies with device  
Done processing com.facebook.orca-1.apk
Time Spent:   0 Days 0 Hours 0 Minutes 4 Seconds

============================================================================
3/5 Starting processing com.mediocre.grannysmith-1.apk ......
Getting apk info from https://play.google.com/store/apps/details?id=com.mediocre.grannysmith ......
Success to get info from Play Store
The lastest version of com.mediocre.grannysmith-1.apk is  1.3.4  
Done processing com.mediocre.grannysmith-1.apk
Time Spent:   0 Days 0 Hours 0 Minutes 6 Seconds

============================================================================
4/5 Starting processing it.rortos.f18carrierlandinglite-1.apk ......
Getting apk info from https://play.google.com/store/apps/details?id=it.rortos.f18carrierlandinglite ......
Success to get info from Play Store
The lastest version of it.rortos.f18carrierlandinglite-1.apk is    Varies with device  
Done processing it.rortos.f18carrierlandinglite-1.apk
Time Spent:   0 Days 0 Hours 0 Minutes 9 Seconds

============================================================================
5/5 Starting processing slide.cameraZoom-1.apk ......
Getting apk info from https://play.google.com/store/apps/details?id=slide.cameraZoom ......
Success to get info from Play Store
The lastest version of slide.cameraZoom-1.apk is  5.4.5  
Done processing slide.cameraZoom-1.apk
Time Spent:   0 Days 0 Hours 0 Minutes 13 Seconds

============================================================================


**************************************************************
All Done
Total Time:   0 Days 0 Hours 0 Minutes 13 Seconds
Result Location:               /srv/www/htdocs/CV2/app/admin/scan_apk_version//results/AppInfo_2014-09-09-13-50-03.csv
**************************************************************
