Start processing app in list /home/Git-Apk/Updated_list from /home/Git-Apk/All_Apk  ......

============================================================================
1/30 Starting processing air.com.freshplanet.games.SongPopPremium-1.apk ......
Getting apk info from https://play.google.com/store/apps/details?id=air.com.freshplanet.games.SongPopPremium ......
Success to get info from Play Store
The lastest version of air.com.freshplanet.games.SongPopPremium-1.apk is  1.24.07  
Done processing air.com.freshplanet.games.SongPopPremium-1.apk
Time Spent:   0 Days 0 Hours 0 Minutes 2 Seconds

============================================================================
2/30 Starting processing com.activision.skylanders.cloudpatrol-1.apk ......
Getting apk info from https://play.google.com/store/apps/details?id=com.activision.skylanders.cloudpatrol ......
Success to get info from Play Store
The lastest version of com.activision.skylanders.cloudpatrol-1.apk is  1.9.6  
Done processing com.activision.skylanders.cloudpatrol-1.apk
Time Spent:   0 Days 0 Hours 0 Minutes 4 Seconds

============================================================================
3/30 Starting processing com.alibaba.mobileim-1.apk ......
Error ouccus when processing com.alibaba.mobileim-1.apk : Cnnot get apk info by aapt !
============================================================================
3/30 Starting processing com.android.cheyooh-1.apk ......
Getting apk info from https://play.google.com/store/apps/details?id=com.android.cheyooh ......
[ERROR] : Cannot find info of com.android.cheyooh-1.apk on https://play.google.com/store/apps/details?id=com.android.cheyooh !!!
Done processing com.android.cheyooh-1.apk
Time Spent:   0 Days 0 Hours 0 Minutes 5 Seconds

============================================================================
4/30 Starting processing com.asobimo.avabel_gp_b3-1.apk ......
Getting apk info from https://play.google.com/store/apps/details?id=com.asobimo.avabel_gp_b3 ......
Success to get info from Play Store
The lastest version of com.asobimo.avabel_gp_b3-1.apk is  3.5.13  
Done processing com.asobimo.avabel_gp_b3-1.apk
Time Spent:   0 Days 0 Hours 0 Minutes 7 Seconds

============================================================================
5/30 Starting processing com.baidu.searchbox-1.apk ......
Getting apk info from https://play.google.com/store/apps/details?id=com.baidu.searchbox ......
Success to get info from Play Store
The lastest version of com.baidu.searchbox-1.apk is  6.1  
Done processing com.baidu.searchbox-1.apk
Time Spent:   0 Days 0 Hours 0 Minutes 9 Seconds

============================================================================
6/30 Starting processing com.deathbatgame.hailtotheking-1.apk ......
Getting apk info from https://play.google.com/store/apps/details?id=com.deathbatgame.hailtotheking ......
Success to get info from Play Store
The lastest version of com.deathbatgame.hailtotheking-1.apk is  1.13  
Done processing com.deathbatgame.hailtotheking-1.apk
Time Spent:   0 Days 0 Hours 0 Minutes 10 Seconds

============================================================================
7/30 Starting processing com.degoo.android.icecreammaker-1.apk ......
Getting apk info from https://play.google.com/store/apps/details?id=com.degoo.android.icecreammaker ......
Success to get info from Play Store
The lastest version of com.degoo.android.icecreammaker-1.apk is  1.0.12  
Done processing com.degoo.android.icecreammaker-1.apk
Time Spent:   0 Days 0 Hours 0 Minutes 12 Seconds

============================================================================
8/30 Starting processing com.duokan.reader-1.apk ......
Getting apk info from https://play.google.com/store/apps/details?id=com.duokan.reader ......
Success to get info from Play Store
The lastest version of com.duokan.reader-1.apk is  3.3.1  
Done processing com.duokan.reader-1.apk
Time Spent:   0 Days 0 Hours 0 Minutes 14 Seconds

============================================================================
9/30 Starting processing com.fantasyflightgames.ESAndroid-1.apk ......
Getting apk info from https://play.google.com/store/apps/details?id=com.fantasyflightgames.ESAndroid ......
Success to get info from Play Store
The lastest version of com.fantasyflightgames.ESAndroid-1.apk is    Varies with device  
Done processing com.fantasyflightgames.ESAndroid-1.apk
Time Spent:   0 Days 0 Hours 0 Minutes 15 Seconds

============================================================================
10/30 Starting processing com.fds.infiniteflight-1.apk ......
Getting apk info from https://play.google.com/store/apps/details?id=com.fds.infiniteflight ......
Success to get info from Play Store
The lastest version of com.fds.infiniteflight-1.apk is  14.10.1  
Done processing com.fds.infiniteflight-1.apk
Time Spent:   0 Days 0 Hours 0 Minutes 17 Seconds

============================================================================
11/30 Starting processing com.gameloft.android.ANMP.GloftGGHM-1.apk ......
Getting apk info from https://play.google.com/store/apps/details?id=com.gameloft.android.ANMP.GloftGGHM ......
Success to get info from Play Store
The lastest version of com.gameloft.android.ANMP.GloftGGHM-1.apk is  1.6.1c  
Done processing com.gameloft.android.ANMP.GloftGGHM-1.apk
Time Spent:   0 Days 0 Hours 0 Minutes 19 Seconds

============================================================================
12/30 Starting processing com.gamevil.mlbpi.ad.google.ww-1.apk ......
Getting apk info from https://play.google.com/store/apps/details?id=com.gamevil.mlbpi.ad.google.ww ......
Success to get info from Play Store
The lastest version of com.gamevil.mlbpi.ad.google.ww-1.apk is  2.1.0  
Done processing com.gamevil.mlbpi.ad.google.ww-1.apk
Time Spent:   0 Days 0 Hours 0 Minutes 21 Seconds

============================================================================
13/30 Starting processing com.guildsoftware.vendetta-1.apk ......
Getting apk info from https://play.google.com/store/apps/details?id=com.guildsoftware.vendetta ......
Success to get info from Play Store
The lastest version of com.guildsoftware.vendetta-1.apk is  1.8.314  
Done processing com.guildsoftware.vendetta-1.apk
Time Spent:   0 Days 0 Hours 0 Minutes 22 Seconds

============================================================================
14/30 Starting processing com.ijinshan.browser_fast-1.apk ......
Getting apk info from https://play.google.com/store/apps/details?id=com.ijinshan.browser_fast ......
Success to get info from Play Store
The lastest version of com.ijinshan.browser_fast-1.apk is  2.19.2  
Done processing com.ijinshan.browser_fast-1.apk
Time Spent:   0 Days 0 Hours 0 Minutes 24 Seconds

============================================================================
15/30 Starting processing com.instagram.android-1.apk ......
Getting apk info from https://play.google.com/store/apps/details?id=com.instagram.android ......
Success to get info from Play Store
The lastest version of com.instagram.android-1.apk is    Varies with device  
Done processing com.instagram.android-1.apk
Time Spent:   0 Days 0 Hours 0 Minutes 26 Seconds

============================================================================
16/30 Starting processing com.ketchapp.circle-1.apk ......
Getting apk info from https://play.google.com/store/apps/details?id=com.ketchapp.circle ......
Success to get info from Play Store
The lastest version of com.ketchapp.circle-1.apk is  1.4.1  
Done processing com.ketchapp.circle-1.apk
Time Spent:   0 Days 0 Hours 0 Minutes 27 Seconds

============================================================================
17/30 Starting processing com.mogujie-1.apk ......
Getting apk info from https://play.google.com/store/apps/details?id=com.mogujie ......
Success to get info from Play Store
The lastest version of com.mogujie-1.apk is  6.1.2  
Done processing com.mogujie-1.apk
Time Spent:   0 Days 0 Hours 0 Minutes 29 Seconds

============================================================================
18/30 Starting processing com.mojang.minecraftpe-1.apk ......
Getting apk info from https://play.google.com/store/apps/details?id=com.mojang.minecraftpe ......
Success to get info from Play Store
The lastest version of com.mojang.minecraftpe-1.apk is    Varies with device  
Done processing com.mojang.minecraftpe-1.apk
Time Spent:   0 Days 0 Hours 0 Minutes 31 Seconds

============================================================================
19/30 Starting processing com.piksoft.turboscan-1.apk ......
Getting apk info from https://play.google.com/store/apps/details?id=com.piksoft.turboscan ......
Success to get info from Play Store
The lastest version of com.piksoft.turboscan-1.apk is  1.2.5  
Done processing com.piksoft.turboscan-1.apk
Time Spent:   0 Days 0 Hours 0 Minutes 33 Seconds

============================================================================
20/30 Starting processing com.sgn.pandapop.gp-1.apk ......
Getting apk info from https://play.google.com/store/apps/details?id=com.sgn.pandapop.gp ......
Success to get info from Play Store
The lastest version of com.sgn.pandapop.gp-1.apk is  2.3  
Done processing com.sgn.pandapop.gp-1.apk
Time Spent:   0 Days 0 Hours 0 Minutes 34 Seconds

============================================================================
21/30 Starting processing com.sinovatech.unicom.ui-1.apk ......
Getting apk info from https://play.google.com/store/apps/details?id=com.sinovatech.unicom.ui ......
Success to get info from Play Store
The lastest version of com.sinovatech.unicom.ui-1.apk is  1.1  
Done processing com.sinovatech.unicom.ui-1.apk
Time Spent:   0 Days 0 Hours 0 Minutes 36 Seconds

============================================================================
22/30 Starting processing com.sohu.inputmethod.sogou-1.apk ......
Getting apk info from https://play.google.com/store/apps/details?id=com.sohu.inputmethod.sogou ......
Success to get info from Play Store
The lastest version of com.sohu.inputmethod.sogou-1.apk is  6.1  
Done processing com.sohu.inputmethod.sogou-1.apk
Time Spent:   0 Days 0 Hours 0 Minutes 38 Seconds

============================================================================
23/30 Starting processing com.stac.empire.main-1.apk ......
Getting apk info from https://play.google.com/store/apps/details?id=com.stac.empire.main ......
Success to get info from Play Store
The lastest version of com.stac.empire.main-1.apk is  2.3.49  
Done processing com.stac.empire.main-1.apk
Time Spent:   0 Days 0 Hours 0 Minutes 39 Seconds

============================================================================
24/30 Starting processing com.tencent.fruitninja-1.apk ......
Getting apk info from https://play.google.com/store/apps/details?id=com.tencent.fruitninja ......
[ERROR] : Cannot find info of com.tencent.fruitninja-1.apk on https://play.google.com/store/apps/details?id=com.tencent.fruitninja !!!
Done processing com.tencent.fruitninja-1.apk
Time Spent:   0 Days 0 Hours 0 Minutes 41 Seconds

============================================================================
25/30 Starting processing com.tencent.mobileqq-1.apk ......
Getting apk info from https://play.google.com/store/apps/details?id=com.tencent.mobileqq ......
Success to get info from Play Store
The lastest version of com.tencent.mobileqq-1.apk is  5.2.1  
Done processing com.tencent.mobileqq-1.apk
Time Spent:   0 Days 0 Hours 0 Minutes 43 Seconds

============================================================================
26/30 Starting processing com.ting.mp3.android-1.apk ......
Getting apk info from https://play.google.com/store/apps/details?id=com.ting.mp3.android ......
[ERROR] : Cannot find info of com.ting.mp3.android-1.apk on https://play.google.com/store/apps/details?id=com.ting.mp3.android !!!
Done processing com.ting.mp3.android-1.apk
Time Spent:   0 Days 0 Hours 0 Minutes 44 Seconds

============================================================================
27/30 Starting processing com.tongcheng.android-1.apk ......
Getting apk info from https://play.google.com/store/apps/details?id=com.tongcheng.android ......
Success to get info from Play Store
The lastest version of com.tongcheng.android-1.apk is  6.6.0  
Done processing com.tongcheng.android-1.apk
Time Spent:   0 Days 0 Hours 0 Minutes 46 Seconds

============================================================================
28/30 Starting processing com.turner.cardwars-1.apk ......
Getting apk info from https://play.google.com/store/apps/details?id=com.turner.cardwars ......
Success to get info from Play Store
The lastest version of com.turner.cardwars-1.apk is  1.1.5  
Done processing com.turner.cardwars-1.apk
Time Spent:   0 Days 0 Hours 0 Minutes 48 Seconds

============================================================================
29/30 Starting processing vo.threes.exclaim-1.apk ......
Getting apk info from https://play.google.com/store/apps/details?id=vo.threes.exclaim ......
Success to get info from Play Store
The lastest version of vo.threes.exclaim-1.apk is  1.2  
Done processing vo.threes.exclaim-1.apk
Time Spent:   0 Days 0 Hours 0 Minutes 49 Seconds

============================================================================


**************************************************************
All Done
Total Time:   0 Days 0 Hours 0 Minutes 49 Seconds
Result Location:               /home/Git-Apk/code_resource/script_hooks/scan_apk/scan_apk_version/results/AppInfo_2014-12-03-13-47-38.csv
**************************************************************
