Start processing app in list /home/Git-Apk/Updated_list from /home/Git-Apk/All_Apk  ......

============================================================================
1/2 Starting processing com.magmamobile.game.Fireman-1.apk ......
Getting apk info from https://play.google.com/store/apps/details?id=com.magmamobile.game.Fireman ......
Success to get info from Play Store
The lastest version of com.magmamobile.game.Fireman-1.apk is  1.0.4  
Done processing com.magmamobile.game.Fireman-1.apk
Time Spent:   0 Days 0 Hours 0 Minutes 2 Seconds

============================================================================
2/2 Starting processing com.roadhousegames.carnage-1.apk ......
Getting apk info from https://play.google.com/store/apps/details?id=com.roadhousegames.carnage ......
Success to get info from Play Store
The lastest version of com.roadhousegames.carnage-1.apk is  195178  
Done processing com.roadhousegames.carnage-1.apk
Time Spent:   0 Days 0 Hours 0 Minutes 4 Seconds

============================================================================


**************************************************************
All Done
Total Time:   0 Days 0 Hours 0 Minutes 4 Seconds
Result Location:               /srv/www/htdocs/CV2/app/admin/scan_apk_version//results/AppInfo_2014-09-24-12-07-07.csv
**************************************************************
