Start processing app in list /home/Git-Apk/Updated_list from /home/Git-Apk/ECS  ......

============================================================================
1/9 Starting processing com.bowengames.farmingusa-1.apk ......
Getting apk info from https://play.google.com/store/apps/details?id=com.bowengames.farmingusa ......
Success to get info from Play Store
The lastest version of com.bowengames.farmingusa-1.apk is  1.34  
Done processing com.bowengames.farmingusa-1.apk
Time Spent:   0 Days 0 Hours 0 Minutes 3 Seconds

============================================================================
2/9 Starting processing com.gau.go.launcherex-1.apk ......
Getting apk info from https://play.google.com/store/apps/details?id=com.gau.go.launcherex ......
Success to get info from Play Store
The lastest version of com.gau.go.launcherex-1.apk is    Varies with device  
Done processing com.gau.go.launcherex-1.apk
Time Spent:   0 Days 0 Hours 0 Minutes 6 Seconds

============================================================================
3/9 Starting processing com.halfbrick.fruitninjafree-1.apk ......
Getting apk info from https://play.google.com/store/apps/details?id=com.halfbrick.fruitninjafree ......
Success to get info from Play Store
The lastest version of com.halfbrick.fruitninjafree-1.apk is  2.1.2  
Done processing com.halfbrick.fruitninjafree-1.apk
Time Spent:   0 Days 0 Hours 0 Minutes 8 Seconds

============================================================================
4/9 Starting processing com.imageline.FLM-1.apk ......
Getting apk info from https://play.google.com/store/apps/details?id=com.imageline.FLM ......
Success to get info from Play Store
The lastest version of com.imageline.FLM-1.apk is  2.0.1  
Done processing com.imageline.FLM-1.apk
Time Spent:   0 Days 0 Hours 0 Minutes 10 Seconds

============================================================================
5/9 Starting processing com.namcowireless.flightcontrol-1.apk ......
Getting apk info from https://play.google.com/store/apps/details?id=com.namcowireless.flightcontrol ......
Success to get info from Play Store
The lastest version of com.namcowireless.flightcontrol-1.apk is  5.0  
Done processing com.namcowireless.flightcontrol-1.apk
Time Spent:   0 Days 0 Hours 0 Minutes 12 Seconds

============================================================================
6/9 Starting processing com.purplekiwii.mb-1.apk ......
Getting apk info from https://play.google.com/store/apps/details?id=com.purplekiwii.mb ......
Success to get info from Play Store
The lastest version of com.purplekiwii.mb-1.apk is  1.2.1  
Done processing com.purplekiwii.mb-1.apk
Time Spent:   0 Days 0 Hours 0 Minutes 15 Seconds

============================================================================
7/9 Starting processing com.setsnail.daddylonglegs-1.apk ......
Getting apk info from https://play.google.com/store/apps/details?id=com.setsnail.daddylonglegs ......
Success to get info from Play Store
The lastest version of com.setsnail.daddylonglegs-1.apk is  1.1.3  
Done processing com.setsnail.daddylonglegs-1.apk
Time Spent:   0 Days 0 Hours 0 Minutes 17 Seconds

============================================================================
8/9 Starting processing com.subatomicstudios.fieldrunners2-1.apk ......
Getting apk info from https://play.google.com/store/apps/details?id=com.subatomicstudios.fieldrunners2 ......
Success to get info from Play Store
The lastest version of com.subatomicstudios.fieldrunners2-1.apk is  1.3  
Done processing com.subatomicstudios.fieldrunners2-1.apk
Time Spent:   0 Days 0 Hours 0 Minutes 19 Seconds

============================================================================
9/9 Starting processing com.tencent.mtt-1.apk ......
Getting apk info from https://play.google.com/store/apps/details?id=com.tencent.mtt ......
Success to get info from Play Store
The lastest version of com.tencent.mtt-1.apk is  5.5.0.1200  
Done processing com.tencent.mtt-1.apk
Time Spent:   0 Days 0 Hours 0 Minutes 22 Seconds

============================================================================


**************************************************************
All Done
Total Time:   0 Days 0 Hours 0 Minutes 22 Seconds
Result Location:               /home/Git-Apk/code_resource/script_hooks/scan_apk/scan_apk_version/results/AppInfo_2014-12-01-13-35-35.csv
**************************************************************
