Start processing app in list /home/Git-Apk/Updated_list from /home/Git-Apk/Baidu  ......

============================================================================
1/16 Starting processing cn.amazon.mShop.android-1.apk ......
Getting apk info from https://play.google.com/store/apps/details?id=cn.amazon.mShop.android ......
Success to get info from Play Store
The lastest version of cn.amazon.mShop.android-1.apk is  5.2.0  
Done processing cn.amazon.mShop.android-1.apk
Time Spent:   0 Days 0 Hours 0 Minutes 2 Seconds

============================================================================
2/16 Starting processing cn.eclicks.wzsearch-1.apk ......
Getting apk info from https://play.google.com/store/apps/details?id=cn.eclicks.wzsearch ......
Success to get info from Play Store
The lastest version of cn.eclicks.wzsearch-1.apk is  4.3.5  
Done processing cn.eclicks.wzsearch-1.apk
Time Spent:   0 Days 0 Hours 0 Minutes 4 Seconds

============================================================================
3/16 Starting processing cn.ibuka.manga.ui-1.apk ......
Getting apk info from https://play.google.com/store/apps/details?id=cn.ibuka.manga.ui ......
[ERROR] : Cannot find info of cn.ibuka.manga.ui-1.apk on https://play.google.com/store/apps/details?id=cn.ibuka.manga.ui !!!
Done processing cn.ibuka.manga.ui-1.apk
Time Spent:   0 Days 0 Hours 0 Minutes 5 Seconds

============================================================================
4/16 Starting processing com.android.cheyooh-1.apk ......
Getting apk info from https://play.google.com/store/apps/details?id=com.android.cheyooh ......
[ERROR] : Cannot find info of com.android.cheyooh-1.apk on https://play.google.com/store/apps/details?id=com.android.cheyooh !!!
Done processing com.android.cheyooh-1.apk
Time Spent:   0 Days 0 Hours 0 Minutes 6 Seconds

============================================================================
5/16 Starting processing com.androidesk.livewallpaper-1.apk ......
Getting apk info from https://play.google.com/store/apps/details?id=com.androidesk.livewallpaper ......
[ERROR] : Cannot find info of com.androidesk.livewallpaper-1.apk on https://play.google.com/store/apps/details?id=com.androidesk.livewallpaper !!!
Done processing com.androidesk.livewallpaper-1.apk
Time Spent:   0 Days 0 Hours 0 Minutes 7 Seconds

============================================================================
6/16 Starting processing com.app.hero.ui-1.apk ......
Getting apk info from https://play.google.com/store/apps/details?id=com.app.hero.ui ......
Success to get info from Play Store
The lastest version of com.app.hero.ui-1.apk is  4.5.3  
Done processing com.app.hero.ui-1.apk
Time Spent:   0 Days 0 Hours 0 Minutes 9 Seconds

============================================================================
7/16 Starting processing com.chinamworld.bocmbci-1.apk ......
Getting apk info from https://play.google.com/store/apps/details?id=com.chinamworld.bocmbci ......
Success to get info from Play Store
The lastest version of com.chinamworld.bocmbci-1.apk is    Varies with device  
Done processing com.chinamworld.bocmbci-1.apk
Time Spent:   0 Days 0 Hours 0 Minutes 10 Seconds

============================================================================
8/16 Starting processing com.cubic.autohome-1.apk ......
Getting apk info from https://play.google.com/store/apps/details?id=com.cubic.autohome ......
Success to get info from Play Store
The lastest version of com.cubic.autohome-1.apk is  4.3.0  
Done processing com.cubic.autohome-1.apk
Time Spent:   0 Days 0 Hours 0 Minutes 12 Seconds

============================================================================
9/16 Starting processing com.dangdang.buy2-1.apk ......
Getting apk info from https://play.google.com/store/apps/details?id=com.dangdang.buy2 ......
Success to get info from Play Store
The lastest version of com.dangdang.buy2-1.apk is  5.4.1  
Done processing com.dangdang.buy2-1.apk
Time Spent:   0 Days 0 Hours 0 Minutes 14 Seconds

============================================================================
10/16 Starting processing com.esbook.reader-1.apk ......
Getting apk info from https://play.google.com/store/apps/details?id=com.esbook.reader ......
Success to get info from Play Store
The lastest version of com.esbook.reader-1.apk is  1.56  
Done processing com.esbook.reader-1.apk
Time Spent:   0 Days 0 Hours 0 Minutes 15 Seconds

============================================================================
11/16 Starting processing com.lenovo.anyshare-1.apk ......
Getting apk info from https://play.google.com/store/apps/details?id=com.lenovo.anyshare ......
[ERROR] : Cannot find info of com.lenovo.anyshare-1.apk on https://play.google.com/store/apps/details?id=com.lenovo.anyshare !!!
Done processing com.lenovo.anyshare-1.apk
Time Spent:   0 Days 0 Hours 0 Minutes 16 Seconds

============================================================================
12/16 Starting processing com.suning.mobile.ebuy-1.apk ......
Getting apk info from https://play.google.com/store/apps/details?id=com.suning.mobile.ebuy ......
Success to get info from Play Store
The lastest version of com.suning.mobile.ebuy-1.apk is  2.4.0  
Done processing com.suning.mobile.ebuy-1.apk
Time Spent:   0 Days 0 Hours 0 Minutes 18 Seconds

============================================================================
13/16 Starting processing com.uu.uunavi-1.apk ......
Getting apk info from https://play.google.com/store/apps/details?id=com.uu.uunavi ......
Success to get info from Play Store
The lastest version of com.uu.uunavi-1.apk is  2.3.28  
Done processing com.uu.uunavi-1.apk
Time Spent:   0 Days 0 Hours 0 Minutes 20 Seconds

============================================================================
14/16 Starting processing com.ximalaya.ting.android-1.apk ......
Getting apk info from https://play.google.com/store/apps/details?id=com.ximalaya.ting.android ......
[ERROR] : Cannot find info of com.ximalaya.ting.android-1.apk on https://play.google.com/store/apps/details?id=com.ximalaya.ting.android !!!
Done processing com.ximalaya.ting.android-1.apk
Time Spent:   0 Days 0 Hours 0 Minutes 21 Seconds

============================================================================
15/16 Starting processing fm.xiami.main-1.apk ......
Getting apk info from https://play.google.com/store/apps/details?id=fm.xiami.main ......
[ERROR] : Cannot find info of fm.xiami.main-1.apk on https://play.google.com/store/apps/details?id=fm.xiami.main !!!
Done processing fm.xiami.main-1.apk
Time Spent:   0 Days 0 Hours 0 Minutes 22 Seconds

============================================================================
16/16 Starting processing pinkdiary.xiaoxiaotu.com-1.apk ......
Getting apk info from https://play.google.com/store/apps/details?id=pinkdiary.xiaoxiaotu.com ......
[ERROR] : Cannot find info of pinkdiary.xiaoxiaotu.com-1.apk on https://play.google.com/store/apps/details?id=pinkdiary.xiaoxiaotu.com !!!
Done processing pinkdiary.xiaoxiaotu.com-1.apk
Time Spent:   0 Days 0 Hours 0 Minutes 23 Seconds

============================================================================


**************************************************************
All Done
Total Time:   0 Days 0 Hours 0 Minutes 23 Seconds
Result Location:               /home/Git-Apk/code_resource/script_hooks/scan_apk/scan_apk_version/results/AppInfo_2014-11-27-11-55-44.csv
**************************************************************
