Start processing app in list /home/Git-Apk/Updated_list from /home/Git-Apk/All_Apk  ......

============================================================================
1/3 Starting processing com.UCMobile-1.apk ......
Getting apk info from https://play.google.com/store/apps/details?id=com.UCMobile ......
Success to get info from Play Store
The lastest version of com.UCMobile-1.apk is  9.8.9  
Done processing com.UCMobile-1.apk
Time Spent:   0 Days 0 Hours 0 Minutes 3 Seconds

============================================================================
2/3 Starting processing com.UCMobile.intl-1.apk ......
Getting apk info from https://play.google.com/store/apps/details?id=com.UCMobile.intl ......
Success to get info from Play Store
The lastest version of com.UCMobile.intl-1.apk is  9.8.9  
Done processing com.UCMobile.intl-1.apk
Time Spent:   0 Days 0 Hours 0 Minutes 5 Seconds

============================================================================
3/3 Starting processing com.mydream.wifi-1.apk ......
Getting apk info from https://play.google.com/store/apps/details?id=com.mydream.wifi ......
Success to get info from Play Store
The lastest version of com.mydream.wifi-1.apk is  2.0.3  
Done processing com.mydream.wifi-1.apk
Time Spent:   0 Days 0 Hours 0 Minutes 7 Seconds

============================================================================


**************************************************************
All Done
Total Time:   0 Days 0 Hours 0 Minutes 7 Seconds
Result Location:               /srv/www/htdocs/CV2/app/admin/scan_apk_version//results/AppInfo_2014-07-09-13-29-37.csv
**************************************************************
