Start processing app in list /home/Git-Apk/Updated_list from /home/Git-Apk/All_Apk  ......

============================================================================
1/2 Starting processing com.umonistudio.tile-1.apk ......
Getting apk info from https://play.google.com/store/apps/details?id=com.umonistudio.tile ......
Success to get info from Play Store
The lastest version of com.umonistudio.tile-1.apk is  2.6.0  
Done processing com.umonistudio.tile-1.apk
Time Spent:   0 Days 0 Hours 0 Minutes 2 Seconds

============================================================================
2/2 Starting processing com.vividgames.realboxing-1.apk ......
Getting apk info from https://play.google.com/store/apps/details?id=com.vividgames.realboxing ......
Success to get info from Play Store
The lastest version of com.vividgames.realboxing-1.apk is    Varies with device  
Done processing com.vividgames.realboxing-1.apk
Time Spent:   0 Days 0 Hours 0 Minutes 4 Seconds

============================================================================


**************************************************************
All Done
Total Time:   0 Days 0 Hours 0 Minutes 4 Seconds
Result Location:               /srv/www/htdocs/CV2/app/admin/scan_apk_version//results/AppInfo_2014-08-05-12-21-25.csv
**************************************************************
