Start processing app in list /home/Git-Apk/Updated_list from /home/Git-Apk/All_Apk  ......

============================================================================
1/2 Starting processing com.nuomi-1.apk ......
Getting apk info from https://play.google.com/store/apps/details?id=com.nuomi ......
Success to get info from Play Store
The lastest version of com.nuomi-1.apk is  5.5.0  
Done processing com.nuomi-1.apk
Time Spent:   0 Days 0 Hours 0 Minutes 2 Seconds

============================================================================
2/2 Starting processing com.tencent.pao-1.apk ......
Getting apk info from https://play.google.com/store/apps/details?id=com.tencent.pao ......
[ERROR] : Cannot find info of com.tencent.pao-1.apk on https://play.google.com/store/apps/details?id=com.tencent.pao !!!
Done processing com.tencent.pao-1.apk
Time Spent:   0 Days 0 Hours 0 Minutes 3 Seconds

============================================================================


**************************************************************
All Done
Total Time:   0 Days 0 Hours 0 Minutes 3 Seconds
Result Location:               /home/Git-Apk/code_resource/script_hooks/scan_apk/scan_apk_version/results/AppInfo_2014-12-16-12-43-03.csv
**************************************************************
