Start processing app in list /home/Git-Apk/Updated_list from /home/Git-Apk/All_Apk  ......

============================================================================
1/44 Starting processing air.com.gamesys.mobile.slots.jpj-1.apk ......
Getting apk info from https://play.google.com/store/apps/details?id=air.com.gamesys.mobile.slots.jpj ......
Success to get info from Play Store
The lastest version of air.com.gamesys.mobile.slots.jpj-1.apk is  0.12.28  
Done processing air.com.gamesys.mobile.slots.jpj-1.apk
Time Spent:   0 Days 0 Hours 0 Minutes 2 Seconds

============================================================================
2/44 Starting processing air.org.axisentertainment.BabyHazelDentalCare-1.apk ......
Getting apk info from https://play.google.com/store/apps/details?id=air.org.axisentertainment.BabyHazelDentalCare ......
Success to get info from Play Store
The lastest version of air.org.axisentertainment.BabyHazelDentalCare-1.apk is  1  
Done processing air.org.axisentertainment.BabyHazelDentalCare-1.apk
Time Spent:   0 Days 0 Hours 0 Minutes 5 Seconds

============================================================================
3/44 Starting processing br.com.tapps.myboo-1.apk ......
Getting apk info from https://play.google.com/store/apps/details?id=br.com.tapps.myboo ......
Success to get info from Play Store
The lastest version of br.com.tapps.myboo-1.apk is  1.10  
Done processing br.com.tapps.myboo-1.apk
Time Spent:   0 Days 0 Hours 0 Minutes 7 Seconds

============================================================================
4/44 Starting processing codeadore.textgram-1.apk ......
Getting apk info from https://play.google.com/store/apps/details?id=codeadore.textgram ......
Success to get info from Play Store
The lastest version of codeadore.textgram-1.apk is  2.3.8  
Done processing codeadore.textgram-1.apk
Time Spent:   0 Days 0 Hours 0 Minutes 9 Seconds

============================================================================
5/44 Starting processing com.advancedtinylab.thunderracing-1.apk ......
Getting apk info from https://play.google.com/store/apps/details?id=com.advancedtinylab.thunderracing ......
Success to get info from Play Store
The lastest version of com.advancedtinylab.thunderracing-1.apk is  1.3  
Done processing com.advancedtinylab.thunderracing-1.apk
Time Spent:   0 Days 0 Hours 0 Minutes 11 Seconds

============================================================================
6/44 Starting processing com.apparsonsgames.trainsminecraft-1.apk ......
Getting apk info from https://play.google.com/store/apps/details?id=com.apparsonsgames.trainsminecraft ......
Success to get info from Play Store
The lastest version of com.apparsonsgames.trainsminecraft-1.apk is  1.0  
Done processing com.apparsonsgames.trainsminecraft-1.apk
Time Spent:   0 Days 0 Hours 0 Minutes 13 Seconds

============================================================================
7/44 Starting processing com.appheaven.slender.man.game.free-1.apk ......
Getting apk info from https://play.google.com/store/apps/details?id=com.appheaven.slender.man.game.free ......
Success to get info from Play Store
The lastest version of com.appheaven.slender.man.game.free-1.apk is  1.03  
Done processing com.appheaven.slender.man.game.free-1.apk
Time Spent:   0 Days 0 Hours 0 Minutes 15 Seconds

============================================================================
8/44 Starting processing com.avg.cleaner-1.apk ......
Getting apk info from https://play.google.com/store/apps/details?id=com.avg.cleaner ......
Success to get info from Play Store
The lastest version of com.avg.cleaner-1.apk is  2.0.2  
Done processing com.avg.cleaner-1.apk
Time Spent:   0 Days 0 Hours 0 Minutes 17 Seconds

============================================================================
9/44 Starting processing com.crescentmoongames.redline_rush-1.apk ......
Getting apk info from https://play.google.com/store/apps/details?id=com.crescentmoongames.redline_rush ......
Success to get info from Play Store
The lastest version of com.crescentmoongames.redline_rush-1.apk is  1.3.3  
Done processing com.crescentmoongames.redline_rush-1.apk
Time Spent:   0 Days 0 Hours 0 Minutes 19 Seconds

============================================================================
10/44 Starting processing com.delta.mobile.android-1.apk ......
Getting apk info from https://play.google.com/store/apps/details?id=com.delta.mobile.android ......
Success to get info from Play Store
The lastest version of com.delta.mobile.android-1.apk is  2.6.1  
Done processing com.delta.mobile.android-1.apk
Time Spent:   0 Days 0 Hours 0 Minutes 21 Seconds

============================================================================
11/44 Starting processing com.digitalchemy.calculator.freedecimal-1.apk ......
Getting apk info from https://play.google.com/store/apps/details?id=com.digitalchemy.calculator.freedecimal ......
Success to get info from Play Store
The lastest version of com.digitalchemy.calculator.freedecimal-1.apk is    Varies with device  
Done processing com.digitalchemy.calculator.freedecimal-1.apk
Time Spent:   0 Days 0 Hours 0 Minutes 23 Seconds

============================================================================
12/44 Starting processing com.disney.mysingingmuppets.goo-1.apk ......
Getting apk info from https://play.google.com/store/apps/details?id=com.disney.mysingingmuppets.goo ......
Success to get info from Play Store
The lastest version of com.disney.mysingingmuppets.goo-1.apk is  1.1.5  
Done processing com.disney.mysingingmuppets.goo-1.apk
Time Spent:   0 Days 0 Hours 0 Minutes 25 Seconds

============================================================================
13/44 Starting processing com.firsttouchgames.dlsa-1.apk ......
Getting apk info from https://play.google.com/store/apps/details?id=com.firsttouchgames.dlsa ......
Success to get info from Play Store
The lastest version of com.firsttouchgames.dlsa-1.apk is  1.57  
Done processing com.firsttouchgames.dlsa-1.apk
Time Spent:   0 Days 0 Hours 0 Minutes 27 Seconds

============================================================================
14/44 Starting processing com.flynetstudios.fx3-1.apk ......
Getting apk info from https://play.google.com/store/apps/details?id=com.flynetstudios.fx3 ......
Success to get info from Play Store
The lastest version of com.flynetstudios.fx3-1.apk is  1.5  
Done processing com.flynetstudios.fx3-1.apk
Time Spent:   0 Days 0 Hours 0 Minutes 29 Seconds

============================================================================
15/44 Starting processing com.glu.zamf1-1.apk ......
Getting apk info from https://play.google.com/store/apps/details?id=com.glu.zamf1 ......
Success to get info from Play Store
The lastest version of com.glu.zamf1-1.apk is  2.1.1  
Done processing com.glu.zamf1-1.apk
Time Spent:   0 Days 0 Hours 0 Minutes 32 Seconds

============================================================================
16/44 Starting processing com.golubev.twoeleven-1.apk ......
Getting apk info from https://play.google.com/store/apps/details?id=com.golubev.twoeleven ......
Success to get info from Play Store
The lastest version of com.golubev.twoeleven-1.apk is  1.12  
Done processing com.golubev.twoeleven-1.apk
Time Spent:   0 Days 0 Hours 0 Minutes 34 Seconds

============================================================================
17/44 Starting processing com.google.android.apps.adm-1.apk ......
Getting apk info from https://play.google.com/store/apps/details?id=com.google.android.apps.adm ......
Success to get info from Play Store
The lastest version of com.google.android.apps.adm-1.apk is  1.2.12  
Done processing com.google.android.apps.adm-1.apk
Time Spent:   0 Days 0 Hours 0 Minutes 36 Seconds

============================================================================
18/44 Starting processing com.google.android.apps.paidtasks-1.apk ......
Getting apk info from https://play.google.com/store/apps/details?id=com.google.android.apps.paidtasks ......
Success to get info from Play Store
The lastest version of com.google.android.apps.paidtasks-1.apk is  20140521  
Done processing com.google.android.apps.paidtasks-1.apk
Time Spent:   0 Days 0 Hours 0 Minutes 38 Seconds

============================================================================
19/44 Starting processing com.handcent.plugin.emoji-1.apk ......
Getting apk info from https://play.google.com/store/apps/details?id=com.handcent.plugin.emoji ......
Success to get info from Play Store
The lastest version of com.handcent.plugin.emoji-1.apk is  4.2  
Done processing com.handcent.plugin.emoji-1.apk
Time Spent:   0 Days 0 Hours 0 Minutes 40 Seconds

============================================================================
20/44 Starting processing com.healthagen.iTriage-1.apk ......
Getting apk info from https://play.google.com/store/apps/details?id=com.healthagen.iTriage ......
Success to get info from Play Store
The lastest version of com.healthagen.iTriage-1.apk is  5.27  
Done processing com.healthagen.iTriage-1.apk
Time Spent:   0 Days 0 Hours 0 Minutes 42 Seconds

============================================================================
21/44 Starting processing com.intellijoy.android.reading.free-1.apk ......
Getting apk info from https://play.google.com/store/apps/details?id=com.intellijoy.android.reading.free ......
Success to get info from Play Store
The lastest version of com.intellijoy.android.reading.free-1.apk is    Varies with device  
Done processing com.intellijoy.android.reading.free-1.apk
Time Spent:   0 Days 0 Hours 0 Minutes 44 Seconds

============================================================================
22/44 Starting processing com.jnj.mocospace.android-1.apk ......
Getting apk info from https://play.google.com/store/apps/details?id=com.jnj.mocospace.android ......
Success to get info from Play Store
The lastest version of com.jnj.mocospace.android-1.apk is  2.6.29  
Done processing com.jnj.mocospace.android-1.apk
Time Spent:   0 Days 0 Hours 0 Minutes 46 Seconds

============================================================================
23/44 Starting processing com.kiwi.mysteryestate-1.apk ......
Getting apk info from https://play.google.com/store/apps/details?id=com.kiwi.mysteryestate ......
Success to get info from Play Store
The lastest version of com.kiwi.mysteryestate-1.apk is    Varies with device  
Done processing com.kiwi.mysteryestate-1.apk
Time Spent:   0 Days 0 Hours 0 Minutes 48 Seconds

============================================================================
24/44 Starting processing com.kroger.mobile-1.apk ......
Getting apk info from https://play.google.com/store/apps/details?id=com.kroger.mobile ......
Success to get info from Play Store
The lastest version of com.kroger.mobile-1.apk is  9.4.3  
Done processing com.kroger.mobile-1.apk
Time Spent:   0 Days 0 Hours 0 Minutes 50 Seconds

============================================================================
25/44 Starting processing com.linecorp.LGRGS-1.apk ......
Getting apk info from https://play.google.com/store/apps/details?id=com.linecorp.LGRGS ......
Success to get info from Play Store
The lastest version of com.linecorp.LGRGS-1.apk is  1.0.7  
Done processing com.linecorp.LGRGS-1.apk
Time Spent:   0 Days 0 Hours 0 Minutes 52 Seconds

============================================================================
26/44 Starting processing com.metago.astro-1.apk ......
Getting apk info from https://play.google.com/store/apps/details?id=com.metago.astro ......
Success to get info from Play Store
The lastest version of com.metago.astro-1.apk is    Varies with device  
Done processing com.metago.astro-1.apk
Time Spent:   0 Days 0 Hours 0 Minutes 55 Seconds

============================================================================
27/44 Starting processing com.mobogenie.markets-1.apk ......
Getting apk info from https://play.google.com/store/apps/details?id=com.mobogenie.markets ......
Success to get info from Play Store
The lastest version of com.mobogenie.markets-1.apk is  1.1.8.8  
Done processing com.mobogenie.markets-1.apk
Time Spent:   0 Days 0 Hours 0 Minutes 57 Seconds

============================================================================
28/44 Starting processing com.myxer.android-1.apk ......
Getting apk info from https://play.google.com/store/apps/details?id=com.myxer.android ......
Success to get info from Play Store
The lastest version of com.myxer.android-1.apk is  4.0.0  
Done processing com.myxer.android-1.apk
Time Spent:   0 Days 0 Hours 0 Minutes 59 Seconds

============================================================================
29/44 Starting processing com.nianticproject.ingress-1.apk ......
Getting apk info from https://play.google.com/store/apps/details?id=com.nianticproject.ingress ......
Success to get info from Play Store
The lastest version of com.nianticproject.ingress-1.apk is  1.53.3  
Done processing com.nianticproject.ingress-1.apk
Time Spent:   0 Days 0 Hours 1 Minutes 1 Seconds

============================================================================
30/44 Starting processing com.noodlecake.zombieroadtrip-1.apk ......
Getting apk info from https://play.google.com/store/apps/details?id=com.noodlecake.zombieroadtrip ......
Success to get info from Play Store
The lastest version of com.noodlecake.zombieroadtrip-1.apk is  3.10  
Done processing com.noodlecake.zombieroadtrip-1.apk
Time Spent:   0 Days 0 Hours 1 Minutes 3 Seconds

============================================================================
31/44 Starting processing com.okcupid.okcupid-1.apk ......
Getting apk info from https://play.google.com/store/apps/details?id=com.okcupid.okcupid ......
Success to get info from Play Store
The lastest version of com.okcupid.okcupid-1.apk is  3.2.5  
Done processing com.okcupid.okcupid-1.apk
Time Spent:   0 Days 0 Hours 1 Minutes 5 Seconds

============================================================================
32/44 Starting processing com.priceline.android.negotiator-1.apk ......
Getting apk info from https://play.google.com/store/apps/details?id=com.priceline.android.negotiator ......
Success to get info from Play Store
The lastest version of com.priceline.android.negotiator-1.apk is  3.3.31  
Done processing com.priceline.android.negotiator-1.apk
Time Spent:   0 Days 0 Hours 1 Minutes 7 Seconds

============================================================================
33/44 Starting processing com.progimax.airhorn.free-1.apk ......
Getting apk info from https://play.google.com/store/apps/details?id=com.progimax.airhorn.free ......
Success to get info from Play Store
The lastest version of com.progimax.airhorn.free-1.apk is  7.0  
Done processing com.progimax.airhorn.free-1.apk
Time Spent:   0 Days 0 Hours 1 Minutes 10 Seconds

============================================================================
34/44 Starting processing com.rhythmnewmedia.tmz-1.apk ......
Getting apk info from https://play.google.com/store/apps/details?id=com.rhythmnewmedia.tmz ......
Success to get info from Play Store
The lastest version of com.rhythmnewmedia.tmz-1.apk is  1.3.2  
Done processing com.rhythmnewmedia.tmz-1.apk
Time Spent:   0 Days 0 Hours 1 Minutes 14 Seconds

============================================================================
35/44 Starting processing com.sergiobarbara.nightvision.camera-1.apk ......
Getting apk info from https://play.google.com/store/apps/details?id=com.sergiobarbara.nightvision.camera ......
Success to get info from Play Store
The lastest version of com.sergiobarbara.nightvision.camera-1.apk is  9.82  
Done processing com.sergiobarbara.nightvision.camera-1.apk
Time Spent:   0 Days 0 Hours 1 Minutes 17 Seconds

============================================================================
36/44 Starting processing com.studio3wg.police_vs_thief-1.apk ......
Getting apk info from https://play.google.com/store/apps/details?id=com.studio3wg.police_vs_thief ......
Success to get info from Play Store
The lastest version of com.studio3wg.police_vs_thief-1.apk is  1.8  
Done processing com.studio3wg.police_vs_thief-1.apk
Time Spent:   0 Days 0 Hours 1 Minutes 22 Seconds

============================================================================
37/44 Starting processing com.symantec.mobilesecurity-1.apk ......
Getting apk info from https://play.google.com/store/apps/details?id=com.symantec.mobilesecurity ......
Success to get info from Play Store
The lastest version of com.symantec.mobilesecurity-1.apk is  3.8.6.1533  
Done processing com.symantec.mobilesecurity-1.apk
Time Spent:   0 Days 0 Hours 1 Minutes 27 Seconds

============================================================================
38/44 Starting processing com.tappple.followersplus-1.apk ......
Getting apk info from https://play.google.com/store/apps/details?id=com.tappple.followersplus ......
Success to get info from Play Store
The lastest version of com.tappple.followersplus-1.apk is  1.0.9  
Done processing com.tappple.followersplus-1.apk
Time Spent:   0 Days 0 Hours 1 Minutes 31 Seconds

============================================================================
39/44 Starting processing com.tencent.qqgame.hallinstaller.hall-1.apk ......
Getting apk info from https://play.google.com/store/apps/details?id=com.tencent.qqgame.hallinstaller.hall ......
Success to get info from Play Store
The lastest version of com.tencent.qqgame.hallinstaller.hall-1.apk is  1.0  
Done processing com.tencent.qqgame.hallinstaller.hall-1.apk
Time Spent:   0 Days 0 Hours 1 Minutes 35 Seconds

============================================================================
40/44 Starting processing com.theonegames.gunshipbattle-1.apk ......
Getting apk info from https://play.google.com/store/apps/details?id=com.theonegames.gunshipbattle ......
Success to get info from Play Store
The lastest version of com.theonegames.gunshipbattle-1.apk is  1.0.9  
Done processing com.theonegames.gunshipbattle-1.apk
Time Spent:   0 Days 0 Hours 1 Minutes 39 Seconds

============================================================================
41/44 Starting processing com.thunderbull_entertainment.callofdead-1.apk ......
Getting apk info from https://play.google.com/store/apps/details?id=com.thunderbull_entertainment.callofdead ......
Success to get info from Play Store
The lastest version of com.thunderbull_entertainment.callofdead-1.apk is  1.4  
Done processing com.thunderbull_entertainment.callofdead-1.apk
Time Spent:   0 Days 0 Hours 1 Minutes 45 Seconds

============================================================================
42/44 Starting processing com.warnerbros.game300ROE-1.apk ......
Getting apk info from https://play.google.com/store/apps/details?id=com.warnerbros.game300ROE ......
Success to get info from Play Store
The lastest version of com.warnerbros.game300ROE-1.apk is  1.0.0  
Done processing com.warnerbros.game300ROE-1.apk
Time Spent:   0 Days 0 Hours 1 Minutes 49 Seconds

============================================================================
43/44 Starting processing com.worldcraft.mine-1.apk ......
Getting apk info from https://play.google.com/store/apps/details?id=com.worldcraft.mine ......
Success to get info from Play Store
The lastest version of com.worldcraft.mine-1.apk is  1.2  
Done processing com.worldcraft.mine-1.apk
Time Spent:   0 Days 0 Hours 1 Minutes 54 Seconds

============================================================================
44/44 Starting processing com.zynga.gswf-1.apk ......
Getting apk info from https://play.google.com/store/apps/details?id=com.zynga.gswf ......
Success to get info from Play Store
The lastest version of com.zynga.gswf-1.apk is  1.27  
Done processing com.zynga.gswf-1.apk
Time Spent:   0 Days 0 Hours 1 Minutes 58 Seconds

============================================================================


**************************************************************
All Done
Total Time:   0 Days 0 Hours 1 Minutes 58 Seconds
Result Location:               /srv/www/htdocs/CV2/app/admin/scan_apk_version//results/AppInfo_2014-06-09-19-45-55.csv
**************************************************************
