Start processing app in list /home/Git-Apk/Updated_list from /home/Git-Apk/All_Apk  ......

============================================================================
1/18 Starting processing cn.kuwo.player-1.apk ......
Getting apk info from https://play.google.com/store/apps/details?id=cn.kuwo.player ......
Success to get info from Play Store
The lastest version of cn.kuwo.player-1.apk is  6.5.4.0  
Done processing cn.kuwo.player-1.apk
Time Spent:   0 Days 0 Hours 0 Minutes 2 Seconds

============================================================================
2/18 Starting processing com.androidesk-1.apk ......
Getting apk info from https://play.google.com/store/apps/details?id=com.androidesk ......
Success to get info from Play Store
The lastest version of com.androidesk-1.apk is  4.2  
Done processing com.androidesk-1.apk
Time Spent:   0 Days 0 Hours 0 Minutes 4 Seconds

============================================================================
3/18 Starting processing com.baidu.BaiduMap-1.apk ......
Getting apk info from https://play.google.com/store/apps/details?id=com.baidu.BaiduMap ......
Success to get info from Play Store
The lastest version of com.baidu.BaiduMap-1.apk is  7.6.0  
Done processing com.baidu.BaiduMap-1.apk
Time Spent:   0 Days 0 Hours 0 Minutes 6 Seconds

============================================================================
4/18 Starting processing com.duomi.android-1.apk ......
Getting apk info from https://play.google.com/store/apps/details?id=com.duomi.android ......
[ERROR] : Cannot find info of com.duomi.android-1.apk on https://play.google.com/store/apps/details?id=com.duomi.android !!!
Done processing com.duomi.android-1.apk
Time Spent:   0 Days 0 Hours 0 Minutes 7 Seconds

============================================================================
5/18 Starting processing com.funshion.video.mobile-1.apk ......
Getting apk info from https://play.google.com/store/apps/details?id=com.funshion.video.mobile ......
[ERROR] : Cannot find info of com.funshion.video.mobile-1.apk on https://play.google.com/store/apps/details?id=com.funshion.video.mobile !!!
Done processing com.funshion.video.mobile-1.apk
Time Spent:   0 Days 0 Hours 0 Minutes 8 Seconds

============================================================================
6/18 Starting processing com.immomo.momo-1.apk ......
Getting apk info from https://play.google.com/store/apps/details?id=com.immomo.momo ......
Success to get info from Play Store
The lastest version of com.immomo.momo-1.apk is  5.3  
Done processing com.immomo.momo-1.apk
Time Spent:   0 Days 0 Hours 0 Minutes 10 Seconds

============================================================================
7/18 Starting processing com.inxile.BardTale-1.apk ......
Getting apk info from https://play.google.com/store/apps/details?id=com.inxile.BardTale ......
Success to get info from Play Store
The lastest version of com.inxile.BardTale-1.apk is  1.6.2  
Done processing com.inxile.BardTale-1.apk
Time Spent:   0 Days 0 Hours 0 Minutes 12 Seconds

============================================================================
8/18 Starting processing com.pacificinteractive.HouseOfFun-1.apk ......
Getting apk info from https://play.google.com/store/apps/details?id=com.pacificinteractive.HouseOfFun ......
Success to get info from Play Store
The lastest version of com.pacificinteractive.HouseOfFun-1.apk is    Varies with device  
Done processing com.pacificinteractive.HouseOfFun-1.apk
Time Spent:   0 Days 0 Hours 0 Minutes 13 Seconds

============================================================================
9/18 Starting processing com.pplive.androidphone-1.apk ......
Getting apk info from https://play.google.com/store/apps/details?id=com.pplive.androidphone ......
Success to get info from Play Store
The lastest version of com.pplive.androidphone-1.apk is  4.0.7  
Done processing com.pplive.androidphone-1.apk
Time Spent:   0 Days 0 Hours 0 Minutes 15 Seconds

============================================================================
10/18 Starting processing com.shoujiduoduo.ringtone-1.apk ......
Getting apk info from https://play.google.com/store/apps/details?id=com.shoujiduoduo.ringtone ......
[ERROR] : Cannot find info of com.shoujiduoduo.ringtone-1.apk on https://play.google.com/store/apps/details?id=com.shoujiduoduo.ringtone !!!
Done processing com.shoujiduoduo.ringtone-1.apk
Time Spent:   0 Days 0 Hours 0 Minutes 16 Seconds

============================================================================
11/18 Starting processing com.sohu.inputmethod.sogou-1.apk ......
Getting apk info from https://play.google.com/store/apps/details?id=com.sohu.inputmethod.sogou ......
Success to get info from Play Store
The lastest version of com.sohu.inputmethod.sogou-1.apk is  6.1  
Done processing com.sohu.inputmethod.sogou-1.apk
Time Spent:   0 Days 0 Hours 0 Minutes 19 Seconds

============================================================================
12/18 Starting processing com.tap4fun.kings_empire-1.apk ......
Getting apk info from https://play.google.com/store/apps/details?id=com.tap4fun.kings_empire ......
Success to get info from Play Store
The lastest version of com.tap4fun.kings_empire-1.apk is  1.8.6  
Done processing com.tap4fun.kings_empire-1.apk
Time Spent:   0 Days 0 Hours 0 Minutes 23 Seconds

============================================================================
13/18 Starting processing com.teamlava.matchbakery-1.apk ......
Getting apk info from https://play.google.com/store/apps/details?id=com.teamlava.matchbakery ......
Success to get info from Play Store
The lastest version of com.teamlava.matchbakery-1.apk is  1.3.6.9g  
Done processing com.teamlava.matchbakery-1.apk
Time Spent:   0 Days 0 Hours 0 Minutes 27 Seconds

============================================================================
14/18 Starting processing com.tencent.Mtown-1.apk ......
Getting apk info from https://play.google.com/store/apps/details?id=com.tencent.Mtown ......
[ERROR] : Cannot find info of com.tencent.Mtown-1.apk on https://play.google.com/store/apps/details?id=com.tencent.Mtown !!!
Done processing com.tencent.Mtown-1.apk
Time Spent:   0 Days 0 Hours 0 Minutes 28 Seconds

============================================================================
15/18 Starting processing com.tencent.qqmusic-1.apk ......
Getting apk info from https://play.google.com/store/apps/details?id=com.tencent.qqmusic ......
Success to get info from Play Store
The lastest version of com.tencent.qqmusic-1.apk is  4.5.0.25  
Done processing com.tencent.qqmusic-1.apk
Time Spent:   0 Days 0 Hours 0 Minutes 33 Seconds

============================================================================
16/18 Starting processing com.ting.mp3.android-1.apk ......
Getting apk info from https://play.google.com/store/apps/details?id=com.ting.mp3.android ......
[ERROR] : Cannot find info of com.ting.mp3.android-1.apk on https://play.google.com/store/apps/details?id=com.ting.mp3.android !!!
Done processing com.ting.mp3.android-1.apk
Time Spent:   0 Days 0 Hours 0 Minutes 34 Seconds

============================================================================
17/18 Starting processing com.youku.phone-1.apk ......
Getting apk info from https://play.google.com/store/apps/details?id=com.youku.phone ......
Success to get info from Play Store
The lastest version of com.youku.phone-1.apk is  4.3.1  
Done processing com.youku.phone-1.apk
Time Spent:   0 Days 0 Hours 0 Minutes 38 Seconds

============================================================================
18/18 Starting processing tv.pps.mobile-1.apk ......
Getting apk info from https://play.google.com/store/apps/details?id=tv.pps.mobile ......
Success to get info from Play Store
The lastest version of tv.pps.mobile-1.apk is  3.3.0  
Done processing tv.pps.mobile-1.apk
Time Spent:   0 Days 0 Hours 0 Minutes 42 Seconds

============================================================================


**************************************************************
All Done
Total Time:   0 Days 0 Hours 0 Minutes 42 Seconds
Result Location:               /home/Git-Apk/code_resource/script_hooks/scan_apk/scan_apk_version/results/AppInfo_2014-11-11-11-16-54.csv
**************************************************************
