Start processing app in list /share/Git-Apk/Updated_list from /share/Git-Apk/All_Apk  ......

============================================================================
1/2 Starting processing air.com.elextech.happyfarm-1.apk ......
Getting apk info from https://play.google.com/store/apps/details?id=air.com.elextech.happyfarm ......
Success to get info from Play Store
The lastest version of air.com.elextech.happyfarm-1.apk is  2.1.4  
Done processing air.com.elextech.happyfarm-1.apk
Time Spent:   0 Days 0 Hours 0 Minutes 2 Seconds

============================================================================
2/2 Starting processing com.gamevil.fishing.global-1.apk ......
Getting apk info from https://play.google.com/store/apps/details?id=com.gamevil.fishing.global ......
Success to get info from Play Store
The lastest version of com.gamevil.fishing.global-1.apk is  2.1.7  
Done processing com.gamevil.fishing.global-1.apk
Time Spent:   0 Days 0 Hours 0 Minutes 4 Seconds

============================================================================


**************************************************************
All Done
Total Time:   0 Days 0 Hours 0 Minutes 4 Seconds
Result Location:               /srv/www/htdocs/CV2/app/admin/scan_apk_version//results/AppInfo_2014-03-24-21-03-03.csv
**************************************************************
