Start processing app in list /share/Git-Apk/Updated_list from /share/Git-Apk/All_Apk  ......

============================================================================
1/4 Starting processing com.brainium.solitairefree-1.apk ......
Getting apk info from https://play.google.com/store/apps/details?id=com.brainium.solitairefree ......
Success to get info from Play Store
The lastest version of com.brainium.solitairefree-1.apk is  1.3.8  
Done processing com.brainium.solitairefree-1.apk
Time Spent:   0 Days 0 Hours 0 Minutes 3 Seconds

============================================================================
2/4 Starting processing com.ea.game.simpsons4_row-1.apk ......
Getting apk info from https://play.google.com/store/apps/details?id=com.ea.game.simpsons4_row ......
Success to get info from Play Store
The lastest version of com.ea.game.simpsons4_row-1.apk is  4.7.3  
Done processing com.ea.game.simpsons4_row-1.apk
Time Spent:   0 Days 0 Hours 0 Minutes 7 Seconds

============================================================================
3/4 Starting processing com.kingsky.moto3dAndroid-1.apk ......
Getting apk info from https://play.google.com/store/apps/details?id=com.kingsky.moto3dAndroid ......
Success to get info from Play Store
The lastest version of com.kingsky.moto3dAndroid-1.apk is  1.5  
Done processing com.kingsky.moto3dAndroid-1.apk
Time Spent:   0 Days 0 Hours 0 Minutes 10 Seconds

============================================================================
4/4 Starting processing me.pou.app-1.apk ......
Getting apk info from https://play.google.com/store/apps/details?id=me.pou.app ......
Success to get info from Play Store
The lastest version of me.pou.app-1.apk is  1.4.29  
Done processing me.pou.app-1.apk
Time Spent:   0 Days 0 Hours 0 Minutes 14 Seconds

============================================================================


**************************************************************
All Done
Total Time:   0 Days 0 Hours 0 Minutes 14 Seconds
Result Location:               /srv/www/htdocs/CV2/app/admin/scan_apk_version//results/AppInfo_2014-03-07-15-57-12.csv
**************************************************************
