Start processing app in list /share/Git-Apk/Updated_list from /share/Git-Apk/All_Apk  ......

============================================================================
1/4 Starting processing com.android.vending-1.apk ......
Getting apk info from https://play.google.com/store/apps/details?id=com.android.vending ......
[ERROR] : Cannot find info of com.android.vending-1.apk on https://play.google.com/store/apps/details?id=com.android.vending !!!
Done processing com.android.vending-1.apk
Time Spent:   0 Days 0 Hours 0 Minutes 1 Seconds

============================================================================
2/4 Starting processing com.duellogames.TripTrap_Android-1.apk ......
Getting apk info from https://play.google.com/store/apps/details?id=com.duellogames.TripTrap_Android ......
Success to get info from Play Store
The lastest version of com.duellogames.TripTrap_Android-1.apk is    Varies with device  
Done processing com.duellogames.TripTrap_Android-1.apk
Time Spent:   0 Days 0 Hours 0 Minutes 3 Seconds

============================================================================
3/4 Starting processing com.igg.castleclash_tw-1.apk ......
Getting apk info from https://play.google.com/store/apps/details?id=com.igg.castleclash_tw ......
Success to get info from Play Store
The lastest version of com.igg.castleclash_tw-1.apk is  1.2.94  
Done processing com.igg.castleclash_tw-1.apk
Time Spent:   0 Days 0 Hours 0 Minutes 5 Seconds

============================================================================
4/4 Starting processing com.the3d4medical.EssentialAnatomy-1.apk ......
Getting apk info from https://play.google.com/store/apps/details?id=com.the3d4medical.EssentialAnatomy ......
Success to get info from Play Store
The lastest version of com.the3d4medical.EssentialAnatomy-1.apk is  1.0  
Done processing com.the3d4medical.EssentialAnatomy-1.apk
Time Spent:   0 Days 0 Hours 0 Minutes 7 Seconds

============================================================================


**************************************************************
All Done
Total Time:   0 Days 0 Hours 0 Minutes 7 Seconds
Result Location:               /var/www/CV2/app/admin/scan_apk_version//results/AppInfo_2014-05-16-13-40-04.csv
**************************************************************
