Start processing app in list /home/Git-Apk/Updated_list from /home/Git-Apk/All_Apk  ......

============================================================================
1/2 Starting processing air.com.stateofplaygames.kamifree-1.apk ......
Getting apk info from https://play.google.com/store/apps/details?id=air.com.stateofplaygames.kamifree ......
Success to get info from Play Store
The lastest version of air.com.stateofplaygames.kamifree-1.apk is  1.1.2  
Done processing air.com.stateofplaygames.kamifree-1.apk
Time Spent:   0 Days 0 Hours 0 Minutes 2 Seconds

============================================================================
2/2 Starting processing com.hanaskcard.app.touchstamp-1.apk ......
Getting apk info from https://play.google.com/store/apps/details?id=com.hanaskcard.app.touchstamp ......
Success to get info from Play Store
The lastest version of com.hanaskcard.app.touchstamp-1.apk is  3.0.695  
Done processing com.hanaskcard.app.touchstamp-1.apk
Time Spent:   0 Days 0 Hours 0 Minutes 5 Seconds

============================================================================


**************************************************************
All Done
Total Time:   0 Days 0 Hours 0 Minutes 5 Seconds
Result Location:               /srv/www/htdocs/CV2/app/admin/scan_apk_version//results/AppInfo_2014-07-29-16-47-09.csv
**************************************************************
