Start processing app in list /home/Git-Apk/Updated_list from /home/Git-Apk/All_Apk  ......

============================================================================
1/2 Starting processing com.instagram.android-1.apk ......
Getting apk info from https://play.google.com/store/apps/details?id=com.instagram.android ......
Success to get info from Play Store
The lastest version of com.instagram.android-1.apk is    Varies with device  
Done processing com.instagram.android-1.apk
Time Spent:   0 Days 0 Hours 0 Minutes 2 Seconds

============================================================================
2/2 Starting processing com.tencent.castleclash-1.apk ......
Getting apk info from https://play.google.com/store/apps/details?id=com.tencent.castleclash ......
[ERROR] : Cannot find info of com.tencent.castleclash-1.apk on https://play.google.com/store/apps/details?id=com.tencent.castleclash !!!
Done processing com.tencent.castleclash-1.apk
Time Spent:   0 Days 0 Hours 0 Minutes 5 Seconds

============================================================================


**************************************************************
All Done
Total Time:   0 Days 0 Hours 0 Minutes 5 Seconds
Result Location:               /srv/www/htdocs/CV2/app/admin/scan_apk_version//results/AppInfo_2014-07-04-13-04-14.csv
**************************************************************
