Start processing app in list /home/Git-Apk/Updated_list from /home/Git-Apk/All_Apk  ......

============================================================================
1/4 Starting processing com.bamnetworks.mobile.android.gameday.atbat-1.apk ......
Getting apk info from https://play.google.com/store/apps/details?id=com.bamnetworks.mobile.android.gameday.atbat ......
Success to get info from Play Store
The lastest version of com.bamnetworks.mobile.android.gameday.atbat-1.apk is    Varies with device  
Done processing com.bamnetworks.mobile.android.gameday.atbat-1.apk
Time Spent:   0 Days 0 Hours 0 Minutes 2 Seconds

============================================================================
2/4 Starting processing com.com2us.homerunbattle2.normal.freefull.google.cn.android.common-1.apk ......
Getting apk info from https://play.google.com/store/apps/details?id=com.com2us.homerunbattle2.normal.freefull.google.cn.android.common ......
Success to get info from Play Store
The lastest version of com.com2us.homerunbattle2.normal.freefull.google.cn.android.common-1.apk is  1.2.2.0  
Done processing com.com2us.homerunbattle2.normal.freefull.google.cn.android.common-1.apk
Time Spent:   0 Days 0 Hours 0 Minutes 4 Seconds

============================================================================
3/4 Starting processing com.djinnworks.StickmanSoccer2014-1.apk ......
Getting apk info from https://play.google.com/store/apps/details?id=com.djinnworks.StickmanSoccer2014 ......
Success to get info from Play Store
The lastest version of com.djinnworks.StickmanSoccer2014-1.apk is  1.7  
Done processing com.djinnworks.StickmanSoccer2014-1.apk
Time Spent:   0 Days 0 Hours 0 Minutes 6 Seconds

============================================================================
4/4 Starting processing com.gamevil.monster.global-1.apk ......
Getting apk info from https://play.google.com/store/apps/details?id=com.gamevil.monster.global ......
Success to get info from Play Store
The lastest version of com.gamevil.monster.global-1.apk is  1.3.1  
Done processing com.gamevil.monster.global-1.apk
Time Spent:   0 Days 0 Hours 0 Minutes 8 Seconds

============================================================================


**************************************************************
All Done
Total Time:   0 Days 0 Hours 0 Minutes 8 Seconds
Result Location:               /srv/www/htdocs/CV2/app/admin/scan_apk_version//results/AppInfo_2014-08-22-11-02-08.csv
**************************************************************
