Start processing app in list /home/Git-Apk/Updated_list from /home/Git-Apk/All_Apk  ......

============================================================================
1/12 Starting processing air.com.adobe.pstouchphone-1.apk ......
Getting apk info from https://play.google.com/store/apps/details?id=air.com.adobe.pstouchphone ......
Success to get info from Play Store
The lastest version of air.com.adobe.pstouchphone-1.apk is  1.3.6  
Done processing air.com.adobe.pstouchphone-1.apk
Time Spent:   0 Days 0 Hours 0 Minutes 5 Seconds

============================================================================
2/12 Starting processing com.android.vending-1.apk ......
Getting apk info from https://play.google.com/store/apps/details?id=com.android.vending ......
[ERROR] : Cannot find info of com.android.vending-1.apk on https://play.google.com/store/apps/details?id=com.android.vending !!!
Done processing com.android.vending-1.apk
Time Spent:   0 Days 0 Hours 0 Minutes 6 Seconds

============================================================================
3/12 Starting processing com.baidu.video-1.apk ......
Getting apk info from https://play.google.com/store/apps/details?id=com.baidu.video ......
[ERROR] : Cannot find info of com.baidu.video-1.apk on https://play.google.com/store/apps/details?id=com.baidu.video !!!
Done processing com.baidu.video-1.apk
Time Spent:   0 Days 0 Hours 0 Minutes 7 Seconds

============================================================================
4/12 Starting processing com.esbook.reader-1.apk ......
Getting apk info from https://play.google.com/store/apps/details?id=com.esbook.reader ......
Success to get info from Play Store
The lastest version of com.esbook.reader-1.apk is  1.56  
Done processing com.esbook.reader-1.apk
Time Spent:   0 Days 0 Hours 0 Minutes 11 Seconds

============================================================================
5/12 Starting processing com.google.android.music-1.apk ......
Getting apk info from https://play.google.com/store/apps/details?id=com.google.android.music ......
Success to get info from Play Store
The lastest version of com.google.android.music-1.apk is    Varies with device  
Done processing com.google.android.music-1.apk
Time Spent:   0 Days 0 Hours 0 Minutes 16 Seconds

============================================================================
6/12 Starting processing com.mobage.ww.a1903.SWTD_Android-1.apk ......
Getting apk info from https://play.google.com/store/apps/details?id=com.mobage.ww.a1903.SWTD_Android ......
Success to get info from Play Store
The lastest version of com.mobage.ww.a1903.SWTD_Android-1.apk is  1.1.2  
Done processing com.mobage.ww.a1903.SWTD_Android-1.apk
Time Spent:   0 Days 0 Hours 0 Minutes 20 Seconds

============================================================================
7/12 Starting processing com.ninjakiwi.bloonstdbattles-1.apk ......
Getting apk info from https://play.google.com/store/apps/details?id=com.ninjakiwi.bloonstdbattles ......
Success to get info from Play Store
The lastest version of com.ninjakiwi.bloonstdbattles-1.apk is  2.2.0  
Done processing com.ninjakiwi.bloonstdbattles-1.apk
Time Spent:   0 Days 0 Hours 0 Minutes 23 Seconds

============================================================================
8/12 Starting processing com.omgpop.dstpaid-1.apk ......
Getting apk info from https://play.google.com/store/apps/details?id=com.omgpop.dstpaid ......
Success to get info from Play Store
The lastest version of com.omgpop.dstpaid-1.apk is  2.333.305  
Done processing com.omgpop.dstpaid-1.apk
Time Spent:   0 Days 0 Hours 0 Minutes 27 Seconds

============================================================================
9/12 Starting processing com.pixel.gun3d-1.apk ......
Getting apk info from https://play.google.com/store/apps/details?id=com.pixel.gun3d ......
Success to get info from Play Store
The lastest version of com.pixel.gun3d-1.apk is  9.0.4  
Done processing com.pixel.gun3d-1.apk
Time Spent:   0 Days 0 Hours 0 Minutes 31 Seconds

============================================================================
10/12 Starting processing com.rockstargames.gtasa-1.apk ......
Getting apk info from https://play.google.com/store/apps/details?id=com.rockstargames.gtasa ......
Success to get info from Play Store
The lastest version of com.rockstargames.gtasa-1.apk is  1.06  
Done processing com.rockstargames.gtasa-1.apk
Time Spent:   0 Days 0 Hours 0 Minutes 34 Seconds

============================================================================
11/12 Starting processing com.shortbreakstudios.hr-1.apk ......
Getting apk info from https://play.google.com/store/apps/details?id=com.shortbreakstudios.hr ......
Success to get info from Play Store
The lastest version of com.shortbreakstudios.hr-1.apk is    Varies with device  
Done processing com.shortbreakstudios.hr-1.apk
Time Spent:   0 Days 0 Hours 0 Minutes 38 Seconds

============================================================================
12/12 Starting processing com.thup.lunchbox-1.apk ......
Getting apk info from https://play.google.com/store/apps/details?id=com.thup.lunchbox ......
Success to get info from Play Store
The lastest version of com.thup.lunchbox-1.apk is  3.01  
Done processing com.thup.lunchbox-1.apk
Time Spent:   0 Days 0 Hours 0 Minutes 42 Seconds

============================================================================


**************************************************************
All Done
Total Time:   0 Days 0 Hours 0 Minutes 42 Seconds
Result Location:               /home/Git-Apk/code_resource/script_hooks/scan_apk/scan_apk_version/results/AppInfo_2014-12-19-10-45-49.csv
**************************************************************
