Start processing app in list /home/Git-Apk/Updated_list from /home/Git-Apk/All_Apk  ......

============================================================================
1/3 Starting processing air.KuninNikolay.RailwayBridge.Free-1.apk ......
Getting apk info from https://play.google.com/store/apps/details?id=air.KuninNikolay.RailwayBridge.Free ......
Success to get info from Play Store
The lastest version of air.KuninNikolay.RailwayBridge.Free-1.apk is  1.1.31  
Done processing air.KuninNikolay.RailwayBridge.Free-1.apk
Time Spent:   0 Days 0 Hours 0 Minutes 3 Seconds

============================================================================
2/3 Starting processing com.bmmballance-1.apk ......
Getting apk info from https://play.google.com/store/apps/details?id=com.bmmballance ......
Success to get info from Play Store
The lastest version of com.bmmballance-1.apk is  2.5.3  
Done processing com.bmmballance-1.apk
Time Spent:   0 Days 0 Hours 0 Minutes 5 Seconds

============================================================================
3/3 Starting processing com.duellogames.TripTrap_Android-1.apk ......
Getting apk info from https://play.google.com/store/apps/details?id=com.duellogames.TripTrap_Android ......
Success to get info from Play Store
The lastest version of com.duellogames.TripTrap_Android-1.apk is    Varies with device  
Done processing com.duellogames.TripTrap_Android-1.apk
Time Spent:   0 Days 0 Hours 0 Minutes 7 Seconds

============================================================================


**************************************************************
All Done
Total Time:   0 Days 0 Hours 0 Minutes 7 Seconds
Result Location:               /srv/www/htdocs/CV2/app/admin/scan_apk_version//results/AppInfo_2014-05-27-16-28-18.csv
**************************************************************
