Start processing app in list /home/Git-Apk/Updated_list from /home/Git-Apk/All_Apk  ......

============================================================================
1/5 Starting processing air.eti.uzzu.unalis-1.apk ......
Getting apk info from https://play.google.com/store/apps/details?id=air.eti.uzzu.unalis ......
Success to get info from Play Store
The lastest version of air.eti.uzzu.unalis-1.apk is  2.7.0  
Done processing air.eti.uzzu.unalis-1.apk
Time Spent:   0 Days 0 Hours 0 Minutes 1 Seconds

============================================================================
2/5 Starting processing com.duello.TripTrap_Android-1.apk ......
Getting apk info from https://play.google.com/store/apps/details?id=com.duello.TripTrap_Android ......
[ERROR] : Cannot find info of com.duello.TripTrap_Android-1.apk on https://play.google.com/store/apps/details?id=com.duello.TripTrap_Android !!!
Done processing com.duello.TripTrap_Android-1.apk
Time Spent:   0 Days 0 Hours 0 Minutes 3 Seconds

============================================================================
3/5 Starting processing com.evy.guessword-1.apk ......
Getting apk info from https://play.google.com/store/apps/details?id=com.evy.guessword ......
Success to get info from Play Store
The lastest version of com.evy.guessword-1.apk is  3.0.20  
Done processing com.evy.guessword-1.apk
Time Spent:   0 Days 0 Hours 0 Minutes 5 Seconds

============================================================================
4/5 Starting processing com.rao.flyfish.huntfish-1.apk ......
Getting apk info from https://play.google.com/store/apps/details?id=com.rao.flyfish.huntfish ......
Success to get info from Play Store
The lastest version of com.rao.flyfish.huntfish-1.apk is  2.0.3  
Done processing com.rao.flyfish.huntfish-1.apk
Time Spent:   0 Days 0 Hours 0 Minutes 7 Seconds

============================================================================
5/5 Starting processing com.rao.love.yy.zjhmuti-1.apk ......
Getting apk info from https://play.google.com/store/apps/details?id=com.rao.love.yy.zjhmuti ......
Success to get info from Play Store
The lastest version of com.rao.love.yy.zjhmuti-1.apk is  3.0.8  
Done processing com.rao.love.yy.zjhmuti-1.apk
Time Spent:   0 Days 0 Hours 0 Minutes 9 Seconds

============================================================================


**************************************************************
All Done
Total Time:   0 Days 0 Hours 0 Minutes 9 Seconds
Result Location:               /srv/www/htdocs/CV2/app/admin/scan_apk_version//results/AppInfo_2014-07-11-17-51-25.csv
**************************************************************
