Start processing app in list /home/Git-Apk/Updated_list from /home/Git-Apk/All_Apk  ......

============================================================================
1/5 Starting processing com.com2us.acefishing.normal.freefull.google.global.android.common-1.apk ......
Getting apk info from https://play.google.com/store/apps/details?id=com.com2us.acefishing.normal.freefull.google.global.android.common ......
Success to get info from Play Store
The lastest version of com.com2us.acefishing.normal.freefull.google.global.android.common-1.apk is  1.1.9  
Done processing com.com2us.acefishing.normal.freefull.google.global.android.common-1.apk
Time Spent:   0 Days 0 Hours 0 Minutes 3 Seconds

============================================================================
2/5 Starting processing com.linecorp.LGTMTMG-1.apk ......
Getting apk info from https://play.google.com/store/apps/details?id=com.linecorp.LGTMTMG ......
Success to get info from Play Store
The lastest version of com.linecorp.LGTMTMG-1.apk is  1.0.6  
Done processing com.linecorp.LGTMTMG-1.apk
Time Spent:   0 Days 0 Hours 0 Minutes 6 Seconds

============================================================================
3/5 Starting processing com.roadhousegames.carnage-1.apk ......
Getting apk info from https://play.google.com/store/apps/details?id=com.roadhousegames.carnage ......
Success to get info from Play Store
The lastest version of com.roadhousegames.carnage-1.apk is  194492  
Done processing com.roadhousegames.carnage-1.apk
Time Spent:   0 Days 0 Hours 0 Minutes 8 Seconds

============================================================================
4/5 Starting processing com.tencent.mobileqq-1.apk ......
Getting apk info from https://play.google.com/store/apps/details?id=com.tencent.mobileqq ......
Success to get info from Play Store
The lastest version of com.tencent.mobileqq-1.apk is  5.1.0  
Done processing com.tencent.mobileqq-1.apk
Time Spent:   0 Days 0 Hours 0 Minutes 11 Seconds

============================================================================
5/5 Starting processing com.ultimateguitar.tabs-1.apk ......
Getting apk info from https://play.google.com/store/apps/details?id=com.ultimateguitar.tabs ......
Success to get info from Play Store
The lastest version of com.ultimateguitar.tabs-1.apk is    Varies with device  
Done processing com.ultimateguitar.tabs-1.apk
Time Spent:   0 Days 0 Hours 0 Minutes 14 Seconds

============================================================================


**************************************************************
All Done
Total Time:   0 Days 0 Hours 0 Minutes 14 Seconds
Result Location:               /srv/www/htdocs/CV2/app/admin/scan_apk_version//results/AppInfo_2014-09-18-17-12-55.csv
**************************************************************
