Start processing app in list /share/Git-Apk/Updated_list from /share/Git-Apk/All_Apk  ......

============================================================================
1/21 Starting processing com.backflipstudios.android.dragonvale-1.apk ......
Getting apk info from https://play.google.com/store/apps/details?id=com.backflipstudios.android.dragonvale ......
Success to get info from Play Store
The lastest version of com.backflipstudios.android.dragonvale-1.apk is  2.2.4  
Done processing com.backflipstudios.android.dragonvale-1.apk
Time Spent:   0 Days 0 Hours 0 Minutes 3 Seconds

============================================================================
2/21 Starting processing com.chaozh.iReaderFree-1.apk ......
Getting apk info from https://play.google.com/store/apps/details?id=com.chaozh.iReaderFree ......
Success to get info from Play Store
The lastest version of com.chaozh.iReaderFree-1.apk is  1.8.0.1  
Done processing com.chaozh.iReaderFree-1.apk
Time Spent:   0 Days 0 Hours 0 Minutes 5 Seconds

============================================================================
3/21 Starting processing com.chinamobile.cmccwifi-1.apk ......
Getting apk info from https://play.google.com/store/apps/details?id=com.chinamobile.cmccwifi ......
Success to get info from Play Store
The lastest version of com.chinamobile.cmccwifi-1.apk is    Varies with device  
Done processing com.chinamobile.cmccwifi-1.apk
Time Spent:   0 Days 0 Hours 0 Minutes 7 Seconds

============================================================================
4/21 Starting processing com.enflick.android.TextNow-1.apk ......
Getting apk info from https://play.google.com/store/apps/details?id=com.enflick.android.TextNow ......
Success to get info from Play Store
The lastest version of com.enflick.android.TextNow-1.apk is    Varies with device  
Done processing com.enflick.android.TextNow-1.apk
Time Spent:   0 Days 0 Hours 0 Minutes 9 Seconds

============================================================================
5/21 Starting processing com.glu.deerhunt2-1.apk ......
Getting apk info from https://play.google.com/store/apps/details?id=com.glu.deerhunt2 ......
Success to get info from Play Store
The lastest version of com.glu.deerhunt2-1.apk is  2.0.1  
Done processing com.glu.deerhunt2-1.apk
Time Spent:   0 Days 0 Hours 0 Minutes 11 Seconds

============================================================================
6/21 Starting processing com.google.android.inputmethod.pinyin-1.apk ......
Getting apk info from https://play.google.com/store/apps/details?id=com.google.android.inputmethod.pinyin ......
Success to get info from Play Store
The lastest version of com.google.android.inputmethod.pinyin-1.apk is    Varies with device  
Done processing com.google.android.inputmethod.pinyin-1.apk
Time Spent:   0 Days 0 Hours 0 Minutes 13 Seconds

============================================================================
7/21 Starting processing com.google.android.play.games-1.apk ......
Getting apk info from https://play.google.com/store/apps/details?id=com.google.android.play.games ......
Success to get info from Play Store
The lastest version of com.google.android.play.games-1.apk is    Varies with device  
Done processing com.google.android.play.games-1.apk
Time Spent:   0 Days 0 Hours 0 Minutes 15 Seconds

============================================================================
8/21 Starting processing com.google.android.youtube-1.apk ......
Getting apk info from https://play.google.com/store/apps/details?id=com.google.android.youtube ......
Success to get info from Play Store
The lastest version of com.google.android.youtube-1.apk is  5.5.27  
Done processing com.google.android.youtube-1.apk
Time Spent:   0 Days 0 Hours 0 Minutes 17 Seconds

============================================================================
9/21 Starting processing com.kii.safe-1.apk ......
Getting apk info from https://play.google.com/store/apps/details?id=com.kii.safe ......
Success to get info from Play Store
The lastest version of com.kii.safe-1.apk is    Varies with device  
Done processing com.kii.safe-1.apk
Time Spent:   0 Days 0 Hours 0 Minutes 19 Seconds

============================================================================
10/21 Starting processing com.king.candycrushsaga-1.apk ......
Getting apk info from https://play.google.com/store/apps/details?id=com.king.candycrushsaga ......
Success to get info from Play Store
The lastest version of com.king.candycrushsaga-1.apk is    Varies with device  
Done processing com.king.candycrushsaga-1.apk
Time Spent:   0 Days 0 Hours 0 Minutes 21 Seconds

============================================================================
11/21 Starting processing com.miniclip.eightballpool-1.apk ......
Getting apk info from https://play.google.com/store/apps/details?id=com.miniclip.eightballpool ......
Success to get info from Play Store
The lastest version of com.miniclip.eightballpool-1.apk is  2.4.2  
Done processing com.miniclip.eightballpool-1.apk
Time Spent:   0 Days 0 Hours 0 Minutes 23 Seconds

============================================================================
12/21 Starting processing com.sgiggle.production-1.apk ......
Getting apk info from https://play.google.com/store/apps/details?id=com.sgiggle.production ......
Success to get info from Play Store
The lastest version of com.sgiggle.production-1.apk is    Varies with device  
Done processing com.sgiggle.production-1.apk
Time Spent:   0 Days 0 Hours 0 Minutes 26 Seconds

============================================================================
13/21 Starting processing com.storm.smart-1.apk ......
Getting apk info from https://play.google.com/store/apps/details?id=com.storm.smart ......
Success to get info from Play Store
The lastest version of com.storm.smart-1.apk is  3.9.22  
Done processing com.storm.smart-1.apk
Time Spent:   0 Days 0 Hours 0 Minutes 29 Seconds

============================================================================
14/21 Starting processing com.supercell.clashofclans-1.apk ......
Getting apk info from https://play.google.com/store/apps/details?id=com.supercell.clashofclans ......
Success to get info from Play Store
The lastest version of com.supercell.clashofclans-1.apk is  6.56.1  
Done processing com.supercell.clashofclans-1.apk
Time Spent:   0 Days 0 Hours 0 Minutes 31 Seconds

============================================================================
15/21 Starting processing com.tencent.clover-1.apk ......
Getting apk info from https://play.google.com/store/apps/details?id=com.tencent.clover ......
[ERROR] : Cannot find info of com.tencent.clover-1.apk on https://play.google.com/store/apps/details?id=com.tencent.clover !!!
Done processing com.tencent.clover-1.apk
Time Spent:   0 Days 0 Hours 0 Minutes 33 Seconds

============================================================================
16/21 Starting processing com.tencent.feiji-1.apk ......
Getting apk info from https://play.google.com/store/apps/details?id=com.tencent.feiji ......
[ERROR] : Cannot find info of com.tencent.feiji-1.apk on https://play.google.com/store/apps/details?id=com.tencent.feiji !!!
Done processing com.tencent.feiji-1.apk
Time Spent:   0 Days 0 Hours 0 Minutes 34 Seconds

============================================================================
17/21 Starting processing com.tencent.game.SSGame-1.apk ......
Getting apk info from https://play.google.com/store/apps/details?id=com.tencent.game.SSGame ......
[ERROR] : Cannot find info of com.tencent.game.SSGame-1.apk on https://play.google.com/store/apps/details?id=com.tencent.game.SSGame !!!
Done processing com.tencent.game.SSGame-1.apk
Time Spent:   0 Days 0 Hours 0 Minutes 35 Seconds

============================================================================
18/21 Starting processing com.tencent.lian-1.apk ......
Getting apk info from https://play.google.com/store/apps/details?id=com.tencent.lian ......
[ERROR] : Cannot find info of com.tencent.lian-1.apk on https://play.google.com/store/apps/details?id=com.tencent.lian !!!
Done processing com.tencent.lian-1.apk
Time Spent:   0 Days 0 Hours 0 Minutes 36 Seconds

============================================================================
19/21 Starting processing com.tencent.nmrq-1.apk ......
Getting apk info from https://play.google.com/store/apps/details?id=com.tencent.nmrq ......
[ERROR] : Cannot find info of com.tencent.nmrq-1.apk on https://play.google.com/store/apps/details?id=com.tencent.nmrq !!!
Done processing com.tencent.nmrq-1.apk
Time Spent:   0 Days 0 Hours 0 Minutes 38 Seconds

============================================================================
20/21 Starting processing jp.naver.line.android-1.apk ......
Getting apk info from https://play.google.com/store/apps/details?id=jp.naver.line.android ......
Success to get info from Play Store
The lastest version of jp.naver.line.android-1.apk is  4.2.3  
Done processing jp.naver.line.android-1.apk
Time Spent:   0 Days 0 Hours 0 Minutes 41 Seconds

============================================================================
21/21 Starting processing kvp.jjy.MispAndroid320-1.apk ......
Getting apk info from https://play.google.com/store/apps/details?id=kvp.jjy.MispAndroid320 ......
Success to get info from Play Store
The lastest version of kvp.jjy.MispAndroid320-1.apk is  1.5.31  
Done processing kvp.jjy.MispAndroid320-1.apk
Time Spent:   0 Days 0 Hours 0 Minutes 44 Seconds

============================================================================


**************************************************************
All Done
Total Time:   0 Days 0 Hours 0 Minutes 44 Seconds
Result Location:               /srv/www/htdocs/CV2/app/admin/scan_apk_version//results/AppInfo_2014-04-17-14-44-20.csv
**************************************************************
