Start processing app in list /home/Git-Apk/Updated_list from /home/Git-Apk/All_Apk  ......

============================================================================
1/3 Starting processing com.king.candycrushsaga-1.apk ......
Getting apk info from https://play.google.com/store/apps/details?id=com.king.candycrushsaga ......
Success to get info from Play Store
The lastest version of com.king.candycrushsaga-1.apk is  1.37.0  
Done processing com.king.candycrushsaga-1.apk
Time Spent:   0 Days 0 Hours 0 Minutes 5 Seconds

============================================================================
2/3 Starting processing com.namcowireless.flightcontrol-1.apk ......
Getting apk info from https://play.google.com/store/apps/details?id=com.namcowireless.flightcontrol ......
Success to get info from Play Store
The lastest version of com.namcowireless.flightcontrol-1.apk is  5.0  
Done processing com.namcowireless.flightcontrol-1.apk
Time Spent:   0 Days 0 Hours 0 Minutes 10 Seconds

============================================================================
3/3 Starting processing com.tencent.qqmusic-1.apk ......
Getting apk info from https://play.google.com/store/apps/details?id=com.tencent.qqmusic ......
Success to get info from Play Store
The lastest version of com.tencent.qqmusic-1.apk is  4.2.0.19  
Done processing com.tencent.qqmusic-1.apk
Time Spent:   0 Days 0 Hours 0 Minutes 15 Seconds

============================================================================


**************************************************************
All Done
Total Time:   0 Days 0 Hours 0 Minutes 15 Seconds
Result Location:               /srv/www/htdocs/CV2/app/admin/scan_apk_version//results/AppInfo_2014-09-04-09-44-31.csv
**************************************************************
