Start processing app in list /home/Git-Apk/Updated_list from /home/Git-Apk/All_Apk  ......

============================================================================
1/2 Starting processing com.path-1.apk ......
Getting apk info from https://play.google.com/store/apps/details?id=com.path ......
Success to get info from Play Store
The lastest version of com.path-1.apk is    Varies with device  
Done processing com.path-1.apk
Time Spent:   0 Days 0 Hours 0 Minutes 2 Seconds

============================================================================
2/2 Starting processing tv.danmaku.bili-1.apk ......
Getting apk info from https://play.google.com/store/apps/details?id=tv.danmaku.bili ......
Success to get info from Play Store
The lastest version of tv.danmaku.bili-1.apk is  2.9.1  
Done processing tv.danmaku.bili-1.apk
Time Spent:   0 Days 0 Hours 0 Minutes 3 Seconds

============================================================================


**************************************************************
All Done
Total Time:   0 Days 0 Hours 0 Minutes 3 Seconds
Result Location:               /home/Git-Apk/code_resource/script_hooks/scan_apk/scan_apk_version/results/AppInfo_2014-10-24-12-16-22.csv
**************************************************************
