Start processing app in list /share/Git-Apk/Updated_list from /share/Git-Apk/All_Apk  ......

============================================================================
1/88 Starting processing air.au.com.metro.DumbWaysToDie-1.apk ......
Getting apk info from https://play.google.com/store/apps/details?id=air.au.com.metro.DumbWaysToDie ......
Success to get info from Play Store
The lastest version of air.au.com.metro.DumbWaysToDie-1.apk is  1.4.2  
Done processing air.au.com.metro.DumbWaysToDie-1.apk
Time Spent:   0 Days 0 Hours 0 Minutes 4 Seconds

============================================================================
2/88 Starting processing air.com.freshplanet.games.MoviePop-1.apk ......
Getting apk info from https://play.google.com/store/apps/details?id=air.com.freshplanet.games.MoviePop ......
Success to get info from Play Store
The lastest version of air.com.freshplanet.games.MoviePop-1.apk is  1.0.14  
Done processing air.com.freshplanet.games.MoviePop-1.apk
Time Spent:   0 Days 0 Hours 0 Minutes 7 Seconds

============================================================================
3/88 Starting processing air.com.game.winwinslots-1.apk ......
Getting apk info from https://play.google.com/store/apps/details?id=air.com.game.winwinslots ......
Success to get info from Play Store
The lastest version of air.com.game.winwinslots-1.apk is  1.9.1  
Done processing air.com.game.winwinslots-1.apk
Time Spent:   0 Days 0 Hours 0 Minutes 11 Seconds

============================================================================
4/88 Starting processing air.com.goodgamestudios.empirefourkingdoms-1.apk ......
Getting apk info from https://play.google.com/store/apps/details?id=air.com.goodgamestudios.empirefourkingdoms ......
Success to get info from Play Store
The lastest version of air.com.goodgamestudios.empirefourkingdoms-1.apk is  1.2.11  
Done processing air.com.goodgamestudios.empirefourkingdoms-1.apk
Time Spent:   0 Days 0 Hours 0 Minutes 14 Seconds

============================================================================
5/88 Starting processing air.com.playtika.slotomania-1.apk ......
Getting apk info from https://play.google.com/store/apps/details?id=air.com.playtika.slotomania ......
Success to get info from Play Store
The lastest version of air.com.playtika.slotomania-1.apk is    Varies with device  
Done processing air.com.playtika.slotomania-1.apk
Time Spent:   0 Days 0 Hours 0 Minutes 18 Seconds

============================================================================
6/88 Starting processing air.xtremair-1.apk ......
Getting apk info from https://play.google.com/store/apps/details?id=air.xtremair ......
Success to get info from Play Store
The lastest version of air.xtremair-1.apk is  2.1.3  
Done processing air.xtremair-1.apk
Time Spent:   0 Days 0 Hours 0 Minutes 21 Seconds

============================================================================
7/88 Starting processing com.P3D.Pixlgun-1.apk ......
Getting apk info from https://play.google.com/store/apps/details?id=com.P3D.Pixlgun ......
Success to get info from Play Store
The lastest version of com.P3D.Pixlgun-1.apk is    Varies with device  
Done processing com.P3D.Pixlgun-1.apk
Time Spent:   0 Days 0 Hours 0 Minutes 24 Seconds

============================================================================
8/88 Starting processing com.amazon.kindle-1.apk ......
Getting apk info from https://play.google.com/store/apps/details?id=com.amazon.kindle ......
Success to get info from Play Store
The lastest version of com.amazon.kindle-1.apk is    Varies with device  
Done processing com.amazon.kindle-1.apk
Time Spent:   0 Days 0 Hours 0 Minutes 28 Seconds

============================================================================
9/88 Starting processing com.cheerfulinc.flipagram-1.apk ......
Getting apk info from https://play.google.com/store/apps/details?id=com.cheerfulinc.flipagram ......
Success to get info from Play Store
The lastest version of com.cheerfulinc.flipagram-1.apk is  1.91  
Done processing com.cheerfulinc.flipagram-1.apk
Time Spent:   0 Days 0 Hours 0 Minutes 32 Seconds

============================================================================
10/88 Starting processing com.cleanmaster.mguard-1.apk ......
Getting apk info from https://play.google.com/store/apps/details?id=com.cleanmaster.mguard ......
Success to get info from Play Store
The lastest version of com.cleanmaster.mguard-1.apk is    Varies with device  
Done processing com.cleanmaster.mguard-1.apk
Time Spent:   0 Days 0 Hours 0 Minutes 35 Seconds

============================================================================
11/88 Starting processing com.clearchannel.iheartradio.controller-1.apk ......
Getting apk info from https://play.google.com/store/apps/details?id=com.clearchannel.iheartradio.controller ......
Success to get info from Play Store
The lastest version of com.clearchannel.iheartradio.controller-1.apk is    Varies with device  
Done processing com.clearchannel.iheartradio.controller-1.apk
Time Spent:   0 Days 0 Hours 0 Minutes 39 Seconds

============================================================================
12/88 Starting processing com.cnn.mobile.android.phone-1.apk ......
Getting apk info from https://play.google.com/store/apps/details?id=com.cnn.mobile.android.phone ......
Success to get info from Play Store
The lastest version of com.cnn.mobile.android.phone-1.apk is  1.4.2  
Done processing com.cnn.mobile.android.phone-1.apk
Time Spent:   0 Days 0 Hours 0 Minutes 42 Seconds

============================================================================
13/88 Starting processing com.com2us.golfstarworldtour.normal.freefull.google.global.android.common-1.apk ......
Getting apk info from https://play.google.com/store/apps/details?id=com.com2us.golfstarworldtour.normal.freefull.google.global.android.common ......
Success to get info from Play Store
The lastest version of com.com2us.golfstarworldtour.normal.freefull.google.global.android.common-1.apk is  1.7.1  
Done processing com.com2us.golfstarworldtour.normal.freefull.google.global.android.common-1.apk
Time Spent:   0 Days 0 Hours 0 Minutes 47 Seconds

============================================================================
14/88 Starting processing com.com2us.homerunbattle2.normal.freefull.google.cn.android.common-1.apk ......
Getting apk info from https://play.google.com/store/apps/details?id=com.com2us.homerunbattle2.normal.freefull.google.cn.android.common ......
Success to get info from Play Store
The lastest version of com.com2us.homerunbattle2.normal.freefull.google.cn.android.common-1.apk is  1.2.0.0  
Done processing com.com2us.homerunbattle2.normal.freefull.google.cn.android.common-1.apk
Time Spent:   0 Days 0 Hours 0 Minutes 51 Seconds

============================================================================
15/88 Starting processing com.cootek.smartdialer-1.apk ......
Getting apk info from https://play.google.com/store/apps/details?id=com.cootek.smartdialer ......
Success to get info from Play Store
The lastest version of com.cootek.smartdialer-1.apk is  4.8.1.1  
Done processing com.cootek.smartdialer-1.apk
Time Spent:   0 Days 0 Hours 0 Minutes 54 Seconds

============================================================================
16/88 Starting processing com.creativemobile.DragRacing-1.apk ......
Getting apk info from https://play.google.com/store/apps/details?id=com.creativemobile.DragRacing ......
Success to get info from Play Store
The lastest version of com.creativemobile.DragRacing-1.apk is  1.6.13  
Done processing com.creativemobile.DragRacing-1.apk
Time Spent:   0 Days 0 Hours 0 Minutes 58 Seconds

============================================================================
17/88 Starting processing com.degoo.android.washpet-1.apk ......
Getting apk info from https://play.google.com/store/apps/details?id=com.degoo.android.washpet ......
Success to get info from Play Store
The lastest version of com.degoo.android.washpet-1.apk is  1.0.2  
Done processing com.degoo.android.washpet-1.apk
Time Spent:   0 Days 0 Hours 1 Minutes 1 Seconds

============================================================================
18/88 Starting processing com.disney.wheresmywater2_goo-1.apk ......
Getting apk info from https://play.google.com/store/apps/details?id=com.disney.wheresmywater2_goo ......
Success to get info from Play Store
The lastest version of com.disney.wheresmywater2_goo-1.apk is  1.1.0  
Done processing com.disney.wheresmywater2_goo-1.apk
Time Spent:   0 Days 0 Hours 1 Minutes 5 Seconds

============================================================================
19/88 Starting processing com.djinnworks.StickCliffDiving.lite-1.apk ......
Getting apk info from https://play.google.com/store/apps/details?id=com.djinnworks.StickCliffDiving.lite ......
Success to get info from Play Store
The lastest version of com.djinnworks.StickCliffDiving.lite-1.apk is  2.7  
Done processing com.djinnworks.StickCliffDiving.lite-1.apk
Time Spent:   0 Days 0 Hours 1 Minutes 9 Seconds

============================================================================
20/88 Starting processing com.djinnworks.StickmanSkiRacer.free-1.apk ......
Getting apk info from https://play.google.com/store/apps/details?id=com.djinnworks.StickmanSkiRacer.free ......
Success to get info from Play Store
The lastest version of com.djinnworks.StickmanSkiRacer.free-1.apk is  2.1  
Done processing com.djinnworks.StickmanSkiRacer.free-1.apk
Time Spent:   0 Days 0 Hours 1 Minutes 13 Seconds

============================================================================
21/88 Starting processing com.ea.game.pvz2_na-1.apk ......
Getting apk info from https://play.google.com/store/apps/details?id=com.ea.game.pvz2_na ......
Success to get info from Play Store
The lastest version of com.ea.game.pvz2_na-1.apk is  1.8.265164  
Done processing com.ea.game.pvz2_na-1.apk
Time Spent:   0 Days 0 Hours 1 Minutes 17 Seconds

============================================================================
22/88 Starting processing com.ea.game.tetris2011_na-1.apk ......
Getting apk info from https://play.google.com/store/apps/details?id=com.ea.game.tetris2011_na ......
Success to get info from Play Store
The lastest version of com.ea.game.tetris2011_na-1.apk is  1.3.00  
Done processing com.ea.game.tetris2011_na-1.apk
Time Spent:   0 Days 0 Hours 1 Minutes 21 Seconds

============================================================================
23/88 Starting processing com.ea.games.r3_na-1.apk ......
Getting apk info from https://play.google.com/store/apps/details?id=com.ea.games.r3_na ......
Success to get info from Play Store
The lastest version of com.ea.games.r3_na-1.apk is  2.0.2  
Done processing com.ea.games.r3_na-1.apk
Time Spent:   0 Days 0 Hours 1 Minutes 25 Seconds

============================================================================
24/88 Starting processing com.ea.games.r3_row-1.apk ......
Getting apk info from https://play.google.com/store/apps/details?id=com.ea.games.r3_row ......
Success to get info from Play Store
The lastest version of com.ea.games.r3_row-1.apk is  2.0.2  
Done processing com.ea.games.r3_row-1.apk
Time Spent:   0 Days 0 Hours 1 Minutes 27 Seconds

============================================================================
25/88 Starting processing com.ea.games.simsfreeplay_na-1.apk ......
Getting apk info from https://play.google.com/store/apps/details?id=com.ea.games.simsfreeplay_na ......
Success to get info from Play Store
The lastest version of com.ea.games.simsfreeplay_na-1.apk is  2.6.11  
Done processing com.ea.games.simsfreeplay_na-1.apk
Time Spent:   0 Days 0 Hours 1 Minutes 32 Seconds

============================================================================
26/88 Starting processing com.elex.ram-1.apk ......
Getting apk info from https://play.google.com/store/apps/details?id=com.elex.ram ......
Success to get info from Play Store
The lastest version of com.elex.ram-1.apk is  4.1.1  
Done processing com.elex.ram-1.apk
Time Spent:   0 Days 0 Hours 1 Minutes 35 Seconds

============================================================================
27/88 Starting processing com.enflick.android.TextNow-1.apk ......
Getting apk info from https://play.google.com/store/apps/details?id=com.enflick.android.TextNow ......
Success to get info from Play Store
The lastest version of com.enflick.android.TextNow-1.apk is    Varies with device  
Done processing com.enflick.android.TextNow-1.apk
Time Spent:   0 Days 0 Hours 1 Minutes 38 Seconds

============================================================================
28/88 Starting processing com.estrongs.android.pop-1.apk ......
Getting apk info from https://play.google.com/store/apps/details?id=com.estrongs.android.pop ......
Success to get info from Play Store
The lastest version of com.estrongs.android.pop-1.apk is    Varies with device  
Done processing com.estrongs.android.pop-1.apk
Time Spent:   0 Days 0 Hours 1 Minutes 42 Seconds

============================================================================
29/88 Starting processing com.ezjoy.feelingtouch.zombiediary-1.apk ......
Getting apk info from https://play.google.com/store/apps/details?id=com.ezjoy.feelingtouch.zombiediary ......
Success to get info from Play Store
The lastest version of com.ezjoy.feelingtouch.zombiediary-1.apk is  1.2.1  
Done processing com.ezjoy.feelingtouch.zombiediary-1.apk
Time Spent:   0 Days 0 Hours 1 Minutes 46 Seconds

============================================================================
30/88 Starting processing com.facebook.orca-1.apk ......
Getting apk info from https://play.google.com/store/apps/details?id=com.facebook.orca ......
Success to get info from Play Store
The lastest version of com.facebook.orca-1.apk is    Varies with device  
Done processing com.facebook.orca-1.apk
Time Spent:   0 Days 0 Hours 1 Minutes 49 Seconds

============================================================================
31/88 Starting processing com.foranj.farmtown-1.apk ......
Getting apk info from https://play.google.com/store/apps/details?id=com.foranj.farmtown ......
Success to get info from Play Store
The lastest version of com.foranj.farmtown-1.apk is  1.33  
Done processing com.foranj.farmtown-1.apk
Time Spent:   0 Days 0 Hours 1 Minutes 52 Seconds

============================================================================
32/88 Starting processing com.gamecircus.songz-1.apk ......
Getting apk info from https://play.google.com/store/apps/details?id=com.gamecircus.songz ......
Success to get info from Play Store
The lastest version of com.gamecircus.songz-1.apk is    Varies with device  
Done processing com.gamecircus.songz-1.apk
Time Spent:   0 Days 0 Hours 1 Minutes 56 Seconds

============================================================================
33/88 Starting processing com.gamevil.spiritstones.global.free-1.apk ......
Getting apk info from https://play.google.com/store/apps/details?id=com.gamevil.spiritstones.global.free ......
Success to get info from Play Store
The lastest version of com.gamevil.spiritstones.global.free-1.apk is  1.1.2  
Done processing com.gamevil.spiritstones.global.free-1.apk
Time Spent:   0 Days 0 Hours 2 Minutes 0 Seconds

============================================================================
34/88 Starting processing com.glu.deerhunt2-1.apk ......
Getting apk info from https://play.google.com/store/apps/details?id=com.glu.deerhunt2 ......
Success to get info from Play Store
The lastest version of com.glu.deerhunt2-1.apk is  1.2.3  
Done processing com.glu.deerhunt2-1.apk
Time Spent:   0 Days 0 Hours 2 Minutes 4 Seconds

============================================================================
35/88 Starting processing com.good.android.gfe-1.apk ......
Getting apk info from https://play.google.com/store/apps/details?id=com.good.android.gfe ......
Success to get info from Play Store
The lastest version of com.good.android.gfe-1.apk is    Varies with device  
Done processing com.good.android.gfe-1.apk
Time Spent:   0 Days 0 Hours 2 Minutes 8 Seconds

============================================================================
36/88 Starting processing com.google.android.apps.plus-1.apk ......
Getting apk info from https://play.google.com/store/apps/details?id=com.google.android.apps.plus ......
Success to get info from Play Store
The lastest version of com.google.android.apps.plus-1.apk is    Varies with device  
Done processing com.google.android.apps.plus-1.apk
Time Spent:   0 Days 0 Hours 2 Minutes 13 Seconds

============================================================================
37/88 Starting processing com.google.android.marvin.talkback-1.apk ......
Getting apk info from https://play.google.com/store/apps/details?id=com.google.android.marvin.talkback ......
Success to get info from Play Store
The lastest version of com.google.android.marvin.talkback-1.apk is    Varies with device  
Done processing com.google.android.marvin.talkback-1.apk
Time Spent:   0 Days 0 Hours 2 Minutes 16 Seconds

============================================================================
38/88 Starting processing com.google.android.videos-1.apk ......
Getting apk info from https://play.google.com/store/apps/details?id=com.google.android.videos ......
Success to get info from Play Store
The lastest version of com.google.android.videos-1.apk is    Varies with device  
Done processing com.google.android.videos-1.apk
Time Spent:   0 Days 0 Hours 2 Minutes 20 Seconds

============================================================================
39/88 Starting processing com.gotv.nflgamecenter.us.lite-1.apk ......
Getting apk info from https://play.google.com/store/apps/details?id=com.gotv.nflgamecenter.us.lite ......
Success to get info from Play Store
The lastest version of com.gotv.nflgamecenter.us.lite-1.apk is  8.3.1  
Done processing com.gotv.nflgamecenter.us.lite-1.apk
Time Spent:   0 Days 0 Hours 2 Minutes 24 Seconds

============================================================================
40/88 Starting processing com.instagram.android-1.apk ......
Getting apk info from https://play.google.com/store/apps/details?id=com.instagram.android ......
Success to get info from Play Store
The lastest version of com.instagram.android-1.apk is  5.0.2  
Done processing com.instagram.android-1.apk
Time Spent:   0 Days 0 Hours 2 Minutes 27 Seconds

============================================================================
41/88 Starting processing com.jb.gosms-1.apk ......
Getting apk info from https://play.google.com/store/apps/details?id=com.jb.gosms ......
Success to get info from Play Store
The lastest version of com.jb.gosms-1.apk is  5.34  
Done processing com.jb.gosms-1.apk
Time Spent:   0 Days 0 Hours 2 Minutes 31 Seconds

============================================================================
42/88 Starting processing com.kakapo.bingo-1.apk ......
Getting apk info from https://play.google.com/store/apps/details?id=com.kakapo.bingo ......
Success to get info from Play Store
The lastest version of com.kakapo.bingo-1.apk is  1.05  
Done processing com.kakapo.bingo-1.apk
Time Spent:   0 Days 0 Hours 2 Minutes 35 Seconds

============================================================================
43/88 Starting processing com.kakapo.freeslots-1.apk ......
Getting apk info from https://play.google.com/store/apps/details?id=com.kakapo.freeslots ......
Success to get info from Play Store
The lastest version of com.kakapo.freeslots-1.apk is  1.03  
Done processing com.kakapo.freeslots-1.apk
Time Spent:   0 Days 0 Hours 2 Minutes 38 Seconds

============================================================================
44/88 Starting processing com.kii.safe-1.apk ......
Getting apk info from https://play.google.com/store/apps/details?id=com.kii.safe ......
Success to get info from Play Store
The lastest version of com.kii.safe-1.apk is    Varies with device  
Done processing com.kii.safe-1.apk
Time Spent:   0 Days 0 Hours 2 Minutes 41 Seconds

============================================================================
45/88 Starting processing com.kiloo.subwaysurf-1.apk ......
Getting apk info from https://play.google.com/store/apps/details?id=com.kiloo.subwaysurf ......
Success to get info from Play Store
The lastest version of com.kiloo.subwaysurf-1.apk is    Varies with device  
Done processing com.kiloo.subwaysurf-1.apk
Time Spent:   0 Days 0 Hours 2 Minutes 44 Seconds

============================================================================
46/88 Starting processing com.king.candycrushsaga-1.apk ......
Getting apk info from https://play.google.com/store/apps/details?id=com.king.candycrushsaga ......
Success to get info from Play Store
The lastest version of com.king.candycrushsaga-1.apk is    Varies with device  
Done processing com.king.candycrushsaga-1.apk
Time Spent:   0 Days 0 Hours 2 Minutes 48 Seconds

============================================================================
47/88 Starting processing com.king.petrescuesaga-1.apk ......
Getting apk info from https://play.google.com/store/apps/details?id=com.king.petrescuesaga ......
Success to get info from Play Store
The lastest version of com.king.petrescuesaga-1.apk is  1.10.5.0  
Done processing com.king.petrescuesaga-1.apk
Time Spent:   0 Days 0 Hours 2 Minutes 51 Seconds

============================================================================
48/88 Starting processing com.kiwi.westbound-1.apk ......
Getting apk info from https://play.google.com/store/apps/details?id=com.kiwi.westbound ......
Success to get info from Play Store
The lastest version of com.kiwi.westbound-1.apk is    Varies with device  
Done processing com.kiwi.westbound-1.apk
Time Spent:   0 Days 0 Hours 2 Minutes 55 Seconds

============================================================================
49/88 Starting processing com.kongregate.mobile.sheephappens.google-1.apk ......
Getting apk info from https://play.google.com/store/apps/details?id=com.kongregate.mobile.sheephappens.google ......
Success to get info from Play Store
The lastest version of com.kongregate.mobile.sheephappens.google-1.apk is    Varies with device  
Done processing com.kongregate.mobile.sheephappens.google-1.apk
Time Spent:   0 Days 0 Hours 2 Minutes 58 Seconds

============================================================================
50/88 Starting processing com.leftover.CoinDozer-1.apk ......
Getting apk info from https://play.google.com/store/apps/details?id=com.leftover.CoinDozer ......
Success to get info from Play Store
The lastest version of com.leftover.CoinDozer-1.apk is    Varies with device  
Done processing com.leftover.CoinDozer-1.apk
Time Spent:   0 Days 0 Hours 3 Minutes 2 Seconds

============================================================================
51/88 Starting processing com.lookout-1.apk ......
Getting apk info from https://play.google.com/store/apps/details?id=com.lookout ......
Success to get info from Play Store
The lastest version of com.lookout-1.apk is    Varies with device  
Done processing com.lookout-1.apk
Time Spent:   0 Days 0 Hours 3 Minutes 5 Seconds

============================================================================
52/88 Starting processing com.lucasarts.tinydeathstar_goo-1.apk ......
Getting apk info from https://play.google.com/store/apps/details?id=com.lucasarts.tinydeathstar_goo ......
Success to get info from Play Store
The lastest version of com.lucasarts.tinydeathstar_goo-1.apk is  1.2.2  
Done processing com.lucasarts.tinydeathstar_goo-1.apk
Time Spent:   0 Days 0 Hours 3 Minutes 9 Seconds

============================================================================
53/88 Starting processing com.madfingergames.deadtrigger2-1.apk ......
Getting apk info from https://play.google.com/store/apps/details?id=com.madfingergames.deadtrigger2 ......
Success to get info from Play Store
The lastest version of com.madfingergames.deadtrigger2-1.apk is    Varies with device  
Done processing com.madfingergames.deadtrigger2-1.apk
Time Spent:   0 Days 0 Hours 3 Minutes 13 Seconds

============================================================================
54/88 Starting processing com.mapbar.android.mapbarmap-1.apk ......
Getting apk info from https://play.google.com/store/apps/details?id=com.mapbar.android.mapbarmap ......
Success to get info from Play Store
The lastest version of com.mapbar.android.mapbarmap-1.apk is  7.9.3.176469  
Done processing com.mapbar.android.mapbarmap-1.apk
Time Spent:   0 Days 0 Hours 3 Minutes 16 Seconds

============================================================================
55/88 Starting processing com.marvel.avengersalliance_goo-1.apk ......
Getting apk info from https://play.google.com/store/apps/details?id=com.marvel.avengersalliance_goo ......
Success to get info from Play Store
The lastest version of com.marvel.avengersalliance_goo-1.apk is  2.11  
Done processing com.marvel.avengersalliance_goo-1.apk
Time Spent:   0 Days 0 Hours 3 Minutes 19 Seconds

============================================================================
56/88 Starting processing com.midasplayer.apps.bubblewitch-1.apk ......
Getting apk info from https://play.google.com/store/apps/details?id=com.midasplayer.apps.bubblewitch ......
Success to get info from Play Store
The lastest version of com.midasplayer.apps.bubblewitch-1.apk is  3.1.0  
Done processing com.midasplayer.apps.bubblewitch-1.apk
Time Spent:   0 Days 0 Hours 3 Minutes 22 Seconds

============================================================================
57/88 Starting processing com.midasplayer.apps.papapearsaga-1.apk ......
Getting apk info from https://play.google.com/store/apps/details?id=com.midasplayer.apps.papapearsaga ......
Success to get info from Play Store
The lastest version of com.midasplayer.apps.papapearsaga-1.apk is    Varies with device  
Done processing com.midasplayer.apps.papapearsaga-1.apk
Time Spent:   0 Days 0 Hours 3 Minutes 26 Seconds

============================================================================
58/88 Starting processing com.mobage.ww.a759.Blood_Brothers_Android-1.apk ......
Getting apk info from https://play.google.com/store/apps/details?id=com.mobage.ww.a759.Blood_Brothers_Android ......
Success to get info from Play Store
The lastest version of com.mobage.ww.a759.Blood_Brothers_Android-1.apk is  2.0.1.1.0  
Done processing com.mobage.ww.a759.Blood_Brothers_Android-1.apk
Time Spent:   0 Days 0 Hours 3 Minutes 30 Seconds

============================================================================
59/88 Starting processing com.netflix.mediaclient-1.apk ......
Getting apk info from https://play.google.com/store/apps/details?id=com.netflix.mediaclient ......
Success to get info from Play Store
The lastest version of com.netflix.mediaclient-1.apk is  3.1.1  
Done processing com.netflix.mediaclient-1.apk
Time Spent:   0 Days 0 Hours 3 Minutes 33 Seconds

============================================================================
60/88 Starting processing com.outfit7.mytalkingtomfree-1.apk ......
Getting apk info from https://play.google.com/store/apps/details?id=com.outfit7.mytalkingtomfree ......
Success to get info from Play Store
The lastest version of com.outfit7.mytalkingtomfree-1.apk is  1.2.1  
Done processing com.outfit7.mytalkingtomfree-1.apk
Time Spent:   0 Days 0 Hours 3 Minutes 38 Seconds

============================================================================
61/88 Starting processing com.outfit7.talkingtom2free-1.apk ......
Getting apk info from https://play.google.com/store/apps/details?id=com.outfit7.talkingtom2free ......
Success to get info from Play Store
The lastest version of com.outfit7.talkingtom2free-1.apk is    Varies with device  
Done processing com.outfit7.talkingtom2free-1.apk
Time Spent:   0 Days 0 Hours 3 Minutes 42 Seconds

============================================================================
62/88 Starting processing com.real.RealPlayer-1.apk ......
Getting apk info from https://play.google.com/store/apps/details?id=com.real.RealPlayer ......
Success to get info from Play Store
The lastest version of com.real.RealPlayer-1.apk is    Varies with device  
Done processing com.real.RealPlayer-1.apk
Time Spent:   0 Days 0 Hours 3 Minutes 45 Seconds

============================================================================
63/88 Starting processing com.redatoms.mojodroid.kr.gp-1.apk ......
Getting apk info from https://play.google.com/store/apps/details?id=com.redatoms.mojodroid.kr.gp ......
Success to get info from Play Store
The lastest version of com.redatoms.mojodroid.kr.gp-1.apk is  2.0  
Done processing com.redatoms.mojodroid.kr.gp-1.apk
Time Spent:   0 Days 0 Hours 3 Minutes 48 Seconds

============================================================================
64/88 Starting processing com.reliancegames.hgpanemrun-1.apk ......
Getting apk info from https://play.google.com/store/apps/details?id=com.reliancegames.hgpanemrun ......
Success to get info from Play Store
The lastest version of com.reliancegames.hgpanemrun-1.apk is  1.0.16  
Done processing com.reliancegames.hgpanemrun-1.apk
Time Spent:   0 Days 0 Hours 3 Minutes 52 Seconds

============================================================================
65/88 Starting processing com.rovio.BadPiggies-1.apk ......
Getting apk info from https://play.google.com/store/apps/details?id=com.rovio.BadPiggies ......
Success to get info from Play Store
The lastest version of com.rovio.BadPiggies-1.apk is  1.5.2  
Done processing com.rovio.BadPiggies-1.apk
Time Spent:   0 Days 0 Hours 3 Minutes 56 Seconds

============================================================================
66/88 Starting processing com.scopely.skeeball-1.apk ......
Getting apk info from https://play.google.com/store/apps/details?id=com.scopely.skeeball ......
Success to get info from Play Store
The lastest version of com.scopely.skeeball-1.apk is  1.6.1  
Done processing com.scopely.skeeball-1.apk
Time Spent:   0 Days 0 Hours 4 Minutes 0 Seconds

============================================================================
67/88 Starting processing com.skgames.trafficracer-1.apk ......
Getting apk info from https://play.google.com/store/apps/details?id=com.skgames.trafficracer ......
Success to get info from Play Store
The lastest version of com.skgames.trafficracer-1.apk is  1.7  
Done processing com.skgames.trafficracer-1.apk
Time Spent:   0 Days 0 Hours 4 Minutes 3 Seconds

============================================================================
68/88 Starting processing com.smile.gifmaker-1.apk ......
Getting apk info from https://play.google.com/store/apps/details?id=com.smile.gifmaker ......
Success to get info from Play Store
The lastest version of com.smile.gifmaker-1.apk is  3.73  
Done processing com.smile.gifmaker-1.apk
Time Spent:   0 Days 0 Hours 4 Minutes 6 Seconds

============================================================================
69/88 Starting processing com.spotify.mobile.android.ui-1.apk ......
Getting apk info from https://play.google.com/store/apps/details?id=com.spotify.mobile.android.ui ......
Success to get info from Play Store
The lastest version of com.spotify.mobile.android.ui-1.apk is    Varies with device  
Done processing com.spotify.mobile.android.ui-1.apk
Time Spent:   0 Days 0 Hours 4 Minutes 9 Seconds

============================================================================
70/88 Starting processing com.supercell.clashofclans-1.apk ......
Getting apk info from https://play.google.com/store/apps/details?id=com.supercell.clashofclans ......
Success to get info from Play Store
The lastest version of com.supercell.clashofclans-1.apk is  5.113.2  
Done processing com.supercell.clashofclans-1.apk
Time Spent:   0 Days 0 Hours 4 Minutes 12 Seconds

============================================================================
71/88 Starting processing com.supercell.hayday-1.apk ......
Getting apk info from https://play.google.com/store/apps/details?id=com.supercell.hayday ......
Success to get info from Play Store
The lastest version of com.supercell.hayday-1.apk is  1.15.40  
Done processing com.supercell.hayday-1.apk
Time Spent:   0 Days 0 Hours 4 Minutes 16 Seconds

============================================================================
72/88 Starting processing com.tabtale.babycareanddressup-1.apk ......
Getting apk info from https://play.google.com/store/apps/details?id=com.tabtale.babycareanddressup ......
Success to get info from Play Store
The lastest version of com.tabtale.babycareanddressup-1.apk is  1.0.2  
Done processing com.tabtale.babycareanddressup-1.apk
Time Spent:   0 Days 0 Hours 4 Minutes 20 Seconds

============================================================================
73/88 Starting processing com.twitter.android-1.apk ......
Getting apk info from https://play.google.com/store/apps/details?id=com.twitter.android ......
Success to get info from Play Store
The lastest version of com.twitter.android-1.apk is    Varies with device  
Done processing com.twitter.android-1.apk
Time Spent:   0 Days 0 Hours 4 Minutes 23 Seconds

============================================================================
74/88 Starting processing com.usablenet.mobile.walgreen-1.apk ......
Getting apk info from https://play.google.com/store/apps/details?id=com.usablenet.mobile.walgreen ......
Success to get info from Play Store
The lastest version of com.usablenet.mobile.walgreen-1.apk is  4.1.2  
Done processing com.usablenet.mobile.walgreen-1.apk
Time Spent:   0 Days 0 Hours 4 Minutes 27 Seconds

============================================================================
75/88 Starting processing com.walmart.android-1.apk ......
Getting apk info from https://play.google.com/store/apps/details?id=com.walmart.android ......
Success to get info from Play Store
The lastest version of com.walmart.android-1.apk is  1.5.7  
Done processing com.walmart.android-1.apk
Time Spent:   0 Days 0 Hours 4 Minutes 30 Seconds

============================================================================
76/88 Starting processing com.wargames.gd-1.apk ......
Getting apk info from https://play.google.com/store/apps/details?id=com.wargames.gd ......
Success to get info from Play Store
The lastest version of com.wargames.gd-1.apk is  1.1.4  
Done processing com.wargames.gd-1.apk
Time Spent:   0 Days 0 Hours 4 Minutes 33 Seconds

============================================================================
77/88 Starting processing com.wb.goog.injustice-1.apk ......
Getting apk info from https://play.google.com/store/apps/details?id=com.wb.goog.injustice ......
Success to get info from Play Store
The lastest version of com.wb.goog.injustice-1.apk is    Varies with device  
Done processing com.wb.goog.injustice-1.apk
Time Spent:   0 Days 0 Hours 4 Minutes 37 Seconds

============================================================================
78/88 Starting processing com.wizardgames.bg3dGO-1.apk ......
Getting apk info from https://play.google.com/store/apps/details?id=com.wizardgames.bg3dGO ......
Success to get info from Play Store
The lastest version of com.wizardgames.bg3dGO-1.apk is  1.0.9  
Done processing com.wizardgames.bg3dGO-1.apk
Time Spent:   0 Days 0 Hours 4 Minutes 40 Seconds

============================================================================
79/88 Starting processing com.wooga.diamonddash-1.apk ......
Getting apk info from https://play.google.com/store/apps/details?id=com.wooga.diamonddash ......
Success to get info from Play Store
The lastest version of com.wooga.diamonddash-1.apk is    Varies with device  
Done processing com.wooga.diamonddash-1.apk
Time Spent:   0 Days 0 Hours 4 Minutes 43 Seconds

============================================================================
80/88 Starting processing com.wooga.jelly_splash-1.apk ......
Getting apk info from https://play.google.com/store/apps/details?id=com.wooga.jelly_splash ......
Success to get info from Play Store
The lastest version of com.wooga.jelly_splash-1.apk is    Varies with device  
Done processing com.wooga.jelly_splash-1.apk
Time Spent:   0 Days 0 Hours 4 Minutes 47 Seconds

============================================================================
81/88 Starting processing com.yx-1.apk ......
Getting apk info from https://play.google.com/store/apps/details?id=com.yx ......
Success to get info from Play Store
The lastest version of com.yx-1.apk is  2.12.0  
Done processing com.yx-1.apk
Time Spent:   0 Days 0 Hours 4 Minutes 50 Seconds

============================================================================
82/88 Starting processing kvp.jjy.MispAndroid320-1.apk ......
Getting apk info from https://play.google.com/store/apps/details?id=kvp.jjy.MispAndroid320 ......
Success to get info from Play Store
The lastest version of kvp.jjy.MispAndroid320-1.apk is  1.5.24  
Done processing kvp.jjy.MispAndroid320-1.apk
Time Spent:   0 Days 0 Hours 4 Minutes 53 Seconds

============================================================================
83/88 Starting processing me.pou.app-1.apk ......
Getting apk info from https://play.google.com/store/apps/details?id=me.pou.app ......
Success to get info from Play Store
The lastest version of me.pou.app-1.apk is  1.4.20  
Done processing me.pou.app-1.apk
Time Spent:   0 Days 0 Hours 4 Minutes 57 Seconds

============================================================================
84/88 Starting processing net.defensezone.lite-1.apk ......
Getting apk info from https://play.google.com/store/apps/details?id=net.defensezone.lite ......
Success to get info from Play Store
The lastest version of net.defensezone.lite-1.apk is  1.6.6  
Done processing net.defensezone.lite-1.apk
Time Spent:   0 Days 0 Hours 5 Minutes 0 Seconds

============================================================================
85/88 Starting processing no.dirtybit.funrun-1.apk ......
Getting apk info from https://play.google.com/store/apps/details?id=no.dirtybit.funrun ......
Success to get info from Play Store
The lastest version of no.dirtybit.funrun-1.apk is  2.0.1  
Done processing no.dirtybit.funrun-1.apk
Time Spent:   0 Days 0 Hours 5 Minutes 4 Seconds

============================================================================
86/88 Starting processing org.deadbeef.android-1.apk ......
Getting apk info from https://play.google.com/store/apps/details?id=org.deadbeef.android ......
Success to get info from Play Store
The lastest version of org.deadbeef.android-1.apk is  1.21  
Done processing org.deadbeef.android-1.apk
Time Spent:   0 Days 0 Hours 5 Minutes 7 Seconds

============================================================================
87/88 Starting processing ppl.unity.JuiceCubesBeta-1.apk ......
Getting apk info from https://play.google.com/store/apps/details?id=ppl.unity.JuiceCubesBeta ......
Success to get info from Play Store
The lastest version of ppl.unity.JuiceCubesBeta-1.apk is  1.13.06  
Done processing ppl.unity.JuiceCubesBeta-1.apk
Time Spent:   0 Days 0 Hours 5 Minutes 10 Seconds

============================================================================
88/88 Starting processing sts.bc-1.apk ......
Getting apk info from https://play.google.com/store/apps/details?id=sts.bc ......
Success to get info from Play Store
The lastest version of sts.bc-1.apk is  1.0.0.5  
Done processing sts.bc-1.apk
Time Spent:   0 Days 0 Hours 5 Minutes 14 Seconds

============================================================================


**************************************************************
All Done
Total Time:   0 Days 0 Hours 5 Minutes 14 Seconds
Result Location:               /srv/www/htdocs/CV2/app/admin/scan_apk_version//results/AppInfo_2014-01-15-10-22-30.csv
**************************************************************
