Start processing app in list /share/Git-Apk/Updated_list from /share/Git-Apk/All_Apk  ......

============================================================================
1/21 Starting processing com.oceanred.gladiatorbattlecraft3d-1.apk ......
Getting apk info from https://play.google.com/store/apps/details?id=com.oceanred.gladiatorbattlecraft3d ......
Success to get info from Play Store
The lastest version of com.oceanred.gladiatorbattlecraft3d-1.apk is  1.1.3  
Done processing com.oceanred.gladiatorbattlecraft3d-1.apk
Time Spent:   0 Days 0 Hours 0 Minutes 4 Seconds

============================================================================
2/21 Starting processing com.outfit7.talkingangelafree-1.apk ......
Getting apk info from https://play.google.com/store/apps/details?id=com.outfit7.talkingangelafree ......
Success to get info from Play Store
The lastest version of com.outfit7.talkingangelafree-1.apk is    Varies with device  
Done processing com.outfit7.talkingangelafree-1.apk
Time Spent:   0 Days 0 Hours 0 Minutes 7 Seconds

============================================================================
3/21 Starting processing com.outfit7.talkinggingerfree-1.apk ......
Getting apk info from https://play.google.com/store/apps/details?id=com.outfit7.talkinggingerfree ......
Success to get info from Play Store
The lastest version of com.outfit7.talkinggingerfree-1.apk is    Varies with device  
Done processing com.outfit7.talkinggingerfree-1.apk
Time Spent:   0 Days 0 Hours 0 Minutes 10 Seconds

============================================================================
4/21 Starting processing com.outfit7.talkingtom-1.apk ......
Getting apk info from https://play.google.com/store/apps/details?id=com.outfit7.talkingtom ......
Success to get info from Play Store
The lastest version of com.outfit7.talkingtom-1.apk is    Varies with device  
Done processing com.outfit7.talkingtom-1.apk
Time Spent:   0 Days 0 Hours 0 Minutes 14 Seconds

============================================================================
5/21 Starting processing com.pikpok.fkf2.play-1.apk ......
Getting apk info from https://play.google.com/store/apps/details?id=com.pikpok.fkf2.play ......
Success to get info from Play Store
The lastest version of com.pikpok.fkf2.play-1.apk is    Varies with device  
Done processing com.pikpok.fkf2.play-1.apk
Time Spent:   0 Days 0 Hours 0 Minutes 17 Seconds

============================================================================
6/21 Starting processing com.pinger.ppa-1.apk ......
Getting apk info from https://play.google.com/store/apps/details?id=com.pinger.ppa ......
Success to get info from Play Store
The lastest version of com.pinger.ppa-1.apk is  1.4.1  
Done processing com.pinger.ppa-1.apk
Time Spent:   0 Days 0 Hours 0 Minutes 20 Seconds

============================================================================
7/21 Starting processing com.playfirst.playground.cookingdash-1.apk ......
Getting apk info from https://play.google.com/store/apps/details?id=com.playfirst.playground.cookingdash ......
Success to get info from Play Store
The lastest version of com.playfirst.playground.cookingdash-1.apk is  2.23.9  
Done processing com.playfirst.playground.cookingdash-1.apk
Time Spent:   0 Days 0 Hours 0 Minutes 23 Seconds

============================================================================
8/21 Starting processing com.playfirst.playground.dinerdash-1.apk ......
Getting apk info from https://play.google.com/store/apps/details?id=com.playfirst.playground.dinerdash ......
Success to get info from Play Store
The lastest version of com.playfirst.playground.dinerdash-1.apk is  3.30.15  
Done processing com.playfirst.playground.dinerdash-1.apk
Time Spent:   0 Days 0 Hours 0 Minutes 26 Seconds

============================================================================
9/21 Starting processing com.smule.magicpiano-1.apk ......
Getting apk info from https://play.google.com/store/apps/details?id=com.smule.magicpiano ......
Success to get info from Play Store
The lastest version of com.smule.magicpiano-1.apk is  1.3.6  
Done processing com.smule.magicpiano-1.apk
Time Spent:   0 Days 0 Hours 0 Minutes 29 Seconds

============================================================================
10/21 Starting processing com.stac.empire.main-1.apk ......
Getting apk info from https://play.google.com/store/apps/details?id=com.stac.empire.main ......
Success to get info from Play Store
The lastest version of com.stac.empire.main-1.apk is  2.2.25  
Done processing com.stac.empire.main-1.apk
Time Spent:   0 Days 0 Hours 0 Minutes 32 Seconds

============================================================================
11/21 Starting processing com.supersolid.adventuretown-1.apk ......
Getting apk info from https://play.google.com/store/apps/details?id=com.supersolid.adventuretown ......
Success to get info from Play Store
The lastest version of com.supersolid.adventuretown-1.apk is    Varies with device  
Done processing com.supersolid.adventuretown-1.apk
Time Spent:   0 Days 0 Hours 0 Minutes 35 Seconds

============================================================================
12/21 Starting processing com.teamlava.restaurantstory-1.apk ......
Getting apk info from https://play.google.com/store/apps/details?id=com.teamlava.restaurantstory ......
Success to get info from Play Store
The lastest version of com.teamlava.restaurantstory-1.apk is  1.5.5.7.8  
Done processing com.teamlava.restaurantstory-1.apk
Time Spent:   0 Days 0 Hours 0 Minutes 39 Seconds

============================================================================
13/21 Starting processing com.telenav.app.android.scout_us-1.apk ......
Getting apk info from https://play.google.com/store/apps/details?id=com.telenav.app.android.scout_us ......
Success to get info from Play Store
The lastest version of com.telenav.app.android.scout_us-1.apk is  1.7.1.7710086  
Done processing com.telenav.app.android.scout_us-1.apk
Time Spent:   0 Days 0 Hours 0 Minutes 42 Seconds

============================================================================
14/21 Starting processing com.thunderbull_entertainment.ultimateracer-1.apk ......
Getting apk info from https://play.google.com/store/apps/details?id=com.thunderbull_entertainment.ultimateracer ......
Success to get info from Play Store
The lastest version of com.thunderbull_entertainment.ultimateracer-1.apk is  1.9  
Done processing com.thunderbull_entertainment.ultimateracer-1.apk
Time Spent:   0 Days 0 Hours 0 Minutes 46 Seconds

============================================================================
15/21 Starting processing com.timekiller.arrowcraft-1.apk ......
Getting apk info from https://play.google.com/store/apps/details?id=com.timekiller.arrowcraft ......
Success to get info from Play Store
The lastest version of com.timekiller.arrowcraft-1.apk is  38.3201  
Done processing com.timekiller.arrowcraft-1.apk
Time Spent:   0 Days 0 Hours 0 Minutes 49 Seconds

============================================================================
16/21 Starting processing com.waze-1.apk ......
Getting apk info from https://play.google.com/store/apps/details?id=com.waze ......
Success to get info from Play Store
The lastest version of com.waze-1.apk is  3.7.7.0  
Done processing com.waze-1.apk
Time Spent:   0 Days 0 Hours 0 Minutes 52 Seconds

============================================================================
17/21 Starting processing com.zynga.gswf-1.apk ......
Getting apk info from https://play.google.com/store/apps/details?id=com.zynga.gswf ......
Success to get info from Play Store
The lastest version of com.zynga.gswf-1.apk is  1.19  
Done processing com.zynga.gswf-1.apk
Time Spent:   0 Days 0 Hours 0 Minutes 55 Seconds

============================================================================
18/21 Starting processing es.socialpoint.DragonCity-1.apk ......
Getting apk info from https://play.google.com/store/apps/details?id=es.socialpoint.DragonCity ......
Success to get info from Play Store
The lastest version of es.socialpoint.DragonCity-1.apk is  2.3.1  
Done processing es.socialpoint.DragonCity-1.apk
Time Spent:   0 Days 0 Hours 0 Minutes 58 Seconds

============================================================================
19/21 Starting processing jp.gree.modernwar-1.apk ......
Getting apk info from https://play.google.com/store/apps/details?id=jp.gree.modernwar ......
Success to get info from Play Store
The lastest version of jp.gree.modernwar-1.apk is  3.9.2  
Done processing jp.gree.modernwar-1.apk
Time Spent:   0 Days 0 Hours 1 Minutes 1 Seconds

============================================================================
20/21 Starting processing mobi.mgeek.TunnyBrowser-1.apk ......
Getting apk info from https://play.google.com/store/apps/details?id=mobi.mgeek.TunnyBrowser ......
Success to get info from Play Store
The lastest version of mobi.mgeek.TunnyBrowser-1.apk is    Varies with device  
Done processing mobi.mgeek.TunnyBrowser-1.apk
Time Spent:   0 Days 0 Hours 1 Minutes 3 Seconds

============================================================================
21/21 Starting processing net.imcjapan.android.casino-1.apk ......
Getting apk info from https://play.google.com/store/apps/details?id=net.imcjapan.android.casino ......
Success to get info from Play Store
The lastest version of net.imcjapan.android.casino-1.apk is  1.7.31  
Done processing net.imcjapan.android.casino-1.apk
Time Spent:   0 Days 0 Hours 1 Minutes 6 Seconds

============================================================================


**************************************************************
All Done
Total Time:   0 Days 0 Hours 1 Minutes 6 Seconds
Result Location:               /srv/www/htdocs/CV2/app/admin/scan_apk_version//results/AppInfo_2014-01-16-11-16-04.csv
**************************************************************
