Start processing app in list /home/Git-Apk/Updated_list from /home/Git-Apk/All_Apk  ......

============================================================================
1/3 Starting processing apk.list ......
Error ouccus when processing apk.list : Cnnot get apk info by aapt !
============================================================================
1/3 Starting processing com.tt2kgames.xcomeu-1.apk ......
Getting apk info from https://play.google.com/store/apps/details?id=com.tt2kgames.xcomeu ......
Success to get info from Play Store
The lastest version of com.tt2kgames.xcomeu-1.apk is  1.0.0  
Done processing com.tt2kgames.xcomeu-1.apk
Time Spent:   0 Days 0 Hours 0 Minutes 4 Seconds

============================================================================
2/3 Starting processing jp.gree.modernwar-1.apk ......
Getting apk info from https://play.google.com/store/apps/details?id=jp.gree.modernwar ......
Success to get info from Play Store
The lastest version of jp.gree.modernwar-1.apk is  4.1.3  
Done processing jp.gree.modernwar-1.apk
Time Spent:   0 Days 0 Hours 0 Minutes 6 Seconds

============================================================================


**************************************************************
All Done
Total Time:   0 Days 0 Hours 0 Minutes 6 Seconds
Result Location:               /srv/www/htdocs/CV2/app/admin/scan_apk_version//results/AppInfo_2014-06-23-10-40-53.csv
**************************************************************
