Start processing app in list /share/Git-Apk/Updated_list from /share/Git-Apk/All_Apk  ......

============================================================================
1/4 Starting processing com.ninjakiwi.bloonstd5-1.apk ......
Getting apk info from https://play.google.com/store/apps/details?id=com.ninjakiwi.bloonstd5 ......
Success to get info from Play Store
The lastest version of com.ninjakiwi.bloonstd5-1.apk is  2.6.1  
Done processing com.ninjakiwi.bloonstd5-1.apk
Time Spent:   0 Days 0 Hours 0 Minutes 4 Seconds

============================================================================
2/4 Starting processing itembox.crayfish.x-1.apk ......
Getting apk info from https://play.google.com/store/apps/details?id=itembox.crayfish.x ......
Success to get info from Play Store
The lastest version of itembox.crayfish.x-1.apk is  1.26  
Done processing itembox.crayfish.x-1.apk
Time Spent:   0 Days 0 Hours 0 Minutes 8 Seconds

============================================================================
3/4 Starting processing net.zhuoweizhang.mcpelauncher.pro-1.apk ......
Getting apk info from https://play.google.com/store/apps/details?id=net.zhuoweizhang.mcpelauncher.pro ......
Success to get info from Play Store
The lastest version of net.zhuoweizhang.mcpelauncher.pro-1.apk is  1.6.7  
Done processing net.zhuoweizhang.mcpelauncher.pro-1.apk
Time Spent:   0 Days 0 Hours 0 Minutes 12 Seconds

============================================================================
4/4 Starting processing slide.cameraZoom-1.apk ......
Getting apk info from https://play.google.com/store/apps/details?id=slide.cameraZoom ......
Success to get info from Play Store
The lastest version of slide.cameraZoom-1.apk is  5.0.6  
Done processing slide.cameraZoom-1.apk
Time Spent:   0 Days 0 Hours 0 Minutes 17 Seconds

============================================================================


**************************************************************
All Done
Total Time:   0 Days 0 Hours 0 Minutes 17 Seconds
Result Location:               /srv/www/htdocs/CV2/app/admin/scan_apk_version//results/AppInfo_2014-03-21-13-02-54.csv
**************************************************************
