Start processing app in list /home/Git-Apk/Updated_list from /home/Git-Apk/All_Apk  ......

============================================================================
1/3 Starting processing air.com.buffalo_studios.bingorush2-1.apk ......
Getting apk info from https://play.google.com/store/apps/details?id=air.com.buffalo_studios.bingorush2 ......
Success to get info from Play Store
The lastest version of air.com.buffalo_studios.bingorush2-1.apk is  2.16.1  
Done processing air.com.buffalo_studios.bingorush2-1.apk
Time Spent:   0 Days 0 Hours 0 Minutes 3 Seconds

============================================================================
2/3 Starting processing com.google.android.GoogleCamera-1.apk ......
Getting apk info from https://play.google.com/store/apps/details?id=com.google.android.GoogleCamera ......
Success to get info from Play Store
The lastest version of com.google.android.GoogleCamera-1.apk is  2.3.019  
Done processing com.google.android.GoogleCamera-1.apk
Time Spent:   0 Days 0 Hours 0 Minutes 5 Seconds

============================================================================
3/3 Starting processing com.groupon-1.apk ......
Getting apk info from https://play.google.com/store/apps/details?id=com.groupon ......
Success to get info from Play Store
The lastest version of com.groupon-1.apk is    Varies with device  
Done processing com.groupon-1.apk
Time Spent:   0 Days 0 Hours 0 Minutes 9 Seconds

============================================================================


**************************************************************
All Done
Total Time:   0 Days 0 Hours 0 Minutes 9 Seconds
Result Location:               /srv/www/htdocs/CV2/app/admin/scan_apk_version//results/AppInfo_2014-08-25-17-13-46.csv
**************************************************************
