Start processing app in list /share/Git-Apk/Updated_list from /share/Git-Apk/All_Apk  ......

============================================================================
1/2 Starting processing com.nuance.swype.dtc-1.apk ......
Getting apk info from https://play.google.com/store/apps/details?id=com.nuance.swype.dtc ......
Success to get info from Play Store
The lastest version of com.nuance.swype.dtc-1.apk is  1.6.5.23769  
Done processing com.nuance.swype.dtc-1.apk
Time Spent:   0 Days 0 Hours 0 Minutes 4 Seconds

============================================================================
2/2 Starting processing com.ultimateguitar.tabs-1.apk ......
Getting apk info from https://play.google.com/store/apps/details?id=com.ultimateguitar.tabs ......
Success to get info from Play Store
The lastest version of com.ultimateguitar.tabs-1.apk is  2.1.2  
Done processing com.ultimateguitar.tabs-1.apk
Time Spent:   0 Days 0 Hours 0 Minutes 7 Seconds

============================================================================


**************************************************************
All Done
Total Time:   0 Days 0 Hours 0 Minutes 7 Seconds
Result Location:               /srv/www/htdocs/CV2/app/admin/scan_apk_version//results/AppInfo_2014-01-24-15-17-19.csv
**************************************************************
