Start processing app in list /share/Git-Apk/Updated_list from /share/Git-Apk/All_Apk  ......

============================================================================
1/8 Starting processing com.and.games505.TerrariaPaid-1.apk ......
Getting apk info from https://play.google.com/store/apps/details?id=com.and.games505.TerrariaPaid ......
Success to get info from Play Store
The lastest version of com.and.games505.TerrariaPaid-1.apk is  1.1.8  
Done processing com.and.games505.TerrariaPaid-1.apk
Time Spent:   0 Days 0 Hours 0 Minutes 3 Seconds

============================================================================
2/8 Starting processing com.bubblezapgames.supergnes-1.apk ......
Getting apk info from https://play.google.com/store/apps/details?id=com.bubblezapgames.supergnes ......
Success to get info from Play Store
The lastest version of com.bubblezapgames.supergnes-1.apk is    Varies with device  
Done processing com.bubblezapgames.supergnes-1.apk
Time Spent:   0 Days 0 Hours 0 Minutes 5 Seconds

============================================================================
3/8 Starting processing com.dotemu.rtype-1.apk ......
Getting apk info from https://play.google.com/store/apps/details?id=com.dotemu.rtype ......
Success to get info from Play Store
The lastest version of com.dotemu.rtype-1.apk is    Varies with device  
Done processing com.dotemu.rtype-1.apk
Time Spent:   0 Days 0 Hours 0 Minutes 8 Seconds

============================================================================
4/8 Starting processing com.emulator.fpse-1.apk ......
Getting apk info from https://play.google.com/store/apps/details?id=com.emulator.fpse ......
Success to get info from Play Store
The lastest version of com.emulator.fpse-1.apk is  0.11.123  
Done processing com.emulator.fpse-1.apk
Time Spent:   0 Days 0 Hours 0 Minutes 11 Seconds

============================================================================
5/8 Starting processing com.fullfat.android.quarterback13-1.apk ......
Getting apk info from https://play.google.com/store/apps/details?id=com.fullfat.android.quarterback13 ......
Success to get info from Play Store
The lastest version of com.fullfat.android.quarterback13-1.apk is  1.3  
Done processing com.fullfat.android.quarterback13-1.apk
Time Spent:   0 Days 0 Hours 0 Minutes 14 Seconds

============================================================================
6/8 Starting processing com.jumpgames.pacificrim-1.apk ......
Getting apk info from https://play.google.com/store/apps/details?id=com.jumpgames.pacificrim ......
Success to get info from Play Store
The lastest version of com.jumpgames.pacificrim-1.apk is  1.9.1  
Done processing com.jumpgames.pacificrim-1.apk
Time Spent:   0 Days 0 Hours 0 Minutes 17 Seconds

============================================================================
7/8 Starting processing com.melodis.midomiMusicIdentifier-1.apk ......
Getting apk info from https://play.google.com/store/apps/details?id=com.melodis.midomiMusicIdentifier ......
Success to get info from Play Store
The lastest version of com.melodis.midomiMusicIdentifier-1.apk is    Varies with device  
Done processing com.melodis.midomiMusicIdentifier-1.apk
Time Spent:   0 Days 0 Hours 0 Minutes 19 Seconds

============================================================================
8/8 Starting processing com.pastagames.ro1mobile-1.apk ......
Getting apk info from https://play.google.com/store/apps/details?id=com.pastagames.ro1mobile ......
Success to get info from Play Store
The lastest version of com.pastagames.ro1mobile-1.apk is  2.2.0  
Done processing com.pastagames.ro1mobile-1.apk
Time Spent:   0 Days 0 Hours 0 Minutes 22 Seconds

============================================================================


**************************************************************
All Done
Total Time:   0 Days 0 Hours 0 Minutes 22 Seconds
Result Location:               /srv/www/htdocs/CV2/app/admin/scan_apk_version//results/AppInfo_2014-02-21-15-19-31.csv
**************************************************************
