Start processing app in list /share/Git-Apk/Updated_list from /share/Git-Apk/All_Apk  ......

============================================================================
1/3 Starting processing com.apps4stoners.stonertap-1.apk ......
Getting apk info from https://play.google.com/store/apps/details?id=com.apps4stoners.stonertap ......
Success to get info from Play Store
The lastest version of com.apps4stoners.stonertap-1.apk is  1.1.10751  
Done processing com.apps4stoners.stonertap-1.apk
Time Spent:   0 Days 0 Hours 0 Minutes 3 Seconds

============================================================================
2/3 Starting processing com.pplive.androidphone-1.apk ......
Getting apk info from https://play.google.com/store/apps/details?id=com.pplive.androidphone ......
Success to get info from Play Store
The lastest version of com.pplive.androidphone-1.apk is  3.6.0  
Done processing com.pplive.androidphone-1.apk
Time Spent:   0 Days 0 Hours 0 Minutes 8 Seconds

============================================================================
3/3 Starting processing mobi.mgeek.TunnyBrowser-1.apk ......
Getting apk info from https://play.google.com/store/apps/details?id=mobi.mgeek.TunnyBrowser ......
Success to get info from Play Store
The lastest version of mobi.mgeek.TunnyBrowser-1.apk is    Varies with device  
Done processing mobi.mgeek.TunnyBrowser-1.apk
Time Spent:   0 Days 0 Hours 0 Minutes 11 Seconds

============================================================================


**************************************************************
All Done
Total Time:   0 Days 0 Hours 0 Minutes 11 Seconds
Result Location:               /srv/www/htdocs/CV2/app/admin/scan_apk_version//results/AppInfo_2014-03-12-09-59-58.csv
**************************************************************
