Start processing app in list /share/Git-Apk/Updated_list from /share/Git-Apk/All_Apk  ......

============================================================================
1/2 Starting processing com.kiloo.subwaysurf-1.apk ......
Getting apk info from https://play.google.com/store/apps/details?id=com.kiloo.subwaysurf ......
Success to get info from Play Store
The lastest version of com.kiloo.subwaysurf-1.apk is  1.18.0  
Done processing com.kiloo.subwaysurf-1.apk
Time Spent:   0 Days 0 Hours 0 Minutes 3 Seconds

============================================================================
2/2 Starting processing com.yucai.escape.tow-1.apk ......
Getting apk info from https://play.google.com/store/apps/details?id=com.yucai.escape.tow ......
[ERROR] : Cannot find info of com.yucai.escape.tow-1.apk on https://play.google.com/store/apps/details?id=com.yucai.escape.tow !!!
Done processing com.yucai.escape.tow-1.apk
Time Spent:   0 Days 0 Hours 0 Minutes 4 Seconds

============================================================================


**************************************************************
All Done
Total Time:   0 Days 0 Hours 0 Minutes 4 Seconds
Result Location:               /srv/www/htdocs/CV2/app/admin/scan_apk_version//results/AppInfo_2014-02-12-09-54-17.csv
**************************************************************
