Start processing app in list /share/Git-Apk/Updated_list from /share/Git-Apk/All_Apk  ......

============================================================================
1/3 Starting processing com.creativemobile.cod-1.apk ......
Getting apk info from https://play.google.com/store/apps/details?id=com.creativemobile.cod ......
Success to get info from Play Store
The lastest version of com.creativemobile.cod-1.apk is  1.3.9057  
Done processing com.creativemobile.cod-1.apk
Time Spent:   0 Days 0 Hours 0 Minutes 4 Seconds

============================================================================
2/3 Starting processing com.oovoo-1.apk ......
Getting apk info from https://play.google.com/store/apps/details?id=com.oovoo ......
Success to get info from Play Store
The lastest version of com.oovoo-1.apk is  2.0.7  
Done processing com.oovoo-1.apk
Time Spent:   0 Days 0 Hours 0 Minutes 7 Seconds

============================================================================
3/3 Starting processing goldenshorestechnologies.brightestflashlight.free-1.apk ......
Getting apk info from https://play.google.com/store/apps/details?id=goldenshorestechnologies.brightestflashlight.free ......
Success to get info from Play Store
The lastest version of goldenshorestechnologies.brightestflashlight.free-1.apk is  2.4.2  
Done processing goldenshorestechnologies.brightestflashlight.free-1.apk
Time Spent:   0 Days 0 Hours 0 Minutes 10 Seconds

============================================================================


**************************************************************
All Done
Total Time:   0 Days 0 Hours 0 Minutes 10 Seconds
Result Location:               /srv/www/htdocs/CV2/app/admin/scan_apk_version//results/AppInfo_2014-01-22-11-58-15.csv
**************************************************************
