Start processing app in list /home/Git-Apk/Updated_list from /home/Git-Apk/All_Apk  ......

============================================================================
1/2 Starting processing com.baidu.appsearch-1.apk ......
Getting apk info from https://play.google.com/store/apps/details?id=com.baidu.appsearch ......
[ERROR] : Cannot find info of com.baidu.appsearch-1.apk on https://play.google.com/store/apps/details?id=com.baidu.appsearch !!!
Done processing com.baidu.appsearch-1.apk
Time Spent:   0 Days 0 Hours 0 Minutes 1 Seconds

============================================================================
2/2 Starting processing com.tabtale.newbaby-1.apk ......
Getting apk info from https://play.google.com/store/apps/details?id=com.tabtale.newbaby ......
Success to get info from Play Store
The lastest version of com.tabtale.newbaby-1.apk is  1.0.1  
Done processing com.tabtale.newbaby-1.apk
Time Spent:   0 Days 0 Hours 0 Minutes 3 Seconds

============================================================================


**************************************************************
All Done
Total Time:   0 Days 0 Hours 0 Minutes 3 Seconds
Result Location:               /home/Git-Apk/code_resource/script_hooks/scan_apk/scan_apk_version/results/AppInfo_2014-11-07-10-55-28.csv
**************************************************************
