Start processing app in list /home/Git-Apk/Updated_list from /home/Git-Apk/All_Apk  ......

============================================================================
1/3 Starting processing com.halfbrick.ageofzombies-1.apk ......
Getting apk info from https://play.google.com/store/apps/details?id=com.halfbrick.ageofzombies ......
Success to get info from Play Store
The lastest version of com.halfbrick.ageofzombies-1.apk is  1.2.5  
Done processing com.halfbrick.ageofzombies-1.apk
Time Spent:   0 Days 0 Hours 0 Minutes 2 Seconds

============================================================================
2/3 Starting processing com.square_enix.android_googleplay.FFIII_GP-1.apk ......
Getting apk info from https://play.google.com/store/apps/details?id=com.square_enix.android_googleplay.FFIII_GP ......
Success to get info from Play Store
The lastest version of com.square_enix.android_googleplay.FFIII_GP-1.apk is  1.1.0  
Done processing com.square_enix.android_googleplay.FFIII_GP-1.apk
Time Spent:   0 Days 0 Hours 0 Minutes 4 Seconds

============================================================================
3/3 Starting processing net.hexage.radiant-1.apk ......
Getting apk info from https://play.google.com/store/apps/details?id=net.hexage.radiant ......
Success to get info from Play Store
The lastest version of net.hexage.radiant-1.apk is  3.19.0  
Done processing net.hexage.radiant-1.apk
Time Spent:   0 Days 0 Hours 0 Minutes 6 Seconds

============================================================================


**************************************************************
All Done
Total Time:   0 Days 0 Hours 0 Minutes 6 Seconds
Result Location:               /srv/www/htdocs/CV2/app/admin/scan_apk_version//results/AppInfo_2014-09-24-11-44-22.csv
**************************************************************
