Start processing app in list /share/Git-Apk/Updated_list from /share/Git-Apk/All_Apk  ......

============================================================================
1/7 Starting processing com.adobe.reader-1.apk ......
Getting apk info from https://play.google.com/store/apps/details?id=com.adobe.reader ......
Success to get info from Play Store
The lastest version of com.adobe.reader-1.apk is    Varies with device  
Done processing com.adobe.reader-1.apk
Time Spent:   0 Days 0 Hours 0 Minutes 2 Seconds

============================================================================
2/7 Starting processing com.aitype.android.p-1.apk ......
Getting apk info from https://play.google.com/store/apps/details?id=com.aitype.android.p ......
Success to get info from Play Store
The lastest version of com.aitype.android.p-1.apk is  Plus-2.1.0.2  
Done processing com.aitype.android.p-1.apk
Time Spent:   0 Days 0 Hours 0 Minutes 4 Seconds

============================================================================
3/7 Starting processing com.brand.activity-1.apk ......
Getting apk info from https://play.google.com/store/apps/details?id=com.brand.activity ......
Success to get info from Play Store
The lastest version of com.brand.activity-1.apk is  2.3.5  
Done processing com.brand.activity-1.apk
Time Spent:   0 Days 0 Hours 0 Minutes 6 Seconds

============================================================================
4/7 Starting processing com.gtp.nextlauncher-1.apk ......
Getting apk info from https://play.google.com/store/apps/details?id=com.gtp.nextlauncher ......
Success to get info from Play Store
The lastest version of com.gtp.nextlauncher-1.apk is  3.09  
Done processing com.gtp.nextlauncher-1.apk
Time Spent:   0 Days 0 Hours 0 Minutes 8 Seconds

============================================================================
5/7 Starting processing com.picsart.studio-1.apk ......
Getting apk info from https://play.google.com/store/apps/details?id=com.picsart.studio ......
Success to get info from Play Store
The lastest version of com.picsart.studio-1.apk is    Varies with device  
Done processing com.picsart.studio-1.apk
Time Spent:   0 Days 0 Hours 0 Minutes 11 Seconds

============================================================================
6/7 Starting processing com.rovio.angrybirdsstarwarshd.premium.iap-1.apk ......
Getting apk info from https://play.google.com/store/apps/details?id=com.rovio.angrybirdsstarwarshd.premium.iap ......
Success to get info from Play Store
The lastest version of com.rovio.angrybirdsstarwarshd.premium.iap-1.apk is  1.5.2  
Done processing com.rovio.angrybirdsstarwarshd.premium.iap-1.apk
Time Spent:   0 Days 0 Hours 0 Minutes 13 Seconds

============================================================================
7/7 Starting processing com.sonypicturestelevision.wheeloffortune30-1.apk ......
Getting apk info from https://play.google.com/store/apps/details?id=com.sonypicturestelevision.wheeloffortune30 ......
Success to get info from Play Store
The lastest version of com.sonypicturestelevision.wheeloffortune30-1.apk is  1.3.2  
Done processing com.sonypicturestelevision.wheeloffortune30-1.apk
Time Spent:   0 Days 0 Hours 0 Minutes 15 Seconds

============================================================================


**************************************************************
All Done
Total Time:   0 Days 0 Hours 0 Minutes 15 Seconds
Result Location:               /srv/www/htdocs/CV2/app/admin/scan_apk_version//results/AppInfo_2014-04-11-10-21-42.csv
**************************************************************
