Start processing app in list /home/Git-Apk/Updated_list from /home/Git-Apk/All_Apk  ......

============================================================================
1/199 Starting processing air.com.aetnent.history.android.kids.FrontierHeroes-1.apk ......
Error ouccus when processing air.com.aetnent.history.android.kids.FrontierHeroes-1.apk : Cnnot get apk info by aapt !
============================================================================
1/199 Starting processing air.com.differencegames.hosummergardenfree-1.apk ......
Getting apk info from https://play.google.com/store/apps/details?id=air.com.differencegames.hosummergardenfree ......
Success to get info from Play Store
The lastest version of air.com.differencegames.hosummergardenfree-1.apk is  1.0.13  
Done processing air.com.differencegames.hosummergardenfree-1.apk
Time Spent:   0 Days 0 Hours 0 Minutes 3 Seconds

============================================================================
2/199 Starting processing air.com.freshplanet.games.WaM-1.apk ......
Getting apk info from https://play.google.com/store/apps/details?id=air.com.freshplanet.games.WaM ......
Success to get info from Play Store
The lastest version of air.com.freshplanet.games.WaM-1.apk is  1.22.106  
Done processing air.com.freshplanet.games.WaM-1.apk
Time Spent:   0 Days 0 Hours 0 Minutes 6 Seconds

============================================================================
3/199 Starting processing air.com.gamesys.mobile.slots.jpj-1.apk ......
Getting apk info from https://play.google.com/store/apps/details?id=air.com.gamesys.mobile.slots.jpj ......
Success to get info from Play Store
The lastest version of air.com.gamesys.mobile.slots.jpj-1.apk is  0.17.3  
Done processing air.com.gamesys.mobile.slots.jpj-1.apk
Time Spent:   0 Days 0 Hours 0 Minutes 12 Seconds

============================================================================
4/199 Starting processing air.com.ludia.tpirbingo-1.apk ......
Getting apk info from https://play.google.com/store/apps/details?id=air.com.ludia.tpirbingo ......
Success to get info from Play Store
The lastest version of air.com.ludia.tpirbingo-1.apk is  1.12.9  
Done processing air.com.ludia.tpirbingo-1.apk
Time Spent:   0 Days 0 Hours 0 Minutes 15 Seconds

============================================================================
5/199 Starting processing air.com.playtika.slotomania-1.apk ......
Getting apk info from https://play.google.com/store/apps/details?id=air.com.playtika.slotomania ......
Success to get info from Play Store
The lastest version of air.com.playtika.slotomania-1.apk is    Varies with device  
Done processing air.com.playtika.slotomania-1.apk
Time Spent:   0 Days 0 Hours 0 Minutes 18 Seconds

============================================================================
6/199 Starting processing air.com.radialgames.MonsterLovesYou-1.apk ......
Error ouccus when processing air.com.radialgames.MonsterLovesYou-1.apk : Cnnot get apk info by aapt !
============================================================================
6/199 Starting processing air.com.wonderpeople.thiefKitten-1.apk ......
Error ouccus when processing air.com.wonderpeople.thiefKitten-1.apk : Cnnot get apk info by aapt !
============================================================================
6/199 Starting processing air.com.yepi.CrazyBox-1.apk ......
Error ouccus when processing air.com.yepi.CrazyBox-1.apk : Cnnot get apk info by aapt !
============================================================================
6/199 Starting processing air.foxandsheep.pettingzoo-1.apk ......
Error ouccus when processing air.foxandsheep.pettingzoo-1.apk : Cnnot get apk info by aapt !
============================================================================
6/199 Starting processing aiy.lwh.games.mine-1.apk ......
Getting apk info from https://play.google.com/store/apps/details?id=aiy.lwh.games.mine ......
Success to get info from Play Store
The lastest version of aiy.lwh.games.mine-1.apk is  1.12  
Done processing aiy.lwh.games.mine-1.apk
Time Spent:   0 Days 0 Hours 0 Minutes 20 Seconds

============================================================================
7/199 Starting processing ch.feinheit.games.firststrike-1.apk ......
Error ouccus when processing ch.feinheit.games.firststrike-1.apk : Cnnot get apk info by aapt !
============================================================================
7/199 Starting processing com.FDGEntertainment.Blueprint3DHD.gp-1.apk ......
Error ouccus when processing com.FDGEntertainment.Blueprint3DHD.gp-1.apk : Cnnot get apk info by aapt !
============================================================================
7/199 Starting processing com.Manse.PropHunt-1.apk ......
Getting apk info from https://play.google.com/store/apps/details?id=com.Manse.PropHunt ......
Success to get info from Play Store
The lastest version of com.Manse.PropHunt-1.apk is  1.023a  
Done processing com.Manse.PropHunt-1.apk
Time Spent:   0 Days 0 Hours 0 Minutes 23 Seconds

============================================================================
8/199 Starting processing com.Paladog.KorGG-1.apk ......
Error ouccus when processing com.Paladog.KorGG-1.apk : Cnnot get apk info by aapt !
============================================================================
8/199 Starting processing com.PanicEnsuesSoftware.CrashDive-1.apk ......
Error ouccus when processing com.PanicEnsuesSoftware.CrashDive-1.apk : Cnnot get apk info by aapt !
============================================================================
8/199 Starting processing com.SleepNinjaGames.MAMBC-1.apk ......
Error ouccus when processing com.SleepNinjaGames.MAMBC-1.apk : Cnnot get apk info by aapt !
============================================================================
8/199 Starting processing com.aceviral.agr-1.apk ......
Getting apk info from https://play.google.com/store/apps/details?id=com.aceviral.agr ......
Success to get info from Play Store
The lastest version of com.aceviral.agr-1.apk is  1.1.4  
Done processing com.aceviral.agr-1.apk
Time Spent:   0 Days 0 Hours 0 Minutes 27 Seconds

============================================================================
9/199 Starting processing com.acmeaom.android.myradar-1.apk ......
Getting apk info from https://play.google.com/store/apps/details?id=com.acmeaom.android.myradar ......
Success to get info from Play Store
The lastest version of com.acmeaom.android.myradar-1.apk is    Varies with device  
Done processing com.acmeaom.android.myradar-1.apk
Time Spent:   0 Days 0 Hours 0 Minutes 30 Seconds

============================================================================
10/199 Starting processing com.alawar.CruelGames.Full-1.apk ......
Error ouccus when processing com.alawar.CruelGames.Full-1.apk : Cnnot get apk info by aapt !
============================================================================
10/199 Starting processing com.alawar.houseof1000doorspaid-1.apk ......
Error ouccus when processing com.alawar.houseof1000doorspaid-1.apk : Cnnot get apk info by aapt !
============================================================================
10/199 Starting processing com.alawar.lakehousefree-1.apk ......
Error ouccus when processing com.alawar.lakehousefree-1.apk : Cnnot get apk info by aapt !
============================================================================
10/199 Starting processing com.avast.android.mobilesecurity-1.apk ......
Getting apk info from https://play.google.com/store/apps/details?id=com.avast.android.mobilesecurity ......
Success to get info from Play Store
The lastest version of com.avast.android.mobilesecurity-1.apk is  3.0.7801  
Done processing com.avast.android.mobilesecurity-1.apk
Time Spent:   0 Days 0 Hours 0 Minutes 34 Seconds

============================================================================
11/199 Starting processing com.badoo.mobile-1.apk ......
Getting apk info from https://play.google.com/store/apps/details?id=com.badoo.mobile ......
Success to get info from Play Store
The lastest version of com.badoo.mobile-1.apk is    Varies with device  
Done processing com.badoo.mobile-1.apk
Time Spent:   0 Days 0 Hours 0 Minutes 37 Seconds

============================================================================
12/199 Starting processing com.bandsintown-1.apk ......
Error ouccus when processing com.bandsintown-1.apk : Cnnot get apk info by aapt !
============================================================================
12/199 Starting processing com.beavl.kapsula-1.apk ......
Error ouccus when processing com.beavl.kapsula-1.apk : Cnnot get apk info by aapt !
============================================================================
12/199 Starting processing com.berobo.android.scanner-1.apk ......
Getting apk info from https://play.google.com/store/apps/details?id=com.berobo.android.scanner ......
Success to get info from Play Store
The lastest version of com.berobo.android.scanner-1.apk is  12.3  
Done processing com.berobo.android.scanner-1.apk
Time Spent:   0 Days 0 Hours 0 Minutes 40 Seconds

============================================================================
13/199 Starting processing com.beware.stratega-1.apk ......
Error ouccus when processing com.beware.stratega-1.apk : Cnnot get apk info by aapt !
============================================================================
13/199 Starting processing com.bigduckgames.flow-1.apk ......
Getting apk info from https://play.google.com/store/apps/details?id=com.bigduckgames.flow ......
Success to get info from Play Store
The lastest version of com.bigduckgames.flow-1.apk is  2.7  
Done processing com.bigduckgames.flow-1.apk
Time Spent:   0 Days 0 Hours 0 Minutes 44 Seconds

============================================================================
14/199 Starting processing com.bigduckgames.flowbridges-1.apk ......
Getting apk info from https://play.google.com/store/apps/details?id=com.bigduckgames.flowbridges ......
Success to get info from Play Store
The lastest version of com.bigduckgames.flowbridges-1.apk is  1.9  
Done processing com.bigduckgames.flowbridges-1.apk
Time Spent:   0 Days 0 Hours 0 Minutes 47 Seconds

============================================================================
15/199 Starting processing com.bulkypix.lonewolf-1.apk ......
Error ouccus when processing com.bulkypix.lonewolf-1.apk : Cnnot get apk info by aapt !
============================================================================
15/199 Starting processing com.catdaddy.cat22-1.apk ......
Error ouccus when processing com.catdaddy.cat22-1.apk : Cnnot get apk info by aapt !
============================================================================
15/199 Starting processing com.chillingo.bloodstroke.android.ajagplay-1.apk ......
Error ouccus when processing com.chillingo.bloodstroke.android.ajagplay-1.apk : Cnnot get apk info by aapt !
============================================================================
15/199 Starting processing com.cjenm.ModooMarbleKakao-1.apk ......
Error ouccus when processing com.cjenm.ModooMarbleKakao-1.apk : Cnnot get apk info by aapt !
============================================================================
15/199 Starting processing com.cleanmaster.security-1.apk ......
Getting apk info from https://play.google.com/store/apps/details?id=com.cleanmaster.security ......
Success to get info from Play Store
The lastest version of com.cleanmaster.security-1.apk is    Varies with device  
Done processing com.cleanmaster.security-1.apk
Time Spent:   0 Days 0 Hours 0 Minutes 50 Seconds

============================================================================
16/199 Starting processing com.clearchannel.iheartradio.controller-1.apk ......
Getting apk info from https://play.google.com/store/apps/details?id=com.clearchannel.iheartradio.controller ......
Success to get info from Play Store
The lastest version of com.clearchannel.iheartradio.controller-1.apk is    Varies with device  
Done processing com.clearchannel.iheartradio.controller-1.apk
Time Spent:   0 Days 0 Hours 0 Minutes 54 Seconds

============================================================================
17/199 Starting processing com.coa.spartacus-1.apk ......
Error ouccus when processing com.coa.spartacus-1.apk : Cnnot get apk info by aapt !
============================================================================
17/199 Starting processing com.codemasters.cmrally-1.apk ......
Error ouccus when processing com.codemasters.cmrally-1.apk : Cnnot get apk info by aapt !
============================================================================
17/199 Starting processing com.cootek.smartinputv5-1.apk ......
Getting apk info from https://play.google.com/store/apps/details?id=com.cootek.smartinputv5 ......
Success to get info from Play Store
The lastest version of com.cootek.smartinputv5-1.apk is    Varies with device  
Done processing com.cootek.smartinputv5-1.apk
Time Spent:   0 Days 0 Hours 0 Minutes 58 Seconds

============================================================================
18/199 Starting processing com.crazylabs.catvscake-1.apk ......
Error ouccus when processing com.crazylabs.catvscake-1.apk : Cnnot get apk info by aapt !
============================================================================
18/199 Starting processing com.crazylabs.primitives-1.apk ......
Error ouccus when processing com.crazylabs.primitives-1.apk : Cnnot get apk info by aapt !
============================================================================
18/199 Starting processing com.creativemobile.nno-1.apk ......
Getting apk info from https://play.google.com/store/apps/details?id=com.creativemobile.nno ......
Success to get info from Play Store
The lastest version of com.creativemobile.nno-1.apk is  3.2.4  
Done processing com.creativemobile.nno-1.apk
Time Spent:   0 Days 0 Hours 1 Minutes 2 Seconds

============================================================================
19/199 Starting processing com.crescentmoongames.blocky_roads-1.apk ......
Getting apk info from https://play.google.com/store/apps/details?id=com.crescentmoongames.blocky_roads ......
Success to get info from Play Store
The lastest version of com.crescentmoongames.blocky_roads-1.apk is  1.2.2  
Done processing com.crescentmoongames.blocky_roads-1.apk
Time Spent:   0 Days 0 Hours 1 Minutes 6 Seconds

============================================================================
20/199 Starting processing com.crescentmoongames.neonshadow-1.apk ......
Error ouccus when processing com.crescentmoongames.neonshadow-1.apk : Cnnot get apk info by aapt !
============================================================================
20/199 Starting processing com.crimsonpine.stayinline-1.apk ......
Getting apk info from https://play.google.com/store/apps/details?id=com.crimsonpine.stayinline ......
Success to get info from Play Store
The lastest version of com.crimsonpine.stayinline-1.apk is  1.22  
Done processing com.crimsonpine.stayinline-1.apk
Time Spent:   0 Days 0 Hours 1 Minutes 10 Seconds

============================================================================
21/199 Starting processing com.crowdstar.covetfashion-1.apk ......
Getting apk info from https://play.google.com/store/apps/details?id=com.crowdstar.covetfashion ......
Success to get info from Play Store
The lastest version of com.crowdstar.covetfashion-1.apk is  2.14.40  
Done processing com.crowdstar.covetfashion-1.apk
Time Spent:   0 Days 0 Hours 1 Minutes 13 Seconds

============================================================================
22/199 Starting processing com.degoo.android.washpet-1.apk ......
Getting apk info from https://play.google.com/store/apps/details?id=com.degoo.android.washpet ......
Success to get info from Play Store
The lastest version of com.degoo.android.washpet-1.apk is  1.1.8  
Done processing com.degoo.android.washpet-1.apk
Time Spent:   0 Days 0 Hours 1 Minutes 17 Seconds

============================================================================
23/199 Starting processing com.digitalchemy.calculator.freedecimal-1.apk ......
Getting apk info from https://play.google.com/store/apps/details?id=com.digitalchemy.calculator.freedecimal ......
Success to get info from Play Store
The lastest version of com.digitalchemy.calculator.freedecimal-1.apk is  4.8.0  
Done processing com.digitalchemy.calculator.freedecimal-1.apk
Time Spent:   0 Days 0 Hours 1 Minutes 21 Seconds

============================================================================
24/199 Starting processing com.digitalreality.ig2-1.apk ......
Error ouccus when processing com.digitalreality.ig2-1.apk : Cnnot get apk info by aapt !
============================================================================
24/199 Starting processing com.disney.frozensaga_goo-1.apk ......
Getting apk info from https://play.google.com/store/apps/details?id=com.disney.frozensaga_goo ......
Success to get info from Play Store
The lastest version of com.disney.frozensaga_goo-1.apk is  1.8.0  
Done processing com.disney.frozensaga_goo-1.apk
Time Spent:   0 Days 0 Hours 1 Minutes 25 Seconds

============================================================================
25/199 Starting processing com.disney.grandprixxd.goo-1.apk ......
Error ouccus when processing com.disney.grandprixxd.goo-1.apk : Cnnot get apk info by aapt !
============================================================================
25/199 Starting processing com.disney.gravityfallsmysteryshackattack_goo-1.apk ......
Error ouccus when processing com.disney.gravityfallsmysteryshackattack_goo-1.apk : Cnnot get apk info by aapt !
============================================================================
25/199 Starting processing com.disney.gravityfallsmysteryshackattackfree_goo-1.apk ......
Error ouccus when processing com.disney.gravityfallsmysteryshackattackfree_goo-1.apk : Cnnot get apk info by aapt !
============================================================================
25/199 Starting processing com.disney.maleficent_goo-1.apk ......
Getting apk info from https://play.google.com/store/apps/details?id=com.disney.maleficent_goo ......
Success to get info from Play Store
The lastest version of com.disney.maleficent_goo-1.apk is  1.3.1  
Done processing com.disney.maleficent_goo-1.apk
Time Spent:   0 Days 0 Hours 1 Minutes 29 Seconds

============================================================================
26/199 Starting processing com.djinnworks.StickmanBasketball-1.apk ......
Getting apk info from https://play.google.com/store/apps/details?id=com.djinnworks.StickmanBasketball ......
Success to get info from Play Store
The lastest version of com.djinnworks.StickmanBasketball-1.apk is  1.3  
Done processing com.djinnworks.StickmanBasketball-1.apk
Time Spent:   0 Days 0 Hours 1 Minutes 34 Seconds

============================================================================
27/199 Starting processing com.djinnworks.StickmanSoccer2014-1.apk ......
Getting apk info from https://play.google.com/store/apps/details?id=com.djinnworks.StickmanSoccer2014 ......
Success to get info from Play Store
The lastest version of com.djinnworks.StickmanSoccer2014-1.apk is  1.8  
Done processing com.djinnworks.StickmanSoccer2014-1.apk
Time Spent:   0 Days 0 Hours 1 Minutes 38 Seconds

============================================================================
28/199 Starting processing com.djit.equalizerplusforandroidfree-1.apk ......
Error ouccus when processing com.djit.equalizerplusforandroidfree-1.apk : Cnnot get apk info by aapt !
============================================================================
28/199 Starting processing com.dle.respawnables-1.apk ......
Getting apk info from https://play.google.com/store/apps/details?id=com.dle.respawnables ......
Success to get info from Play Store
The lastest version of com.dle.respawnables-1.apk is    Varies with device  
Done processing com.dle.respawnables-1.apk
Time Spent:   0 Days 0 Hours 1 Minutes 41 Seconds

============================================================================
29/199 Starting processing com.dmssc.nobodydiesalone-1.apk ......
Error ouccus when processing com.dmssc.nobodydiesalone-1.apk : Cnnot get apk info by aapt !
============================================================================
29/199 Starting processing com.dominospizza-1.apk ......
Getting apk info from https://play.google.com/store/apps/details?id=com.dominospizza ......
Success to get info from Play Store
The lastest version of com.dominospizza-1.apk is  2.2.1  
Done processing com.dominospizza-1.apk
Time Spent:   0 Days 0 Hours 1 Minutes 45 Seconds

============================================================================
30/199 Starting processing com.domowiczcg.manhattanproject-1.apk ......
Error ouccus when processing com.domowiczcg.manhattanproject-1.apk : Cnnot get apk info by aapt !
============================================================================
30/199 Starting processing com.donutgames.trapsngemstones-1.apk ......
Error ouccus when processing com.donutgames.trapsngemstones-1.apk : Cnnot get apk info by aapt !
============================================================================
30/199 Starting processing com.dotemu.neogeo.mslugx-1.apk ......
Error ouccus when processing com.dotemu.neogeo.mslugx-1.apk : Cnnot get apk info by aapt !
============================================================================
30/199 Starting processing com.dotemu.neogeo.samsho2-1.apk ......
Error ouccus when processing com.dotemu.neogeo.samsho2-1.apk : Cnnot get apk info by aapt !
============================================================================
30/199 Starting processing com.drippler.android.updates-1.apk ......
Getting apk info from https://play.google.com/store/apps/details?id=com.drippler.android.updates ......
Success to get info from Play Store
The lastest version of com.drippler.android.updates-1.apk is  2.09.8  
Done processing com.drippler.android.updates-1.apk
Time Spent:   0 Days 0 Hours 1 Minutes 49 Seconds

============================================================================
31/199 Starting processing com.dsi.ant.plugins.antplus-1.apk ......
Error ouccus when processing com.dsi.ant.plugins.antplus-1.apk : Cnnot get apk info by aapt !
============================================================================
31/199 Starting processing com.duckduckmoosedesign.trucks-1.apk ......
Error ouccus when processing com.duckduckmoosedesign.trucks-1.apk : Cnnot get apk info by aapt !
============================================================================
31/199 Starting processing com.ea.game.pvz2_na-1.apk ......
Getting apk info from https://play.google.com/store/apps/details?id=com.ea.game.pvz2_na ......
Success to get info from Play Store
The lastest version of com.ea.game.pvz2_na-1.apk is  2.6.1  
Done processing com.ea.game.pvz2_na-1.apk
Time Spent:   0 Days 0 Hours 1 Minutes 53 Seconds

============================================================================
32/199 Starting processing com.eamobile.themepark_na-1.apk ......
Getting apk info from https://play.google.com/store/apps/details?id=com.eamobile.themepark_na ......
Success to get info from Play Store
The lastest version of com.eamobile.themepark_na-1.apk is  4.5.81  
Done processing com.eamobile.themepark_na-1.apk
Time Spent:   0 Days 0 Hours 1 Minutes 57 Seconds

============================================================================
33/199 Starting processing com.emugamesdb.app-1.apk ......
Getting apk info from https://play.google.com/store/apps/details?id=com.emugamesdb.app ......
Success to get info from Play Store
The lastest version of com.emugamesdb.app-1.apk is  1.9  
Done processing com.emugamesdb.app-1.apk
Time Spent:   0 Days 0 Hours 2 Minutes 0 Seconds

============================================================================
34/199 Starting processing com.emulator.fpse-1.apk ......
Getting apk info from https://play.google.com/store/apps/details?id=com.emulator.fpse ......
Success to get info from Play Store
The lastest version of com.emulator.fpse-1.apk is  0.11.141  
Done processing com.emulator.fpse-1.apk
Time Spent:   0 Days 0 Hours 2 Minutes 4 Seconds

============================================================================
35/199 Starting processing com.episodeinteractive.android.catalog-1.apk ......
Getting apk info from https://play.google.com/store/apps/details?id=com.episodeinteractive.android.catalog ......
Success to get info from Play Store
The lastest version of com.episodeinteractive.android.catalog-1.apk is  1.29.5+g  
Done processing com.episodeinteractive.android.catalog-1.apk
Time Spent:   0 Days 0 Hours 2 Minutes 8 Seconds

============================================================================
36/199 Starting processing com.eps.survivaloftheforest-1.apk ......
Error ouccus when processing com.eps.survivaloftheforest-1.apk : Cnnot get apk info by aapt !
============================================================================
36/199 Starting processing com.escapistgames.starchart-1.apk ......
Getting apk info from https://play.google.com/store/apps/details?id=com.escapistgames.starchart ......
Success to get info from Play Store
The lastest version of com.escapistgames.starchart-1.apk is    Varies with device  
Done processing com.escapistgames.starchart-1.apk
Time Spent:   0 Days 0 Hours 2 Minutes 11 Seconds

============================================================================
37/199 Starting processing com.evernote-1.apk ......
Getting apk info from https://play.google.com/store/apps/details?id=com.evernote ......
Success to get info from Play Store
The lastest version of com.evernote-1.apk is    Varies with device  
Done processing com.evernote-1.apk
Time Spent:   0 Days 0 Hours 2 Minutes 15 Seconds

============================================================================
38/199 Starting processing com.everydayiplay.vikingsgonewild-1.apk ......
Getting apk info from https://play.google.com/store/apps/details?id=com.everydayiplay.vikingsgonewild ......
Success to get info from Play Store
The lastest version of com.everydayiplay.vikingsgonewild-1.apk is  1.13.7  
Done processing com.everydayiplay.vikingsgonewild-1.apk
Time Spent:   0 Days 0 Hours 2 Minutes 19 Seconds

============================================================================
39/199 Starting processing com.facebook.katana-1.apk ......
Getting apk info from https://play.google.com/store/apps/details?id=com.facebook.katana ......
Success to get info from Play Store
The lastest version of com.facebook.katana-1.apk is    Varies with device  
Done processing com.facebook.katana-1.apk
Time Spent:   0 Days 0 Hours 2 Minutes 24 Seconds

============================================================================
40/199 Starting processing com.facebook.orca-1.apk ......
Getting apk info from https://play.google.com/store/apps/details?id=com.facebook.orca ......
Success to get info from Play Store
The lastest version of com.facebook.orca-1.apk is    Varies with device  
Done processing com.facebook.orca-1.apk
Time Spent:   0 Days 0 Hours 2 Minutes 28 Seconds

============================================================================
41/199 Starting processing com.facebook.pages.app-1.apk ......
Getting apk info from https://play.google.com/store/apps/details?id=com.facebook.pages.app ......
Success to get info from Play Store
The lastest version of com.facebook.pages.app-1.apk is    Varies with device  
Done processing com.facebook.pages.app-1.apk
Time Spent:   0 Days 0 Hours 2 Minutes 32 Seconds

============================================================================
42/199 Starting processing com.fast.motorcycle.driver-1.apk ......
Error ouccus when processing com.fast.motorcycle.driver-1.apk : Cnnot get apk info by aapt !
============================================================================
42/199 Starting processing com.fds.infiniteflight-1.apk ......
Getting apk info from https://play.google.com/store/apps/details?id=com.fds.infiniteflight ......
Success to get info from Play Store
The lastest version of com.fds.infiniteflight-1.apk is  1.6.1  
Done processing com.fds.infiniteflight-1.apk
Time Spent:   0 Days 0 Hours 2 Minutes 36 Seconds

============================================================================
43/199 Starting processing com.feelingtouch.gunzombie-1.apk ......
Getting apk info from https://play.google.com/store/apps/details?id=com.feelingtouch.gunzombie ......
Success to get info from Play Store
The lastest version of com.feelingtouch.gunzombie-1.apk is  1.22  
Done processing com.feelingtouch.gunzombie-1.apk
Time Spent:   0 Days 0 Hours 2 Minutes 41 Seconds

============================================================================
44/199 Starting processing com.fingerdance.empire-1.apk ......
Getting apk info from https://play.google.com/store/apps/details?id=com.fingerdance.empire ......
Success to get info from Play Store
The lastest version of com.fingerdance.empire-1.apk is  1.0.5  
Done processing com.fingerdance.empire-1.apk
Time Spent:   0 Days 0 Hours 2 Minutes 44 Seconds

============================================================================
45/199 Starting processing com.firemaplegames.joe.Mosaika_iOS-1.apk ......
Error ouccus when processing com.firemaplegames.joe.Mosaika_iOS-1.apk : Cnnot get apk info by aapt !
============================================================================
45/199 Starting processing com.firerabbit.games.fmc.zs.full-1.apk ......
Error ouccus when processing com.firerabbit.games.fmc.zs.full-1.apk : Cnnot get apk info by aapt !
============================================================================
45/199 Starting processing com.fitbit.FitbitMobile-1.apk ......
Getting apk info from https://play.google.com/store/apps/details?id=com.fitbit.FitbitMobile ......
Success to get info from Play Store
The lastest version of com.fitbit.FitbitMobile-1.apk is    Varies with device  
Done processing com.fitbit.FitbitMobile-1.apk
Time Spent:   0 Days 0 Hours 2 Minutes 48 Seconds

============================================================================
46/199 Starting processing com.fitnesskeeper.runkeeper.pro-1.apk ......
Getting apk info from https://play.google.com/store/apps/details?id=com.fitnesskeeper.runkeeper.pro ......
Success to get info from Play Store
The lastest version of com.fitnesskeeper.runkeeper.pro-1.apk is    Varies with device  
Done processing com.fitnesskeeper.runkeeper.pro-1.apk
Time Spent:   0 Days 0 Hours 2 Minutes 52 Seconds

============================================================================
47/199 Starting processing com.fivestargames.slots-1.apk ......
Getting apk info from https://play.google.com/store/apps/details?id=com.fivestargames.slots ......
Success to get info from Play Store
The lastest version of com.fivestargames.slots-1.apk is  1.09  
Done processing com.fivestargames.slots-1.apk
Time Spent:   0 Days 0 Hours 2 Minutes 56 Seconds

============================================================================
48/199 Starting processing com.foursakenmedia.bugheroes2-1.apk ......
Error ouccus when processing com.foursakenmedia.bugheroes2-1.apk : Cnnot get apk info by aapt !
============================================================================
48/199 Starting processing com.foxnews.android-1.apk ......
Getting apk info from https://play.google.com/store/apps/details?id=com.foxnews.android ......
Success to get info from Play Store
The lastest version of com.foxnews.android-1.apk is  2.0.5  
Done processing com.foxnews.android-1.apk
Time Spent:   0 Days 0 Hours 3 Minutes 1 Seconds

============================================================================
49/199 Starting processing com.frenchgames.frenchsworld-1.apk ......
Getting apk info from https://play.google.com/store/apps/details?id=com.frenchgames.frenchsworld ......
Success to get info from Play Store
The lastest version of com.frenchgames.frenchsworld-1.apk is  1.0.10  
Done processing com.frenchgames.frenchsworld-1.apk
Time Spent:   0 Days 0 Hours 3 Minutes 5 Seconds

============================================================================
50/199 Starting processing com.frostwire.android-1.apk ......
Getting apk info from https://play.google.com/store/apps/details?id=com.frostwire.android ......
Success to get info from Play Store
The lastest version of com.frostwire.android-1.apk is    Varies with device  
Done processing com.frostwire.android-1.apk
Time Spent:   0 Days 0 Hours 3 Minutes 9 Seconds

============================================================================
51/199 Starting processing com.funfactory.mmcl-1.apk ......
Error ouccus when processing com.funfactory.mmcl-1.apk : Cnnot get apk info by aapt !
============================================================================
51/199 Starting processing com.funshion.video.mobile-1.apk ......
Getting apk info from https://play.google.com/store/apps/details?id=com.funshion.video.mobile ......
[ERROR] : Cannot find info of com.funshion.video.mobile-1.apk on https://play.google.com/store/apps/details?id=com.funshion.video.mobile !!!
Done processing com.funshion.video.mobile-1.apk
Time Spent:   0 Days 0 Hours 3 Minutes 10 Seconds

============================================================================
52/199 Starting processing com.g6677.android.eyemakeup-1.apk ......
Getting apk info from https://play.google.com/store/apps/details?id=com.g6677.android.eyemakeup ......
Success to get info from Play Store
The lastest version of com.g6677.android.eyemakeup-1.apk is  1.0.1  
Done processing com.g6677.android.eyemakeup-1.apk
Time Spent:   0 Days 0 Hours 3 Minutes 15 Seconds

============================================================================
53/199 Starting processing com.g6677.android.phairsalon-1.apk ......
Getting apk info from https://play.google.com/store/apps/details?id=com.g6677.android.phairsalon ......
Success to get info from Play Store
The lastest version of com.g6677.android.phairsalon-1.apk is  1.0.6  
Done processing com.g6677.android.phairsalon-1.apk
Time Spent:   0 Days 0 Hours 3 Minutes 19 Seconds

============================================================================
54/199 Starting processing com.g6677.android.pnailspa-1.apk ......
Getting apk info from https://play.google.com/store/apps/details?id=com.g6677.android.pnailspa ......
Success to get info from Play Store
The lastest version of com.g6677.android.pnailspa-1.apk is  1.0.3  
Done processing com.g6677.android.pnailspa-1.apk
Time Spent:   0 Days 0 Hours 3 Minutes 22 Seconds

============================================================================
55/199 Starting processing com.gamegarden.fd-1.apk ......
Error ouccus when processing com.gamegarden.fd-1.apk : Cnnot get apk info by aapt !
============================================================================
55/199 Starting processing com.gameio.collect-1.apk ......
Error ouccus when processing com.gameio.collect-1.apk : Cnnot get apk info by aapt !
============================================================================
55/199 Starting processing com.gamelion.aiw-1.apk ......
Getting apk info from https://play.google.com/store/apps/details?id=com.gamelion.aiw ......
Success to get info from Play Store
The lastest version of com.gamelion.aiw-1.apk is  1.4.0  
Done processing com.gamelion.aiw-1.apk
Time Spent:   0 Days 0 Hours 3 Minutes 27 Seconds

============================================================================
56/199 Starting processing com.gamelion.cleopatra-1.apk ......
Getting apk info from https://play.google.com/store/apps/details?id=com.gamelion.cleopatra ......
Success to get info from Play Store
The lastest version of com.gamelion.cleopatra-1.apk is  1.0.110  
Done processing com.gamelion.cleopatra-1.apk
Time Spent:   0 Days 0 Hours 3 Minutes 32 Seconds

============================================================================
57/199 Starting processing com.gameloft.android.ANMP.GloftA8HM-1.apk ......
Getting apk info from https://play.google.com/store/apps/details?id=com.gameloft.android.ANMP.GloftA8HM ......
Success to get info from Play Store
The lastest version of com.gameloft.android.ANMP.GloftA8HM-1.apk is    Varies with device  
Done processing com.gameloft.android.ANMP.GloftA8HM-1.apk
Time Spent:   0 Days 0 Hours 3 Minutes 36 Seconds

============================================================================
58/199 Starting processing com.gameloft.android.ANMP.GloftIAHM-1.apk ......
Getting apk info from https://play.google.com/store/apps/details?id=com.gameloft.android.ANMP.GloftIAHM ......
Success to get info from Play Store
The lastest version of com.gameloft.android.ANMP.GloftIAHM-1.apk is    Varies with device  
Done processing com.gameloft.android.ANMP.GloftIAHM-1.apk
Time Spent:   0 Days 0 Hours 3 Minutes 40 Seconds

============================================================================
59/199 Starting processing com.gamevil.kritikamobile.android.google.global.normal-1.apk ......
Getting apk info from https://play.google.com/store/apps/details?id=com.gamevil.kritikamobile.android.google.global.normal ......
Success to get info from Play Store
The lastest version of com.gamevil.kritikamobile.android.google.global.normal-1.apk is  2.4.6  
Done processing com.gamevil.kritikamobile.android.google.global.normal-1.apk
Time Spent:   0 Days 0 Hours 3 Minutes 44 Seconds

============================================================================
60/199 Starting processing com.gamevil.zenonia5.global-1.apk ......
Getting apk info from https://play.google.com/store/apps/details?id=com.gamevil.zenonia5.global ......
Success to get info from Play Store
The lastest version of com.gamevil.zenonia5.global-1.apk is  1.1.8  
Done processing com.gamevil.zenonia5.global-1.apk
Time Spent:   0 Days 0 Hours 3 Minutes 49 Seconds

============================================================================
61/199 Starting processing com.gau.go.launcherex-1.apk ......
Getting apk info from https://play.google.com/store/apps/details?id=com.gau.go.launcherex ......
Success to get info from Play Store
The lastest version of com.gau.go.launcherex-1.apk is    Varies with device  
Done processing com.gau.go.launcherex-1.apk
Time Spent:   0 Days 0 Hours 3 Minutes 53 Seconds

============================================================================
62/199 Starting processing com.geico.mobile-1.apk ......
Getting apk info from https://play.google.com/store/apps/details?id=com.geico.mobile ......
Success to get info from Play Store
The lastest version of com.geico.mobile-1.apk is  3.1.1  
Done processing com.geico.mobile-1.apk
Time Spent:   0 Days 0 Hours 3 Minutes 56 Seconds

============================================================================
63/199 Starting processing com.gipnetix.escapeaction-1.apk ......
Getting apk info from https://play.google.com/store/apps/details?id=com.gipnetix.escapeaction ......
Success to get info from Play Store
The lastest version of com.gipnetix.escapeaction-1.apk is  1.4.5  
Done processing com.gipnetix.escapeaction-1.apk
Time Spent:   0 Days 0 Hours 4 Minutes 0 Seconds

============================================================================
64/199 Starting processing com.glu.baseball-1.apk ......
Error ouccus when processing com.glu.baseball-1.apk : Cnnot get apk info by aapt !
============================================================================
64/199 Starting processing com.glutenfreegames.foxsimulator-1.apk ......
Error ouccus when processing com.glutenfreegames.foxsimulator-1.apk : Cnnot get apk info by aapt !
============================================================================
64/199 Starting processing com.glutenfreegames.wolfsimulator-1.apk ......
Error ouccus when processing com.glutenfreegames.wolfsimulator-1.apk : Cnnot get apk info by aapt !
============================================================================
64/199 Starting processing com.google.android.apps.translate-1.apk ......
Getting apk info from https://play.google.com/store/apps/details?id=com.google.android.apps.translate ......
Success to get info from Play Store
The lastest version of com.google.android.apps.translate-1.apk is    Varies with device  
Done processing com.google.android.apps.translate-1.apk
Time Spent:   0 Days 0 Hours 4 Minutes 4 Seconds

============================================================================
65/199 Starting processing com.grapefrukt.games.rymdkapsel1-1.apk ......
Error ouccus when processing com.grapefrukt.games.rymdkapsel1-1.apk : Cnnot get apk info by aapt !
============================================================================
65/199 Starting processing com.groupme.android-1.apk ......
Getting apk info from https://play.google.com/store/apps/details?id=com.groupme.android ......
Success to get info from Play Store
The lastest version of com.groupme.android-1.apk is    Varies with device  
Done processing com.groupme.android-1.apk
Time Spent:   0 Days 0 Hours 4 Minutes 8 Seconds

============================================================================
66/199 Starting processing com.groupon-1.apk ......
Getting apk info from https://play.google.com/store/apps/details?id=com.groupon ......
Success to get info from Play Store
The lastest version of com.groupon-1.apk is    Varies with device  
Done processing com.groupon-1.apk
Time Spent:   0 Days 0 Hours 4 Minutes 11 Seconds

============================================================================
67/199 Starting processing com.handmark.expressweather-1.apk ......
Getting apk info from https://play.google.com/store/apps/details?id=com.handmark.expressweather ......
Success to get info from Play Store
The lastest version of com.handmark.expressweather-1.apk is    Varies with device  
Done processing com.handmark.expressweather-1.apk
Time Spent:   0 Days 0 Hours 4 Minutes 16 Seconds

============================================================================
68/199 Starting processing com.hotornot.app-1.apk ......
Getting apk info from https://play.google.com/store/apps/details?id=com.hotornot.app ......
Success to get info from Play Store
The lastest version of com.hotornot.app-1.apk is    Varies with device  
Done processing com.hotornot.app-1.apk
Time Spent:   0 Days 0 Hours 4 Minutes 20 Seconds

============================================================================
69/199 Starting processing com.houzz.app-1.apk ......
Getting apk info from https://play.google.com/store/apps/details?id=com.houzz.app ......
Success to get info from Play Store
The lastest version of com.houzz.app-1.apk is  3.0.7  
Done processing com.houzz.app-1.apk
Time Spent:   0 Days 0 Hours 4 Minutes 23 Seconds

============================================================================
70/199 Starting processing com.hyperdevbox.exzeus2-1.apk ......
Error ouccus when processing com.hyperdevbox.exzeus2-1.apk : Cnnot get apk info by aapt !
============================================================================
70/199 Starting processing com.hyperdevbox.indy500-1.apk ......
Error ouccus when processing com.hyperdevbox.indy500-1.apk : Cnnot get apk info by aapt !
============================================================================
70/199 Starting processing com.iam8bit.dvslw-1.apk ......
Error ouccus when processing com.iam8bit.dvslw-1.apk : Cnnot get apk info by aapt !
============================================================================
70/199 Starting processing com.igg.android.im-1.apk ......
Getting apk info from https://play.google.com/store/apps/details?id=com.igg.android.im ......
Success to get info from Play Store
The lastest version of com.igg.android.im-1.apk is  1.0.14  
Done processing com.igg.android.im-1.apk
Time Spent:   0 Days 0 Hours 4 Minutes 28 Seconds

============================================================================
71/199 Starting processing com.igg.clashoflords2-1.apk ......
Getting apk info from https://play.google.com/store/apps/details?id=com.igg.clashoflords2 ......
Success to get info from Play Store
The lastest version of com.igg.clashoflords2-1.apk is  1.0.157  
Done processing com.igg.clashoflords2-1.apk
Time Spent:   0 Days 0 Hours 4 Minutes 32 Seconds

============================================================================
72/199 Starting processing com.imangi.templerun2-1.apk ......
Getting apk info from https://play.google.com/store/apps/details?id=com.imangi.templerun2 ......
Success to get info from Play Store
The lastest version of com.imangi.templerun2-1.apk is  1.9.1  
Done processing com.imangi.templerun2-1.apk
Time Spent:   0 Days 0 Hours 4 Minutes 36 Seconds

============================================================================
73/199 Starting processing com.indeed.android.jobsearch-1.apk ......
Getting apk info from https://play.google.com/store/apps/details?id=com.indeed.android.jobsearch ......
Success to get info from Play Store
The lastest version of com.indeed.android.jobsearch-1.apk is    Varies with device  
Done processing com.indeed.android.jobsearch-1.apk
Time Spent:   0 Days 0 Hours 4 Minutes 39 Seconds

============================================================================
74/199 Starting processing com.inkle.sorcery1-1.apk ......
Error ouccus when processing com.inkle.sorcery1-1.apk : Cnnot get apk info by aapt !
============================================================================
74/199 Starting processing com.instagram.android-1.apk ......
Getting apk info from https://play.google.com/store/apps/details?id=com.instagram.android ......
Success to get info from Play Store
The lastest version of com.instagram.android-1.apk is    Varies with device  
Done processing com.instagram.android-1.apk
Time Spent:   0 Days 0 Hours 4 Minutes 42 Seconds

============================================================================
75/199 Starting processing com.intsig.BizCardReader-1.apk ......
Getting apk info from https://play.google.com/store/apps/details?id=com.intsig.BizCardReader ......
Success to get info from Play Store
The lastest version of com.intsig.BizCardReader-1.apk is  5.1.2.20140617  
Done processing com.intsig.BizCardReader-1.apk
Time Spent:   0 Days 0 Hours 4 Minutes 47 Seconds

============================================================================
76/199 Starting processing com.iqinbao.android.oversize-1.apk ......
Error ouccus when processing com.iqinbao.android.oversize-1.apk : Cnnot get apk info by aapt !
============================================================================
76/199 Starting processing com.iugome.lilknights-1.apk ......
Getting apk info from https://play.google.com/store/apps/details?id=com.iugome.lilknights ......
Success to get info from Play Store
The lastest version of com.iugome.lilknights-1.apk is    Varies with device  
Done processing com.iugome.lilknights-1.apk
Time Spent:   0 Days 0 Hours 4 Minutes 50 Seconds

============================================================================
77/199 Starting processing com.jb.gokeyboard-1.apk ......
Getting apk info from https://play.google.com/store/apps/details?id=com.jb.gokeyboard ......
Success to get info from Play Store
The lastest version of com.jb.gokeyboard-1.apk is    Varies with device  
Done processing com.jb.gokeyboard-1.apk
Time Spent:   0 Days 0 Hours 4 Minutes 55 Seconds

============================================================================
78/199 Starting processing com.jb.gosms-1.apk ......
Getting apk info from https://play.google.com/store/apps/details?id=com.jb.gosms ......
Success to get info from Play Store
The lastest version of com.jb.gosms-1.apk is    Varies with device  
Done processing com.jb.gosms-1.apk
Time Spent:   0 Days 0 Hours 4 Minutes 59 Seconds

============================================================================
79/199 Starting processing com.jb.gosms.emoji-1.apk ......
Getting apk info from https://play.google.com/store/apps/details?id=com.jb.gosms.emoji ......
Success to get info from Play Store
The lastest version of com.jb.gosms.emoji-1.apk is    Varies with device  
Done processing com.jb.gosms.emoji-1.apk
Time Spent:   0 Days 0 Hours 5 Minutes 4 Seconds

============================================================================
80/199 Starting processing com.jiubang.goscreenlock-1.apk ......
Getting apk info from https://play.google.com/store/apps/details?id=com.jiubang.goscreenlock ......
Success to get info from Play Store
The lastest version of com.jiubang.goscreenlock-1.apk is    Varies with device  
Done processing com.jiubang.goscreenlock-1.apk
Time Spent:   0 Days 0 Hours 5 Minutes 8 Seconds

============================================================================
81/199 Starting processing com.joybits.doodledevil_pay-1.apk ......
Error ouccus when processing com.joybits.doodledevil_pay-1.apk : Cnnot get apk info by aapt !
============================================================================
81/199 Starting processing com.kakao.talk-1.apk ......
Error ouccus when processing com.kakao.talk-1.apk : Cnnot get apk info by aapt !
============================================================================
81/199 Starting processing com.kevinbradford.games.secondgrade-1.apk ......
Error ouccus when processing com.kevinbradford.games.secondgrade-1.apk : Cnnot get apk info by aapt !
============================================================================
81/199 Starting processing com.king2.english.us-1.apk ......
Error ouccus when processing com.king2.english.us-1.apk : Cnnot get apk info by aapt !
============================================================================
81/199 Starting processing com.konamobile.bubbleislandadventure-1.apk ......
Error ouccus when processing com.konamobile.bubbleislandadventure-1.apk : Cnnot get apk info by aapt !
============================================================================
81/199 Starting processing com.landoncope.games.toddlersingandplay2-1.apk ......
Error ouccus when processing com.landoncope.games.toddlersingandplay2-1.apk : Cnnot get apk info by aapt !
============================================================================
81/199 Starting processing com.lightbot.lightbot-1.apk ......
Error ouccus when processing com.lightbot.lightbot-1.apk : Cnnot get apk info by aapt !
============================================================================
81/199 Starting processing com.lingdong.client.android-1.apk ......
Getting apk info from https://play.google.com/store/apps/details?id=com.lingdong.client.android ......
[ERROR] : Cannot find info of com.lingdong.client.android-1.apk on https://play.google.com/store/apps/details?id=com.lingdong.client.android !!!
Done processing com.lingdong.client.android-1.apk
Time Spent:   0 Days 0 Hours 5 Minutes 9 Seconds

============================================================================
82/199 Starting processing com.littleeyes.eliss_infinity-1.apk ......
Error ouccus when processing com.littleeyes.eliss_infinity-1.apk : Cnnot get apk info by aapt !
============================================================================
82/199 Starting processing com.littleinferno.google-1.apk ......
Error ouccus when processing com.littleinferno.google-1.apk : Cnnot get apk info by aapt !
============================================================================
82/199 Starting processing com.lygame.pianotilesnewbiname-1.apk ......
Error ouccus when processing com.lygame.pianotilesnewbiname-1.apk : Cnnot get apk info by aapt !
============================================================================
82/199 Starting processing com.magmamobile.game.BubbleBlastAdventure-1.apk ......
Error ouccus when processing com.magmamobile.game.BubbleBlastAdventure-1.apk : Cnnot get apk info by aapt !
============================================================================
82/199 Starting processing com.makingfun.mageandminions-1.apk ......
Error ouccus when processing com.makingfun.mageandminions-1.apk : Cnnot get apk info by aapt !
============================================================================
82/199 Starting processing com.matigames.puzzleminevehicle-1.apk ......
Error ouccus when processing com.matigames.puzzleminevehicle-1.apk : Cnnot get apk info by aapt !
============================================================================
82/199 Starting processing com.mobage.ww.a1575.Motor_World_Car_Factory_Android-1.apk ......
Error ouccus when processing com.mobage.ww.a1575.Motor_World_Car_Factory_Android-1.apk : Cnnot get apk info by aapt !
============================================================================
82/199 Starting processing com.mobage.ww.a1917.Hell_Marys_Android-1.apk ......
Error ouccus when processing com.mobage.ww.a1917.Hell_Marys_Android-1.apk : Cnnot get apk info by aapt !
============================================================================
82/199 Starting processing com.mobigrow.escapequest-1.apk ......
Error ouccus when processing com.mobigrow.escapequest-1.apk : Cnnot get apk info by aapt !
============================================================================
82/199 Starting processing com.murudai.Solar2-1.apk ......
Error ouccus when processing com.murudai.Solar2-1.apk : Cnnot get apk info by aapt !
============================================================================
82/199 Starting processing com.namcobandaigames.froggysplash2-1.apk ......
Error ouccus when processing com.namcobandaigames.froggysplash2-1.apk : Cnnot get apk info by aapt !
============================================================================
82/199 Starting processing com.nomadgames.talisman-1.apk ......
Error ouccus when processing com.nomadgames.talisman-1.apk : Cnnot get apk info by aapt !
============================================================================
82/199 Starting processing com.noodlecake.deviousdungeon-1.apk ......
Error ouccus when processing com.noodlecake.deviousdungeon-1.apk : Cnnot get apk info by aapt !
============================================================================
82/199 Starting processing com.noowanda.discovery-1.apk ......
Error ouccus when processing com.noowanda.discovery-1.apk : Cnnot get apk info by aapt !
============================================================================
82/199 Starting processing com.offerup-1.apk ......
Error ouccus when processing com.offerup-1.apk : Cnnot get apk info by aapt !
============================================================================
82/199 Starting processing com.orbitz-1.apk ......
Error ouccus when processing com.orbitz-1.apk : Cnnot get apk info by aapt !
============================================================================
82/199 Starting processing com.p2games.peppasparty-1.apk ......
Error ouccus when processing com.p2games.peppasparty-1.apk : Cnnot get apk info by aapt !
============================================================================
82/199 Starting processing com.paradoxplaza.imagicka-1.apk ......
Error ouccus when processing com.paradoxplaza.imagicka-1.apk : Cnnot get apk info by aapt !
============================================================================
82/199 Starting processing com.phanovatives.gunshipIII.strike-1.apk ......
Error ouccus when processing com.phanovatives.gunshipIII.strike-1.apk : Cnnot get apk info by aapt !
============================================================================
82/199 Starting processing com.pixign.premiumwallpapers-1.apk ......
Error ouccus when processing com.pixign.premiumwallpapers-1.apk : Cnnot get apk info by aapt !
============================================================================
82/199 Starting processing com.playfirst.playground.dinerdashspongebobdeluxe-1.apk ......
Error ouccus when processing com.playfirst.playground.dinerdashspongebobdeluxe-1.apk : Cnnot get apk info by aapt !
============================================================================
82/199 Starting processing com.radiangames.supercrossfighter-1.apk ......
Error ouccus when processing com.radiangames.supercrossfighter-1.apk : Cnnot get apk info by aapt !
============================================================================
82/199 Starting processing com.russpuppy.alphabettoddler-1.apk ......
Error ouccus when processing com.russpuppy.alphabettoddler-1.apk : Cnnot get apk info by aapt !
============================================================================
82/199 Starting processing com.savingstar.SavingStar-1.apk ......
Error ouccus when processing com.savingstar.SavingStar-1.apk : Cnnot get apk info by aapt !
============================================================================
82/199 Starting processing com.sevenga.hog.gp-1.apk ......
Error ouccus when processing com.sevenga.hog.gp-1.apk : Cnnot get apk info by aapt !
============================================================================
82/199 Starting processing com.skgames.wingsonfiregame-1.apk ......
Error ouccus when processing com.skgames.wingsonfiregame-1.apk : Cnnot get apk info by aapt !
============================================================================
82/199 Starting processing com.snkplaymore.kof2012a-1.apk ......
Error ouccus when processing com.snkplaymore.kof2012a-1.apk : Cnnot get apk info by aapt !
============================================================================
82/199 Starting processing com.square_enix.android_googleplay.FF4AY_GP-1.apk ......
Error ouccus when processing com.square_enix.android_googleplay.FF4AY_GP-1.apk : Cnnot get apk info by aapt !
============================================================================
82/199 Starting processing com.square_enix.chaosrings2gp-1.apk ......
Error ouccus when processing com.square_enix.chaosrings2gp-1.apk : Cnnot get apk info by aapt !
============================================================================
82/199 Starting processing com.ss.android.article.news-1.apk ......
Getting apk info from https://play.google.com/store/apps/details?id=com.ss.android.article.news ......
Success to get info from Play Store
The lastest version of com.ss.android.article.news-1.apk is  3.6.0  
Done processing com.ss.android.article.news-1.apk
Time Spent:   0 Days 0 Hours 5 Minutes 14 Seconds

============================================================================
83/199 Starting processing com.swiftapps.catsimulator3d-1.apk ......
Error ouccus when processing com.swiftapps.catsimulator3d-1.apk : Cnnot get apk info by aapt !
============================================================================
83/199 Starting processing com.tabascointeractive.starhorizon-1.apk ......
Error ouccus when processing com.tabascointeractive.starhorizon-1.apk : Cnnot get apk info by aapt !
============================================================================
83/199 Starting processing com.tabtale.dentistmania-1.apk ......
Error ouccus when processing com.tabtale.dentistmania-1.apk : Cnnot get apk info by aapt !
============================================================================
83/199 Starting processing com.tabtale.dirtykids-1.apk ......
Error ouccus when processing com.tabtale.dirtykids-1.apk : Cnnot get apk info by aapt !
============================================================================
83/199 Starting processing com.tapinator.angry.sharksimulator3D-1.apk ......
Error ouccus when processing com.tapinator.angry.sharksimulator3D-1.apk : Cnnot get apk info by aapt !
============================================================================
83/199 Starting processing com.team17digital.sfhd-1.apk ......
Error ouccus when processing com.team17digital.sfhd-1.apk : Cnnot get apk info by aapt !
============================================================================
83/199 Starting processing com.tencent.WBlog-1.apk ......
Getting apk info from https://play.google.com/store/apps/details?id=com.tencent.WBlog ......
Success to get info from Play Store
The lastest version of com.tencent.WBlog-1.apk is  4.4.5  
Done processing com.tencent.WBlog-1.apk
Time Spent:   0 Days 0 Hours 5 Minutes 17 Seconds

============================================================================
84/199 Starting processing com.tfsapps.playtube6-1.apk ......
Error ouccus when processing com.tfsapps.playtube6-1.apk : Cnnot get apk info by aapt !
============================================================================
84/199 Starting processing com.thup.fixit-1.apk ......
Error ouccus when processing com.thup.fixit-1.apk : Cnnot get apk info by aapt !
============================================================================
84/199 Starting processing com.ticketmaster.mobile.android.na-1.apk ......
Error ouccus when processing com.ticketmaster.mobile.android.na-1.apk : Cnnot get apk info by aapt !
============================================================================
84/199 Starting processing com.topgamestudio.survivalhungrygames-1.apk ......
Error ouccus when processing com.topgamestudio.survivalhungrygames-1.apk : Cnnot get apk info by aapt !
============================================================================
84/199 Starting processing com.tribeplay.pandaairport-1.apk ......
Error ouccus when processing com.tribeplay.pandaairport-1.apk : Cnnot get apk info by aapt !
============================================================================
84/199 Starting processing com.tribeplay.pandabus-1.apk ......
Error ouccus when processing com.tribeplay.pandabus-1.apk : Cnnot get apk info by aapt !
============================================================================
84/199 Starting processing com.tribeplay.pandahousework-1.apk ......
Error ouccus when processing com.tribeplay.pandahousework-1.apk : Cnnot get apk info by aapt !
============================================================================
84/199 Starting processing com.turner.wrathofpsychobos1-1.apk ......
Error ouccus when processing com.turner.wrathofpsychobos1-1.apk : Cnnot get apk info by aapt !
============================================================================
84/199 Starting processing com.uberent.toybotsstore-1.apk ......
Error ouccus when processing com.uberent.toybotsstore-1.apk : Cnnot get apk info by aapt !
============================================================================
84/199 Starting processing com.wickeyware.minesofmars-1.apk ......
Error ouccus when processing com.wickeyware.minesofmars-1.apk : Cnnot get apk info by aapt !
============================================================================
84/199 Starting processing com.zindagigames.test-1.apk ......
Error ouccus when processing com.zindagigames.test-1.apk : Cnnot get apk info by aapt !
============================================================================
84/199 Starting processing gamelab3d.com.FreeRoam3D-1.apk ......
Error ouccus when processing gamelab3d.com.FreeRoam3D-1.apk : Cnnot get apk info by aapt !
============================================================================
84/199 Starting processing hoang.plk.tidus.guitarheroes2-1.apk ......
Error ouccus when processing hoang.plk.tidus.guitarheroes2-1.apk : Cnnot get apk info by aapt !
============================================================================
84/199 Starting processing it.rortos.f18carrierlandingiipro-1.apk ......
Error ouccus when processing it.rortos.f18carrierlandingiipro-1.apk : Cnnot get apk info by aapt !
============================================================================
84/199 Starting processing namco.pacman.ce-1.apk ......
Error ouccus when processing namco.pacman.ce-1.apk : Cnnot get apk info by aapt !
============================================================================
84/199 Starting processing net.ReferyGames.WCWW-1.apk ......
Error ouccus when processing net.ReferyGames.WCWW-1.apk : Cnnot get apk info by aapt !
============================================================================
84/199 Starting processing net.SandStormEarl.TCJS-1.apk ......
Error ouccus when processing net.SandStormEarl.TCJS-1.apk : Cnnot get apk info by aapt !
============================================================================
84/199 Starting processing net.tv.remote.universal-1.apk ......
Error ouccus when processing net.tv.remote.universal-1.apk : Cnnot get apk info by aapt !
============================================================================
84/199 Starting processing org.pbskids.wkwa-1.apk ......
Error ouccus when processing org.pbskids.wkwa-1.apk : Cnnot get apk info by aapt !
============================================================================
84/199 Starting processing viva.reader-1.apk ......
Getting apk info from https://play.google.com/store/apps/details?id=viva.reader ......
Success to get info from Play Store
The lastest version of viva.reader-1.apk is  5.2.4  
Done processing viva.reader-1.apk
Time Spent:   0 Days 0 Hours 5 Minutes 21 Seconds

============================================================================


**************************************************************
All Done
Total Time:   0 Days 0 Hours 5 Minutes 21 Seconds
Result Location:               /srv/www/htdocs/CV2/app/admin/scan_apk_version//results/AppInfo_2014-09-02-15-14-16.csv
**************************************************************
