Start processing app in list /share/Git-Apk/Updated_list from /share/Git-Apk/All_Apk  ......

============================================================================
1/5 Starting processing air.com.bitrhymes.bingo-1.apk ......
Getting apk info from https://play.google.com/store/apps/details?id=air.com.bitrhymes.bingo ......
Success to get info from Play Store
The lastest version of air.com.bitrhymes.bingo-1.apk is    Varies with device  
Done processing air.com.bitrhymes.bingo-1.apk
Time Spent:   0 Days 0 Hours 0 Minutes 3 Seconds

============================================================================
2/5 Starting processing air.com.elextech.happyfarm-1.apk ......
Getting apk info from https://play.google.com/store/apps/details?id=air.com.elextech.happyfarm ......
Success to get info from Play Store
The lastest version of air.com.elextech.happyfarm-1.apk is  2.1.5  
Done processing air.com.elextech.happyfarm-1.apk
Time Spent:   0 Days 0 Hours 0 Minutes 7 Seconds

============================================================================
3/5 Starting processing com.leftover.CoinDozer-1.apk ......
Getting apk info from https://play.google.com/store/apps/details?id=com.leftover.CoinDozer ......
Success to get info from Play Store
The lastest version of com.leftover.CoinDozer-1.apk is    Varies with device  
Done processing com.leftover.CoinDozer-1.apk
Time Spent:   0 Days 0 Hours 0 Minutes 12 Seconds

============================================================================
4/5 Starting processing com.oogame.pikachu-1.apk ......
Getting apk info from https://play.google.com/store/apps/details?id=com.oogame.pikachu ......
Success to get info from Play Store
The lastest version of com.oogame.pikachu-1.apk is  2.1  
Done processing com.oogame.pikachu-1.apk
Time Spent:   0 Days 0 Hours 0 Minutes 15 Seconds

============================================================================
5/5 Starting processing com.pixel.gun3d-1.apk ......
Getting apk info from https://play.google.com/store/apps/details?id=com.pixel.gun3d ......
Success to get info from Play Store
The lastest version of com.pixel.gun3d-1.apk is  5.5.0  
Done processing com.pixel.gun3d-1.apk
Time Spent:   0 Days 0 Hours 0 Minutes 19 Seconds

============================================================================


**************************************************************
All Done
Total Time:   0 Days 0 Hours 0 Minutes 19 Seconds
Result Location:               /srv/www/htdocs/CV2/app/admin/scan_apk_version//results/AppInfo_2014-03-29-21-00-51.csv
**************************************************************
