Start processing app in list /home/Git-Apk/Updated_list from /home/Git-Apk/All_Apk  ......

============================================================================
1/5 Starting processing com.fgol.HungrySharkEvolution-1.apk ......
Getting apk info from https://play.google.com/store/apps/details?id=com.fgol.HungrySharkEvolution ......
Success to get info from Play Store
The lastest version of com.fgol.HungrySharkEvolution-1.apk is    Varies with device  
Done processing com.fgol.HungrySharkEvolution-1.apk
Time Spent:   0 Days 0 Hours 0 Minutes 2 Seconds

============================================================================
2/5 Starting processing com.tencent.pao-1.apk ......
Getting apk info from https://play.google.com/store/apps/details?id=com.tencent.pao ......
[ERROR] : Cannot find info of com.tencent.pao-1.apk on https://play.google.com/store/apps/details?id=com.tencent.pao !!!
Done processing com.tencent.pao-1.apk
Time Spent:   0 Days 0 Hours 0 Minutes 4 Seconds

============================================================================
3/5 Starting processing com.tencent.qqpimsecure-1.apk ......
Getting apk info from https://play.google.com/store/apps/details?id=com.tencent.qqpimsecure ......
Success to get info from Play Store
The lastest version of com.tencent.qqpimsecure-1.apk is  5.1.0  
Done processing com.tencent.qqpimsecure-1.apk
Time Spent:   0 Days 0 Hours 0 Minutes 7 Seconds

============================================================================
4/5 Starting processing com.ubisoft.rabbids.bigbang.ggp-1.apk ......
Getting apk info from https://play.google.com/store/apps/details?id=com.ubisoft.rabbids.bigbang.ggp ......
Success to get info from Play Store
The lastest version of com.ubisoft.rabbids.bigbang.ggp-1.apk is    Varies with device  
Done processing com.ubisoft.rabbids.bigbang.ggp-1.apk
Time Spent:   0 Days 0 Hours 0 Minutes 9 Seconds

============================================================================
5/5 Starting processing com.xunlei.kankan-1.apk ......
Getting apk info from https://play.google.com/store/apps/details?id=com.xunlei.kankan ......
[ERROR] : Cannot find info of com.xunlei.kankan-1.apk on https://play.google.com/store/apps/details?id=com.xunlei.kankan !!!
Done processing com.xunlei.kankan-1.apk
Time Spent:   0 Days 0 Hours 0 Minutes 10 Seconds

============================================================================


**************************************************************
All Done
Total Time:   0 Days 0 Hours 0 Minutes 10 Seconds
Result Location:               /home/Git-Apk/code_resource/script_hooks/scan_apk/scan_apk_version/results/AppInfo_2014-11-06-12-48-42.csv
**************************************************************
