Start processing app in list /share/Git-Apk/Updated_list from /share/Git-Apk/All_Apk  ......

============================================================================
1/33 Starting processing air.com.aboilgame.dreamteamhotnba.a017-1.apk ......
Getting apk info from https://play.google.com/store/apps/details?id=air.com.aboilgame.dreamteamhotnba.a017 ......
Success to get info from Play Store
The lastest version of air.com.aboilgame.dreamteamhotnba.a017-1.apk is  0.0.15  
Done processing air.com.aboilgame.dreamteamhotnba.a017-1.apk
Time Spent:   0 Days 0 Hours 0 Minutes 2 Seconds

============================================================================
2/33 Starting processing air.com.ifree.mfjs.cardCHS-1.apk ......
Getting apk info from https://play.google.com/store/apps/details?id=air.com.ifree.mfjs.cardCHS ......
[ERROR] : Cannot find info of air.com.ifree.mfjs.cardCHS-1.apk on https://play.google.com/store/apps/details?id=air.com.ifree.mfjs.cardCHS !!!
Done processing air.com.ifree.mfjs.cardCHS-1.apk
Time Spent:   0 Days 0 Hours 0 Minutes 3 Seconds

============================================================================
3/33 Starting processing biaoche.xiangcun.carracer-1.apk ......
Getting apk info from https://play.google.com/store/apps/details?id=biaoche.xiangcun.carracer ......
[ERROR] : Cannot find info of biaoche.xiangcun.carracer-1.apk on https://play.google.com/store/apps/details?id=biaoche.xiangcun.carracer !!!
Done processing biaoche.xiangcun.carracer-1.apk
Time Spent:   0 Days 0 Hours 0 Minutes 4 Seconds

============================================================================
4/33 Starting processing cc.thedream.qinsmoon.yyh-1.apk ......
Getting apk info from https://play.google.com/store/apps/details?id=cc.thedream.qinsmoon.yyh ......
[ERROR] : Cannot find info of cc.thedream.qinsmoon.yyh-1.apk on https://play.google.com/store/apps/details?id=cc.thedream.qinsmoon.yyh !!!
Done processing cc.thedream.qinsmoon.yyh-1.apk
Time Spent:   0 Days 0 Hours 0 Minutes 6 Seconds

============================================================================
5/33 Starting processing ch.smalltech.ledflashlight.pro-1.apk ......
Getting apk info from https://play.google.com/store/apps/details?id=ch.smalltech.ledflashlight.pro ......
Success to get info from Play Store
The lastest version of ch.smalltech.ledflashlight.pro-1.apk is  1.62  
Done processing ch.smalltech.ledflashlight.pro-1.apk
Time Spent:   0 Days 0 Hours 0 Minutes 8 Seconds

============================================================================
6/33 Starting processing cn.com.kuting.activity-1.apk ......
Getting apk info from https://play.google.com/store/apps/details?id=cn.com.kuting.activity ......
Success to get info from Play Store
The lastest version of cn.com.kuting.activity-1.apk is  2.5.6  
Done processing cn.com.kuting.activity-1.apk
Time Spent:   0 Days 0 Hours 0 Minutes 10 Seconds

============================================================================
7/33 Starting processing cn.kk.xyj.p37wan02-1.apk ......
Getting apk info from https://play.google.com/store/apps/details?id=cn.kk.xyj.p37wan02 ......
[ERROR] : Cannot find info of cn.kk.xyj.p37wan02-1.apk on https://play.google.com/store/apps/details?id=cn.kk.xyj.p37wan02 !!!
Done processing cn.kk.xyj.p37wan02-1.apk
Time Spent:   0 Days 0 Hours 0 Minutes 15 Seconds

============================================================================
8/33 Starting processing cn.kk.xyj.p8849g09-1.apk ......
Getting apk info from https://play.google.com/store/apps/details?id=cn.kk.xyj.p8849g09 ......
Success to get info from Play Store
The lastest version of cn.kk.xyj.p8849g09-1.apk is  2.2  
Done processing cn.kk.xyj.p8849g09-1.apk
Time Spent:   0 Days 0 Hours 0 Minutes 17 Seconds

============================================================================
9/33 Starting processing cn.ninegame.gameb-1.apk ......
Getting apk info from https://play.google.com/store/apps/details?id=cn.ninegame.gameb ......
[ERROR] : Cannot find info of cn.ninegame.gameb-1.apk on https://play.google.com/store/apps/details?id=cn.ninegame.gameb !!!
Done processing cn.ninegame.gameb-1.apk
Time Spent:   0 Days 0 Hours 0 Minutes 18 Seconds

============================================================================
10/33 Starting processing com.aspire.mm-1.apk ......
Getting apk info from https://play.google.com/store/apps/details?id=com.aspire.mm ......
[ERROR] : Cannot find info of com.aspire.mm-1.apk on https://play.google.com/store/apps/details?id=com.aspire.mm !!!
Done processing com.aspire.mm-1.apk
Time Spent:   0 Days 0 Hours 0 Minutes 20 Seconds

============================================================================
11/33 Starting processing com.bytetech1-1.apk ......
Getting apk info from https://play.google.com/store/apps/details?id=com.bytetech1 ......
Success to get info from Play Store
The lastest version of com.bytetech1-1.apk is  2.0.0.wanduo  
Done processing com.bytetech1-1.apk
Time Spent:   0 Days 0 Hours 0 Minutes 21 Seconds

============================================================================
12/33 Starting processing com.caolvchong3.mtFightLand-1.apk ......
Getting apk info from https://play.google.com/store/apps/details?id=com.caolvchong3.mtFightLand ......
[ERROR] : Cannot find info of com.caolvchong3.mtFightLand-1.apk on https://play.google.com/store/apps/details?id=com.caolvchong3.mtFightLand !!!
Done processing com.caolvchong3.mtFightLand-1.apk
Time Spent:   0 Days 0 Hours 0 Minutes 23 Seconds

============================================================================
13/33 Starting processing com.chinamobile.cmccwifi-1.apk ......
Getting apk info from https://play.google.com/store/apps/details?id=com.chinamobile.cmccwifi ......
Success to get info from Play Store
The lastest version of com.chinamobile.cmccwifi-1.apk is    Varies with device  
Done processing com.chinamobile.cmccwifi-1.apk
Time Spent:   0 Days 0 Hours 0 Minutes 24 Seconds

============================================================================
14/33 Starting processing com.ct.client-1.apk ......
Getting apk info from https://play.google.com/store/apps/details?id=com.ct.client ......
[ERROR] : Cannot find info of com.ct.client-1.apk on https://play.google.com/store/apps/details?id=com.ct.client !!!
Done processing com.ct.client-1.apk
Time Spent:   0 Days 0 Hours 0 Minutes 26 Seconds

============================================================================
15/33 Starting processing com.daywin.secret-1.apk ......
Getting apk info from https://play.google.com/store/apps/details?id=com.daywin.secret ......
Success to get info from Play Store
The lastest version of com.daywin.secret-1.apk is  1.1  
Done processing com.daywin.secret-1.apk
Time Spent:   0 Days 0 Hours 0 Minutes 27 Seconds

============================================================================
16/33 Starting processing com.dshine.mtFightLand-1.apk ......
Getting apk info from https://play.google.com/store/apps/details?id=com.dshine.mtFightLand ......
Success to get info from Play Store
The lastest version of com.dshine.mtFightLand-1.apk is  V4.7.02  
Done processing com.dshine.mtFightLand-1.apk
Time Spent:   0 Days 0 Hours 0 Minutes 29 Seconds

============================================================================
17/33 Starting processing com.eoemobile.netmarket-1.apk ......
Getting apk info from https://play.google.com/store/apps/details?id=com.eoemobile.netmarket ......
[ERROR] : Cannot find info of com.eoemobile.netmarket-1.apk on https://play.google.com/store/apps/details?id=com.eoemobile.netmarket !!!
Done processing com.eoemobile.netmarket-1.apk
Time Spent:   0 Days 0 Hours 0 Minutes 30 Seconds

============================================================================
18/33 Starting processing com.haoduolingsheng.RingMore-1.apk ......
Getting apk info from https://play.google.com/store/apps/details?id=com.haoduolingsheng.RingMore ......
Success to get info from Play Store
The lastest version of com.haoduolingsheng.RingMore-1.apk is  2.2.3  
Done processing com.haoduolingsheng.RingMore-1.apk
Time Spent:   0 Days 0 Hours 0 Minutes 32 Seconds

============================================================================
19/33 Starting processing com.haomee.kandongman-1.apk ......
Getting apk info from https://play.google.com/store/apps/details?id=com.haomee.kandongman ......
[ERROR] : Cannot find info of com.haomee.kandongman-1.apk on https://play.google.com/store/apps/details?id=com.haomee.kandongman !!!
Done processing com.haomee.kandongman-1.apk
Time Spent:   0 Days 0 Hours 0 Minutes 33 Seconds

============================================================================
20/33 Starting processing com.hummingbird.zhaoqin.ma-1.apk ......
Getting apk info from https://play.google.com/store/apps/details?id=com.hummingbird.zhaoqin.ma ......
[ERROR] : Cannot find info of com.hummingbird.zhaoqin.ma-1.apk on https://play.google.com/store/apps/details?id=com.hummingbird.zhaoqin.ma !!!
Done processing com.hummingbird.zhaoqin.ma-1.apk
Time Spent:   0 Days 0 Hours 0 Minutes 35 Seconds

============================================================================
21/33 Starting processing com.kuyue.paojiao-1.apk ......
Getting apk info from https://play.google.com/store/apps/details?id=com.kuyue.paojiao ......
[ERROR] : Cannot find info of com.kuyue.paojiao-1.apk on https://play.google.com/store/apps/details?id=com.kuyue.paojiao !!!
Done processing com.kuyue.paojiao-1.apk
Time Spent:   0 Days 0 Hours 0 Minutes 36 Seconds

============================================================================
22/33 Starting processing com.kuyue.zxqitian5-1.apk ......
Getting apk info from https://play.google.com/store/apps/details?id=com.kuyue.zxqitian5 ......
[ERROR] : Cannot find info of com.kuyue.zxqitian5-1.apk on https://play.google.com/store/apps/details?id=com.kuyue.zxqitian5 !!!
Done processing com.kuyue.zxqitian5-1.apk
Time Spent:   0 Days 0 Hours 0 Minutes 37 Seconds

============================================================================
23/33 Starting processing com.lasun.mobile.client.activity-1.apk ......
Getting apk info from https://play.google.com/store/apps/details?id=com.lasun.mobile.client.activity ......
[ERROR] : Cannot find info of com.lasun.mobile.client.activity-1.apk on https://play.google.com/store/apps/details?id=com.lasun.mobile.client.activity !!!
Done processing com.lasun.mobile.client.activity-1.apk
Time Spent:   0 Days 0 Hours 0 Minutes 39 Seconds

============================================================================
24/33 Starting processing com.mobi.livewallpaper.sdj-1.apk ......
Getting apk info from https://play.google.com/store/apps/details?id=com.mobi.livewallpaper.sdj ......
Success to get info from Play Store
The lastest version of com.mobi.livewallpaper.sdj-1.apk is  3.6  
Done processing com.mobi.livewallpaper.sdj-1.apk
Time Spent:   0 Days 0 Hours 0 Minutes 40 Seconds

============================================================================
25/33 Starting processing com.sangdh-1.apk ......
Getting apk info from https://play.google.com/store/apps/details?id=com.sangdh ......
Success to get info from Play Store
The lastest version of com.sangdh-1.apk is  3.5.7  
Done processing com.sangdh-1.apk
Time Spent:   0 Days 0 Hours 0 Minutes 42 Seconds

============================================================================
26/33 Starting processing com.seacow.rxkd.sy8849-1.apk ......
Getting apk info from https://play.google.com/store/apps/details?id=com.seacow.rxkd.sy8849 ......
[ERROR] : Cannot find info of com.seacow.rxkd.sy8849-1.apk on https://play.google.com/store/apps/details?id=com.seacow.rxkd.sy8849 !!!
Done processing com.seacow.rxkd.sy8849-1.apk
Time Spent:   0 Days 0 Hours 0 Minutes 43 Seconds

============================================================================
27/33 Starting processing com.sec.spp.push-1.apk ......
Getting apk info from https://play.google.com/store/apps/details?id=com.sec.spp.push ......
Success to get info from Play Store
The lastest version of com.sec.spp.push-1.apk is  1.2.6.4  
Done processing com.sec.spp.push-1.apk
Time Spent:   0 Days 0 Hours 0 Minutes 45 Seconds

============================================================================
28/33 Starting processing com.snda.wifilocating-1.apk ......
Getting apk info from https://play.google.com/store/apps/details?id=com.snda.wifilocating ......
[ERROR] : Cannot find info of com.snda.wifilocating-1.apk on https://play.google.com/store/apps/details?id=com.snda.wifilocating !!!
Done processing com.snda.wifilocating-1.apk
Time Spent:   0 Days 0 Hours 0 Minutes 47 Seconds

============================================================================
29/33 Starting processing com.tx.cy.xiatu-1.apk ......
Getting apk info from https://play.google.com/store/apps/details?id=com.tx.cy.xiatu ......
[ERROR] : Cannot find info of com.tx.cy.xiatu-1.apk on https://play.google.com/store/apps/details?id=com.tx.cy.xiatu !!!
Done processing com.tx.cy.xiatu-1.apk
Time Spent:   0 Days 0 Hours 0 Minutes 48 Seconds

============================================================================
30/33 Starting processing com.uuwldh-1.apk ......
Getting apk info from https://play.google.com/store/apps/details?id=com.uuwldh ......
Success to get info from Play Store
The lastest version of com.uuwldh-1.apk is  3.6.7  
Done processing com.uuwldh-1.apk
Time Spent:   0 Days 0 Hours 0 Minutes 50 Seconds

============================================================================
31/33 Starting processing com.ux-1.apk ......
Getting apk info from https://play.google.com/store/apps/details?id=com.ux ......
[ERROR] : Cannot find info of com.ux-1.apk on https://play.google.com/store/apps/details?id=com.ux !!!
Done processing com.ux-1.apk
Time Spent:   0 Days 0 Hours 0 Minutes 51 Seconds

============================================================================
32/33 Starting processing com.yinhan.hunter.wandoujia-1.apk ......
Getting apk info from https://play.google.com/store/apps/details?id=com.yinhan.hunter.wandoujia ......
[ERROR] : Cannot find info of com.yinhan.hunter.wandoujia-1.apk on https://play.google.com/store/apps/details?id=com.yinhan.hunter.wandoujia !!!
Done processing com.yinhan.hunter.wandoujia-1.apk
Time Spent:   0 Days 0 Hours 0 Minutes 52 Seconds

============================================================================
33/33 Starting processing org.cocos2dx.shujianol-1.apk ......
Getting apk info from https://play.google.com/store/apps/details?id=org.cocos2dx.shujianol ......
[ERROR] : Cannot find info of org.cocos2dx.shujianol-1.apk on https://play.google.com/store/apps/details?id=org.cocos2dx.shujianol !!!
Done processing org.cocos2dx.shujianol-1.apk
Time Spent:   0 Days 0 Hours 0 Minutes 54 Seconds

============================================================================


**************************************************************
All Done
Total Time:   0 Days 0 Hours 0 Minutes 54 Seconds
Result Location:               /srv/www/htdocs/CV2/app/admin/scan_apk_version//results/AppInfo_2014-03-25-18-02-49.csv
**************************************************************
