Start processing app in list /home/Git-Apk/Updated_list from /home/Git-Apk/All_Apk  ......

============================================================================
1/14 Starting processing com.aceviral.agr-1.apk ......
Getting apk info from https://play.google.com/store/apps/details?id=com.aceviral.agr ......
Success to get info from Play Store
The lastest version of com.aceviral.agr-1.apk is  1.1.4  
Done processing com.aceviral.agr-1.apk
Time Spent:   0 Days 0 Hours 0 Minutes 2 Seconds

============================================================================
2/14 Starting processing com.cjenm.ModooMarbleKakao-1.apk ......
Getting apk info from https://play.google.com/store/apps/details?id=com.cjenm.ModooMarbleKakao ......
Success to get info from Play Store
The lastest version of com.cjenm.ModooMarbleKakao-1.apk is  1.9.22  
Done processing com.cjenm.ModooMarbleKakao-1.apk
Time Spent:   0 Days 0 Hours 0 Minutes 4 Seconds

============================================================================
3/14 Starting processing com.degoo.android.washpet-1.apk ......
Getting apk info from https://play.google.com/store/apps/details?id=com.degoo.android.washpet ......
Success to get info from Play Store
The lastest version of com.degoo.android.washpet-1.apk is  1.1.8  
Done processing com.degoo.android.washpet-1.apk
Time Spent:   0 Days 0 Hours 0 Minutes 6 Seconds

============================================================================
4/14 Starting processing com.disney.frozensaga_goo-1.apk ......
Getting apk info from https://play.google.com/store/apps/details?id=com.disney.frozensaga_goo ......
Success to get info from Play Store
The lastest version of com.disney.frozensaga_goo-1.apk is  1.8.0  
Done processing com.disney.frozensaga_goo-1.apk
Time Spent:   0 Days 0 Hours 0 Minutes 10 Seconds

============================================================================
5/14 Starting processing com.fds.infiniteflight-1.apk ......
Getting apk info from https://play.google.com/store/apps/details?id=com.fds.infiniteflight ......
Success to get info from Play Store
The lastest version of com.fds.infiniteflight-1.apk is  1.6.1  
Done processing com.fds.infiniteflight-1.apk
Time Spent:   0 Days 0 Hours 0 Minutes 13 Seconds

============================================================================
6/14 Starting processing com.imangi.templerun2-1.apk ......
Getting apk info from https://play.google.com/store/apps/details?id=com.imangi.templerun2 ......
Success to get info from Play Store
The lastest version of com.imangi.templerun2-1.apk is  1.9.1  
Done processing com.imangi.templerun2-1.apk
Time Spent:   0 Days 0 Hours 0 Minutes 16 Seconds

============================================================================
7/14 Starting processing com.kitkatandroid.keyboard-1.apk ......
Getting apk info from https://play.google.com/store/apps/details?id=com.kitkatandroid.keyboard ......
Success to get info from Play Store
The lastest version of com.kitkatandroid.keyboard-1.apk is  2.1.4  
Done processing com.kitkatandroid.keyboard-1.apk
Time Spent:   0 Days 0 Hours 0 Minutes 21 Seconds

============================================================================
8/14 Starting processing com.ksmobile.cb-1.apk ......
Getting apk info from https://play.google.com/store/apps/details?id=com.ksmobile.cb ......
Success to get info from Play Store
The lastest version of com.ksmobile.cb-1.apk is  5.0.68  
Done processing com.ksmobile.cb-1.apk
Time Spent:   0 Days 0 Hours 0 Minutes 24 Seconds

============================================================================
9/14 Starting processing com.scopely.slotsvacation-1.apk ......
Getting apk info from https://play.google.com/store/apps/details?id=com.scopely.slotsvacation ......
Success to get info from Play Store
The lastest version of com.scopely.slotsvacation-1.apk is  1.47.3  
Done processing com.scopely.slotsvacation-1.apk
Time Spent:   0 Days 0 Hours 0 Minutes 28 Seconds

============================================================================
10/14 Starting processing com.snkplaymore.android003-1.apk ......
Getting apk info from https://play.google.com/store/apps/details?id=com.snkplaymore.android003 ......
Success to get info from Play Store
The lastest version of com.snkplaymore.android003-1.apk is  1.6.0  
Done processing com.snkplaymore.android003-1.apk
Time Spent:   0 Days 0 Hours 0 Minutes 32 Seconds

============================================================================
11/14 Starting processing com.stac.empire.main-1.apk ......
Getting apk info from https://play.google.com/store/apps/details?id=com.stac.empire.main ......
Success to get info from Play Store
The lastest version of com.stac.empire.main-1.apk is  2.3.34  
Done processing com.stac.empire.main-1.apk
Time Spent:   0 Days 0 Hours 0 Minutes 35 Seconds

============================================================================
12/14 Starting processing com.theonegames.gunshipbattle-1.apk ......
Getting apk info from https://play.google.com/store/apps/details?id=com.theonegames.gunshipbattle ......
Success to get info from Play Store
The lastest version of com.theonegames.gunshipbattle-1.apk is  1.1.9  
Done processing com.theonegames.gunshipbattle-1.apk
Time Spent:   0 Days 0 Hours 0 Minutes 39 Seconds

============================================================================
13/14 Starting processing com.tongwei.blockbreaker-1.apk ......
Getting apk info from https://play.google.com/store/apps/details?id=com.tongwei.blockbreaker ......
Success to get info from Play Store
The lastest version of com.tongwei.blockbreaker-1.apk is  1.6  
Done processing com.tongwei.blockbreaker-1.apk
Time Spent:   0 Days 0 Hours 0 Minutes 43 Seconds

============================================================================
14/14 Starting processing com.venticake.retrica-1.apk ......
Getting apk info from https://play.google.com/store/apps/details?id=com.venticake.retrica ......
Success to get info from Play Store
The lastest version of com.venticake.retrica-1.apk is  2.2  
Done processing com.venticake.retrica-1.apk
Time Spent:   0 Days 0 Hours 0 Minutes 46 Seconds

============================================================================


**************************************************************
All Done
Total Time:   0 Days 0 Hours 0 Minutes 46 Seconds
Result Location:               /srv/www/htdocs/CV2/app/admin/scan_apk_version//results/AppInfo_2014-08-28-18-24-35.csv
**************************************************************
