Start processing app in list /share/Git-Apk/Updated_list from /share/Git-Apk/All_Apk  ......

============================================================================
1/23 Starting processing cn.com.fetion-1.apk ......
Getting apk info from https://play.google.com/store/apps/details?id=cn.com.fetion ......
Success to get info from Play Store
The lastest version of cn.com.fetion-1.apk is  5.3.1  
Done processing cn.com.fetion-1.apk
Time Spent:   0 Days 0 Hours 0 Minutes 3 Seconds

============================================================================
2/23 Starting processing com.alibaba.android.babylon-1.apk ......
Getting apk info from https://play.google.com/store/apps/details?id=com.alibaba.android.babylon ......
Success to get info from Play Store
The lastest version of com.alibaba.android.babylon-1.apk is  4.5.0  
Done processing com.alibaba.android.babylon-1.apk
Time Spent:   0 Days 0 Hours 0 Minutes 5 Seconds

============================================================================
3/23 Starting processing com.baidu.iknow-1.apk ......
Getting apk info from https://play.google.com/store/apps/details?id=com.baidu.iknow ......
Success to get info from Play Store
The lastest version of com.baidu.iknow-1.apk is  3.5.2  
Done processing com.baidu.iknow-1.apk
Time Spent:   0 Days 0 Hours 0 Minutes 7 Seconds

============================================================================
4/23 Starting processing com.bianfeng.swear-1.apk ......
Getting apk info from https://play.google.com/store/apps/details?id=com.bianfeng.swear ......
[ERROR] : Cannot find info of com.bianfeng.swear-1.apk on https://play.google.com/store/apps/details?id=com.bianfeng.swear !!!
Done processing com.bianfeng.swear-1.apk
Time Spent:   0 Days 0 Hours 0 Minutes 8 Seconds

============================================================================
5/23 Starting processing com.com2us.inotia4.normal.freefull.google.cn.android.common-1.apk ......
Getting apk info from https://play.google.com/store/apps/details?id=com.com2us.inotia4.normal.freefull.google.cn.android.common ......
Success to get info from Play Store
The lastest version of com.com2us.inotia4.normal.freefull.google.cn.android.common-1.apk is  1.1.5.GC  
Done processing com.com2us.inotia4.normal.freefull.google.cn.android.common-1.apk
Time Spent:   0 Days 0 Hours 0 Minutes 11 Seconds

============================================================================
6/23 Starting processing com.duotin.fm-1.apk ......
Getting apk info from https://play.google.com/store/apps/details?id=com.duotin.fm ......
Success to get info from Play Store
The lastest version of com.duotin.fm-1.apk is  1.4.1  
Done processing com.duotin.fm-1.apk
Time Spent:   0 Days 0 Hours 0 Minutes 13 Seconds

============================================================================
7/23 Starting processing com.fallentreegames.quellreflect-1.apk ......
Getting apk info from https://play.google.com/store/apps/details?id=com.fallentreegames.quellreflect ......
Success to get info from Play Store
The lastest version of com.fallentreegames.quellreflect-1.apk is    Varies with device  
Done processing com.fallentreegames.quellreflect-1.apk
Time Spent:   0 Days 0 Hours 0 Minutes 15 Seconds

============================================================================
8/23 Starting processing com.google.android.apps.maps-1.apk ......
Getting apk info from https://play.google.com/store/apps/details?id=com.google.android.apps.maps ......
Success to get info from Play Store
The lastest version of com.google.android.apps.maps-1.apk is    Varies with device  
Done processing com.google.android.apps.maps-1.apk
Time Spent:   0 Days 0 Hours 0 Minutes 18 Seconds

============================================================================
9/23 Starting processing com.interrupt.dungeoneer-1.apk ......
Getting apk info from https://play.google.com/store/apps/details?id=com.interrupt.dungeoneer ......
Success to get info from Play Store
The lastest version of com.interrupt.dungeoneer-1.apk is  0.86b  
Done processing com.interrupt.dungeoneer-1.apk
Time Spent:   0 Days 0 Hours 0 Minutes 20 Seconds

============================================================================
10/23 Starting processing com.jundroo.simplerockets-1.apk ......
Getting apk info from https://play.google.com/store/apps/details?id=com.jundroo.simplerockets ......
Success to get info from Play Store
The lastest version of com.jundroo.simplerockets-1.apk is  1.5.8  
Done processing com.jundroo.simplerockets-1.apk
Time Spent:   0 Days 0 Hours 0 Minutes 23 Seconds

============================================================================
11/23 Starting processing com.kuxun.scliang.plane-1.apk ......
Getting apk info from https://play.google.com/store/apps/details?id=com.kuxun.scliang.plane ......
Success to get info from Play Store
The lastest version of com.kuxun.scliang.plane-1.apk is  4.5.1  
Done processing com.kuxun.scliang.plane-1.apk
Time Spent:   0 Days 0 Hours 0 Minutes 25 Seconds

============================================================================
12/23 Starting processing com.letv.android.client-1.apk ......
Getting apk info from https://play.google.com/store/apps/details?id=com.letv.android.client ......
Success to get info from Play Store
The lastest version of com.letv.android.client-1.apk is  5.2  
Done processing com.letv.android.client-1.apk
Time Spent:   0 Days 0 Hours 0 Minutes 27 Seconds

============================================================================
13/23 Starting processing com.moxiu.launcher-1.apk ......
Getting apk info from https://play.google.com/store/apps/details?id=com.moxiu.launcher ......
[ERROR] : Cannot find info of com.moxiu.launcher-1.apk on https://play.google.com/store/apps/details?id=com.moxiu.launcher !!!
Done processing com.moxiu.launcher-1.apk
Time Spent:   0 Days 0 Hours 0 Minutes 28 Seconds

============================================================================
14/23 Starting processing com.netease.newsreader.activity-1.apk ......
Getting apk info from https://play.google.com/store/apps/details?id=com.netease.newsreader.activity ......
Success to get info from Play Store
The lastest version of com.netease.newsreader.activity-1.apk is  3.7.6  
Done processing com.netease.newsreader.activity-1.apk
Time Spent:   0 Days 0 Hours 0 Minutes 31 Seconds

============================================================================
15/23 Starting processing com.qigame.lock-1.apk ......
Getting apk info from https://play.google.com/store/apps/details?id=com.qigame.lock ......
[ERROR] : Cannot find info of com.qigame.lock-1.apk on https://play.google.com/store/apps/details?id=com.qigame.lock !!!
Done processing com.qigame.lock-1.apk
Time Spent:   0 Days 0 Hours 0 Minutes 32 Seconds

============================================================================
16/23 Starting processing com.qihoo360.launcher-1.apk ......
Getting apk info from https://play.google.com/store/apps/details?id=com.qihoo360.launcher ......
Success to get info from Play Store
The lastest version of com.qihoo360.launcher-1.apk is  5.4.2  
Done processing com.qihoo360.launcher-1.apk
Time Spent:   0 Days 0 Hours 0 Minutes 35 Seconds

============================================================================
17/23 Starting processing com.qq.ac.android-1.apk ......
Getting apk info from https://play.google.com/store/apps/details?id=com.qq.ac.android ......
[ERROR] : Cannot find info of com.qq.ac.android-1.apk on https://play.google.com/store/apps/details?id=com.qq.ac.android !!!
Done processing com.qq.ac.android-1.apk
Time Spent:   0 Days 0 Hours 0 Minutes 36 Seconds

============================================================================
18/23 Starting processing com.shoujiduoduo.ringtone-1.apk ......
Getting apk info from https://play.google.com/store/apps/details?id=com.shoujiduoduo.ringtone ......
[ERROR] : Cannot find info of com.shoujiduoduo.ringtone-1.apk on https://play.google.com/store/apps/details?id=com.shoujiduoduo.ringtone !!!
Done processing com.shoujiduoduo.ringtone-1.apk
Time Spent:   0 Days 0 Hours 0 Minutes 37 Seconds

============================================================================
19/23 Starting processing com.sohu.auto.sohuauto-1.apk ......
Getting apk info from https://play.google.com/store/apps/details?id=com.sohu.auto.sohuauto ......
Success to get info from Play Store
The lastest version of com.sohu.auto.sohuauto-1.apk is  3.1.0  
Done processing com.sohu.auto.sohuauto-1.apk
Time Spent:   0 Days 0 Hours 0 Minutes 40 Seconds

============================================================================
20/23 Starting processing com.wandoujia.phoenix2-1.apk ......
Getting apk info from https://play.google.com/store/apps/details?id=com.wandoujia.phoenix2 ......
[ERROR] : Cannot find info of com.wandoujia.phoenix2-1.apk on https://play.google.com/store/apps/details?id=com.wandoujia.phoenix2 !!!
Done processing com.wandoujia.phoenix2-1.apk
Time Spent:   0 Days 0 Hours 0 Minutes 41 Seconds

============================================================================
21/23 Starting processing com.zhangdan.app-1.apk ......
Getting apk info from https://play.google.com/store/apps/details?id=com.zhangdan.app ......
Success to get info from Play Store
The lastest version of com.zhangdan.app-1.apk is  4.9.2  
Done processing com.zhangdan.app-1.apk
Time Spent:   0 Days 0 Hours 0 Minutes 43 Seconds

============================================================================
22/23 Starting processing jp.co.applibot.legend.android-1.apk ......
Getting apk info from https://play.google.com/store/apps/details?id=jp.co.applibot.legend.android ......
Success to get info from Play Store
The lastest version of jp.co.applibot.legend.android-1.apk is  6.7  
Done processing jp.co.applibot.legend.android-1.apk
Time Spent:   0 Days 0 Hours 0 Minutes 45 Seconds

============================================================================
23/23 Starting processing wind.android-1.apk ......
Getting apk info from https://play.google.com/store/apps/details?id=wind.android ......
Success to get info from Play Store
The lastest version of wind.android-1.apk is  4.4.2  
Done processing wind.android-1.apk
Time Spent:   0 Days 0 Hours 0 Minutes 48 Seconds

============================================================================


**************************************************************
All Done
Total Time:   0 Days 0 Hours 0 Minutes 48 Seconds
Result Location:               /srv/www/htdocs/CV2/app/admin/scan_apk_version//results/AppInfo_2014-02-21-15-10-07.csv
**************************************************************
