Start processing app in list /home/Git-Apk/Updated_list from /home/Git-Apk/All_Apk  ......

============================================================================
1/17 Starting processing air.com.sq.atlantis-1.apk ......
Getting apk info from https://play.google.com/store/apps/details?id=air.com.sq.atlantis ......
Success to get info from Play Store
The lastest version of air.com.sq.atlantis-1.apk is  1.9.0  
Done processing air.com.sq.atlantis-1.apk
Time Spent:   0 Days 0 Hours 0 Minutes 6 Seconds

============================================================================
2/17 Starting processing com.chinamworld.main-1.apk ......
Getting apk info from https://play.google.com/store/apps/details?id=com.chinamworld.main ......
Success to get info from Play Store
The lastest version of com.chinamworld.main-1.apk is  3.00  
Done processing com.chinamworld.main-1.apk
Time Spent:   0 Days 0 Hours 0 Minutes 11 Seconds

============================================================================
3/17 Starting processing com.fde.avpevolution-1.apk ......
Getting apk info from https://play.google.com/store/apps/details?id=com.fde.avpevolution ......
Success to get info from Play Store
The lastest version of com.fde.avpevolution-1.apk is    Varies with device  
Done processing com.fde.avpevolution-1.apk
Time Spent:   0 Days 0 Hours 0 Minutes 15 Seconds

============================================================================
4/17 Starting processing com.funcity.taxi.passenger-1.apk ......
Getting apk info from https://play.google.com/store/apps/details?id=com.funcity.taxi.passenger ......
Success to get info from Play Store
The lastest version of com.funcity.taxi.passenger-1.apk is  3.2.1  
Done processing com.funcity.taxi.passenger-1.apk
Time Spent:   0 Days 0 Hours 0 Minutes 19 Seconds

============================================================================
5/17 Starting processing com.iflytek.inputmethod-1.apk ......
Getting apk info from https://play.google.com/store/apps/details?id=com.iflytek.inputmethod ......
[ERROR] : Cannot find info of com.iflytek.inputmethod-1.apk on https://play.google.com/store/apps/details?id=com.iflytek.inputmethod !!!
Done processing com.iflytek.inputmethod-1.apk
Time Spent:   0 Days 0 Hours 0 Minutes 20 Seconds

============================================================================
6/17 Starting processing com.intsig.BizCardReader-1.apk ......
Getting apk info from https://play.google.com/store/apps/details?id=com.intsig.BizCardReader ......
Success to get info from Play Store
The lastest version of com.intsig.BizCardReader-1.apk is  5.1.2.20140617  
Done processing com.intsig.BizCardReader-1.apk
Time Spent:   0 Days 0 Hours 0 Minutes 25 Seconds

============================================================================
7/17 Starting processing com.moxiu.launcher-1.apk ......
Getting apk info from https://play.google.com/store/apps/details?id=com.moxiu.launcher ......
[ERROR] : Cannot find info of com.moxiu.launcher-1.apk on https://play.google.com/store/apps/details?id=com.moxiu.launcher !!!
Done processing com.moxiu.launcher-1.apk
Time Spent:   0 Days 0 Hours 0 Minutes 26 Seconds

============================================================================
8/17 Starting processing com.ophone.reader.ui-1.apk ......
Getting apk info from https://play.google.com/store/apps/details?id=com.ophone.reader.ui ......
[ERROR] : Cannot find info of com.ophone.reader.ui-1.apk on https://play.google.com/store/apps/details?id=com.ophone.reader.ui !!!
Done processing com.ophone.reader.ui-1.apk
Time Spent:   0 Days 0 Hours 0 Minutes 27 Seconds

============================================================================
9/17 Starting processing com.oupeng.mini.android-1.apk ......
Getting apk info from https://play.google.com/store/apps/details?id=com.oupeng.mini.android ......
Success to get info from Play Store
The lastest version of com.oupeng.mini.android-1.apk is  7.7.2  
Done processing com.oupeng.mini.android-1.apk
Time Spent:   0 Days 0 Hours 0 Minutes 33 Seconds

============================================================================
10/17 Starting processing com.qihoo360.mobilesafe.opti.powerctl-1.apk ......
Getting apk info from https://play.google.com/store/apps/details?id=com.qihoo360.mobilesafe.opti.powerctl ......
[ERROR] : Cannot find info of com.qihoo360.mobilesafe.opti.powerctl-1.apk on https://play.google.com/store/apps/details?id=com.qihoo360.mobilesafe.opti.powerctl !!!
Done processing com.qihoo360.mobilesafe.opti.powerctl-1.apk
Time Spent:   0 Days 0 Hours 0 Minutes 34 Seconds

============================================================================
11/17 Starting processing com.sogou.map.android.maps-1.apk ......
Getting apk info from https://play.google.com/store/apps/details?id=com.sogou.map.android.maps ......
Success to get info from Play Store
The lastest version of com.sogou.map.android.maps-1.apk is  5.1.0  
Done processing com.sogou.map.android.maps-1.apk
Time Spent:   0 Days 0 Hours 0 Minutes 39 Seconds

============================================================================
12/17 Starting processing com.wandoujia.phoenix2-1.apk ......
Getting apk info from https://play.google.com/store/apps/details?id=com.wandoujia.phoenix2 ......
[ERROR] : Cannot find info of com.wandoujia.phoenix2-1.apk on https://play.google.com/store/apps/details?id=com.wandoujia.phoenix2 !!!
Done processing com.wandoujia.phoenix2-1.apk
Time Spent:   0 Days 0 Hours 0 Minutes 40 Seconds

============================================================================
13/17 Starting processing com.xunlei.kankan-1.apk ......
Getting apk info from https://play.google.com/store/apps/details?id=com.xunlei.kankan ......
[ERROR] : Cannot find info of com.xunlei.kankan-1.apk on https://play.google.com/store/apps/details?id=com.xunlei.kankan !!!
Done processing com.xunlei.kankan-1.apk
Time Spent:   0 Days 0 Hours 0 Minutes 42 Seconds

============================================================================
14/17 Starting processing com.zdworks.android.zdclock-1.apk ......
Getting apk info from https://play.google.com/store/apps/details?id=com.zdworks.android.zdclock ......
Success to get info from Play Store
The lastest version of com.zdworks.android.zdclock-1.apk is  4.8.498  
Done processing com.zdworks.android.zdclock-1.apk
Time Spent:   0 Days 0 Hours 0 Minutes 48 Seconds

============================================================================
15/17 Starting processing jp.co.beeworks.mushroomDX-1.apk ......
Getting apk info from https://play.google.com/store/apps/details?id=jp.co.beeworks.mushroomDX ......
Success to get info from Play Store
The lastest version of jp.co.beeworks.mushroomDX-1.apk is  1.16.0  
Done processing jp.co.beeworks.mushroomDX-1.apk
Time Spent:   0 Days 0 Hours 0 Minutes 54 Seconds

============================================================================
16/17 Starting processing ly.pp.justpiano-1.apk ......
Getting apk info from https://play.google.com/store/apps/details?id=ly.pp.justpiano ......
Success to get info from Play Store
The lastest version of ly.pp.justpiano-1.apk is  3.8  
Done processing ly.pp.justpiano-1.apk
Time Spent:   0 Days 0 Hours 1 Minutes 0 Seconds

============================================================================
17/17 Starting processing me.papa-1.apk ......
Getting apk info from https://play.google.com/store/apps/details?id=me.papa ......
Success to get info from Play Store
The lastest version of me.papa-1.apk is  4.2.1  
Done processing me.papa-1.apk
Time Spent:   0 Days 0 Hours 1 Minutes 6 Seconds

============================================================================


**************************************************************
All Done
Total Time:   0 Days 0 Hours 1 Minutes 6 Seconds
Result Location:               /srv/www/htdocs/CV2/app/admin/scan_apk_version//results/AppInfo_2014-08-12-10-45-14.csv
**************************************************************
