Start processing app in list /home/Git-Apk/Updated_list from /home/Git-Apk/All_Apk  ......

============================================================================
1/57 Starting processing air.com.cmstudio.weirdTrollfaceMatch-1.apk ......
Getting apk info from https://play.google.com/store/apps/details?id=air.com.cmstudio.weirdTrollfaceMatch ......
Success to get info from Play Store
The lastest version of air.com.cmstudio.weirdTrollfaceMatch-1.apk is  1.0.3  
Done processing air.com.cmstudio.weirdTrollfaceMatch-1.apk
Time Spent:   0 Days 0 Hours 0 Minutes 9 Seconds

============================================================================
2/57 Starting processing air.com.ifree.cardCHS-1.apk ......
Getting apk info from https://play.google.com/store/apps/details?id=air.com.ifree.cardCHS ......
[ERROR] : Cannot find info of air.com.ifree.cardCHS-1.apk on https://play.google.com/store/apps/details?id=air.com.ifree.cardCHS !!!
Done processing air.com.ifree.cardCHS-1.apk
Time Spent:   0 Days 0 Hours 0 Minutes 12 Seconds

============================================================================
3/57 Starting processing air.com.tencent.qqfarmios-1.apk ......
Getting apk info from https://play.google.com/store/apps/details?id=air.com.tencent.qqfarmios ......
[ERROR] : Cannot find info of air.com.tencent.qqfarmios-1.apk on https://play.google.com/store/apps/details?id=air.com.tencent.qqfarmios !!!
Done processing air.com.tencent.qqfarmios-1.apk
Time Spent:   0 Days 0 Hours 0 Minutes 15 Seconds

============================================================================
4/57 Starting processing air.com.uuzu.mjhapk.gwan-1.apk ......
Getting apk info from https://play.google.com/store/apps/details?id=air.com.uuzu.mjhapk.gwan ......
[ERROR] : Cannot find info of air.com.uuzu.mjhapk.gwan-1.apk on https://play.google.com/store/apps/details?id=air.com.uuzu.mjhapk.gwan !!!
Done processing air.com.uuzu.mjhapk.gwan-1.apk
Time Spent:   0 Days 0 Hours 0 Minutes 17 Seconds

============================================================================
5/57 Starting processing cn.mama.activity-1.apk ......
Getting apk info from https://play.google.com/store/apps/details?id=cn.mama.activity ......
Success to get info from Play Store
The lastest version of cn.mama.activity-1.apk is  3.3.0  
Done processing cn.mama.activity-1.apk
Time Spent:   0 Days 0 Hours 0 Minutes 28 Seconds

============================================================================
6/57 Starting processing com.baidu.BaiduMap-1.apk ......
Getting apk info from https://play.google.com/store/apps/details?id=com.baidu.BaiduMap ......
Success to get info from Play Store
The lastest version of com.baidu.BaiduMap-1.apk is  7.0.3  
Done processing com.baidu.BaiduMap-1.apk
Time Spent:   0 Days 0 Hours 0 Minutes 37 Seconds

============================================================================
7/57 Starting processing com.baidu.input-1.apk ......
Getting apk info from https://play.google.com/store/apps/details?id=com.baidu.input ......
[ERROR] : Cannot find info of com.baidu.input-1.apk on https://play.google.com/store/apps/details?id=com.baidu.input !!!
Done processing com.baidu.input-1.apk
Time Spent:   0 Days 0 Hours 0 Minutes 38 Seconds

============================================================================
8/57 Starting processing com.bjlxtech.race.chsz-1.apk ......
Getting apk info from https://play.google.com/store/apps/details?id=com.bjlxtech.race.chsz ......
[ERROR] : Cannot find info of com.bjlxtech.race.chsz-1.apk on https://play.google.com/store/apps/details?id=com.bjlxtech.race.chsz !!!
Done processing com.bjlxtech.race.chsz-1.apk
Time Spent:   0 Days 0 Hours 0 Minutes 40 Seconds

============================================================================
9/57 Starting processing com.boyaa.lordland.sina-1.apk ......
Getting apk info from https://play.google.com/store/apps/details?id=com.boyaa.lordland.sina ......
[ERROR] : Cannot find info of com.boyaa.lordland.sina-1.apk on https://play.google.com/store/apps/details?id=com.boyaa.lordland.sina !!!
Done processing com.boyaa.lordland.sina-1.apk
Time Spent:   0 Days 0 Hours 0 Minutes 41 Seconds

============================================================================
10/57 Starting processing com.changba-1.apk ......
Getting apk info from https://play.google.com/store/apps/details?id=com.changba ......
Success to get info from Play Store
The lastest version of com.changba-1.apk is  4.0.0  
Done processing com.changba-1.apk
Time Spent:   0 Days 0 Hours 0 Minutes 48 Seconds

============================================================================
11/57 Starting processing com.cleanmaster.mguard_cn-1.apk ......
Getting apk info from https://play.google.com/store/apps/details?id=com.cleanmaster.mguard_cn ......
Success to get info from Play Store
The lastest version of com.cleanmaster.mguard_cn-1.apk is  5.5.1  
Done processing com.cleanmaster.mguard_cn-1.apk
Time Spent:   0 Days 0 Hours 1 Minutes 1 Seconds

============================================================================
12/57 Starting processing com.duokan.reader-1.apk ......
Getting apk info from https://play.google.com/store/apps/details?id=com.duokan.reader ......
Success to get info from Play Store
The lastest version of com.duokan.reader-1.apk is  3.0.4  
Done processing com.duokan.reader-1.apk
Time Spent:   0 Days 0 Hours 1 Minutes 11 Seconds

============================================================================
13/57 Starting processing com.duowan.lolbox-1.apk ......
Getting apk info from https://play.google.com/store/apps/details?id=com.duowan.lolbox ......
[ERROR] : Cannot find info of com.duowan.lolbox-1.apk on https://play.google.com/store/apps/details?id=com.duowan.lolbox !!!
Done processing com.duowan.lolbox-1.apk
Time Spent:   0 Days 0 Hours 1 Minutes 13 Seconds

============================================================================
14/57 Starting processing com.ejiuwu.qpbuyuwdj-1.apk ......
Getting apk info from https://play.google.com/store/apps/details?id=com.ejiuwu.qpbuyuwdj ......
[ERROR] : Cannot find info of com.ejiuwu.qpbuyuwdj-1.apk on https://play.google.com/store/apps/details?id=com.ejiuwu.qpbuyuwdj !!!
Done processing com.ejiuwu.qpbuyuwdj-1.apk
Time Spent:   0 Days 0 Hours 1 Minutes 14 Seconds

============================================================================
15/57 Starting processing com.gameloft.android.GAND.GloftSMIF-1.apk ......
Getting apk info from https://play.google.com/store/apps/details?id=com.gameloft.android.GAND.GloftSMIF ......
[ERROR] : Cannot find info of com.gameloft.android.GAND.GloftSMIF-1.apk on https://play.google.com/store/apps/details?id=com.gameloft.android.GAND.GloftSMIF !!!
Done processing com.gameloft.android.GAND.GloftSMIF-1.apk
Time Spent:   0 Days 0 Hours 1 Minutes 16 Seconds

============================================================================
16/57 Starting processing com.ganji.android-1.apk ......
Getting apk info from https://play.google.com/store/apps/details?id=com.ganji.android ......
[ERROR] : Cannot find info of com.ganji.android-1.apk on https://play.google.com/store/apps/details?id=com.ganji.android !!!
Done processing com.ganji.android-1.apk
Time Spent:   0 Days 0 Hours 1 Minutes 18 Seconds

============================================================================
17/57 Starting processing com.haowan123.fanxian.platform553-1.apk ......
Getting apk info from https://play.google.com/store/apps/details?id=com.haowan123.fanxian.platform553 ......
[ERROR] : Cannot find info of com.haowan123.fanxian.platform553-1.apk on https://play.google.com/store/apps/details?id=com.haowan123.fanxian.platform553 !!!
Done processing com.haowan123.fanxian.platform553-1.apk
Time Spent:   0 Days 0 Hours 1 Minutes 19 Seconds

============================================================================
18/57 Starting processing com.happyelements.AndroidAnimal.qq-1.apk ......
Getting apk info from https://play.google.com/store/apps/details?id=com.happyelements.AndroidAnimal.qq ......
[ERROR] : Cannot find info of com.happyelements.AndroidAnimal.qq-1.apk on https://play.google.com/store/apps/details?id=com.happyelements.AndroidAnimal.qq !!!
Done processing com.happyelements.AndroidAnimal.qq-1.apk
Time Spent:   0 Days 0 Hours 1 Minutes 21 Seconds

============================================================================
19/57 Starting processing com.happyelements.AndroidAnimal.wdj-1.apk ......
Getting apk info from https://play.google.com/store/apps/details?id=com.happyelements.AndroidAnimal.wdj ......
[ERROR] : Cannot find info of com.happyelements.AndroidAnimal.wdj-1.apk on https://play.google.com/store/apps/details?id=com.happyelements.AndroidAnimal.wdj !!!
Done processing com.happyelements.AndroidAnimal.wdj-1.apk
Time Spent:   0 Days 0 Hours 1 Minutes 22 Seconds

============================================================================
20/57 Starting processing com.huizheng.tcrl-1.apk ......
Getting apk info from https://play.google.com/store/apps/details?id=com.huizheng.tcrl ......
[ERROR] : Cannot find info of com.huizheng.tcrl-1.apk on https://play.google.com/store/apps/details?id=com.huizheng.tcrl !!!
Done processing com.huizheng.tcrl-1.apk
Time Spent:   0 Days 0 Hours 1 Minutes 23 Seconds

============================================================================
21/57 Starting processing com.joym.xiongdakuaipao-1.apk ......
Getting apk info from https://play.google.com/store/apps/details?id=com.joym.xiongdakuaipao ......
Success to get info from Play Store
The lastest version of com.joym.xiongdakuaipao-1.apk is  1.0.4  
Done processing com.joym.xiongdakuaipao-1.apk
Time Spent:   0 Days 0 Hours 1 Minutes 30 Seconds

============================================================================
22/57 Starting processing com.june.game.doudizhu-1.apk ......
Getting apk info from https://play.google.com/store/apps/details?id=com.june.game.doudizhu ......
Success to get info from Play Store
The lastest version of com.june.game.doudizhu-1.apk is  2.2.6  
Done processing com.june.game.doudizhu-1.apk
Time Spent:   0 Days 0 Hours 1 Minutes 37 Seconds

============================================================================
23/57 Starting processing com.meitu.meipaimv-1.apk ......
Getting apk info from https://play.google.com/store/apps/details?id=com.meitu.meipaimv ......
Success to get info from Play Store
The lastest version of com.meitu.meipaimv-1.apk is  1.0.0  
Done processing com.meitu.meipaimv-1.apk
Time Spent:   0 Days 0 Hours 1 Minutes 43 Seconds

============================================================================
24/57 Starting processing com.meitu.meiyancamera-1.apk ......
Getting apk info from https://play.google.com/store/apps/details?id=com.meitu.meiyancamera ......
Success to get info from Play Store
The lastest version of com.meitu.meiyancamera-1.apk is  2.3.0  
Done processing com.meitu.meiyancamera-1.apk
Time Spent:   0 Days 0 Hours 1 Minutes 53 Seconds

============================================================================
25/57 Starting processing com.mojang.minecraftpe-1.apk ......
Getting apk info from https://play.google.com/store/apps/details?id=com.mojang.minecraftpe ......
Success to get info from Play Store
The lastest version of com.mojang.minecraftpe-1.apk is    Varies with device  
Done processing com.mojang.minecraftpe-1.apk
Time Spent:   0 Days 0 Hours 2 Minutes 1 Seconds

============================================================================
26/57 Starting processing com.mt.mtxx.mtxx-1.apk ......
Getting apk info from https://play.google.com/store/apps/details?id=com.mt.mtxx.mtxx ......
Success to get info from Play Store
The lastest version of com.mt.mtxx.mtxx-1.apk is  3.8.1  
Done processing com.mt.mtxx.mtxx-1.apk
Time Spent:   0 Days 0 Hours 2 Minutes 16 Seconds

============================================================================
27/57 Starting processing com.netease.cloudmusic-1.apk ......
Getting apk info from https://play.google.com/store/apps/details?id=com.netease.cloudmusic ......
Success to get info from Play Store
The lastest version of com.netease.cloudmusic-1.apk is  1.7.6  
Done processing com.netease.cloudmusic-1.apk
Time Spent:   0 Days 0 Hours 2 Minutes 29 Seconds

============================================================================
28/57 Starting processing com.netease.game.fruitflow-1.apk ......
Getting apk info from https://play.google.com/store/apps/details?id=com.netease.game.fruitflow ......
[ERROR] : Cannot find info of com.netease.game.fruitflow-1.apk on https://play.google.com/store/apps/details?id=com.netease.game.fruitflow !!!
Done processing com.netease.game.fruitflow-1.apk
Time Spent:   0 Days 0 Hours 2 Minutes 31 Seconds

============================================================================
29/57 Starting processing com.netease.mobimail-1.apk ......
Getting apk info from https://play.google.com/store/apps/details?id=com.netease.mobimail ......
Success to get info from Play Store
The lastest version of com.netease.mobimail-1.apk is  3.1.2  
Done processing com.netease.mobimail-1.apk
Time Spent:   0 Days 0 Hours 2 Minutes 43 Seconds

============================================================================
30/57 Starting processing com.netease.newsreader.activity-1.apk ......
Getting apk info from https://play.google.com/store/apps/details?id=com.netease.newsreader.activity ......
Success to get info from Play Store
The lastest version of com.netease.newsreader.activity-1.apk is  3.9.1  
Done processing com.netease.newsreader.activity-1.apk
Time Spent:   0 Days 0 Hours 2 Minutes 57 Seconds

============================================================================
31/57 Starting processing com.netease.rz-1.apk ......
Getting apk info from https://play.google.com/store/apps/details?id=com.netease.rz ......
[ERROR] : Cannot find info of com.netease.rz-1.apk on https://play.google.com/store/apps/details?id=com.netease.rz !!!
Done processing com.netease.rz-1.apk
Time Spent:   0 Days 0 Hours 2 Minutes 59 Seconds

============================================================================
32/57 Starting processing com.netease.rz.wdj-1.apk ......
Getting apk info from https://play.google.com/store/apps/details?id=com.netease.rz.wdj ......
[ERROR] : Cannot find info of com.netease.rz.wdj-1.apk on https://play.google.com/store/apps/details?id=com.netease.rz.wdj !!!
Done processing com.netease.rz.wdj-1.apk
Time Spent:   0 Days 0 Hours 3 Minutes 1 Seconds

============================================================================
33/57 Starting processing com.netease.xym-1.apk ......
Getting apk info from https://play.google.com/store/apps/details?id=com.netease.xym ......
[ERROR] : Cannot find info of com.netease.xym-1.apk on https://play.google.com/store/apps/details?id=com.netease.xym !!!
Done processing com.netease.xym-1.apk
Time Spent:   0 Days 0 Hours 3 Minutes 8 Seconds

============================================================================
34/57 Starting processing com.noumena.android.cmgc.m1-1.apk ......
Getting apk info from https://play.google.com/store/apps/details?id=com.noumena.android.cmgc.m1 ......
[ERROR] : Cannot find info of com.noumena.android.cmgc.m1-1.apk on https://play.google.com/store/apps/details?id=com.noumena.android.cmgc.m1 !!!
Done processing com.noumena.android.cmgc.m1-1.apk
Time Spent:   0 Days 0 Hours 3 Minutes 11 Seconds

============================================================================
35/57 Starting processing com.nuomi-1.apk ......
Getting apk info from https://play.google.com/store/apps/details?id=com.nuomi ......
[ERROR] : Cannot find info of com.nuomi-1.apk on https://play.google.com/store/apps/details?id=com.nuomi !!!
Done processing com.nuomi-1.apk
Time Spent:   0 Days 0 Hours 3 Minutes 13 Seconds

============================================================================
36/57 Starting processing com.popcap.pvz2cthdwdj-1.apk ......
Getting apk info from https://play.google.com/store/apps/details?id=com.popcap.pvz2cthdwdj ......
[ERROR] : Cannot find info of com.popcap.pvz2cthdwdj-1.apk on https://play.google.com/store/apps/details?id=com.popcap.pvz2cthdwdj !!!
Done processing com.popcap.pvz2cthdwdj-1.apk
Time Spent:   0 Days 0 Hours 3 Minutes 15 Seconds

============================================================================
37/57 Starting processing com.quvideo.xiaoying-1.apk ......
Getting apk info from https://play.google.com/store/apps/details?id=com.quvideo.xiaoying ......
Success to get info from Play Store
The lastest version of com.quvideo.xiaoying-1.apk is  3.1.0  
Done processing com.quvideo.xiaoying-1.apk
Time Spent:   0 Days 0 Hours 3 Minutes 24 Seconds

============================================================================
38/57 Starting processing com.shoujiduoduo.ringtone-1.apk ......
Getting apk info from https://play.google.com/store/apps/details?id=com.shoujiduoduo.ringtone ......
[ERROR] : Cannot find info of com.shoujiduoduo.ringtone-1.apk on https://play.google.com/store/apps/details?id=com.shoujiduoduo.ringtone !!!
Done processing com.shoujiduoduo.ringtone-1.apk
Time Spent:   0 Days 0 Hours 3 Minutes 26 Seconds

============================================================================
39/57 Starting processing com.soco.veggies2_youyi-1.apk ......
Getting apk info from https://play.google.com/store/apps/details?id=com.soco.veggies2_youyi ......
[ERROR] : Cannot find info of com.soco.veggies2_youyi-1.apk on https://play.google.com/store/apps/details?id=com.soco.veggies2_youyi !!!
Done processing com.soco.veggies2_youyi-1.apk
Time Spent:   0 Days 0 Hours 3 Minutes 28 Seconds

============================================================================
40/57 Starting processing com.tencent.JWX-1.apk ......
Getting apk info from https://play.google.com/store/apps/details?id=com.tencent.JWX ......
Success to get info from Play Store
The lastest version of com.tencent.JWX-1.apk is  1.0  
Done processing com.tencent.JWX-1.apk
Time Spent:   0 Days 0 Hours 3 Minutes 38 Seconds

============================================================================
41/57 Starting processing com.tencent.Q108-1.apk ......
Getting apk info from https://play.google.com/store/apps/details?id=com.tencent.Q108 ......
[ERROR] : Cannot find info of com.tencent.Q108-1.apk on https://play.google.com/store/apps/details?id=com.tencent.Q108 !!!
Done processing com.tencent.Q108-1.apk
Time Spent:   0 Days 0 Hours 3 Minutes 40 Seconds

============================================================================
42/57 Starting processing com.tencent.tmgp.zhanxian-1.apk ......
Getting apk info from https://play.google.com/store/apps/details?id=com.tencent.tmgp.zhanxian ......
[ERROR] : Cannot find info of com.tencent.tmgp.zhanxian-1.apk on https://play.google.com/store/apps/details?id=com.tencent.tmgp.zhanxian !!!
Done processing com.tencent.tmgp.zhanxian-1.apk
Time Spent:   0 Days 0 Hours 3 Minutes 43 Seconds

============================================================================
43/57 Starting processing com.tencent.token-1.apk ......
Getting apk info from https://play.google.com/store/apps/details?id=com.tencent.token ......
Success to get info from Play Store
The lastest version of com.tencent.token-1.apk is  2.5.0  
Done processing com.tencent.token-1.apk
Time Spent:   0 Days 0 Hours 4 Minutes 0 Seconds

============================================================================
44/57 Starting processing com.tuyoo.doudizhu.main-1.apk ......
Getting apk info from https://play.google.com/store/apps/details?id=com.tuyoo.doudizhu.main ......
Success to get info from Play Store
The lastest version of com.tuyoo.doudizhu.main-1.apk is  2.71  
Done processing com.tuyoo.doudizhu.main-1.apk
Time Spent:   0 Days 0 Hours 4 Minutes 6 Seconds

============================================================================
45/57 Starting processing com.ucamera.ucam-1.apk ......
Getting apk info from https://play.google.com/store/apps/details?id=com.ucamera.ucam ......
Success to get info from Play Store
The lastest version of com.ucamera.ucam-1.apk is  4.2.8.061101  
Done processing com.ucamera.ucam-1.apk
Time Spent:   0 Days 0 Hours 4 Minutes 19 Seconds

============================================================================
46/57 Starting processing com.wistone.war2victory-1.apk ......
Getting apk info from https://play.google.com/store/apps/details?id=com.wistone.war2victory ......
[ERROR] : Cannot find info of com.wistone.war2victory-1.apk on https://play.google.com/store/apps/details?id=com.wistone.war2victory !!!
Done processing com.wistone.war2victory-1.apk
Time Spent:   0 Days 0 Hours 4 Minutes 22 Seconds

============================================================================
47/57 Starting processing com.xcar.gcp-1.apk ......
Getting apk info from https://play.google.com/store/apps/details?id=com.xcar.gcp ......
Success to get info from Play Store
The lastest version of com.xcar.gcp-1.apk is  2.4.1  
Done processing com.xcar.gcp-1.apk
Time Spent:   0 Days 0 Hours 4 Minutes 28 Seconds

============================================================================
48/57 Starting processing com.yinhan.hunter.ld-1.apk ......
Getting apk info from https://play.google.com/store/apps/details?id=com.yinhan.hunter.ld ......
[ERROR] : Cannot find info of com.yinhan.hunter.ld-1.apk on https://play.google.com/store/apps/details?id=com.yinhan.hunter.ld !!!
Done processing com.yinhan.hunter.ld-1.apk
Time Spent:   0 Days 0 Hours 4 Minutes 29 Seconds

============================================================================
49/57 Starting processing com.yinhan.hunter.tx-1.apk ......
Getting apk info from https://play.google.com/store/apps/details?id=com.yinhan.hunter.tx ......
[ERROR] : Cannot find info of com.yinhan.hunter.tx-1.apk on https://play.google.com/store/apps/details?id=com.yinhan.hunter.tx !!!
Done processing com.yinhan.hunter.tx-1.apk
Time Spent:   0 Days 0 Hours 4 Minutes 32 Seconds

============================================================================
50/57 Starting processing com.yodo1tier1.cmmm.SkiSafari-1.apk ......
Getting apk info from https://play.google.com/store/apps/details?id=com.yodo1tier1.cmmm.SkiSafari ......
[ERROR] : Cannot find info of com.yodo1tier1.cmmm.SkiSafari-1.apk on https://play.google.com/store/apps/details?id=com.yodo1tier1.cmmm.SkiSafari !!!
Done processing com.yodo1tier1.cmmm.SkiSafari-1.apk
Time Spent:   0 Days 0 Hours 4 Minutes 33 Seconds

============================================================================
51/57 Starting processing com.youyuan.yhb-1.apk ......
Getting apk info from https://play.google.com/store/apps/details?id=com.youyuan.yhb ......
[ERROR] : Cannot find info of com.youyuan.yhb-1.apk on https://play.google.com/store/apps/details?id=com.youyuan.yhb !!!
Done processing com.youyuan.yhb-1.apk
Time Spent:   0 Days 0 Hours 4 Minutes 35 Seconds

============================================================================
52/57 Starting processing im.yixin-1.apk ......
Getting apk info from https://play.google.com/store/apps/details?id=im.yixin ......
Success to get info from Play Store
The lastest version of im.yixin-1.apk is  2.7.0  
Done processing im.yixin-1.apk
Time Spent:   0 Days 0 Hours 4 Minutes 45 Seconds

============================================================================
53/57 Starting processing info.zzcs.game.mslug2-1.apk ......
Getting apk info from https://play.google.com/store/apps/details?id=info.zzcs.game.mslug2 ......
[ERROR] : Cannot find info of info.zzcs.game.mslug2-1.apk on https://play.google.com/store/apps/details?id=info.zzcs.game.mslug2 !!!
Done processing info.zzcs.game.mslug2-1.apk
Time Spent:   0 Days 0 Hours 4 Minutes 47 Seconds

============================================================================
54/57 Starting processing ly.pp.justpiano-1.apk ......
Getting apk info from https://play.google.com/store/apps/details?id=ly.pp.justpiano ......
Success to get info from Play Store
The lastest version of ly.pp.justpiano-1.apk is  3.7  
Done processing ly.pp.justpiano-1.apk
Time Spent:   0 Days 0 Hours 4 Minutes 59 Seconds

============================================================================
55/57 Starting processing org.bqjh.game_wyx-1.apk ......
Getting apk info from https://play.google.com/store/apps/details?id=org.bqjh.game_wyx ......
[ERROR] : Cannot find info of org.bqjh.game_wyx-1.apk on https://play.google.com/store/apps/details?id=org.bqjh.game_wyx !!!
Done processing org.bqjh.game_wyx-1.apk
Time Spent:   0 Days 0 Hours 5 Minutes 2 Seconds

============================================================================
56/57 Starting processing org.sbtools.gamehack-1.apk ......
Getting apk info from https://play.google.com/store/apps/details?id=org.sbtools.gamehack ......
[ERROR] : Cannot find info of org.sbtools.gamehack-1.apk on https://play.google.com/store/apps/details?id=org.sbtools.gamehack !!!
Done processing org.sbtools.gamehack-1.apk
Time Spent:   0 Days 0 Hours 5 Minutes 5 Seconds

============================================================================
57/57 Starting processing tv.huohua.android.peach.moviekb-1.apk ......
Getting apk info from https://play.google.com/store/apps/details?id=tv.huohua.android.peach.moviekb ......
[ERROR] : Cannot find info of tv.huohua.android.peach.moviekb-1.apk on https://play.google.com/store/apps/details?id=tv.huohua.android.peach.moviekb !!!
Done processing tv.huohua.android.peach.moviekb-1.apk
Time Spent:   0 Days 0 Hours 5 Minutes 6 Seconds

============================================================================


**************************************************************
All Done
Total Time:   0 Days 0 Hours 5 Minutes 6 Seconds
Result Location:               /srv/www/htdocs/CV2/app/admin/scan_apk_version//results/AppInfo_2014-06-19-11-59-51.csv
**************************************************************
