Start processing app in list /home/Git-Apk/Updated_list from /home/Git-Apk/All_Apk  ......

============================================================================
1/7 Starting processing com.adobe.flashplayer-1.apk ......
Getting apk info from https://play.google.com/store/apps/details?id=com.adobe.flashplayer ......
[ERROR] : Cannot find info of com.adobe.flashplayer-1.apk on https://play.google.com/store/apps/details?id=com.adobe.flashplayer !!!
Done processing com.adobe.flashplayer-1.apk
Time Spent:   0 Days 0 Hours 0 Minutes 2 Seconds

============================================================================
2/7 Starting processing com.iflytek.inputmethod-1.apk ......
Getting apk info from https://play.google.com/store/apps/details?id=com.iflytek.inputmethod ......
Success to get info from Play Store
The lastest version of com.iflytek.inputmethod-1.apk is  4.2.1602  
Done processing com.iflytek.inputmethod-1.apk
Time Spent:   0 Days 0 Hours 0 Minutes 5 Seconds

============================================================================
3/7 Starting processing com.jiasoft.swreader-1.apk ......
Getting apk info from https://play.google.com/store/apps/details?id=com.jiasoft.swreader ......
[ERROR] : Cannot find info of com.jiasoft.swreader-1.apk on https://play.google.com/store/apps/details?id=com.jiasoft.swreader !!!
Done processing com.jiasoft.swreader-1.apk
Time Spent:   0 Days 0 Hours 0 Minutes 6 Seconds

============================================================================
4/7 Starting processing com.qihoo360.mobilesafe-1.apk ......
Getting apk info from https://play.google.com/store/apps/details?id=com.qihoo360.mobilesafe ......
Success to get info from Play Store
The lastest version of com.qihoo360.mobilesafe-1.apk is  5.1.5  
Done processing com.qihoo360.mobilesafe-1.apk
Time Spent:   0 Days 0 Hours 0 Minutes 10 Seconds

============================================================================
5/7 Starting processing com.sankuai.meituan-1.apk ......
Getting apk info from https://play.google.com/store/apps/details?id=com.sankuai.meituan ......
Success to get info from Play Store
The lastest version of com.sankuai.meituan-1.apk is    Varies with device  
Done processing com.sankuai.meituan-1.apk
Time Spent:   0 Days 0 Hours 0 Minutes 13 Seconds

============================================================================
6/7 Starting processing com.tencent.qqpinyin-1.apk ......
Getting apk info from https://play.google.com/store/apps/details?id=com.tencent.qqpinyin ......
Success to get info from Play Store
The lastest version of com.tencent.qqpinyin-1.apk is  4.5_1288  
Done processing com.tencent.qqpinyin-1.apk
Time Spent:   0 Days 0 Hours 0 Minutes 16 Seconds

============================================================================
7/7 Starting processing com.xinmei365.font-1.apk ......
Getting apk info from https://play.google.com/store/apps/details?id=com.xinmei365.font ......
Success to get info from Play Store
The lastest version of com.xinmei365.font-1.apk is  4.2.3  
Done processing com.xinmei365.font-1.apk
Time Spent:   0 Days 0 Hours 0 Minutes 18 Seconds

============================================================================


**************************************************************
All Done
Total Time:   0 Days 0 Hours 0 Minutes 18 Seconds
Result Location:               /srv/www/htdocs/CV2/app/admin/scan_apk_version//results/AppInfo_2014-07-21-09-57-19.csv
**************************************************************
