Start processing app in list /home/Git-Apk/Updated_list from /home/Git-Apk/All_Apk  ......

============================================================================
1/2 Starting processing com.motorbike.driving.simulator-1.apk ......
Getting apk info from https://play.google.com/store/apps/details?id=com.motorbike.driving.simulator ......
Success to get info from Play Store
The lastest version of com.motorbike.driving.simulator-1.apk is  2.3  
Done processing com.motorbike.driving.simulator-1.apk
Time Spent:   0 Days 0 Hours 0 Minutes 1 Seconds

============================================================================
2/2 Starting processing joybits.doodlegod_hd-1.apk ......
Getting apk info from https://play.google.com/store/apps/details?id=joybits.doodlegod_hd ......
Success to get info from Play Store
The lastest version of joybits.doodlegod_hd-1.apk is  3.0.96  
Done processing joybits.doodlegod_hd-1.apk
Time Spent:   0 Days 0 Hours 0 Minutes 3 Seconds

============================================================================


**************************************************************
All Done
Total Time:   0 Days 0 Hours 0 Minutes 3 Seconds
Result Location:               /home/Git-Apk/code_resource/script_hooks/scan_apk/scan_apk_version/results/AppInfo_2014-12-31-14-21-07.csv
**************************************************************
