Start processing app in list /home/Git-Apk/Updated_list from /home/Git-Apk/ECS  ......

============================================================================
1/19 Starting processing air.com.flipline.papasfreezeriatogo-1.apk ......
Getting apk info from https://play.google.com/store/apps/details?id=air.com.flipline.papasfreezeriatogo ......
Success to get info from Play Store
The lastest version of air.com.flipline.papasfreezeriatogo-1.apk is    Varies with device  
Done processing air.com.flipline.papasfreezeriatogo-1.apk
Time Spent:   0 Days 0 Hours 0 Minutes 1 Seconds

============================================================================
2/19 Starting processing air.com.playtika.slotomania-1.apk ......
Getting apk info from https://play.google.com/store/apps/details?id=air.com.playtika.slotomania ......
Success to get info from Play Store
The lastest version of air.com.playtika.slotomania-1.apk is    Varies with device  
Done processing air.com.playtika.slotomania-1.apk
Time Spent:   0 Days 0 Hours 0 Minutes 3 Seconds

============================================================================
3/19 Starting processing cmccwm.mobilemusic-1.apk ......
Getting apk info from https://play.google.com/store/apps/details?id=cmccwm.mobilemusic ......
[ERROR] : Cannot find info of cmccwm.mobilemusic-1.apk on https://play.google.com/store/apps/details?id=cmccwm.mobilemusic !!!
Done processing cmccwm.mobilemusic-1.apk
Time Spent:   0 Days 0 Hours 0 Minutes 4 Seconds

============================================================================
4/19 Starting processing com.beamdog.baldursgateenhancededition-1.apk ......
Getting apk info from https://play.google.com/store/apps/details?id=com.beamdog.baldursgateenhancededition ......
Success to get info from Play Store
The lastest version of com.beamdog.baldursgateenhancededition-1.apk is    Varies with device  
Done processing com.beamdog.baldursgateenhancededition-1.apk
Time Spent:   0 Days 0 Hours 0 Minutes 8 Seconds

============================================================================
5/19 Starting processing com.droidhen.game.poker-1.apk ......
Getting apk info from https://play.google.com/store/apps/details?id=com.droidhen.game.poker ......
Success to get info from Play Store
The lastest version of com.droidhen.game.poker-1.apk is  1.7.9  
Done processing com.droidhen.game.poker-1.apk
Time Spent:   0 Days 0 Hours 0 Minutes 13 Seconds

============================================================================
6/19 Starting processing com.gun.bnc-1.apk ......
Getting apk info from https://play.google.com/store/apps/details?id=com.gun.bnc ......
Success to get info from Play Store
The lastest version of com.gun.bnc-1.apk is    Varies with device  
Done processing com.gun.bnc-1.apk
Time Spent:   0 Days 0 Hours 0 Minutes 16 Seconds

============================================================================
7/19 Starting processing com.halfbrick.fruitninja-1.apk ......
Getting apk info from https://play.google.com/store/apps/details?id=com.halfbrick.fruitninja ......
Success to get info from Play Store
The lastest version of com.halfbrick.fruitninja-1.apk is  2.1.2  
Done processing com.halfbrick.fruitninja-1.apk
Time Spent:   0 Days 0 Hours 0 Minutes 20 Seconds

============================================================================
8/19 Starting processing com.igg.android.godsrush_en-1.apk ......
Getting apk info from https://play.google.com/store/apps/details?id=com.igg.android.godsrush_en ......
Success to get info from Play Store
The lastest version of com.igg.android.godsrush_en-1.apk is  1.1.8  
Done processing com.igg.android.godsrush_en-1.apk
Time Spent:   0 Days 0 Hours 0 Minutes 24 Seconds

============================================================================
9/19 Starting processing com.melodis.midomiMusicIdentifier-1.apk ......
Getting apk info from https://play.google.com/store/apps/details?id=com.melodis.midomiMusicIdentifier ......
Success to get info from Play Store
The lastest version of com.melodis.midomiMusicIdentifier-1.apk is    Varies with device  
Done processing com.melodis.midomiMusicIdentifier-1.apk
Time Spent:   0 Days 0 Hours 0 Minutes 28 Seconds

============================================================================
10/19 Starting processing com.mgyun.shua.su-1.apk ......
Getting apk info from https://play.google.com/store/apps/details?id=com.mgyun.shua.su ......
[ERROR] : Cannot find info of com.mgyun.shua.su-1.apk on https://play.google.com/store/apps/details?id=com.mgyun.shua.su !!!
Done processing com.mgyun.shua.su-1.apk
Time Spent:   0 Days 0 Hours 0 Minutes 29 Seconds

============================================================================
11/19 Starting processing com.midasplayer.apps.bubblewitchsaga2-1.apk ......
Getting apk info from https://play.google.com/store/apps/details?id=com.midasplayer.apps.bubblewitchsaga2 ......
Success to get info from Play Store
The lastest version of com.midasplayer.apps.bubblewitchsaga2-1.apk is    Varies with device  
Done processing com.midasplayer.apps.bubblewitchsaga2-1.apk
Time Spent:   0 Days 0 Hours 0 Minutes 33 Seconds

============================================================================
12/19 Starting processing com.pikpok.mr.play-1.apk ......
Getting apk info from https://play.google.com/store/apps/details?id=com.pikpok.mr.play ......
Success to get info from Play Store
The lastest version of com.pikpok.mr.play-1.apk is  1.2.10  
Done processing com.pikpok.mr.play-1.apk
Time Spent:   0 Days 0 Hours 0 Minutes 37 Seconds

============================================================================
13/19 Starting processing com.secretexit.dismount-1.apk ......
Getting apk info from https://play.google.com/store/apps/details?id=com.secretexit.dismount ......
Success to get info from Play Store
The lastest version of com.secretexit.dismount-1.apk is  2.9.1  
Done processing com.secretexit.dismount-1.apk
Time Spent:   0 Days 0 Hours 0 Minutes 40 Seconds

============================================================================
14/19 Starting processing com.tencent.peng-1.apk ......
Getting apk info from https://play.google.com/store/apps/details?id=com.tencent.peng ......
[ERROR] : Cannot find info of com.tencent.peng-1.apk on https://play.google.com/store/apps/details?id=com.tencent.peng !!!
Done processing com.tencent.peng-1.apk
Time Spent:   0 Days 0 Hours 0 Minutes 42 Seconds

============================================================================
15/19 Starting processing com.tencent.token-1.apk ......
Getting apk info from https://play.google.com/store/apps/details?id=com.tencent.token ......
Success to get info from Play Store
The lastest version of com.tencent.token-1.apk is  3.0.0  
Done processing com.tencent.token-1.apk
Time Spent:   0 Days 0 Hours 0 Minutes 46 Seconds

============================================================================
16/19 Starting processing com.wolfram.android.alpha-1.apk ......
Getting apk info from https://play.google.com/store/apps/details?id=com.wolfram.android.alpha ......
Success to get info from Play Store
The lastest version of com.wolfram.android.alpha-1.apk is  1.3.0.5199650  
Done processing com.wolfram.android.alpha-1.apk
Time Spent:   0 Days 0 Hours 0 Minutes 50 Seconds

============================================================================
17/19 Starting processing com.wuba-1.apk ......
Getting apk info from https://play.google.com/store/apps/details?id=com.wuba ......
[ERROR] : Cannot find info of com.wuba-1.apk on https://play.google.com/store/apps/details?id=com.wuba !!!
Done processing com.wuba-1.apk
Time Spent:   0 Days 0 Hours 0 Minutes 51 Seconds

============================================================================
18/19 Starting processing com.zindagigames.test-1.apk ......
Getting apk info from https://play.google.com/store/apps/details?id=com.zindagigames.test ......
Success to get info from Play Store
The lastest version of com.zindagigames.test-1.apk is  1.81  
Done processing com.zindagigames.test-1.apk
Time Spent:   0 Days 0 Hours 0 Minutes 56 Seconds

============================================================================
19/19 Starting processing com.zynga.FarmVille2CountryEscape-1.apk ......
Getting apk info from https://play.google.com/store/apps/details?id=com.zynga.FarmVille2CountryEscape ......
Success to get info from Play Store
The lastest version of com.zynga.FarmVille2CountryEscape-1.apk is  2.3.149  
Done processing com.zynga.FarmVille2CountryEscape-1.apk
Time Spent:   0 Days 0 Hours 1 Minutes 0 Seconds

============================================================================


**************************************************************
All Done
Total Time:   0 Days 0 Hours 1 Minutes 0 Seconds
Result Location:               /home/Git-Apk/code_resource/script_hooks/scan_apk/scan_apk_version/results/AppInfo_2014-12-01-13-20-16.csv
**************************************************************
