Start processing app in list /home/Git-Apk/Updated_list from /home/Git-Apk/All_Apk  ......

============================================================================
1/16 Starting processing com.D9.hero.zqgame.en.andriodgpnew-1.apk ......
Getting apk info from https://play.google.com/store/apps/details?id=com.D9.hero.zqgame.en.andriodgpnew ......
Success to get info from Play Store
The lastest version of com.D9.hero.zqgame.en.andriodgpnew-1.apk is  1.7.2  
Done processing com.D9.hero.zqgame.en.andriodgpnew-1.apk
Time Spent:   0 Days 0 Hours 0 Minutes 2 Seconds

============================================================================
2/16 Starting processing com.appgame7.candyfrenzy-1.apk ......
Getting apk info from https://play.google.com/store/apps/details?id=com.appgame7.candyfrenzy ......
Success to get info from Play Store
The lastest version of com.appgame7.candyfrenzy-1.apk is  1.5.004  
Done processing com.appgame7.candyfrenzy-1.apk
Time Spent:   0 Days 0 Hours 0 Minutes 4 Seconds

============================================================================
3/16 Starting processing com.com2us.nipb2013.normal.freefull.google.global.android.common-1.apk ......
Getting apk info from https://play.google.com/store/apps/details?id=com.com2us.nipb2013.normal.freefull.google.global.android.common ......
Success to get info from Play Store
The lastest version of com.com2us.nipb2013.normal.freefull.google.global.android.common-1.apk is  4.0.3  
Done processing com.com2us.nipb2013.normal.freefull.google.global.android.common-1.apk
Time Spent:   0 Days 0 Hours 0 Minutes 7 Seconds

============================================================================
4/16 Starting processing com.crowdstar.covetfashion-1.apk ......
Getting apk info from https://play.google.com/store/apps/details?id=com.crowdstar.covetfashion ......
Success to get info from Play Store
The lastest version of com.crowdstar.covetfashion-1.apk is  2.13.17  
Done processing com.crowdstar.covetfashion-1.apk
Time Spent:   0 Days 0 Hours 0 Minutes 9 Seconds

============================================================================
5/16 Starting processing com.ea.game.simpsons4_na-1.apk ......
Getting apk info from https://play.google.com/store/apps/details?id=com.ea.game.simpsons4_na ......
Success to get info from Play Store
The lastest version of com.ea.game.simpsons4_na-1.apk is  4.9.5  
Done processing com.ea.game.simpsons4_na-1.apk
Time Spent:   0 Days 0 Hours 0 Minutes 11 Seconds

============================================================================
6/16 Starting processing com.iugome.dawn-1.apk ......
Getting apk info from https://play.google.com/store/apps/details?id=com.iugome.dawn ......
Success to get info from Play Store
The lastest version of com.iugome.dawn-1.apk is    Varies with device  
Done processing com.iugome.dawn-1.apk
Time Spent:   0 Days 0 Hours 0 Minutes 13 Seconds

============================================================================
7/16 Starting processing com.nianticproject.ingress-1.apk ......
Getting apk info from https://play.google.com/store/apps/details?id=com.nianticproject.ingress ......
Success to get info from Play Store
The lastest version of com.nianticproject.ingress-1.apk is  1.54.0  
Done processing com.nianticproject.ingress-1.apk
Time Spent:   0 Days 0 Hours 0 Minutes 15 Seconds

============================================================================
8/16 Starting processing com.obakaka.swatshooting-1.apk ......
Getting apk info from https://play.google.com/store/apps/details?id=com.obakaka.swatshooting ......
Success to get info from Play Store
The lastest version of com.obakaka.swatshooting-1.apk is  1.6  
Done processing com.obakaka.swatshooting-1.apk
Time Spent:   0 Days 0 Hours 0 Minutes 17 Seconds

============================================================================
9/16 Starting processing com.outfit7.jigtyfree-1.apk ......
Getting apk info from https://play.google.com/store/apps/details?id=com.outfit7.jigtyfree ......
Success to get info from Play Store
The lastest version of com.outfit7.jigtyfree-1.apk is  2.2  
Done processing com.outfit7.jigtyfree-1.apk
Time Spent:   0 Days 0 Hours 0 Minutes 19 Seconds

============================================================================
10/16 Starting processing com.outplayentertainment.bubbleblaze-1.apk ......
Getting apk info from https://play.google.com/store/apps/details?id=com.outplayentertainment.bubbleblaze ......
Success to get info from Play Store
The lastest version of com.outplayentertainment.bubbleblaze-1.apk is    Varies with device  
Done processing com.outplayentertainment.bubbleblaze-1.apk
Time Spent:   0 Days 0 Hours 0 Minutes 21 Seconds

============================================================================
11/16 Starting processing com.progimax.airhorn.free-1.apk ......
Getting apk info from https://play.google.com/store/apps/details?id=com.progimax.airhorn.free ......
Success to get info from Play Store
The lastest version of com.progimax.airhorn.free-1.apk is    Varies with device  
Done processing com.progimax.airhorn.free-1.apk
Time Spent:   0 Days 0 Hours 0 Minutes 24 Seconds

============================================================================
12/16 Starting processing com.progrestar.bft-1.apk ......
Getting apk info from https://play.google.com/store/apps/details?id=com.progrestar.bft ......
Success to get info from Play Store
The lastest version of com.progrestar.bft-1.apk is    Varies with device  
Done processing com.progrestar.bft-1.apk
Time Spent:   0 Days 0 Hours 0 Minutes 26 Seconds

============================================================================
13/16 Starting processing com.randomlogicgames.guesstheemojimovies-1.apk ......
Getting apk info from https://play.google.com/store/apps/details?id=com.randomlogicgames.guesstheemojimovies ......
Success to get info from Play Store
The lastest version of com.randomlogicgames.guesstheemojimovies-1.apk is  2.11  
Done processing com.randomlogicgames.guesstheemojimovies-1.apk
Time Spent:   0 Days 0 Hours 0 Minutes 29 Seconds

============================================================================
14/16 Starting processing com.upgravity.guessthefood-1.apk ......
Getting apk info from https://play.google.com/store/apps/details?id=com.upgravity.guessthefood ......
Success to get info from Play Store
The lastest version of com.upgravity.guessthefood-1.apk is  1.03  
Done processing com.upgravity.guessthefood-1.apk
Time Spent:   0 Days 0 Hours 0 Minutes 31 Seconds

============================================================================
15/16 Starting processing com.zqgame.SG.en.androidgp-1.apk ......
Getting apk info from https://play.google.com/store/apps/details?id=com.zqgame.SG.en.androidgp ......
Success to get info from Play Store
The lastest version of com.zqgame.SG.en.androidgp-1.apk is  1.1.7  
Done processing com.zqgame.SG.en.androidgp-1.apk
Time Spent:   0 Days 0 Hours 0 Minutes 34 Seconds

============================================================================
16/16 Starting processing ru.mail.games.android.JungleHeat-1.apk ......
Getting apk info from https://play.google.com/store/apps/details?id=ru.mail.games.android.JungleHeat ......
Success to get info from Play Store
The lastest version of ru.mail.games.android.JungleHeat-1.apk is    Varies with device  
Done processing ru.mail.games.android.JungleHeat-1.apk
Time Spent:   0 Days 0 Hours 0 Minutes 36 Seconds

============================================================================


**************************************************************
All Done
Total Time:   0 Days 0 Hours 0 Minutes 36 Seconds
Result Location:               /srv/www/htdocs/CV2/app/admin/scan_apk_version//results/AppInfo_2014-07-03-15-21-08.csv
**************************************************************
