Start processing app in list /home/Git-Apk/Updated_list from /home/Git-Apk/All_Apk  ......

============================================================================
1/2 Starting processing com.spotify.mobile.android.ui-1.apk ......
Getting apk info from https://play.google.com/store/apps/details?id=com.spotify.mobile.android.ui ......
Success to get info from Play Store
The lastest version of com.spotify.mobile.android.ui-1.apk is    Varies with device  
Done processing com.spotify.mobile.android.ui-1.apk
Time Spent:   0 Days 0 Hours 0 Minutes 2 Seconds

============================================================================
2/2 Starting processing no.dirtybit.funrun-1.apk ......
Getting apk info from https://play.google.com/store/apps/details?id=no.dirtybit.funrun ......
Success to get info from Play Store
The lastest version of no.dirtybit.funrun-1.apk is  2.4  
Done processing no.dirtybit.funrun-1.apk
Time Spent:   0 Days 0 Hours 0 Minutes 4 Seconds

============================================================================


**************************************************************
All Done
Total Time:   0 Days 0 Hours 0 Minutes 4 Seconds
Result Location:               /srv/www/htdocs/CV2/app/admin/scan_apk_version//results/AppInfo_2014-05-29-13-45-59.csv
**************************************************************
