Start processing app in list /home/Git-Apk/Updated_list from /home/Git-Apk/All_Apk  ......

============================================================================
1/2 Starting processing au.com.shiftyjelly.pocketcasts-1.apk ......
Getting apk info from https://play.google.com/store/apps/details?id=au.com.shiftyjelly.pocketcasts ......
Success to get info from Play Store
The lastest version of au.com.shiftyjelly.pocketcasts-1.apk is  4.6.1  
Done processing au.com.shiftyjelly.pocketcasts-1.apk
Time Spent:   0 Days 0 Hours 0 Minutes 5 Seconds

============================================================================
2/2 Starting processing com.melodis.midomiMusicIdentifier-1.apk ......
Getting apk info from https://play.google.com/store/apps/details?id=com.melodis.midomiMusicIdentifier ......
Success to get info from Play Store
The lastest version of com.melodis.midomiMusicIdentifier-1.apk is    Varies with device  
Done processing com.melodis.midomiMusicIdentifier-1.apk
Time Spent:   0 Days 0 Hours 0 Minutes 9 Seconds

============================================================================


**************************************************************
All Done
Total Time:   0 Days 0 Hours 0 Minutes 9 Seconds
Result Location:               /srv/www/htdocs/CV2/app/admin/scan_apk_version//results/AppInfo_2014-07-16-09-44-34.csv
**************************************************************
