Start processing app in list /home/Git-Apk/Updated_list from /home/Git-Apk/All_Apk  ......

============================================================================
1/3 Starting processing air.com.snagfilms-1.apk ......
Getting apk info from https://play.google.com/store/apps/details?id=air.com.snagfilms ......
Success to get info from Play Store
The lastest version of air.com.snagfilms-1.apk is  3.27  
Done processing air.com.snagfilms-1.apk
Time Spent:   0 Days 0 Hours 0 Minutes 2 Seconds

============================================================================
2/3 Starting processing com.amazon.mShop.android-1.apk ......
Getting apk info from https://play.google.com/store/apps/details?id=com.amazon.mShop.android ......
Success to get info from Play Store
The lastest version of com.amazon.mShop.android-1.apk is    Varies with device  
Done processing com.amazon.mShop.android-1.apk
Time Spent:   0 Days 0 Hours 0 Minutes 6 Seconds

============================================================================
3/3 Starting processing com.pocketgems.android.animalvoyage-1.apk ......
Getting apk info from https://play.google.com/store/apps/details?id=com.pocketgems.android.animalvoyage ......
Success to get info from Play Store
The lastest version of com.pocketgems.android.animalvoyage-1.apk is  1.24.2+g  
Done processing com.pocketgems.android.animalvoyage-1.apk
Time Spent:   0 Days 0 Hours 0 Minutes 10 Seconds

============================================================================


**************************************************************
All Done
Total Time:   0 Days 0 Hours 0 Minutes 10 Seconds
Result Location:               /srv/www/htdocs/CV2/app/admin/scan_apk_version//results/AppInfo_2014-07-25-11-07-01.csv
**************************************************************
