Start processing app in list /share/Git-Apk/Updated_list from /share/Git-Apk/All_Apk  ......

============================================================================
1/7 Starting processing air.com.freshplanet.games.WaM-1.apk ......
Getting apk info from https://play.google.com/store/apps/details?id=air.com.freshplanet.games.WaM ......
Success to get info from Play Store
The lastest version of air.com.freshplanet.games.WaM-1.apk is  1.13.4  
Done processing air.com.freshplanet.games.WaM-1.apk
Time Spent:   0 Days 0 Hours 0 Minutes 3 Seconds

============================================================================
2/7 Starting processing com.king.farmheroessaga-1.apk ......
Getting apk info from https://play.google.com/store/apps/details?id=com.king.farmheroessaga ......
Success to get info from Play Store
The lastest version of com.king.farmheroessaga-1.apk is  2.4.5  
Done processing com.king.farmheroessaga-1.apk
Time Spent:   0 Days 0 Hours 0 Minutes 4 Seconds

============================================================================
3/7 Starting processing com.kongregate.mobile.run.google-1.apk ......
Getting apk info from https://play.google.com/store/apps/details?id=com.kongregate.mobile.run.google ......
Success to get info from Play Store
The lastest version of com.kongregate.mobile.run.google-1.apk is  1.6.2  
Done processing com.kongregate.mobile.run.google-1.apk
Time Spent:   0 Days 0 Hours 0 Minutes 6 Seconds

============================================================================
4/7 Starting processing com.madhead.tos.zh-1.apk ......
Getting apk info from https://play.google.com/store/apps/details?id=com.madhead.tos.zh ......
Success to get info from Play Store
The lastest version of com.madhead.tos.zh-1.apk is  5.01  
Done processing com.madhead.tos.zh-1.apk
Time Spent:   0 Days 0 Hours 0 Minutes 8 Seconds

============================================================================
5/7 Starting processing com.oogame.pikachu-1.apk ......
Getting apk info from https://play.google.com/store/apps/details?id=com.oogame.pikachu ......
Success to get info from Play Store
The lastest version of com.oogame.pikachu-1.apk is  2.3  
Done processing com.oogame.pikachu-1.apk
Time Spent:   0 Days 0 Hours 0 Minutes 11 Seconds

============================================================================
6/7 Starting processing com.pixel.gun3d-1.apk ......
Getting apk info from https://play.google.com/store/apps/details?id=com.pixel.gun3d ......
Success to get info from Play Store
The lastest version of com.pixel.gun3d-1.apk is  5.5.1  
Done processing com.pixel.gun3d-1.apk
Time Spent:   0 Days 0 Hours 0 Minutes 13 Seconds

============================================================================
7/7 Starting processing com.therisgames.fs2014.free-1.apk ......
Getting apk info from https://play.google.com/store/apps/details?id=com.therisgames.fs2014.free ......
Success to get info from Play Store
The lastest version of com.therisgames.fs2014.free-1.apk is    Varies with device  
Done processing com.therisgames.fs2014.free-1.apk
Time Spent:   0 Days 0 Hours 0 Minutes 16 Seconds

============================================================================


**************************************************************
All Done
Total Time:   0 Days 0 Hours 0 Minutes 16 Seconds
Result Location:               /srv/www/htdocs/CV2/app/admin/scan_apk_version//results/AppInfo_2014-04-03-20-47-42.csv
**************************************************************
