Start processing app in list /share/Git-Apk/Updated_list from /share/Git-Apk/All_Apk  ......

============================================================================
1/2 Starting processing air.eti.uzzu.unalis-1.apk ......
Getting apk info from https://play.google.com/store/apps/details?id=air.eti.uzzu.unalis ......
Success to get info from Play Store
The lastest version of air.eti.uzzu.unalis-1.apk is  2.4.0  
Done processing air.eti.uzzu.unalis-1.apk
Time Spent:   0 Days 0 Hours 0 Minutes 3 Seconds

============================================================================
2/2 Starting processing jp.naver.SJLGWR-1.apk ......
Getting apk info from https://play.google.com/store/apps/details?id=jp.naver.SJLGWR ......
Success to get info from Play Store
The lastest version of jp.naver.SJLGWR-1.apk is  2.2.2  
Done processing jp.naver.SJLGWR-1.apk
Time Spent:   0 Days 0 Hours 0 Minutes 6 Seconds

============================================================================


**************************************************************
All Done
Total Time:   0 Days 0 Hours 0 Minutes 6 Seconds
Result Location:               /srv/www/htdocs/CV2/app/admin/scan_apk_version//results/AppInfo_2014-03-04-17-36-21.csv
**************************************************************
