Start processing app in list /home/Git-Apk/Updated_list from /home/Git-Apk/All_Apk  ......

============================================================================
1/12 Starting processing com.bouffardgame.stickmanunderwaterdeath-1.apk ......
Getting apk info from https://play.google.com/store/apps/details?id=com.bouffardgame.stickmanunderwaterdeath ......
Success to get info from Play Store
The lastest version of com.bouffardgame.stickmanunderwaterdeath-1.apk is  1.1  
Done processing com.bouffardgame.stickmanunderwaterdeath-1.apk
Time Spent:   0 Days 0 Hours 0 Minutes 4 Seconds

============================================================================
2/12 Starting processing com.chillingo.ironforce.android.ajagplay-1.apk ......
Getting apk info from https://play.google.com/store/apps/details?id=com.chillingo.ironforce.android.ajagplay ......
Success to get info from Play Store
The lastest version of com.chillingo.ironforce.android.ajagplay-1.apk is  1.5.2  
Done processing com.chillingo.ironforce.android.ajagplay-1.apk
Time Spent:   0 Days 0 Hours 0 Minutes 7 Seconds

============================================================================
3/12 Starting processing com.djinnworks.StickmanBaseJumper.lite-1.apk ......
Getting apk info from https://play.google.com/store/apps/details?id=com.djinnworks.StickmanBaseJumper.lite ......
Success to get info from Play Store
The lastest version of com.djinnworks.StickmanBaseJumper.lite-1.apk is  3.3  
Done processing com.djinnworks.StickmanBaseJumper.lite-1.apk
Time Spent:   0 Days 0 Hours 0 Minutes 13 Seconds

============================================================================
4/12 Starting processing com.foxyapp.racingGamesBikeFree-1.apk ......
Getting apk info from https://play.google.com/store/apps/details?id=com.foxyapp.racingGamesBikeFree ......
Success to get info from Play Store
The lastest version of com.foxyapp.racingGamesBikeFree-1.apk is  1.0.17  
Done processing com.foxyapp.racingGamesBikeFree-1.apk
Time Spent:   0 Days 0 Hours 0 Minutes 17 Seconds

============================================================================
5/12 Starting processing com.funzio.crimecity-1.apk ......
Getting apk info from https://play.google.com/store/apps/details?id=com.funzio.crimecity ......
Success to get info from Play Store
The lastest version of com.funzio.crimecity-1.apk is  5.2.2  
Done processing com.funzio.crimecity-1.apk
Time Spent:   0 Days 0 Hours 0 Minutes 22 Seconds

============================================================================
6/12 Starting processing com.mavenhut.solitaire-1.apk ......
Getting apk info from https://play.google.com/store/apps/details?id=com.mavenhut.solitaire ......
Success to get info from Play Store
The lastest version of com.mavenhut.solitaire-1.apk is  1.0.10  
Done processing com.mavenhut.solitaire-1.apk
Time Spent:   0 Days 0 Hours 0 Minutes 27 Seconds

============================================================================
7/12 Starting processing com.mpisoft.doors2.beta-1.apk ......
Getting apk info from https://play.google.com/store/apps/details?id=com.mpisoft.doors2.beta ......
Success to get info from Play Store
The lastest version of com.mpisoft.doors2.beta-1.apk is  1.3  
Done processing com.mpisoft.doors2.beta-1.apk
Time Spent:   0 Days 0 Hours 0 Minutes 32 Seconds

============================================================================
8/12 Starting processing com.numbthumb.nolimit-1.apk ......
Getting apk info from https://play.google.com/store/apps/details?id=com.numbthumb.nolimit ......
Success to get info from Play Store
The lastest version of com.numbthumb.nolimit-1.apk is  1.07  
Done processing com.numbthumb.nolimit-1.apk
Time Spent:   0 Days 0 Hours 0 Minutes 37 Seconds

============================================================================
9/12 Starting processing com.pikpok.turbo-1.apk ......
Getting apk info from https://play.google.com/store/apps/details?id=com.pikpok.turbo ......
Success to get info from Play Store
The lastest version of com.pikpok.turbo-1.apk is  1.08.1  
Done processing com.pikpok.turbo-1.apk
Time Spent:   0 Days 0 Hours 0 Minutes 42 Seconds

============================================================================
10/12 Starting processing com.playrix.township-1.apk ......
Getting apk info from https://play.google.com/store/apps/details?id=com.playrix.township ......
Success to get info from Play Store
The lastest version of com.playrix.township-1.apk is    Varies with device  
Done processing com.playrix.township-1.apk
Time Spent:   0 Days 0 Hours 0 Minutes 48 Seconds

============================================================================
11/12 Starting processing com.playtika.caesarscasino-1.apk ......
Getting apk info from https://play.google.com/store/apps/details?id=com.playtika.caesarscasino ......
Success to get info from Play Store
The lastest version of com.playtika.caesarscasino-1.apk is    Varies with device  
Done processing com.playtika.caesarscasino-1.apk
Time Spent:   0 Days 0 Hours 0 Minutes 52 Seconds

============================================================================
12/12 Starting processing com.telltalegames.walkingdead200-1.apk ......
Getting apk info from https://play.google.com/store/apps/details?id=com.telltalegames.walkingdead200 ......
Success to get info from Play Store
The lastest version of com.telltalegames.walkingdead200-1.apk is    Varies with device  
Done processing com.telltalegames.walkingdead200-1.apk
Time Spent:   0 Days 0 Hours 0 Minutes 56 Seconds

============================================================================


**************************************************************
All Done
Total Time:   0 Days 0 Hours 0 Minutes 56 Seconds
Result Location:               /srv/www/htdocs/CV2/app/admin/scan_apk_version//results/AppInfo_2014-07-03-15-37-02.csv
**************************************************************
