Start processing app in list /home/Git-Apk/Updated_list from /home/Git-Apk/All_Apk  ......

============================================================================
1/5 Starting processing com.clearchannel.iheartradio.tv-1.apk ......
Getting apk info from https://play.google.com/store/apps/details?id=com.clearchannel.iheartradio.tv ......
Success to get info from Play Store
The lastest version of com.clearchannel.iheartradio.tv-1.apk is  1.0.0  
Done processing com.clearchannel.iheartradio.tv-1.apk
Time Spent:   0 Days 0 Hours 0 Minutes 2 Seconds

============================================================================
2/5 Starting processing com.n3vgames.deadonarrival2-1.apk ......
Getting apk info from https://play.google.com/store/apps/details?id=com.n3vgames.deadonarrival2 ......
Success to get info from Play Store
The lastest version of com.n3vgames.deadonarrival2-1.apk is    Varies with device  
Done processing com.n3vgames.deadonarrival2-1.apk
Time Spent:   0 Days 0 Hours 0 Minutes 4 Seconds

============================================================================
3/5 Starting processing com.netflix.ninja-1.apk ......
Getting apk info from https://play.google.com/store/apps/details?id=com.netflix.ninja ......
Success to get info from Play Store
The lastest version of com.netflix.ninja-1.apk is  1.0  
Done processing com.netflix.ninja-1.apk
Time Spent:   0 Days 0 Hours 0 Minutes 5 Seconds

============================================================================
4/5 Starting processing com.recoilgames.rochard-1.apk ......
Getting apk info from https://play.google.com/store/apps/details?id=com.recoilgames.rochard ......
Success to get info from Play Store
The lastest version of com.recoilgames.rochard-1.apk is  1.50.41  
Done processing com.recoilgames.rochard-1.apk
Time Spent:   0 Days 0 Hours 0 Minutes 7 Seconds

============================================================================
5/5 Starting processing com.sm.SlingGuide.Dish-1.apk ......
Getting apk info from https://play.google.com/store/apps/details?id=com.sm.SlingGuide.Dish ......
Success to get info from Play Store
The lastest version of com.sm.SlingGuide.Dish-1.apk is    Varies with device  
Done processing com.sm.SlingGuide.Dish-1.apk
Time Spent:   0 Days 0 Hours 0 Minutes 9 Seconds

============================================================================


**************************************************************
All Done
Total Time:   0 Days 0 Hours 0 Minutes 9 Seconds
Result Location:               /srv/www/htdocs/CV2/app/admin/scan_apk_version//results/AppInfo_2014-09-28-13-54-27.csv
**************************************************************
