Start processing app in list /home/Git-Apk/Updated_list from /home/Git-Apk/All_Apk  ......

============================================================================
1/3 Starting processing com.miHoYo.HSoDv22144.yyh-1.apk ......
Getting apk info from https://play.google.com/store/apps/details?id=com.miHoYo.HSoDv22144.yyh ......
[ERROR] : Cannot find info of com.miHoYo.HSoDv22144.yyh-1.apk on https://play.google.com/store/apps/details?id=com.miHoYo.HSoDv22144.yyh !!!
Done processing com.miHoYo.HSoDv22144.yyh-1.apk
Time Spent:   0 Days 0 Hours 0 Minutes 4 Seconds

============================================================================
2/3 Starting processing com.outfit7.talkingben-1.apk ......
Getting apk info from https://play.google.com/store/apps/details?id=com.outfit7.talkingben ......
Success to get info from Play Store
The lastest version of com.outfit7.talkingben-1.apk is    Varies with device  
Done processing com.outfit7.talkingben-1.apk
Time Spent:   0 Days 0 Hours 0 Minutes 8 Seconds

============================================================================
3/3 Starting processing com.starbucks.mobilecard-1.apk ......
Getting apk info from https://play.google.com/store/apps/details?id=com.starbucks.mobilecard ......
Success to get info from Play Store
The lastest version of com.starbucks.mobilecard-1.apk is  2.7  
Done processing com.starbucks.mobilecard-1.apk
Time Spent:   0 Days 0 Hours 0 Minutes 13 Seconds

============================================================================


**************************************************************
All Done
Total Time:   0 Days 0 Hours 0 Minutes 13 Seconds
Result Location:               /srv/www/htdocs/CV2/app/admin/scan_apk_version//results/AppInfo_2014-09-19-15-09-17.csv
**************************************************************
