Start processing app in list /home/Git-Apk/Updated_list from /home/Git-Apk/All_Apk  ......

============================================================================
1/5 Starting processing com.and.games505.battleislands-1.apk ......
Getting apk info from https://play.google.com/store/apps/details?id=com.and.games505.battleislands ......
Success to get info from Play Store
The lastest version of com.and.games505.battleislands-1.apk is  1.5.1  
Done processing com.and.games505.battleislands-1.apk
Time Spent:   0 Days 0 Hours 0 Minutes 2 Seconds

============================================================================
2/5 Starting processing com.flaregames.gameofknights-1.apk ......
Getting apk info from https://play.google.com/store/apps/details?id=com.flaregames.gameofknights ......
Success to get info from Play Store
The lastest version of com.flaregames.gameofknights-1.apk is  1.3.3  
Done processing com.flaregames.gameofknights-1.apk
Time Spent:   0 Days 0 Hours 0 Minutes 4 Seconds

============================================================================
3/5 Starting processing com.gamenauts.ninjafishingfull-1.apk ......
Getting apk info from https://play.google.com/store/apps/details?id=com.gamenauts.ninjafishingfull ......
Success to get info from Play Store
The lastest version of com.gamenauts.ninjafishingfull-1.apk is  1.7.3  
Done processing com.gamenauts.ninjafishingfull-1.apk
Time Spent:   0 Days 0 Hours 0 Minutes 6 Seconds

============================================================================
4/5 Starting processing com.naturalmotion.clumsyninja-1.apk ......
Getting apk info from https://play.google.com/store/apps/details?id=com.naturalmotion.clumsyninja ......
Success to get info from Play Store
The lastest version of com.naturalmotion.clumsyninja-1.apk is    Varies with device  
Done processing com.naturalmotion.clumsyninja-1.apk
Time Spent:   0 Days 0 Hours 0 Minutes 9 Seconds

============================================================================
5/5 Starting processing com.square_enix.android_googleplay.FFVI-1.apk ......
Getting apk info from https://play.google.com/store/apps/details?id=com.square_enix.android_googleplay.FFVI ......
Success to get info from Play Store
The lastest version of com.square_enix.android_googleplay.FFVI-1.apk is  1.0.5  
Done processing com.square_enix.android_googleplay.FFVI-1.apk
Time Spent:   0 Days 0 Hours 0 Minutes 12 Seconds

============================================================================


**************************************************************
All Done
Total Time:   0 Days 0 Hours 0 Minutes 12 Seconds
Result Location:               /srv/www/htdocs/CV2/app/admin/scan_apk_version//results/AppInfo_2014-06-17-11-03-54.csv
**************************************************************
