Start processing app in list /home/Git-Apk/Updated_list from /home/Git-Apk/All_Apk  ......

============================================================================
1/10 Starting processing com.degoo.android.pregnantdoctor-1.apk ......
Getting apk info from https://play.google.com/store/apps/details?id=com.degoo.android.pregnantdoctor ......
Success to get info from Play Store
The lastest version of com.degoo.android.pregnantdoctor-1.apk is  1.0.11  
Done processing com.degoo.android.pregnantdoctor-1.apk
Time Spent:   0 Days 0 Hours 0 Minutes 3 Seconds

============================================================================
2/10 Starting processing com.errorsevendev.games.laserBreakPaid-1.apk ......
Getting apk info from https://play.google.com/store/apps/details?id=com.errorsevendev.games.laserBreakPaid ......
Success to get info from Play Store
The lastest version of com.errorsevendev.games.laserBreakPaid-1.apk is  1.06  
Done processing com.errorsevendev.games.laserBreakPaid-1.apk
Time Spent:   0 Days 0 Hours 0 Minutes 6 Seconds

============================================================================
3/10 Starting processing com.gamecircus.prizeclaw2-1.apk ......
Getting apk info from https://play.google.com/store/apps/details?id=com.gamecircus.prizeclaw2 ......
Success to get info from Play Store
The lastest version of com.gamecircus.prizeclaw2-1.apk is    Varies with device  
Done processing com.gamecircus.prizeclaw2-1.apk
Time Spent:   0 Days 0 Hours 0 Minutes 12 Seconds

============================================================================
4/10 Starting processing com.glu.deerhunt16-1.apk ......
Getting apk info from https://play.google.com/store/apps/details?id=com.glu.deerhunt16 ......
Success to get info from Play Store
The lastest version of com.glu.deerhunt16-1.apk is  2.0.1  
Done processing com.glu.deerhunt16-1.apk
Time Spent:   0 Days 0 Hours 0 Minutes 15 Seconds

============================================================================
5/10 Starting processing com.lionmobi.battery-1.apk ......
Getting apk info from https://play.google.com/store/apps/details?id=com.lionmobi.battery ......
Success to get info from Play Store
The lastest version of com.lionmobi.battery-1.apk is  1.2.9  
Done processing com.lionmobi.battery-1.apk
Time Spent:   0 Days 0 Hours 0 Minutes 19 Seconds

============================================================================
6/10 Starting processing com.lvlup.buddhify-1.apk ......
Getting apk info from https://play.google.com/store/apps/details?id=com.lvlup.buddhify ......
Success to get info from Play Store
The lastest version of com.lvlup.buddhify-1.apk is  1.0.20  
Done processing com.lvlup.buddhify-1.apk
Time Spent:   0 Days 0 Hours 0 Minutes 21 Seconds

============================================================================
7/10 Starting processing com.mavenhut.solitaire.championships-1.apk ......
Getting apk info from https://play.google.com/store/apps/details?id=com.mavenhut.solitaire.championships ......
Success to get info from Play Store
The lastest version of com.mavenhut.solitaire.championships-1.apk is  1.18.500  
Done processing com.mavenhut.solitaire.championships-1.apk
Time Spent:   0 Days 0 Hours 0 Minutes 24 Seconds

============================================================================
8/10 Starting processing com.moonton.magicrush-1.apk ......
Getting apk info from https://play.google.com/store/apps/details?id=com.moonton.magicrush ......
Success to get info from Play Store
The lastest version of com.moonton.magicrush-1.apk is  1.1.39  
Done processing com.moonton.magicrush-1.apk
Time Spent:   0 Days 0 Hours 0 Minutes 27 Seconds

============================================================================
9/10 Starting processing com.snapchat.android-1.apk ......
Getting apk info from https://play.google.com/store/apps/details?id=com.snapchat.android ......
Success to get info from Play Store
The lastest version of com.snapchat.android-1.apk is  9.20.5.0  
Done processing com.snapchat.android-1.apk
Time Spent:   0 Days 0 Hours 0 Minutes 31 Seconds

============================================================================
10/10 Starting processing pl.openrnd.allplayer-1.apk ......
Getting apk info from https://play.google.com/store/apps/details?id=pl.openrnd.allplayer ......
Success to get info from Play Store
The lastest version of pl.openrnd.allplayer-1.apk is  1.0.8  
Done processing pl.openrnd.allplayer-1.apk
Time Spent:   0 Days 0 Hours 0 Minutes 33 Seconds

============================================================================


**************************************************************
All Done
Total Time:   0 Days 0 Hours 0 Minutes 33 Seconds
Result Location:               /home/Git-Apk/code_resource/script_hooks/scan_apk/scan_apk_version/results/AppInfo_2015-12-17-14-12-22.csv
**************************************************************
