Start processing app in list /home/Git-Apk/Updated_list from /home/Git-Apk/Baidu  ......

============================================================================
1/6 Starting processing cmccwm.mobilemusic-1.apk ......
Getting apk info from https://play.google.com/store/apps/details?id=cmccwm.mobilemusic ......
[ERROR] : Cannot find info of cmccwm.mobilemusic-1.apk on https://play.google.com/store/apps/details?id=cmccwm.mobilemusic !!!
Done processing cmccwm.mobilemusic-1.apk
Time Spent:   0 Days 0 Hours 0 Minutes 1 Seconds

============================================================================
2/6 Starting processing com.alibaba.mobileim-1.apk ......
Error ouccus when processing com.alibaba.mobileim-1.apk : Cnnot get apk info by aapt !
============================================================================
2/6 Starting processing com.dp.android.elong-1.apk ......
Getting apk info from https://play.google.com/store/apps/details?id=com.dp.android.elong ......
Success to get info from Play Store
The lastest version of com.dp.android.elong-1.apk is  8.3.1  
Done processing com.dp.android.elong-1.apk
Time Spent:   0 Days 0 Hours 0 Minutes 3 Seconds

============================================================================
3/6 Starting processing com.iflytek.ringdiyclient-1.apk ......
Getting apk info from https://play.google.com/store/apps/details?id=com.iflytek.ringdiyclient ......
Success to get info from Play Store
The lastest version of com.iflytek.ringdiyclient-1.apk is  2.1.34  
Done processing com.iflytek.ringdiyclient-1.apk
Time Spent:   0 Days 0 Hours 0 Minutes 4 Seconds

============================================================================
4/6 Starting processing com.meitu.meipaimv-1.apk ......
Getting apk info from https://play.google.com/store/apps/details?id=com.meitu.meipaimv ......
Success to get info from Play Store
The lastest version of com.meitu.meipaimv-1.apk is  3.1.1  
Done processing com.meitu.meipaimv-1.apk
Time Spent:   0 Days 0 Hours 0 Minutes 6 Seconds

============================================================================
5/6 Starting processing com.tencent.game.VXDGame-1.apk ......
Getting apk info from https://play.google.com/store/apps/details?id=com.tencent.game.VXDGame ......
[ERROR] : Cannot find info of com.tencent.game.VXDGame-1.apk on https://play.google.com/store/apps/details?id=com.tencent.game.VXDGame !!!
Done processing com.tencent.game.VXDGame-1.apk
Time Spent:   0 Days 0 Hours 0 Minutes 7 Seconds

============================================================================


**************************************************************
All Done
Total Time:   0 Days 0 Hours 0 Minutes 7 Seconds
Result Location:               /home/Git-Apk/code_resource/script_hooks/scan_apk/scan_apk_version/results/AppInfo_2015-04-27-16-13-46.csv
**************************************************************
