Start processing app in list /home/Git-Apk/Updated_list from /home/Git-Apk/Baidu  ......

============================================================================
1/7 Starting processing com.chinatelecom.bestpayclient-1.apk ......
Getting apk info from https://play.google.com/store/apps/details?id=com.chinatelecom.bestpayclient ......
[ERROR] : Cannot find info of com.chinatelecom.bestpayclient-1.apk on https://play.google.com/store/apps/details?id=com.chinatelecom.bestpayclient !!!
Done processing com.chinatelecom.bestpayclient-1.apk
Time Spent:   0 Days 0 Hours 0 Minutes 2 Seconds

============================================================================
2/7 Starting processing com.douguo.recipe-1.apk ......
Getting apk info from https://play.google.com/store/apps/details?id=com.douguo.recipe ......
Success to get info from Play Store
The lastest version of com.douguo.recipe-1.apk is  5.4.2  
Done processing com.douguo.recipe-1.apk
Time Spent:   0 Days 0 Hours 0 Minutes 4 Seconds

============================================================================
3/7 Starting processing com.gau.go.launcherex-1.apk ......
Getting apk info from https://play.google.com/store/apps/details?id=com.gau.go.launcherex ......
Success to get info from Play Store
The lastest version of com.gau.go.launcherex-1.apk is    Varies with device  
Done processing com.gau.go.launcherex-1.apk
Time Spent:   0 Days 0 Hours 0 Minutes 7 Seconds

============================================================================
4/7 Starting processing com.kugou.android-1.apk ......
Getting apk info from https://play.google.com/store/apps/details?id=com.kugou.android ......
Success to get info from Play Store
The lastest version of com.kugou.android-1.apk is    Varies with device  
Done processing com.kugou.android-1.apk
Time Spent:   0 Days 0 Hours 0 Minutes 10 Seconds

============================================================================
5/7 Starting processing com.tencent.WBlog-1.apk ......
Getting apk info from https://play.google.com/store/apps/details?id=com.tencent.WBlog ......
Success to get info from Play Store
The lastest version of com.tencent.WBlog-1.apk is  6.0.3  
Done processing com.tencent.WBlog-1.apk
Time Spent:   0 Days 0 Hours 0 Minutes 14 Seconds

============================================================================
6/7 Starting processing com.tencent.mobileqq-1.apk ......
Getting apk info from https://play.google.com/store/apps/details?id=com.tencent.mobileqq ......
Success to get info from Play Store
The lastest version of com.tencent.mobileqq-1.apk is  5.7.2  
Done processing com.tencent.mobileqq-1.apk
Time Spent:   0 Days 0 Hours 0 Minutes 19 Seconds

============================================================================
7/7 Starting processing com.tudou.android-1.apk ......
Getting apk info from https://play.google.com/store/apps/details?id=com.tudou.android ......
[ERROR] : Cannot find info of com.tudou.android-1.apk on https://play.google.com/store/apps/details?id=com.tudou.android !!!
Done processing com.tudou.android-1.apk
Time Spent:   0 Days 0 Hours 0 Minutes 20 Seconds

============================================================================


**************************************************************
All Done
Total Time:   0 Days 0 Hours 0 Minutes 20 Seconds
Result Location:               /home/Git-Apk/code_resource/script_hooks/scan_apk/scan_apk_version/results/AppInfo_2015-07-03-17-38-49.csv
**************************************************************
