Start processing app in list /home/Git-Apk/Updated_list from /home/Git-Apk/All_Apk  ......

============================================================================
1/6 Starting processing com.activision.callofduty.heroes-1.apk ......
Getting apk info from https://play.google.com/store/apps/details?id=com.activision.callofduty.heroes ......
Success to get info from Play Store
The lastest version of com.activision.callofduty.heroes-1.apk is  1.2.1  
Done processing com.activision.callofduty.heroes-1.apk
Time Spent:   0 Days 0 Hours 0 Minutes 22 Seconds

============================================================================
2/6 Starting processing com.disney.disneymoviesanywhere_goo-1.apk ......
Getting apk info from https://play.google.com/store/apps/details?id=com.disney.disneymoviesanywhere_goo ......
Success to get info from Play Store
The lastest version of com.disney.disneymoviesanywhere_goo-1.apk is  1.1.1  
Done processing com.disney.disneymoviesanywhere_goo-1.apk
Time Spent:   0 Days 0 Hours 0 Minutes 36 Seconds

============================================================================
3/6 Starting processing com.glu.contractkiller3-1.apk ......
Getting apk info from https://play.google.com/store/apps/details?id=com.glu.contractkiller3 ......
Success to get info from Play Store
The lastest version of com.glu.contractkiller3-1.apk is  1.1.1  
Done processing com.glu.contractkiller3-1.apk
Time Spent:   0 Days 0 Hours 0 Minutes 49 Seconds

============================================================================
4/6 Starting processing com.google.android.apps.chromecast.app-1.apk ......
Getting apk info from https://play.google.com/store/apps/details?id=com.google.android.apps.chromecast.app ......
Success to get info from Play Store
The lastest version of com.google.android.apps.chromecast.app-1.apk is  1.9.7  
Done processing com.google.android.apps.chromecast.app-1.apk
Time Spent:   0 Days 0 Hours 0 Minutes 58 Seconds

============================================================================
5/6 Starting processing com.igg.android.clashofmafias-1.apk ......
Getting apk info from https://play.google.com/store/apps/details?id=com.igg.android.clashofmafias ......
Success to get info from Play Store
The lastest version of com.igg.android.clashofmafias-1.apk is  1.0.52  
Done processing com.igg.android.clashofmafias-1.apk
Time Spent:   0 Days 0 Hours 1 Minutes 4 Seconds

============================================================================
6/6 Starting processing com.scottgames.fnaf2demo-1.apk ......
Getting apk info from https://play.google.com/store/apps/details?id=com.scottgames.fnaf2demo ......
Success to get info from Play Store
The lastest version of com.scottgames.fnaf2demo-1.apk is  1.07  
Done processing com.scottgames.fnaf2demo-1.apk
Time Spent:   0 Days 0 Hours 1 Minutes 11 Seconds

============================================================================


**************************************************************
All Done
Total Time:   0 Days 0 Hours 1 Minutes 11 Seconds
Result Location:               /home/Git-Apk/code_resource/script_hooks/scan_apk/scan_apk_version/results/AppInfo_2015-01-09-15-36-26.csv
**************************************************************
