Start processing app in list /home/Git-Apk/Updated_list from /home/Git-Apk/All_Apk  ......

============================================================================
1/2 Starting processing com.miHoYo.HSoDv22144.wdj-1.apk ......
Getting apk info from https://play.google.com/store/apps/details?id=com.miHoYo.HSoDv22144.wdj ......
[ERROR] : Cannot find info of com.miHoYo.HSoDv22144.wdj-1.apk on https://play.google.com/store/apps/details?id=com.miHoYo.HSoDv22144.wdj !!!
Done processing com.miHoYo.HSoDv22144.wdj-1.apk
Time Spent:   0 Days 0 Hours 0 Minutes 5 Seconds

============================================================================
2/2 Starting processing jp.naver.SJFISHING-1.apk ......
Getting apk info from https://play.google.com/store/apps/details?id=jp.naver.SJFISHING ......
Success to get info from Play Store
The lastest version of jp.naver.SJFISHING-1.apk is  1.3.5  
Done processing jp.naver.SJFISHING-1.apk
Time Spent:   0 Days 0 Hours 0 Minutes 7 Seconds

============================================================================


**************************************************************
All Done
Total Time:   0 Days 0 Hours 0 Minutes 7 Seconds
Result Location:               /home/Git-Apk/code_resource/script_hooks/scan_apk/scan_apk_version/results/AppInfo_2015-01-05-14-41-13.csv
**************************************************************
