Start processing app in list /home/Git-Apk/Updated_list from /home/Git-Apk/Baidu  ......

============================================================================
1/9 Starting processing cn.etouch.ecalendar-1.apk ......
Getting apk info from https://play.google.com/store/apps/details?id=cn.etouch.ecalendar ......
[ERROR] : Cannot find info of cn.etouch.ecalendar-1.apk on https://play.google.com/store/apps/details?id=cn.etouch.ecalendar !!!
Done processing cn.etouch.ecalendar-1.apk
Time Spent:   0 Days 0 Hours 0 Minutes 1 Seconds

============================================================================
2/9 Starting processing cn.kuwo.player-1.apk ......
Getting apk info from https://play.google.com/store/apps/details?id=cn.kuwo.player ......
Success to get info from Play Store
The lastest version of cn.kuwo.player-1.apk is  6.8.1.0  
Done processing cn.kuwo.player-1.apk
Time Spent:   0 Days 0 Hours 0 Minutes 4 Seconds

============================================================================
3/9 Starting processing cn.wps.moffice_eng-1.apk ......
Getting apk info from https://play.google.com/store/apps/details?id=cn.wps.moffice_eng ......
Success to get info from Play Store
The lastest version of cn.wps.moffice_eng-1.apk is  7.1.3  
Done processing cn.wps.moffice_eng-1.apk
Time Spent:   0 Days 0 Hours 0 Minutes 8 Seconds

============================================================================
4/9 Starting processing com.achievo.vipshop-1.apk ......
Getting apk info from https://play.google.com/store/apps/details?id=com.achievo.vipshop ......
[ERROR] : Cannot find info of com.achievo.vipshop-1.apk on https://play.google.com/store/apps/details?id=com.achievo.vipshop !!!
Done processing com.achievo.vipshop-1.apk
Time Spent:   0 Days 0 Hours 0 Minutes 10 Seconds

============================================================================
5/9 Starting processing com.immomo.momo-1.apk ......
Getting apk info from https://play.google.com/store/apps/details?id=com.immomo.momo ......
Success to get info from Play Store
The lastest version of com.immomo.momo-1.apk is  6.0.2  
Done processing com.immomo.momo-1.apk
Time Spent:   0 Days 0 Hours 0 Minutes 14 Seconds

============================================================================
6/9 Starting processing com.jingdong.app.mall-1.apk ......
Getting apk info from https://play.google.com/store/apps/details?id=com.jingdong.app.mall ......
Success to get info from Play Store
The lastest version of com.jingdong.app.mall-1.apk is  3.4.6  
Done processing com.jingdong.app.mall-1.apk
Time Spent:   0 Days 0 Hours 0 Minutes 18 Seconds

============================================================================
7/9 Starting processing com.meitu.meipaimv-1.apk ......
Getting apk info from https://play.google.com/store/apps/details?id=com.meitu.meipaimv ......
Success to get info from Play Store
The lastest version of com.meitu.meipaimv-1.apk is  3.2.2  
Done processing com.meitu.meipaimv-1.apk
Time Spent:   0 Days 0 Hours 0 Minutes 21 Seconds

============================================================================
8/9 Starting processing com.quvideo.xiaoying-1.apk ......
Getting apk info from https://play.google.com/store/apps/details?id=com.quvideo.xiaoying ......
Success to get info from Play Store
The lastest version of com.quvideo.xiaoying-1.apk is  4.1.5  
Done processing com.quvideo.xiaoying-1.apk
Time Spent:   0 Days 0 Hours 0 Minutes 25 Seconds

============================================================================
9/9 Starting processing com.shoujiduoduo.ringtone-1.apk ......
Getting apk info from https://play.google.com/store/apps/details?id=com.shoujiduoduo.ringtone ......
[ERROR] : Cannot find info of com.shoujiduoduo.ringtone-1.apk on https://play.google.com/store/apps/details?id=com.shoujiduoduo.ringtone !!!
Done processing com.shoujiduoduo.ringtone-1.apk
Time Spent:   0 Days 0 Hours 0 Minutes 26 Seconds

============================================================================


**************************************************************
All Done
Total Time:   0 Days 0 Hours 0 Minutes 26 Seconds
Result Location:               /home/Git-Apk/code_resource/script_hooks/scan_apk/scan_apk_version/results/AppInfo_2015-05-22-13-39-28.csv
**************************************************************
