Start processing app in list /home/Git-Apk/Updated_list from /home/Git-Apk/ARM-V8  ......

============================================================================
1/133 Starting processing com.Junimong.Junimong-1.apk ......
Getting apk info from https://play.google.com/store/apps/details?id=com.Junimong.Junimong ......
Success to get info from Play Store
The lastest version of com.Junimong.Junimong-1.apk is  2.00.09  
Done processing com.Junimong.Junimong-1.apk
Time Spent:   0 Days 0 Hours 0 Minutes 3 Seconds

============================================================================
2/133 Starting processing com.LiveIndianTrainStatus-1.apk ......
Getting apk info from https://play.google.com/store/apps/details?id=com.LiveIndianTrainStatus ......
Success to get info from Play Store
The lastest version of com.LiveIndianTrainStatus-1.apk is  13.0  
Done processing com.LiveIndianTrainStatus-1.apk
Time Spent:   0 Days 0 Hours 0 Minutes 5 Seconds

============================================================================
3/133 Starting processing com.PrankRiot-1.apk ......
Getting apk info from https://play.google.com/store/apps/details?id=com.PrankRiot ......
Success to get info from Play Store
The lastest version of com.PrankRiot-1.apk is    Varies with device  
Done processing com.PrankRiot-1.apk
Time Spent:   0 Days 0 Hours 0 Minutes 7 Seconds

============================================================================
4/133 Starting processing com.ShpagaGames.GoblinDefenders2GP-1.apk ......
Getting apk info from https://play.google.com/store/apps/details?id=com.ShpagaGames.GoblinDefenders2GP ......
Success to get info from Play Store
The lastest version of com.ShpagaGames.GoblinDefenders2GP-1.apk is 
Done processing com.ShpagaGames.GoblinDefenders2GP-1.apk
Time Spent:   0 Days 0 Hours 0 Minutes 9 Seconds

============================================================================
5/133 Starting processing com.WhistlePhoneLocator-1.apk ......
Getting apk info from https://play.google.com/store/apps/details?id=com.WhistlePhoneLocator ......
Success to get info from Play Store
The lastest version of com.WhistlePhoneLocator-1.apk is  4.14  
Done processing com.WhistlePhoneLocator-1.apk
Time Spent:   0 Days 0 Hours 0 Minutes 11 Seconds

============================================================================
6/133 Starting processing com.itaucard.activity-1.apk ......
Getting apk info from https://play.google.com/store/apps/details?id=com.itaucard.activity ......
Success to get info from Play Store
The lastest version of com.itaucard.activity-1.apk is  2.2.13  
Done processing com.itaucard.activity-1.apk
Time Spent:   0 Days 0 Hours 0 Minutes 14 Seconds

============================================================================
7/133 Starting processing com.jacket.alarab-1.apk ......
Getting apk info from https://play.google.com/store/apps/details?id=com.jacket.alarab ......
Success to get info from Play Store
The lastest version of com.jacket.alarab-1.apk is  2.1.7  
Done processing com.jacket.alarab-1.apk
Time Spent:   0 Days 0 Hours 0 Minutes 16 Seconds

============================================================================
8/133 Starting processing com.jeunesseglobal.JMobile-1.apk ......
Getting apk info from https://play.google.com/store/apps/details?id=com.jeunesseglobal.JMobile ......
Success to get info from Play Store
The lastest version of com.jeunesseglobal.JMobile-1.apk is  2.5.3  
Done processing com.jeunesseglobal.JMobile-1.apk
Time Spent:   0 Days 0 Hours 0 Minutes 18 Seconds

============================================================================
9/133 Starting processing com.jeuxvideo-1.apk ......
Getting apk info from https://play.google.com/store/apps/details?id=com.jeuxvideo ......
Success to get info from Play Store
The lastest version of com.jeuxvideo-1.apk is    Varies with device  
Done processing com.jeuxvideo-1.apk
Time Spent:   0 Days 0 Hours 0 Minutes 21 Seconds

============================================================================
10/133 Starting processing com.jibjab.android.messages.fbmessenger-1.apk ......
Getting apk info from https://play.google.com/store/apps/details?id=com.jibjab.android.messages.fbmessenger ......
Success to get info from Play Store
The lastest version of com.jibjab.android.messages.fbmessenger-1.apk is  0.1.8  
Done processing com.jibjab.android.messages.fbmessenger-1.apk
Time Spent:   0 Days 0 Hours 0 Minutes 23 Seconds

============================================================================
11/133 Starting processing com.juegagerman.KGstudios-1.apk ......
Getting apk info from https://play.google.com/store/apps/details?id=com.juegagerman.KGstudios ......
Success to get info from Play Store
The lastest version of com.juegagerman.KGstudios-1.apk is  3.0  
Done processing com.juegagerman.KGstudios-1.apk
Time Spent:   0 Days 0 Hours 0 Minutes 25 Seconds

============================================================================
12/133 Starting processing com.kaname.surya.android.strangecamera-1.apk ......
Getting apk info from https://play.google.com/store/apps/details?id=com.kaname.surya.android.strangecamera ......
Success to get info from Play Store
The lastest version of com.kaname.surya.android.strangecamera-1.apk is  3.5.2  
Done processing com.kaname.surya.android.strangecamera-1.apk
Time Spent:   0 Days 0 Hours 0 Minutes 28 Seconds

============================================================================
13/133 Starting processing com.kapp.ifont-1.apk ......
Getting apk info from https://play.google.com/store/apps/details?id=com.kapp.ifont ......
Success to get info from Play Store
The lastest version of com.kapp.ifont-1.apk is  5.5.8  
Done processing com.kapp.ifont-1.apk
Time Spent:   0 Days 0 Hours 0 Minutes 30 Seconds

============================================================================
14/133 Starting processing com.kapp.ifont.donate-1.apk ......
Getting apk info from https://play.google.com/store/apps/details?id=com.kapp.ifont.donate ......
Success to get info from Play Store
The lastest version of com.kapp.ifont.donate-1.apk is  5.5.8  
Done processing com.kapp.ifont.donate-1.apk
Time Spent:   0 Days 0 Hours 0 Minutes 32 Seconds

============================================================================
15/133 Starting processing com.kaypu.goods-1.apk ......
Getting apk info from https://play.google.com/store/apps/details?id=com.kaypu.goods ......
Success to get info from Play Store
The lastest version of com.kaypu.goods-1.apk is  3.133  
Done processing com.kaypu.goods-1.apk
Time Spent:   0 Days 0 Hours 0 Minutes 34 Seconds

============================================================================
16/133 Starting processing com.kibo.mobi.chelsea.fc.official.keyboard-1.apk ......
Getting apk info from https://play.google.com/store/apps/details?id=com.kibo.mobi.chelsea.fc.official.keyboard ......
Success to get info from Play Store
The lastest version of com.kibo.mobi.chelsea.fc.official.keyboard-1.apk is  3.0.54.338  
Done processing com.kibo.mobi.chelsea.fc.official.keyboard-1.apk
Time Spent:   0 Days 0 Hours 0 Minutes 38 Seconds

============================================================================
17/133 Starting processing com.kibo.mobi.fc.barcelona.official.keyboard-1.apk ......
Getting apk info from https://play.google.com/store/apps/details?id=com.kibo.mobi.fc.barcelona.official.keyboard ......
Success to get info from Play Store
The lastest version of com.kibo.mobi.fc.barcelona.official.keyboard-1.apk is  3.0.54.338  
Done processing com.kibo.mobi.fc.barcelona.official.keyboard-1.apk
Time Spent:   0 Days 0 Hours 0 Minutes 40 Seconds

============================================================================
18/133 Starting processing com.kibo.mobi.liverpool.fc.official.keyboard-1.apk ......
Getting apk info from https://play.google.com/store/apps/details?id=com.kibo.mobi.liverpool.fc.official.keyboard ......
Success to get info from Play Store
The lastest version of com.kibo.mobi.liverpool.fc.official.keyboard-1.apk is  3.0.54.338  
Done processing com.kibo.mobi.liverpool.fc.official.keyboard-1.apk
Time Spent:   0 Days 0 Hours 0 Minutes 43 Seconds

============================================================================
19/133 Starting processing com.kidoz-1.apk ......
Getting apk info from https://play.google.com/store/apps/details?id=com.kidoz ......
Success to get info from Play Store
The lastest version of com.kidoz-1.apk is  3.2.2.4  
Done processing com.kidoz-1.apk
Time Spent:   0 Days 0 Hours 0 Minutes 45 Seconds

============================================================================
20/133 Starting processing com.klook-1.apk ......
Getting apk info from https://play.google.com/store/apps/details?id=com.klook ......
Success to get info from Play Store
The lastest version of com.klook-1.apk is  1.4.0  
Done processing com.klook-1.apk
Time Spent:   0 Days 0 Hours 0 Minutes 47 Seconds

============================================================================
21/133 Starting processing com.kloudpeak.gundem-1.apk ......
Getting apk info from https://play.google.com/store/apps/details?id=com.kloudpeak.gundem ......
Success to get info from Play Store
The lastest version of com.kloudpeak.gundem-1.apk is  2.3.0  
Done processing com.kloudpeak.gundem-1.apk
Time Spent:   0 Days 0 Hours 0 Minutes 50 Seconds

============================================================================
22/133 Starting processing com.kpmoney.android-1.apk ......
Getting apk info from https://play.google.com/store/apps/details?id=com.kpmoney.android ......
Success to get info from Play Store
The lastest version of com.kpmoney.android-1.apk is  2.8.1  
Done processing com.kpmoney.android-1.apk
Time Spent:   0 Days 0 Hours 0 Minutes 52 Seconds

============================================================================
23/133 Starting processing com.lafourchette.lafourchette-1.apk ......
Getting apk info from https://play.google.com/store/apps/details?id=com.lafourchette.lafourchette ......
Success to get info from Play Store
The lastest version of com.lafourchette.lafourchette-1.apk is  7.4  
Done processing com.lafourchette.lafourchette-1.apk
Time Spent:   0 Days 0 Hours 0 Minutes 55 Seconds

============================================================================
24/133 Starting processing com.lastpass.lpandroid-1.apk ......
Getting apk info from https://play.google.com/store/apps/details?id=com.lastpass.lpandroid ......
Success to get info from Play Store
The lastest version of com.lastpass.lpandroid-1.apk is    Varies with device  
Done processing com.lastpass.lpandroid-1.apk
Time Spent:   0 Days 0 Hours 0 Minutes 57 Seconds

============================================================================
25/133 Starting processing com.laurencedawson.reddit_sync-1.apk ......
Getting apk info from https://play.google.com/store/apps/details?id=com.laurencedawson.reddit_sync ......
Success to get info from Play Store
The lastest version of com.laurencedawson.reddit_sync-1.apk is  10.7.28  
Done processing com.laurencedawson.reddit_sync-1.apk
Time Spent:   0 Days 0 Hours 1 Minutes 0 Seconds

============================================================================
26/133 Starting processing com.laurencedawson.reddit_sync.pro-1.apk ......
Getting apk info from https://play.google.com/store/apps/details?id=com.laurencedawson.reddit_sync.pro ......
Success to get info from Play Store
The lastest version of com.laurencedawson.reddit_sync.pro-1.apk is  10.7.25  
Done processing com.laurencedawson.reddit_sync.pro-1.apk
Time Spent:   0 Days 0 Hours 1 Minutes 2 Seconds

============================================================================
27/133 Starting processing com.lesechos.android-1.apk ......
Getting apk info from https://play.google.com/store/apps/details?id=com.lesechos.android ......
Success to get info from Play Store
The lastest version of com.lesechos.android-1.apk is    Varies with device  
Done processing com.lesechos.android-1.apk
Time Spent:   0 Days 0 Hours 1 Minutes 6 Seconds

============================================================================
28/133 Starting processing com.linkedin.android-1.apk ......
Getting apk info from https://play.google.com/store/apps/details?id=com.linkedin.android ......
Success to get info from Play Store
The lastest version of com.linkedin.android-1.apk is 
Done processing com.linkedin.android-1.apk
Time Spent:   0 Days 0 Hours 1 Minutes 9 Seconds

============================================================================
29/133 Starting processing com.linkedin.pulse-1.apk ......
Getting apk info from https://play.google.com/store/apps/details?id=com.linkedin.pulse ......
Success to get info from Play Store
The lastest version of com.linkedin.pulse-1.apk is 
Done processing com.linkedin.pulse-1.apk
Time Spent:   0 Days 0 Hours 1 Minutes 12 Seconds

============================================================================
30/133 Starting processing com.looloo.looloo-1.apk ......
Getting apk info from https://play.google.com/store/apps/details?id=com.looloo.looloo ......
Success to get info from Play Store
The lastest version of com.looloo.looloo-1.apk is  1.3.0  
Done processing com.looloo.looloo-1.apk
Time Spent:   0 Days 0 Hours 1 Minutes 15 Seconds

============================================================================
31/133 Starting processing com.mangoplate-1.apk ......
Getting apk info from https://play.google.com/store/apps/details?id=com.mangoplate ......
Success to get info from Play Store
The lastest version of com.mangoplate-1.apk is  0.9.94  
Done processing com.mangoplate-1.apk
Time Spent:   0 Days 0 Hours 1 Minutes 17 Seconds

============================================================================
32/133 Starting processing com.mapmyride.android2-1.apk ......
Getting apk info from https://play.google.com/store/apps/details?id=com.mapmyride.android2 ......
Success to get info from Play Store
The lastest version of com.mapmyride.android2-1.apk is  3.10.0  
Done processing com.mapmyride.android2-1.apk
Time Spent:   0 Days 0 Hours 1 Minutes 20 Seconds

============================================================================
33/133 Starting processing com.mapmyrun.android2-1.apk ......
Getting apk info from https://play.google.com/store/apps/details?id=com.mapmyrun.android2 ......
Success to get info from Play Store
The lastest version of com.mapmyrun.android2-1.apk is  3.10.0  
Done processing com.mapmyrun.android2-1.apk
Time Spent:   0 Days 0 Hours 1 Minutes 23 Seconds

============================================================================
34/133 Starting processing com.mapmyrunplus.android2-1.apk ......
Getting apk info from https://play.google.com/store/apps/details?id=com.mapmyrunplus.android2 ......
Success to get info from Play Store
The lastest version of com.mapmyrunplus.android2-1.apk is  3.10.0  
Done processing com.mapmyrunplus.android2-1.apk
Time Spent:   0 Days 0 Hours 1 Minutes 26 Seconds

============================================================================
35/133 Starting processing com.mapmywalk.android2-1.apk ......
Getting apk info from https://play.google.com/store/apps/details?id=com.mapmywalk.android2 ......
Success to get info from Play Store
The lastest version of com.mapmywalk.android2-1.apk is  3.10.0  
Done processing com.mapmywalk.android2-1.apk
Time Spent:   0 Days 0 Hours 1 Minutes 29 Seconds

============================================================================
36/133 Starting processing com.mapmywalkplus.android2-1.apk ......
Getting apk info from https://play.google.com/store/apps/details?id=com.mapmywalkplus.android2 ......
Success to get info from Play Store
The lastest version of com.mapmywalkplus.android2-1.apk is  3.10.0  
Done processing com.mapmywalkplus.android2-1.apk
Time Spent:   0 Days 0 Hours 1 Minutes 32 Seconds

============================================================================
37/133 Starting processing com.mapquest.android.ace-1.apk ......
Getting apk info from https://play.google.com/store/apps/details?id=com.mapquest.android.ace ......
Success to get info from Play Store
The lastest version of com.mapquest.android.ace-1.apk is    Varies with device  
Done processing com.mapquest.android.ace-1.apk
Time Spent:   0 Days 0 Hours 1 Minutes 35 Seconds

============================================================================
38/133 Starting processing com.mavensay.rithm-1.apk ......
Getting apk info from https://play.google.com/store/apps/details?id=com.mavensay.rithm ......
Success to get info from Play Store
The lastest version of com.mavensay.rithm-1.apk is  2.2.1  
Done processing com.mavensay.rithm-1.apk
Time Spent:   0 Days 0 Hours 1 Minutes 39 Seconds

============================================================================
39/133 Starting processing com.mcnc.parecis.hrdkorea.qnet-1.apk ......
Getting apk info from https://play.google.com/store/apps/details?id=com.mcnc.parecis.hrdkorea.qnet ......
Success to get info from Play Store
The lastest version of com.mcnc.parecis.hrdkorea.qnet-1.apk is  1.0.10  
Done processing com.mcnc.parecis.hrdkorea.qnet-1.apk
Time Spent:   0 Days 0 Hours 1 Minutes 43 Seconds

============================================================================
40/133 Starting processing com.mcpe.pmpe.serverteach-1.apk ......
Getting apk info from https://play.google.com/store/apps/details?id=com.mcpe.pmpe.serverteach ......
Success to get info from Play Store
The lastest version of com.mcpe.pmpe.serverteach-1.apk is  0.11.1  
Done processing com.mcpe.pmpe.serverteach-1.apk
Time Spent:   0 Days 0 Hours 1 Minutes 47 Seconds

============================================================================
41/133 Starting processing com.mediaislam.indonesia-1.apk ......
Getting apk info from https://play.google.com/store/apps/details?id=com.mediaislam.indonesia ......
Success to get info from Play Store
The lastest version of com.mediaislam.indonesia-1.apk is  1.4  
Done processing com.mediaislam.indonesia-1.apk
Time Spent:   0 Days 0 Hours 1 Minutes 52 Seconds

============================================================================
42/133 Starting processing com.memrise.android.memrisecompanion-1.apk ......
Getting apk info from https://play.google.com/store/apps/details?id=com.memrise.android.memrisecompanion ......
Success to get info from Play Store
The lastest version of com.memrise.android.memrisecompanion-1.apk is    Varies with device  
Done processing com.memrise.android.memrisecompanion-1.apk
Time Spent:   0 Days 0 Hours 1 Minutes 55 Seconds

============================================================================
43/133 Starting processing com.menny.android.anysoftkeyboard-1.apk ......
Getting apk info from https://play.google.com/store/apps/details?id=com.menny.android.anysoftkeyboard ......
Success to get info from Play Store
The lastest version of com.menny.android.anysoftkeyboard-1.apk is    Varies with device  
Done processing com.menny.android.anysoftkeyboard-1.apk
Time Spent:   0 Days 0 Hours 1 Minutes 58 Seconds

============================================================================
44/133 Starting processing com.mico-1.apk ......
Getting apk info from https://play.google.com/store/apps/details?id=com.mico ......
Success to get info from Play Store
The lastest version of com.mico-1.apk is  3.5.8  
Done processing com.mico-1.apk
Time Spent:   0 Days 0 Hours 2 Minutes 0 Seconds

============================================================================
45/133 Starting processing com.microsoft.skydrive-1.apk ......
Getting apk info from https://play.google.com/store/apps/details?id=com.microsoft.skydrive ......
Success to get info from Play Store
The lastest version of com.microsoft.skydrive-1.apk is    Varies with device  
Done processing com.microsoft.skydrive-1.apk
Time Spent:   0 Days 0 Hours 2 Minutes 2 Seconds

============================================================================
46/133 Starting processing com.mobile.bizo.slowmotion-1.apk ......
Getting apk info from https://play.google.com/store/apps/details?id=com.mobile.bizo.slowmotion ......
Success to get info from Play Store
The lastest version of com.mobile.bizo.slowmotion-1.apk is  1.0.6  
Done processing com.mobile.bizo.slowmotion-1.apk
Time Spent:   0 Days 0 Hours 2 Minutes 6 Seconds

============================================================================
47/133 Starting processing com.mobilemotion.dubsmash-1.apk ......
Getting apk info from https://play.google.com/store/apps/details?id=com.mobilemotion.dubsmash ......
Success to get info from Play Store
The lastest version of com.mobilemotion.dubsmash-1.apk is  1.6.3  
Done processing com.mobilemotion.dubsmash-1.apk
Time Spent:   0 Days 0 Hours 2 Minutes 7 Seconds

============================================================================
48/133 Starting processing com.mobilike.tv8-1.apk ......
Getting apk info from https://play.google.com/store/apps/details?id=com.mobilike.tv8 ......
Success to get info from Play Store
The lastest version of com.mobilike.tv8-1.apk is  1.1.1  
Done processing com.mobilike.tv8-1.apk
Time Spent:   0 Days 0 Hours 2 Minutes 10 Seconds

============================================================================
49/133 Starting processing com.mobilion.diyanetkuran-1.apk ......
Getting apk info from https://play.google.com/store/apps/details?id=com.mobilion.diyanetkuran ......
Success to get info from Play Store
The lastest version of com.mobilion.diyanetkuran-1.apk is  3.0.9  
Done processing com.mobilion.diyanetkuran-1.apk
Time Spent:   0 Days 0 Hours 2 Minutes 13 Seconds

============================================================================
50/133 Starting processing com.moblynx.galleryics-1.apk ......
Getting apk info from https://play.google.com/store/apps/details?id=com.moblynx.galleryics ......
Success to get info from Play Store
The lastest version of com.moblynx.galleryics-1.apk is  1.4  
Done processing com.moblynx.galleryics-1.apk
Time Spent:   0 Days 0 Hours 2 Minutes 16 Seconds

============================================================================
51/133 Starting processing com.multichoice.mnetapp-1.apk ......
Getting apk info from https://play.google.com/store/apps/details?id=com.multichoice.mnetapp ......
Success to get info from Play Store
The lastest version of com.multichoice.mnetapp-1.apk is  1.1.0  
Done processing com.multichoice.mnetapp-1.apk
Time Spent:   0 Days 0 Hours 2 Minutes 18 Seconds

============================================================================
52/133 Starting processing com.mylittleparis.mylittlebeauty-1.apk ......
Getting apk info from https://play.google.com/store/apps/details?id=com.mylittleparis.mylittlebeauty ......
Success to get info from Play Store
The lastest version of com.mylittleparis.mylittlebeauty-1.apk is  1.0.2  
Done processing com.mylittleparis.mylittlebeauty-1.apk
Time Spent:   0 Days 0 Hours 2 Minutes 20 Seconds

============================================================================
53/133 Starting processing com.mysugr.android.companion-1.apk ......
Getting apk info from https://play.google.com/store/apps/details?id=com.mysugr.android.companion ......
Success to get info from Play Store
The lastest version of com.mysugr.android.companion-1.apk is    Varies with device  
Done processing com.mysugr.android.companion-1.apk
Time Spent:   0 Days 0 Hours 2 Minutes 22 Seconds

============================================================================
54/133 Starting processing com.myteksi.passenger-1.apk ......
Getting apk info from https://play.google.com/store/apps/details?id=com.myteksi.passenger ......
Success to get info from Play Store
The lastest version of com.myteksi.passenger-1.apk is    Varies with device  
Done processing com.myteksi.passenger-1.apk
Time Spent:   0 Days 0 Hours 2 Minutes 24 Seconds

============================================================================
55/133 Starting processing com.myyearbook.m-1.apk ......
Getting apk info from https://play.google.com/store/apps/details?id=com.myyearbook.m ......
Success to get info from Play Store
The lastest version of com.myyearbook.m-1.apk is    Varies with device  
Done processing com.myyearbook.m-1.apk
Time Spent:   0 Days 0 Hours 2 Minutes 26 Seconds

============================================================================
56/133 Starting processing com.necta.wifimousefree-1.apk ......
Getting apk info from https://play.google.com/store/apps/details?id=com.necta.wifimousefree ......
Success to get info from Play Store
The lastest version of com.necta.wifimousefree-1.apk is  2.3.2  
Done processing com.necta.wifimousefree-1.apk
Time Spent:   0 Days 0 Hours 2 Minutes 29 Seconds

============================================================================
57/133 Starting processing com.news.ua-1.apk ......
Getting apk info from https://play.google.com/store/apps/details?id=com.news.ua ......
Success to get info from Play Store
The lastest version of com.news.ua-1.apk is  2.2  
Done processing com.news.ua-1.apk
Time Spent:   0 Days 0 Hours 2 Minutes 31 Seconds

============================================================================
58/133 Starting processing com.nextmedia-1.apk ......
Getting apk info from https://play.google.com/store/apps/details?id=com.nextmedia ......
Success to get info from Play Store
The lastest version of com.nextmedia-1.apk is  3.1.21  
Done processing com.nextmedia-1.apk
Time Spent:   0 Days 0 Hours 2 Minutes 34 Seconds

============================================================================
59/133 Starting processing com.nimbuzz-1.apk ......
Getting apk info from https://play.google.com/store/apps/details?id=com.nimbuzz ......
Success to get info from Play Store
The lastest version of com.nimbuzz-1.apk is  3.7.1  
Done processing com.nimbuzz-1.apk
Time Spent:   0 Days 0 Hours 2 Minutes 37 Seconds

============================================================================
60/133 Starting processing com.ninegag.android.app-1.apk ......
Getting apk info from https://play.google.com/store/apps/details?id=com.ninegag.android.app ......
Success to get info from Play Store
The lastest version of com.ninegag.android.app-1.apk is    Varies with device  
Done processing com.ninegag.android.app-1.apk
Time Spent:   0 Days 0 Hours 2 Minutes 39 Seconds

============================================================================
61/133 Starting processing com.niobiumlabs.android.apps.skroutz-1.apk ......
Getting apk info from https://play.google.com/store/apps/details?id=com.niobiumlabs.android.apps.skroutz ......
Success to get info from Play Store
The lastest version of com.niobiumlabs.android.apps.skroutz-1.apk is  2.4.4  
Done processing com.niobiumlabs.android.apps.skroutz-1.apk
Time Spent:   0 Days 0 Hours 2 Minutes 42 Seconds

============================================================================
62/133 Starting processing com.north.watchville-1.apk ......
Getting apk info from https://play.google.com/store/apps/details?id=com.north.watchville ......
Success to get info from Play Store
The lastest version of com.north.watchville-1.apk is  1.4.3  
Done processing com.north.watchville-1.apk
Time Spent:   0 Days 0 Hours 2 Minutes 44 Seconds

============================================================================
63/133 Starting processing com.nttbp.jfw-1.apk ......
Getting apk info from https://play.google.com/store/apps/details?id=com.nttbp.jfw ......
Success to get info from Play Store
The lastest version of com.nttbp.jfw-1.apk is  1.7.3  
Done processing com.nttbp.jfw-1.apk
Time Spent:   0 Days 0 Hours 2 Minutes 46 Seconds

============================================================================
64/133 Starting processing com.nzn.tdg-1.apk ......
Getting apk info from https://play.google.com/store/apps/details?id=com.nzn.tdg ......
Success to get info from Play Store
The lastest version of com.nzn.tdg-1.apk is    Varies with device  
Done processing com.nzn.tdg-1.apk
Time Spent:   0 Days 0 Hours 2 Minutes 49 Seconds

============================================================================
65/133 Starting processing com.offerup-1.apk ......
Getting apk info from https://play.google.com/store/apps/details?id=com.offerup ......
Success to get info from Play Store
The lastest version of com.offerup-1.apk is    Varies with device  
Done processing com.offerup-1.apk
Time Spent:   0 Days 0 Hours 2 Minutes 51 Seconds

============================================================================
66/133 Starting processing com.onenewsnow.app-1.apk ......
Getting apk info from https://play.google.com/store/apps/details?id=com.onenewsnow.app ......
Success to get info from Play Store
The lastest version of com.onenewsnow.app-1.apk is  2.0.3  
Done processing com.onenewsnow.app-1.apk
Time Spent:   0 Days 0 Hours 2 Minutes 53 Seconds

============================================================================
67/133 Starting processing com.opentecheng.paginegialle.dream-1.apk ......
Getting apk info from https://play.google.com/store/apps/details?id=com.opentecheng.paginegialle.dream ......
Success to get info from Play Store
The lastest version of com.opentecheng.paginegialle.dream-1.apk is  4.3.0  
Done processing com.opentecheng.paginegialle.dream-1.apk
Time Spent:   0 Days 0 Hours 2 Minutes 55 Seconds

============================================================================
68/133 Starting processing com.oprek.android-1.apk ......
Getting apk info from https://play.google.com/store/apps/details?id=com.oprek.android ......
Success to get info from Play Store
The lastest version of com.oprek.android-1.apk is  1.3.5  
Done processing com.oprek.android-1.apk
Time Spent:   0 Days 0 Hours 2 Minutes 57 Seconds

============================================================================
69/133 Starting processing com.orbitz-1.apk ......
Getting apk info from https://play.google.com/store/apps/details?id=com.orbitz ......
Success to get info from Play Store
The lastest version of com.orbitz-1.apk is    Varies with device  
Done processing com.orbitz-1.apk
Time Spent:   0 Days 0 Hours 3 Minutes 0 Seconds

============================================================================
70/133 Starting processing com.oshare.app-1.apk ......
Getting apk info from https://play.google.com/store/apps/details?id=com.oshare.app ......
Success to get info from Play Store
The lastest version of com.oshare.app-1.apk is    Varies with device  
Done processing com.oshare.app-1.apk
Time Spent:   0 Days 0 Hours 3 Minutes 2 Seconds

============================================================================
71/133 Starting processing com.paullipnyagov.electrodrumpads24-1.apk ......
Getting apk info from https://play.google.com/store/apps/details?id=com.paullipnyagov.electrodrumpads24 ......
Success to get info from Play Store
The lastest version of com.paullipnyagov.electrodrumpads24-1.apk is    Varies with device  
Done processing com.paullipnyagov.electrodrumpads24-1.apk
Time Spent:   0 Days 0 Hours 3 Minutes 4 Seconds

============================================================================
72/133 Starting processing com.pengpeng.coolsymbols-1.apk ......
Getting apk info from https://play.google.com/store/apps/details?id=com.pengpeng.coolsymbols ......
Success to get info from Play Store
The lastest version of com.pengpeng.coolsymbols-1.apk is  6.0  
Done processing com.pengpeng.coolsymbols-1.apk
Time Spent:   0 Days 0 Hours 3 Minutes 7 Seconds

============================================================================
73/133 Starting processing com.pinkfroot.planefinder-1.apk ......
Getting apk info from https://play.google.com/store/apps/details?id=com.pinkfroot.planefinder ......
Success to get info from Play Store
The lastest version of com.pinkfroot.planefinder-1.apk is    Varies with device  
Done processing com.pinkfroot.planefinder-1.apk
Time Spent:   0 Days 0 Hours 3 Minutes 13 Seconds

============================================================================
74/133 Starting processing com.pinnatta.android-1.apk ......
Getting apk info from https://play.google.com/store/apps/details?id=com.pinnatta.android ......
Success to get info from Play Store
The lastest version of com.pinnatta.android-1.apk is 
Done processing com.pinnatta.android-1.apk
Time Spent:   0 Days 0 Hours 3 Minutes 15 Seconds

============================================================================
75/133 Starting processing com.pinterest-1.apk ......
Getting apk info from https://play.google.com/store/apps/details?id=com.pinterest ......
Success to get info from Play Store
The lastest version of com.pinterest-1.apk is    Varies with device  
Done processing com.pinterest-1.apk
Time Spent:   0 Days 0 Hours 3 Minutes 18 Seconds

============================================================================
76/133 Starting processing com.pixign.premiumwallpapers-1.apk ......
Getting apk info from https://play.google.com/store/apps/details?id=com.pixign.premiumwallpapers ......
Success to get info from Play Store
The lastest version of com.pixign.premiumwallpapers-1.apk is  4.2.2  
Done processing com.pixign.premiumwallpapers-1.apk
Time Spent:   0 Days 0 Hours 3 Minutes 20 Seconds

============================================================================
77/133 Starting processing com.pomotodo-1.apk ......
Getting apk info from https://play.google.com/store/apps/details?id=com.pomotodo ......
Success to get info from Play Store
The lastest version of com.pomotodo-1.apk is  1.14.2  
Done processing com.pomotodo-1.apk
Time Spent:   0 Days 0 Hours 3 Minutes 22 Seconds

============================================================================
78/133 Starting processing com.prismamedia.foodreporter-1.apk ......
Getting apk info from https://play.google.com/store/apps/details?id=com.prismamedia.foodreporter ......
Success to get info from Play Store
The lastest version of com.prismamedia.foodreporter-1.apk is  2.6.7  
Done processing com.prismamedia.foodreporter-1.apk
Time Spent:   0 Days 0 Hours 3 Minutes 25 Seconds

============================================================================
79/133 Starting processing com.protrade.sportacular-1.apk ......
Getting apk info from https://play.google.com/store/apps/details?id=com.protrade.sportacular ......
Success to get info from Play Store
The lastest version of com.protrade.sportacular-1.apk is    Varies with device  
Done processing com.protrade.sportacular-1.apk
Time Spent:   0 Days 0 Hours 3 Minutes 27 Seconds

============================================================================
80/133 Starting processing com.puzzlesocial-1.apk ......
Getting apk info from https://play.google.com/store/apps/details?id=com.puzzlesocial ......
Success to get info from Play Store
The lastest version of com.puzzlesocial-1.apk is  4.5  
Done processing com.puzzlesocial-1.apk
Time Spent:   0 Days 0 Hours 3 Minutes 31 Seconds

============================================================================
81/133 Starting processing com.quicinc.vellamo-1.apk ......
Getting apk info from https://play.google.com/store/apps/details?id=com.quicinc.vellamo ......
Success to get info from Play Store
The lastest version of com.quicinc.vellamo-1.apk is    Varies with device  
Done processing com.quicinc.vellamo-1.apk
Time Spent:   0 Days 0 Hours 3 Minutes 33 Seconds

============================================================================
82/133 Starting processing com.rewardle.rewardle-1.apk ......
Getting apk info from https://play.google.com/store/apps/details?id=com.rewardle.rewardle ......
Success to get info from Play Store
The lastest version of com.rewardle.rewardle-1.apk is  3.7.3  
Done processing com.rewardle.rewardle-1.apk
Time Spent:   0 Days 0 Hours 3 Minutes 35 Seconds

============================================================================
83/133 Starting processing com.riffsy.FBMGIFApp-1.apk ......
Getting apk info from https://play.google.com/store/apps/details?id=com.riffsy.FBMGIFApp ......
Success to get info from Play Store
The lastest version of com.riffsy.FBMGIFApp-1.apk is  1.6.20  
Done processing com.riffsy.FBMGIFApp-1.apk
Time Spent:   0 Days 0 Hours 3 Minutes 37 Seconds

============================================================================
84/133 Starting processing com.ryanair.cheapflights-1.apk ......
Getting apk info from https://play.google.com/store/apps/details?id=com.ryanair.cheapflights ......
Success to get info from Play Store
The lastest version of com.ryanair.cheapflights-1.apk is  3.5  
Done processing com.ryanair.cheapflights-1.apk
Time Spent:   0 Days 0 Hours 3 Minutes 39 Seconds

============================================================================
85/133 Starting processing com.sand.airdroid-1.apk ......
Getting apk info from https://play.google.com/store/apps/details?id=com.sand.airdroid ......
Success to get info from Play Store
The lastest version of com.sand.airdroid-1.apk is    Varies with device  
Done processing com.sand.airdroid-1.apk
Time Spent:   0 Days 0 Hours 3 Minutes 42 Seconds

============================================================================
86/133 Starting processing com.scribd.app.reader0-1.apk ......
Getting apk info from https://play.google.com/store/apps/details?id=com.scribd.app.reader0 ......
Success to get info from Play Store
The lastest version of com.scribd.app.reader0-1.apk is  3.12  
Done processing com.scribd.app.reader0-1.apk
Time Spent:   0 Days 0 Hours 3 Minutes 44 Seconds

============================================================================
87/133 Starting processing com.securevpn.securevpn-1.apk ......
Getting apk info from https://play.google.com/store/apps/details?id=com.securevpn.securevpn ......
Success to get info from Play Store
The lastest version of com.securevpn.securevpn-1.apk is  3.1.1  
Done processing com.securevpn.securevpn-1.apk
Time Spent:   0 Days 0 Hours 3 Minutes 47 Seconds

============================================================================
88/133 Starting processing com.she.eReader-1.apk ......
Getting apk info from https://play.google.com/store/apps/details?id=com.she.eReader ......
Success to get info from Play Store
The lastest version of com.she.eReader-1.apk is  43004310  
Done processing com.she.eReader-1.apk
Time Spent:   0 Days 0 Hours 3 Minutes 49 Seconds

============================================================================
89/133 Starting processing com.shinsegae.mobile.froyo-1.apk ......
Getting apk info from https://play.google.com/store/apps/details?id=com.shinsegae.mobile.froyo ......
Success to get info from Play Store
The lastest version of com.shinsegae.mobile.froyo-1.apk is    Varies with device  
Done processing com.shinsegae.mobile.froyo-1.apk
Time Spent:   0 Days 0 Hours 3 Minutes 52 Seconds

============================================================================
90/133 Starting processing com.shoecakedroid.RandomMahjongPro-1.apk ......
Getting apk info from https://play.google.com/store/apps/details?id=com.shoecakedroid.RandomMahjongPro ......
Success to get info from Play Store
The lastest version of com.shoecakedroid.RandomMahjongPro-1.apk is    Varies with device  
Done processing com.shoecakedroid.RandomMahjongPro-1.apk
Time Spent:   0 Days 0 Hours 3 Minutes 54 Seconds

============================================================================
91/133 Starting processing com.shotzoom.golfshot2-1.apk ......
Getting apk info from https://play.google.com/store/apps/details?id=com.shotzoom.golfshot2 ......
Success to get info from Play Store
The lastest version of com.shotzoom.golfshot2-1.apk is  1.13.1  
Done processing com.shotzoom.golfshot2-1.apk
Time Spent:   0 Days 0 Hours 3 Minutes 56 Seconds

============================================================================
92/133 Starting processing com.sirma.mobile.bible.android-1.apk ......
Getting apk info from https://play.google.com/store/apps/details?id=com.sirma.mobile.bible.android ......
Success to get info from Play Store
The lastest version of com.sirma.mobile.bible.android-1.apk is    Varies with device  
Done processing com.sirma.mobile.bible.android-1.apk
Time Spent:   0 Days 0 Hours 3 Minutes 59 Seconds

============================================================================
93/133 Starting processing com.smartemojiandroidkeyboard-1.apk ......
Getting apk info from https://play.google.com/store/apps/details?id=com.smartemojiandroidkeyboard ......
Success to get info from Play Store
The lastest version of com.smartemojiandroidkeyboard-1.apk is  1.11  
Done processing com.smartemojiandroidkeyboard-1.apk
Time Spent:   0 Days 0 Hours 4 Minutes 2 Seconds

============================================================================
94/133 Starting processing com.smartworld.photoframe-1.apk ......
Getting apk info from https://play.google.com/store/apps/details?id=com.smartworld.photoframe ......
Success to get info from Play Store
The lastest version of com.smartworld.photoframe-1.apk is  3.6  
Done processing com.smartworld.photoframe-1.apk
Time Spent:   0 Days 0 Hours 4 Minutes 4 Seconds

============================================================================
95/133 Starting processing com.smzdm.client.android-1.apk ......
Getting apk info from https://play.google.com/store/apps/details?id=com.smzdm.client.android ......
Success to get info from Play Store
The lastest version of com.smzdm.client.android-1.apk is  5.9  
Done processing com.smzdm.client.android-1.apk
Time Spent:   0 Days 0 Hours 4 Minutes 6 Seconds

============================================================================
96/133 Starting processing com.sohu.newsclient-1.apk ......
Getting apk info from https://play.google.com/store/apps/details?id=com.sohu.newsclient ......
Success to get info from Play Store
The lastest version of com.sohu.newsclient-1.apk is  5.2.3  
Done processing com.sohu.newsclient-1.apk
Time Spent:   0 Days 0 Hours 4 Minutes 9 Seconds

============================================================================
97/133 Starting processing com.somestudio.musicgameonline-1.apk ......
Getting apk info from https://play.google.com/store/apps/details?id=com.somestudio.musicgameonline ......
Success to get info from Play Store
The lastest version of com.somestudio.musicgameonline-1.apk is  2.2  
Done processing com.somestudio.musicgameonline-1.apk
Time Spent:   0 Days 0 Hours 4 Minutes 11 Seconds

============================================================================
98/133 Starting processing com.sparkslab.dcardreader-1.apk ......
Getting apk info from https://play.google.com/store/apps/details?id=com.sparkslab.dcardreader ......
Success to get info from Play Store
The lastest version of com.sparkslab.dcardreader-1.apk is  3.7.1  
Done processing com.sparkslab.dcardreader-1.apk
Time Spent:   0 Days 0 Hours 4 Minutes 14 Seconds

============================================================================
99/133 Starting processing com.sph.bhandroid-1.apk ......
Getting apk info from https://play.google.com/store/apps/details?id=com.sph.bhandroid ......
Success to get info from Play Store
The lastest version of com.sph.bhandroid-1.apk is  6.8.5  
Done processing com.sph.bhandroid-1.apk
Time Spent:   0 Days 0 Hours 4 Minutes 16 Seconds

============================================================================
100/133 Starting processing com.sph.catsclassified-1.apk ......
Getting apk info from https://play.google.com/store/apps/details?id=com.sph.catsclassified ......
Success to get info from Play Store
The lastest version of com.sph.catsclassified-1.apk is  1.2.4  
Done processing com.sph.catsclassified-1.apk
Time Spent:   0 Days 0 Hours 4 Minutes 18 Seconds

============================================================================
101/133 Starting processing com.squareup-1.apk ......
Getting apk info from https://play.google.com/store/apps/details?id=com.squareup ......
Success to get info from Play Store
The lastest version of com.squareup-1.apk is    Varies with device  
Done processing com.squareup-1.apk
Time Spent:   0 Days 0 Hours 4 Minutes 21 Seconds

============================================================================
102/133 Starting processing com.stream.cz.app-1.apk ......
Getting apk info from https://play.google.com/store/apps/details?id=com.stream.cz.app ......
Success to get info from Play Store
The lastest version of com.stream.cz.app-1.apk is  2.1.2  
Done processing com.stream.cz.app-1.apk
Time Spent:   0 Days 0 Hours 4 Minutes 23 Seconds

============================================================================
103/133 Starting processing com.student.kzbmvwkfxmcjnhog-1.apk ......
Getting apk info from https://play.google.com/store/apps/details?id=com.student.kzbmvwkfxmcjnhog ......
Success to get info from Play Store
The lastest version of com.student.kzbmvwkfxmcjnhog-1.apk is    Varies with device  
Done processing com.student.kzbmvwkfxmcjnhog-1.apk
Time Spent:   0 Days 0 Hours 4 Minutes 26 Seconds

============================================================================
104/133 Starting processing com.styleshare.android-1.apk ......
Getting apk info from https://play.google.com/store/apps/details?id=com.styleshare.android ......
Success to get info from Play Store
The lastest version of com.styleshare.android-1.apk is  2.5.7  
Done processing com.styleshare.android-1.apk
Time Spent:   0 Days 0 Hours 4 Minutes 28 Seconds

============================================================================
105/133 Starting processing com.stylight.app-1.apk ......
Getting apk info from https://play.google.com/store/apps/details?id=com.stylight.app ......
Success to get info from Play Store
The lastest version of com.stylight.app-1.apk is  1.3.11.2  
Done processing com.stylight.app-1.apk
Time Spent:   0 Days 0 Hours 4 Minutes 31 Seconds

============================================================================
106/133 Starting processing com.surfeasy-1.apk ......
Getting apk info from https://play.google.com/store/apps/details?id=com.surfeasy ......
Success to get info from Play Store
The lastest version of com.surfeasy-1.apk is 
Done processing com.surfeasy-1.apk
Time Spent:   0 Days 0 Hours 4 Minutes 34 Seconds

============================================================================
107/133 Starting processing com.techbla.instafusionfree-1.apk ......
Getting apk info from https://play.google.com/store/apps/details?id=com.techbla.instafusionfree ......
Success to get info from Play Store
The lastest version of com.techbla.instafusionfree-1.apk is  9.0.4  
Done processing com.techbla.instafusionfree-1.apk
Time Spent:   0 Days 0 Hours 4 Minutes 37 Seconds

============================================================================
108/133 Starting processing com.tenbis.tbapp-1.apk ......
Getting apk info from https://play.google.com/store/apps/details?id=com.tenbis.tbapp ......
Success to get info from Play Store
The lastest version of com.tenbis.tbapp-1.apk is  1.6  
Done processing com.tenbis.tbapp-1.apk
Time Spent:   0 Days 0 Hours 4 Minutes 40 Seconds

============================================================================
109/133 Starting processing com.thecarousell.Carousell-1.apk ......
Getting apk info from https://play.google.com/store/apps/details?id=com.thecarousell.Carousell ......
Success to get info from Play Store
The lastest version of com.thecarousell.Carousell-1.apk is  2.1.5  
Done processing com.thecarousell.Carousell-1.apk
Time Spent:   0 Days 0 Hours 4 Minutes 43 Seconds

============================================================================
110/133 Starting processing com.trafi.android.tr-1.apk ......
Getting apk info from https://play.google.com/store/apps/details?id=com.trafi.android.tr ......
Success to get info from Play Store
The lastest version of com.trafi.android.tr-1.apk is 
Done processing com.trafi.android.tr-1.apk
Time Spent:   0 Days 0 Hours 4 Minutes 45 Seconds

============================================================================
111/133 Starting processing com.trello-1.apk ......
Getting apk info from https://play.google.com/store/apps/details?id=com.trello ......
Success to get info from Play Store
The lastest version of com.trello-1.apk is  3.4.0.988  
Done processing com.trello-1.apk
Time Spent:   0 Days 0 Hours 4 Minutes 47 Seconds

============================================================================
112/133 Starting processing com.trtf.blue-1.apk ......
Getting apk info from https://play.google.com/store/apps/details?id=com.trtf.blue ......
Success to get info from Play Store
The lastest version of com.trtf.blue-1.apk is  1.7.9.9  
Done processing com.trtf.blue-1.apk
Time Spent:   0 Days 0 Hours 4 Minutes 50 Seconds

============================================================================
113/133 Starting processing com.tul.aviate-1.apk ......
Getting apk info from https://play.google.com/store/apps/details?id=com.tul.aviate ......
Success to get info from Play Store
The lastest version of com.tul.aviate-1.apk is    Varies with device  
Done processing com.tul.aviate-1.apk
Time Spent:   0 Days 0 Hours 4 Minutes 53 Seconds

============================================================================
114/133 Starting processing com.tunnelbear.android-1.apk ......
Getting apk info from https://play.google.com/store/apps/details?id=com.tunnelbear.android ......
Success to get info from Play Store
The lastest version of com.tunnelbear.android-1.apk is  v117  
Done processing com.tunnelbear.android-1.apk
Time Spent:   0 Days 0 Hours 4 Minutes 55 Seconds

============================================================================
115/133 Starting processing com.united.mobile.android-1.apk ......
Getting apk info from https://play.google.com/store/apps/details?id=com.united.mobile.android ......
Success to get info from Play Store
The lastest version of com.united.mobile.android-1.apk is    Varies with device  
Done processing com.united.mobile.android-1.apk
Time Spent:   0 Days 0 Hours 4 Minutes 58 Seconds

============================================================================
116/133 Starting processing com.viadeo.letsmeet-1.apk ......
Getting apk info from https://play.google.com/store/apps/details?id=com.viadeo.letsmeet ......
Success to get info from Play Store
The lastest version of com.viadeo.letsmeet-1.apk is  1.3.0  
Done processing com.viadeo.letsmeet-1.apk
Time Spent:   0 Days 0 Hours 5 Minutes 2 Seconds

============================================================================
117/133 Starting processing com.virgla.global-1.apk ......
Getting apk info from https://play.google.com/store/apps/details?id=com.virgla.global ......
Success to get info from Play Store
The lastest version of com.virgla.global-1.apk is  1.1.2  
Done processing com.virgla.global-1.apk
Time Spent:   0 Days 0 Hours 5 Minutes 6 Seconds

============================================================================
118/133 Starting processing com.visionobjects.calculator-1.apk ......
Getting apk info from https://play.google.com/store/apps/details?id=com.visionobjects.calculator ......
Success to get info from Play Store
The lastest version of com.visionobjects.calculator-1.apk is    Varies with device  
Done processing com.visionobjects.calculator-1.apk
Time Spent:   0 Days 0 Hours 5 Minutes 12 Seconds

============================================================================
119/133 Starting processing com.vitula.hackz-1.apk ......
Getting apk info from https://play.google.com/store/apps/details?id=com.vitula.hackz ......
Success to get info from Play Store
The lastest version of com.vitula.hackz-1.apk is  2.1F  
Done processing com.vitula.hackz-1.apk
Time Spent:   0 Days 0 Hours 5 Minutes 16 Seconds

============================================================================
120/133 Starting processing com.voice.changer.monte.sounds-1.apk ......
Getting apk info from https://play.google.com/store/apps/details?id=com.voice.changer.monte.sounds ......
Success to get info from Play Store
The lastest version of com.voice.changer.monte.sounds-1.apk is  1.4  
Done processing com.voice.changer.monte.sounds-1.apk
Time Spent:   0 Days 0 Hours 5 Minutes 19 Seconds

============================================================================
121/133 Starting processing com.vpnoneclick.android-1.apk ......
Getting apk info from https://play.google.com/store/apps/details?id=com.vpnoneclick.android ......
Success to get info from Play Store
The lastest version of com.vpnoneclick.android-1.apk is    Varies with device  
Done processing com.vpnoneclick.android-1.apk
Time Spent:   0 Days 0 Hours 5 Minutes 23 Seconds

============================================================================
122/133 Starting processing com.wacompany.mydol-1.apk ......
Getting apk info from https://play.google.com/store/apps/details?id=com.wacompany.mydol ......
Success to get info from Play Store
The lastest version of com.wacompany.mydol-1.apk is  2.6.1  
Done processing com.wacompany.mydol-1.apk
Time Spent:   0 Days 0 Hours 5 Minutes 27 Seconds

============================================================================
123/133 Starting processing com.weheartit-1.apk ......
Getting apk info from https://play.google.com/store/apps/details?id=com.weheartit ......
Success to get info from Play Store
The lastest version of com.weheartit-1.apk is    Varies with device  
Done processing com.weheartit-1.apk
Time Spent:   0 Days 0 Hours 5 Minutes 30 Seconds

============================================================================
124/133 Starting processing com.wf.wellsfargomobile.tablet-1.apk ......
Getting apk info from https://play.google.com/store/apps/details?id=com.wf.wellsfargomobile.tablet ......
Success to get info from Play Store
The lastest version of com.wf.wellsfargomobile.tablet-1.apk is  4.4.71  
Done processing com.wf.wellsfargomobile.tablet-1.apk
Time Spent:   0 Days 0 Hours 5 Minutes 33 Seconds

============================================================================
125/133 Starting processing com.whats.up-1.apk ......
Getting apk info from https://play.google.com/store/apps/details?id=com.whats.up ......
Success to get info from Play Store
The lastest version of com.whats.up-1.apk is  2.0  
Done processing com.whats.up-1.apk
Time Spent:   0 Days 0 Hours 5 Minutes 35 Seconds

============================================================================
126/133 Starting processing com.whirlscape.minuumfree-1.apk ......
Getting apk info from https://play.google.com/store/apps/details?id=com.whirlscape.minuumfree ......
Success to get info from Play Store
The lastest version of com.whirlscape.minuumfree-1.apk is  3.4.4  
Done processing com.whirlscape.minuumfree-1.apk
Time Spent:   0 Days 0 Hours 5 Minutes 37 Seconds

============================================================================
127/133 Starting processing com.whirlscape.minuumkeyboard-1.apk ......
Getting apk info from https://play.google.com/store/apps/details?id=com.whirlscape.minuumkeyboard ......
Success to get info from Play Store
The lastest version of com.whirlscape.minuumkeyboard-1.apk is  3.4.4  
Done processing com.whirlscape.minuumkeyboard-1.apk
Time Spent:   0 Days 0 Hours 5 Minutes 40 Seconds

============================================================================
128/133 Starting processing com.wondershake.locari-1.apk ......
Getting apk info from https://play.google.com/store/apps/details?id=com.wondershake.locari ......
Success to get info from Play Store
The lastest version of com.wondershake.locari-1.apk is  1.1.8  
Done processing com.wondershake.locari-1.apk
Time Spent:   0 Days 0 Hours 5 Minutes 42 Seconds

============================================================================
129/133 Starting processing com.yahoo.mobile.client.android.ecauction-1.apk ......
Getting apk info from https://play.google.com/store/apps/details?id=com.yahoo.mobile.client.android.ecauction ......
Success to get info from Play Store
The lastest version of com.yahoo.mobile.client.android.ecauction-1.apk is  1.1.8  
Done processing com.yahoo.mobile.client.android.ecauction-1.apk
Time Spent:   0 Days 0 Hours 5 Minutes 46 Seconds

============================================================================
130/133 Starting processing com.yahoo.mobile.client.android.fantasyfootball-1.apk ......
Getting apk info from https://play.google.com/store/apps/details?id=com.yahoo.mobile.client.android.fantasyfootball ......
Success to get info from Play Store
The lastest version of com.yahoo.mobile.client.android.fantasyfootball-1.apk is    Varies with device  
Done processing com.yahoo.mobile.client.android.fantasyfootball-1.apk
Time Spent:   0 Days 0 Hours 5 Minutes 49 Seconds

============================================================================
131/133 Starting processing com.yahoo.mobile.client.android.finance-1.apk ......
Getting apk info from https://play.google.com/store/apps/details?id=com.yahoo.mobile.client.android.finance ......
Success to get info from Play Store
The lastest version of com.yahoo.mobile.client.android.finance-1.apk is    Varies with device  
Done processing com.yahoo.mobile.client.android.finance-1.apk
Time Spent:   0 Days 0 Hours 5 Minutes 52 Seconds

============================================================================
132/133 Starting processing com.yahoo.mobile.client.android.search-1.apk ......
Getting apk info from https://play.google.com/store/apps/details?id=com.yahoo.mobile.client.android.search ......
Success to get info from Play Store
The lastest version of com.yahoo.mobile.client.android.search-1.apk is  3.4.1  
Done processing com.yahoo.mobile.client.android.search-1.apk
Time Spent:   0 Days 0 Hours 5 Minutes 55 Seconds

============================================================================
133/133 Starting processing com.yahoo.mobile.client.android.yahoo.att-1.apk ......
Getting apk info from https://play.google.com/store/apps/details?id=com.yahoo.mobile.client.android.yahoo.att ......
Success to get info from Play Store
The lastest version of com.yahoo.mobile.client.android.yahoo.att-1.apk is  3.0.2  
Done processing com.yahoo.mobile.client.android.yahoo.att-1.apk
Time Spent:   0 Days 0 Hours 6 Minutes 0 Seconds

============================================================================


**************************************************************
All Done
Total Time:   0 Days 0 Hours 6 Minutes 0 Seconds
Result Location:               /home/Git-Apk/code_resource/script_hooks/scan_apk/scan_apk_version/results/AppInfo_2015-08-25-10-44-15.csv
**************************************************************
