Start processing app in list /home/Git-Apk/Updated_list from /home/Git-Apk/All_Apk  ......

============================================================================
1/2 Starting processing com.king.candycrushsaga-1.apk ......
Getting apk info from https://play.google.com/store/apps/details?id=com.king.candycrushsaga ......
Success to get info from Play Store
The lastest version of com.king.candycrushsaga-1.apk is  1.60.0.3  
Done processing com.king.candycrushsaga-1.apk
Time Spent:   0 Days 0 Hours 0 Minutes 5 Seconds

============================================================================
2/2 Starting processing com.zentertain.classicvegasslots-1.apk ......
Getting apk info from https://play.google.com/store/apps/details?id=com.zentertain.classicvegasslots ......
Success to get info from Play Store
The lastest version of com.zentertain.classicvegasslots-1.apk is  2.0.0  
Done processing com.zentertain.classicvegasslots-1.apk
Time Spent:   0 Days 0 Hours 0 Minutes 10 Seconds

============================================================================


**************************************************************
All Done
Total Time:   0 Days 0 Hours 0 Minutes 10 Seconds
Result Location:               /home/Git-Apk/code_resource/script_hooks/scan_apk/scan_apk_version/results/AppInfo_2015-09-24-23-18-42.csv
**************************************************************
