Start processing app in list /home/Git-Apk/Updated_list from /home/Git-Apk/All_Apk  ......

============================================================================
1/13 Starting processing air.com.bitrhymes.bingo-1.apk ......
Getting apk info from https://play.google.com/store/apps/details?id=air.com.bitrhymes.bingo ......
Success to get info from Play Store
The lastest version of air.com.bitrhymes.bingo-1.apk is 
Done processing air.com.bitrhymes.bingo-1.apk
Time Spent:   0 Days 0 Hours 0 Minutes 6 Seconds

============================================================================
2/13 Starting processing com.ea.game.fifa15_row-1.apk ......
Getting apk info from https://play.google.com/store/apps/details?id=com.ea.game.fifa15_row ......
Success to get info from Play Store
The lastest version of com.ea.game.fifa15_row-1.apk is  1.6.0  
Done processing com.ea.game.fifa15_row-1.apk
Time Spent:   0 Days 0 Hours 0 Minutes 11 Seconds

============================================================================
3/13 Starting processing com.episodeinteractive.android.catalog-1.apk ......
Getting apk info from https://play.google.com/store/apps/details?id=com.episodeinteractive.android.catalog ......
Success to get info from Play Store
The lastest version of com.episodeinteractive.android.catalog-1.apk is    Varies with device  
Done processing com.episodeinteractive.android.catalog-1.apk
Time Spent:   0 Days 0 Hours 0 Minutes 19 Seconds

============================================================================
4/13 Starting processing com.errorsevendev.games.laserBreakPaid-1.apk ......
Getting apk info from https://play.google.com/store/apps/details?id=com.errorsevendev.games.laserBreakPaid ......
Success to get info from Play Store
The lastest version of com.errorsevendev.games.laserBreakPaid-1.apk is  1.04  
Done processing com.errorsevendev.games.laserBreakPaid-1.apk
Time Spent:   0 Days 0 Hours 0 Minutes 27 Seconds

============================================================================
5/13 Starting processing com.hotheadgames.google.free.rawsniper-1.apk ......
Getting apk info from https://play.google.com/store/apps/details?id=com.hotheadgames.google.free.rawsniper ......
Success to get info from Play Store
The lastest version of com.hotheadgames.google.free.rawsniper-1.apk is  2.5  
Done processing com.hotheadgames.google.free.rawsniper-1.apk
Time Spent:   0 Days 0 Hours 0 Minutes 31 Seconds

============================================================================
6/13 Starting processing com.imo.android.imoim-1.apk ......
Getting apk info from https://play.google.com/store/apps/details?id=com.imo.android.imoim ......
Success to get info from Play Store
The lastest version of com.imo.android.imoim-1.apk is  9.8.00000000001  
Done processing com.imo.android.imoim-1.apk
Time Spent:   0 Days 0 Hours 0 Minutes 36 Seconds

============================================================================
7/13 Starting processing com.jb.gosms-1.apk ......
Getting apk info from https://play.google.com/store/apps/details?id=com.jb.gosms ......
Success to get info from Play Store
The lastest version of com.jb.gosms-1.apk is    Varies with device  
Done processing com.jb.gosms-1.apk
Time Spent:   0 Days 0 Hours 0 Minutes 38 Seconds

============================================================================
8/13 Starting processing com.mgstudio.bg-1.apk ......
Getting apk info from https://play.google.com/store/apps/details?id=com.mgstudio.bg ......
Success to get info from Play Store
The lastest version of com.mgstudio.bg-1.apk is  3.31  
Done processing com.mgstudio.bg-1.apk
Time Spent:   0 Days 0 Hours 0 Minutes 42 Seconds

============================================================================
9/13 Starting processing com.perk.scratchandwin.aphone-1.apk ......
Getting apk info from https://play.google.com/store/apps/details?id=com.perk.scratchandwin.aphone ......
Success to get info from Play Store
The lastest version of com.perk.scratchandwin.aphone-1.apk is  1.5.8  
Done processing com.perk.scratchandwin.aphone-1.apk
Time Spent:   0 Days 0 Hours 0 Minutes 46 Seconds

============================================================================
10/13 Starting processing com.sxiaoao.meirenyu.english-1.apk ......
Getting apk info from https://play.google.com/store/apps/details?id=com.sxiaoao.meirenyu.english ......
Success to get info from Play Store
The lastest version of com.sxiaoao.meirenyu.english-1.apk is  1.1.9  
Done processing com.sxiaoao.meirenyu.english-1.apk
Time Spent:   0 Days 0 Hours 0 Minutes 50 Seconds

============================================================================
11/13 Starting processing net.SandStormEarl.MC-1.apk ......
Getting apk info from https://play.google.com/store/apps/details?id=net.SandStormEarl.MC ......
Success to get info from Play Store
The lastest version of net.SandStormEarl.MC-1.apk is  1.8.5  
Done processing net.SandStormEarl.MC-1.apk
Time Spent:   0 Days 0 Hours 0 Minutes 54 Seconds

============================================================================
12/13 Starting processing se.appfamily.balloonpopfree-1.apk ......
Getting apk info from https://play.google.com/store/apps/details?id=se.appfamily.balloonpopfree ......
Success to get info from Play Store
The lastest version of se.appfamily.balloonpopfree-1.apk is  8.2  
Done processing se.appfamily.balloonpopfree-1.apk
Time Spent:   0 Days 0 Hours 0 Minutes 58 Seconds

============================================================================
13/13 Starting processing slide.watchFrenzy.premium-1.apk ......
Getting apk info from https://play.google.com/store/apps/details?id=slide.watchFrenzy.premium ......
Success to get info from Play Store
The lastest version of slide.watchFrenzy.premium-1.apk is  3.9.5  
Done processing slide.watchFrenzy.premium-1.apk
Time Spent:   0 Days 0 Hours 1 Minutes 1 Seconds

============================================================================


**************************************************************
All Done
Total Time:   0 Days 0 Hours 1 Minutes 1 Seconds
Result Location:               /home/Git-Apk/code_resource/script_hooks/scan_apk/scan_apk_version/results/AppInfo_2015-11-23-15-09-35.csv
**************************************************************
