Start processing app in list /home/Git-Apk/Updated_list from /home/Git-Apk/Baidu  ......

============================================================================
1/9 Starting processing cn.mucang.xiaomi.android.wz-1.apk ......
Getting apk info from https://play.google.com/store/apps/details?id=cn.mucang.xiaomi.android.wz ......
Success to get info from Play Store
The lastest version of cn.mucang.xiaomi.android.wz-1.apk is    Varies with device  
Done processing cn.mucang.xiaomi.android.wz-1.apk
Time Spent:   0 Days 0 Hours 0 Minutes 2 Seconds

============================================================================
2/9 Starting processing com.douguo.recipe-1.apk ......
Getting apk info from https://play.google.com/store/apps/details?id=com.douguo.recipe ......
Success to get info from Play Store
The lastest version of com.douguo.recipe-1.apk is  5.4.2  
Done processing com.douguo.recipe-1.apk
Time Spent:   0 Days 0 Hours 0 Minutes 5 Seconds

============================================================================
3/9 Starting processing com.sohu.sohuvideo-1.apk ......
Getting apk info from https://play.google.com/store/apps/details?id=com.sohu.sohuvideo ......
Success to get info from Play Store
The lastest version of com.sohu.sohuvideo-1.apk is  4.3.5  
Done processing com.sohu.sohuvideo-1.apk
Time Spent:   0 Days 0 Hours 0 Minutes 9 Seconds

============================================================================
4/9 Starting processing com.tencent.qqmusic-1.apk ......
Getting apk info from https://play.google.com/store/apps/details?id=com.tencent.qqmusic ......
Success to get info from Play Store
The lastest version of com.tencent.qqmusic-1.apk is  5.1.1.0  
Done processing com.tencent.qqmusic-1.apk
Time Spent:   0 Days 0 Hours 0 Minutes 13 Seconds

============================================================================
5/9 Starting processing com.tencent.token-1.apk ......
Getting apk info from https://play.google.com/store/apps/details?id=com.tencent.token ......
Success to get info from Play Store
The lastest version of com.tencent.token-1.apk is  6.1.0  
Done processing com.tencent.token-1.apk
Time Spent:   0 Days 0 Hours 0 Minutes 16 Seconds

============================================================================
6/9 Starting processing com.tongcheng.android-1.apk ......
Getting apk info from https://play.google.com/store/apps/details?id=com.tongcheng.android ......
Success to get info from Play Store
The lastest version of com.tongcheng.android-1.apk is  7.2.0  
Done processing com.tongcheng.android-1.apk
Time Spent:   0 Days 0 Hours 0 Minutes 18 Seconds

============================================================================
7/9 Starting processing com.wochacha-1.apk ......
Getting apk info from https://play.google.com/store/apps/details?id=com.wochacha ......
[ERROR] : Cannot find info of com.wochacha-1.apk on https://play.google.com/store/apps/details?id=com.wochacha !!!
Done processing com.wochacha-1.apk
Time Spent:   0 Days 0 Hours 0 Minutes 19 Seconds

============================================================================
8/9 Starting processing com.ximalaya.ting.android-1.apk ......
Getting apk info from https://play.google.com/store/apps/details?id=com.ximalaya.ting.android ......
[ERROR] : Cannot find info of com.ximalaya.ting.android-1.apk on https://play.google.com/store/apps/details?id=com.ximalaya.ting.android !!!
Done processing com.ximalaya.ting.android-1.apk
Time Spent:   0 Days 0 Hours 0 Minutes 20 Seconds

============================================================================
9/9 Starting processing com.xunlei.kankan-1.apk ......
Getting apk info from https://play.google.com/store/apps/details?id=com.xunlei.kankan ......
[ERROR] : Cannot find info of com.xunlei.kankan-1.apk on https://play.google.com/store/apps/details?id=com.xunlei.kankan !!!
Done processing com.xunlei.kankan-1.apk
Time Spent:   0 Days 0 Hours 0 Minutes 21 Seconds

============================================================================


**************************************************************
All Done
Total Time:   0 Days 0 Hours 0 Minutes 21 Seconds
Result Location:               /home/Git-Apk/code_resource/script_hooks/scan_apk/scan_apk_version/results/AppInfo_2015-04-27-17-38-32.csv
**************************************************************
