Start processing app in list /home/Git-Apk/Updated_list from /home/Git-Apk/ARM-V8  ......

============================================================================
1/175 Starting processing AutomateIt.mainPackage-1.apk ......
Getting apk info from https://play.google.com/store/apps/details?id=AutomateIt.mainPackage ......
Success to get info from Play Store
The lastest version of AutomateIt.mainPackage-1.apk is  3.0.126  
Done processing AutomateIt.mainPackage-1.apk
Time Spent:   0 Days 0 Hours 0 Minutes 3 Seconds

============================================================================
2/175 Starting processing at.krone.epaper-1.apk ......
Getting apk info from https://play.google.com/store/apps/details?id=at.krone.epaper ......
Success to get info from Play Store
The lastest version of at.krone.epaper-1.apk is  2.1  
Done processing at.krone.epaper-1.apk
Time Spent:   0 Days 0 Hours 0 Minutes 6 Seconds

============================================================================
3/175 Starting processing be.appsolution.lesoir-1.apk ......
Getting apk info from https://play.google.com/store/apps/details?id=be.appsolution.lesoir ......
Success to get info from Play Store
The lastest version of be.appsolution.lesoir-1.apk is  2.0.21  
Done processing be.appsolution.lesoir-1.apk
Time Spent:   0 Days 0 Hours 0 Minutes 10 Seconds

============================================================================
4/175 Starting processing be.sudpresse.reader-1.apk ......
Getting apk info from https://play.google.com/store/apps/details?id=be.sudpresse.reader ......
Success to get info from Play Store
The lastest version of be.sudpresse.reader-1.apk is  1.0.8  
Done processing be.sudpresse.reader-1.apk
Time Spent:   0 Days 0 Hours 0 Minutes 14 Seconds

============================================================================
5/175 Starting processing be.vlan.reader-1.apk ......
Getting apk info from https://play.google.com/store/apps/details?id=be.vlan.reader ......
Success to get info from Play Store
The lastest version of be.vlan.reader-1.apk is  1.0.9  
Done processing be.vlan.reader-1.apk
Time Spent:   0 Days 0 Hours 0 Minutes 17 Seconds

============================================================================
6/175 Starting processing co.happybits.anyvideo.kik-1.apk ......
Getting apk info from https://play.google.com/store/apps/details?id=co.happybits.anyvideo.kik ......
Success to get info from Play Store
The lastest version of co.happybits.anyvideo.kik-1.apk is  1.2.1  
Done processing co.happybits.anyvideo.kik-1.apk
Time Spent:   0 Days 0 Hours 0 Minutes 20 Seconds

============================================================================
7/175 Starting processing com.WhistlePhoneLocator-1.apk ......
Getting apk info from https://play.google.com/store/apps/details?id=com.WhistlePhoneLocator ......
Success to get info from Play Store
The lastest version of com.WhistlePhoneLocator-1.apk is  4.11  
Done processing com.WhistlePhoneLocator-1.apk
Time Spent:   0 Days 0 Hours 0 Minutes 22 Seconds

============================================================================
8/175 Starting processing com.alfa.pvnzoomfree.gplay-1.apk ......
Getting apk info from https://play.google.com/store/apps/details?id=com.alfa.pvnzoomfree.gplay ......
Success to get info from Play Store
The lastest version of com.alfa.pvnzoomfree.gplay-1.apk is  1.12  
Done processing com.alfa.pvnzoomfree.gplay-1.apk
Time Spent:   0 Days 0 Hours 0 Minutes 23 Seconds

============================================================================
9/175 Starting processing com.alternativeindustries.piccolericette-1.apk ......
Getting apk info from https://play.google.com/store/apps/details?id=com.alternativeindustries.piccolericette ......
Success to get info from Play Store
The lastest version of com.alternativeindustries.piccolericette-1.apk is  2.1.1  
Done processing com.alternativeindustries.piccolericette-1.apk
Time Spent:   0 Days 0 Hours 0 Minutes 24 Seconds

============================================================================
10/175 Starting processing com.androidsx.heliumvideochanger.warping-1.apk ......
Getting apk info from https://play.google.com/store/apps/details?id=com.androidsx.heliumvideochanger.warping ......
Success to get info from Play Store
The lastest version of com.androidsx.heliumvideochanger.warping-1.apk is  0.4.0  
Done processing com.androidsx.heliumvideochanger.warping-1.apk
Time Spent:   0 Days 0 Hours 0 Minutes 26 Seconds

============================================================================
11/175 Starting processing com.androidsx.heliumvoicechanger-1.apk ......
Getting apk info from https://play.google.com/store/apps/details?id=com.androidsx.heliumvoicechanger ......
Success to get info from Play Store
The lastest version of com.androidsx.heliumvoicechanger-1.apk is  2.9.1  
Done processing com.androidsx.heliumvoicechanger-1.apk
Time Spent:   0 Days 0 Hours 0 Minutes 28 Seconds

============================================================================
12/175 Starting processing com.androidsx.smileys-1.apk ......
Getting apk info from https://play.google.com/store/apps/details?id=com.androidsx.smileys ......
Success to get info from Play Store
The lastest version of com.androidsx.smileys-1.apk is  7.0.0  
Done processing com.androidsx.smileys-1.apk
Time Spent:   0 Days 0 Hours 0 Minutes 29 Seconds

============================================================================
13/175 Starting processing com.applab.pyra3-1.apk ......
Getting apk info from https://play.google.com/store/apps/details?id=com.applab.pyra3 ......
Success to get info from Play Store
The lastest version of com.applab.pyra3-1.apk is  13.0.12.309  
Done processing com.applab.pyra3-1.apk
Time Spent:   0 Days 0 Hours 0 Minutes 31 Seconds

============================================================================
14/175 Starting processing com.appspot.swisscodemonkeys.old-1.apk ......
Getting apk info from https://play.google.com/store/apps/details?id=com.appspot.swisscodemonkeys.old ......
Success to get info from Play Store
The lastest version of com.appspot.swisscodemonkeys.old-1.apk is  1.9  
Done processing com.appspot.swisscodemonkeys.old-1.apk
Time Spent:   0 Days 0 Hours 0 Minutes 33 Seconds

============================================================================
15/175 Starting processing com.apptech.labs.picmixfree-1.apk ......
Getting apk info from https://play.google.com/store/apps/details?id=com.apptech.labs.picmixfree ......
Success to get info from Play Store
The lastest version of com.apptech.labs.picmixfree-1.apk is  3.1  
Done processing com.apptech.labs.picmixfree-1.apk
Time Spent:   0 Days 0 Hours 0 Minutes 34 Seconds

============================================================================
16/175 Starting processing com.apptornado.backgrounds-1.apk ......
Getting apk info from https://play.google.com/store/apps/details?id=com.apptornado.backgrounds ......
Success to get info from Play Store
The lastest version of com.apptornado.backgrounds-1.apk is  1.4  
Done processing com.apptornado.backgrounds-1.apk
Time Spent:   0 Days 0 Hours 0 Minutes 36 Seconds

============================================================================
17/175 Starting processing com.askfm-1.apk ......
Getting apk info from https://play.google.com/store/apps/details?id=com.askfm ......
Success to get info from Play Store
The lastest version of com.askfm-1.apk is    Varies with device  
Done processing com.askfm-1.apk
Time Spent:   0 Days 0 Hours 0 Minutes 38 Seconds

============================================================================
18/175 Starting processing com.audaxis.mobile.courrierpicard-1.apk ......
Getting apk info from https://play.google.com/store/apps/details?id=com.audaxis.mobile.courrierpicard ......
Success to get info from Play Store
The lastest version of com.audaxis.mobile.courrierpicard-1.apk is  2.2.9  
Done processing com.audaxis.mobile.courrierpicard-1.apk
Time Spent:   0 Days 0 Hours 0 Minutes 39 Seconds

============================================================================
19/175 Starting processing com.audaxis.mobile.sudpresse-1.apk ......
Getting apk info from https://play.google.com/store/apps/details?id=com.audaxis.mobile.sudpresse ......
Success to get info from Play Store
The lastest version of com.audaxis.mobile.sudpresse-1.apk is  1.0.12  
Done processing com.audaxis.mobile.sudpresse-1.apk
Time Spent:   0 Days 0 Hours 0 Minutes 41 Seconds

============================================================================
20/175 Starting processing com.audaxis.mobile.vdnnews-1.apk ......
Getting apk info from https://play.google.com/store/apps/details?id=com.audaxis.mobile.vdnnews ......
Success to get info from Play Store
The lastest version of com.audaxis.mobile.vdnnews-1.apk is  2.2.8  
Done processing com.audaxis.mobile.vdnnews-1.apk
Time Spent:   0 Days 0 Hours 0 Minutes 42 Seconds

============================================================================
21/175 Starting processing com.azaze.doodleart-1.apk ......
Getting apk info from https://play.google.com/store/apps/details?id=com.azaze.doodleart ......
Success to get info from Play Store
The lastest version of com.azaze.doodleart-1.apk is  2.4.8  
Done processing com.azaze.doodleart-1.apk
Time Spent:   0 Days 0 Hours 0 Minutes 44 Seconds

============================================================================
22/175 Starting processing com.babbel.mobile.android.de-1.apk ......
Getting apk info from https://play.google.com/store/apps/details?id=com.babbel.mobile.android.de ......
Success to get info from Play Store
The lastest version of com.babbel.mobile.android.de-1.apk is  5.2.1  
Done processing com.babbel.mobile.android.de-1.apk
Time Spent:   0 Days 0 Hours 0 Minutes 45 Seconds

============================================================================
23/175 Starting processing com.babbel.mobile.android.en-1.apk ......
Getting apk info from https://play.google.com/store/apps/details?id=com.babbel.mobile.android.en ......
Success to get info from Play Store
The lastest version of com.babbel.mobile.android.en-1.apk is  5.2.1  
Done processing com.babbel.mobile.android.en-1.apk
Time Spent:   0 Days 0 Hours 0 Minutes 48 Seconds

============================================================================
24/175 Starting processing com.babbel.mobile.android.eng-1.apk ......
Getting apk info from https://play.google.com/store/apps/details?id=com.babbel.mobile.android.eng ......
Success to get info from Play Store
The lastest version of com.babbel.mobile.android.eng-1.apk is  5.2.1  
Done processing com.babbel.mobile.android.eng-1.apk
Time Spent:   0 Days 0 Hours 0 Minutes 51 Seconds

============================================================================
25/175 Starting processing com.babbel.mobile.android.es-1.apk ......
Getting apk info from https://play.google.com/store/apps/details?id=com.babbel.mobile.android.es ......
Success to get info from Play Store
The lastest version of com.babbel.mobile.android.es-1.apk is  5.2.1  
Done processing com.babbel.mobile.android.es-1.apk
Time Spent:   0 Days 0 Hours 0 Minutes 55 Seconds

============================================================================
26/175 Starting processing com.babbel.mobile.android.fr-1.apk ......
Getting apk info from https://play.google.com/store/apps/details?id=com.babbel.mobile.android.fr ......
Success to get info from Play Store
The lastest version of com.babbel.mobile.android.fr-1.apk is  5.2.1  
Done processing com.babbel.mobile.android.fr-1.apk
Time Spent:   0 Days 0 Hours 1 Minutes 0 Seconds

============================================================================
27/175 Starting processing com.babbel.mobile.android.it-1.apk ......
Getting apk info from https://play.google.com/store/apps/details?id=com.babbel.mobile.android.it ......
Success to get info from Play Store
The lastest version of com.babbel.mobile.android.it-1.apk is  5.2.1  
Done processing com.babbel.mobile.android.it-1.apk
Time Spent:   0 Days 0 Hours 1 Minutes 3 Seconds

============================================================================
28/175 Starting processing com.baloota.dumpster-1.apk ......
Getting apk info from https://play.google.com/store/apps/details?id=com.baloota.dumpster ......
Success to get info from Play Store
The lastest version of com.baloota.dumpster-1.apk is    Varies with device  
Done processing com.baloota.dumpster-1.apk
Time Spent:   0 Days 0 Hours 1 Minutes 8 Seconds

============================================================================
29/175 Starting processing com.banjo.android-1.apk ......
Getting apk info from https://play.google.com/store/apps/details?id=com.banjo.android ......
Success to get info from Play Store
The lastest version of com.banjo.android-1.apk is  4.5.0.0  
Done processing com.banjo.android-1.apk
Time Spent:   0 Days 0 Hours 1 Minutes 11 Seconds

============================================================================
30/175 Starting processing com.bork.dsp.datuna-1.apk ......
Getting apk info from https://play.google.com/store/apps/details?id=com.bork.dsp.datuna ......
Success to get info from Play Store
The lastest version of com.bork.dsp.datuna-1.apk is  3.44  
Done processing com.bork.dsp.datuna-1.apk
Time Spent:   0 Days 0 Hours 1 Minutes 14 Seconds

============================================================================
31/175 Starting processing com.bubblesoft.android.bubbleupnp-1.apk ......
Getting apk info from https://play.google.com/store/apps/details?id=com.bubblesoft.android.bubbleupnp ......
Success to get info from Play Store
The lastest version of com.bubblesoft.android.bubbleupnp-1.apk is  2.3.6  
Done processing com.bubblesoft.android.bubbleupnp-1.apk
Time Spent:   0 Days 0 Hours 1 Minutes 18 Seconds

============================================================================
32/175 Starting processing com.buuuk.st_tablet-1.apk ......
Getting apk info from https://play.google.com/store/apps/details?id=com.buuuk.st_tablet ......
Success to get info from Play Store
The lastest version of com.buuuk.st_tablet-1.apk is  3.1  
Done processing com.buuuk.st_tablet-1.apk
Time Spent:   0 Days 0 Hours 1 Minutes 22 Seconds

============================================================================
33/175 Starting processing com.c4mprod.purepeople-1.apk ......
Getting apk info from https://play.google.com/store/apps/details?id=com.c4mprod.purepeople ......
Success to get info from Play Store
The lastest version of com.c4mprod.purepeople-1.apk is    Varies with device  
Done processing com.c4mprod.purepeople-1.apk
Time Spent:   0 Days 0 Hours 1 Minutes 26 Seconds

============================================================================
34/175 Starting processing com.chess-1.apk ......
Getting apk info from https://play.google.com/store/apps/details?id=com.chess ......
Success to get info from Play Store
The lastest version of com.chess-1.apk is    Varies with device  
Done processing com.chess-1.apk
Time Spent:   0 Days 0 Hours 1 Minutes 31 Seconds

============================================================================
35/175 Starting processing com.cryptninja.vpn-1.apk ......
Getting apk info from https://play.google.com/store/apps/details?id=com.cryptninja.vpn ......
Success to get info from Play Store
The lastest version of com.cryptninja.vpn-1.apk is  6.3.3  
Done processing com.cryptninja.vpn-1.apk
Time Spent:   0 Days 0 Hours 1 Minutes 35 Seconds

============================================================================
36/175 Starting processing com.devuni.flashlight-1.apk ......
Getting apk info from https://play.google.com/store/apps/details?id=com.devuni.flashlight ......
Success to get info from Play Store
The lastest version of com.devuni.flashlight-1.apk is  5.2.4  
Done processing com.devuni.flashlight-1.apk
Time Spent:   0 Days 0 Hours 1 Minutes 39 Seconds

============================================================================
37/175 Starting processing com.digitalpalette.pizap-1.apk ......
Getting apk info from https://play.google.com/store/apps/details?id=com.digitalpalette.pizap ......
Success to get info from Play Store
The lastest version of com.digitalpalette.pizap-1.apk is  3.0.39  
Done processing com.digitalpalette.pizap-1.apk
Time Spent:   0 Days 0 Hours 1 Minutes 42 Seconds

============================================================================
38/175 Starting processing com.dotgears.swing-1.apk ......
Getting apk info from https://play.google.com/store/apps/details?id=com.dotgears.swing ......
Success to get info from Play Store
The lastest version of com.dotgears.swing-1.apk is  1.2.1  
Done processing com.dotgears.swing-1.apk
Time Spent:   0 Days 0 Hours 1 Minutes 46 Seconds

============================================================================
39/175 Starting processing com.douban.daily-1.apk ......
Getting apk info from https://play.google.com/store/apps/details?id=com.douban.daily ......
Success to get info from Play Store
The lastest version of com.douban.daily-1.apk is  1.6.0  
Done processing com.douban.daily-1.apk
Time Spent:   0 Days 0 Hours 1 Minutes 50 Seconds

============================================================================
40/175 Starting processing com.douban.frodo-1.apk ......
Getting apk info from https://play.google.com/store/apps/details?id=com.douban.frodo ......
Success to get info from Play Store
The lastest version of com.douban.frodo-1.apk is  2.5.0  
Done processing com.douban.frodo-1.apk
Time Spent:   0 Days 0 Hours 1 Minutes 54 Seconds

============================================================================
41/175 Starting processing com.douban.group-1.apk ......
Getting apk info from https://play.google.com/store/apps/details?id=com.douban.group ......
Success to get info from Play Store
The lastest version of com.douban.group-1.apk is  3.3.7  
Done processing com.douban.group-1.apk
Time Spent:   0 Days 0 Hours 1 Minutes 55 Seconds

============================================================================
42/175 Starting processing com.duolingo-1.apk ......
Getting apk info from https://play.google.com/store/apps/details?id=com.duolingo ......
Success to get info from Play Store
The lastest version of com.duolingo-1.apk is    Varies with device  
Done processing com.duolingo-1.apk
Time Spent:   0 Days 0 Hours 1 Minutes 57 Seconds

============================================================================
43/175 Starting processing com.duosecurity.duomobile-1.apk ......
Getting apk info from https://play.google.com/store/apps/details?id=com.duosecurity.duomobile ......
Success to get info from Play Store
The lastest version of com.duosecurity.duomobile-1.apk is  3.7.1  
Done processing com.duosecurity.duomobile-1.apk
Time Spent:   0 Days 0 Hours 1 Minutes 59 Seconds

============================================================================
44/175 Starting processing com.edjing.edjingdjturntable-1.apk ......
Getting apk info from https://play.google.com/store/apps/details?id=com.edjing.edjingdjturntable ......
Success to get info from Play Store
The lastest version of com.edjing.edjingdjturntable-1.apk is  4.3.7  
Done processing com.edjing.edjingdjturntable-1.apk
Time Spent:   0 Days 0 Hours 2 Minutes 1 Seconds

============================================================================
45/175 Starting processing com.enki.Enki750g-1.apk ......
Getting apk info from https://play.google.com/store/apps/details?id=com.enki.Enki750g ......
Success to get info from Play Store
The lastest version of com.enki.Enki750g-1.apk is    Varies with device  
Done processing com.enki.Enki750g-1.apk
Time Spent:   0 Days 0 Hours 2 Minutes 2 Seconds

============================================================================
46/175 Starting processing com.fandango-1.apk ......
Getting apk info from https://play.google.com/store/apps/details?id=com.fandango ......
Success to get info from Play Store
The lastest version of com.fandango-1.apk is  5.5.2  
Done processing com.fandango-1.apk
Time Spent:   0 Days 0 Hours 2 Minutes 4 Seconds

============================================================================
47/175 Starting processing com.flipkart.android-1.apk ......
Getting apk info from https://play.google.com/store/apps/details?id=com.flipkart.android ......
Success to get info from Play Store
The lastest version of com.flipkart.android-1.apk is    Varies with device  
Done processing com.flipkart.android-1.apk
Time Spent:   0 Days 0 Hours 2 Minutes 6 Seconds

============================================================================
48/175 Starting processing com.forrep.pad.m-1.apk ......
Getting apk info from https://play.google.com/store/apps/details?id=com.forrep.pad.m ......
Success to get info from Play Store
The lastest version of com.forrep.pad.m-1.apk is  4.1.35  
Done processing com.forrep.pad.m-1.apk
Time Spent:   0 Days 0 Hours 2 Minutes 7 Seconds

============================================================================
49/175 Starting processing com.freevpnintouch-1.apk ......
Getting apk info from https://play.google.com/store/apps/details?id=com.freevpnintouch ......
Success to get info from Play Store
The lastest version of com.freevpnintouch-1.apk is  2.3.0  
Done processing com.freevpnintouch-1.apk
Time Spent:   0 Days 0 Hours 2 Minutes 9 Seconds

============================================================================
50/175 Starting processing com.gameinsight.flowerhouseandroid-1.apk ......
Getting apk info from https://play.google.com/store/apps/details?id=com.gameinsight.flowerhouseandroid ......
Success to get info from Play Store
The lastest version of com.gameinsight.flowerhouseandroid-1.apk is  1.3.13  
Done processing com.gameinsight.flowerhouseandroid-1.apk
Time Spent:   0 Days 0 Hours 2 Minutes 11 Seconds

============================================================================
51/175 Starting processing com.globus.vpn-1.apk ......
Getting apk info from https://play.google.com/store/apps/details?id=com.globus.vpn ......
Success to get info from Play Store
The lastest version of com.globus.vpn-1.apk is  1.0.1.2  
Done processing com.globus.vpn-1.apk
Time Spent:   0 Days 0 Hours 2 Minutes 13 Seconds

============================================================================
52/175 Starting processing com.gold.voice.changer-1.apk ......
Getting apk info from https://play.google.com/store/apps/details?id=com.gold.voice.changer ......
Success to get info from Play Store
The lastest version of com.gold.voice.changer-1.apk is  1.0.1  
Done processing com.gold.voice.changer-1.apk
Time Spent:   0 Days 0 Hours 2 Minutes 14 Seconds

============================================================================
53/175 Starting processing com.goldenfrog.vyprvpn.beta-1.apk ......
Getting apk info from https://play.google.com/store/apps/details?id=com.goldenfrog.vyprvpn.beta ......
Success to get info from Play Store
The lastest version of com.goldenfrog.vyprvpn.beta-1.apk is  2.7.0  
Done processing com.goldenfrog.vyprvpn.beta-1.apk
Time Spent:   0 Days 0 Hours 2 Minutes 16 Seconds

============================================================================
54/175 Starting processing com.guidedways.iQuranPro-1.apk ......
Getting apk info from https://play.google.com/store/apps/details?id=com.guidedways.iQuranPro ......
Success to get info from Play Store
The lastest version of com.guidedways.iQuranPro-1.apk is  2.5.4  
Done processing com.guidedways.iQuranPro-1.apk
Time Spent:   0 Days 0 Hours 2 Minutes 18 Seconds

============================================================================
55/175 Starting processing com.in.troidvpn-1.apk ......
Getting apk info from https://play.google.com/store/apps/details?id=com.in.troidvpn ......
Success to get info from Play Store
The lastest version of com.in.troidvpn-1.apk is 
Done processing com.in.troidvpn-1.apk
Time Spent:   0 Days 0 Hours 2 Minutes 20 Seconds

============================================================================
56/175 Starting processing com.internet.speed.meter.lite-1.apk ......
Getting apk info from https://play.google.com/store/apps/details?id=com.internet.speed.meter.lite ......
Success to get info from Play Store
The lastest version of com.internet.speed.meter.lite-1.apk is  1.2.11  
Done processing com.internet.speed.meter.lite-1.apk
Time Spent:   0 Days 0 Hours 2 Minutes 21 Seconds

============================================================================
57/175 Starting processing com.kakao.zap-1.apk ......
Getting apk info from https://play.google.com/store/apps/details?id=com.kakao.zap ......
Success to get info from Play Store
The lastest version of com.kakao.zap-1.apk is  1.1.0  
Done processing com.kakao.zap-1.apk
Time Spent:   0 Days 0 Hours 2 Minutes 23 Seconds

============================================================================
58/175 Starting processing com.kaname.surya.android.strangecamera-1.apk ......
Getting apk info from https://play.google.com/store/apps/details?id=com.kaname.surya.android.strangecamera ......
Success to get info from Play Store
The lastest version of com.kaname.surya.android.strangecamera-1.apk is  2.9  
Done processing com.kaname.surya.android.strangecamera-1.apk
Time Spent:   0 Days 0 Hours 2 Minutes 27 Seconds

============================================================================
59/175 Starting processing com.kapp.ifont-1.apk ......
Getting apk info from https://play.google.com/store/apps/details?id=com.kapp.ifont ......
Success to get info from Play Store
The lastest version of com.kapp.ifont-1.apk is  5.5.2  
Done processing com.kapp.ifont-1.apk
Time Spent:   0 Days 0 Hours 2 Minutes 30 Seconds

============================================================================
60/175 Starting processing com.kapp.ifont.donate-1.apk ......
Getting apk info from https://play.google.com/store/apps/details?id=com.kapp.ifont.donate ......
Success to get info from Play Store
The lastest version of com.kapp.ifont.donate-1.apk is  5.5.2  
Done processing com.kapp.ifont.donate-1.apk
Time Spent:   0 Days 0 Hours 2 Minutes 33 Seconds

============================================================================
61/175 Starting processing com.kbroad.filemanager-1.apk ......
Getting apk info from https://play.google.com/store/apps/details?id=com.kbroad.filemanager ......
[ERROR] : Cannot find info of com.kbroad.filemanager-1.apk on https://play.google.com/store/apps/details?id=com.kbroad.filemanager !!!
Done processing com.kbroad.filemanager-1.apk
Time Spent:   0 Days 0 Hours 2 Minutes 34 Seconds

============================================================================
62/175 Starting processing com.kibo.mobi.benfica.fc.official.keyboard-1.apk ......
Getting apk info from https://play.google.com/store/apps/details?id=com.kibo.mobi.benfica.fc.official.keyboard ......
Success to get info from Play Store
The lastest version of com.kibo.mobi.benfica.fc.official.keyboard-1.apk is  3.0.29.268  
Done processing com.kibo.mobi.benfica.fc.official.keyboard-1.apk
Time Spent:   0 Days 0 Hours 2 Minutes 37 Seconds

============================================================================
63/175 Starting processing com.kibo.mobi.chelsea.fc.official.keyboard-1.apk ......
Getting apk info from https://play.google.com/store/apps/details?id=com.kibo.mobi.chelsea.fc.official.keyboard ......
Success to get info from Play Store
The lastest version of com.kibo.mobi.chelsea.fc.official.keyboard-1.apk is  3.0.29.268  
Done processing com.kibo.mobi.chelsea.fc.official.keyboard-1.apk
Time Spent:   0 Days 0 Hours 2 Minutes 40 Seconds

============================================================================
64/175 Starting processing com.korrisoft.voxfx-1.apk ......
Getting apk info from https://play.google.com/store/apps/details?id=com.korrisoft.voxfx ......
Success to get info from Play Store
The lastest version of com.korrisoft.voxfx-1.apk is    Varies with device  
Done processing com.korrisoft.voxfx-1.apk
Time Spent:   0 Days 0 Hours 2 Minutes 44 Seconds

============================================================================
65/175 Starting processing com.lastpass.lpandroid-1.apk ......
Getting apk info from https://play.google.com/store/apps/details?id=com.lastpass.lpandroid ......
Success to get info from Play Store
The lastest version of com.lastpass.lpandroid-1.apk is    Varies with device  
Done processing com.lastpass.lpandroid-1.apk
Time Spent:   0 Days 0 Hours 2 Minutes 48 Seconds

============================================================================
66/175 Starting processing com.laurencedawson.reddit_sync-1.apk ......
Getting apk info from https://play.google.com/store/apps/details?id=com.laurencedawson.reddit_sync ......
Success to get info from Play Store
The lastest version of com.laurencedawson.reddit_sync-1.apk is  10.7.3  
Done processing com.laurencedawson.reddit_sync-1.apk
Time Spent:   0 Days 0 Hours 2 Minutes 52 Seconds

============================================================================
67/175 Starting processing com.laurencedawson.reddit_sync.pro-1.apk ......
Getting apk info from https://play.google.com/store/apps/details?id=com.laurencedawson.reddit_sync.pro ......
Success to get info from Play Store
The lastest version of com.laurencedawson.reddit_sync.pro-1.apk is  10.7.3  
Done processing com.laurencedawson.reddit_sync.pro-1.apk
Time Spent:   0 Days 0 Hours 2 Minutes 56 Seconds

============================================================================
68/175 Starting processing com.lemonde.androidapp.journal-1.apk ......
Getting apk info from https://play.google.com/store/apps/details?id=com.lemonde.androidapp.journal ......
Success to get info from Play Store
The lastest version of com.lemonde.androidapp.journal-1.apk is  1.2.2  
Done processing com.lemonde.androidapp.journal-1.apk
Time Spent:   0 Days 0 Hours 2 Minutes 58 Seconds

============================================================================
69/175 Starting processing com.leo.appmaster-1.apk ......
Getting apk info from https://play.google.com/store/apps/details?id=com.leo.appmaster ......
Success to get info from Play Store
The lastest version of com.leo.appmaster-1.apk is  2.0  
Done processing com.leo.appmaster-1.apk
Time Spent:   0 Days 0 Hours 2 Minutes 59 Seconds

============================================================================
70/175 Starting processing com.lettrs.lettrs2-1.apk ......
Getting apk info from https://play.google.com/store/apps/details?id=com.lettrs.lettrs2 ......
Success to get info from Play Store
The lastest version of com.lettrs.lettrs2-1.apk is  1.5.4  
Done processing com.lettrs.lettrs2-1.apk
Time Spent:   0 Days 0 Hours 3 Minutes 1 Seconds

============================================================================
71/175 Starting processing com.looksery.app-1.apk ......
Getting apk info from https://play.google.com/store/apps/details?id=com.looksery.app ......
Success to get info from Play Store
The lastest version of com.looksery.app-1.apk is  3.0.0  
Done processing com.looksery.app-1.apk
Time Spent:   0 Days 0 Hours 3 Minutes 3 Seconds

============================================================================
72/175 Starting processing com.loveworldnews.android-1.apk ......
Getting apk info from https://play.google.com/store/apps/details?id=com.loveworldnews.android ......
Success to get info from Play Store
The lastest version of com.loveworldnews.android-1.apk is  2.0.0-16834.2  
Done processing com.loveworldnews.android-1.apk
Time Spent:   0 Days 0 Hours 3 Minutes 4 Seconds

============================================================================
73/175 Starting processing com.magmamobile.game.checkers-1.apk ......
Getting apk info from https://play.google.com/store/apps/details?id=com.magmamobile.game.checkers ......
Success to get info from Play Store
The lastest version of com.magmamobile.game.checkers-1.apk is  1.0.16  
Done processing com.magmamobile.game.checkers-1.apk
Time Spent:   0 Days 0 Hours 3 Minutes 6 Seconds

============================================================================
74/175 Starting processing com.mapmyride.android2-1.apk ......
Getting apk info from https://play.google.com/store/apps/details?id=com.mapmyride.android2 ......
Success to get info from Play Store
The lastest version of com.mapmyride.android2-1.apk is  3.6.2  
Done processing com.mapmyride.android2-1.apk
Time Spent:   0 Days 0 Hours 3 Minutes 8 Seconds

============================================================================
75/175 Starting processing com.mapmyrun.android2-1.apk ......
Getting apk info from https://play.google.com/store/apps/details?id=com.mapmyrun.android2 ......
Success to get info from Play Store
The lastest version of com.mapmyrun.android2-1.apk is  3.6.2  
Done processing com.mapmyrun.android2-1.apk
Time Spent:   0 Days 0 Hours 3 Minutes 10 Seconds

============================================================================
76/175 Starting processing com.mapmywalk.android2-1.apk ......
Getting apk info from https://play.google.com/store/apps/details?id=com.mapmywalk.android2 ......
Success to get info from Play Store
The lastest version of com.mapmywalk.android2-1.apk is  3.6.2  
Done processing com.mapmywalk.android2-1.apk
Time Spent:   0 Days 0 Hours 3 Minutes 13 Seconds

============================================================================
77/175 Starting processing com.mapquest.android.ace-1.apk ......
Getting apk info from https://play.google.com/store/apps/details?id=com.mapquest.android.ace ......
Success to get info from Play Store
The lastest version of com.mapquest.android.ace-1.apk is    Varies with device  
Done processing com.mapquest.android.ace-1.apk
Time Spent:   0 Days 0 Hours 3 Minutes 17 Seconds

============================================================================
78/175 Starting processing com.menny.android.anysoftkeyboard-1.apk ......
Getting apk info from https://play.google.com/store/apps/details?id=com.menny.android.anysoftkeyboard ......
Success to get info from Play Store
The lastest version of com.menny.android.anysoftkeyboard-1.apk is    Varies with device  
Done processing com.menny.android.anysoftkeyboard-1.apk
Time Spent:   0 Days 0 Hours 3 Minutes 21 Seconds

============================================================================
79/175 Starting processing com.mico-1.apk ......
Getting apk info from https://play.google.com/store/apps/details?id=com.mico ......
Success to get info from Play Store
The lastest version of com.mico-1.apk is  3.5.0  
Done processing com.mico-1.apk
Time Spent:   0 Days 0 Hours 3 Minutes 24 Seconds

============================================================================
80/175 Starting processing com.minhaseconomias-1.apk ......
Getting apk info from https://play.google.com/store/apps/details?id=com.minhaseconomias ......
Success to get info from Play Store
The lastest version of com.minhaseconomias-1.apk is  1.2.20  
Done processing com.minhaseconomias-1.apk
Time Spent:   0 Days 0 Hours 3 Minutes 27 Seconds

============================================================================
81/175 Starting processing com.mjsoft.apps.sc_ad-1.apk ......
Getting apk info from https://play.google.com/store/apps/details?id=com.mjsoft.apps.sc_ad ......
Success to get info from Play Store
The lastest version of com.mjsoft.apps.sc_ad-1.apk is  3.1.10.98_FN  
Done processing com.mjsoft.apps.sc_ad-1.apk
Time Spent:   0 Days 0 Hours 3 Minutes 31 Seconds

============================================================================
82/175 Starting processing com.mobilemotion.dubsmash-1.apk ......
Getting apk info from https://play.google.com/store/apps/details?id=com.mobilemotion.dubsmash ......
Success to get info from Play Store
The lastest version of com.mobilemotion.dubsmash-1.apk is 
Done processing com.mobilemotion.dubsmash-1.apk
Time Spent:   0 Days 0 Hours 3 Minutes 34 Seconds

============================================================================
83/175 Starting processing com.nextmedia-1.apk ......
Getting apk info from https://play.google.com/store/apps/details?id=com.nextmedia ......
Success to get info from Play Store
The lastest version of com.nextmedia-1.apk is  3.1.17  
Done processing com.nextmedia-1.apk
Time Spent:   0 Days 0 Hours 3 Minutes 37 Seconds

============================================================================
84/175 Starting processing com.nextmedia.face.hk-1.apk ......
Getting apk info from https://play.google.com/store/apps/details?id=com.nextmedia.face.hk ......
Success to get info from Play Store
The lastest version of com.nextmedia.face.hk-1.apk is  1.0.3  
Done processing com.nextmedia.face.hk-1.apk
Time Spent:   0 Days 0 Hours 3 Minutes 41 Seconds

============================================================================
85/175 Starting processing com.nezdroid.mycardashboard-1.apk ......
Getting apk info from https://play.google.com/store/apps/details?id=com.nezdroid.mycardashboard ......
[ERROR] : Cannot find info of com.nezdroid.mycardashboard-1.apk on https://play.google.com/store/apps/details?id=com.nezdroid.mycardashboard !!!
Done processing com.nezdroid.mycardashboard-1.apk
Time Spent:   0 Days 0 Hours 3 Minutes 42 Seconds

============================================================================
86/175 Starting processing com.nhn.android.band-1.apk ......
Getting apk info from https://play.google.com/store/apps/details?id=com.nhn.android.band ......
Success to get info from Play Store
The lastest version of com.nhn.android.band-1.apk is    Varies with device  
Done processing com.nhn.android.band-1.apk
Time Spent:   0 Days 0 Hours 3 Minutes 45 Seconds

============================================================================
87/175 Starting processing com.nimbuzz-1.apk ......
Getting apk info from https://play.google.com/store/apps/details?id=com.nimbuzz ......
Success to get info from Play Store
The lastest version of com.nimbuzz-1.apk is  3.6.0  
Done processing com.nimbuzz-1.apk
Time Spent:   0 Days 0 Hours 3 Minutes 49 Seconds

============================================================================
88/175 Starting processing com.noknok-1.apk ......
Getting apk info from https://play.google.com/store/apps/details?id=com.noknok ......
Success to get info from Play Store
The lastest version of com.noknok-1.apk is  3.5.7  
Done processing com.noknok-1.apk
Time Spent:   0 Days 0 Hours 3 Minutes 53 Seconds

============================================================================
89/175 Starting processing com.nzn.tdg-1.apk ......
Getting apk info from https://play.google.com/store/apps/details?id=com.nzn.tdg ......
Success to get info from Play Store
The lastest version of com.nzn.tdg-1.apk is    Varies with device  
Done processing com.nzn.tdg-1.apk
Time Spent:   0 Days 0 Hours 3 Minutes 56 Seconds

============================================================================
90/175 Starting processing com.photofy.android-1.apk ......
Getting apk info from https://play.google.com/store/apps/details?id=com.photofy.android ......
Success to get info from Play Store
The lastest version of com.photofy.android-1.apk is  3.0.9a  
Done processing com.photofy.android-1.apk
Time Spent:   0 Days 0 Hours 4 Minutes 0 Seconds

============================================================================
91/175 Starting processing com.picsart.studio-1.apk ......
Getting apk info from https://play.google.com/store/apps/details?id=com.picsart.studio ......
Success to get info from Play Store
The lastest version of com.picsart.studio-1.apk is    Varies with device  
Done processing com.picsart.studio-1.apk
Time Spent:   0 Days 0 Hours 4 Minutes 4 Seconds

============================================================================
92/175 Starting processing com.pixign.premiumwallpapers-1.apk ......
Getting apk info from https://play.google.com/store/apps/details?id=com.pixign.premiumwallpapers ......
Success to get info from Play Store
The lastest version of com.pixign.premiumwallpapers-1.apk is  3.1.4  
Done processing com.pixign.premiumwallpapers-1.apk
Time Spent:   0 Days 0 Hours 4 Minutes 8 Seconds

============================================================================
93/175 Starting processing com.pomotodo-1.apk ......
Getting apk info from https://play.google.com/store/apps/details?id=com.pomotodo ......
Success to get info from Play Store
The lastest version of com.pomotodo-1.apk is  1.9.3  
Done processing com.pomotodo-1.apk
Time Spent:   0 Days 0 Hours 4 Minutes 11 Seconds

============================================================================
94/175 Starting processing com.protrade.sportacular-1.apk ......
Getting apk info from https://play.google.com/store/apps/details?id=com.protrade.sportacular ......
Success to get info from Play Store
The lastest version of com.protrade.sportacular-1.apk is  5.3.6  
Done processing com.protrade.sportacular-1.apk
Time Spent:   0 Days 0 Hours 4 Minutes 16 Seconds

============================================================================
95/175 Starting processing com.quicinc.vellamo-1.apk ......
Getting apk info from https://play.google.com/store/apps/details?id=com.quicinc.vellamo ......
Success to get info from Play Store
The lastest version of com.quicinc.vellamo-1.apk is    Varies with device  
Done processing com.quicinc.vellamo-1.apk
Time Spent:   0 Days 0 Hours 4 Minutes 20 Seconds

============================================================================
96/175 Starting processing com.readpointnew.android.app-1.apk ......
Getting apk info from https://play.google.com/store/apps/details?id=com.readpointnew.android.app ......
Success to get info from Play Store
The lastest version of com.readpointnew.android.app-1.apk is  2.1  
Done processing com.readpointnew.android.app-1.apk
Time Spent:   0 Days 0 Hours 4 Minutes 22 Seconds

============================================================================
97/175 Starting processing com.rightware.BasemarkOSII-1.apk ......
Getting apk info from https://play.google.com/store/apps/details?id=com.rightware.BasemarkOSII ......
Success to get info from Play Store
The lastest version of com.rightware.BasemarkOSII-1.apk is  2.0  
Done processing com.rightware.BasemarkOSII-1.apk
Time Spent:   0 Days 0 Hours 4 Minutes 27 Seconds

============================================================================
98/175 Starting processing com.ristomobile.picstory-1.apk ......
Getting apk info from https://play.google.com/store/apps/details?id=com.ristomobile.picstory ......
Success to get info from Play Store
The lastest version of com.ristomobile.picstory-1.apk is  5.7.1  
Done processing com.ristomobile.picstory-1.apk
Time Spent:   0 Days 0 Hours 4 Minutes 29 Seconds

============================================================================
99/175 Starting processing com.ruuhkis.skintoolkit-1.apk ......
Getting apk info from https://play.google.com/store/apps/details?id=com.ruuhkis.skintoolkit ......
Success to get info from Play Store
The lastest version of com.ruuhkis.skintoolkit-1.apk is  1.64  
Done processing com.ruuhkis.skintoolkit-1.apk
Time Spent:   0 Days 0 Hours 4 Minutes 31 Seconds

============================================================================
100/175 Starting processing com.samruston.weather-1.apk ......
Getting apk info from https://play.google.com/store/apps/details?id=com.samruston.weather ......
Success to get info from Play Store
The lastest version of com.samruston.weather-1.apk is  1.4.1.3  
Done processing com.samruston.weather-1.apk
Time Spent:   0 Days 0 Hours 4 Minutes 33 Seconds

============================================================================
101/175 Starting processing com.selvaraj.twoway.android-1.apk ......
Getting apk info from https://play.google.com/store/apps/details?id=com.selvaraj.twoway.android ......
Success to get info from Play Store
The lastest version of com.selvaraj.twoway.android-1.apk is  1.2.1  
Done processing com.selvaraj.twoway.android-1.apk
Time Spent:   0 Days 0 Hours 4 Minutes 35 Seconds

============================================================================
102/175 Starting processing com.shizup.app-1.apk ......
Getting apk info from https://play.google.com/store/apps/details?id=com.shizup.app ......
Success to get info from Play Store
The lastest version of com.shizup.app-1.apk is  2.1.8  
Done processing com.shizup.app-1.apk
Time Spent:   0 Days 0 Hours 4 Minutes 36 Seconds

============================================================================
103/175 Starting processing com.simplexsolutionsinc.vpn_unlimited-1.apk ......
Getting apk info from https://play.google.com/store/apps/details?id=com.simplexsolutionsinc.vpn_unlimited ......
Success to get info from Play Store
The lastest version of com.simplexsolutionsinc.vpn_unlimited-1.apk is  3.1  
Done processing com.simplexsolutionsinc.vpn_unlimited-1.apk
Time Spent:   0 Days 0 Hours 4 Minutes 38 Seconds

============================================================================
104/175 Starting processing com.smartemojiandroidkeyboard-1.apk ......
Getting apk info from https://play.google.com/store/apps/details?id=com.smartemojiandroidkeyboard ......
Success to get info from Play Store
The lastest version of com.smartemojiandroidkeyboard-1.apk is  1.8  
Done processing com.smartemojiandroidkeyboard-1.apk
Time Spent:   0 Days 0 Hours 4 Minutes 40 Seconds

============================================================================
105/175 Starting processing com.sony.singstar-1.apk ......
Getting apk info from https://play.google.com/store/apps/details?id=com.sony.singstar ......
Success to get info from Play Store
The lastest version of com.sony.singstar-1.apk is  3.8  
Done processing com.sony.singstar-1.apk
Time Spent:   0 Days 0 Hours 4 Minutes 42 Seconds

============================================================================
106/175 Starting processing com.sparkslab.dcardreader-1.apk ......
Getting apk info from https://play.google.com/store/apps/details?id=com.sparkslab.dcardreader ......
Success to get info from Play Store
The lastest version of com.sparkslab.dcardreader-1.apk is  3.0  
Done processing com.sparkslab.dcardreader-1.apk
Time Spent:   0 Days 0 Hours 4 Minutes 44 Seconds

============================================================================
107/175 Starting processing com.sph.bhandroid-1.apk ......
Getting apk info from https://play.google.com/store/apps/details?id=com.sph.bhandroid ......
Success to get info from Play Store
The lastest version of com.sph.bhandroid-1.apk is  6.8.1  
Done processing com.sph.bhandroid-1.apk
Time Spent:   0 Days 0 Hours 4 Minutes 45 Seconds

============================================================================
108/175 Starting processing com.studiosol.palcomp3-1.apk ......
Getting apk info from https://play.google.com/store/apps/details?id=com.studiosol.palcomp3 ......
Success to get info from Play Store
The lastest version of com.studiosol.palcomp3-1.apk is  3.1.5  
Done processing com.studiosol.palcomp3-1.apk
Time Spent:   0 Days 0 Hours 4 Minutes 47 Seconds

============================================================================
109/175 Starting processing com.surfeasy-1.apk ......
Getting apk info from https://play.google.com/store/apps/details?id=com.surfeasy ......
Success to get info from Play Store
The lastest version of com.surfeasy-1.apk is  3.4.0  
Done processing com.surfeasy-1.apk
Time Spent:   0 Days 0 Hours 4 Minutes 49 Seconds

============================================================================
110/175 Starting processing com.techbla.instafusionfree-1.apk ......
Getting apk info from https://play.google.com/store/apps/details?id=com.techbla.instafusionfree ......
Success to get info from Play Store
The lastest version of com.techbla.instafusionfree-1.apk is  8.0.1  
Done processing com.techbla.instafusionfree-1.apk
Time Spent:   0 Days 0 Hours 4 Minutes 50 Seconds

============================================================================
111/175 Starting processing com.thecarousell.Carousell-1.apk ......
Getting apk info from https://play.google.com/store/apps/details?id=com.thecarousell.Carousell ......
Success to get info from Play Store
The lastest version of com.thecarousell.Carousell-1.apk is  2.0.3  
Done processing com.thecarousell.Carousell-1.apk
Time Spent:   0 Days 0 Hours 4 Minutes 52 Seconds

============================================================================
112/175 Starting processing com.thorvpn.app-1.apk ......
Getting apk info from https://play.google.com/store/apps/details?id=com.thorvpn.app ......
Success to get info from Play Store
The lastest version of com.thorvpn.app-1.apk is  0.9.19  
Done processing com.thorvpn.app-1.apk
Time Spent:   0 Days 0 Hours 4 Minutes 53 Seconds

============================================================================
113/175 Starting processing com.trello-1.apk ......
Getting apk info from https://play.google.com/store/apps/details?id=com.trello ......
Success to get info from Play Store
The lastest version of com.trello-1.apk is  3.2.1.661  
Done processing com.trello-1.apk
Time Spent:   0 Days 0 Hours 4 Minutes 55 Seconds

============================================================================
114/175 Starting processing com.tunnelbear.android-1.apk ......
Getting apk info from https://play.google.com/store/apps/details?id=com.tunnelbear.android ......
Success to get info from Play Store
The lastest version of com.tunnelbear.android-1.apk is  v108  
Done processing com.tunnelbear.android-1.apk
Time Spent:   0 Days 0 Hours 4 Minutes 56 Seconds

============================================================================
115/175 Starting processing com.tweakersoft.aroundme-1.apk ......
Getting apk info from https://play.google.com/store/apps/details?id=com.tweakersoft.aroundme ......
Success to get info from Play Store
The lastest version of com.tweakersoft.aroundme-1.apk is  5.0.3  
Done processing com.tweakersoft.aroundme-1.apk
Time Spent:   0 Days 0 Hours 4 Minutes 58 Seconds

============================================================================
116/175 Starting processing com.voice.changer.monte.sounds-1.apk ......
Getting apk info from https://play.google.com/store/apps/details?id=com.voice.changer.monte.sounds ......
Success to get info from Play Store
The lastest version of com.voice.changer.monte.sounds-1.apk is  1.0.1  
Done processing com.voice.changer.monte.sounds-1.apk
Time Spent:   0 Days 0 Hours 5 Minutes 2 Seconds

============================================================================
117/175 Starting processing com.vpnintouch-1.apk ......
Getting apk info from https://play.google.com/store/apps/details?id=com.vpnintouch ......
Success to get info from Play Store
The lastest version of com.vpnintouch-1.apk is    Varies with device  
Done processing com.vpnintouch-1.apk
Time Spent:   0 Days 0 Hours 5 Minutes 5 Seconds

============================================================================
118/175 Starting processing com.vpnoneclick.android-1.apk ......
Getting apk info from https://play.google.com/store/apps/details?id=com.vpnoneclick.android ......
Success to get info from Play Store
The lastest version of com.vpnoneclick.android-1.apk is    Varies with device  
Done processing com.vpnoneclick.android-1.apk
Time Spent:   0 Days 0 Hours 5 Minutes 8 Seconds

============================================================================
119/175 Starting processing com.vysionapps.niceeyesfree-1.apk ......
Getting apk info from https://play.google.com/store/apps/details?id=com.vysionapps.niceeyesfree ......
Success to get info from Play Store
The lastest version of com.vysionapps.niceeyesfree-1.apk is  v2.1.4  
Done processing com.vysionapps.niceeyesfree-1.apk
Time Spent:   0 Days 0 Hours 5 Minutes 12 Seconds

============================================================================
120/175 Starting processing com.vysionapps.nicehair-1.apk ......
Getting apk info from https://play.google.com/store/apps/details?id=com.vysionapps.nicehair ......
Success to get info from Play Store
The lastest version of com.vysionapps.nicehair-1.apk is    Varies with device  
Done processing com.vysionapps.nicehair-1.apk
Time Spent:   0 Days 0 Hours 5 Minutes 16 Seconds

============================================================================
121/175 Starting processing com.weheartit-1.apk ......
Getting apk info from https://play.google.com/store/apps/details?id=com.weheartit ......
Success to get info from Play Store
The lastest version of com.weheartit-1.apk is    Varies with device  
Done processing com.weheartit-1.apk
Time Spent:   0 Days 0 Hours 5 Minutes 20 Seconds

============================================================================
122/175 Starting processing com.wf.wellsfargomobile.tablet-1.apk ......
Getting apk info from https://play.google.com/store/apps/details?id=com.wf.wellsfargomobile.tablet ......
Success to get info from Play Store
The lastest version of com.wf.wellsfargomobile.tablet-1.apk is  4.1.1.148  
Done processing com.wf.wellsfargomobile.tablet-1.apk
Time Spent:   0 Days 0 Hours 5 Minutes 23 Seconds

============================================================================
123/175 Starting processing com.whirlscape.minuumfree-1.apk ......
Getting apk info from https://play.google.com/store/apps/details?id=com.whirlscape.minuumfree ......
Success to get info from Play Store
The lastest version of com.whirlscape.minuumfree-1.apk is  3.3.6  
Done processing com.whirlscape.minuumfree-1.apk
Time Spent:   0 Days 0 Hours 5 Minutes 28 Seconds

============================================================================
124/175 Starting processing com.wsandroid.suite-1.apk ......
Getting apk info from https://play.google.com/store/apps/details?id=com.wsandroid.suite ......
Success to get info from Play Store
The lastest version of com.wsandroid.suite-1.apk is  4.4.0.419  
Done processing com.wsandroid.suite-1.apk
Time Spent:   0 Days 0 Hours 5 Minutes 33 Seconds

============================================================================
125/175 Starting processing com.yahoo.mobile.client.android.mail-1.apk ......
Getting apk info from https://play.google.com/store/apps/details?id=com.yahoo.mobile.client.android.mail ......
Success to get info from Play Store
The lastest version of com.yahoo.mobile.client.android.mail-1.apk is    Varies with device  
Done processing com.yahoo.mobile.client.android.mail-1.apk
Time Spent:   0 Days 0 Hours 5 Minutes 37 Seconds

============================================================================
126/175 Starting processing com.yahoo.mobile.client.android.yahoo-1.apk ......
Getting apk info from https://play.google.com/store/apps/details?id=com.yahoo.mobile.client.android.yahoo ......
Success to get info from Play Store
The lastest version of com.yahoo.mobile.client.android.yahoo-1.apk is    Varies with device  
Done processing com.yahoo.mobile.client.android.yahoo-1.apk
Time Spent:   0 Days 0 Hours 5 Minutes 42 Seconds

============================================================================
127/175 Starting processing com.yahoo.mobile.client.android.yahoo.att-1.apk ......
Getting apk info from https://play.google.com/store/apps/details?id=com.yahoo.mobile.client.android.yahoo.att ......
Success to get info from Play Store
The lastest version of com.yahoo.mobile.client.android.yahoo.att-1.apk is  2.0.1  
Done processing com.yahoo.mobile.client.android.yahoo.att-1.apk
Time Spent:   0 Days 0 Hours 5 Minutes 47 Seconds

============================================================================
128/175 Starting processing com.yellowmind.tablisto.bruna-1.apk ......
Getting apk info from https://play.google.com/store/apps/details?id=com.yellowmind.tablisto.bruna ......
Success to get info from Play Store
The lastest version of com.yellowmind.tablisto.bruna-1.apk is  3.0.5  
Done processing com.yellowmind.tablisto.bruna-1.apk
Time Spent:   0 Days 0 Hours 5 Minutes 50 Seconds

============================================================================
129/175 Starting processing com.yuilop-1.apk ......
Getting apk info from https://play.google.com/store/apps/details?id=com.yuilop ......
Success to get info from Play Store
The lastest version of com.yuilop-1.apk is  2.0.8  
Done processing com.yuilop-1.apk
Time Spent:   0 Days 0 Hours 5 Minutes 54 Seconds

============================================================================
130/175 Starting processing com.zingmagic.backgammonvfree-1.apk ......
Getting apk info from https://play.google.com/store/apps/details?id=com.zingmagic.backgammonvfree ......
Success to get info from Play Store
The lastest version of com.zingmagic.backgammonvfree-1.apk is  5.10.33  
Done processing com.zingmagic.backgammonvfree-1.apk
Time Spent:   0 Days 0 Hours 6 Minutes 0 Seconds

============================================================================
131/175 Starting processing com.zingmagic.fialvfree-1.apk ......
Getting apk info from https://play.google.com/store/apps/details?id=com.zingmagic.fialvfree ......
Success to get info from Play Store
The lastest version of com.zingmagic.fialvfree-1.apk is  5.10.32  
Done processing com.zingmagic.fialvfree-1.apk
Time Spent:   0 Days 0 Hours 6 Minutes 5 Seconds

============================================================================
132/175 Starting processing com.zoner.android.photostudio-1.apk ......
Getting apk info from https://play.google.com/store/apps/details?id=com.zoner.android.photostudio ......
Success to get info from Play Store
The lastest version of com.zoner.android.photostudio-1.apk is  3.5.4  
Done processing com.zoner.android.photostudio-1.apk
Time Spent:   0 Days 0 Hours 6 Minutes 6 Seconds

============================================================================
133/175 Starting processing com.ztory.main-1.apk ......
Getting apk info from https://play.google.com/store/apps/details?id=com.ztory.main ......
Success to get info from Play Store
The lastest version of com.ztory.main-1.apk is  2.3.1  
Done processing com.ztory.main-1.apk
Time Spent:   0 Days 0 Hours 6 Minutes 8 Seconds

============================================================================
134/175 Starting processing cz.alza.media-1.apk ......
Getting apk info from https://play.google.com/store/apps/details?id=cz.alza.media ......
Success to get info from Play Store
The lastest version of cz.alza.media-1.apk is 
Done processing cz.alza.media-1.apk
Time Spent:   0 Days 0 Hours 6 Minutes 9 Seconds

============================================================================
135/175 Starting processing de.blinkt.openvpn-1.apk ......
Getting apk info from https://play.google.com/store/apps/details?id=de.blinkt.openvpn ......
Success to get info from Play Store
The lastest version of de.blinkt.openvpn-1.apk is  0.6.29  
Done processing de.blinkt.openvpn-1.apk
Time Spent:   0 Days 0 Hours 6 Minutes 11 Seconds

============================================================================
136/175 Starting processing de.heise.android.ct.magazin-1.apk ......
Getting apk info from https://play.google.com/store/apps/details?id=de.heise.android.ct.magazin ......
Success to get info from Play Store
The lastest version of de.heise.android.ct.magazin-1.apk is    Varies with device  
Done processing de.heise.android.ct.magazin-1.apk
Time Spent:   0 Days 0 Hours 6 Minutes 13 Seconds

============================================================================
137/175 Starting processing de.resolution.yf_android-1.apk ......
Getting apk info from https://play.google.com/store/apps/details?id=de.resolution.yf_android ......
Success to get info from Play Store
The lastest version of de.resolution.yf_android-1.apk is  20150319-01  
Done processing de.resolution.yf_android-1.apk
Time Spent:   0 Days 0 Hours 6 Minutes 14 Seconds

============================================================================
138/175 Starting processing dk.coop.kvickly-1.apk ......
Getting apk info from https://play.google.com/store/apps/details?id=dk.coop.kvickly ......
Success to get info from Play Store
The lastest version of dk.coop.kvickly-1.apk is  2.1.6  
Done processing dk.coop.kvickly-1.apk
Time Spent:   0 Days 0 Hours 6 Minutes 16 Seconds

============================================================================
139/175 Starting processing dk.coop.superbrugsen-1.apk ......
Getting apk info from https://play.google.com/store/apps/details?id=dk.coop.superbrugsen ......
Success to get info from Play Store
The lastest version of dk.coop.superbrugsen-1.apk is  2.1.6  
Done processing dk.coop.superbrugsen-1.apk
Time Spent:   0 Days 0 Hours 6 Minutes 18 Seconds

============================================================================
140/175 Starting processing en.th.best.dict-1.apk ......
Getting apk info from https://play.google.com/store/apps/details?id=en.th.best.dict ......
Success to get info from Play Store
The lastest version of en.th.best.dict-1.apk is  1.11  
Done processing en.th.best.dict-1.apk
Time Spent:   0 Days 0 Hours 6 Minutes 20 Seconds

============================================================================
141/175 Starting processing free.reddit.news-1.apk ......
Getting apk info from https://play.google.com/store/apps/details?id=free.reddit.news ......
Success to get info from Play Store
The lastest version of free.reddit.news-1.apk is  7.58  
Done processing free.reddit.news-1.apk
Time Spent:   0 Days 0 Hours 6 Minutes 22 Seconds

============================================================================
142/175 Starting processing gogolook.callgogolook2-1.apk ......
Getting apk info from https://play.google.com/store/apps/details?id=gogolook.callgogolook2 ......
Success to get info from Play Store
The lastest version of gogolook.callgogolook2-1.apk is  4.1.1.1  
Done processing gogolook.callgogolook2-1.apk
Time Spent:   0 Days 0 Hours 6 Minutes 24 Seconds

============================================================================
143/175 Starting processing in.huohua.Yuki-1.apk ......
Getting apk info from https://play.google.com/store/apps/details?id=in.huohua.Yuki ......
[ERROR] : Cannot find info of in.huohua.Yuki-1.apk on https://play.google.com/store/apps/details?id=in.huohua.Yuki !!!
Done processing in.huohua.Yuki-1.apk
Time Spent:   0 Days 0 Hours 6 Minutes 25 Seconds

============================================================================
144/175 Starting processing io.wifimap.wifimap-1.apk ......
Getting apk info from https://play.google.com/store/apps/details?id=io.wifimap.wifimap ......
Success to get info from Play Store
The lastest version of io.wifimap.wifimap-1.apk is  2.2.0  
Done processing io.wifimap.wifimap-1.apk
Time Spent:   0 Days 0 Hours 6 Minutes 27 Seconds

============================================================================
145/175 Starting processing it.nicola.calcioveneto-1.apk ......
Getting apk info from https://play.google.com/store/apps/details?id=it.nicola.calcioveneto ......
Success to get info from Play Store
The lastest version of it.nicola.calcioveneto-1.apk is  4.0  
Done processing it.nicola.calcioveneto-1.apk
Time Spent:   0 Days 0 Hours 6 Minutes 28 Seconds

============================================================================
146/175 Starting processing jp.buffalo.aoss-1.apk ......
Getting apk info from https://play.google.com/store/apps/details?id=jp.buffalo.aoss ......
Success to get info from Play Store
The lastest version of jp.buffalo.aoss-1.apk is  2.0.6  
Done processing jp.buffalo.aoss-1.apk
Time Spent:   0 Days 0 Hours 6 Minutes 31 Seconds

============================================================================
147/175 Starting processing jp.co.cybird.appli.android.rjs-1.apk ......
Getting apk info from https://play.google.com/store/apps/details?id=jp.co.cybird.appli.android.rjs ......
Success to get info from Play Store
The lastest version of jp.co.cybird.appli.android.rjs-1.apk is  1.0.7  
Done processing jp.co.cybird.appli.android.rjs-1.apk
Time Spent:   0 Days 0 Hours 6 Minutes 35 Seconds

============================================================================
148/175 Starting processing jp.gmo_media.decoproject-1.apk ......
Getting apk info from https://play.google.com/store/apps/details?id=jp.gmo_media.decoproject ......
Success to get info from Play Store
The lastest version of jp.gmo_media.decoproject-1.apk is  3.8.1.1  
Done processing jp.gmo_media.decoproject-1.apk
Time Spent:   0 Days 0 Hours 6 Minutes 40 Seconds

============================================================================
149/175 Starting processing jp.gmo_media.diy_icon-1.apk ......
Getting apk info from https://play.google.com/store/apps/details?id=jp.gmo_media.diy_icon ......
Success to get info from Play Store
The lastest version of jp.gmo_media.diy_icon-1.apk is  1.5.4  
Done processing jp.gmo_media.diy_icon-1.apk
Time Spent:   0 Days 0 Hours 6 Minutes 44 Seconds

============================================================================
150/175 Starting processing jp.gmomedia.coordisnap-1.apk ......
Getting apk info from https://play.google.com/store/apps/details?id=jp.gmomedia.coordisnap ......
Success to get info from Play Store
The lastest version of jp.gmomedia.coordisnap-1.apk is  4.17.0  
Done processing jp.gmomedia.coordisnap-1.apk
Time Spent:   0 Days 0 Hours 6 Minutes 48 Seconds

============================================================================
151/175 Starting processing larry.zou.colorfullife-1.apk ......
Getting apk info from https://play.google.com/store/apps/details?id=larry.zou.colorfullife ......
Success to get info from Play Store
The lastest version of larry.zou.colorfullife-1.apk is    Varies with device  
Done processing larry.zou.colorfullife-1.apk
Time Spent:   0 Days 0 Hours 6 Minutes 51 Seconds

============================================================================
152/175 Starting processing md.your-1.apk ......
Getting apk info from https://play.google.com/store/apps/details?id=md.your ......
Success to get info from Play Store
The lastest version of md.your-1.apk is  1.3.3  
Done processing md.your-1.apk
Time Spent:   0 Days 0 Hours 6 Minutes 57 Seconds

============================================================================
153/175 Starting processing me.imid.fuubo-1.apk ......
Getting apk info from https://play.google.com/store/apps/details?id=me.imid.fuubo ......
Success to get info from Play Store
The lastest version of me.imid.fuubo-1.apk is  Fuubo_4  
Done processing me.imid.fuubo-1.apk
Time Spent:   0 Days 0 Hours 7 Minutes 0 Seconds

============================================================================
154/175 Starting processing mobogenie.mobile.market.app.game-1.apk ......
Getting apk info from https://play.google.com/store/apps/details?id=mobogenie.mobile.market.app.game ......
Success to get info from Play Store
The lastest version of mobogenie.mobile.market.app.game-1.apk is  2.3.12.10  
Done processing mobogenie.mobile.market.app.game-1.apk
Time Spent:   0 Days 0 Hours 7 Minutes 4 Seconds

============================================================================
155/175 Starting processing net.hideman-1.apk ......
Getting apk info from https://play.google.com/store/apps/details?id=net.hideman ......
Success to get info from Play Store
The lastest version of net.hideman-1.apk is  4.2  
Done processing net.hideman-1.apk
Time Spent:   0 Days 0 Hours 7 Minutes 8 Seconds

============================================================================
156/175 Starting processing net.micene.minigroup.palimpsests.lite-1.apk ......
Getting apk info from https://play.google.com/store/apps/details?id=net.micene.minigroup.palimpsests.lite ......
Success to get info from Play Store
The lastest version of net.micene.minigroup.palimpsests.lite-1.apk is    Varies with device  
Done processing net.micene.minigroup.palimpsests.lite-1.apk
Time Spent:   0 Days 0 Hours 7 Minutes 12 Seconds

============================================================================
157/175 Starting processing net.milkdrops.beentogether-1.apk ......
Getting apk info from https://play.google.com/store/apps/details?id=net.milkdrops.beentogether ......
Success to get info from Play Store
The lastest version of net.milkdrops.beentogether-1.apk is    Varies with device  
Done processing net.milkdrops.beentogether-1.apk
Time Spent:   0 Days 0 Hours 7 Minutes 15 Seconds

============================================================================
158/175 Starting processing net.openvpn.openvpn-1.apk ......
Getting apk info from https://play.google.com/store/apps/details?id=net.openvpn.openvpn ......
Success to get info from Play Store
The lastest version of net.openvpn.openvpn-1.apk is  1.1.16  
Done processing net.openvpn.openvpn-1.apk
Time Spent:   0 Days 0 Hours 7 Minutes 19 Seconds

============================================================================
159/175 Starting processing net.sharewire.buienradar.belgium-1.apk ......
Getting apk info from https://play.google.com/store/apps/details?id=net.sharewire.buienradar.belgium ......
Success to get info from Play Store
The lastest version of net.sharewire.buienradar.belgium-1.apk is  v1.0.1  
Done processing net.sharewire.buienradar.belgium-1.apk
Time Spent:   0 Days 0 Hours 7 Minutes 23 Seconds

============================================================================
160/175 Starting processing net.sharewire.subastadeocio-1.apk ......
Getting apk info from https://play.google.com/store/apps/details?id=net.sharewire.subastadeocio ......
Success to get info from Play Store
The lastest version of net.sharewire.subastadeocio-1.apk is  1.4.1  
Done processing net.sharewire.subastadeocio-1.apk
Time Spent:   0 Days 0 Hours 7 Minutes 27 Seconds

============================================================================
161/175 Starting processing net.zhuoweizhang.pocketinveditor-1.apk ......
Getting apk info from https://play.google.com/store/apps/details?id=net.zhuoweizhang.pocketinveditor ......
Success to get info from Play Store
The lastest version of net.zhuoweizhang.pocketinveditor-1.apk is  1.13  
Done processing net.zhuoweizhang.pocketinveditor-1.apk
Time Spent:   0 Days 0 Hours 7 Minutes 31 Seconds

============================================================================
162/175 Starting processing net.zhuoweizhang.pocketinveditor.pro-1.apk ......
Getting apk info from https://play.google.com/store/apps/details?id=net.zhuoweizhang.pocketinveditor.pro ......
Success to get info from Play Store
The lastest version of net.zhuoweizhang.pocketinveditor.pro-1.apk is  1.13  
Done processing net.zhuoweizhang.pocketinveditor.pro-1.apk
Time Spent:   0 Days 0 Hours 7 Minutes 35 Seconds

============================================================================
163/175 Starting processing nz.co.powershop.android.app-1.apk ......
Getting apk info from https://play.google.com/store/apps/details?id=nz.co.powershop.android.app ......
Success to get info from Play Store
The lastest version of nz.co.powershop.android.app-1.apk is  1.13.12  
Done processing nz.co.powershop.android.app-1.apk
Time Spent:   0 Days 0 Hours 7 Minutes 37 Seconds

============================================================================
164/175 Starting processing org.kde.necessitas.ministro-1.apk ......
Getting apk info from https://play.google.com/store/apps/details?id=org.kde.necessitas.ministro ......
Success to get info from Play Store
The lastest version of org.kde.necessitas.ministro-1.apk is  10.3  
Done processing org.kde.necessitas.ministro-1.apk
Time Spent:   0 Days 0 Hours 7 Minutes 41 Seconds

============================================================================
165/175 Starting processing play.mobogenie.news.market.lite-1.apk ......
Getting apk info from https://play.google.com/store/apps/details?id=play.mobogenie.news.market.lite ......
[ERROR] : Cannot find info of play.mobogenie.news.market.lite-1.apk on https://play.google.com/store/apps/details?id=play.mobogenie.news.market.lite !!!
Done processing play.mobogenie.news.market.lite-1.apk
Time Spent:   0 Days 0 Hours 7 Minutes 42 Seconds

============================================================================
166/175 Starting processing redshift.closer-1.apk ......
Getting apk info from https://play.google.com/store/apps/details?id=redshift.closer ......
Success to get info from Play Store
The lastest version of redshift.closer-1.apk is  3.2.2  
Done processing redshift.closer-1.apk
Time Spent:   0 Days 0 Hours 7 Minutes 43 Seconds

============================================================================
167/175 Starting processing ru.mail.my-1.apk ......
Getting apk info from https://play.google.com/store/apps/details?id=ru.mail.my ......
Success to get info from Play Store
The lastest version of ru.mail.my-1.apk is    Varies with device  
Done processing ru.mail.my-1.apk
Time Spent:   0 Days 0 Hours 7 Minutes 46 Seconds

============================================================================
168/175 Starting processing ru.viatun.android4-1.apk ......
Getting apk info from https://play.google.com/store/apps/details?id=ru.viatun.android4 ......
Success to get info from Play Store
The lastest version of ru.viatun.android4-1.apk is  6.8  
Done processing ru.viatun.android4-1.apk
Time Spent:   0 Days 0 Hours 7 Minutes 47 Seconds

============================================================================
169/175 Starting processing ru.victory-1.apk ......
Getting apk info from https://play.google.com/store/apps/details?id=ru.victory ......
Success to get info from Play Store
The lastest version of ru.victory-1.apk is  1.6.3g  
Done processing ru.victory-1.apk
Time Spent:   0 Days 0 Hours 7 Minutes 49 Seconds

============================================================================
170/175 Starting processing se.omni-1.apk ......
Getting apk info from https://play.google.com/store/apps/details?id=se.omni ......
Success to get info from Play Store
The lastest version of se.omni-1.apk is  1.1.5  
Done processing se.omni-1.apk
Time Spent:   0 Days 0 Hours 7 Minutes 51 Seconds

============================================================================
171/175 Starting processing sg.sgag.android.app-1.apk ......
Getting apk info from https://play.google.com/store/apps/details?id=sg.sgag.android.app ......
Success to get info from Play Store
The lastest version of sg.sgag.android.app-1.apk is  1.0.6  
Done processing sg.sgag.android.app-1.apk
Time Spent:   0 Days 0 Hours 7 Minutes 53 Seconds

============================================================================
172/175 Starting processing tv.twitch.android.viewer-1.apk ......
Getting apk info from https://play.google.com/store/apps/details?id=tv.twitch.android.viewer ......
Success to get info from Play Store
The lastest version of tv.twitch.android.viewer-1.apk is  3.2.1  
Done processing tv.twitch.android.viewer-1.apk
Time Spent:   0 Days 0 Hours 7 Minutes 54 Seconds

============================================================================
173/175 Starting processing vn.vinaphone.ott-1.apk ......
Getting apk info from https://play.google.com/store/apps/details?id=vn.vinaphone.ott ......
Success to get info from Play Store
The lastest version of vn.vinaphone.ott-1.apk is  1.1.0  
Done processing vn.vinaphone.ott-1.apk
Time Spent:   0 Days 0 Hours 7 Minutes 56 Seconds

============================================================================
174/175 Starting processing yourapp24.android.tools.aivc-1.apk ......
Getting apk info from https://play.google.com/store/apps/details?id=yourapp24.android.tools.aivc ......
Success to get info from Play Store
The lastest version of yourapp24.android.tools.aivc-1.apk is  3.4  
Done processing yourapp24.android.tools.aivc-1.apk
Time Spent:   0 Days 0 Hours 7 Minutes 57 Seconds

============================================================================
175/175 Starting processing yourapp24.android.tools.alice_lite-1.apk ......
Getting apk info from https://play.google.com/store/apps/details?id=yourapp24.android.tools.alice_lite ......
Success to get info from Play Store
The lastest version of yourapp24.android.tools.alice_lite-1.apk is  3.4  
Done processing yourapp24.android.tools.alice_lite-1.apk
Time Spent:   0 Days 0 Hours 7 Minutes 59 Seconds

============================================================================


**************************************************************
All Done
Total Time:   0 Days 0 Hours 7 Minutes 59 Seconds
Result Location:               /home/Git-Apk/code_resource/script_hooks/scan_apk/scan_apk_version/results/AppInfo_2015-04-21-15-50-03.csv
**************************************************************
