Start processing app in list /home/Git-Apk/Updated_list from /home/Git-Apk/All_Apk  ......

============================================================================
1/3 Starting processing com.bigfishgames.gummydropgoogle-1.apk ......
Getting apk info from https://play.google.com/store/apps/details?id=com.bigfishgames.gummydropgoogle ......
Success to get info from Play Store
The lastest version of com.bigfishgames.gummydropgoogle-1.apk is  1.8.0  
Done processing com.bigfishgames.gummydropgoogle-1.apk
Time Spent:   0 Days 0 Hours 0 Minutes 3 Seconds

============================================================================
2/3 Starting processing com.intellijoy.sightwords-1.apk ......
Getting apk info from https://play.google.com/store/apps/details?id=com.intellijoy.sightwords ......
Success to get info from Play Store
The lastest version of com.intellijoy.sightwords-1.apk is 
Done processing com.intellijoy.sightwords-1.apk
Time Spent:   0 Days 0 Hours 0 Minutes 5 Seconds

============================================================================
3/3 Starting processing com.king.petrescuesaga-1.apk ......
Getting apk info from https://play.google.com/store/apps/details?id=com.king.petrescuesaga ......
Success to get info from Play Store
The lastest version of com.king.petrescuesaga-1.apk is  1.42.1  
Done processing com.king.petrescuesaga-1.apk
Time Spent:   0 Days 0 Hours 0 Minutes 7 Seconds

============================================================================


**************************************************************
All Done
Total Time:   0 Days 0 Hours 0 Minutes 7 Seconds
Result Location:               /home/Git-Apk/code_resource/script_hooks/scan_apk/scan_apk_version/results/AppInfo_2015-04-23-17-41-47.csv
**************************************************************
