Start processing app in list /home/Git-Apk/Updated_list from /home/Git-Apk/Other  ......

============================================================================
1/2 Starting processing be.vlan.reader-1.apk ......
Getting apk info from https://play.google.com/store/apps/details?id=be.vlan.reader ......
Success to get info from Play Store
The lastest version of be.vlan.reader-1.apk is 
Done processing be.vlan.reader-1.apk
Time Spent:   0 Days 0 Hours 0 Minutes 0 Seconds

============================================================================
2/2 Starting processing net.hideman-1.apk ......
Getting apk info from https://play.google.com/store/apps/details?id=net.hideman ......
Success to get info from Play Store
The lastest version of net.hideman-1.apk is 
Done processing net.hideman-1.apk
Time Spent:   0 Days 0 Hours 0 Minutes 0 Seconds

============================================================================


**************************************************************
All Done
Total Time:   0 Days 0 Hours 0 Minutes 0 Seconds
Result Location:               /home/Git-Apk/code_resource/script_hooks/scan_apk/scan_apk_version/results/AppInfo_2015-03-30-16-38-39.csv
**************************************************************
