Start processing app in list /home/Git-Apk/Updated_list from /home/Git-Apk/All_Apk  ......

============================================================================
1/4 Starting processing com.hcg.cok.gp-1.apk ......
Getting apk info from https://play.google.com/store/apps/details?id=com.hcg.cok.gp ......
Success to get info from Play Store
The lastest version of com.hcg.cok.gp-1.apk is  2.0.2  
Done processing com.hcg.cok.gp-1.apk
Time Spent:   0 Days 0 Hours 0 Minutes 2 Seconds

============================================================================
2/4 Starting processing com.king.petrescuesaga-1.apk ......
Getting apk info from https://play.google.com/store/apps/details?id=com.king.petrescuesaga ......
Success to get info from Play Store
The lastest version of com.king.petrescuesaga-1.apk is  1.58.10  
Done processing com.king.petrescuesaga-1.apk
Time Spent:   0 Days 0 Hours 0 Minutes 6 Seconds

============================================================================
3/4 Starting processing com.midasplayer.apps.papapearsaga-1.apk ......
Getting apk info from https://play.google.com/store/apps/details?id=com.midasplayer.apps.papapearsaga ......
Success to get info from Play Store
The lastest version of com.midasplayer.apps.papapearsaga-1.apk is 
Done processing com.midasplayer.apps.papapearsaga-1.apk
Time Spent:   0 Days 0 Hours 0 Minutes 8 Seconds

============================================================================
4/4 Starting processing com.playrix.township-1.apk ......
Getting apk info from https://play.google.com/store/apps/details?id=com.playrix.township ......
Success to get info from Play Store
The lastest version of com.playrix.township-1.apk is  3.4.0  
Done processing com.playrix.township-1.apk
Time Spent:   0 Days 0 Hours 0 Minutes 11 Seconds

============================================================================


**************************************************************
All Done
Total Time:   0 Days 0 Hours 0 Minutes 11 Seconds
Result Location:               /home/Git-Apk/code_resource/script_hooks/scan_apk/scan_apk_version/results/AppInfo_2015-12-08-23-19-19.csv
**************************************************************
