Start processing app in list /home/Git-Apk/Updated_list from /home/Git-Apk/ARM-V8  ......

============================================================================
1/4 Starting processing com.akasanet.yogrt.android-1.apk ......
Getting apk info from https://play.google.com/store/apps/details?id=com.akasanet.yogrt.android ......
Success to get info from Play Store
The lastest version of com.akasanet.yogrt.android-1.apk is  2.1.0  
Done processing com.akasanet.yogrt.android-1.apk
Time Spent:   0 Days 0 Hours 0 Minutes 3 Seconds

============================================================================
2/4 Starting processing com.autodesk.autocadws-1.apk ......
Getting apk info from https://play.google.com/store/apps/details?id=com.autodesk.autocadws ......
Success to get info from Play Store
The lastest version of com.autodesk.autocadws-1.apk is    Varies with device  
Done processing com.autodesk.autocadws-1.apk
Time Spent:   0 Days 0 Hours 0 Minutes 6 Seconds

============================================================================
3/4 Starting processing com.diligentstudio.krystof-1.apk ......
Getting apk info from https://play.google.com/store/apps/details?id=com.diligentstudio.krystof ......
Success to get info from Play Store
The lastest version of com.diligentstudio.krystof-1.apk is  1.1.0  
Done processing com.diligentstudio.krystof-1.apk
Time Spent:   0 Days 0 Hours 0 Minutes 8 Seconds

============================================================================
4/4 Starting processing com.kaname.surya.android.strangecamera-1.apk ......
Getting apk info from https://play.google.com/store/apps/details?id=com.kaname.surya.android.strangecamera ......
Success to get info from Play Store
The lastest version of com.kaname.surya.android.strangecamera-1.apk is 
Done processing com.kaname.surya.android.strangecamera-1.apk
Time Spent:   0 Days 0 Hours 0 Minutes 10 Seconds

============================================================================


**************************************************************
All Done
Total Time:   0 Days 0 Hours 0 Minutes 10 Seconds
Result Location:               /home/Git-Apk/code_resource/script_hooks/scan_apk/scan_apk_version/results/AppInfo_2015-12-11-15-27-27.csv
**************************************************************
