Start processing app in list /home/Git-Apk/Updated_list from /home/Git-Apk/All_Apk  ......

============================================================================
1/15 Starting processing air.com.bitrhymes.bingo-1.apk ......
Getting apk info from https://play.google.com/store/apps/details?id=air.com.bitrhymes.bingo ......
Success to get info from Play Store
The lastest version of air.com.bitrhymes.bingo-1.apk is 
Done processing air.com.bitrhymes.bingo-1.apk
Time Spent:   0 Days 0 Hours 0 Minutes 4 Seconds

============================================================================
2/15 Starting processing com.bm.food-1.apk ......
Getting apk info from https://play.google.com/store/apps/details?id=com.bm.food ......
Success to get info from Play Store
The lastest version of com.bm.food-1.apk is  2.2  
Done processing com.bm.food-1.apk
Time Spent:   0 Days 0 Hours 0 Minutes 8 Seconds

============================================================================
3/15 Starting processing com.bria.voip-1.apk ......
Getting apk info from https://play.google.com/store/apps/details?id=com.bria.voip ......
Success to get info from Play Store
The lastest version of com.bria.voip-1.apk is    Varies with device  
Done processing com.bria.voip-1.apk
Time Spent:   0 Days 0 Hours 0 Minutes 12 Seconds

============================================================================
4/15 Starting processing com.dodreams.driveahead-1.apk ......
Getting apk info from https://play.google.com/store/apps/details?id=com.dodreams.driveahead ......
Success to get info from Play Store
The lastest version of com.dodreams.driveahead-1.apk is  1.16  
Done processing com.dodreams.driveahead-1.apk
Time Spent:   0 Days 0 Hours 0 Minutes 17 Seconds

============================================================================
5/15 Starting processing com.ea.game.simpsons4_na-1.apk ......
Getting apk info from https://play.google.com/store/apps/details?id=com.ea.game.simpsons4_na ......
Success to get info from Play Store
The lastest version of com.ea.game.simpsons4_na-1.apk is  4.18.2  
Done processing com.ea.game.simpsons4_na-1.apk
Time Spent:   0 Days 0 Hours 0 Minutes 21 Seconds

============================================================================
6/15 Starting processing com.emoji.coolkeyboard-1.apk ......
Getting apk info from https://play.google.com/store/apps/details?id=com.emoji.coolkeyboard ......
Success to get info from Play Store
The lastest version of com.emoji.coolkeyboard-1.apk is    Varies with device  
Done processing com.emoji.coolkeyboard-1.apk
Time Spent:   0 Days 0 Hours 0 Minutes 25 Seconds

============================================================================
7/15 Starting processing com.king.candycrushsodasaga-1.apk ......
Getting apk info from https://play.google.com/store/apps/details?id=com.king.candycrushsodasaga ......
Success to get info from Play Store
The lastest version of com.king.candycrushsodasaga-1.apk is  1.56.13  
Done processing com.king.candycrushsodasaga-1.apk
Time Spent:   0 Days 0 Hours 0 Minutes 29 Seconds

============================================================================
8/15 Starting processing com.nekki.shadowfight-1.apk ......
Getting apk info from https://play.google.com/store/apps/details?id=com.nekki.shadowfight ......
Success to get info from Play Store
The lastest version of com.nekki.shadowfight-1.apk is  1.9.16  
Done processing com.nekki.shadowfight-1.apk
Time Spent:   0 Days 0 Hours 0 Minutes 33 Seconds

============================================================================
9/15 Starting processing com.path-1.apk ......
Getting apk info from https://play.google.com/store/apps/details?id=com.path ......
Success to get info from Play Store
The lastest version of com.path-1.apk is    Varies with device  
Done processing com.path-1.apk
Time Spent:   0 Days 0 Hours 0 Minutes 38 Seconds

============================================================================
10/15 Starting processing com.pnixgames.bowlingking-1.apk ......
Getting apk info from https://play.google.com/store/apps/details?id=com.pnixgames.bowlingking ......
Success to get info from Play Store
The lastest version of com.pnixgames.bowlingking-1.apk is  1.20.5  
Done processing com.pnixgames.bowlingking-1.apk
Time Spent:   0 Days 0 Hours 0 Minutes 40 Seconds

============================================================================
11/15 Starting processing com.qihoo.security.lite-1.apk ......
Getting apk info from https://play.google.com/store/apps/details?id=com.qihoo.security.lite ......
Success to get info from Play Store
The lastest version of com.qihoo.security.lite-1.apk is  1.1.1  
Done processing com.qihoo.security.lite-1.apk
Time Spent:   0 Days 0 Hours 0 Minutes 42 Seconds

============================================================================
12/15 Starting processing com.qisiemoji.inputmethod-1.apk ......
Getting apk info from https://play.google.com/store/apps/details?id=com.qisiemoji.inputmethod ......
Success to get info from Play Store
The lastest version of com.qisiemoji.inputmethod-1.apk is    Varies with device  
Done processing com.qisiemoji.inputmethod-1.apk
Time Spent:   0 Days 0 Hours 0 Minutes 45 Seconds

============================================================================
13/15 Starting processing com.tribeplay.pandapostman-1.apk ......
Getting apk info from https://play.google.com/store/apps/details?id=com.tribeplay.pandapostman ......
Success to get info from Play Store
The lastest version of com.tribeplay.pandapostman-1.apk is  1.2  
Done processing com.tribeplay.pandapostman-1.apk
Time Spent:   0 Days 0 Hours 0 Minutes 47 Seconds

============================================================================
14/15 Starting processing com.wb.goog.mkx-1.apk ......
Getting apk info from https://play.google.com/store/apps/details?id=com.wb.goog.mkx ......
Success to get info from Play Store
The lastest version of com.wb.goog.mkx-1.apk is 
Done processing com.wb.goog.mkx-1.apk
Time Spent:   0 Days 0 Hours 0 Minutes 51 Seconds

============================================================================
15/15 Starting processing com.xvideostudio.videoeditorpro-1.apk ......
Getting apk info from https://play.google.com/store/apps/details?id=com.xvideostudio.videoeditorpro ......
Success to get info from Play Store
The lastest version of com.xvideostudio.videoeditorpro-1.apk is    Varies with device  
Done processing com.xvideostudio.videoeditorpro-1.apk
Time Spent:   0 Days 0 Hours 0 Minutes 53 Seconds

============================================================================


**************************************************************
All Done
Total Time:   0 Days 0 Hours 0 Minutes 53 Seconds
Result Location:               /home/Git-Apk/code_resource/script_hooks/scan_apk/scan_apk_version/results/AppInfo_2015-12-21-10-25-43.csv
**************************************************************
