Start processing app in list /home/Git-Apk/Updated_list from /home/Git-Apk/All_Apk  ......

============================================================================
1/7 Starting processing com.dirtybit.funrun2-1.apk ......
Getting apk info from https://play.google.com/store/apps/details?id=com.dirtybit.funrun2 ......
Success to get info from Play Store
The lastest version of com.dirtybit.funrun2-1.apk is  1.3  
Done processing com.dirtybit.funrun2-1.apk
Time Spent:   0 Days 0 Hours 0 Minutes 2 Seconds

============================================================================
2/7 Starting processing com.king.pyramidsolitairesaga-1.apk ......
Getting apk info from https://play.google.com/store/apps/details?id=com.king.pyramidsolitairesaga ......
Success to get info from Play Store
The lastest version of com.king.pyramidsolitairesaga-1.apk is  1.15.0  
Done processing com.king.pyramidsolitairesaga-1.apk
Time Spent:   0 Days 0 Hours 0 Minutes 4 Seconds

============================================================================
3/7 Starting processing com.veewo.Get10-1.apk ......
Getting apk info from https://play.google.com/store/apps/details?id=com.veewo.Get10 ......
Success to get info from Play Store
The lastest version of com.veewo.Get10-1.apk is  1.32  
Done processing com.veewo.Get10-1.apk
Time Spent:   0 Days 0 Hours 0 Minutes 7 Seconds

============================================================================
4/7 Starting processing com.wb.goog.scribbleremix-1.apk ......
Getting apk info from https://play.google.com/store/apps/details?id=com.wb.goog.scribbleremix ......
Success to get info from Play Store
The lastest version of com.wb.goog.scribbleremix-1.apk is  5.80  
Done processing com.wb.goog.scribbleremix-1.apk
Time Spent:   0 Days 0 Hours 0 Minutes 9 Seconds

============================================================================
5/7 Starting processing com.zynga.hititrich-1.apk ......
Getting apk info from https://play.google.com/store/apps/details?id=com.zynga.hititrich ......
Success to get info from Play Store
The lastest version of com.zynga.hititrich-1.apk is  1.4.4306  
Done processing com.zynga.hititrich-1.apk
Time Spent:   0 Days 0 Hours 0 Minutes 11 Seconds

============================================================================
6/7 Starting processing org.deadbeef.android-1.apk ......
Getting apk info from https://play.google.com/store/apps/details?id=org.deadbeef.android ......
Success to get info from Play Store
The lastest version of org.deadbeef.android-1.apk is    Varies with device  
Done processing org.deadbeef.android-1.apk
Time Spent:   0 Days 0 Hours 0 Minutes 14 Seconds

============================================================================
7/7 Starting processing slide.watchFrenzy.premium-1.apk ......
Getting apk info from https://play.google.com/store/apps/details?id=slide.watchFrenzy.premium ......
Success to get info from Play Store
The lastest version of slide.watchFrenzy.premium-1.apk is  3.1.1  
Done processing slide.watchFrenzy.premium-1.apk
Time Spent:   0 Days 0 Hours 0 Minutes 18 Seconds

============================================================================


**************************************************************
All Done
Total Time:   0 Days 0 Hours 0 Minutes 18 Seconds
Result Location:               /home/Git-Apk/code_resource/script_hooks/scan_apk/scan_apk_version/results/AppInfo_2015-02-02-11-13-04.csv
**************************************************************
