Start processing app in list /home/Git-Apk/Updated_list from /home/Git-Apk/Baidu  ......

============================================================================
1/3 Starting processing com.huluxia.gametools-1.apk ......
Getting apk info from https://play.google.com/store/apps/details?id=com.huluxia.gametools ......
[ERROR] : Cannot find info of com.huluxia.gametools-1.apk on https://play.google.com/store/apps/details?id=com.huluxia.gametools !!!
Done processing com.huluxia.gametools-1.apk
Time Spent:   0 Days 0 Hours 0 Minutes 2 Seconds

============================================================================
2/3 Starting processing com.slanissue.apps.mobile.erge-1.apk ......
Getting apk info from https://play.google.com/store/apps/details?id=com.slanissue.apps.mobile.erge ......
[ERROR] : Cannot find info of com.slanissue.apps.mobile.erge-1.apk on https://play.google.com/store/apps/details?id=com.slanissue.apps.mobile.erge !!!
Done processing com.slanissue.apps.mobile.erge-1.apk
Time Spent:   0 Days 0 Hours 0 Minutes 3 Seconds

============================================================================
3/3 Starting processing viva.reader-1.apk ......
Getting apk info from https://play.google.com/store/apps/details?id=viva.reader ......
Success to get info from Play Store
The lastest version of viva.reader-1.apk is  5.2.4  
Done processing viva.reader-1.apk
Time Spent:   0 Days 0 Hours 0 Minutes 5 Seconds

============================================================================


**************************************************************
All Done
Total Time:   0 Days 0 Hours 0 Minutes 5 Seconds
Result Location:               /home/Git-Apk/code_resource/script_hooks/scan_apk/scan_apk_version/results/AppInfo_2015-11-24-23-17-09.csv
**************************************************************
