Start processing app in list /home/Git-Apk/Updated_list from /home/Git-Apk/All_Apk  ......

============================================================================
1/23 Starting processing com.barclays.android.barclaysmobilebanking-1.apk ......
Getting apk info from https://play.google.com/store/apps/details?id=com.barclays.android.barclaysmobilebanking ......
Success to get info from Play Store
The lastest version of com.barclays.android.barclaysmobilebanking-1.apk is  1.22  
Done processing com.barclays.android.barclaysmobilebanking-1.apk
Time Spent:   0 Days 0 Hours 0 Minutes 5 Seconds

============================================================================
2/23 Starting processing com.cbs.app-1.apk ......
Getting apk info from https://play.google.com/store/apps/details?id=com.cbs.app ......
Success to get info from Play Store
The lastest version of com.cbs.app-1.apk is  2.5.0  
Done processing com.cbs.app-1.apk
Time Spent:   0 Days 0 Hours 0 Minutes 10 Seconds

============================================================================
3/23 Starting processing com.cmcm.locker-1.apk ......
Getting apk info from https://play.google.com/store/apps/details?id=com.cmcm.locker ......
Success to get info from Play Store
The lastest version of com.cmcm.locker-1.apk is  3.1.2  
Done processing com.cmcm.locker-1.apk
Time Spent:   0 Days 0 Hours 0 Minutes 16 Seconds

============================================================================
4/23 Starting processing com.ea.BejeweledBlitz_na-1.apk ......
Getting apk info from https://play.google.com/store/apps/details?id=com.ea.BejeweledBlitz_na ......
Success to get info from Play Store
The lastest version of com.ea.BejeweledBlitz_na-1.apk is  1.11.0.82  
Done processing com.ea.BejeweledBlitz_na-1.apk
Time Spent:   0 Days 0 Hours 0 Minutes 21 Seconds

============================================================================
5/23 Starting processing com.emoji.coolkeyboard-1.apk ......
Getting apk info from https://play.google.com/store/apps/details?id=com.emoji.coolkeyboard ......
Success to get info from Play Store
The lastest version of com.emoji.coolkeyboard-1.apk is  2.9.1  
Done processing com.emoji.coolkeyboard-1.apk
Time Spent:   0 Days 0 Hours 0 Minutes 25 Seconds

============================================================================
6/23 Starting processing com.google.android.apps.inbox-1.apk ......
Getting apk info from https://play.google.com/store/apps/details?id=com.google.android.apps.inbox ......
Success to get info from Play Store
The lastest version of com.google.android.apps.inbox-1.apk is 
Done processing com.google.android.apps.inbox-1.apk
Time Spent:   0 Days 0 Hours 0 Minutes 31 Seconds

============================================================================
7/23 Starting processing com.google.android.inputmethod.latin-1.apk ......
Getting apk info from https://play.google.com/store/apps/details?id=com.google.android.inputmethod.latin ......
Success to get info from Play Store
The lastest version of com.google.android.inputmethod.latin-1.apk is 
Done processing com.google.android.inputmethod.latin-1.apk
Time Spent:   0 Days 0 Hours 0 Minutes 40 Seconds

============================================================================
8/23 Starting processing com.hcg.cok.gp-1.apk ......
Getting apk info from https://play.google.com/store/apps/details?id=com.hcg.cok.gp ......
Success to get info from Play Store
The lastest version of com.hcg.cok.gp-1.apk is  1.0.99  
Done processing com.hcg.cok.gp-1.apk
Time Spent:   0 Days 0 Hours 0 Minutes 45 Seconds

============================================================================
9/23 Starting processing com.kabam.marvelbattle-1.apk ......
Getting apk info from https://play.google.com/store/apps/details?id=com.kabam.marvelbattle ......
Success to get info from Play Store
The lastest version of com.kabam.marvelbattle-1.apk is  4.0.0  
Done processing com.kabam.marvelbattle-1.apk
Time Spent:   0 Days 0 Hours 0 Minutes 47 Seconds

============================================================================
10/23 Starting processing com.king.petrescuesaga-1.apk ......
Getting apk info from https://play.google.com/store/apps/details?id=com.king.petrescuesaga ......
Success to get info from Play Store
The lastest version of com.king.petrescuesaga-1.apk is  1.48.6  
Done processing com.king.petrescuesaga-1.apk
Time Spent:   0 Days 0 Hours 0 Minutes 53 Seconds

============================================================================
11/23 Starting processing com.ksmobile.launcher-1.apk ......
Getting apk info from https://play.google.com/store/apps/details?id=com.ksmobile.launcher ......
Success to get info from Play Store
The lastest version of com.ksmobile.launcher-1.apk is  1.13.3  
Done processing com.ksmobile.launcher-1.apk
Time Spent:   0 Days 0 Hours 0 Minutes 55 Seconds

============================================================================
12/23 Starting processing com.miniclip.plagueinc-1.apk ......
Getting apk info from https://play.google.com/store/apps/details?id=com.miniclip.plagueinc ......
Success to get info from Play Store
The lastest version of com.miniclip.plagueinc-1.apk is  1.10.2  
Done processing com.miniclip.plagueinc-1.apk
Time Spent:   0 Days 0 Hours 1 Minutes 2 Seconds

============================================================================
13/23 Starting processing com.namcobandaigames.pacmantournaments-1.apk ......
Getting apk info from https://play.google.com/store/apps/details?id=com.namcobandaigames.pacmantournaments ......
Success to get info from Play Store
The lastest version of com.namcobandaigames.pacmantournaments-1.apk is  1.2.0  
Done processing com.namcobandaigames.pacmantournaments-1.apk
Time Spent:   0 Days 0 Hours 1 Minutes 8 Seconds

============================================================================
14/23 Starting processing com.omgpop.dstfree-1.apk ......
Getting apk info from https://play.google.com/store/apps/details?id=com.omgpop.dstfree ......
Success to get info from Play Store
The lastest version of com.omgpop.dstfree-1.apk is  2.333.315  
Done processing com.omgpop.dstfree-1.apk
Time Spent:   0 Days 0 Hours 1 Minutes 10 Seconds

============================================================================
15/23 Starting processing com.perk.scratchandwin.aphone-1.apk ......
Getting apk info from https://play.google.com/store/apps/details?id=com.perk.scratchandwin.aphone ......
Success to get info from Play Store
The lastest version of com.perk.scratchandwin.aphone-1.apk is  1.5.2  
Done processing com.perk.scratchandwin.aphone-1.apk
Time Spent:   0 Days 0 Hours 1 Minutes 16 Seconds

============================================================================
16/23 Starting processing com.playstudios.myvegas-1.apk ......
Getting apk info from https://play.google.com/store/apps/details?id=com.playstudios.myvegas ......
Success to get info from Play Store
The lastest version of com.playstudios.myvegas-1.apk is  1.18.0  
Done processing com.playstudios.myvegas-1.apk
Time Spent:   0 Days 0 Hours 1 Minutes 22 Seconds

============================================================================
17/23 Starting processing com.playtika.wsop.gp-1.apk ......
Getting apk info from https://play.google.com/store/apps/details?id=com.playtika.wsop.gp ......
Success to get info from Play Store
The lastest version of com.playtika.wsop.gp-1.apk is  2.9.2  
Done processing com.playtika.wsop.gp-1.apk
Time Spent:   0 Days 0 Hours 1 Minutes 28 Seconds

============================================================================
18/23 Starting processing com.vanderveergames.wotz-1.apk ......
Getting apk info from https://play.google.com/store/apps/details?id=com.vanderveergames.wotz ......
Success to get info from Play Store
The lastest version of com.vanderveergames.wotz-1.apk is  1.2.82  
Done processing com.vanderveergames.wotz-1.apk
Time Spent:   0 Days 0 Hours 1 Minutes 30 Seconds

============================================================================
19/23 Starting processing com.walmart.android-1.apk ......
Getting apk info from https://play.google.com/store/apps/details?id=com.walmart.android ......
Success to get info from Play Store
The lastest version of com.walmart.android-1.apk is    Varies with device  
Done processing com.walmart.android-1.apk
Time Spent:   0 Days 0 Hours 1 Minutes 33 Seconds

============================================================================
20/23 Starting processing com.waze-1.apk ......
Getting apk info from https://play.google.com/store/apps/details?id=com.waze ......
Success to get info from Play Store
The lastest version of com.waze-1.apk is    Varies with device  
Done processing com.waze-1.apk
Time Spent:   0 Days 0 Hours 1 Minutes 35 Seconds

============================================================================
21/23 Starting processing com.zynga.looney-1.apk ......
Getting apk info from https://play.google.com/store/apps/details?id=com.zynga.looney ......
Success to get info from Play Store
The lastest version of com.zynga.looney-1.apk is 
Done processing com.zynga.looney-1.apk
Time Spent:   0 Days 0 Hours 1 Minutes 40 Seconds

============================================================================
22/23 Starting processing me.tango.roadriot-1.apk ......
Getting apk info from https://play.google.com/store/apps/details?id=me.tango.roadriot ......
Success to get info from Play Store
The lastest version of me.tango.roadriot-1.apk is  1.23.21  
Done processing me.tango.roadriot-1.apk
Time Spent:   0 Days 0 Hours 1 Minutes 49 Seconds

============================================================================
23/23 Starting processing org.pbskids.wkwa-1.apk ......
Getting apk info from https://play.google.com/store/apps/details?id=org.pbskids.wkwa ......
Success to get info from Play Store
The lastest version of org.pbskids.wkwa-1.apk is  2.1  
Done processing org.pbskids.wkwa-1.apk
Time Spent:   0 Days 0 Hours 1 Minutes 59 Seconds

============================================================================


**************************************************************
All Done
Total Time:   0 Days 0 Hours 1 Minutes 59 Seconds
Result Location:               /home/Git-Apk/code_resource/script_hooks/scan_apk/scan_apk_version/results/AppInfo_2015-07-17-14-34-05.csv
**************************************************************
