Start processing app in list /home/Git-Apk/Updated_list from /home/Git-Apk/All_Apk  ......

============================================================================
1/6 Starting processing air.com.befunky.BeFunkyPhotoEditor-1.apk ......
Getting apk info from https://play.google.com/store/apps/details?id=air.com.befunky.BeFunkyPhotoEditor ......
Success to get info from Play Store
The lastest version of air.com.befunky.BeFunkyPhotoEditor-1.apk is  5.3.3  
Done processing air.com.befunky.BeFunkyPhotoEditor-1.apk
Time Spent:   0 Days 0 Hours 0 Minutes 3 Seconds

============================================================================
2/6 Starting processing air.com.puffballsunited.stealingthediamond-1.apk ......
Getting apk info from https://play.google.com/store/apps/details?id=air.com.puffballsunited.stealingthediamond ......
Success to get info from Play Store
The lastest version of air.com.puffballsunited.stealingthediamond-1.apk is  1.0  
Done processing air.com.puffballsunited.stealingthediamond-1.apk
Time Spent:   0 Days 0 Hours 0 Minutes 5 Seconds

============================================================================
3/6 Starting processing com.picadelic.fxguru-1.apk ......
Getting apk info from https://play.google.com/store/apps/details?id=com.picadelic.fxguru ......
Success to get info from Play Store
The lastest version of com.picadelic.fxguru-1.apk is  2.8.2  
Done processing com.picadelic.fxguru-1.apk
Time Spent:   0 Days 0 Hours 0 Minutes 8 Seconds

============================================================================
4/6 Starting processing com.sixtostart.superheroworkout-1.apk ......
Getting apk info from https://play.google.com/store/apps/details?id=com.sixtostart.superheroworkout ......
Success to get info from Play Store
The lastest version of com.sixtostart.superheroworkout-1.apk is  1.0.3  
Done processing com.sixtostart.superheroworkout-1.apk
Time Spent:   0 Days 0 Hours 0 Minutes 11 Seconds

============================================================================
5/6 Starting processing com.square_enix.android_googleplay.dq3_gp-1.apk ......
Getting apk info from https://play.google.com/store/apps/details?id=com.square_enix.android_googleplay.dq3_gp ......
Success to get info from Play Store
The lastest version of com.square_enix.android_googleplay.dq3_gp-1.apk is  1.0.0  
Done processing com.square_enix.android_googleplay.dq3_gp-1.apk
Time Spent:   0 Days 0 Hours 0 Minutes 17 Seconds

============================================================================
6/6 Starting processing uk.co.pixelspill.katatak.android-1.apk ......
Getting apk info from https://play.google.com/store/apps/details?id=uk.co.pixelspill.katatak.android ......
Success to get info from Play Store
The lastest version of uk.co.pixelspill.katatak.android-1.apk is  1.0.1  
Done processing uk.co.pixelspill.katatak.android-1.apk
Time Spent:   0 Days 0 Hours 0 Minutes 20 Seconds

============================================================================


**************************************************************
All Done
Total Time:   0 Days 0 Hours 0 Minutes 20 Seconds
Result Location:               /home/Git-Apk/code_resource/script_hooks/scan_apk/scan_apk_version/results/AppInfo_2015-01-09-10-30-33.csv
**************************************************************
