Start processing app in list /home/Git-Apk/Updated_list from /home/Git-Apk/All_Apk  ......

============================================================================
1/3 Starting processing com.fds.infiniteflight-1.apk ......
Getting apk info from https://play.google.com/store/apps/details?id=com.fds.infiniteflight ......
Success to get info from Play Store
The lastest version of com.fds.infiniteflight-1.apk is  15.12.0  
Done processing com.fds.infiniteflight-1.apk
Time Spent:   0 Days 0 Hours 0 Minutes 2 Seconds

============================================================================
2/3 Starting processing com.quvideo.xiaoying-1.apk ......
Getting apk info from https://play.google.com/store/apps/details?id=com.quvideo.xiaoying ......
Success to get info from Play Store
The lastest version of com.quvideo.xiaoying-1.apk is  4.5.0  
Done processing com.quvideo.xiaoying-1.apk
Time Spent:   0 Days 0 Hours 0 Minutes 4 Seconds

============================================================================
3/3 Starting processing com.sgiggle.production-1.apk ......
Getting apk info from https://play.google.com/store/apps/details?id=com.sgiggle.production ......
Success to get info from Play Store
The lastest version of com.sgiggle.production-1.apk is    Varies with device  
Done processing com.sgiggle.production-1.apk
Time Spent:   0 Days 0 Hours 0 Minutes 6 Seconds

============================================================================


**************************************************************
All Done
Total Time:   0 Days 0 Hours 0 Minutes 6 Seconds
Result Location:               /home/Git-Apk/code_resource/script_hooks/scan_apk/scan_apk_version/results/AppInfo_2015-12-17-23-16-40.csv
**************************************************************
