Start processing app in list /home/Git-Apk/Updated_list from /home/Git-Apk/All_Apk  ......

============================================================================
1/19 Starting processing air.au.com.metro.DumbWaysToDie2-1.apk ......
Getting apk info from https://play.google.com/store/apps/details?id=air.au.com.metro.DumbWaysToDie2 ......
Success to get info from Play Store
The lastest version of air.au.com.metro.DumbWaysToDie2-1.apk is  1.3.1  
Done processing air.au.com.metro.DumbWaysToDie2-1.apk
Time Spent:   0 Days 0 Hours 0 Minutes 5 Seconds

============================================================================
2/19 Starting processing air.com.sgn.cookiejam.gp-1.apk ......
Getting apk info from https://play.google.com/store/apps/details?id=air.com.sgn.cookiejam.gp ......
Success to get info from Play Store
The lastest version of air.com.sgn.cookiejam.gp-1.apk is 
Done processing air.com.sgn.cookiejam.gp-1.apk
Time Spent:   0 Days 0 Hours 0 Minutes 8 Seconds

============================================================================
3/19 Starting processing com.activision.callofduty.heroes-1.apk ......
Getting apk info from https://play.google.com/store/apps/details?id=com.activision.callofduty.heroes ......
Success to get info from Play Store
The lastest version of com.activision.callofduty.heroes-1.apk is  2.0.1  
Done processing com.activision.callofduty.heroes-1.apk
Time Spent:   0 Days 0 Hours 0 Minutes 12 Seconds

============================================================================
4/19 Starting processing com.fds.infiniteflight-1.apk ......
Getting apk info from https://play.google.com/store/apps/details?id=com.fds.infiniteflight ......
Success to get info from Play Store
The lastest version of com.fds.infiniteflight-1.apk is  15.10.3  
Done processing com.fds.infiniteflight-1.apk
Time Spent:   0 Days 0 Hours 0 Minutes 15 Seconds

============================================================================
5/19 Starting processing com.forthblue.pool-1.apk ......
Getting apk info from https://play.google.com/store/apps/details?id=com.forthblue.pool ......
Success to get info from Play Store
The lastest version of com.forthblue.pool-1.apk is  3.3  
Done processing com.forthblue.pool-1.apk
Time Spent:   0 Days 0 Hours 0 Minutes 18 Seconds

============================================================================
6/19 Starting processing com.igg.clashoflords2-1.apk ......
Getting apk info from https://play.google.com/store/apps/details?id=com.igg.clashoflords2 ......
Success to get info from Play Store
The lastest version of com.igg.clashoflords2-1.apk is  1.0.195  
Done processing com.igg.clashoflords2-1.apk
Time Spent:   0 Days 0 Hours 0 Minutes 24 Seconds

============================================================================
7/19 Starting processing com.king.candycrushsodasaga-1.apk ......
Getting apk info from https://play.google.com/store/apps/details?id=com.king.candycrushsodasaga ......
Success to get info from Play Store
The lastest version of com.king.candycrushsodasaga-1.apk is  1.54.9  
Done processing com.king.candycrushsodasaga-1.apk
Time Spent:   0 Days 0 Hours 0 Minutes 27 Seconds

============================================================================
8/19 Starting processing com.king.petrescuesaga-1.apk ......
Getting apk info from https://play.google.com/store/apps/details?id=com.king.petrescuesaga ......
Success to get info from Play Store
The lastest version of com.king.petrescuesaga-1.apk is  1.56.10  
Done processing com.king.petrescuesaga-1.apk
Time Spent:   0 Days 0 Hours 0 Minutes 30 Seconds

============================================================================
9/19 Starting processing com.midasplayer.apps.papapearsaga-1.apk ......
Getting apk info from https://play.google.com/store/apps/details?id=com.midasplayer.apps.papapearsaga ......
Success to get info from Play Store
The lastest version of com.midasplayer.apps.papapearsaga-1.apk is 
Done processing com.midasplayer.apps.papapearsaga-1.apk
Time Spent:   0 Days 0 Hours 0 Minutes 34 Seconds

============================================================================
10/19 Starting processing com.ninjakiwi.bloonstdbattles-1.apk ......
Getting apk info from https://play.google.com/store/apps/details?id=com.ninjakiwi.bloonstdbattles ......
Success to get info from Play Store
The lastest version of com.ninjakiwi.bloonstdbattles-1.apk is  3.2.1  
Done processing com.ninjakiwi.bloonstdbattles-1.apk
Time Spent:   0 Days 0 Hours 0 Minutes 36 Seconds

============================================================================
11/19 Starting processing com.pixelberrystudios.hssandroid-1.apk ......
Getting apk info from https://play.google.com/store/apps/details?id=com.pixelberrystudios.hssandroid ......
Success to get info from Play Store
The lastest version of com.pixelberrystudios.hssandroid-1.apk is  3.2.0  
Done processing com.pixelberrystudios.hssandroid-1.apk
Time Spent:   0 Days 0 Hours 0 Minutes 39 Seconds

============================================================================
12/19 Starting processing com.playtika.wsop.gp-1.apk ......
Getting apk info from https://play.google.com/store/apps/details?id=com.playtika.wsop.gp ......
Success to get info from Play Store
The lastest version of com.playtika.wsop.gp-1.apk is  2.11.0  
Done processing com.playtika.wsop.gp-1.apk
Time Spent:   0 Days 0 Hours 0 Minutes 41 Seconds

============================================================================
13/19 Starting processing com.tencent.Qfarm-1.apk ......
Getting apk info from https://play.google.com/store/apps/details?id=com.tencent.Qfarm ......
[ERROR] : Cannot find info of com.tencent.Qfarm-1.apk on https://play.google.com/store/apps/details?id=com.tencent.Qfarm !!!
Done processing com.tencent.Qfarm-1.apk
Time Spent:   0 Days 0 Hours 0 Minutes 42 Seconds

============================================================================
14/19 Starting processing com.tinyco.familyguy-1.apk ......
Getting apk info from https://play.google.com/store/apps/details?id=com.tinyco.familyguy ......
Success to get info from Play Store
The lastest version of com.tinyco.familyguy-1.apk is 
Done processing com.tinyco.familyguy-1.apk
Time Spent:   0 Days 0 Hours 0 Minutes 45 Seconds

============================================================================
15/19 Starting processing com.umonistudio.tile-1.apk ......
Getting apk info from https://play.google.com/store/apps/details?id=com.umonistudio.tile ......
Success to get info from Play Store
The lastest version of com.umonistudio.tile-1.apk is  3.4.7.2  
Done processing com.umonistudio.tile-1.apk
Time Spent:   0 Days 0 Hours 0 Minutes 48 Seconds

============================================================================
16/19 Starting processing jp.naver.lineplay.android-1.apk ......
Getting apk info from https://play.google.com/store/apps/details?id=jp.naver.lineplay.android ......
Success to get info from Play Store
The lastest version of jp.naver.lineplay.android-1.apk is  3.7.0.0  
Done processing jp.naver.lineplay.android-1.apk
Time Spent:   0 Days 0 Hours 0 Minutes 50 Seconds

============================================================================
17/19 Starting processing net.flixster.android-1.apk ......
Getting apk info from https://play.google.com/store/apps/details?id=net.flixster.android ......
Success to get info from Play Store
The lastest version of net.flixster.android-1.apk is    Varies with device  
Done processing net.flixster.android-1.apk
Time Spent:   0 Days 0 Hours 0 Minutes 53 Seconds

============================================================================
18/19 Starting processing sdg.game.grbr-1.apk ......
Getting apk info from https://play.google.com/store/apps/details?id=sdg.game.grbr ......
Success to get info from Play Store
The lastest version of sdg.game.grbr-1.apk is  1.0.8  
Done processing sdg.game.grbr-1.apk
Time Spent:   0 Days 0 Hours 0 Minutes 55 Seconds

============================================================================
19/19 Starting processing tunein.player-1.apk ......
Getting apk info from https://play.google.com/store/apps/details?id=tunein.player ......
Success to get info from Play Store
The lastest version of tunein.player-1.apk is    Varies with device  
Done processing tunein.player-1.apk
Time Spent:   0 Days 0 Hours 0 Minutes 59 Seconds

============================================================================


**************************************************************
All Done
Total Time:   0 Days 0 Hours 0 Minutes 59 Seconds
Result Location:               /home/Git-Apk/code_resource/script_hooks/scan_apk/scan_apk_version/results/AppInfo_2015-11-18-13-18-52.csv
**************************************************************
