Start processing app in list /home/Git-Apk/Updated_list from /home/Git-Apk/ARM-V8  ......

============================================================================
1/44 Starting processing com.androidsx.smileys-1.apk ......
Getting apk info from https://play.google.com/store/apps/details?id=com.androidsx.smileys ......
Success to get info from Play Store
The lastest version of com.androidsx.smileys-1.apk is  7.0.0  
Done processing com.androidsx.smileys-1.apk
Time Spent:   0 Days 0 Hours 0 Minutes 4 Seconds

============================================================================
2/44 Starting processing com.appspot.swisscodemonkeys.old-1.apk ......
Getting apk info from https://play.google.com/store/apps/details?id=com.appspot.swisscodemonkeys.old ......
Success to get info from Play Store
The lastest version of com.appspot.swisscodemonkeys.old-1.apk is  1.9  
Done processing com.appspot.swisscodemonkeys.old-1.apk
Time Spent:   0 Days 0 Hours 0 Minutes 8 Seconds

============================================================================
3/44 Starting processing com.apptornado.backgrounds-1.apk ......
Getting apk info from https://play.google.com/store/apps/details?id=com.apptornado.backgrounds ......
Success to get info from Play Store
The lastest version of com.apptornado.backgrounds-1.apk is  1.4  
Done processing com.apptornado.backgrounds-1.apk
Time Spent:   0 Days 0 Hours 0 Minutes 12 Seconds

============================================================================
4/44 Starting processing com.audaxis.mobile.sudpresse-1.apk ......
Getting apk info from https://play.google.com/store/apps/details?id=com.audaxis.mobile.sudpresse ......
Success to get info from Play Store
The lastest version of com.audaxis.mobile.sudpresse-1.apk is  1.0.12  
Done processing com.audaxis.mobile.sudpresse-1.apk
Time Spent:   0 Days 0 Hours 0 Minutes 15 Seconds

============================================================================
5/44 Starting processing com.audaxis.mobile.vdnnews-1.apk ......
Getting apk info from https://play.google.com/store/apps/details?id=com.audaxis.mobile.vdnnews ......
Success to get info from Play Store
The lastest version of com.audaxis.mobile.vdnnews-1.apk is  2.2.8  
Done processing com.audaxis.mobile.vdnnews-1.apk
Time Spent:   0 Days 0 Hours 0 Minutes 20 Seconds

============================================================================
6/44 Starting processing com.c4mprod.purepeople-1.apk ......
Getting apk info from https://play.google.com/store/apps/details?id=com.c4mprod.purepeople ......
Success to get info from Play Store
The lastest version of com.c4mprod.purepeople-1.apk is    Varies with device  
Done processing com.c4mprod.purepeople-1.apk
Time Spent:   0 Days 0 Hours 0 Minutes 24 Seconds

============================================================================
7/44 Starting processing com.devuni.flashlight-1.apk ......
Getting apk info from https://play.google.com/store/apps/details?id=com.devuni.flashlight ......
Success to get info from Play Store
The lastest version of com.devuni.flashlight-1.apk is  5.2.4  
Done processing com.devuni.flashlight-1.apk
Time Spent:   0 Days 0 Hours 0 Minutes 28 Seconds

============================================================================
8/44 Starting processing com.dotgears.swing-1.apk ......
Getting apk info from https://play.google.com/store/apps/details?id=com.dotgears.swing ......
Success to get info from Play Store
The lastest version of com.dotgears.swing-1.apk is  1.2.1  
Done processing com.dotgears.swing-1.apk
Time Spent:   0 Days 0 Hours 0 Minutes 30 Seconds

============================================================================
9/44 Starting processing com.edjing.edjingdjturntable-1.apk ......
Getting apk info from https://play.google.com/store/apps/details?id=com.edjing.edjingdjturntable ......
Success to get info from Play Store
The lastest version of com.edjing.edjingdjturntable-1.apk is  4.3.7  
Done processing com.edjing.edjingdjturntable-1.apk
Time Spent:   0 Days 0 Hours 0 Minutes 39 Seconds

============================================================================
10/44 Starting processing com.guidedways.iQuranPro-1.apk ......
Getting apk info from https://play.google.com/store/apps/details?id=com.guidedways.iQuranPro ......
Success to get info from Play Store
The lastest version of com.guidedways.iQuranPro-1.apk is  2.5.4  
Done processing com.guidedways.iQuranPro-1.apk
Time Spent:   0 Days 0 Hours 0 Minutes 48 Seconds

============================================================================
11/44 Starting processing com.internet.speed.meter.lite-1.apk ......
Getting apk info from https://play.google.com/store/apps/details?id=com.internet.speed.meter.lite ......
Success to get info from Play Store
The lastest version of com.internet.speed.meter.lite-1.apk is  1.2.11  
Done processing com.internet.speed.meter.lite-1.apk
Time Spent:   0 Days 0 Hours 0 Minutes 50 Seconds

============================================================================
12/44 Starting processing com.kbroad.filemanager-1.apk ......
Getting apk info from https://play.google.com/store/apps/details?id=com.kbroad.filemanager ......
[ERROR] : Cannot find info of com.kbroad.filemanager-1.apk on https://play.google.com/store/apps/details?id=com.kbroad.filemanager !!!
Done processing com.kbroad.filemanager-1.apk
Time Spent:   0 Days 0 Hours 0 Minutes 51 Seconds

============================================================================
13/44 Starting processing com.leo.appmaster-1.apk ......
Getting apk info from https://play.google.com/store/apps/details?id=com.leo.appmaster ......
Success to get info from Play Store
The lastest version of com.leo.appmaster-1.apk is  2.5  
Done processing com.leo.appmaster-1.apk
Time Spent:   0 Days 0 Hours 0 Minutes 53 Seconds

============================================================================
14/44 Starting processing com.lettrs.lettrs2-1.apk ......
Getting apk info from https://play.google.com/store/apps/details?id=com.lettrs.lettrs2 ......
Success to get info from Play Store
The lastest version of com.lettrs.lettrs2-1.apk is  1.6.7  
Done processing com.lettrs.lettrs2-1.apk
Time Spent:   0 Days 0 Hours 1 Minutes 0 Seconds

============================================================================
15/44 Starting processing com.magmamobile.game.checkers-1.apk ......
Getting apk info from https://play.google.com/store/apps/details?id=com.magmamobile.game.checkers ......
Success to get info from Play Store
The lastest version of com.magmamobile.game.checkers-1.apk is  1.0.16  
Done processing com.magmamobile.game.checkers-1.apk
Time Spent:   0 Days 0 Hours 1 Minutes 4 Seconds

============================================================================
16/44 Starting processing com.minhaseconomias-1.apk ......
Getting apk info from https://play.google.com/store/apps/details?id=com.minhaseconomias ......
Success to get info from Play Store
The lastest version of com.minhaseconomias-1.apk is  1.2.20  
Done processing com.minhaseconomias-1.apk
Time Spent:   0 Days 0 Hours 1 Minutes 7 Seconds

============================================================================
17/44 Starting processing com.nezdroid.mycardashboard-1.apk ......
Getting apk info from https://play.google.com/store/apps/details?id=com.nezdroid.mycardashboard ......
[ERROR] : Cannot find info of com.nezdroid.mycardashboard-1.apk on https://play.google.com/store/apps/details?id=com.nezdroid.mycardashboard !!!
Done processing com.nezdroid.mycardashboard-1.apk
Time Spent:   0 Days 0 Hours 1 Minutes 8 Seconds

============================================================================
18/44 Starting processing com.photofy.android-1.apk ......
Getting apk info from https://play.google.com/store/apps/details?id=com.photofy.android ......
Success to get info from Play Store
The lastest version of com.photofy.android-1.apk is 
Done processing com.photofy.android-1.apk
Time Spent:   0 Days 0 Hours 1 Minutes 12 Seconds

============================================================================
19/44 Starting processing com.quicinc.vellamo-1.apk ......
Getting apk info from https://play.google.com/store/apps/details?id=com.quicinc.vellamo ......
Success to get info from Play Store
The lastest version of com.quicinc.vellamo-1.apk is    Varies with device  
Done processing com.quicinc.vellamo-1.apk
Time Spent:   0 Days 0 Hours 1 Minutes 16 Seconds

============================================================================
20/44 Starting processing com.rightware.BasemarkOSII-1.apk ......
Getting apk info from https://play.google.com/store/apps/details?id=com.rightware.BasemarkOSII ......
Success to get info from Play Store
The lastest version of com.rightware.BasemarkOSII-1.apk is  2.0  
Done processing com.rightware.BasemarkOSII-1.apk
Time Spent:   0 Days 0 Hours 1 Minutes 21 Seconds

============================================================================
21/44 Starting processing com.ristomobile.picstory-1.apk ......
Getting apk info from https://play.google.com/store/apps/details?id=com.ristomobile.picstory ......
Success to get info from Play Store
The lastest version of com.ristomobile.picstory-1.apk is  5.7.1  
Done processing com.ristomobile.picstory-1.apk
Time Spent:   0 Days 0 Hours 1 Minutes 23 Seconds

============================================================================
22/44 Starting processing com.selvaraj.twoway.android-1.apk ......
Getting apk info from https://play.google.com/store/apps/details?id=com.selvaraj.twoway.android ......
Success to get info from Play Store
The lastest version of com.selvaraj.twoway.android-1.apk is  1.2.1  
Done processing com.selvaraj.twoway.android-1.apk
Time Spent:   0 Days 0 Hours 1 Minutes 27 Seconds

============================================================================
23/44 Starting processing com.sony.singstar-1.apk ......
Getting apk info from https://play.google.com/store/apps/details?id=com.sony.singstar ......
Success to get info from Play Store
The lastest version of com.sony.singstar-1.apk is  3.8  
Done processing com.sony.singstar-1.apk
Time Spent:   0 Days 0 Hours 1 Minutes 29 Seconds

============================================================================
24/44 Starting processing com.thorvpn.app-1.apk ......
Getting apk info from https://play.google.com/store/apps/details?id=com.thorvpn.app ......
Success to get info from Play Store
The lastest version of com.thorvpn.app-1.apk is  0.9.19  
Done processing com.thorvpn.app-1.apk
Time Spent:   0 Days 0 Hours 1 Minutes 35 Seconds

============================================================================
25/44 Starting processing com.tweakersoft.aroundme-1.apk ......
Getting apk info from https://play.google.com/store/apps/details?id=com.tweakersoft.aroundme ......
Success to get info from Play Store
The lastest version of com.tweakersoft.aroundme-1.apk is  5.0.3  
Done processing com.tweakersoft.aroundme-1.apk
Time Spent:   0 Days 0 Hours 1 Minutes 40 Seconds

============================================================================
26/44 Starting processing com.vpnintouch-1.apk ......
Getting apk info from https://play.google.com/store/apps/details?id=com.vpnintouch ......
Success to get info from Play Store
The lastest version of com.vpnintouch-1.apk is    Varies with device  
Done processing com.vpnintouch-1.apk
Time Spent:   0 Days 0 Hours 1 Minutes 45 Seconds

============================================================================
27/44 Starting processing com.vysionapps.niceeyesfree-1.apk ......
Getting apk info from https://play.google.com/store/apps/details?id=com.vysionapps.niceeyesfree ......
Success to get info from Play Store
The lastest version of com.vysionapps.niceeyesfree-1.apk is  v2.1.4  
Done processing com.vysionapps.niceeyesfree-1.apk
Time Spent:   0 Days 0 Hours 1 Minutes 49 Seconds

============================================================================
28/44 Starting processing com.yahoo.mobile.client.android.mail-1.apk ......
Getting apk info from https://play.google.com/store/apps/details?id=com.yahoo.mobile.client.android.mail ......
Success to get info from Play Store
The lastest version of com.yahoo.mobile.client.android.mail-1.apk is    Varies with device  
Done processing com.yahoo.mobile.client.android.mail-1.apk
Time Spent:   0 Days 0 Hours 1 Minutes 54 Seconds

============================================================================
29/44 Starting processing dk.coop.kvickly-1.apk ......
Getting apk info from https://play.google.com/store/apps/details?id=dk.coop.kvickly ......
Success to get info from Play Store
The lastest version of dk.coop.kvickly-1.apk is  2.1.6  
Done processing dk.coop.kvickly-1.apk
Time Spent:   0 Days 0 Hours 1 Minutes 55 Seconds

============================================================================
30/44 Starting processing dk.coop.superbrugsen-1.apk ......
Getting apk info from https://play.google.com/store/apps/details?id=dk.coop.superbrugsen ......
Success to get info from Play Store
The lastest version of dk.coop.superbrugsen-1.apk is  2.1.6  
Done processing dk.coop.superbrugsen-1.apk
Time Spent:   0 Days 0 Hours 1 Minutes 57 Seconds

============================================================================
31/44 Starting processing en.th.best.dict-1.apk ......
Getting apk info from https://play.google.com/store/apps/details?id=en.th.best.dict ......
Success to get info from Play Store
The lastest version of en.th.best.dict-1.apk is  1.11  
Done processing en.th.best.dict-1.apk
Time Spent:   0 Days 0 Hours 2 Minutes 4 Seconds

============================================================================
32/44 Starting processing in.huohua.Yuki-1.apk ......
Getting apk info from https://play.google.com/store/apps/details?id=in.huohua.Yuki ......
[ERROR] : Cannot find info of in.huohua.Yuki-1.apk on https://play.google.com/store/apps/details?id=in.huohua.Yuki !!!
Done processing in.huohua.Yuki-1.apk
Time Spent:   0 Days 0 Hours 2 Minutes 6 Seconds

============================================================================
33/44 Starting processing io.wifimap.wifimap-1.apk ......
Getting apk info from https://play.google.com/store/apps/details?id=io.wifimap.wifimap ......
Success to get info from Play Store
The lastest version of io.wifimap.wifimap-1.apk is  2.2.0  
Done processing io.wifimap.wifimap-1.apk
Time Spent:   0 Days 0 Hours 2 Minutes 7 Seconds

============================================================================
34/44 Starting processing jp.buffalo.aoss-1.apk ......
Getting apk info from https://play.google.com/store/apps/details?id=jp.buffalo.aoss ......
Success to get info from Play Store
The lastest version of jp.buffalo.aoss-1.apk is  2.0.6  
Done processing jp.buffalo.aoss-1.apk
Time Spent:   0 Days 0 Hours 2 Minutes 9 Seconds

============================================================================
35/44 Starting processing jp.gmo_media.diy_icon-1.apk ......
Getting apk info from https://play.google.com/store/apps/details?id=jp.gmo_media.diy_icon ......
Success to get info from Play Store
The lastest version of jp.gmo_media.diy_icon-1.apk is  1.5.4  
Done processing jp.gmo_media.diy_icon-1.apk
Time Spent:   0 Days 0 Hours 2 Minutes 18 Seconds

============================================================================
36/44 Starting processing larry.zou.colorfullife-1.apk ......
Getting apk info from https://play.google.com/store/apps/details?id=larry.zou.colorfullife ......
Success to get info from Play Store
The lastest version of larry.zou.colorfullife-1.apk is    Varies with device  
Done processing larry.zou.colorfullife-1.apk
Time Spent:   0 Days 0 Hours 2 Minutes 20 Seconds

============================================================================
37/44 Starting processing me.imid.fuubo-1.apk ......
Getting apk info from https://play.google.com/store/apps/details?id=me.imid.fuubo ......
Success to get info from Play Store
The lastest version of me.imid.fuubo-1.apk is  Fuubo_4  
Done processing me.imid.fuubo-1.apk
Time Spent:   0 Days 0 Hours 2 Minutes 26 Seconds

============================================================================
38/44 Starting processing net.openvpn.openvpn-1.apk ......
Getting apk info from https://play.google.com/store/apps/details?id=net.openvpn.openvpn ......
Success to get info from Play Store
The lastest version of net.openvpn.openvpn-1.apk is  1.1.16  
Done processing net.openvpn.openvpn-1.apk
Time Spent:   0 Days 0 Hours 2 Minutes 36 Seconds

============================================================================
39/44 Starting processing net.sharewire.buienradar.belgium-1.apk ......
Getting apk info from https://play.google.com/store/apps/details?id=net.sharewire.buienradar.belgium ......
Success to get info from Play Store
The lastest version of net.sharewire.buienradar.belgium-1.apk is  v1.0.1  
Done processing net.sharewire.buienradar.belgium-1.apk
Time Spent:   0 Days 0 Hours 2 Minutes 42 Seconds

============================================================================
40/44 Starting processing org.kde.necessitas.ministro-1.apk ......
Getting apk info from https://play.google.com/store/apps/details?id=org.kde.necessitas.ministro ......
Success to get info from Play Store
The lastest version of org.kde.necessitas.ministro-1.apk is  10.3  
Done processing org.kde.necessitas.ministro-1.apk
Time Spent:   0 Days 0 Hours 2 Minutes 46 Seconds

============================================================================
41/44 Starting processing play.mobogenie.news.market.lite-1.apk ......
Getting apk info from https://play.google.com/store/apps/details?id=play.mobogenie.news.market.lite ......
[ERROR] : Cannot find info of play.mobogenie.news.market.lite-1.apk on https://play.google.com/store/apps/details?id=play.mobogenie.news.market.lite !!!
Done processing play.mobogenie.news.market.lite-1.apk
Time Spent:   0 Days 0 Hours 2 Minutes 47 Seconds

============================================================================
42/44 Starting processing sg.sgag.android.app-1.apk ......
Getting apk info from https://play.google.com/store/apps/details?id=sg.sgag.android.app ......
Success to get info from Play Store
The lastest version of sg.sgag.android.app-1.apk is  1.0.6  
Done processing sg.sgag.android.app-1.apk
Time Spent:   0 Days 0 Hours 2 Minutes 51 Seconds

============================================================================
43/44 Starting processing yourapp24.android.tools.aivc-1.apk ......
Getting apk info from https://play.google.com/store/apps/details?id=yourapp24.android.tools.aivc ......
Success to get info from Play Store
The lastest version of yourapp24.android.tools.aivc-1.apk is  3.4  
Done processing yourapp24.android.tools.aivc-1.apk
Time Spent:   0 Days 0 Hours 2 Minutes 55 Seconds

============================================================================
44/44 Starting processing yourapp24.android.tools.alice_lite-1.apk ......
Getting apk info from https://play.google.com/store/apps/details?id=yourapp24.android.tools.alice_lite ......
Success to get info from Play Store
The lastest version of yourapp24.android.tools.alice_lite-1.apk is  3.4  
Done processing yourapp24.android.tools.alice_lite-1.apk
Time Spent:   0 Days 0 Hours 2 Minutes 59 Seconds

============================================================================


**************************************************************
All Done
Total Time:   0 Days 0 Hours 2 Minutes 59 Seconds
Result Location:               /home/Git-Apk/code_resource/script_hooks/scan_apk/scan_apk_version/results/AppInfo_2015-07-30-12-13-11.csv
**************************************************************
