Start processing app in list /home/Git-Apk/Updated_list from /home/Git-Apk/All_Apk  ......

============================================================================
1/11 Starting processing air.com.gamesys.mobile.slots.jpj-1.apk ......
Getting apk info from https://play.google.com/store/apps/details?id=air.com.gamesys.mobile.slots.jpj ......
Success to get info from Play Store
The lastest version of air.com.gamesys.mobile.slots.jpj-1.apk is 
Done processing air.com.gamesys.mobile.slots.jpj-1.apk
Time Spent:   0 Days 0 Hours 0 Minutes 0 Seconds

============================================================================
2/11 Starting processing air.com.sgn.cookiejam.gp-1.apk ......
Getting apk info from https://play.google.com/store/apps/details?id=air.com.sgn.cookiejam.gp ......
Success to get info from Play Store
The lastest version of air.com.sgn.cookiejam.gp-1.apk is 
Done processing air.com.sgn.cookiejam.gp-1.apk
Time Spent:   0 Days 0 Hours 0 Minutes 0 Seconds

============================================================================
3/11 Starting processing air.mwe.cookingcuteheartcupcakes-1.apk ......
Getting apk info from https://play.google.com/store/apps/details?id=air.mwe.cookingcuteheartcupcakes ......
Success to get info from Play Store
The lastest version of air.mwe.cookingcuteheartcupcakes-1.apk is 
Done processing air.mwe.cookingcuteheartcupcakes-1.apk
Time Spent:   0 Days 0 Hours 0 Minutes 1 Seconds

============================================================================
4/11 Starting processing com.autobattle.and.eternal-1.apk ......
Getting apk info from https://play.google.com/store/apps/details?id=com.autobattle.and.eternal ......
Success to get info from Play Store
The lastest version of com.autobattle.and.eternal-1.apk is 
Done processing com.autobattle.and.eternal-1.apk
Time Spent:   0 Days 0 Hours 0 Minutes 1 Seconds

============================================================================
5/11 Starting processing com.cardinalblue.piccollage.google-1.apk ......
Getting apk info from https://play.google.com/store/apps/details?id=com.cardinalblue.piccollage.google ......
Success to get info from Play Store
The lastest version of com.cardinalblue.piccollage.google-1.apk is 
Done processing com.cardinalblue.piccollage.google-1.apk
Time Spent:   0 Days 0 Hours 0 Minutes 1 Seconds

============================================================================
6/11 Starting processing com.ea.game.simcitymobile_row-1.apk ......
Getting apk info from https://play.google.com/store/apps/details?id=com.ea.game.simcitymobile_row ......
Success to get info from Play Store
The lastest version of com.ea.game.simcitymobile_row-1.apk is 
Done processing com.ea.game.simcitymobile_row-1.apk
Time Spent:   0 Days 0 Hours 0 Minutes 1 Seconds

============================================================================
7/11 Starting processing com.glu.contractkiller3-1.apk ......
Getting apk info from https://play.google.com/store/apps/details?id=com.glu.contractkiller3 ......
Success to get info from Play Store
The lastest version of com.glu.contractkiller3-1.apk is 
Done processing com.glu.contractkiller3-1.apk
Time Spent:   0 Days 0 Hours 0 Minutes 1 Seconds

============================================================================
8/11 Starting processing com.i6.FlightSimulatorAirplane3D-1.apk ......
Getting apk info from https://play.google.com/store/apps/details?id=com.i6.FlightSimulatorAirplane3D ......
Success to get info from Play Store
The lastest version of com.i6.FlightSimulatorAirplane3D-1.apk is 
Done processing com.i6.FlightSimulatorAirplane3D-1.apk
Time Spent:   0 Days 0 Hours 0 Minutes 2 Seconds

============================================================================
9/11 Starting processing com.ksmobile.cb-1.apk ......
Getting apk info from https://play.google.com/store/apps/details?id=com.ksmobile.cb ......
Success to get info from Play Store
The lastest version of com.ksmobile.cb-1.apk is 
Done processing com.ksmobile.cb-1.apk
Time Spent:   0 Days 0 Hours 0 Minutes 2 Seconds

============================================================================
10/11 Starting processing com.nekki.shadowfight-1.apk ......
Getting apk info from https://play.google.com/store/apps/details?id=com.nekki.shadowfight ......
Success to get info from Play Store
The lastest version of com.nekki.shadowfight-1.apk is 
Done processing com.nekki.shadowfight-1.apk
Time Spent:   0 Days 0 Hours 0 Minutes 2 Seconds

============================================================================
11/11 Starting processing com.starshipstudio.thesurvivor-1.apk ......
Getting apk info from https://play.google.com/store/apps/details?id=com.starshipstudio.thesurvivor ......
Success to get info from Play Store
The lastest version of com.starshipstudio.thesurvivor-1.apk is 
Done processing com.starshipstudio.thesurvivor-1.apk
Time Spent:   0 Days 0 Hours 0 Minutes 2 Seconds

============================================================================


**************************************************************
All Done
Total Time:   0 Days 0 Hours 0 Minutes 2 Seconds
Result Location:               /home/Git-Apk/code_resource/script_hooks/scan_apk/scan_apk_version/results/AppInfo_2015-04-14-13-55-46.csv
**************************************************************
