Start processing app in list /home/Git-Apk/Updated_list from /home/Git-Apk/All_Apk  ......

============================================================================
1/38 Starting processing air.com.puffballsunited.escapingtheprison-1.apk ......
Getting apk info from https://play.google.com/store/apps/details?id=air.com.puffballsunited.escapingtheprison ......
Success to get info from Play Store
The lastest version of air.com.puffballsunited.escapingtheprison-1.apk is  1.1.1  
Done processing air.com.puffballsunited.escapingtheprison-1.apk
Time Spent:   0 Days 0 Hours 0 Minutes 2 Seconds

============================================================================
2/38 Starting processing co.happybits.anyvideo.kik-1.apk ......
Getting apk info from https://play.google.com/store/apps/details?id=co.happybits.anyvideo.kik ......
Success to get info from Play Store
The lastest version of co.happybits.anyvideo.kik-1.apk is  1.2.1  
Done processing co.happybits.anyvideo.kik-1.apk
Time Spent:   0 Days 0 Hours 0 Minutes 4 Seconds

============================================================================
3/38 Starting processing com.MoNTE48.MultiCraft2-1.apk ......
Getting apk info from https://play.google.com/store/apps/details?id=com.MoNTE48.MultiCraft2 ......
Success to get info from Play Store
The lastest version of com.MoNTE48.MultiCraft2-1.apk is  1.3.1  
Done processing com.MoNTE48.MultiCraft2-1.apk
Time Spent:   0 Days 0 Hours 0 Minutes 6 Seconds

============================================================================
4/38 Starting processing com.apexappsdmcc.spottheshade-1.apk ......
Getting apk info from https://play.google.com/store/apps/details?id=com.apexappsdmcc.spottheshade ......
Success to get info from Play Store
The lastest version of com.apexappsdmcc.spottheshade-1.apk is  1.1.2  
Done processing com.apexappsdmcc.spottheshade-1.apk
Time Spent:   0 Days 0 Hours 0 Minutes 8 Seconds

============================================================================
5/38 Starting processing com.autobattle.and.eternal-1.apk ......
Getting apk info from https://play.google.com/store/apps/details?id=com.autobattle.and.eternal ......
Success to get info from Play Store
The lastest version of com.autobattle.and.eternal-1.apk is  2.6.30  
Done processing com.autobattle.and.eternal-1.apk
Time Spent:   0 Days 0 Hours 0 Minutes 10 Seconds

============================================================================
6/38 Starting processing com.bigfishgames.gummydropgoogle-1.apk ......
Getting apk info from https://play.google.com/store/apps/details?id=com.bigfishgames.gummydropgoogle ......
Success to get info from Play Store
The lastest version of com.bigfishgames.gummydropgoogle-1.apk is  1.4.1  
Done processing com.bigfishgames.gummydropgoogle-1.apk
Time Spent:   0 Days 0 Hours 0 Minutes 12 Seconds

============================================================================
7/38 Starting processing com.ea.game.pegglex_row-1.apk ......
Getting apk info from https://play.google.com/store/apps/details?id=com.ea.game.pegglex_row ......
Success to get info from Play Store
The lastest version of com.ea.game.pegglex_row-1.apk is  2.2.0  
Done processing com.ea.game.pegglex_row-1.apk
Time Spent:   0 Days 0 Hours 0 Minutes 15 Seconds

============================================================================
8/38 Starting processing com.feelingtouch.lightshadow.global-1.apk ......
Getting apk info from https://play.google.com/store/apps/details?id=com.feelingtouch.lightshadow.global ......
Success to get info from Play Store
The lastest version of com.feelingtouch.lightshadow.global-1.apk is  1.0.4  
Done processing com.feelingtouch.lightshadow.global-1.apk
Time Spent:   0 Days 0 Hours 0 Minutes 20 Seconds

============================================================================
9/38 Starting processing com.ffgames.sniper-1.apk ......
Getting apk info from https://play.google.com/store/apps/details?id=com.ffgames.sniper ......
Success to get info from Play Store
The lastest version of com.ffgames.sniper-1.apk is  1.7  
Done processing com.ffgames.sniper-1.apk
Time Spent:   0 Days 0 Hours 0 Minutes 25 Seconds

============================================================================
10/38 Starting processing com.fivestargames.slotsxmas-1.apk ......
Getting apk info from https://play.google.com/store/apps/details?id=com.fivestargames.slotsxmas ......
Success to get info from Play Store
The lastest version of com.fivestargames.slotsxmas-1.apk is  1.03  
Done processing com.fivestargames.slotsxmas-1.apk
Time Spent:   0 Days 0 Hours 0 Minutes 29 Seconds

============================================================================
11/38 Starting processing com.fungamestudio.bingo-1.apk ......
Getting apk info from https://play.google.com/store/apps/details?id=com.fungamestudio.bingo ......
Success to get info from Play Store
The lastest version of com.fungamestudio.bingo-1.apk is  1.1.1  
Done processing com.fungamestudio.bingo-1.apk
Time Spent:   0 Days 0 Hours 0 Minutes 33 Seconds

============================================================================
12/38 Starting processing com.icoolme.android.weather-1.apk ......
Getting apk info from https://play.google.com/store/apps/details?id=com.icoolme.android.weather ......
Success to get info from Play Store
The lastest version of com.icoolme.android.weather-1.apk is  3.02.013.20141214  
Done processing com.icoolme.android.weather-1.apk
Time Spent:   0 Days 0 Hours 0 Minutes 37 Seconds

============================================================================
13/38 Starting processing com.kakapo.slotspro-1.apk ......
Getting apk info from https://play.google.com/store/apps/details?id=com.kakapo.slotspro ......
Success to get info from Play Store
The lastest version of com.kakapo.slotspro-1.apk is  1.04  
Done processing com.kakapo.slotspro-1.apk
Time Spent:   0 Days 0 Hours 0 Minutes 42 Seconds

============================================================================
14/38 Starting processing com.king.petrescuesaga-1.apk ......
Getting apk info from https://play.google.com/store/apps/details?id=com.king.petrescuesaga ......
Success to get info from Play Store
The lastest version of com.king.petrescuesaga-1.apk is  1.36.3  
Done processing com.king.petrescuesaga-1.apk
Time Spent:   0 Days 0 Hours 0 Minutes 47 Seconds

============================================================================
15/38 Starting processing com.ksmobile.launcher-1.apk ......
Getting apk info from https://play.google.com/store/apps/details?id=com.ksmobile.launcher ......
Success to get info from Play Store
The lastest version of com.ksmobile.launcher-1.apk is  1.1.6  
Done processing com.ksmobile.launcher-1.apk
Time Spent:   0 Days 0 Hours 0 Minutes 51 Seconds

============================================================================
16/38 Starting processing com.mastercomlimited.racethetrafficmoto-1.apk ......
Getting apk info from https://play.google.com/store/apps/details?id=com.mastercomlimited.racethetrafficmoto ......
Success to get info from Play Store
The lastest version of com.mastercomlimited.racethetrafficmoto-1.apk is  1.0.5  
Done processing com.mastercomlimited.racethetrafficmoto-1.apk
Time Spent:   0 Days 0 Hours 0 Minutes 56 Seconds

============================================================================
17/38 Starting processing com.mgstudio.bg-1.apk ......
Getting apk info from https://play.google.com/store/apps/details?id=com.mgstudio.bg ......
Success to get info from Play Store
The lastest version of com.mgstudio.bg-1.apk is  2.36  
Done processing com.mgstudio.bg-1.apk
Time Spent:   0 Days 0 Hours 1 Minutes 0 Seconds

============================================================================
18/38 Starting processing com.mobage.ww.a1903.SWTD_Android-1.apk ......
Getting apk info from https://play.google.com/store/apps/details?id=com.mobage.ww.a1903.SWTD_Android ......
Success to get info from Play Store
The lastest version of com.mobage.ww.a1903.SWTD_Android-1.apk is  1.2.1  
Done processing com.mobage.ww.a1903.SWTD_Android-1.apk
Time Spent:   0 Days 0 Hours 1 Minutes 5 Seconds

============================================================================
19/38 Starting processing com.mobirix.brick-1.apk ......
Getting apk info from https://play.google.com/store/apps/details?id=com.mobirix.brick ......
Success to get info from Play Store
The lastest version of com.mobirix.brick-1.apk is  1.0.4  
Done processing com.mobirix.brick-1.apk
Time Spent:   0 Days 0 Hours 1 Minutes 9 Seconds

============================================================================
20/38 Starting processing com.mobirix.dragonseal-1.apk ......
Getting apk info from https://play.google.com/store/apps/details?id=com.mobirix.dragonseal ......
Success to get info from Play Store
The lastest version of com.mobirix.dragonseal-1.apk is  2.9.3  
Done processing com.mobirix.dragonseal-1.apk
Time Spent:   0 Days 0 Hours 1 Minutes 14 Seconds

============================================================================
21/38 Starting processing com.mydream.wifi-1.apk ......
Getting apk info from https://play.google.com/store/apps/details?id=com.mydream.wifi ......
Success to get info from Play Store
The lastest version of com.mydream.wifi-1.apk is  2.8.3  
Done processing com.mydream.wifi-1.apk
Time Spent:   0 Days 0 Hours 1 Minutes 17 Seconds

============================================================================
22/38 Starting processing com.naturalmotion.jenga-1.apk ......
Getting apk info from https://play.google.com/store/apps/details?id=com.naturalmotion.jenga ......
Success to get info from Play Store
The lastest version of com.naturalmotion.jenga-1.apk is  1.835  
Done processing com.naturalmotion.jenga-1.apk
Time Spent:   0 Days 0 Hours 1 Minutes 22 Seconds

============================================================================
23/38 Starting processing com.nomadgames.talisman-1.apk ......
Getting apk info from https://play.google.com/store/apps/details?id=com.nomadgames.talisman ......
Success to get info from Play Store
The lastest version of com.nomadgames.talisman-1.apk is  5.004  
Done processing com.nomadgames.talisman-1.apk
Time Spent:   0 Days 0 Hours 1 Minutes 26 Seconds

============================================================================
24/38 Starting processing com.pikpok.kikfg-1.apk ......
Getting apk info from https://play.google.com/store/apps/details?id=com.pikpok.kikfg ......
Success to get info from Play Store
The lastest version of com.pikpok.kikfg-1.apk is  1.10.1  
Done processing com.pikpok.kikfg-1.apk
Time Spent:   0 Days 0 Hours 1 Minutes 31 Seconds

============================================================================
25/38 Starting processing com.prgames.texasholdem.goldenpoker-1.apk ......
Getting apk info from https://play.google.com/store/apps/details?id=com.prgames.texasholdem.goldenpoker ......
Success to get info from Play Store
The lastest version of com.prgames.texasholdem.goldenpoker-1.apk is  1.01  
Done processing com.prgames.texasholdem.goldenpoker-1.apk
Time Spent:   0 Days 0 Hours 1 Minutes 35 Seconds

============================================================================
26/38 Starting processing com.sabzira.PianoTiles-1.apk ......
Getting apk info from https://play.google.com/store/apps/details?id=com.sabzira.PianoTiles ......
Success to get info from Play Store
The lastest version of com.sabzira.PianoTiles-1.apk is  1.0.18  
Done processing com.sabzira.PianoTiles-1.apk
Time Spent:   0 Days 0 Hours 1 Minutes 39 Seconds

============================================================================
27/38 Starting processing com.slingmedia.slingPlayer-1.apk ......
Getting apk info from https://play.google.com/store/apps/details?id=com.slingmedia.slingPlayer ......
Success to get info from Play Store
The lastest version of com.slingmedia.slingPlayer-1.apk is    Varies with device  
Done processing com.slingmedia.slingPlayer-1.apk
Time Spent:   0 Days 0 Hours 1 Minutes 43 Seconds

============================================================================
28/38 Starting processing com.tamalaki.hogmysterysociety-1.apk ......
Getting apk info from https://play.google.com/store/apps/details?id=com.tamalaki.hogmysterysociety ......
Success to get info from Play Store
The lastest version of com.tamalaki.hogmysterysociety-1.apk is  1.4.0  
Done processing com.tamalaki.hogmysterysociety-1.apk
Time Spent:   0 Days 0 Hours 1 Minutes 48 Seconds

============================================================================
29/38 Starting processing com.tap4fun.reignofwar-1.apk ......
Getting apk info from https://play.google.com/store/apps/details?id=com.tap4fun.reignofwar ......
Success to get info from Play Store
The lastest version of com.tap4fun.reignofwar-1.apk is  1.1.0  
Done processing com.tap4fun.reignofwar-1.apk
Time Spent:   0 Days 0 Hours 1 Minutes 53 Seconds

============================================================================
30/38 Starting processing com.teamlava.petshop40-1.apk ......
Getting apk info from https://play.google.com/store/apps/details?id=com.teamlava.petshop40 ......
Success to get info from Play Store
The lastest version of com.teamlava.petshop40-1.apk is  1.0.6.6  
Done processing com.teamlava.petshop40-1.apk
Time Spent:   0 Days 0 Hours 1 Minutes 58 Seconds

============================================================================
31/38 Starting processing com.tp.android.lmaternitydoctor-1.apk ......
Getting apk info from https://play.google.com/store/apps/details?id=com.tp.android.lmaternitydoctor ......
Success to get info from Play Store
The lastest version of com.tp.android.lmaternitydoctor-1.apk is  1.0.8  
Done processing com.tp.android.lmaternitydoctor-1.apk
Time Spent:   0 Days 0 Hours 2 Minutes 3 Seconds

============================================================================
32/38 Starting processing com.uken.BingoPop-1.apk ......
Getting apk info from https://play.google.com/store/apps/details?id=com.uken.BingoPop ......
Success to get info from Play Store
The lastest version of com.uken.BingoPop-1.apk is  2.0.28  
Done processing com.uken.BingoPop-1.apk
Time Spent:   0 Days 0 Hours 2 Minutes 7 Seconds

============================================================================
33/38 Starting processing com.yodo1.crossyroad-1.apk ......
Getting apk info from https://play.google.com/store/apps/details?id=com.yodo1.crossyroad ......
Success to get info from Play Store
The lastest version of com.yodo1.crossyroad-1.apk is  1.0.2  
Done processing com.yodo1.crossyroad-1.apk
Time Spent:   0 Days 0 Hours 2 Minutes 11 Seconds

============================================================================
34/38 Starting processing com.yx.boxinghero-1.apk ......
Getting apk info from https://play.google.com/store/apps/details?id=com.yx.boxinghero ......
Success to get info from Play Store
The lastest version of com.yx.boxinghero-1.apk is  1.0.4  
Done processing com.yx.boxinghero-1.apk
Time Spent:   0 Days 0 Hours 2 Minutes 16 Seconds

============================================================================
35/38 Starting processing fm.qingting.qtradio-1.apk ......
Getting apk info from https://play.google.com/store/apps/details?id=fm.qingting.qtradio ......
Success to get info from Play Store
The lastest version of fm.qingting.qtradio-1.apk is  4.6.2  
Done processing fm.qingting.qtradio-1.apk
Time Spent:   0 Days 0 Hours 2 Minutes 20 Seconds

============================================================================
36/38 Starting processing itembox.crayfish.playhouse-1.apk ......
Getting apk info from https://play.google.com/store/apps/details?id=itembox.crayfish.playhouse ......
Success to get info from Play Store
The lastest version of itembox.crayfish.playhouse-1.apk is    Varies with device  
Done processing itembox.crayfish.playhouse-1.apk
Time Spent:   0 Days 0 Hours 2 Minutes 24 Seconds

============================================================================
37/38 Starting processing net.HypercraftSarl.WCMF-1.apk ......
Getting apk info from https://play.google.com/store/apps/details?id=net.HypercraftSarl.WCMF ......
Success to get info from Play Store
The lastest version of net.HypercraftSarl.WCMF-1.apk is  1.0.0  
Done processing net.HypercraftSarl.WCMF-1.apk
Time Spent:   0 Days 0 Hours 2 Minutes 28 Seconds

============================================================================
38/38 Starting processing tv.pps.mobile-1.apk ......
Getting apk info from https://play.google.com/store/apps/details?id=tv.pps.mobile ......
Success to get info from Play Store
The lastest version of tv.pps.mobile-1.apk is  3.8.0  
Done processing tv.pps.mobile-1.apk
Time Spent:   0 Days 0 Hours 2 Minutes 32 Seconds

============================================================================


**************************************************************
All Done
Total Time:   0 Days 0 Hours 2 Minutes 32 Seconds
Result Location:               /home/Git-Apk/code_resource/script_hooks/scan_apk/scan_apk_version/results/AppInfo_2015-02-03-10-54-34.csv
**************************************************************
