Start processing app in list /home/Git-Apk/Updated_list from /home/Git-Apk/All_Apk  ......

============================================================================
1/3 Starting processing com.gamevil.darknessreborn2.android.google.global.normal-1.apk ......
Getting apk info from https://play.google.com/store/apps/details?id=com.gamevil.darknessreborn2.android.google.global.normal ......
Success to get info from Play Store
The lastest version of com.gamevil.darknessreborn2.android.google.global.normal-1.apk is  1.3.0  
Done processing com.gamevil.darknessreborn2.android.google.global.normal-1.apk
Time Spent:   0 Days 0 Hours 0 Minutes 3 Seconds

============================================================================
2/3 Starting processing com.zynga.looney-1.apk ......
Getting apk info from https://play.google.com/store/apps/details?id=com.zynga.looney ......
Success to get info from Play Store
The lastest version of com.zynga.looney-1.apk is    Varies with device  
Done processing com.zynga.looney-1.apk
Time Spent:   0 Days 0 Hours 0 Minutes 5 Seconds

============================================================================
3/3 Starting processing jp.co.translimit.brainwars-1.apk ......
Getting apk info from https://play.google.com/store/apps/details?id=jp.co.translimit.brainwars ......
Success to get info from Play Store
The lastest version of jp.co.translimit.brainwars-1.apk is  1.0.56  
Done processing jp.co.translimit.brainwars-1.apk
Time Spent:   0 Days 0 Hours 0 Minutes 7 Seconds

============================================================================


**************************************************************
All Done
Total Time:   0 Days 0 Hours 0 Minutes 7 Seconds
Result Location:               /home/Git-Apk/code_resource/script_hooks/scan_apk/scan_apk_version/results/AppInfo_2015-12-07-23-18-36.csv
**************************************************************
