Start processing app in list /home/Git-Apk/Updated_list from /home/Git-Apk/All_Apk  ......

============================================================================
1/5 Starting processing com.mojang.minecraftpe-1.apk ......
Getting apk info from https://play.google.com/store/apps/details?id=com.mojang.minecraftpe ......
Success to get info from Play Store
The lastest version of com.mojang.minecraftpe-1.apk is    Varies with device  
Done processing com.mojang.minecraftpe-1.apk
Time Spent:   0 Days 0 Hours 0 Minutes 3 Seconds

============================================================================
2/5 Starting processing com.pixel.gun3d-1.apk ......
Getting apk info from https://play.google.com/store/apps/details?id=com.pixel.gun3d ......
Success to get info from Play Store
The lastest version of com.pixel.gun3d-1.apk is  9.0.8  
Done processing com.pixel.gun3d-1.apk
Time Spent:   0 Days 0 Hours 0 Minutes 7 Seconds

============================================================================
3/5 Starting processing com.playtika.wsop.gp-1.apk ......
Getting apk info from https://play.google.com/store/apps/details?id=com.playtika.wsop.gp ......
Success to get info from Play Store
The lastest version of com.playtika.wsop.gp-1.apk is  2.7.3  
Done processing com.playtika.wsop.gp-1.apk
Time Spent:   0 Days 0 Hours 0 Minutes 10 Seconds

============================================================================
4/5 Starting processing com.wooga.jelly_splash-1.apk ......
Getting apk info from https://play.google.com/store/apps/details?id=com.wooga.jelly_splash ......
Success to get info from Play Store
The lastest version of com.wooga.jelly_splash-1.apk is    Varies with device  
Done processing com.wooga.jelly_splash-1.apk
Time Spent:   0 Days 0 Hours 0 Minutes 14 Seconds

============================================================================
5/5 Starting processing com.zeroteam.zerolauncher-1.apk ......
Getting apk info from https://play.google.com/store/apps/details?id=com.zeroteam.zerolauncher ......
Success to get info from Play Store
The lastest version of com.zeroteam.zerolauncher-1.apk is  2.21  
Done processing com.zeroteam.zerolauncher-1.apk
Time Spent:   0 Days 0 Hours 0 Minutes 17 Seconds

============================================================================


**************************************************************
All Done
Total Time:   0 Days 0 Hours 0 Minutes 17 Seconds
Result Location:               /home/Git-Apk/code_resource/script_hooks/scan_apk/scan_apk_version/results/AppInfo_2015-01-14-13-04-37.csv
**************************************************************
