Start processing app in list /home/Git-Apk/Updated_list from /home/Git-Apk/All_Apk  ......

============================================================================
1/2 Starting processing com.tongcheng.android-1.apk ......
Getting apk info from https://play.google.com/store/apps/details?id=com.tongcheng.android ......
Success to get info from Play Store
The lastest version of com.tongcheng.android-1.apk is  6.6.0  
Done processing com.tongcheng.android-1.apk
Time Spent:   0 Days 0 Hours 0 Minutes 1 Seconds

============================================================================
2/2 Starting processing org.cocos2d.fishingjoy3.qihu-1.apk ......
Getting apk info from https://play.google.com/store/apps/details?id=org.cocos2d.fishingjoy3.qihu ......
[ERROR] : Cannot find info of org.cocos2d.fishingjoy3.qihu-1.apk on https://play.google.com/store/apps/details?id=org.cocos2d.fishingjoy3.qihu !!!
Done processing org.cocos2d.fishingjoy3.qihu-1.apk
Time Spent:   0 Days 0 Hours 0 Minutes 3 Seconds

============================================================================


**************************************************************
All Done
Total Time:   0 Days 0 Hours 0 Minutes 3 Seconds
Result Location:               /home/Git-Apk/code_resource/script_hooks/scan_apk/scan_apk_version/results/AppInfo_2015-01-16-16-43-59.csv
**************************************************************
