Start processing app in list /home/Git-Apk/Updated_list from /home/Git-Apk/Baidu  ......

============================================================================
1/5 Starting processing com.feelingtouch.hellzombie-1.apk ......
Getting apk info from https://play.google.com/store/apps/details?id=com.feelingtouch.hellzombie ......
Success to get info from Play Store
The lastest version of com.feelingtouch.hellzombie-1.apk is  1.06  
Done processing com.feelingtouch.hellzombie-1.apk
Time Spent:   0 Days 0 Hours 0 Minutes 4 Seconds

============================================================================
2/5 Starting processing com.hz.game.cd-1.apk ......
Getting apk info from https://play.google.com/store/apps/details?id=com.hz.game.cd ......
Success to get info from Play Store
The lastest version of com.hz.game.cd-1.apk is  1.6.1  
Done processing com.hz.game.cd-1.apk
Time Spent:   0 Days 0 Hours 0 Minutes 7 Seconds

============================================================================
3/5 Starting processing com.uwan.lf-1.apk ......
Getting apk info from https://play.google.com/store/apps/details?id=com.uwan.lf ......
[ERROR] : Cannot find info of com.uwan.lf-1.apk on https://play.google.com/store/apps/details?id=com.uwan.lf !!!
Done processing com.uwan.lf-1.apk
Time Spent:   0 Days 0 Hours 0 Minutes 8 Seconds

============================================================================
4/5 Starting processing com.uwan.lf.duoku-1.apk ......
Getting apk info from https://play.google.com/store/apps/details?id=com.uwan.lf.duoku ......
[ERROR] : Cannot find info of com.uwan.lf.duoku-1.apk on https://play.google.com/store/apps/details?id=com.uwan.lf.duoku !!!
Done processing com.uwan.lf.duoku-1.apk
Time Spent:   0 Days 0 Hours 0 Minutes 9 Seconds

============================================================================
5/5 Starting processing com.yodo1.ctr2.LIANXIANG_01-1.apk ......
Getting apk info from https://play.google.com/store/apps/details?id=com.yodo1.ctr2.LIANXIANG_01 ......
[ERROR] : Cannot find info of com.yodo1.ctr2.LIANXIANG_01-1.apk on https://play.google.com/store/apps/details?id=com.yodo1.ctr2.LIANXIANG_01 !!!
Done processing com.yodo1.ctr2.LIANXIANG_01-1.apk
Time Spent:   0 Days 0 Hours 0 Minutes 11 Seconds

============================================================================


**************************************************************
All Done
Total Time:   0 Days 0 Hours 0 Minutes 11 Seconds
Result Location:               /home/Git-Apk/code_resource/script_hooks/scan_apk/scan_apk_version/results/AppInfo_2015-08-26-17-29-48.csv
**************************************************************
