Start processing app in list /home/Git-Apk/Updated_list from /home/Git-Apk/Baidu  ......

============================================================================
1/2 Starting processing com.mymoney-1.apk ......
Getting apk info from https://play.google.com/store/apps/details?id=com.mymoney ......
Success to get info from Play Store
The lastest version of com.mymoney-1.apk is 
Done processing com.mymoney-1.apk
Time Spent:   0 Days 0 Hours 0 Minutes 0 Seconds

============================================================================
2/2 Starting processing fm.qingting.qtradio-1.apk ......
Getting apk info from https://play.google.com/store/apps/details?id=fm.qingting.qtradio ......
Success to get info from Play Store
The lastest version of fm.qingting.qtradio-1.apk is 
Done processing fm.qingting.qtradio-1.apk
Time Spent:   0 Days 0 Hours 0 Minutes 0 Seconds

============================================================================


**************************************************************
All Done
Total Time:   0 Days 0 Hours 0 Minutes 0 Seconds
Result Location:               /home/Git-Apk/code_resource/script_hooks/scan_apk/scan_apk_version/results/AppInfo_2015-03-30-10-11-16.csv
**************************************************************
