Start processing app in list /home/Git-Apk/Updated_list from /home/Git-Apk/All_Apk  ......

============================================================================
1/20 Starting processing air.com.differencegames.hopumpkinpatchfree-1.apk ......
Getting apk info from https://play.google.com/store/apps/details?id=air.com.differencegames.hopumpkinpatchfree ......
Success to get info from Play Store
The lastest version of air.com.differencegames.hopumpkinpatchfree-1.apk is  1.0.7  
Done processing air.com.differencegames.hopumpkinpatchfree-1.apk
Time Spent:   0 Days 0 Hours 0 Minutes 3 Seconds

============================================================================
2/20 Starting processing com.cleanmaster.security-1.apk ......
Getting apk info from https://play.google.com/store/apps/details?id=com.cleanmaster.security ......
Success to get info from Play Store
The lastest version of com.cleanmaster.security-1.apk is    Varies with device  
Done processing com.cleanmaster.security-1.apk
Time Spent:   0 Days 0 Hours 0 Minutes 5 Seconds

============================================================================
3/20 Starting processing com.emoji.coolkeyboard-1.apk ......
Getting apk info from https://play.google.com/store/apps/details?id=com.emoji.coolkeyboard ......
Success to get info from Play Store
The lastest version of com.emoji.coolkeyboard-1.apk is    Varies with device  
Done processing com.emoji.coolkeyboard-1.apk
Time Spent:   0 Days 0 Hours 0 Minutes 9 Seconds

============================================================================
4/20 Starting processing com.emoji.ikeyboard-1.apk ......
Getting apk info from https://play.google.com/store/apps/details?id=com.emoji.ikeyboard ......
Success to get info from Play Store
The lastest version of com.emoji.ikeyboard-1.apk is    Varies with device  
Done processing com.emoji.ikeyboard-1.apk
Time Spent:   0 Days 0 Hours 0 Minutes 13 Seconds

============================================================================
5/20 Starting processing com.etermax.kingdoms-1.apk ......
Getting apk info from https://play.google.com/store/apps/details?id=com.etermax.kingdoms ......
Success to get info from Play Store
The lastest version of com.etermax.kingdoms-1.apk is  1.0.8  
Done processing com.etermax.kingdoms-1.apk
Time Spent:   0 Days 0 Hours 0 Minutes 17 Seconds

============================================================================
6/20 Starting processing com.fireflygames.dungeoncrash-1.apk ......
Getting apk info from https://play.google.com/store/apps/details?id=com.fireflygames.dungeoncrash ......
Success to get info from Play Store
The lastest version of com.fireflygames.dungeoncrash-1.apk is  1.1.1  
Done processing com.fireflygames.dungeoncrash-1.apk
Time Spent:   0 Days 0 Hours 0 Minutes 21 Seconds

============================================================================
7/20 Starting processing com.glu.sniperx-1.apk ......
Getting apk info from https://play.google.com/store/apps/details?id=com.glu.sniperx ......
Success to get info from Play Store
The lastest version of com.glu.sniperx-1.apk is  1.1.0  
Done processing com.glu.sniperx-1.apk
Time Spent:   0 Days 0 Hours 0 Minutes 25 Seconds

============================================================================
8/20 Starting processing com.king.candycrushsaga-1.apk ......
Getting apk info from https://play.google.com/store/apps/details?id=com.king.candycrushsaga ......
Success to get info from Play Store
The lastest version of com.king.candycrushsaga-1.apk is  1.65.0.2  
Done processing com.king.candycrushsaga-1.apk
Time Spent:   0 Days 0 Hours 0 Minutes 28 Seconds

============================================================================
9/20 Starting processing com.mavenhut.solitaire.championships-1.apk ......
Getting apk info from https://play.google.com/store/apps/details?id=com.mavenhut.solitaire.championships ......
Success to get info from Play Store
The lastest version of com.mavenhut.solitaire.championships-1.apk is  1.17.422  
Done processing com.mavenhut.solitaire.championships-1.apk
Time Spent:   0 Days 0 Hours 0 Minutes 32 Seconds

============================================================================
10/20 Starting processing com.mss.zombie.dozer.coin.monster.google-1.apk ......
Getting apk info from https://play.google.com/store/apps/details?id=com.mss.zombie.dozer.coin.monster.google ......
Success to get info from Play Store
The lastest version of com.mss.zombie.dozer.coin.monster.google-1.apk is  1.0.2  
Done processing com.mss.zombie.dozer.coin.monster.google-1.apk
Time Spent:   0 Days 0 Hours 0 Minutes 36 Seconds

============================================================================
11/20 Starting processing com.nextvictory.bubbleshooter-1.apk ......
Getting apk info from https://play.google.com/store/apps/details?id=com.nextvictory.bubbleshooter ......
Success to get info from Play Store
The lastest version of com.nextvictory.bubbleshooter-1.apk is  1.6.18  
Done processing com.nextvictory.bubbleshooter-1.apk
Time Spent:   0 Days 0 Hours 0 Minutes 41 Seconds

============================================================================
12/20 Starting processing com.noodlecake.framed-1.apk ......
Getting apk info from https://play.google.com/store/apps/details?id=com.noodlecake.framed ......
Success to get info from Play Store
The lastest version of com.noodlecake.framed-1.apk is  1.2  
Done processing com.noodlecake.framed-1.apk
Time Spent:   0 Days 0 Hours 0 Minutes 45 Seconds

============================================================================
13/20 Starting processing com.omgpop.dstfree-1.apk ......
Getting apk info from https://play.google.com/store/apps/details?id=com.omgpop.dstfree ......
Success to get info from Play Store
The lastest version of com.omgpop.dstfree-1.apk is  2.333.321  
Done processing com.omgpop.dstfree-1.apk
Time Spent:   0 Days 0 Hours 0 Minutes 49 Seconds

============================================================================
14/20 Starting processing com.outfit7.tomsjetski-1.apk ......
Getting apk info from https://play.google.com/store/apps/details?id=com.outfit7.tomsjetski ......
Success to get info from Play Store
The lastest version of com.outfit7.tomsjetski-1.apk is  1.0.1  
Done processing com.outfit7.tomsjetski-1.apk
Time Spent:   0 Days 0 Hours 0 Minutes 53 Seconds

============================================================================
15/20 Starting processing com.perk.scratchandwin.aphone-1.apk ......
Getting apk info from https://play.google.com/store/apps/details?id=com.perk.scratchandwin.aphone ......
Success to get info from Play Store
The lastest version of com.perk.scratchandwin.aphone-1.apk is  1.6.0  
Done processing com.perk.scratchandwin.aphone-1.apk
Time Spent:   0 Days 0 Hours 0 Minutes 56 Seconds

============================================================================
16/20 Starting processing com.perplelab.hod-1.apk ......
Getting apk info from https://play.google.com/store/apps/details?id=com.perplelab.hod ......
Success to get info from Play Store
The lastest version of com.perplelab.hod-1.apk is  1.0.8  
Done processing com.perplelab.hod-1.apk
Time Spent:   0 Days 0 Hours 1 Minutes 0 Seconds

============================================================================
17/20 Starting processing com.playfirst.cookingdashx-1.apk ......
Getting apk info from https://play.google.com/store/apps/details?id=com.playfirst.cookingdashx ......
Success to get info from Play Store
The lastest version of com.playfirst.cookingdashx-1.apk is  1.8.5  
Done processing com.playfirst.cookingdashx-1.apk
Time Spent:   0 Days 0 Hours 1 Minutes 2 Seconds

============================================================================
18/20 Starting processing com.sm.popTheLock-1.apk ......
Getting apk info from https://play.google.com/store/apps/details?id=com.sm.popTheLock ......
Success to get info from Play Store
The lastest version of com.sm.popTheLock-1.apk is  1.4.2  
Done processing com.sm.popTheLock-1.apk
Time Spent:   0 Days 0 Hours 1 Minutes 7 Seconds

============================================================================
19/20 Starting processing com.youku.phone-1.apk ......
Getting apk info from https://play.google.com/store/apps/details?id=com.youku.phone ......
Success to get info from Play Store
The lastest version of com.youku.phone-1.apk is  5.2  
Done processing com.youku.phone-1.apk
Time Spent:   0 Days 0 Hours 1 Minutes 10 Seconds

============================================================================
20/20 Starting processing net.apex_designs.payback2-1.apk ......
Getting apk info from https://play.google.com/store/apps/details?id=net.apex_designs.payback2 ......
Success to get info from Play Store
The lastest version of net.apex_designs.payback2-1.apk is  2.89  
Done processing net.apex_designs.payback2-1.apk
Time Spent:   0 Days 0 Hours 1 Minutes 12 Seconds

============================================================================


**************************************************************
All Done
Total Time:   0 Days 0 Hours 1 Minutes 12 Seconds
Result Location:               /home/Git-Apk/code_resource/script_hooks/scan_apk/scan_apk_version/results/AppInfo_2015-12-03-11-13-58.csv
**************************************************************
