Start processing app in list /home/Git-Apk/Updated_list from /home/Git-Apk/ARM-V8  ......

============================================================================
1/18 Starting processing at.asfinag.unterwegs-1.apk ......
Getting apk info from https://play.google.com/store/apps/details?id=at.asfinag.unterwegs ......
Success to get info from Play Store
The lastest version of at.asfinag.unterwegs-1.apk is  3.0.0  
Done processing at.asfinag.unterwegs-1.apk
Time Spent:   0 Days 0 Hours 0 Minutes 4 Seconds

============================================================================
2/18 Starting processing br.uol.noticias-1.apk ......
Getting apk info from https://play.google.com/store/apps/details?id=br.uol.noticias ......
Success to get info from Play Store
The lastest version of br.uol.noticias-1.apk is  1.5.0  
Done processing br.uol.noticias-1.apk
Time Spent:   0 Days 0 Hours 0 Minutes 6 Seconds

============================================================================
3/18 Starting processing com.androidsx.heliumvideochanger.vintage-1.apk ......
Getting apk info from https://play.google.com/store/apps/details?id=com.androidsx.heliumvideochanger.vintage ......
Success to get info from Play Store
The lastest version of com.androidsx.heliumvideochanger.vintage-1.apk is  0.4.6  
Done processing com.androidsx.heliumvideochanger.vintage-1.apk
Time Spent:   0 Days 0 Hours 0 Minutes 11 Seconds

============================================================================
4/18 Starting processing com.bork.dsp.datuna-1.apk ......
Getting apk info from https://play.google.com/store/apps/details?id=com.bork.dsp.datuna ......
Success to get info from Play Store
The lastest version of com.bork.dsp.datuna-1.apk is  3.54  
Done processing com.bork.dsp.datuna-1.apk
Time Spent:   0 Days 0 Hours 0 Minutes 14 Seconds

============================================================================
5/18 Starting processing com.buuuk.st_tablet-1.apk ......
Getting apk info from https://play.google.com/store/apps/details?id=com.buuuk.st_tablet ......
Success to get info from Play Store
The lastest version of com.buuuk.st_tablet-1.apk is    Varies with device  
Done processing com.buuuk.st_tablet-1.apk
Time Spent:   0 Days 0 Hours 0 Minutes 19 Seconds

============================================================================
6/18 Starting processing com.evac.tsu-1.apk ......
Getting apk info from https://play.google.com/store/apps/details?id=com.evac.tsu ......
Success to get info from Play Store
The lastest version of com.evac.tsu-1.apk is  2.0.4  
Done processing com.evac.tsu-1.apk
Time Spent:   0 Days 0 Hours 0 Minutes 23 Seconds

============================================================================
7/18 Starting processing com.freevpnintouch-1.apk ......
Getting apk info from https://play.google.com/store/apps/details?id=com.freevpnintouch ......
Success to get info from Play Store
The lastest version of com.freevpnintouch-1.apk is  2.4.7  
Done processing com.freevpnintouch-1.apk
Time Spent:   0 Days 0 Hours 0 Minutes 27 Seconds

============================================================================
8/18 Starting processing com.kaname.surya.android.strangecamera-1.apk ......
Getting apk info from https://play.google.com/store/apps/details?id=com.kaname.surya.android.strangecamera ......
Success to get info from Play Store
The lastest version of com.kaname.surya.android.strangecamera-1.apk is  3.4  
Done processing com.kaname.surya.android.strangecamera-1.apk
Time Spent:   0 Days 0 Hours 0 Minutes 31 Seconds

============================================================================
9/18 Starting processing com.nzn.tdg-1.apk ......
Getting apk info from https://play.google.com/store/apps/details?id=com.nzn.tdg ......
Success to get info from Play Store
The lastest version of com.nzn.tdg-1.apk is    Varies with device  
Done processing com.nzn.tdg-1.apk
Time Spent:   0 Days 0 Hours 0 Minutes 34 Seconds

============================================================================
10/18 Starting processing com.trello-1.apk ......
Getting apk info from https://play.google.com/store/apps/details?id=com.trello ......
Success to get info from Play Store
The lastest version of com.trello-1.apk is  3.3.3.841  
Done processing com.trello-1.apk
Time Spent:   0 Days 0 Hours 0 Minutes 38 Seconds

============================================================================
11/18 Starting processing com.tunnelbear.android-1.apk ......
Getting apk info from https://play.google.com/store/apps/details?id=com.tunnelbear.android ......
Success to get info from Play Store
The lastest version of com.tunnelbear.android-1.apk is  v111  
Done processing com.tunnelbear.android-1.apk
Time Spent:   0 Days 0 Hours 0 Minutes 41 Seconds

============================================================================
12/18 Starting processing com.upwork.android-1.apk ......
Getting apk info from https://play.google.com/store/apps/details?id=com.upwork.android ......
Success to get info from Play Store
The lastest version of com.upwork.android-1.apk is  1.0.3  
Done processing com.upwork.android-1.apk
Time Spent:   0 Days 0 Hours 0 Minutes 45 Seconds

============================================================================
13/18 Starting processing com.vemma-1.apk ......
Getting apk info from https://play.google.com/store/apps/details?id=com.vemma ......
Success to get info from Play Store
The lastest version of com.vemma-1.apk is  5.6  
Done processing com.vemma-1.apk
Time Spent:   0 Days 0 Hours 0 Minutes 50 Seconds

============================================================================
14/18 Starting processing com.veooz-1.apk ......
Getting apk info from https://play.google.com/store/apps/details?id=com.veooz ......
Success to get info from Play Store
The lastest version of com.veooz-1.apk is  1.8  
Done processing com.veooz-1.apk
Time Spent:   0 Days 0 Hours 0 Minutes 52 Seconds

============================================================================
15/18 Starting processing com.voice.changer.monte.sounds-1.apk ......
Getting apk info from https://play.google.com/store/apps/details?id=com.voice.changer.monte.sounds ......
Success to get info from Play Store
The lastest version of com.voice.changer.monte.sounds-1.apk is  1.4  
Done processing com.voice.changer.monte.sounds-1.apk
Time Spent:   0 Days 0 Hours 0 Minutes 56 Seconds

============================================================================
16/18 Starting processing kr.co.rinasoft.howuse-1.apk ......
Getting apk info from https://play.google.com/store/apps/details?id=kr.co.rinasoft.howuse ......
Success to get info from Play Store
The lastest version of kr.co.rinasoft.howuse-1.apk is  3.8.8  
Done processing kr.co.rinasoft.howuse-1.apk
Time Spent:   0 Days 0 Hours 1 Minutes 0 Seconds

============================================================================
17/18 Starting processing tv.twitch.android.app-1.apk ......
Getting apk info from https://play.google.com/store/apps/details?id=tv.twitch.android.app ......
Success to get info from Play Store
The lastest version of tv.twitch.android.app-1.apk is  4.1.1  
Done processing tv.twitch.android.app-1.apk
Time Spent:   0 Days 0 Hours 1 Minutes 3 Seconds

============================================================================
18/18 Starting processing vn.tracau.android-1.apk ......
Getting apk info from https://play.google.com/store/apps/details?id=vn.tracau.android ......
Success to get info from Play Store
The lastest version of vn.tracau.android-1.apk is    Varies with device  
Done processing vn.tracau.android-1.apk
Time Spent:   0 Days 0 Hours 1 Minutes 5 Seconds

============================================================================


**************************************************************
All Done
Total Time:   0 Days 0 Hours 1 Minutes 5 Seconds
Result Location:               /home/Git-Apk/code_resource/script_hooks/scan_apk/scan_apk_version/results/AppInfo_2015-07-08-12-43-55.csv
**************************************************************
