Start processing app in list /home/Git-Apk/Updated_list from /home/Git-Apk/All_Apk  ......

============================================================================
1/2 Starting processing com.hulu.plus-1.apk ......
Getting apk info from https://play.google.com/store/apps/details?id=com.hulu.plus ......
Success to get info from Play Store
The lastest version of com.hulu.plus-1.apk is  2.21.2.202378  
Done processing com.hulu.plus-1.apk
Time Spent:   0 Days 0 Hours 0 Minutes 3 Seconds

============================================================================
2/2 Starting processing com.king.paradisebay-1.apk ......
Getting apk info from https://play.google.com/store/apps/details?id=com.king.paradisebay ......
Success to get info from Play Store
The lastest version of com.king.paradisebay-1.apk is  1.3.0.578  
Done processing com.king.paradisebay-1.apk
Time Spent:   0 Days 0 Hours 0 Minutes 6 Seconds

============================================================================


**************************************************************
All Done
Total Time:   0 Days 0 Hours 0 Minutes 6 Seconds
Result Location:               /home/Git-Apk/code_resource/script_hooks/scan_apk/scan_apk_version/results/AppInfo_2015-10-09-14-09-59.csv
**************************************************************
