Start processing app in list /home/Git-Apk/Updated_list from /home/Git-Apk/Baidu  ......

============================================================================
1/4 Starting processing com.cubic.choosecar-1.apk ......
Getting apk info from https://play.google.com/store/apps/details?id=com.cubic.choosecar ......
Success to get info from Play Store
The lastest version of com.cubic.choosecar-1.apk is  3.9.15  
Done processing com.cubic.choosecar-1.apk
Time Spent:   0 Days 0 Hours 0 Minutes 2 Seconds

============================================================================
2/4 Starting processing com.kingsoft-1.apk ......
Getting apk info from https://play.google.com/store/apps/details?id=com.kingsoft ......
Success to get info from Play Store
The lastest version of com.kingsoft-1.apk is  8.2.5  
Done processing com.kingsoft-1.apk
Time Spent:   0 Days 0 Hours 0 Minutes 5 Seconds

============================================================================
3/4 Starting processing com.tencent.WBlog-1.apk ......
Getting apk info from https://play.google.com/store/apps/details?id=com.tencent.WBlog ......
Success to get info from Play Store
The lastest version of com.tencent.WBlog-1.apk is  6.1.2  
Done processing com.tencent.WBlog-1.apk
Time Spent:   0 Days 0 Hours 0 Minutes 7 Seconds

============================================================================
4/4 Starting processing com.yx-1.apk ......
Getting apk info from https://play.google.com/store/apps/details?id=com.yx ......
[ERROR] : Cannot find info of com.yx-1.apk on https://play.google.com/store/apps/details?id=com.yx !!!
Done processing com.yx-1.apk
Time Spent:   0 Days 0 Hours 0 Minutes 9 Seconds

============================================================================


**************************************************************
All Done
Total Time:   0 Days 0 Hours 0 Minutes 9 Seconds
Result Location:               /home/Git-Apk/code_resource/script_hooks/scan_apk/scan_apk_version/results/AppInfo_2015-11-23-14-55-42.csv
**************************************************************
