Start processing app in list /home/Git-Apk/Updated_list from /home/Git-Apk/Baidu  ......

============================================================================
1/7 Starting processing com.android.coolwind-1.apk ......
Getting apk info from https://play.google.com/store/apps/details?id=com.android.coolwind ......
[ERROR] : Cannot find info of com.android.coolwind-1.apk on https://play.google.com/store/apps/details?id=com.android.coolwind !!!
Done processing com.android.coolwind-1.apk
Time Spent:   0 Days 0 Hours 0 Minutes 1 Seconds

============================================================================
2/7 Starting processing com.app.hero.ui-1.apk ......
Getting apk info from https://play.google.com/store/apps/details?id=com.app.hero.ui ......
Success to get info from Play Store
The lastest version of com.app.hero.ui-1.apk is  5.1.7.3  
Done processing com.app.hero.ui-1.apk
Time Spent:   0 Days 0 Hours 0 Minutes 4 Seconds

============================================================================
3/7 Starting processing com.huawei.phoneservice-1.apk ......
Getting apk info from https://play.google.com/store/apps/details?id=com.huawei.phoneservice ......
Success to get info from Play Store
The lastest version of com.huawei.phoneservice-1.apk is  1.30.211.I  
Done processing com.huawei.phoneservice-1.apk
Time Spent:   0 Days 0 Hours 0 Minutes 7 Seconds

============================================================================
4/7 Starting processing com.locojoy.baidu.immt_a_chs-1.apk ......
Getting apk info from https://play.google.com/store/apps/details?id=com.locojoy.baidu.immt_a_chs ......
[ERROR] : Cannot find info of com.locojoy.baidu.immt_a_chs-1.apk on https://play.google.com/store/apps/details?id=com.locojoy.baidu.immt_a_chs !!!
Done processing com.locojoy.baidu.immt_a_chs-1.apk
Time Spent:   0 Days 0 Hours 0 Minutes 9 Seconds

============================================================================
5/7 Starting processing com.u9time.jltx.baidu-1.apk ......
Getting apk info from https://play.google.com/store/apps/details?id=com.u9time.jltx.baidu ......
[ERROR] : Cannot find info of com.u9time.jltx.baidu-1.apk on https://play.google.com/store/apps/details?id=com.u9time.jltx.baidu !!!
Done processing com.u9time.jltx.baidu-1.apk
Time Spent:   0 Days 0 Hours 0 Minutes 10 Seconds

============================================================================
6/7 Starting processing fm.jihua.kecheng-1.apk ......
Getting apk info from https://play.google.com/store/apps/details?id=fm.jihua.kecheng ......
Success to get info from Play Store
The lastest version of fm.jihua.kecheng-1.apk is  6.1  
Done processing fm.jihua.kecheng-1.apk
Time Spent:   0 Days 0 Hours 0 Minutes 13 Seconds

============================================================================
7/7 Starting processing sh.lilith.dgame.DK-1.apk ......
Getting apk info from https://play.google.com/store/apps/details?id=sh.lilith.dgame.DK ......
[ERROR] : Cannot find info of sh.lilith.dgame.DK-1.apk on https://play.google.com/store/apps/details?id=sh.lilith.dgame.DK !!!
Done processing sh.lilith.dgame.DK-1.apk
Time Spent:   0 Days 0 Hours 0 Minutes 15 Seconds

============================================================================


**************************************************************
All Done
Total Time:   0 Days 0 Hours 0 Minutes 15 Seconds
Result Location:               /home/Git-Apk/code_resource/script_hooks/scan_apk/scan_apk_version/results/AppInfo_2015-05-18-17-48-05.csv
**************************************************************
