Start processing app in list /home/Git-Apk/Updated_list from /home/Git-Apk/All_Apk  ......

============================================================================
1/152 Starting processing air.HardTime-1.apk ......
Getting apk info from https://play.google.com/store/apps/details?id=air.HardTime ......
Success to get info from Play Store
The lastest version of air.HardTime-1.apk is  1.260  
Done processing air.HardTime-1.apk
Time Spent:   0 Days 0 Hours 0 Minutes 4 Seconds

============================================================================
2/152 Starting processing air.MSPMobile-1.apk ......
Getting apk info from https://play.google.com/store/apps/details?id=air.MSPMobile ......
Success to get info from Play Store
The lastest version of air.MSPMobile-1.apk is  10.0  
Done processing air.MSPMobile-1.apk
Time Spent:   0 Days 0 Hours 0 Minutes 8 Seconds

============================================================================
3/152 Starting processing air.SchoolPublic-1.apk ......
Getting apk info from https://play.google.com/store/apps/details?id=air.SchoolPublic ......
Success to get info from Play Store
The lastest version of air.SchoolPublic-1.apk is  1.070  
Done processing air.SchoolPublic-1.apk
Time Spent:   0 Days 0 Hours 0 Minutes 12 Seconds

============================================================================
4/152 Starting processing air.com.buffalo_studios.newflashbingo-1.apk ......
Getting apk info from https://play.google.com/store/apps/details?id=air.com.buffalo_studios.newflashbingo ......
Success to get info from Play Store
The lastest version of air.com.buffalo_studios.newflashbingo-1.apk is  3.18.0  
Done processing air.com.buffalo_studios.newflashbingo-1.apk
Time Spent:   0 Days 0 Hours 0 Minutes 16 Seconds

============================================================================
5/152 Starting processing air.com.differencegames.hoherecomesthebridefree-1.apk ......
Getting apk info from https://play.google.com/store/apps/details?id=air.com.differencegames.hoherecomesthebridefree ......
Success to get info from Play Store
The lastest version of air.com.differencegames.hoherecomesthebridefree-1.apk is  1.0.14  
Done processing air.com.differencegames.hoherecomesthebridefree-1.apk
Time Spent:   0 Days 0 Hours 0 Minutes 21 Seconds

============================================================================
6/152 Starting processing air.com.flowplay.FringoMobile-1.apk ......
Getting apk info from https://play.google.com/store/apps/details?id=air.com.flowplay.FringoMobile ......
Success to get info from Play Store
The lastest version of air.com.flowplay.FringoMobile-1.apk is  1.0.106  
Done processing air.com.flowplay.FringoMobile-1.apk
Time Spent:   0 Days 0 Hours 0 Minutes 24 Seconds

============================================================================
7/152 Starting processing air.com.goda.games.closeupcharacter-1.apk ......
Getting apk info from https://play.google.com/store/apps/details?id=air.com.goda.games.closeupcharacter ......
Success to get info from Play Store
The lastest version of air.com.goda.games.closeupcharacter-1.apk is  1.1.1  
Done processing air.com.goda.games.closeupcharacter-1.apk
Time Spent:   0 Days 0 Hours 0 Minutes 28 Seconds

============================================================================
8/152 Starting processing air.com.goodgamestudios.empirefourkingdoms-1.apk ......
Getting apk info from https://play.google.com/store/apps/details?id=air.com.goodgamestudios.empirefourkingdoms ......
Success to get info from Play Store
The lastest version of air.com.goodgamestudios.empirefourkingdoms-1.apk is 
Done processing air.com.goodgamestudios.empirefourkingdoms-1.apk
Time Spent:   0 Days 0 Hours 0 Minutes 31 Seconds

============================================================================
9/152 Starting processing air.com.kitchenscramble.goo-1.apk ......
Getting apk info from https://play.google.com/store/apps/details?id=air.com.kitchenscramble.goo ......
Success to get info from Play Store
The lastest version of air.com.kitchenscramble.goo-1.apk is  1.9.0  
Done processing air.com.kitchenscramble.goo-1.apk
Time Spent:   0 Days 0 Hours 0 Minutes 35 Seconds

============================================================================
10/152 Starting processing air.com.mobigrow.canyouescape-1.apk ......
Getting apk info from https://play.google.com/store/apps/details?id=air.com.mobigrow.canyouescape ......
Success to get info from Play Store
The lastest version of air.com.mobigrow.canyouescape-1.apk is  1.2.6  
Done processing air.com.mobigrow.canyouescape-1.apk
Time Spent:   0 Days 0 Hours 0 Minutes 39 Seconds

============================================================================
11/152 Starting processing air.com.pearsoned.poptropica-1.apk ......
Getting apk info from https://play.google.com/store/apps/details?id=air.com.pearsoned.poptropica ......
Success to get info from Play Store
The lastest version of air.com.pearsoned.poptropica-1.apk is  2.14.6  
Done processing air.com.pearsoned.poptropica-1.apk
Time Spent:   0 Days 0 Hours 0 Minutes 43 Seconds

============================================================================
12/152 Starting processing air.com.playtika.slotomania-1.apk ......
Getting apk info from https://play.google.com/store/apps/details?id=air.com.playtika.slotomania ......
Success to get info from Play Store
The lastest version of air.com.playtika.slotomania-1.apk is 
Done processing air.com.playtika.slotomania-1.apk
Time Spent:   0 Days 0 Hours 0 Minutes 47 Seconds

============================================================================
13/152 Starting processing air.com.r2gamesusa.clickerheroes-1.apk ......
Getting apk info from https://play.google.com/store/apps/details?id=air.com.r2gamesusa.clickerheroes ......
Success to get info from Play Store
The lastest version of air.com.r2gamesusa.clickerheroes-1.apk is  1.0.92  
Done processing air.com.r2gamesusa.clickerheroes-1.apk
Time Spent:   0 Days 0 Hours 0 Minutes 50 Seconds

============================================================================
14/152 Starting processing air.com.sgn.bookoflife.gp-1.apk ......
Getting apk info from https://play.google.com/store/apps/details?id=air.com.sgn.bookoflife.gp ......
Success to get info from Play Store
The lastest version of air.com.sgn.bookoflife.gp-1.apk is  2.103.130.08051711  
Done processing air.com.sgn.bookoflife.gp-1.apk
Time Spent:   0 Days 0 Hours 0 Minutes 54 Seconds

============================================================================
15/152 Starting processing air.com.sgn.cookiejam.gp-1.apk ......
Getting apk info from https://play.google.com/store/apps/details?id=air.com.sgn.cookiejam.gp ......
Success to get info from Play Store
The lastest version of air.com.sgn.cookiejam.gp-1.apk is 
Done processing air.com.sgn.cookiejam.gp-1.apk
Time Spent:   0 Days 0 Hours 1 Minutes 0 Seconds

============================================================================
16/152 Starting processing air.com.sgn.juicejam.gp-1.apk ......
Getting apk info from https://play.google.com/store/apps/details?id=air.com.sgn.juicejam.gp ......
Success to get info from Play Store
The lastest version of air.com.sgn.juicejam.gp-1.apk is  1.9.12  
Done processing air.com.sgn.juicejam.gp-1.apk
Time Spent:   0 Days 0 Hours 1 Minutes 5 Seconds

============================================================================
17/152 Starting processing air.com.toystudio.casinotower-1.apk ......
Getting apk info from https://play.google.com/store/apps/details?id=air.com.toystudio.casinotower ......
Success to get info from Play Store
The lastest version of air.com.toystudio.casinotower-1.apk is  3.1.0  
Done processing air.com.toystudio.casinotower-1.apk
Time Spent:   0 Days 0 Hours 1 Minutes 8 Seconds

============================================================================
18/152 Starting processing air.com.tutotoons.app.sweetbabygirltwinsisterscare.free-1.apk ......
Getting apk info from https://play.google.com/store/apps/details?id=air.com.tutotoons.app.sweetbabygirltwinsisterscare.free ......
Success to get info from Play Store
The lastest version of air.com.tutotoons.app.sweetbabygirltwinsisterscare.free-1.apk is  1.0.7  
Done processing air.com.tutotoons.app.sweetbabygirltwinsisterscare.free-1.apk
Time Spent:   0 Days 0 Hours 1 Minutes 13 Seconds

============================================================================
19/152 Starting processing br.com.rodrigokolb.realdrum-1.apk ......
Getting apk info from https://play.google.com/store/apps/details?id=br.com.rodrigokolb.realdrum ......
Success to get info from Play Store
The lastest version of br.com.rodrigokolb.realdrum-1.apk is  6.8  
Done processing br.com.rodrigokolb.realdrum-1.apk
Time Spent:   0 Days 0 Hours 1 Minutes 18 Seconds

============================================================================
20/152 Starting processing br.com.tapps.deardiary-1.apk ......
Getting apk info from https://play.google.com/store/apps/details?id=br.com.tapps.deardiary ......
Success to get info from Play Store
The lastest version of br.com.tapps.deardiary-1.apk is  1.1.0  
Done processing br.com.tapps.deardiary-1.apk
Time Spent:   0 Days 0 Hours 1 Minutes 22 Seconds

============================================================================
21/152 Starting processing br.com.tapps.myboo-1.apk ......
Getting apk info from https://play.google.com/store/apps/details?id=br.com.tapps.myboo ......
Success to get info from Play Store
The lastest version of br.com.tapps.myboo-1.apk is  1.16  
Done processing br.com.tapps.myboo-1.apk
Time Spent:   0 Days 0 Hours 1 Minutes 26 Seconds

============================================================================
22/152 Starting processing br.com.tapps.mygrumpy-1.apk ......
Getting apk info from https://play.google.com/store/apps/details?id=br.com.tapps.mygrumpy ......
Success to get info from Play Store
The lastest version of br.com.tapps.mygrumpy-1.apk is  1.1  
Done processing br.com.tapps.mygrumpy-1.apk
Time Spent:   0 Days 0 Hours 1 Minutes 31 Seconds

============================================================================
23/152 Starting processing com.AlexandrBaranov.ThroughTheMaze-1.apk ......
Getting apk info from https://play.google.com/store/apps/details?id=com.AlexandrBaranov.ThroughTheMaze ......
Success to get info from Play Store
The lastest version of com.AlexandrBaranov.ThroughTheMaze-1.apk is  1.01  
Done processing com.AlexandrBaranov.ThroughTheMaze-1.apk
Time Spent:   0 Days 0 Hours 1 Minutes 34 Seconds

============================================================================
24/152 Starting processing com.CountrysideGames.RetroRunners-1.apk ......
Getting apk info from https://play.google.com/store/apps/details?id=com.CountrysideGames.RetroRunners ......
Success to get info from Play Store
The lastest version of com.CountrysideGames.RetroRunners-1.apk is  2.16  
Done processing com.CountrysideGames.RetroRunners-1.apk
Time Spent:   0 Days 0 Hours 1 Minutes 38 Seconds

============================================================================
25/152 Starting processing com.DgnGames.OldVegasSlots-1.apk ......
Getting apk info from https://play.google.com/store/apps/details?id=com.DgnGames.OldVegasSlots ......
Success to get info from Play Store
The lastest version of com.DgnGames.OldVegasSlots-1.apk is  4.3.1  
Done processing com.DgnGames.OldVegasSlots-1.apk
Time Spent:   0 Days 0 Hours 1 Minutes 42 Seconds

============================================================================
26/152 Starting processing com.EG.MadCityCrime-1.apk ......
Getting apk info from https://play.google.com/store/apps/details?id=com.EG.MadCityCrime ......
Success to get info from Play Store
The lastest version of com.EG.MadCityCrime-1.apk is  1.10  
Done processing com.EG.MadCityCrime-1.apk
Time Spent:   0 Days 0 Hours 1 Minutes 46 Seconds

============================================================================
27/152 Starting processing com.FakeCall2-1.apk ......
Getting apk info from https://play.google.com/store/apps/details?id=com.FakeCall2 ......
Success to get info from Play Store
The lastest version of com.FakeCall2-1.apk is  0.0.35  
Done processing com.FakeCall2-1.apk
Time Spent:   0 Days 0 Hours 1 Minutes 50 Seconds

============================================================================
28/152 Starting processing com.Interactive707.VoxelCraft-1.apk ......
Getting apk info from https://play.google.com/store/apps/details?id=com.Interactive707.VoxelCraft ......
Success to get info from Play Store
The lastest version of com.Interactive707.VoxelCraft-1.apk is  1.0.21  
Done processing com.Interactive707.VoxelCraft-1.apk
Time Spent:   0 Days 0 Hours 1 Minutes 54 Seconds

============================================================================
29/152 Starting processing com.Marianna.HarvestSlotsHD-1.apk ......
Getting apk info from https://play.google.com/store/apps/details?id=com.Marianna.HarvestSlotsHD ......
Success to get info from Play Store
The lastest version of com.Marianna.HarvestSlotsHD-1.apk is  2.4.05  
Done processing com.Marianna.HarvestSlotsHD-1.apk
Time Spent:   0 Days 0 Hours 1 Minutes 58 Seconds

============================================================================
30/152 Starting processing com.RenownEntertainment.BallHopAE-1.apk ......
Getting apk info from https://play.google.com/store/apps/details?id=com.RenownEntertainment.BallHopAE ......
Success to get info from Play Store
The lastest version of com.RenownEntertainment.BallHopAE-1.apk is  1.9.4  
Done processing com.RenownEntertainment.BallHopAE-1.apk
Time Spent:   0 Days 0 Hours 2 Minutes 2 Seconds

============================================================================
31/152 Starting processing com.ViperGames.StickmanDismount-1.apk ......
Getting apk info from https://play.google.com/store/apps/details?id=com.ViperGames.StickmanDismount ......
Success to get info from Play Store
The lastest version of com.ViperGames.StickmanDismount-1.apk is  1.0  
Done processing com.ViperGames.StickmanDismount-1.apk
Time Spent:   0 Days 0 Hours 2 Minutes 6 Seconds

============================================================================
32/152 Starting processing com.ViperGames.StickmanWarriors-1.apk ......
Getting apk info from https://play.google.com/store/apps/details?id=com.ViperGames.StickmanWarriors ......
Success to get info from Play Store
The lastest version of com.ViperGames.StickmanWarriors-1.apk is  1.4  
Done processing com.ViperGames.StickmanWarriors-1.apk
Time Spent:   0 Days 0 Hours 2 Minutes 12 Seconds

============================================================================
33/152 Starting processing com.aa.generaladaptiveapps-1.apk ......
Getting apk info from https://play.google.com/store/apps/details?id=com.aa.generaladaptiveapps ......
Success to get info from Play Store
The lastest version of com.aa.generaladaptiveapps-1.apk is  1.3.0  
Done processing com.aa.generaladaptiveapps-1.apk
Time Spent:   0 Days 0 Hours 2 Minutes 18 Seconds

============================================================================
34/152 Starting processing com.abc.AgeofKingdomsHD-1.apk ......
Getting apk info from https://play.google.com/store/apps/details?id=com.abc.AgeofKingdomsHD ......
Success to get info from Play Store
The lastest version of com.abc.AgeofKingdomsHD-1.apk is  1.3.9  
Done processing com.abc.AgeofKingdomsHD-1.apk
Time Spent:   0 Days 0 Hours 2 Minutes 23 Seconds

============================================================================
35/152 Starting processing com.aceviral.angrygranrun-1.apk ......
Getting apk info from https://play.google.com/store/apps/details?id=com.aceviral.angrygranrun ......
Success to get info from Play Store
The lastest version of com.aceviral.angrygranrun-1.apk is  1.23  
Done processing com.aceviral.angrygranrun-1.apk
Time Spent:   0 Days 0 Hours 2 Minutes 27 Seconds

============================================================================
36/152 Starting processing com.activision.callofduty.heroes-1.apk ......
Getting apk info from https://play.google.com/store/apps/details?id=com.activision.callofduty.heroes ......
Success to get info from Play Store
The lastest version of com.activision.callofduty.heroes-1.apk is  1.9.0  
Done processing com.activision.callofduty.heroes-1.apk
Time Spent:   0 Days 0 Hours 2 Minutes 35 Seconds

============================================================================
37/152 Starting processing com.actoz.won-1.apk ......
Getting apk info from https://play.google.com/store/apps/details?id=com.actoz.won ......
Success to get info from Play Store
The lastest version of com.actoz.won-1.apk is  1.0.8  
Done processing com.actoz.won-1.apk
Time Spent:   0 Days 0 Hours 2 Minutes 40 Seconds

============================================================================
38/152 Starting processing com.aemobile.games.casino-1.apk ......
Getting apk info from https://play.google.com/store/apps/details?id=com.aemobile.games.casino ......
Success to get info from Play Store
The lastest version of com.aemobile.games.casino-1.apk is  2.0.1  
Done processing com.aemobile.games.casino-1.apk
Time Spent:   0 Days 0 Hours 2 Minutes 45 Seconds

============================================================================
39/152 Starting processing com.aim.racing-1.apk ......
Getting apk info from https://play.google.com/store/apps/details?id=com.aim.racing ......
Success to get info from Play Store
The lastest version of com.aim.racing-1.apk is 
Done processing com.aim.racing-1.apk
Time Spent:   0 Days 0 Hours 2 Minutes 49 Seconds

============================================================================
40/152 Starting processing com.aim.rallyhum-1.apk ......
Getting apk info from https://play.google.com/store/apps/details?id=com.aim.rallyhum ......
Success to get info from Play Store
The lastest version of com.aim.rallyhum-1.apk is 
Done processing com.aim.rallyhum-1.apk
Time Spent:   0 Days 0 Hours 2 Minutes 55 Seconds

============================================================================
41/152 Starting processing com.altivasoft.superherofighter-1.apk ......
Getting apk info from https://play.google.com/store/apps/details?id=com.altivasoft.superherofighter ......
Success to get info from Play Store
The lastest version of com.altivasoft.superherofighter-1.apk is  1.3  
Done processing com.altivasoft.superherofighter-1.apk
Time Spent:   0 Days 0 Hours 2 Minutes 59 Seconds

============================================================================
42/152 Starting processing com.and.games505.Terraria-1.apk ......
Getting apk info from https://play.google.com/store/apps/details?id=com.and.games505.Terraria ......
Success to get info from Play Store
The lastest version of com.and.games505.Terraria-1.apk is  1.2.10333  
Done processing com.and.games505.Terraria-1.apk
Time Spent:   0 Days 0 Hours 3 Minutes 4 Seconds

============================================================================
43/152 Starting processing com.app.forestbubble-1.apk ......
Getting apk info from https://play.google.com/store/apps/details?id=com.app.forestbubble ......
Success to get info from Play Store
The lastest version of com.app.forestbubble-1.apk is  1.01  
Done processing com.app.forestbubble-1.apk
Time Spent:   0 Days 0 Hours 3 Minutes 7 Seconds

============================================================================
44/152 Starting processing com.asgardsoft.words-1.apk ......
Getting apk info from https://play.google.com/store/apps/details?id=com.asgardsoft.words ......
Success to get info from Play Store
The lastest version of com.asgardsoft.words-1.apk is  3.5.0  
Done processing com.asgardsoft.words-1.apk
Time Spent:   0 Days 0 Hours 3 Minutes 11 Seconds

============================================================================
45/152 Starting processing com.atari.mobile.rct4m-1.apk ......
Getting apk info from https://play.google.com/store/apps/details?id=com.atari.mobile.rct4m ......
Success to get info from Play Store
The lastest version of com.atari.mobile.rct4m-1.apk is  1.6.0  
Done processing com.atari.mobile.rct4m-1.apk
Time Spent:   0 Days 0 Hours 3 Minutes 18 Seconds

============================================================================
46/152 Starting processing com.atrilliongames.chessgame-1.apk ......
Getting apk info from https://play.google.com/store/apps/details?id=com.atrilliongames.chessgame ......
Success to get info from Play Store
The lastest version of com.atrilliongames.chessgame-1.apk is  2.1.2.0  
Done processing com.atrilliongames.chessgame-1.apk
Time Spent:   0 Days 0 Hours 3 Minutes 22 Seconds

============================================================================
47/152 Starting processing com.ballytechnologies.quickhitslots-1.apk ......
Getting apk info from https://play.google.com/store/apps/details?id=com.ballytechnologies.quickhitslots ......
Success to get info from Play Store
The lastest version of com.ballytechnologies.quickhitslots-1.apk is  2.0.8  
Done processing com.ballytechnologies.quickhitslots-1.apk
Time Spent:   0 Days 0 Hours 3 Minutes 24 Seconds

============================================================================
48/152 Starting processing com.bandagames.bubblebirdsquest-1.apk ......
Getting apk info from https://play.google.com/store/apps/details?id=com.bandagames.bubblebirdsquest ......
Success to get info from Play Store
The lastest version of com.bandagames.bubblebirdsquest-1.apk is  1.6.0  
Done processing com.bandagames.bubblebirdsquest-1.apk
Time Spent:   0 Days 0 Hours 3 Minutes 28 Seconds

============================================================================
49/152 Starting processing com.bandagames.mpuzzle.gp-1.apk ......
Getting apk info from https://play.google.com/store/apps/details?id=com.bandagames.mpuzzle.gp ......
Success to get info from Play Store
The lastest version of com.bandagames.mpuzzle.gp-1.apk is    Varies with device  
Done processing com.bandagames.mpuzzle.gp-1.apk
Time Spent:   0 Days 0 Hours 3 Minutes 35 Seconds

============================================================================
50/152 Starting processing com.bandainamcogames.dbzdokkanww-1.apk ......
Getting apk info from https://play.google.com/store/apps/details?id=com.bandainamcogames.dbzdokkanww ......
Success to get info from Play Store
The lastest version of com.bandainamcogames.dbzdokkanww-1.apk is  1.2.1  
Done processing com.bandainamcogames.dbzdokkanww-1.apk
Time Spent:   0 Days 0 Hours 3 Minutes 39 Seconds

============================================================================
51/152 Starting processing com.baviux.voicechanger-1.apk ......
Getting apk info from https://play.google.com/store/apps/details?id=com.baviux.voicechanger ......
Success to get info from Play Store
The lastest version of com.baviux.voicechanger-1.apk is  3.1.11  
Done processing com.baviux.voicechanger-1.apk
Time Spent:   0 Days 0 Hours 3 Minutes 43 Seconds

============================================================================
52/152 Starting processing com.bestcoolfungames.antsmasher-1.apk ......
Getting apk info from https://play.google.com/store/apps/details?id=com.bestcoolfungames.antsmasher ......
Success to get info from Play Store
The lastest version of com.bestcoolfungames.antsmasher-1.apk is 
Done processing com.bestcoolfungames.antsmasher-1.apk
Time Spent:   0 Days 0 Hours 3 Minutes 48 Seconds

============================================================================
53/152 Starting processing com.bethsoft.falloutshelter-1.apk ......
Getting apk info from https://play.google.com/store/apps/details?id=com.bethsoft.falloutshelter ......
Success to get info from Play Store
The lastest version of com.bethsoft.falloutshelter-1.apk is  1.1  
Done processing com.bethsoft.falloutshelter-1.apk
Time Spent:   0 Days 0 Hours 3 Minutes 53 Seconds

============================================================================
54/152 Starting processing com.bfs.ninjump-1.apk ......
Getting apk info from https://play.google.com/store/apps/details?id=com.bfs.ninjump ......
Success to get info from Play Store
The lastest version of com.bfs.ninjump-1.apk is    Varies with device  
Done processing com.bfs.ninjump-1.apk
Time Spent:   0 Days 0 Hours 3 Minutes 57 Seconds

============================================================================
55/152 Starting processing com.bigbluebubble.singingmonsters.full-1.apk ......
Getting apk info from https://play.google.com/store/apps/details?id=com.bigbluebubble.singingmonsters.full ......
Success to get info from Play Store
The lastest version of com.bigbluebubble.singingmonsters.full-1.apk is  1.3.5  
Done processing com.bigbluebubble.singingmonsters.full-1.apk
Time Spent:   0 Days 0 Hours 4 Minutes 2 Seconds

============================================================================
56/152 Starting processing com.bigfishgames.gummydropgoogle-1.apk ......
Getting apk info from https://play.google.com/store/apps/details?id=com.bigfishgames.gummydropgoogle ......
Success to get info from Play Store
The lastest version of com.bigfishgames.gummydropgoogle-1.apk is  1.16.1  
Done processing com.bigfishgames.gummydropgoogle-1.apk
Time Spent:   0 Days 0 Hours 4 Minutes 6 Seconds

============================================================================
57/152 Starting processing com.bingocrushgame.bingo-1.apk ......
Getting apk info from https://play.google.com/store/apps/details?id=com.bingocrushgame.bingo ......
Success to get info from Play Store
The lastest version of com.bingocrushgame.bingo-1.apk is  1.2.0  
Done processing com.bingocrushgame.bingo-1.apk
Time Spent:   0 Days 0 Hours 4 Minutes 10 Seconds

============================================================================
58/152 Starting processing com.bitmango.rolltheballunrollme-1.apk ......
Getting apk info from https://play.google.com/store/apps/details?id=com.bitmango.rolltheballunrollme ......
Success to get info from Play Store
The lastest version of com.bitmango.rolltheballunrollme-1.apk is  1.2.23  
Done processing com.bitmango.rolltheballunrollme-1.apk
Time Spent:   0 Days 0 Hours 4 Minutes 15 Seconds

============================================================================
59/152 Starting processing com.blizzard.wtcg.hearthstone-1.apk ......
Getting apk info from https://play.google.com/store/apps/details?id=com.blizzard.wtcg.hearthstone ......
Success to get info from Play Store
The lastest version of com.blizzard.wtcg.hearthstone-1.apk is 
Done processing com.blizzard.wtcg.hearthstone-1.apk
Time Spent:   0 Days 0 Hours 4 Minutes 21 Seconds

============================================================================
60/152 Starting processing com.blockycars.online-1.apk ......
Getting apk info from https://play.google.com/store/apps/details?id=com.blockycars.online ......
Success to get info from Play Store
The lastest version of com.blockycars.online-1.apk is  2.7.5  
Done processing com.blockycars.online-1.apk
Time Spent:   0 Days 0 Hours 4 Minutes 24 Seconds

============================================================================
61/152 Starting processing com.bungieinc.bungiemobile-1.apk ......
Getting apk info from https://play.google.com/store/apps/details?id=com.bungieinc.bungiemobile ......
Success to get info from Play Store
The lastest version of com.bungieinc.bungiemobile-1.apk is 
Done processing com.bungieinc.bungiemobile-1.apk
Time Spent:   0 Days 0 Hours 4 Minutes 28 Seconds

============================================================================
62/152 Starting processing com.calfordcn.gu-1.apk ......
Getting apk info from https://play.google.com/store/apps/details?id=com.calfordcn.gu ......
Success to get info from Play Store
The lastest version of com.calfordcn.gu-1.apk is  1.99  
Done processing com.calfordcn.gu-1.apk
Time Spent:   0 Days 0 Hours 4 Minutes 32 Seconds

============================================================================
63/152 Starting processing com.ciegames.RacingRivals-1.apk ......
Getting apk info from https://play.google.com/store/apps/details?id=com.ciegames.RacingRivals ......
Success to get info from Play Store
The lastest version of com.ciegames.RacingRivals-1.apk is  4.2.0  
Done processing com.ciegames.RacingRivals-1.apk
Time Spent:   0 Days 0 Hours 4 Minutes 37 Seconds

============================================================================
64/152 Starting processing com.cmplay.tiles2-1.apk ......
Getting apk info from https://play.google.com/store/apps/details?id=com.cmplay.tiles2 ......
Success to get info from Play Store
The lastest version of com.cmplay.tiles2-1.apk is  1.0.0.305  
Done processing com.cmplay.tiles2-1.apk
Time Spent:   0 Days 0 Hours 4 Minutes 41 Seconds

============================================================================
65/152 Starting processing com.cocoplay.cocopuppy-1.apk ......
Getting apk info from https://play.google.com/store/apps/details?id=com.cocoplay.cocopuppy ......
Success to get info from Play Store
The lastest version of com.cocoplay.cocopuppy-1.apk is  0.3.7  
Done processing com.cocoplay.cocopuppy-1.apk
Time Spent:   0 Days 0 Hours 4 Minutes 45 Seconds

============================================================================
66/152 Starting processing com.com2us.smon.normal.freefull.google.kr.android.common-1.apk ......
Getting apk info from https://play.google.com/store/apps/details?id=com.com2us.smon.normal.freefull.google.kr.android.common ......
Success to get info from Play Store
The lastest version of com.com2us.smon.normal.freefull.google.kr.android.common-1.apk is  1.7.4  
Done processing com.com2us.smon.normal.freefull.google.kr.android.common-1.apk
Time Spent:   0 Days 0 Hours 4 Minutes 51 Seconds

============================================================================
67/152 Starting processing com.craftgames.worldcrft-1.apk ......
Getting apk info from https://play.google.com/store/apps/details?id=com.craftgames.worldcrft ......
Success to get info from Play Store
The lastest version of com.craftgames.worldcrft-1.apk is  2.0.5  
Done processing com.craftgames.worldcrft-1.apk
Time Spent:   0 Days 0 Hours 4 Minutes 55 Seconds

============================================================================
68/152 Starting processing com.creativemobile.DragRacing-1.apk ......
Getting apk info from https://play.google.com/store/apps/details?id=com.creativemobile.DragRacing ......
Success to get info from Play Store
The lastest version of com.creativemobile.DragRacing-1.apk is    Varies with device  
Done processing com.creativemobile.DragRacing-1.apk
Time Spent:   0 Days 0 Hours 4 Minutes 59 Seconds

============================================================================
69/152 Starting processing com.ddi-1.apk ......
Getting apk info from https://play.google.com/store/apps/details?id=com.ddi ......
Success to get info from Play Store
The lastest version of com.ddi-1.apk is  3.0.40  
Done processing com.ddi-1.apk
Time Spent:   0 Days 0 Hours 5 Minutes 3 Seconds

============================================================================
70/152 Starting processing com.degoo.android.icecreammaker-1.apk ......
Getting apk info from https://play.google.com/store/apps/details?id=com.degoo.android.icecreammaker ......
Success to get info from Play Store
The lastest version of com.degoo.android.icecreammaker-1.apk is  1.1.11  
Done processing com.degoo.android.icecreammaker-1.apk
Time Spent:   0 Days 0 Hours 5 Minutes 8 Seconds

============================================================================
71/152 Starting processing com.dg.puzzlebrothers.mahjong.treehouse-1.apk ......
Getting apk info from https://play.google.com/store/apps/details?id=com.dg.puzzlebrothers.mahjong.treehouse ......
Success to get info from Play Store
The lastest version of com.dg.puzzlebrothers.mahjong.treehouse-1.apk is  1.0.13  
Done processing com.dg.puzzlebrothers.mahjong.treehouse-1.apk
Time Spent:   0 Days 0 Hours 5 Minutes 13 Seconds

============================================================================
72/152 Starting processing com.dirtybit.funrun2-1.apk ......
Getting apk info from https://play.google.com/store/apps/details?id=com.dirtybit.funrun2 ......
Success to get info from Play Store
The lastest version of com.dirtybit.funrun2-1.apk is  2.4  
Done processing com.dirtybit.funrun2-1.apk
Time Spent:   0 Days 0 Hours 5 Minutes 18 Seconds

============================================================================
73/152 Starting processing com.disney.frozensaga_goo-1.apk ......
Getting apk info from https://play.google.com/store/apps/details?id=com.disney.frozensaga_goo ......
Success to get info from Play Store
The lastest version of com.disney.frozensaga_goo-1.apk is  3.1.0  
Done processing com.disney.frozensaga_goo-1.apk
Time Spent:   0 Days 0 Hours 5 Minutes 38 Seconds

============================================================================
74/152 Starting processing com.disney.nemo-1.apk ......
Getting apk info from https://play.google.com/store/apps/details?id=com.disney.nemo ......
Success to get info from Play Store
The lastest version of com.disney.nemo-1.apk is  1.8.1  
Done processing com.disney.nemo-1.apk
Time Spent:   0 Days 0 Hours 5 Minutes 44 Seconds

============================================================================
75/152 Starting processing com.disney.thoughtbubbles_goo-1.apk ......
Getting apk info from https://play.google.com/store/apps/details?id=com.disney.thoughtbubbles_goo ......
Success to get info from Play Store
The lastest version of com.disney.thoughtbubbles_goo-1.apk is  1.5.0  
Done processing com.disney.thoughtbubbles_goo-1.apk
Time Spent:   0 Days 0 Hours 5 Minutes 49 Seconds

============================================================================
76/152 Starting processing com.distinguishplacelatter.mildlength.manage-1.apk ......
Getting apk info from https://play.google.com/store/apps/details?id=com.distinguishplacelatter.mildlength.manage ......
Success to get info from Play Store
The lastest version of com.distinguishplacelatter.mildlength.manage-1.apk is  2.0  
Done processing com.distinguishplacelatter.mildlength.manage-1.apk
Time Spent:   0 Days 0 Hours 5 Minutes 55 Seconds

============================================================================
77/152 Starting processing com.doubleugames.DoubleUCasino-1.apk ......
Getting apk info from https://play.google.com/store/apps/details?id=com.doubleugames.DoubleUCasino ......
Success to get info from Play Store
The lastest version of com.doubleugames.DoubleUCasino-1.apk is  3.12.1  
Done processing com.doubleugames.DoubleUCasino-1.apk
Time Spent:   0 Days 0 Hours 5 Minutes 59 Seconds

============================================================================
78/152 Starting processing com.draftkings.dknativermgGP-1.apk ......
Getting apk info from https://play.google.com/store/apps/details?id=com.draftkings.dknativermgGP ......
Success to get info from Play Store
The lastest version of com.draftkings.dknativermgGP-1.apk is  2.0.44  
Done processing com.draftkings.dknativermgGP-1.apk
Time Spent:   0 Days 0 Hours 6 Minutes 3 Seconds

============================================================================
79/152 Starting processing com.dragonplay.slotcity-1.apk ......
Getting apk info from https://play.google.com/store/apps/details?id=com.dragonplay.slotcity ......
Success to get info from Play Store
The lastest version of com.dragonplay.slotcity-1.apk is    Varies with device  
Done processing com.dragonplay.slotcity-1.apk
Time Spent:   0 Days 0 Hours 6 Minutes 8 Seconds

============================================================================
80/152 Starting processing com.droidhang.cd2-1.apk ......
Getting apk info from https://play.google.com/store/apps/details?id=com.droidhang.cd2 ......
Success to get info from Play Store
The lastest version of com.droidhang.cd2-1.apk is  1.4.2  
Done processing com.droidhang.cd2-1.apk
Time Spent:   0 Days 0 Hours 6 Minutes 11 Seconds

============================================================================
81/152 Starting processing com.droidhen.game.poker-1.apk ......
Getting apk info from https://play.google.com/store/apps/details?id=com.droidhen.game.poker ......
Success to get info from Play Store
The lastest version of com.droidhen.game.poker-1.apk is  1.9.7  
Done processing com.droidhen.game.poker-1.apk
Time Spent:   0 Days 0 Hours 6 Minutes 17 Seconds

============================================================================
82/152 Starting processing com.ea.game.easportsufc_row-1.apk ......
Getting apk info from https://play.google.com/store/apps/details?id=com.ea.game.easportsufc_row ......
Success to get info from Play Store
The lastest version of com.ea.game.easportsufc_row-1.apk is  1.4.827770  
Done processing com.ea.game.easportsufc_row-1.apk
Time Spent:   0 Days 0 Hours 6 Minutes 21 Seconds

============================================================================
83/152 Starting processing com.ea.game.maddenmobile15_row-1.apk ......
Getting apk info from https://play.google.com/store/apps/details?id=com.ea.game.maddenmobile15_row ......
Success to get info from Play Store
The lastest version of com.ea.game.maddenmobile15_row-1.apk is 
Done processing com.ea.game.maddenmobile15_row-1.apk
Time Spent:   0 Days 0 Hours 6 Minutes 26 Seconds

============================================================================
84/152 Starting processing com.ea.game.pvz2_na-1.apk ......
Getting apk info from https://play.google.com/store/apps/details?id=com.ea.game.pvz2_na ......
Success to get info from Play Store
The lastest version of com.ea.game.pvz2_na-1.apk is  3.9.1  
Done processing com.ea.game.pvz2_na-1.apk
Time Spent:   0 Days 0 Hours 6 Minutes 30 Seconds

============================================================================
85/152 Starting processing com.ea.game.simcitymobile_row-1.apk ......
Getting apk info from https://play.google.com/store/apps/details?id=com.ea.game.simcitymobile_row ......
Success to get info from Play Store
The lastest version of com.ea.game.simcitymobile_row-1.apk is  1.5.7.31127  
Done processing com.ea.game.simcitymobile_row-1.apk
Time Spent:   0 Days 0 Hours 6 Minutes 35 Seconds

============================================================================
86/152 Starting processing com.ea.game.simpsons4_na-1.apk ......
Getting apk info from https://play.google.com/store/apps/details?id=com.ea.game.simpsons4_na ......
Success to get info from Play Store
The lastest version of com.ea.game.simpsons4_na-1.apk is  4.16.5  
Done processing com.ea.game.simpsons4_na-1.apk
Time Spent:   0 Days 0 Hours 6 Minutes 39 Seconds

============================================================================
87/152 Starting processing com.ea.games.r3_na-1.apk ......
Getting apk info from https://play.google.com/store/apps/details?id=com.ea.games.r3_na ......
Success to get info from Play Store
The lastest version of com.ea.games.r3_na-1.apk is  3.6.0  
Done processing com.ea.games.r3_na-1.apk
Time Spent:   0 Days 0 Hours 6 Minutes 43 Seconds

============================================================================
88/152 Starting processing com.ea.games.simsfreeplay_na-1.apk ......
Getting apk info from https://play.google.com/store/apps/details?id=com.ea.games.simsfreeplay_na ......
Success to get info from Play Store
The lastest version of com.ea.games.simsfreeplay_na-1.apk is  5.16.0  
Done processing com.ea.games.simsfreeplay_na-1.apk
Time Spent:   0 Days 0 Hours 6 Minutes 45 Seconds

============================================================================
89/152 Starting processing com.emanuelmutuel.crashyourbrain-1.apk ......
Getting apk info from https://play.google.com/store/apps/details?id=com.emanuelmutuel.crashyourbrain ......
Success to get info from Play Store
The lastest version of com.emanuelmutuel.crashyourbrain-1.apk is  1.0  
Done processing com.emanuelmutuel.crashyourbrain-1.apk
Time Spent:   0 Days 0 Hours 6 Minutes 49 Seconds

============================================================================
90/152 Starting processing com.emanuelmutuel.sudoku-1.apk ......
Getting apk info from https://play.google.com/store/apps/details?id=com.emanuelmutuel.sudoku ......
Success to get info from Play Store
The lastest version of com.emanuelmutuel.sudoku-1.apk is  1.01  
Done processing com.emanuelmutuel.sudoku-1.apk
Time Spent:   0 Days 0 Hours 6 Minutes 51 Seconds

============================================================================
91/152 Starting processing com.episodeinteractive.android.catalog-1.apk ......
Getting apk info from https://play.google.com/store/apps/details?id=com.episodeinteractive.android.catalog ......
Success to get info from Play Store
The lastest version of com.episodeinteractive.android.catalog-1.apk is 
Done processing com.episodeinteractive.android.catalog-1.apk
Time Spent:   0 Days 0 Hours 6 Minutes 55 Seconds

============================================================================
92/152 Starting processing com.episodeinteractive.android.demi-1.apk ......
Getting apk info from https://play.google.com/store/apps/details?id=com.episodeinteractive.android.demi ......
Success to get info from Play Store
The lastest version of com.episodeinteractive.android.demi-1.apk is  2.72.0+g  
Done processing com.episodeinteractive.android.demi-1.apk
Time Spent:   0 Days 0 Hours 6 Minutes 58 Seconds

============================================================================
93/152 Starting processing com.etermax.preguntados.lite-1.apk ......
Getting apk info from https://play.google.com/store/apps/details?id=com.etermax.preguntados.lite ......
Success to get info from Play Store
The lastest version of com.etermax.preguntados.lite-1.apk is  2.2.1  
Done processing com.etermax.preguntados.lite-1.apk
Time Spent:   0 Days 0 Hours 7 Minutes 3 Seconds

============================================================================
94/152 Starting processing com.etermax.skydoms-1.apk ......
Getting apk info from https://play.google.com/store/apps/details?id=com.etermax.skydoms ......
Success to get info from Play Store
The lastest version of com.etermax.skydoms-1.apk is  1.0.1524  
Done processing com.etermax.skydoms-1.apk
Time Spent:   0 Days 0 Hours 7 Minutes 5 Seconds

============================================================================
95/152 Starting processing com.fgol.HungrySharkEvolution-1.apk ......
Getting apk info from https://play.google.com/store/apps/details?id=com.fgol.HungrySharkEvolution ......
Success to get info from Play Store
The lastest version of com.fgol.HungrySharkEvolution-1.apk is 
Done processing com.fgol.HungrySharkEvolution-1.apk
Time Spent:   0 Days 0 Hours 7 Minutes 9 Seconds

============================================================================
96/152 Starting processing com.fincon.angelstone-1.apk ......
Getting apk info from https://play.google.com/store/apps/details?id=com.fincon.angelstone ......
Success to get info from Play Store
The lastest version of com.fincon.angelstone-1.apk is  1.1.2  
Done processing com.fincon.angelstone-1.apk
Time Spent:   0 Days 0 Hours 7 Minutes 11 Seconds

============================================================================
97/152 Starting processing com.foosegames.tuningracing3d-1.apk ......
Getting apk info from https://play.google.com/store/apps/details?id=com.foosegames.tuningracing3d ......
Success to get info from Play Store
The lastest version of com.foosegames.tuningracing3d-1.apk is  1.4  
Done processing com.foosegames.tuningracing3d-1.apk
Time Spent:   0 Days 0 Hours 7 Minutes 13 Seconds

============================================================================
98/152 Starting processing com.ftbsports.BeALegendFootball-1.apk ......
Getting apk info from https://play.google.com/store/apps/details?id=com.ftbsports.BeALegendFootball ......
Success to get info from Play Store
The lastest version of com.ftbsports.BeALegendFootball-1.apk is  2.8.0.17  
Done processing com.ftbsports.BeALegendFootball-1.apk
Time Spent:   0 Days 0 Hours 7 Minutes 16 Seconds

============================================================================
99/152 Starting processing com.fungames.sniper3d-1.apk ......
Getting apk info from https://play.google.com/store/apps/details?id=com.fungames.sniper3d ......
Success to get info from Play Store
The lastest version of com.fungames.sniper3d-1.apk is  1.7  
Done processing com.fungames.sniper3d-1.apk
Time Spent:   0 Days 0 Hours 7 Minutes 20 Seconds

============================================================================
100/152 Starting processing com.hitrolls.spingpalpha-1.apk ......
Getting apk info from https://play.google.com/store/apps/details?id=com.hitrolls.spingpalpha ......
Success to get info from Play Store
The lastest version of com.hitrolls.spingpalpha-1.apk is  1.0  
Done processing com.hitrolls.spingpalpha-1.apk
Time Spent:   0 Days 0 Hours 7 Minutes 23 Seconds

============================================================================
101/152 Starting processing com.hopealtogetherprevention.positionpolish.essence-1.apk ......
Getting apk info from https://play.google.com/store/apps/details?id=com.hopealtogetherprevention.positionpolish.essence ......
Success to get info from Play Store
The lastest version of com.hopealtogetherprevention.positionpolish.essence-1.apk is  3.0  
Done processing com.hopealtogetherprevention.positionpolish.essence-1.apk
Time Spent:   0 Days 0 Hours 7 Minutes 26 Seconds

============================================================================
102/152 Starting processing com.hotheadgames.google.free.rawsniper-1.apk ......
Getting apk info from https://play.google.com/store/apps/details?id=com.hotheadgames.google.free.rawsniper ......
Success to get info from Play Store
The lastest version of com.hotheadgames.google.free.rawsniper-1.apk is  2.2  
Done processing com.hotheadgames.google.free.rawsniper-1.apk
Time Spent:   0 Days 0 Hours 7 Minutes 28 Seconds

============================================================================
103/152 Starting processing com.hutchgames.mud-1.apk ......
Getting apk info from https://play.google.com/store/apps/details?id=com.hutchgames.mud ......
Success to get info from Play Store
The lastest version of com.hutchgames.mud-1.apk is  1.13.8679  
Done processing com.hutchgames.mud-1.apk
Time Spent:   0 Days 0 Hours 7 Minutes 32 Seconds

============================================================================
104/152 Starting processing com.huuuge.casino.slots-1.apk ......
Getting apk info from https://play.google.com/store/apps/details?id=com.huuuge.casino.slots ......
Success to get info from Play Store
The lastest version of com.huuuge.casino.slots-1.apk is  1.4.92  
Done processing com.huuuge.casino.slots-1.apk
Time Spent:   0 Days 0 Hours 7 Minutes 36 Seconds

============================================================================
105/152 Starting processing com.i6.SniperShooting3D-1.apk ......
Getting apk info from https://play.google.com/store/apps/details?id=com.i6.SniperShooting3D ......
Success to get info from Play Store
The lastest version of com.i6.SniperShooting3D-1.apk is  1.03  
Done processing com.i6.SniperShooting3D-1.apk
Time Spent:   0 Days 0 Hours 7 Minutes 41 Seconds

============================================================================
106/152 Starting processing com.iabuzz.puzzle4kidsAnimals-1.apk ......
Getting apk info from https://play.google.com/store/apps/details?id=com.iabuzz.puzzle4kidsAnimals ......
Success to get info from Play Store
The lastest version of com.iabuzz.puzzle4kidsAnimals-1.apk is  1.6.0  
Done processing com.iabuzz.puzzle4kidsAnimals-1.apk
Time Spent:   0 Days 0 Hours 7 Minutes 43 Seconds

============================================================================
107/152 Starting processing com.igg.bravetrials-1.apk ......
Getting apk info from https://play.google.com/store/apps/details?id=com.igg.bravetrials ......
Success to get info from Play Store
The lastest version of com.igg.bravetrials-1.apk is  1.6.9  
Done processing com.igg.bravetrials-1.apk
Time Spent:   0 Days 0 Hours 7 Minutes 50 Seconds

============================================================================
108/152 Starting processing com.igg.bzbee.slotsdeluxe-1.apk ......
Getting apk info from https://play.google.com/store/apps/details?id=com.igg.bzbee.slotsdeluxe ......
Success to get info from Play Store
The lastest version of com.igg.bzbee.slotsdeluxe-1.apk is  1.7.0  
Done processing com.igg.bzbee.slotsdeluxe-1.apk
Time Spent:   0 Days 0 Hours 7 Minutes 55 Seconds

============================================================================
109/152 Starting processing com.igg.castleclash-1.apk ......
Getting apk info from https://play.google.com/store/apps/details?id=com.igg.castleclash ......
Success to get info from Play Store
The lastest version of com.igg.castleclash-1.apk is  1.2.74  
Done processing com.igg.castleclash-1.apk
Time Spent:   0 Days 0 Hours 7 Minutes 59 Seconds

============================================================================
110/152 Starting processing com.igg.clashoflords2-1.apk ......
Getting apk info from https://play.google.com/store/apps/details?id=com.igg.clashoflords2 ......
Success to get info from Play Store
The lastest version of com.igg.clashoflords2-1.apk is  1.0.189  
Done processing com.igg.clashoflords2-1.apk
Time Spent:   0 Days 0 Hours 8 Minutes 2 Seconds

============================================================================
111/152 Starting processing com.igg.pokerdeluxe-1.apk ......
Getting apk info from https://play.google.com/store/apps/details?id=com.igg.pokerdeluxe ......
Success to get info from Play Store
The lastest version of com.igg.pokerdeluxe-1.apk is  1.5.1  
Done processing com.igg.pokerdeluxe-1.apk
Time Spent:   0 Days 0 Hours 8 Minutes 9 Seconds

============================================================================
112/152 Starting processing com.igs.fafafa-1.apk ......
Getting apk info from https://play.google.com/store/apps/details?id=com.igs.fafafa ......
Success to get info from Play Store
The lastest version of com.igs.fafafa-1.apk is  1.0.3  
Done processing com.igs.fafafa-1.apk
Time Spent:   0 Days 0 Hours 8 Minutes 14 Seconds

============================================================================
113/152 Starting processing com.integer3d.thunderstockcars-1.apk ......
Getting apk info from https://play.google.com/store/apps/details?id=com.integer3d.thunderstockcars ......
Success to get info from Play Store
The lastest version of com.integer3d.thunderstockcars-1.apk is  1.0.3  
Done processing com.integer3d.thunderstockcars-1.apk
Time Spent:   0 Days 0 Hours 8 Minutes 17 Seconds

============================================================================
114/152 Starting processing com.invictus.daytonarush-1.apk ......
Getting apk info from https://play.google.com/store/apps/details?id=com.invictus.daytonarush ......
Success to get info from Play Store
The lastest version of com.invictus.daytonarush-1.apk is  1.6.3  
Done processing com.invictus.daytonarush-1.apk
Time Spent:   0 Days 0 Hours 8 Minutes 21 Seconds

============================================================================
115/152 Starting processing com.jellybtn.cashkingmobile-1.apk ......
Getting apk info from https://play.google.com/store/apps/details?id=com.jellybtn.cashkingmobile ......
Success to get info from Play Store
The lastest version of com.jellybtn.cashkingmobile-1.apk is  2.2.6  
Done processing com.jellybtn.cashkingmobile-1.apk
Time Spent:   0 Days 0 Hours 8 Minutes 25 Seconds

============================================================================
116/152 Starting processing com.joycity.warshipbattle-1.apk ......
Getting apk info from https://play.google.com/store/apps/details?id=com.joycity.warshipbattle ......
Success to get info from Play Store
The lastest version of com.joycity.warshipbattle-1.apk is  1.0.9  
Done processing com.joycity.warshipbattle-1.apk
Time Spent:   0 Days 0 Hours 8 Minutes 30 Seconds

============================================================================
117/152 Starting processing com.joydo.cnrjb2-1.apk ......
Getting apk info from https://play.google.com/store/apps/details?id=com.joydo.cnrjb2 ......
Success to get info from Play Store
The lastest version of com.joydo.cnrjb2-1.apk is  1.0.3  
Done processing com.joydo.cnrjb2-1.apk
Time Spent:   0 Days 0 Hours 8 Minutes 34 Seconds

============================================================================
118/152 Starting processing com.julian.wildhunter-1.apk ......
Getting apk info from https://play.google.com/store/apps/details?id=com.julian.wildhunter ......
Success to get info from Play Store
The lastest version of com.julian.wildhunter-1.apk is  1.0.5  
Done processing com.julian.wildhunter-1.apk
Time Spent:   0 Days 0 Hours 8 Minutes 38 Seconds

============================================================================
119/152 Starting processing com.jumpgames.rswrb-1.apk ......
Getting apk info from https://play.google.com/store/apps/details?id=com.jumpgames.rswrb ......
Success to get info from Play Store
The lastest version of com.jumpgames.rswrb-1.apk is  18.18.435  
Done processing com.jumpgames.rswrb-1.apk
Time Spent:   0 Days 0 Hours 8 Minutes 43 Seconds

============================================================================
120/152 Starting processing com.kabam.ff7-1.apk ......
Getting apk info from https://play.google.com/store/apps/details?id=com.kabam.ff7 ......
Success to get info from Play Store
The lastest version of com.kabam.ff7-1.apk is  2.1.3  
Done processing com.kabam.ff7-1.apk
Time Spent:   0 Days 0 Hours 8 Minutes 48 Seconds

============================================================================
121/152 Starting processing com.kabam.marvelbattle-1.apk ......
Getting apk info from https://play.google.com/store/apps/details?id=com.kabam.marvelbattle ......
Success to get info from Play Store
The lastest version of com.kabam.marvelbattle-1.apk is  4.0.2  
Done processing com.kabam.marvelbattle-1.apk
Time Spent:   0 Days 0 Hours 8 Minutes 53 Seconds

============================================================================
122/152 Starting processing com.ketchapp.balljump-1.apk ......
Getting apk info from https://play.google.com/store/apps/details?id=com.ketchapp.balljump ......
Success to get info from Play Store
The lastest version of com.ketchapp.balljump-1.apk is  1.0  
Done processing com.ketchapp.balljump-1.apk
Time Spent:   0 Days 0 Hours 8 Minutes 59 Seconds

============================================================================
123/152 Starting processing com.kiloo.subwaysurf-1.apk ......
Getting apk info from https://play.google.com/store/apps/details?id=com.kiloo.subwaysurf ......
Success to get info from Play Store
The lastest version of com.kiloo.subwaysurf-1.apk is  1.44.0  
Done processing com.kiloo.subwaysurf-1.apk
Time Spent:   0 Days 0 Hours 9 Minutes 3 Seconds

============================================================================
124/152 Starting processing com.king.alphabettysaga-1.apk ......
Getting apk info from https://play.google.com/store/apps/details?id=com.king.alphabettysaga ......
Success to get info from Play Store
The lastest version of com.king.alphabettysaga-1.apk is  1.1.3  
Done processing com.king.alphabettysaga-1.apk
Time Spent:   0 Days 0 Hours 9 Minutes 5 Seconds

============================================================================
125/152 Starting processing com.king.candycrushsaga-1.apk ......
Getting apk info from https://play.google.com/store/apps/details?id=com.king.candycrushsaga ......
Success to get info from Play Store
The lastest version of com.king.candycrushsaga-1.apk is  1.58.0.4  
Done processing com.king.candycrushsaga-1.apk
Time Spent:   0 Days 0 Hours 9 Minutes 10 Seconds

============================================================================
126/152 Starting processing com.king.candycrushsodasaga-1.apk ......
Getting apk info from https://play.google.com/store/apps/details?id=com.king.candycrushsodasaga ......
Success to get info from Play Store
The lastest version of com.king.candycrushsodasaga-1.apk is  1.49.9  
Done processing com.king.candycrushsodasaga-1.apk
Time Spent:   0 Days 0 Hours 9 Minutes 15 Seconds

============================================================================
127/152 Starting processing com.king.farmheroessaga-1.apk ......
Getting apk info from https://play.google.com/store/apps/details?id=com.king.farmheroessaga ......
Success to get info from Play Store
The lastest version of com.king.farmheroessaga-1.apk is  2.34.6  
Done processing com.king.farmheroessaga-1.apk
Time Spent:   0 Days 0 Hours 9 Minutes 20 Seconds

============================================================================
128/152 Starting processing com.king.petrescuesaga-1.apk ......
Getting apk info from https://play.google.com/store/apps/details?id=com.king.petrescuesaga ......
Success to get info from Play Store
The lastest version of com.king.petrescuesaga-1.apk is  1.51.7  
Done processing com.king.petrescuesaga-1.apk
Time Spent:   0 Days 0 Hours 9 Minutes 25 Seconds

============================================================================
129/152 Starting processing com.king.pyramidsolitairesaga-1.apk ......
Getting apk info from https://play.google.com/store/apps/details?id=com.king.pyramidsolitairesaga ......
Success to get info from Play Store
The lastest version of com.king.pyramidsolitairesaga-1.apk is  1.28.0  
Done processing com.king.pyramidsolitairesaga-1.apk
Time Spent:   0 Days 0 Hours 9 Minutes 29 Seconds

============================================================================
130/152 Starting processing com.kiwi.westbound-1.apk ......
Getting apk info from https://play.google.com/store/apps/details?id=com.kiwi.westbound ......
Success to get info from Play Store
The lastest version of com.kiwi.westbound-1.apk is 
Done processing com.kiwi.westbound-1.apk
Time Spent:   0 Days 0 Hours 9 Minutes 33 Seconds

============================================================================
131/152 Starting processing com.kixeye.vegaconflict-1.apk ......
Getting apk info from https://play.google.com/store/apps/details?id=com.kixeye.vegaconflict ......
Success to get info from Play Store
The lastest version of com.kixeye.vegaconflict-1.apk is 
Done processing com.kixeye.vegaconflict-1.apk
Time Spent:   0 Days 0 Hours 9 Minutes 38 Seconds

============================================================================
132/152 Starting processing com.koenigz.KittenCatSimulator-1.apk ......
Getting apk info from https://play.google.com/store/apps/details?id=com.koenigz.KittenCatSimulator ......
Success to get info from Play Store
The lastest version of com.koenigz.KittenCatSimulator-1.apk is  1.5  
Done processing com.koenigz.KittenCatSimulator-1.apk
Time Spent:   0 Days 0 Hours 9 Minutes 42 Seconds

============================================================================
133/152 Starting processing com.kongregate.mobile.adventurecapitalist.google-1.apk ......
Getting apk info from https://play.google.com/store/apps/details?id=com.kongregate.mobile.adventurecapitalist.google ......
Success to get info from Play Store
The lastest version of com.kongregate.mobile.adventurecapitalist.google-1.apk is    Varies with device  
Done processing com.kongregate.mobile.adventurecapitalist.google-1.apk
Time Spent:   0 Days 0 Hours 9 Minutes 47 Seconds

============================================================================
134/152 Starting processing com.ledun.zombiecrush2new-1.apk ......
Getting apk info from https://play.google.com/store/apps/details?id=com.ledun.zombiecrush2new ......
Success to get info from Play Store
The lastest version of com.ledun.zombiecrush2new-1.apk is  1.0  
Done processing com.ledun.zombiecrush2new-1.apk
Time Spent:   0 Days 0 Hours 9 Minutes 52 Seconds

============================================================================
135/152 Starting processing com.libii.pony-1.apk ......
Getting apk info from https://play.google.com/store/apps/details?id=com.libii.pony ......
Success to get info from Play Store
The lastest version of com.libii.pony-1.apk is  1.0  
Done processing com.libii.pony-1.apk
Time Spent:   0 Days 0 Hours 9 Minutes 55 Seconds

============================================================================
136/152 Starting processing com.lily.times.dog1.all-1.apk ......
Getting apk info from https://play.google.com/store/apps/details?id=com.lily.times.dog1.all ......
Success to get info from Play Store
The lastest version of com.lily.times.dog1.all-1.apk is 
Done processing com.lily.times.dog1.all-1.apk
Time Spent:   0 Days 0 Hours 9 Minutes 58 Seconds

============================================================================
137/152 Starting processing com.lima.doodlejump-1.apk ......
Getting apk info from https://play.google.com/store/apps/details?id=com.lima.doodlejump ......
Success to get info from Play Store
The lastest version of com.lima.doodlejump-1.apk is    Varies with device  
Done processing com.lima.doodlejump-1.apk
Time Spent:   0 Days 0 Hours 10 Minutes 1 Seconds

============================================================================
138/152 Starting processing com.limasky.doodlejumpdc-1.apk ......
Getting apk info from https://play.google.com/store/apps/details?id=com.limasky.doodlejumpdc ......
Success to get info from Play Store
The lastest version of com.limasky.doodlejumpdc-1.apk is  1.1.0  
Done processing com.limasky.doodlejumpdc-1.apk
Time Spent:   0 Days 0 Hours 10 Minutes 4 Seconds

============================================================================
139/152 Starting processing com.lockwoodpublishing.avakinlife-1.apk ......
Getting apk info from https://play.google.com/store/apps/details?id=com.lockwoodpublishing.avakinlife ......
Success to get info from Play Store
The lastest version of com.lockwoodpublishing.avakinlife-1.apk is  1.006.007  
Done processing com.lockwoodpublishing.avakinlife-1.apk
Time Spent:   0 Days 0 Hours 10 Minutes 8 Seconds

============================================================================
140/152 Starting processing com.lsgames.grandtheauto-1.apk ......
Getting apk info from https://play.google.com/store/apps/details?id=com.lsgames.grandtheauto ......
Success to get info from Play Store
The lastest version of com.lsgames.grandtheauto-1.apk is  2.5  
Done processing com.lsgames.grandtheauto-1.apk
Time Spent:   0 Days 0 Hours 10 Minutes 13 Seconds

============================================================================
141/152 Starting processing com.lucasarts.starts_goo-1.apk ......
Getting apk info from https://play.google.com/store/apps/details?id=com.lucasarts.starts_goo ......
Success to get info from Play Store
The lastest version of com.lucasarts.starts_goo-1.apk is  3.1.1  
Done processing com.lucasarts.starts_goo-1.apk
Time Spent:   0 Days 0 Hours 10 Minutes 18 Seconds

============================================================================
142/152 Starting processing com.ludia.jurassicpark-1.apk ......
Getting apk info from https://play.google.com/store/apps/details?id=com.ludia.jurassicpark ......
Success to get info from Play Store
The lastest version of com.ludia.jurassicpark-1.apk is  4.6.5  
Done processing com.ludia.jurassicpark-1.apk
Time Spent:   0 Days 0 Hours 10 Minutes 22 Seconds

============================================================================
143/152 Starting processing com.match.sweetroad-1.apk ......
Getting apk info from https://play.google.com/store/apps/details?id=com.match.sweetroad ......
Success to get info from Play Store
The lastest version of com.match.sweetroad-1.apk is  1.0.2  
Done processing com.match.sweetroad-1.apk
Time Spent:   0 Days 0 Hours 10 Minutes 27 Seconds

============================================================================
144/152 Starting processing com.mgc.rope.hero-1.apk ......
Getting apk info from https://play.google.com/store/apps/details?id=com.mgc.rope.hero ......
Success to get info from Play Store
The lastest version of com.mgc.rope.hero-1.apk is  1.2  
Done processing com.mgc.rope.hero-1.apk
Time Spent:   0 Days 0 Hours 10 Minutes 31 Seconds

============================================================================
145/152 Starting processing com.midasplayer.apps.bubblewitchsaga2-1.apk ......
Getting apk info from https://play.google.com/store/apps/details?id=com.midasplayer.apps.bubblewitchsaga2 ......
Success to get info from Play Store
The lastest version of com.midasplayer.apps.bubblewitchsaga2-1.apk is 
Done processing com.midasplayer.apps.bubblewitchsaga2-1.apk
Time Spent:   0 Days 0 Hours 10 Minutes 34 Seconds

============================================================================
146/152 Starting processing com.miniclip.dudeperfect-1.apk ......
Getting apk info from https://play.google.com/store/apps/details?id=com.miniclip.dudeperfect ......
Success to get info from Play Store
The lastest version of com.miniclip.dudeperfect-1.apk is  1.1.2  
Done processing com.miniclip.dudeperfect-1.apk
Time Spent:   0 Days 0 Hours 10 Minutes 37 Seconds

============================================================================
147/152 Starting processing com.miniclip.soccerstars-1.apk ......
Getting apk info from https://play.google.com/store/apps/details?id=com.miniclip.soccerstars ......
Success to get info from Play Store
The lastest version of com.miniclip.soccerstars-1.apk is  2.1.2  
Done processing com.miniclip.soccerstars-1.apk
Time Spent:   0 Days 0 Hours 10 Minutes 41 Seconds

============================================================================
148/152 Starting processing com.mobilityware.solitaire-1.apk ......
Getting apk info from https://play.google.com/store/apps/details?id=com.mobilityware.solitaire ......
Success to get info from Play Store
The lastest version of com.mobilityware.solitaire-1.apk is  4.1.1  
Done processing com.mobilityware.solitaire-1.apk
Time Spent:   0 Days 0 Hours 10 Minutes 45 Seconds

============================================================================
149/152 Starting processing com.mobirix.playmaze-1.apk ......
Getting apk info from https://play.google.com/store/apps/details?id=com.mobirix.playmaze ......
Success to get info from Play Store
The lastest version of com.mobirix.playmaze-1.apk is  1.3.0  
Done processing com.mobirix.playmaze-1.apk
Time Spent:   0 Days 0 Hours 10 Minutes 48 Seconds

============================================================================
150/152 Starting processing com.mohitdev.minebuild-1.apk ......
Getting apk info from https://play.google.com/store/apps/details?id=com.mohitdev.minebuild ......
Success to get info from Play Store
The lastest version of com.mohitdev.minebuild-1.apk is  4.5  
Done processing com.mohitdev.minebuild-1.apk
Time Spent:   0 Days 0 Hours 10 Minutes 53 Seconds

============================================================================
151/152 Starting processing com.monarcy.golden-1.apk ......
Getting apk info from https://play.google.com/store/apps/details?id=com.monarcy.golden ......
Success to get info from Play Store
The lastest version of com.monarcy.golden-1.apk is  2.80  
Done processing com.monarcy.golden-1.apk
Time Spent:   0 Days 0 Hours 10 Minutes 55 Seconds

============================================================================
152/152 Starting processing com.mss.coin.party.jurassic.dozer.google-1.apk ......
Getting apk info from https://play.google.com/store/apps/details?id=com.mss.coin.party.jurassic.dozer.google ......
Success to get info from Play Store
The lastest version of com.mss.coin.party.jurassic.dozer.google-1.apk is  1.0.9  
Done processing com.mss.coin.party.jurassic.dozer.google-1.apk
Time Spent:   0 Days 0 Hours 10 Minutes 57 Seconds

============================================================================


**************************************************************
All Done
Total Time:   0 Days 0 Hours 10 Minutes 57 Seconds
Result Location:               /home/Git-Apk/code_resource/script_hooks/scan_apk/scan_apk_version/results/AppInfo_2015-09-07-10-08-21.csv
**************************************************************
