Start processing app in list /home/Git-Apk/Updated_list from /home/Git-Apk/Baidu  ......

============================================================================
1/4 Starting processing com.changba-1.apk ......
Getting apk info from https://play.google.com/store/apps/details?id=com.changba ......
Success to get info from Play Store
The lastest version of com.changba-1.apk is  4.0.0  
Done processing com.changba-1.apk
Time Spent:   0 Days 0 Hours 0 Minutes 2 Seconds

============================================================================
2/4 Starting processing com.cmcc.mobilevideo-1.apk ......
Getting apk info from https://play.google.com/store/apps/details?id=com.cmcc.mobilevideo ......
[ERROR] : Cannot find info of com.cmcc.mobilevideo-1.apk on https://play.google.com/store/apps/details?id=com.cmcc.mobilevideo !!!
Done processing com.cmcc.mobilevideo-1.apk
Time Spent:   0 Days 0 Hours 0 Minutes 3 Seconds

============================================================================
3/4 Starting processing com.tencent.qqmusic-1.apk ......
Getting apk info from https://play.google.com/store/apps/details?id=com.tencent.qqmusic ......
Success to get info from Play Store
The lastest version of com.tencent.qqmusic-1.apk is  5.8.0.18  
Done processing com.tencent.qqmusic-1.apk
Time Spent:   0 Days 0 Hours 0 Minutes 5 Seconds

============================================================================
4/4 Starting processing com.wochacha-1.apk ......
Getting apk info from https://play.google.com/store/apps/details?id=com.wochacha ......
[ERROR] : Cannot find info of com.wochacha-1.apk on https://play.google.com/store/apps/details?id=com.wochacha !!!
Done processing com.wochacha-1.apk
Time Spent:   0 Days 0 Hours 0 Minutes 6 Seconds

============================================================================


**************************************************************
All Done
Total Time:   0 Days 0 Hours 0 Minutes 6 Seconds
Result Location:               /home/Git-Apk/code_resource/script_hooks/scan_apk/scan_apk_version/results/AppInfo_2015-12-17-23-18-46.csv
**************************************************************
