Start processing app in list /home/Git-Apk/Updated_list from /home/Git-Apk/All_Apk  ......

============================================================================
1/30 Starting processing com.cardinalblue.piccollage.google-1.apk ......
Getting apk info from https://play.google.com/store/apps/details?id=com.cardinalblue.piccollage.google ......
Success to get info from Play Store
The lastest version of com.cardinalblue.piccollage.google-1.apk is 
Done processing com.cardinalblue.piccollage.google-1.apk
Time Spent:   0 Days 0 Hours 0 Minutes 0 Seconds

============================================================================
2/30 Starting processing com.crazystudio.emoji.kitkat-1.apk ......
Getting apk info from https://play.google.com/store/apps/details?id=com.crazystudio.emoji.kitkat ......
Success to get info from Play Store
The lastest version of com.crazystudio.emoji.kitkat-1.apk is 
Done processing com.crazystudio.emoji.kitkat-1.apk
Time Spent:   0 Days 0 Hours 0 Minutes 0 Seconds

============================================================================
3/30 Starting processing com.ea.game.maddenmobile15_row-1.apk ......
Getting apk info from https://play.google.com/store/apps/details?id=com.ea.game.maddenmobile15_row ......
Success to get info from Play Store
The lastest version of com.ea.game.maddenmobile15_row-1.apk is 
Done processing com.ea.game.maddenmobile15_row-1.apk
Time Spent:   0 Days 0 Hours 0 Minutes 1 Seconds

============================================================================
4/30 Starting processing com.gamegarden.fd-1.apk ......
Getting apk info from https://play.google.com/store/apps/details?id=com.gamegarden.fd ......
Success to get info from Play Store
The lastest version of com.gamegarden.fd-1.apk is 
Done processing com.gamegarden.fd-1.apk
Time Spent:   0 Days 0 Hours 0 Minutes 1 Seconds

============================================================================
5/30 Starting processing com.glu.deerhunt2-1.apk ......
Getting apk info from https://play.google.com/store/apps/details?id=com.glu.deerhunt2 ......
Success to get info from Play Store
The lastest version of com.glu.deerhunt2-1.apk is 
Done processing com.glu.deerhunt2-1.apk
Time Spent:   0 Days 0 Hours 0 Minutes 1 Seconds

============================================================================
6/30 Starting processing com.google.android.apps.docs-1.apk ......
Getting apk info from https://play.google.com/store/apps/details?id=com.google.android.apps.docs ......
Success to get info from Play Store
The lastest version of com.google.android.apps.docs-1.apk is 
Done processing com.google.android.apps.docs-1.apk
Time Spent:   0 Days 0 Hours 0 Minutes 1 Seconds

============================================================================
7/30 Starting processing com.google.android.apps.plus-1.apk ......
Getting apk info from https://play.google.com/store/apps/details?id=com.google.android.apps.plus ......
Success to get info from Play Store
The lastest version of com.google.android.apps.plus-1.apk is 
Done processing com.google.android.apps.plus-1.apk
Time Spent:   0 Days 0 Hours 0 Minutes 2 Seconds

============================================================================
8/30 Starting processing com.google.android.apps.translate-1.apk ......
Getting apk info from https://play.google.com/store/apps/details?id=com.google.android.apps.translate ......
Success to get info from Play Store
The lastest version of com.google.android.apps.translate-1.apk is 
Done processing com.google.android.apps.translate-1.apk
Time Spent:   0 Days 0 Hours 0 Minutes 2 Seconds

============================================================================
9/30 Starting processing com.google.android.talk-1.apk ......
Getting apk info from https://play.google.com/store/apps/details?id=com.google.android.talk ......
Success to get info from Play Store
The lastest version of com.google.android.talk-1.apk is 
Done processing com.google.android.talk-1.apk
Time Spent:   0 Days 0 Hours 0 Minutes 2 Seconds

============================================================================
10/30 Starting processing com.google.android.tts-1.apk ......
Getting apk info from https://play.google.com/store/apps/details?id=com.google.android.tts ......
Success to get info from Play Store
The lastest version of com.google.android.tts-1.apk is 
Done processing com.google.android.tts-1.apk
Time Spent:   0 Days 0 Hours 0 Minutes 2 Seconds

============================================================================
11/30 Starting processing com.google.android.videos-1.apk ......
Getting apk info from https://play.google.com/store/apps/details?id=com.google.android.videos ......
Success to get info from Play Store
The lastest version of com.google.android.videos-1.apk is 
Done processing com.google.android.videos-1.apk
Time Spent:   0 Days 0 Hours 0 Minutes 3 Seconds

============================================================================
12/30 Starting processing com.hcg.cok.gp-1.apk ......
Getting apk info from https://play.google.com/store/apps/details?id=com.hcg.cok.gp ......
Success to get info from Play Store
The lastest version of com.hcg.cok.gp-1.apk is 
Done processing com.hcg.cok.gp-1.apk
Time Spent:   0 Days 0 Hours 0 Minutes 3 Seconds

============================================================================
13/30 Starting processing com.hulu.plus-1.apk ......
Getting apk info from https://play.google.com/store/apps/details?id=com.hulu.plus ......
Success to get info from Play Store
The lastest version of com.hulu.plus-1.apk is 
Done processing com.hulu.plus-1.apk
Time Spent:   0 Days 0 Hours 0 Minutes 3 Seconds

============================================================================
14/30 Starting processing com.igg.android.clashofmafias-1.apk ......
Getting apk info from https://play.google.com/store/apps/details?id=com.igg.android.clashofmafias ......
Success to get info from Play Store
The lastest version of com.igg.android.clashofmafias-1.apk is 
Done processing com.igg.android.clashofmafias-1.apk
Time Spent:   0 Days 0 Hours 0 Minutes 3 Seconds

============================================================================
15/30 Starting processing com.kabam.marvelbattle-1.apk ......
Getting apk info from https://play.google.com/store/apps/details?id=com.kabam.marvelbattle ......
Success to get info from Play Store
The lastest version of com.kabam.marvelbattle-1.apk is 
Done processing com.kabam.marvelbattle-1.apk
Time Spent:   0 Days 0 Hours 0 Minutes 4 Seconds

============================================================================
16/30 Starting processing com.ksmobile.cb-1.apk ......
Getting apk info from https://play.google.com/store/apps/details?id=com.ksmobile.cb ......
Success to get info from Play Store
The lastest version of com.ksmobile.cb-1.apk is 
Done processing com.ksmobile.cb-1.apk
Time Spent:   0 Days 0 Hours 0 Minutes 4 Seconds

============================================================================
17/30 Starting processing com.midasplayer.apps.bubblewitchsaga2-1.apk ......
Getting apk info from https://play.google.com/store/apps/details?id=com.midasplayer.apps.bubblewitchsaga2 ......
Success to get info from Play Store
The lastest version of com.midasplayer.apps.bubblewitchsaga2-1.apk is 
Done processing com.midasplayer.apps.bubblewitchsaga2-1.apk
Time Spent:   0 Days 0 Hours 0 Minutes 4 Seconds

============================================================================
18/30 Starting processing com.midasplayer.apps.diamonddiggersaga-1.apk ......
Getting apk info from https://play.google.com/store/apps/details?id=com.midasplayer.apps.diamonddiggersaga ......
Success to get info from Play Store
The lastest version of com.midasplayer.apps.diamonddiggersaga-1.apk is 
Done processing com.midasplayer.apps.diamonddiggersaga-1.apk
Time Spent:   0 Days 0 Hours 0 Minutes 5 Seconds

============================================================================
19/30 Starting processing com.midasplayer.apps.papapearsaga-1.apk ......
Getting apk info from https://play.google.com/store/apps/details?id=com.midasplayer.apps.papapearsaga ......
Success to get info from Play Store
The lastest version of com.midasplayer.apps.papapearsaga-1.apk is 
Done processing com.midasplayer.apps.papapearsaga-1.apk
Time Spent:   0 Days 0 Hours 0 Minutes 5 Seconds

============================================================================
20/30 Starting processing com.pinger.textfree.call-1.apk ......
Getting apk info from https://play.google.com/store/apps/details?id=com.pinger.textfree.call ......
Success to get info from Play Store
The lastest version of com.pinger.textfree.call-1.apk is 
Done processing com.pinger.textfree.call-1.apk
Time Spent:   0 Days 0 Hours 0 Minutes 5 Seconds

============================================================================
21/30 Starting processing com.sgiggle.production-1.apk ......
Getting apk info from https://play.google.com/store/apps/details?id=com.sgiggle.production ......
Success to get info from Play Store
The lastest version of com.sgiggle.production-1.apk is 
Done processing com.sgiggle.production-1.apk
Time Spent:   0 Days 0 Hours 0 Minutes 6 Seconds

============================================================================
22/30 Starting processing com.shopkick.app-1.apk ......
Getting apk info from https://play.google.com/store/apps/details?id=com.shopkick.app ......
Success to get info from Play Store
The lastest version of com.shopkick.app-1.apk is 
Done processing com.shopkick.app-1.apk
Time Spent:   0 Days 0 Hours 0 Minutes 6 Seconds

============================================================================
23/30 Starting processing com.slotsromance.slots.android.free-1.apk ......
Getting apk info from https://play.google.com/store/apps/details?id=com.slotsromance.slots.android.free ......
Success to get info from Play Store
The lastest version of com.slotsromance.slots.android.free-1.apk is 
Done processing com.slotsromance.slots.android.free-1.apk
Time Spent:   0 Days 0 Hours 0 Minutes 6 Seconds

============================================================================
24/30 Starting processing com.smule.magicpiano-1.apk ......
Getting apk info from https://play.google.com/store/apps/details?id=com.smule.magicpiano ......
Success to get info from Play Store
The lastest version of com.smule.magicpiano-1.apk is 
Done processing com.smule.magicpiano-1.apk
Time Spent:   0 Days 0 Hours 0 Minutes 6 Seconds

============================================================================
25/30 Starting processing com.smule.singandroid-1.apk ......
Getting apk info from https://play.google.com/store/apps/details?id=com.smule.singandroid ......
Success to get info from Play Store
The lastest version of com.smule.singandroid-1.apk is 
Done processing com.smule.singandroid-1.apk
Time Spent:   0 Days 0 Hours 0 Minutes 7 Seconds

============================================================================
26/30 Starting processing com.tap4fun.spartanwar-1.apk ......
Getting apk info from https://play.google.com/store/apps/details?id=com.tap4fun.spartanwar ......
Success to get info from Play Store
The lastest version of com.tap4fun.spartanwar-1.apk is 
Done processing com.tap4fun.spartanwar-1.apk
Time Spent:   0 Days 0 Hours 0 Minutes 7 Seconds

============================================================================
27/30 Starting processing com.tencent.qqpim-1.apk ......
Getting apk info from https://play.google.com/store/apps/details?id=com.tencent.qqpim ......
Success to get info from Play Store
The lastest version of com.tencent.qqpim-1.apk is 
Done processing com.tencent.qqpim-1.apk
Time Spent:   0 Days 0 Hours 0 Minutes 7 Seconds

============================================================================
28/30 Starting processing com.xs.armysniper-1.apk ......
Getting apk info from https://play.google.com/store/apps/details?id=com.xs.armysniper ......
Success to get info from Play Store
The lastest version of com.xs.armysniper-1.apk is 
Done processing com.xs.armysniper-1.apk
Time Spent:   0 Days 0 Hours 0 Minutes 7 Seconds

============================================================================
29/30 Starting processing com.zynga.wwf2.free-1.apk ......
Getting apk info from https://play.google.com/store/apps/details?id=com.zynga.wwf2.free ......
Success to get info from Play Store
The lastest version of com.zynga.wwf2.free-1.apk is 
Done processing com.zynga.wwf2.free-1.apk
Time Spent:   0 Days 0 Hours 0 Minutes 8 Seconds

============================================================================
30/30 Starting processing org.deadbeef.android-1.apk ......
Getting apk info from https://play.google.com/store/apps/details?id=org.deadbeef.android ......
Success to get info from Play Store
The lastest version of org.deadbeef.android-1.apk is 
Done processing org.deadbeef.android-1.apk
Time Spent:   0 Days 0 Hours 0 Minutes 8 Seconds

============================================================================


**************************************************************
All Done
Total Time:   0 Days 0 Hours 0 Minutes 8 Seconds
Result Location:               /home/Git-Apk/code_resource/script_hooks/scan_apk/scan_apk_version/results/AppInfo_2015-02-04-16-15-29.csv
**************************************************************
