Start processing app in list /home/Git-Apk/Updated_list from /home/Git-Apk/Baidu  ......

============================================================================
1/3 Starting processing com.alensw.PicFolder-1.apk ......
Getting apk info from https://play.google.com/store/apps/details?id=com.alensw.PicFolder ......
Success to get info from Play Store
The lastest version of com.alensw.PicFolder-1.apk is  4.6.4.1252  
Done processing com.alensw.PicFolder-1.apk
Time Spent:   0 Days 0 Hours 0 Minutes 2 Seconds

============================================================================
2/3 Starting processing com.jiasoft.swreader-1.apk ......
Getting apk info from https://play.google.com/store/apps/details?id=com.jiasoft.swreader ......
[ERROR] : Cannot find info of com.jiasoft.swreader-1.apk on https://play.google.com/store/apps/details?id=com.jiasoft.swreader !!!
Done processing com.jiasoft.swreader-1.apk
Time Spent:   0 Days 0 Hours 0 Minutes 4 Seconds

============================================================================
3/3 Starting processing com.taobao.taobao-1.apk ......
Getting apk info from https://play.google.com/store/apps/details?id=com.taobao.taobao ......
Success to get info from Play Store
The lastest version of com.taobao.taobao-1.apk is  5.4.3  
Done processing com.taobao.taobao-1.apk
Time Spent:   0 Days 0 Hours 0 Minutes 6 Seconds

============================================================================


**************************************************************
All Done
Total Time:   0 Days 0 Hours 0 Minutes 6 Seconds
Result Location:               /home/Git-Apk/code_resource/script_hooks/scan_apk/scan_apk_version/results/AppInfo_2015-11-09-23-41-28.csv
**************************************************************
