Start processing app in list /home/Git-Apk/Updated_list from /home/Git-Apk/All_Apk  ......

============================================================================
1/17 Starting processing air.WR3DFree-1.apk ......
Getting apk info from https://play.google.com/store/apps/details?id=air.WR3DFree ......
Success to get info from Play Store
The lastest version of air.WR3DFree-1.apk is  1.460  
Done processing air.WR3DFree-1.apk
Time Spent:   0 Days 0 Hours 0 Minutes 2 Seconds

============================================================================
2/17 Starting processing com.android.vending-1.apk ......
Getting apk info from https://play.google.com/store/apps/details?id=com.android.vending ......
[ERROR] : Cannot find info of com.android.vending-1.apk on https://play.google.com/store/apps/details?id=com.android.vending !!!
Done processing com.android.vending-1.apk
Time Spent:   0 Days 0 Hours 0 Minutes 4 Seconds

============================================================================
3/17 Starting processing com.eamobile.nbajam_na_wf-1.apk ......
Getting apk info from https://play.google.com/store/apps/details?id=com.eamobile.nbajam_na_wf ......
Success to get info from Play Store
The lastest version of com.eamobile.nbajam_na_wf-1.apk is  04.00.14  
Done processing com.eamobile.nbajam_na_wf-1.apk
Time Spent:   0 Days 0 Hours 0 Minutes 6 Seconds

============================================================================
4/17 Starting processing com.glu.t5-1.apk ......
Getting apk info from https://play.google.com/store/apps/details?id=com.glu.t5 ......
Success to get info from Play Store
The lastest version of com.glu.t5-1.apk is  2.0.1  
Done processing com.glu.t5-1.apk
Time Spent:   0 Days 0 Hours 0 Minutes 8 Seconds

============================================================================
5/17 Starting processing com.guildsoftware.vendetta-1.apk ......
Getting apk info from https://play.google.com/store/apps/details?id=com.guildsoftware.vendetta ......
Success to get info from Play Store
The lastest version of com.guildsoftware.vendetta-1.apk is  1.8.347  
Done processing com.guildsoftware.vendetta-1.apk
Time Spent:   0 Days 0 Hours 0 Minutes 10 Seconds

============================================================================
6/17 Starting processing com.hemispheregames.osmosdemo-1.apk ......
Getting apk info from https://play.google.com/store/apps/details?id=com.hemispheregames.osmosdemo ......
Success to get info from Play Store
The lastest version of com.hemispheregames.osmosdemo-1.apk is    Varies with device  
Done processing com.hemispheregames.osmosdemo-1.apk
Time Spent:   0 Days 0 Hours 0 Minutes 12 Seconds

============================================================================
7/17 Starting processing com.instagram.android-1.apk ......
Getting apk info from https://play.google.com/store/apps/details?id=com.instagram.android ......
Success to get info from Play Store
The lastest version of com.instagram.android-1.apk is    Varies with device  
Done processing com.instagram.android-1.apk
Time Spent:   0 Days 0 Hours 0 Minutes 15 Seconds

============================================================================
8/17 Starting processing com.intsig.BizCardReader-1.apk ......
Getting apk info from https://play.google.com/store/apps/details?id=com.intsig.BizCardReader ......
Success to get info from Play Store
The lastest version of com.intsig.BizCardReader-1.apk is    Varies with device  
Done processing com.intsig.BizCardReader-1.apk
Time Spent:   0 Days 0 Hours 0 Minutes 18 Seconds

============================================================================
9/17 Starting processing com.ludia.waldo3free-1.apk ......
Getting apk info from https://play.google.com/store/apps/details?id=com.ludia.waldo3free ......
Success to get info from Play Store
The lastest version of com.ludia.waldo3free-1.apk is  3.5.5  
Done processing com.ludia.waldo3free-1.apk
Time Spent:   0 Days 0 Hours 0 Minutes 22 Seconds

============================================================================
10/17 Starting processing com.path-1.apk ......
Getting apk info from https://play.google.com/store/apps/details?id=com.path ......
Success to get info from Play Store
The lastest version of com.path-1.apk is    Varies with device  
Done processing com.path-1.apk
Time Spent:   0 Days 0 Hours 0 Minutes 26 Seconds

============================================================================
11/17 Starting processing com.shopkick.app-1.apk ......
Getting apk info from https://play.google.com/store/apps/details?id=com.shopkick.app ......
Success to get info from Play Store
The lastest version of com.shopkick.app-1.apk is  4.7  
Done processing com.shopkick.app-1.apk
Time Spent:   0 Days 0 Hours 0 Minutes 30 Seconds

============================================================================
12/17 Starting processing com.snapchat.android-1.apk ......
Getting apk info from https://play.google.com/store/apps/details?id=com.snapchat.android ......
Success to get info from Play Store
The lastest version of com.snapchat.android-1.apk is  9.14.1.0  
Done processing com.snapchat.android-1.apk
Time Spent:   0 Days 0 Hours 0 Minutes 32 Seconds

============================================================================
13/17 Starting processing com.tencent.qqlive-1.apk ......
Getting apk info from https://play.google.com/store/apps/details?id=com.tencent.qqlive ......
Success to get info from Play Store
The lastest version of com.tencent.qqlive-1.apk is  4.1.0.8897  
Done processing com.tencent.qqlive-1.apk
Time Spent:   0 Days 0 Hours 0 Minutes 36 Seconds

============================================================================
14/17 Starting processing com.umonistudio.tile-1.apk ......
Getting apk info from https://play.google.com/store/apps/details?id=com.umonistudio.tile ......
Success to get info from Play Store
The lastest version of com.umonistudio.tile-1.apk is  3.4.6.1  
Done processing com.umonistudio.tile-1.apk
Time Spent:   0 Days 0 Hours 0 Minutes 49 Seconds

============================================================================
15/17 Starting processing com.zimperium.stagefrightdetector-1.apk ......
Getting apk info from https://play.google.com/store/apps/details?id=com.zimperium.stagefrightdetector ......
Success to get info from Play Store
The lastest version of com.zimperium.stagefrightdetector-1.apk is  3.0  
Done processing com.zimperium.stagefrightdetector-1.apk
Time Spent:   0 Days 0 Hours 0 Minutes 51 Seconds

============================================================================
16/17 Starting processing jp.naver.lineplay.android-1.apk ......
Getting apk info from https://play.google.com/store/apps/details?id=jp.naver.lineplay.android ......
Success to get info from Play Store
The lastest version of jp.naver.lineplay.android-1.apk is  3.4.0.0  
Done processing jp.naver.lineplay.android-1.apk
Time Spent:   0 Days 0 Hours 0 Minutes 56 Seconds

============================================================================
17/17 Starting processing net.flixster.android-1.apk ......
Getting apk info from https://play.google.com/store/apps/details?id=net.flixster.android ......
Success to get info from Play Store
The lastest version of net.flixster.android-1.apk is    Varies with device  
Done processing net.flixster.android-1.apk
Time Spent:   0 Days 0 Hours 1 Minutes 0 Seconds

============================================================================


**************************************************************
All Done
Total Time:   0 Days 0 Hours 1 Minutes 0 Seconds
Result Location:               /home/Git-Apk/code_resource/script_hooks/scan_apk/scan_apk_version/results/AppInfo_2015-08-24-09-13-09.csv
**************************************************************
