Start processing app in list /home/Git-Apk/Updated_list from /home/Git-Apk/Baidu  ......

============================================================================
1/2 Starting processing com.duowan.mobile-1.apk ......
Getting apk info from https://play.google.com/store/apps/details?id=com.duowan.mobile ......
Success to get info from Play Store
The lastest version of com.duowan.mobile-1.apk is  3.8.2  
Done processing com.duowan.mobile-1.apk
Time Spent:   0 Days 0 Hours 0 Minutes 3 Seconds

============================================================================
2/2 Starting processing com.tudou.android-1.apk ......
Getting apk info from https://play.google.com/store/apps/details?id=com.tudou.android ......
Success to get info from Play Store
The lastest version of com.tudou.android-1.apk is  4.9  
Done processing com.tudou.android-1.apk
Time Spent:   0 Days 0 Hours 0 Minutes 7 Seconds

============================================================================


**************************************************************
All Done
Total Time:   0 Days 0 Hours 0 Minutes 7 Seconds
Result Location:               /home/Git-Apk/code_resource/script_hooks/scan_apk/scan_apk_version/results/AppInfo_2015-04-27-11-33-27.csv
**************************************************************
