Start processing app in list /home/Git-Apk/Updated_list from /home/Git-Apk/All_Apk  ......

============================================================================
1/26 Starting processing com.androvidpro-1.apk ......
Getting apk info from https://play.google.com/store/apps/details?id=com.androvidpro ......
Success to get info from Play Store
The lastest version of com.androvidpro-1.apk is 
Done processing com.androvidpro-1.apk
Time Spent:   0 Days 0 Hours 0 Minutes 0 Seconds

============================================================================
2/26 Starting processing com.bennettracingsimulations.dirttrackin-1.apk ......
Getting apk info from https://play.google.com/store/apps/details?id=com.bennettracingsimulations.dirttrackin ......
Success to get info from Play Store
The lastest version of com.bennettracingsimulations.dirttrackin-1.apk is 
Done processing com.bennettracingsimulations.dirttrackin-1.apk
Time Spent:   0 Days 0 Hours 0 Minutes 0 Seconds

============================================================================
3/26 Starting processing com.cleanmaster.security-1.apk ......
Getting apk info from https://play.google.com/store/apps/details?id=com.cleanmaster.security ......
Success to get info from Play Store
The lastest version of com.cleanmaster.security-1.apk is 
Done processing com.cleanmaster.security-1.apk
Time Spent:   0 Days 0 Hours 0 Minutes 0 Seconds

============================================================================
4/26 Starting processing com.com2us.HB3D-1.apk ......
Getting apk info from https://play.google.com/store/apps/details?id=com.com2us.HB3D ......
Success to get info from Play Store
The lastest version of com.com2us.HB3D-1.apk is 
Done processing com.com2us.HB3D-1.apk
Time Spent:   0 Days 0 Hours 0 Minutes 1 Seconds

============================================================================
5/26 Starting processing com.ea.game.tetris2011_na-1.apk ......
Getting apk info from https://play.google.com/store/apps/details?id=com.ea.game.tetris2011_na ......
Success to get info from Play Store
The lastest version of com.ea.game.tetris2011_na-1.apk is 
Done processing com.ea.game.tetris2011_na-1.apk
Time Spent:   0 Days 0 Hours 0 Minutes 1 Seconds

============================================================================
6/26 Starting processing com.episodeinteractive.android.catalog-1.apk ......
Getting apk info from https://play.google.com/store/apps/details?id=com.episodeinteractive.android.catalog ......
Success to get info from Play Store
The lastest version of com.episodeinteractive.android.catalog-1.apk is 
Done processing com.episodeinteractive.android.catalog-1.apk
Time Spent:   0 Days 0 Hours 0 Minutes 1 Seconds

============================================================================
7/26 Starting processing com.fgol.HungrySharkEvolution-1.apk ......
Getting apk info from https://play.google.com/store/apps/details?id=com.fgol.HungrySharkEvolution ......
Success to get info from Play Store
The lastest version of com.fgol.HungrySharkEvolution-1.apk is 
Done processing com.fgol.HungrySharkEvolution-1.apk
Time Spent:   0 Days 0 Hours 0 Minutes 1 Seconds

============================================================================
8/26 Starting processing com.glu.deerhunt2-1.apk ......
Getting apk info from https://play.google.com/store/apps/details?id=com.glu.deerhunt2 ......
Success to get info from Play Store
The lastest version of com.glu.deerhunt2-1.apk is 
Done processing com.glu.deerhunt2-1.apk
Time Spent:   0 Days 0 Hours 0 Minutes 1 Seconds

============================================================================
9/26 Starting processing com.glu.stardomkim-1.apk ......
Getting apk info from https://play.google.com/store/apps/details?id=com.glu.stardomkim ......
Success to get info from Play Store
The lastest version of com.glu.stardomkim-1.apk is 
Done processing com.glu.stardomkim-1.apk
Time Spent:   0 Days 0 Hours 0 Minutes 2 Seconds

============================================================================
10/26 Starting processing com.halfbrick.ageofzombies-1.apk ......
Getting apk info from https://play.google.com/store/apps/details?id=com.halfbrick.ageofzombies ......
Success to get info from Play Store
The lastest version of com.halfbrick.ageofzombies-1.apk is 
Done processing com.halfbrick.ageofzombies-1.apk
Time Spent:   0 Days 0 Hours 0 Minutes 2 Seconds

============================================================================
11/26 Starting processing com.intellijoy.abc.trains-1.apk ......
Getting apk info from https://play.google.com/store/apps/details?id=com.intellijoy.abc.trains ......
Success to get info from Play Store
The lastest version of com.intellijoy.abc.trains-1.apk is 
Done processing com.intellijoy.abc.trains-1.apk
Time Spent:   0 Days 0 Hours 0 Minutes 2 Seconds

============================================================================
12/26 Starting processing com.king.candycrushsodasaga-1.apk ......
Getting apk info from https://play.google.com/store/apps/details?id=com.king.candycrushsodasaga ......
Success to get info from Play Store
The lastest version of com.king.candycrushsodasaga-1.apk is 
Done processing com.king.candycrushsodasaga-1.apk
Time Spent:   0 Days 0 Hours 0 Minutes 2 Seconds

============================================================================
13/26 Starting processing com.king.farmheroessaga-1.apk ......
Getting apk info from https://play.google.com/store/apps/details?id=com.king.farmheroessaga ......
Success to get info from Play Store
The lastest version of com.king.farmheroessaga-1.apk is 
Done processing com.king.farmheroessaga-1.apk
Time Spent:   0 Days 0 Hours 0 Minutes 3 Seconds

============================================================================
14/26 Starting processing com.melodis.midomiMusicIdentifier.freemium-1.apk ......
Getting apk info from https://play.google.com/store/apps/details?id=com.melodis.midomiMusicIdentifier.freemium ......
Success to get info from Play Store
The lastest version of com.melodis.midomiMusicIdentifier.freemium-1.apk is 
Done processing com.melodis.midomiMusicIdentifier.freemium-1.apk
Time Spent:   0 Days 0 Hours 0 Minutes 3 Seconds

============================================================================
15/26 Starting processing com.midasplayer.apps.papapearsaga-1.apk ......
Getting apk info from https://play.google.com/store/apps/details?id=com.midasplayer.apps.papapearsaga ......
Success to get info from Play Store
The lastest version of com.midasplayer.apps.papapearsaga-1.apk is 
Done processing com.midasplayer.apps.papapearsaga-1.apk
Time Spent:   0 Days 0 Hours 0 Minutes 3 Seconds

============================================================================
16/26 Starting processing com.mindblocks.blocks-1.apk ......
Getting apk info from https://play.google.com/store/apps/details?id=com.mindblocks.blocks ......
Success to get info from Play Store
The lastest version of com.mindblocks.blocks-1.apk is 
Done processing com.mindblocks.blocks-1.apk
Time Spent:   0 Days 0 Hours 0 Minutes 3 Seconds

============================================================================
17/26 Starting processing com.outfit7.mytalkingtomfree-1.apk ......
Getting apk info from https://play.google.com/store/apps/details?id=com.outfit7.mytalkingtomfree ......
Success to get info from Play Store
The lastest version of com.outfit7.mytalkingtomfree-1.apk is 
Done processing com.outfit7.mytalkingtomfree-1.apk
Time Spent:   0 Days 0 Hours 0 Minutes 4 Seconds

============================================================================
18/26 Starting processing com.pennypop.monsters.live-1.apk ......
Getting apk info from https://play.google.com/store/apps/details?id=com.pennypop.monsters.live ......
Success to get info from Play Store
The lastest version of com.pennypop.monsters.live-1.apk is 
Done processing com.pennypop.monsters.live-1.apk
Time Spent:   0 Days 0 Hours 0 Minutes 4 Seconds

============================================================================
19/26 Starting processing com.theonegames.gunshipbattle-1.apk ......
Getting apk info from https://play.google.com/store/apps/details?id=com.theonegames.gunshipbattle ......
Success to get info from Play Store
The lastest version of com.theonegames.gunshipbattle-1.apk is 
Done processing com.theonegames.gunshipbattle-1.apk
Time Spent:   0 Days 0 Hours 0 Minutes 4 Seconds

============================================================================
20/26 Starting processing com.turner.cardwars-1.apk ......
Getting apk info from https://play.google.com/store/apps/details?id=com.turner.cardwars ......
Success to get info from Play Store
The lastest version of com.turner.cardwars-1.apk is 
Done processing com.turner.cardwars-1.apk
Time Spent:   0 Days 0 Hours 0 Minutes 4 Seconds

============================================================================
21/26 Starting processing com.worms3.app-1.apk ......
Getting apk info from https://play.google.com/store/apps/details?id=com.worms3.app ......
Success to get info from Play Store
The lastest version of com.worms3.app-1.apk is 
Done processing com.worms3.app-1.apk
Time Spent:   0 Days 0 Hours 0 Minutes 5 Seconds

============================================================================
22/26 Starting processing com.yodo1.crossyroad-1.apk ......
Getting apk info from https://play.google.com/store/apps/details?id=com.yodo1.crossyroad ......
Success to get info from Play Store
The lastest version of com.yodo1.crossyroad-1.apk is 
Done processing com.yodo1.crossyroad-1.apk
Time Spent:   0 Days 0 Hours 0 Minutes 5 Seconds

============================================================================
23/26 Starting processing com.zindagigames.test-1.apk ......
Getting apk info from https://play.google.com/store/apps/details?id=com.zindagigames.test ......
Success to get info from Play Store
The lastest version of com.zindagigames.test-1.apk is 
Done processing com.zindagigames.test-1.apk
Time Spent:   0 Days 0 Hours 0 Minutes 5 Seconds

============================================================================
24/26 Starting processing kr.co.tictocplus-1.apk ......
Getting apk info from https://play.google.com/store/apps/details?id=kr.co.tictocplus ......
Success to get info from Play Store
The lastest version of kr.co.tictocplus-1.apk is 
Done processing kr.co.tictocplus-1.apk
Time Spent:   0 Days 0 Hours 0 Minutes 5 Seconds

============================================================================
25/26 Starting processing no.dirtybit.funrun-1.apk ......
Getting apk info from https://play.google.com/store/apps/details?id=no.dirtybit.funrun ......
Success to get info from Play Store
The lastest version of no.dirtybit.funrun-1.apk is 
Done processing no.dirtybit.funrun-1.apk
Time Spent:   0 Days 0 Hours 0 Minutes 5 Seconds

============================================================================
26/26 Starting processing tv.pps.mobile-1.apk ......
Getting apk info from https://play.google.com/store/apps/details?id=tv.pps.mobile ......
Success to get info from Play Store
The lastest version of tv.pps.mobile-1.apk is 
Done processing tv.pps.mobile-1.apk
Time Spent:   0 Days 0 Hours 0 Minutes 6 Seconds

============================================================================


**************************************************************
All Done
Total Time:   0 Days 0 Hours 0 Minutes 6 Seconds
Result Location:               /home/Git-Apk/code_resource/script_hooks/scan_apk/scan_apk_version/results/AppInfo_2015-04-16-11-07-03.csv
**************************************************************
