Start processing app in list /home/Git-Apk/Updated_list from /home/Git-Apk/Baidu  ......

============================================================================
1/40 Starting processing cn.anuman.garfieldkart-1.apk ......
Getting apk info from https://play.google.com/store/apps/details?id=cn.anuman.garfieldkart ......
[ERROR] : Cannot find info of cn.anuman.garfieldkart-1.apk on https://play.google.com/store/apps/details?id=cn.anuman.garfieldkart !!!
Done processing cn.anuman.garfieldkart-1.apk
Time Spent:   0 Days 0 Hours 0 Minutes 5 Seconds

============================================================================
2/40 Starting processing cn.com.talkweb.crazymagic.badk-1.apk ......
Getting apk info from https://play.google.com/store/apps/details?id=cn.com.talkweb.crazymagic.badk ......
[ERROR] : Cannot find info of cn.com.talkweb.crazymagic.badk-1.apk on https://play.google.com/store/apps/details?id=cn.com.talkweb.crazymagic.badk !!!
Done processing cn.com.talkweb.crazymagic.badk-1.apk
Time Spent:   0 Days 0 Hours 0 Minutes 6 Seconds

============================================================================
3/40 Starting processing com.boyaa.taxas.duoku-1.apk ......
Getting apk info from https://play.google.com/store/apps/details?id=com.boyaa.taxas.duoku ......
[ERROR] : Cannot find info of com.boyaa.taxas.duoku-1.apk on https://play.google.com/store/apps/details?id=com.boyaa.taxas.duoku !!!
Done processing com.boyaa.taxas.duoku-1.apk
Time Spent:   0 Days 0 Hours 0 Minutes 8 Seconds

============================================================================
4/40 Starting processing com.disney.troz-1.apk ......
Getting apk info from https://play.google.com/store/apps/details?id=com.disney.troz ......
[ERROR] : Cannot find info of com.disney.troz-1.apk on https://play.google.com/store/apps/details?id=com.disney.troz !!!
Done processing com.disney.troz-1.apk
Time Spent:   0 Days 0 Hours 0 Minutes 9 Seconds

============================================================================
5/40 Starting processing com.doujiao.huafeipoker.activity-1.apk ......
Getting apk info from https://play.google.com/store/apps/details?id=com.doujiao.huafeipoker.activity ......
[ERROR] : Cannot find info of com.doujiao.huafeipoker.activity-1.apk on https://play.google.com/store/apps/details?id=com.doujiao.huafeipoker.activity !!!
Done processing com.doujiao.huafeipoker.activity-1.apk
Time Spent:   0 Days 0 Hours 0 Minutes 11 Seconds

============================================================================
6/40 Starting processing com.droidhang.ph.bd-1.apk ......
Getting apk info from https://play.google.com/store/apps/details?id=com.droidhang.ph.bd ......
[ERROR] : Cannot find info of com.droidhang.ph.bd-1.apk on https://play.google.com/store/apps/details?id=com.droidhang.ph.bd !!!
Done processing com.droidhang.ph.bd-1.apk
Time Spent:   0 Days 0 Hours 0 Minutes 12 Seconds

============================================================================
7/40 Starting processing com.ezjoynetwork.juicesplash-1.apk ......
Getting apk info from https://play.google.com/store/apps/details?id=com.ezjoynetwork.juicesplash ......
Success to get info from Play Store
The lastest version of com.ezjoynetwork.juicesplash-1.apk is  1.2.5  
Done processing com.ezjoynetwork.juicesplash-1.apk
Time Spent:   0 Days 0 Hours 0 Minutes 15 Seconds

============================================================================
8/40 Starting processing com.feelingtouch.racingmoto.jd-1.apk ......
Getting apk info from https://play.google.com/store/apps/details?id=com.feelingtouch.racingmoto.jd ......
[ERROR] : Cannot find info of com.feelingtouch.racingmoto.jd-1.apk on https://play.google.com/store/apps/details?id=com.feelingtouch.racingmoto.jd !!!
Done processing com.feelingtouch.racingmoto.jd-1.apk
Time Spent:   0 Days 0 Hours 0 Minutes 17 Seconds

============================================================================
9/40 Starting processing com.gameloft.android.ANMP.GloftA8CN.duoku-1.apk ......
Getting apk info from https://play.google.com/store/apps/details?id=com.gameloft.android.ANMP.GloftA8CN.duoku ......
[ERROR] : Cannot find info of com.gameloft.android.ANMP.GloftA8CN.duoku-1.apk on https://play.google.com/store/apps/details?id=com.gameloft.android.ANMP.GloftA8CN.duoku !!!
Done processing com.gameloft.android.ANMP.GloftA8CN.duoku-1.apk
Time Spent:   0 Days 0 Hours 0 Minutes 18 Seconds

============================================================================
10/40 Starting processing com.gameloft.android.GAND.GloftDMHP-1.apk ......
Getting apk info from https://play.google.com/store/apps/details?id=com.gameloft.android.GAND.GloftDMHP ......
[ERROR] : Cannot find info of com.gameloft.android.GAND.GloftDMHP-1.apk on https://play.google.com/store/apps/details?id=com.gameloft.android.GAND.GloftDMHP !!!
Done processing com.gameloft.android.GAND.GloftDMHP-1.apk
Time Spent:   0 Days 0 Hours 0 Minutes 19 Seconds

============================================================================
11/40 Starting processing com.gameloft.android.GAND.GloftSMIF-1.apk ......
Getting apk info from https://play.google.com/store/apps/details?id=com.gameloft.android.GAND.GloftSMIF ......
[ERROR] : Cannot find info of com.gameloft.android.GAND.GloftSMIF-1.apk on https://play.google.com/store/apps/details?id=com.gameloft.android.GAND.GloftSMIF !!!
Done processing com.gameloft.android.GAND.GloftSMIF-1.apk
Time Spent:   0 Days 0 Hours 0 Minutes 21 Seconds

============================================================================
12/40 Starting processing com.gamevil.zenonia5.chukong.duoku-1.apk ......
Getting apk info from https://play.google.com/store/apps/details?id=com.gamevil.zenonia5.chukong.duoku ......
[ERROR] : Cannot find info of com.gamevil.zenonia5.chukong.duoku-1.apk on https://play.google.com/store/apps/details?id=com.gamevil.zenonia5.chukong.duoku !!!
Done processing com.gamevil.zenonia5.chukong.duoku-1.apk
Time Spent:   0 Days 0 Hours 0 Minutes 22 Seconds

============================================================================
13/40 Starting processing com.ggs.leidian2.cmg03-1.apk ......
Getting apk info from https://play.google.com/store/apps/details?id=com.ggs.leidian2.cmg03 ......
[ERROR] : Cannot find info of com.ggs.leidian2.cmg03-1.apk on https://play.google.com/store/apps/details?id=com.ggs.leidian2.cmg03 !!!
Done processing com.ggs.leidian2.cmg03-1.apk
Time Spent:   0 Days 0 Hours 0 Minutes 24 Seconds

============================================================================
14/40 Starting processing com.glu.dino.duoku-1.apk ......
Getting apk info from https://play.google.com/store/apps/details?id=com.glu.dino.duoku ......
[ERROR] : Cannot find info of com.glu.dino.duoku-1.apk on https://play.google.com/store/apps/details?id=com.glu.dino.duoku !!!
Done processing com.glu.dino.duoku-1.apk
Time Spent:   0 Days 0 Hours 0 Minutes 25 Seconds

============================================================================
15/40 Starting processing com.glu.robocop.baidu-1.apk ......
Getting apk info from https://play.google.com/store/apps/details?id=com.glu.robocop.baidu ......
[ERROR] : Cannot find info of com.glu.robocop.baidu-1.apk on https://play.google.com/store/apps/details?id=com.glu.robocop.baidu !!!
Done processing com.glu.robocop.baidu-1.apk
Time Spent:   0 Days 0 Hours 0 Minutes 27 Seconds

============================================================================
16/40 Starting processing com.halfbrick.jetpackjoyridepaid-1.apk ......
Getting apk info from https://play.google.com/store/apps/details?id=com.halfbrick.jetpackjoyridepaid ......
[ERROR] : Cannot find info of com.halfbrick.jetpackjoyridepaid-1.apk on https://play.google.com/store/apps/details?id=com.halfbrick.jetpackjoyridepaid !!!
Done processing com.halfbrick.jetpackjoyridepaid-1.apk
Time Spent:   0 Days 0 Hours 0 Minutes 28 Seconds

============================================================================
17/40 Starting processing com.happyqbot.chs-1.apk ......
Getting apk info from https://play.google.com/store/apps/details?id=com.happyqbot.chs ......
[ERROR] : Cannot find info of com.happyqbot.chs-1.apk on https://play.google.com/store/apps/details?id=com.happyqbot.chs !!!
Done processing com.happyqbot.chs-1.apk
Time Spent:   0 Days 0 Hours 0 Minutes 30 Seconds

============================================================================
18/40 Starting processing com.jianhui.blastergamegles-1.apk ......
Getting apk info from https://play.google.com/store/apps/details?id=com.jianhui.blastergamegles ......
Success to get info from Play Store
The lastest version of com.jianhui.blastergamegles-1.apk is  1.1  
Done processing com.jianhui.blastergamegles-1.apk
Time Spent:   0 Days 0 Hours 0 Minutes 32 Seconds

============================================================================
19/40 Starting processing com.jumo.leidian.nl_bd-1.apk ......
Getting apk info from https://play.google.com/store/apps/details?id=com.jumo.leidian.nl_bd ......
[ERROR] : Cannot find info of com.jumo.leidian.nl_bd-1.apk on https://play.google.com/store/apps/details?id=com.jumo.leidian.nl_bd !!!
Done processing com.jumo.leidian.nl_bd-1.apk
Time Spent:   0 Days 0 Hours 0 Minutes 34 Seconds

============================================================================
20/40 Starting processing com.lt.parkour2014_1078-1.apk ......
Getting apk info from https://play.google.com/store/apps/details?id=com.lt.parkour2014_1078 ......
[ERROR] : Cannot find info of com.lt.parkour2014_1078-1.apk on https://play.google.com/store/apps/details?id=com.lt.parkour2014_1078 !!!
Done processing com.lt.parkour2014_1078-1.apk
Time Spent:   0 Days 0 Hours 0 Minutes 35 Seconds

============================================================================
21/40 Starting processing com.mas.wawagame.qmjjlord-1.apk ......
Getting apk info from https://play.google.com/store/apps/details?id=com.mas.wawagame.qmjjlord ......
[ERROR] : Cannot find info of com.mas.wawagame.qmjjlord-1.apk on https://play.google.com/store/apps/details?id=com.mas.wawagame.qmjjlord !!!
Done processing com.mas.wawagame.qmjjlord-1.apk
Time Spent:   0 Days 0 Hours 0 Minutes 37 Seconds

============================================================================
22/40 Starting processing com.mayahuyu.qmdpy.baidu-1.apk ......
Getting apk info from https://play.google.com/store/apps/details?id=com.mayahuyu.qmdpy.baidu ......
[ERROR] : Cannot find info of com.mayahuyu.qmdpy.baidu-1.apk on https://play.google.com/store/apps/details?id=com.mayahuyu.qmdpy.baidu !!!
Done processing com.mayahuyu.qmdpy.baidu-1.apk
Time Spent:   0 Days 0 Hours 0 Minutes 38 Seconds

============================================================================
23/40 Starting processing com.mfp.frozen.playgame.disney.duoku-1.apk ......
Getting apk info from https://play.google.com/store/apps/details?id=com.mfp.frozen.playgame.disney.duoku ......
[ERROR] : Cannot find info of com.mfp.frozen.playgame.disney.duoku-1.apk on https://play.google.com/store/apps/details?id=com.mfp.frozen.playgame.disney.duoku !!!
Done processing com.mfp.frozen.playgame.disney.duoku-1.apk
Time Spent:   0 Days 0 Hours 0 Minutes 40 Seconds

============================================================================
24/40 Starting processing com.moling.buyu10002.baidu-1.apk ......
Getting apk info from https://play.google.com/store/apps/details?id=com.moling.buyu10002.baidu ......
[ERROR] : Cannot find info of com.moling.buyu10002.baidu-1.apk on https://play.google.com/store/apps/details?id=com.moling.buyu10002.baidu !!!
Done processing com.moling.buyu10002.baidu-1.apk
Time Spent:   0 Days 0 Hours 0 Minutes 42 Seconds

============================================================================
25/40 Starting processing com.og.ddz-1.apk ......
Getting apk info from https://play.google.com/store/apps/details?id=com.og.ddz ......
[ERROR] : Cannot find info of com.og.ddz-1.apk on https://play.google.com/store/apps/details?id=com.og.ddz !!!
Done processing com.og.ddz-1.apk
Time Spent:   0 Days 0 Hours 0 Minutes 43 Seconds

============================================================================
26/40 Starting processing com.onemore.drift-1.apk ......
Getting apk info from https://play.google.com/store/apps/details?id=com.onemore.drift ......
[ERROR] : Cannot find info of com.onemore.drift-1.apk on https://play.google.com/store/apps/details?id=com.onemore.drift !!!
Done processing com.onemore.drift-1.apk
Time Spent:   0 Days 0 Hours 0 Minutes 44 Seconds

============================================================================
27/40 Starting processing com.ourgame.mahjong.nd91-1.apk ......
Getting apk info from https://play.google.com/store/apps/details?id=com.ourgame.mahjong.nd91 ......
[ERROR] : Cannot find info of com.ourgame.mahjong.nd91-1.apk on https://play.google.com/store/apps/details?id=com.ourgame.mahjong.nd91 !!!
Done processing com.ourgame.mahjong.nd91-1.apk
Time Spent:   0 Days 0 Hours 0 Minutes 46 Seconds

============================================================================
28/40 Starting processing com.ovital.ovitalMap-1.apk ......
Getting apk info from https://play.google.com/store/apps/details?id=com.ovital.ovitalMap ......
[ERROR] : Cannot find info of com.ovital.ovitalMap-1.apk on https://play.google.com/store/apps/details?id=com.ovital.ovitalMap !!!
Done processing com.ovital.ovitalMap-1.apk
Time Spent:   0 Days 0 Hours 0 Minutes 47 Seconds

============================================================================
29/40 Starting processing com.pokercity.mxddz-1.apk ......
Getting apk info from https://play.google.com/store/apps/details?id=com.pokercity.mxddz ......
[ERROR] : Cannot find info of com.pokercity.mxddz-1.apk on https://play.google.com/store/apps/details?id=com.pokercity.mxddz !!!
Done processing com.pokercity.mxddz-1.apk
Time Spent:   0 Days 0 Hours 0 Minutes 48 Seconds

============================================================================
30/40 Starting processing com.rovio.angrybirds.badk-1.apk ......
Getting apk info from https://play.google.com/store/apps/details?id=com.rovio.angrybirds.badk ......
[ERROR] : Cannot find info of com.rovio.angrybirds.badk-1.apk on https://play.google.com/store/apps/details?id=com.rovio.angrybirds.badk !!!
Done processing com.rovio.angrybirds.badk-1.apk
Time Spent:   0 Days 0 Hours 0 Minutes 50 Seconds

============================================================================
31/40 Starting processing com.sega.sonicdash-1.apk ......
Getting apk info from https://play.google.com/store/apps/details?id=com.sega.sonicdash ......
Success to get info from Play Store
The lastest version of com.sega.sonicdash-1.apk is  2.6.2.Go  
Done processing com.sega.sonicdash-1.apk
Time Spent:   0 Days 0 Hours 0 Minutes 56 Seconds

============================================================================
32/40 Starting processing com.sg.gdx.td-1.apk ......
Getting apk info from https://play.google.com/store/apps/details?id=com.sg.gdx.td ......
[ERROR] : Cannot find info of com.sg.gdx.td-1.apk on https://play.google.com/store/apps/details?id=com.sg.gdx.td !!!
Done processing com.sg.gdx.td-1.apk
Time Spent:   0 Days 0 Hours 0 Minutes 57 Seconds

============================================================================
33/40 Starting processing com.soulgame.bubble.baidumdo-1.apk ......
Getting apk info from https://play.google.com/store/apps/details?id=com.soulgame.bubble.baidumdo ......
[ERROR] : Cannot find info of com.soulgame.bubble.baidumdo-1.apk on https://play.google.com/store/apps/details?id=com.soulgame.bubble.baidumdo !!!
Done processing com.soulgame.bubble.baidumdo-1.apk
Time Spent:   0 Days 0 Hours 0 Minutes 59 Seconds

============================================================================
34/40 Starting processing com.ubisoft.MonkeyKing-1.apk ......
Getting apk info from https://play.google.com/store/apps/details?id=com.ubisoft.MonkeyKing ......
[ERROR] : Cannot find info of com.ubisoft.MonkeyKing-1.apk on https://play.google.com/store/apps/details?id=com.ubisoft.MonkeyKing !!!
Done processing com.ubisoft.MonkeyKing-1.apk
Time Spent:   0 Days 0 Hours 1 Minutes 0 Seconds

============================================================================
35/40 Starting processing com.vav5.KingOfPlane-1.apk ......
Getting apk info from https://play.google.com/store/apps/details?id=com.vav5.KingOfPlane ......
[ERROR] : Cannot find info of com.vav5.KingOfPlane-1.apk on https://play.google.com/store/apps/details?id=com.vav5.KingOfPlane !!!
Done processing com.vav5.KingOfPlane-1.apk
Time Spent:   0 Days 0 Hours 1 Minutes 2 Seconds

============================================================================
36/40 Starting processing com.yodo1.ctr2.BAIDU_02-1.apk ......
Getting apk info from https://play.google.com/store/apps/details?id=com.yodo1.ctr2.BAIDU_02 ......
[ERROR] : Cannot find info of com.yodo1.ctr2.BAIDU_02-1.apk on https://play.google.com/store/apps/details?id=com.yodo1.ctr2.BAIDU_02 !!!
Done processing com.yodo1.ctr2.BAIDU_02-1.apk
Time Spent:   0 Days 0 Hours 1 Minutes 3 Seconds

============================================================================
37/40 Starting processing com.yodo1.skizgf.BAIDU_02-1.apk ......
Getting apk info from https://play.google.com/store/apps/details?id=com.yodo1.skizgf.BAIDU_02 ......
[ERROR] : Cannot find info of com.yodo1.skizgf.BAIDU_02-1.apk on https://play.google.com/store/apps/details?id=com.yodo1.skizgf.BAIDU_02 !!!
Done processing com.yodo1.skizgf.BAIDU_02-1.apk
Time Spent:   0 Days 0 Hours 1 Minutes 4 Seconds

============================================================================
38/40 Starting processing hywxjsddz.yyhtp-1.apk ......
Getting apk info from https://play.google.com/store/apps/details?id=hywxjsddz.yyhtp ......
[ERROR] : Cannot find info of hywxjsddz.yyhtp-1.apk on https://play.google.com/store/apps/details?id=hywxjsddz.yyhtp !!!
Done processing hywxjsddz.yyhtp-1.apk
Time Spent:   0 Days 0 Hours 1 Minutes 6 Seconds

============================================================================
39/40 Starting processing org.cocos2dx.GoldenFishGame-1.apk ......
Getting apk info from https://play.google.com/store/apps/details?id=org.cocos2dx.GoldenFishGame ......
[ERROR] : Cannot find info of org.cocos2dx.GoldenFishGame-1.apk on https://play.google.com/store/apps/details?id=org.cocos2dx.GoldenFishGame !!!
Done processing org.cocos2dx.GoldenFishGame-1.apk
Time Spent:   0 Days 0 Hours 1 Minutes 7 Seconds

============================================================================
40/40 Starting processing org.cocos2dx.HappyHeroesYD-1.apk ......
Getting apk info from https://play.google.com/store/apps/details?id=org.cocos2dx.HappyHeroesYD ......
[ERROR] : Cannot find info of org.cocos2dx.HappyHeroesYD-1.apk on https://play.google.com/store/apps/details?id=org.cocos2dx.HappyHeroesYD !!!
Done processing org.cocos2dx.HappyHeroesYD-1.apk
Time Spent:   0 Days 0 Hours 1 Minutes 8 Seconds

============================================================================


**************************************************************
All Done
Total Time:   0 Days 0 Hours 1 Minutes 8 Seconds
Result Location:               /home/Git-Apk/code_resource/script_hooks/scan_apk/scan_apk_version/results/AppInfo_2015-08-26-15-33-44.csv
**************************************************************
