Start processing app in list /home/Git-Apk/Updated_list from /home/Git-Apk/All_Apk  ......

============================================================================
1/90 Starting processing com.topfreegames.bikeracefreeworld-1.apk ......
Getting apk info from https://play.google.com/store/apps/details?id=com.topfreegames.bikeracefreeworld ......
Success to get info from Play Store
The lastest version of com.topfreegames.bikeracefreeworld-1.apk is  5.5.3  
Done processing com.topfreegames.bikeracefreeworld-1.apk
Time Spent:   0 Days 0 Hours 0 Minutes 3 Seconds

============================================================================
2/90 Starting processing com.tophatter-1.apk ......
Getting apk info from https://play.google.com/store/apps/details?id=com.tophatter ......
Success to get info from Play Store
The lastest version of com.tophatter-1.apk is  1.1.157  
Done processing com.tophatter-1.apk
Time Spent:   0 Days 0 Hours 0 Minutes 8 Seconds

============================================================================
3/90 Starting processing com.tp.android.plasticsurgery-1.apk ......
Getting apk info from https://play.google.com/store/apps/details?id=com.tp.android.plasticsurgery ......
Success to get info from Play Store
The lastest version of com.tp.android.plasticsurgery-1.apk is  1.0.4  
Done processing com.tp.android.plasticsurgery-1.apk
Time Spent:   0 Days 0 Hours 0 Minutes 12 Seconds

============================================================================
4/90 Starting processing com.tripadvisor.tripadvisor-1.apk ......
Getting apk info from https://play.google.com/store/apps/details?id=com.tripadvisor.tripadvisor ......
Success to get info from Play Store
The lastest version of com.tripadvisor.tripadvisor-1.apk is    Varies with device  
Done processing com.tripadvisor.tripadvisor-1.apk
Time Spent:   0 Days 0 Hours 0 Minutes 17 Seconds

============================================================================
5/90 Starting processing com.trulia.android-1.apk ......
Getting apk info from https://play.google.com/store/apps/details?id=com.trulia.android ......
Success to get info from Play Store
The lastest version of com.trulia.android-1.apk is    Varies with device  
Done processing com.trulia.android-1.apk
Time Spent:   0 Days 0 Hours 0 Minutes 21 Seconds

============================================================================
6/90 Starting processing com.tumblr-1.apk ......
Getting apk info from https://play.google.com/store/apps/details?id=com.tumblr ......
Success to get info from Play Store
The lastest version of com.tumblr-1.apk is    Varies with device  
Done processing com.tumblr-1.apk
Time Spent:   0 Days 0 Hours 0 Minutes 25 Seconds

============================================================================
7/90 Starting processing com.turner.cnblamburger-1.apk ......
Getting apk info from https://play.google.com/store/apps/details?id=com.turner.cnblamburger ......
Success to get info from Play Store
The lastest version of com.turner.cnblamburger-1.apk is  1.0.4  
Done processing com.turner.cnblamburger-1.apk
Time Spent:   0 Days 0 Hours 0 Minutes 27 Seconds

============================================================================
8/90 Starting processing com.turner.cnvideoapp-1.apk ......
Getting apk info from https://play.google.com/store/apps/details?id=com.turner.cnvideoapp ......
Success to get info from Play Store
The lastest version of com.turner.cnvideoapp-1.apk is  2.8  
Done processing com.turner.cnvideoapp-1.apk
Time Spent:   0 Days 0 Hours 0 Minutes 29 Seconds

============================================================================
9/90 Starting processing com.tvn.superjunglemario-1.apk ......
Getting apk info from https://play.google.com/store/apps/details?id=com.tvn.superjunglemario ......
Success to get info from Play Store
The lastest version of com.tvn.superjunglemario-1.apk is  1.2  
Done processing com.tvn.superjunglemario-1.apk
Time Spent:   0 Days 0 Hours 0 Minutes 33 Seconds

============================================================================
10/90 Starting processing com.twitter.android-1.apk ......
Getting apk info from https://play.google.com/store/apps/details?id=com.twitter.android ......
Success to get info from Play Store
The lastest version of com.twitter.android-1.apk is    Varies with device  
Done processing com.twitter.android-1.apk
Time Spent:   0 Days 0 Hours 0 Minutes 37 Seconds

============================================================================
11/90 Starting processing com.ubercab-1.apk ......
Getting apk info from https://play.google.com/store/apps/details?id=com.ubercab ......
Success to get info from Play Store
The lastest version of com.ubercab-1.apk is  3.57.1  
Done processing com.ubercab-1.apk
Time Spent:   0 Days 0 Hours 0 Minutes 41 Seconds

============================================================================
12/90 Starting processing com.uken.android.titans-1.apk ......
Getting apk info from https://play.google.com/store/apps/details?id=com.uken.android.titans ......
Success to get info from Play Store
The lastest version of com.uken.android.titans-1.apk is 
Done processing com.uken.android.titans-1.apk
Time Spent:   0 Days 0 Hours 0 Minutes 45 Seconds

============================================================================
13/90 Starting processing com.ultimarom.launchnavigation-1.apk ......
Getting apk info from https://play.google.com/store/apps/details?id=com.ultimarom.launchnavigation ......
Success to get info from Play Store
The lastest version of com.ultimarom.launchnavigation-1.apk is  1.9  
Done processing com.ultimarom.launchnavigation-1.apk
Time Spent:   0 Days 0 Hours 0 Minutes 50 Seconds

============================================================================
14/90 Starting processing com.unravel-1.apk ......
Getting apk info from https://play.google.com/store/apps/details?id=com.unravel ......
Success to get info from Play Store
The lastest version of com.unravel-1.apk is  2.0.2  
Done processing com.unravel-1.apk
Time Spent:   0 Days 0 Hours 0 Minutes 54 Seconds

============================================================================
15/90 Starting processing com.usablenet.mobile.walgreen-1.apk ......
Getting apk info from https://play.google.com/store/apps/details?id=com.usablenet.mobile.walgreen ......
Success to get info from Play Store
The lastest version of com.usablenet.mobile.walgreen-1.apk is    Varies with device  
Done processing com.usablenet.mobile.walgreen-1.apk
Time Spent:   0 Days 0 Hours 0 Minutes 56 Seconds

============================================================================
16/90 Starting processing com.utorrent.client-1.apk ......
Getting apk info from https://play.google.com/store/apps/details?id=com.utorrent.client ......
Success to get info from Play Store
The lastest version of com.utorrent.client-1.apk is    Varies with device  
Done processing com.utorrent.client-1.apk
Time Spent:   0 Days 0 Hours 1 Minutes 0 Seconds

============================================================================
17/90 Starting processing com.venticake.retrica-1.apk ......
Getting apk info from https://play.google.com/store/apps/details?id=com.venticake.retrica ......
Success to get info from Play Store
The lastest version of com.venticake.retrica-1.apk is  2.5  
Done processing com.venticake.retrica-1.apk
Time Spent:   0 Days 0 Hours 1 Minutes 4 Seconds

============================================================================
18/90 Starting processing com.viber.voip-1.apk ......
Getting apk info from https://play.google.com/store/apps/details?id=com.viber.voip ......
Success to get info from Play Store
The lastest version of com.viber.voip-1.apk is  5.4.1.365  
Done processing com.viber.voip-1.apk
Time Spent:   0 Days 0 Hours 1 Minutes 8 Seconds

============================================================================
19/90 Starting processing com.wallapop-1.apk ......
Getting apk info from https://play.google.com/store/apps/details?id=com.wallapop ......
Success to get info from Play Store
The lastest version of com.wallapop-1.apk is  1.8.5.3  
Done processing com.wallapop-1.apk
Time Spent:   0 Days 0 Hours 1 Minutes 10 Seconds

============================================================================
20/90 Starting processing com.wb.goog.injustice-1.apk ......
Getting apk info from https://play.google.com/store/apps/details?id=com.wb.goog.injustice ......
Success to get info from Play Store
The lastest version of com.wb.goog.injustice-1.apk is 
Done processing com.wb.goog.injustice-1.apk
Time Spent:   0 Days 0 Hours 1 Minutes 16 Seconds

============================================================================
21/90 Starting processing com.weather.Weather-1.apk ......
Getting apk info from https://play.google.com/store/apps/details?id=com.weather.Weather ......
Success to get info from Play Store
The lastest version of com.weather.Weather-1.apk is    Varies with device  
Done processing com.weather.Weather-1.apk
Time Spent:   0 Days 0 Hours 1 Minutes 19 Seconds

============================================================================
22/90 Starting processing com.wgt.android.golf-1.apk ......
Getting apk info from https://play.google.com/store/apps/details?id=com.wgt.android.golf ......
Success to get info from Play Store
The lastest version of com.wgt.android.golf-1.apk is  1.15.0  
Done processing com.wgt.android.golf-1.apk
Time Spent:   0 Days 0 Hours 1 Minutes 22 Seconds

============================================================================
23/90 Starting processing com.whaleshark.retailmenot-1.apk ......
Getting apk info from https://play.google.com/store/apps/details?id=com.whaleshark.retailmenot ......
Success to get info from Play Store
The lastest version of com.whaleshark.retailmenot-1.apk is  4.6.2  
Done processing com.whaleshark.retailmenot-1.apk
Time Spent:   0 Days 0 Hours 1 Minutes 26 Seconds

============================================================================
24/90 Starting processing com.withbuddies.yahtzee-1.apk ......
Getting apk info from https://play.google.com/store/apps/details?id=com.withbuddies.yahtzee ......
Success to get info from Play Store
The lastest version of com.withbuddies.yahtzee-1.apk is  4.4.1  
Done processing com.withbuddies.yahtzee-1.apk
Time Spent:   0 Days 0 Hours 1 Minutes 31 Seconds

============================================================================
25/90 Starting processing com.workpail.inkpad.notepad.notes-1.apk ......
Getting apk info from https://play.google.com/store/apps/details?id=com.workpail.inkpad.notepad.notes ......
Success to get info from Play Store
The lastest version of com.workpail.inkpad.notepad.notes-1.apk is  3.0.39  
Done processing com.workpail.inkpad.notepad.notes-1.apk
Time Spent:   0 Days 0 Hours 1 Minutes 34 Seconds

============================================================================
26/90 Starting processing com.wunderground.android.weather-1.apk ......
Getting apk info from https://play.google.com/store/apps/details?id=com.wunderground.android.weather ......
Success to get info from Play Store
The lastest version of com.wunderground.android.weather-1.apk is  4.2  
Done processing com.wunderground.android.weather-1.apk
Time Spent:   0 Days 0 Hours 1 Minutes 38 Seconds

============================================================================
27/90 Starting processing com.wwe.toughenough.android-1.apk ......
Getting apk info from https://play.google.com/store/apps/details?id=com.wwe.toughenough.android ......
Success to get info from Play Store
The lastest version of com.wwe.toughenough.android-1.apk is  1.1  
Done processing com.wwe.toughenough.android-1.apk
Time Spent:   0 Days 0 Hours 1 Minutes 42 Seconds

============================================================================
28/90 Starting processing com.xfinity.playnow-1.apk ......
Getting apk info from https://play.google.com/store/apps/details?id=com.xfinity.playnow ......
Success to get info from Play Store
The lastest version of com.xfinity.playnow-1.apk is    Varies with device  
Done processing com.xfinity.playnow-1.apk
Time Spent:   0 Days 0 Hours 1 Minutes 47 Seconds

============================================================================
29/90 Starting processing com.yahoo.mobile.client.android.mail-1.apk ......
Getting apk info from https://play.google.com/store/apps/details?id=com.yahoo.mobile.client.android.mail ......
Success to get info from Play Store
The lastest version of com.yahoo.mobile.client.android.mail-1.apk is    Varies with device  
Done processing com.yahoo.mobile.client.android.mail-1.apk
Time Spent:   0 Days 0 Hours 1 Minutes 51 Seconds

============================================================================
30/90 Starting processing com.yahoo.mobile.client.android.yahoo-1.apk ......
Getting apk info from https://play.google.com/store/apps/details?id=com.yahoo.mobile.client.android.yahoo ......
Success to get info from Play Store
The lastest version of com.yahoo.mobile.client.android.yahoo-1.apk is    Varies with device  
Done processing com.yahoo.mobile.client.android.yahoo-1.apk
Time Spent:   0 Days 0 Hours 1 Minutes 56 Seconds

============================================================================
31/90 Starting processing com.yangyu.realskate-1.apk ......
Getting apk info from https://play.google.com/store/apps/details?id=com.yangyu.realskate ......
Success to get info from Play Store
The lastest version of com.yangyu.realskate-1.apk is  1.5  
Done processing com.yangyu.realskate-1.apk
Time Spent:   0 Days 0 Hours 2 Minutes 0 Seconds

============================================================================
32/90 Starting processing com.yelp.android-1.apk ......
Getting apk info from https://play.google.com/store/apps/details?id=com.yelp.android ......
Success to get info from Play Store
The lastest version of com.yelp.android-1.apk is    Varies with device  
Done processing com.yelp.android-1.apk
Time Spent:   0 Days 0 Hours 2 Minutes 4 Seconds

============================================================================
33/90 Starting processing com.yodo1.crossyroad-1.apk ......
Getting apk info from https://play.google.com/store/apps/details?id=com.yodo1.crossyroad ......
Success to get info from Play Store
The lastest version of com.yodo1.crossyroad-1.apk is  1.2.1  
Done processing com.yodo1.crossyroad-1.apk
Time Spent:   0 Days 0 Hours 2 Minutes 7 Seconds

============================================================================
34/90 Starting processing com.yx.boxinghero-1.apk ......
Getting apk info from https://play.google.com/store/apps/details?id=com.yx.boxinghero ......
Success to get info from Play Store
The lastest version of com.yx.boxinghero-1.apk is  1.0.9  
Done processing com.yx.boxinghero-1.apk
Time Spent:   0 Days 0 Hours 2 Minutes 12 Seconds

============================================================================
35/90 Starting processing com.zentertain.bigcasino-1.apk ......
Getting apk info from https://play.google.com/store/apps/details?id=com.zentertain.bigcasino ......
Success to get info from Play Store
The lastest version of com.zentertain.bigcasino-1.apk is  1.3.5  
Done processing com.zentertain.bigcasino-1.apk
Time Spent:   0 Days 0 Hours 2 Minutes 17 Seconds

============================================================================
36/90 Starting processing com.zentertain.classicvegasslots-1.apk ......
Getting apk info from https://play.google.com/store/apps/details?id=com.zentertain.classicvegasslots ......
Success to get info from Play Store
The lastest version of com.zentertain.classicvegasslots-1.apk is  1.0.3  
Done processing com.zentertain.classicvegasslots-1.apk
Time Spent:   0 Days 0 Hours 2 Minutes 21 Seconds

============================================================================
37/90 Starting processing com.zentertain.freemusic-1.apk ......
Getting apk info from https://play.google.com/store/apps/details?id=com.zentertain.freemusic ......
Success to get info from Play Store
The lastest version of com.zentertain.freemusic-1.apk is  1.24  
Done processing com.zentertain.freemusic-1.apk
Time Spent:   0 Days 0 Hours 2 Minutes 26 Seconds

============================================================================
38/90 Starting processing com.zentertain.photocollage-1.apk ......
Getting apk info from https://play.google.com/store/apps/details?id=com.zentertain.photocollage ......
Success to get info from Play Store
The lastest version of com.zentertain.photocollage-1.apk is  2.4  
Done processing com.zentertain.photocollage-1.apk
Time Spent:   0 Days 0 Hours 2 Minutes 32 Seconds

============================================================================
39/90 Starting processing com.zentertain.photoeditor-1.apk ......
Getting apk info from https://play.google.com/store/apps/details?id=com.zentertain.photoeditor ......
Success to get info from Play Store
The lastest version of com.zentertain.photoeditor-1.apk is    Varies with device  
Done processing com.zentertain.photoeditor-1.apk
Time Spent:   0 Days 0 Hours 2 Minutes 36 Seconds

============================================================================
40/90 Starting processing com.zeptolab.ctr.ads-1.apk ......
Getting apk info from https://play.google.com/store/apps/details?id=com.zeptolab.ctr.ads ......
Success to get info from Play Store
The lastest version of com.zeptolab.ctr.ads-1.apk is    Varies with device  
Done processing com.zeptolab.ctr.ads-1.apk
Time Spent:   0 Days 0 Hours 2 Minutes 43 Seconds

============================================================================
41/90 Starting processing com.zeptolab.ctr2.f2p.google-1.apk ......
Getting apk info from https://play.google.com/store/apps/details?id=com.zeptolab.ctr2.f2p.google ......
Success to get info from Play Store
The lastest version of com.zeptolab.ctr2.f2p.google-1.apk is 
Done processing com.zeptolab.ctr2.f2p.google-1.apk
Time Spent:   0 Days 0 Hours 2 Minutes 45 Seconds

============================================================================
42/90 Starting processing com.zillow.android.zillowmap-1.apk ......
Getting apk info from https://play.google.com/store/apps/details?id=com.zillow.android.zillowmap ......
Success to get info from Play Store
The lastest version of com.zillow.android.zillowmap-1.apk is    Varies with device  
Done processing com.zillow.android.zillowmap-1.apk
Time Spent:   0 Days 0 Hours 2 Minutes 47 Seconds

============================================================================
43/90 Starting processing com.zindagigames.test-1.apk ......
Getting apk info from https://play.google.com/store/apps/details?id=com.zindagigames.test ......
Success to get info from Play Store
The lastest version of com.zindagigames.test-1.apk is 
Done processing com.zindagigames.test-1.apk
Time Spent:   0 Days 0 Hours 2 Minutes 50 Seconds

============================================================================
44/90 Starting processing com.zoosk.zoosk-1.apk ......
Getting apk info from https://play.google.com/store/apps/details?id=com.zoosk.zoosk ......
Success to get info from Play Store
The lastest version of com.zoosk.zoosk-1.apk is    Varies with device  
Done processing com.zoosk.zoosk-1.apk
Time Spent:   0 Days 0 Hours 2 Minutes 52 Seconds

============================================================================
45/90 Starting processing com.zrgiu.antivirus-1.apk ......
Getting apk info from https://play.google.com/store/apps/details?id=com.zrgiu.antivirus ......
Success to get info from Play Store
The lastest version of com.zrgiu.antivirus-1.apk is  7.3.30.02  
Done processing com.zrgiu.antivirus-1.apk
Time Spent:   0 Days 0 Hours 2 Minutes 54 Seconds

============================================================================
46/90 Starting processing com.zynga.empires2-1.apk ......
Getting apk info from https://play.google.com/store/apps/details?id=com.zynga.empires2 ......
Success to get info from Play Store
The lastest version of com.zynga.empires2-1.apk is  1.5.897004.production  
Done processing com.zynga.empires2-1.apk
Time Spent:   0 Days 0 Hours 2 Minutes 59 Seconds

============================================================================
47/90 Starting processing com.zynga.farmarcade-1.apk ......
Getting apk info from https://play.google.com/store/apps/details?id=com.zynga.farmarcade ......
Success to get info from Play Store
The lastest version of com.zynga.farmarcade-1.apk is  1.0.774  
Done processing com.zynga.farmarcade-1.apk
Time Spent:   0 Days 0 Hours 3 Minutes 4 Seconds

============================================================================
48/90 Starting processing com.zynga.hititrich-1.apk ......
Getting apk info from https://play.google.com/store/apps/details?id=com.zynga.hititrich ......
Success to get info from Play Store
The lastest version of com.zynga.hititrich-1.apk is  1.5.4671  
Done processing com.zynga.hititrich-1.apk
Time Spent:   0 Days 0 Hours 3 Minutes 7 Seconds

============================================================================
49/90 Starting processing com.zynga.wizardofoz-1.apk ......
Getting apk info from https://play.google.com/store/apps/details?id=com.zynga.wizardofoz ......
Success to get info from Play Store
The lastest version of com.zynga.wizardofoz-1.apk is  12.0.252  
Done processing com.zynga.wizardofoz-1.apk
Time Spent:   0 Days 0 Hours 3 Minutes 10 Seconds

============================================================================
50/90 Starting processing com.zynga.wwf2.free-1.apk ......
Getting apk info from https://play.google.com/store/apps/details?id=com.zynga.wwf2.free ......
Success to get info from Play Store
The lastest version of com.zynga.wwf2.free-1.apk is    Varies with device  
Done processing com.zynga.wwf2.free-1.apk
Time Spent:   0 Days 0 Hours 3 Minutes 16 Seconds

============================================================================
51/90 Starting processing es.socialpoint.DragonCity-1.apk ......
Getting apk info from https://play.google.com/store/apps/details?id=es.socialpoint.DragonCity ......
Success to get info from Play Store
The lastest version of es.socialpoint.DragonCity-1.apk is 
Done processing es.socialpoint.DragonCity-1.apk
Time Spent:   0 Days 0 Hours 3 Minutes 18 Seconds

============================================================================
52/90 Starting processing es.socialpoint.MonsterLegends-1.apk ......
Getting apk info from https://play.google.com/store/apps/details?id=es.socialpoint.MonsterLegends ......
Success to get info from Play Store
The lastest version of es.socialpoint.MonsterLegends-1.apk is 
Done processing es.socialpoint.MonsterLegends-1.apk
Time Spent:   0 Days 0 Hours 3 Minutes 21 Seconds

============================================================================
53/90 Starting processing frobenius.remote.control.tv-1.apk ......
Getting apk info from https://play.google.com/store/apps/details?id=frobenius.remote.control.tv ......
Success to get info from Play Store
The lastest version of frobenius.remote.control.tv-1.apk is  1.0  
Done processing frobenius.remote.control.tv-1.apk
Time Spent:   0 Days 0 Hours 3 Minutes 26 Seconds

============================================================================
54/90 Starting processing gbis.gbandroid-1.apk ......
Getting apk info from https://play.google.com/store/apps/details?id=gbis.gbandroid ......
Success to get info from Play Store
The lastest version of gbis.gbandroid-1.apk is    Varies with device  
Done processing gbis.gbandroid-1.apk
Time Spent:   0 Days 0 Hours 3 Minutes 31 Seconds

============================================================================
55/90 Starting processing guess.the.brand.logo.quiz.icomania-1.apk ......
Getting apk info from https://play.google.com/store/apps/details?id=guess.the.brand.logo.quiz.icomania ......
Success to get info from Play Store
The lastest version of guess.the.brand.logo.quiz.icomania-1.apk is    Varies with device  
Done processing guess.the.brand.logo.quiz.icomania-1.apk
Time Spent:   0 Days 0 Hours 3 Minutes 34 Seconds

============================================================================
56/90 Starting processing home.solo.launcher.free-1.apk ......
Getting apk info from https://play.google.com/store/apps/details?id=home.solo.launcher.free ......
Success to get info from Play Store
The lastest version of home.solo.launcher.free-1.apk is  2.2.8  
Done processing home.solo.launcher.free-1.apk
Time Spent:   0 Days 0 Hours 3 Minutes 38 Seconds

============================================================================
57/90 Starting processing jp.co.mixi.monsterstrikeUS-1.apk ......
Getting apk info from https://play.google.com/store/apps/details?id=jp.co.mixi.monsterstrikeUS ......
Success to get info from Play Store
The lastest version of jp.co.mixi.monsterstrikeUS-1.apk is  4.0.2  
Done processing jp.co.mixi.monsterstrikeUS-1.apk
Time Spent:   0 Days 0 Hours 3 Minutes 40 Seconds

============================================================================
58/90 Starting processing jp.co.ofcr.cm00-1.apk ......
Getting apk info from https://play.google.com/store/apps/details?id=jp.co.ofcr.cm00 ......
Success to get info from Play Store
The lastest version of jp.co.ofcr.cm00-1.apk is  1.1.0  
Done processing jp.co.ofcr.cm00-1.apk
Time Spent:   0 Days 0 Hours 3 Minutes 47 Seconds

============================================================================
59/90 Starting processing jp.naver.lineplay.android-1.apk ......
Getting apk info from https://play.google.com/store/apps/details?id=jp.naver.lineplay.android ......
Success to get info from Play Store
The lastest version of jp.naver.lineplay.android-1.apk is  3.3.0.0  
Done processing jp.naver.lineplay.android-1.apk
Time Spent:   0 Days 0 Hours 3 Minutes 57 Seconds

============================================================================
60/90 Starting processing kik.android-1.apk ......
Getting apk info from https://play.google.com/store/apps/details?id=kik.android ......
Success to get info from Play Store
The lastest version of kik.android-1.apk is  8.5.0.1164  
Done processing kik.android-1.apk
Time Spent:   0 Days 0 Hours 4 Minutes 7 Seconds

============================================================================
61/90 Starting processing kr.core.technology.wifi.hotspot-1.apk ......
Getting apk info from https://play.google.com/store/apps/details?id=kr.core.technology.wifi.hotspot ......
Success to get info from Play Store
The lastest version of kr.core.technology.wifi.hotspot-1.apk is  1.4.1.5  
Done processing kr.core.technology.wifi.hotspot-1.apk
Time Spent:   0 Days 0 Hours 4 Minutes 15 Seconds

============================================================================
62/90 Starting processing me.dingtone.app.im-1.apk ......
Getting apk info from https://play.google.com/store/apps/details?id=me.dingtone.app.im ......
Success to get info from Play Store
The lastest version of me.dingtone.app.im-1.apk is  2.5.2  
Done processing me.dingtone.app.im-1.apk
Time Spent:   0 Days 0 Hours 4 Minutes 16 Seconds

============================================================================
63/90 Starting processing me.lyft.android-1.apk ......
Getting apk info from https://play.google.com/store/apps/details?id=me.lyft.android ......
Success to get info from Play Store
The lastest version of me.lyft.android-1.apk is    Varies with device  
Done processing me.lyft.android-1.apk
Time Spent:   0 Days 0 Hours 4 Minutes 20 Seconds

============================================================================
64/90 Starting processing me.nextplus.smsfreetext.phonecalls-1.apk ......
Getting apk info from https://play.google.com/store/apps/details?id=me.nextplus.smsfreetext.phonecalls ......
Success to get info from Play Store
The lastest version of me.nextplus.smsfreetext.phonecalls-1.apk is    Varies with device  
Done processing me.nextplus.smsfreetext.phonecalls-1.apk
Time Spent:   0 Days 0 Hours 4 Minutes 24 Seconds

============================================================================
65/90 Starting processing me.pou.app-1.apk ......
Getting apk info from https://play.google.com/store/apps/details?id=me.pou.app ......
Success to get info from Play Store
The lastest version of me.pou.app-1.apk is  1.4.67  
Done processing me.pou.app-1.apk
Time Spent:   0 Days 0 Hours 4 Minutes 26 Seconds

============================================================================
66/90 Starting processing me.scan.android.client-1.apk ......
Getting apk info from https://play.google.com/store/apps/details?id=me.scan.android.client ......
Success to get info from Play Store
The lastest version of me.scan.android.client-1.apk is  2.2.4  
Done processing me.scan.android.client-1.apk
Time Spent:   0 Days 0 Hours 4 Minutes 28 Seconds

============================================================================
67/90 Starting processing media.mp3player.musicplayer-1.apk ......
Getting apk info from https://play.google.com/store/apps/details?id=media.mp3player.musicplayer ......
Success to get info from Play Store
The lastest version of media.mp3player.musicplayer-1.apk is  2.0.2  
Done processing media.mp3player.musicplayer-1.apk
Time Spent:   0 Days 0 Hours 4 Minutes 30 Seconds

============================================================================
68/90 Starting processing media.music.musicplayer-1.apk ......
Getting apk info from https://play.google.com/store/apps/details?id=media.music.musicplayer ......
Success to get info from Play Store
The lastest version of media.music.musicplayer-1.apk is  2.7.1  
Done processing media.music.musicplayer-1.apk
Time Spent:   0 Days 0 Hours 4 Minutes 35 Seconds

============================================================================
69/90 Starting processing mobi.ifunny-1.apk ......
Getting apk info from https://play.google.com/store/apps/details?id=mobi.ifunny ......
Success to get info from Play Store
The lastest version of mobi.ifunny-1.apk is    Varies with device  
Done processing mobi.ifunny-1.apk
Time Spent:   0 Days 0 Hours 4 Minutes 37 Seconds

============================================================================
70/90 Starting processing mp3songs.mp3player.mp3cutter.ringtonemaker-1.apk ......
Getting apk info from https://play.google.com/store/apps/details?id=mp3songs.mp3player.mp3cutter.ringtonemaker ......
Success to get info from Play Store
The lastest version of mp3songs.mp3player.mp3cutter.ringtonemaker-1.apk is  1.1.5  
Done processing mp3songs.mp3player.mp3cutter.ringtonemaker-1.apk
Time Spent:   0 Days 0 Hours 4 Minutes 39 Seconds

============================================================================
71/90 Starting processing multicraft.worldcraft.world-1.apk ......
Getting apk info from https://play.google.com/store/apps/details?id=multicraft.worldcraft.world ......
Success to get info from Play Store
The lastest version of multicraft.worldcraft.world-1.apk is  1.0.0  
Done processing multicraft.worldcraft.world-1.apk
Time Spent:   0 Days 0 Hours 4 Minutes 41 Seconds

============================================================================
72/90 Starting processing my.googlemusic.play-1.apk ......
Getting apk info from https://play.google.com/store/apps/details?id=my.googlemusic.play ......
Success to get info from Play Store
The lastest version of my.googlemusic.play-1.apk is  3.3.4  
Done processing my.googlemusic.play-1.apk
Time Spent:   0 Days 0 Hours 4 Minutes 46 Seconds

============================================================================
73/90 Starting processing net.SandStormEarl.CC3-1.apk ......
Getting apk info from https://play.google.com/store/apps/details?id=net.SandStormEarl.CC3 ......
Success to get info from Play Store
The lastest version of net.SandStormEarl.CC3-1.apk is  1.0.3  
Done processing net.SandStormEarl.CC3-1.apk
Time Spent:   0 Days 0 Hours 4 Minutes 50 Seconds

============================================================================
74/90 Starting processing net.SandStormEarl.WC3-1.apk ......
Getting apk info from https://play.google.com/store/apps/details?id=net.SandStormEarl.WC3 ......
Success to get info from Play Store
The lastest version of net.SandStormEarl.WC3-1.apk is  1.1.9  
Done processing net.SandStormEarl.WC3-1.apk
Time Spent:   0 Days 0 Hours 4 Minutes 54 Seconds

============================================================================
75/90 Starting processing net.peakgames.amy-1.apk ......
Getting apk info from https://play.google.com/store/apps/details?id=net.peakgames.amy ......
Success to get info from Play Store
The lastest version of net.peakgames.amy-1.apk is  1347  
Done processing net.peakgames.amy-1.apk
Time Spent:   0 Days 0 Hours 4 Minutes 57 Seconds

============================================================================
76/90 Starting processing net.zedge.android-1.apk ......
Getting apk info from https://play.google.com/store/apps/details?id=net.zedge.android ......
Success to get info from Play Store
The lastest version of net.zedge.android-1.apk is    Varies with device  
Done processing net.zedge.android-1.apk
Time Spent:   0 Days 0 Hours 5 Minutes 2 Seconds

============================================================================
77/90 Starting processing net.zhuoweizhang.mcpelauncher-1.apk ......
Getting apk info from https://play.google.com/store/apps/details?id=net.zhuoweizhang.mcpelauncher ......
Success to get info from Play Store
The lastest version of net.zhuoweizhang.mcpelauncher-1.apk is  1.9.10  
Done processing net.zhuoweizhang.mcpelauncher-1.apk
Time Spent:   0 Days 0 Hours 5 Minutes 6 Seconds

============================================================================
78/90 Starting processing org.mozilla.firefox-1.apk ......
Getting apk info from https://play.google.com/store/apps/details?id=org.mozilla.firefox ......
Success to get info from Play Store
The lastest version of org.mozilla.firefox-1.apk is    Varies with device  
Done processing org.mozilla.firefox-1.apk
Time Spent:   0 Days 0 Hours 5 Minutes 9 Seconds

============================================================================
79/90 Starting processing org.pbskids.video-1.apk ......
Getting apk info from https://play.google.com/store/apps/details?id=org.pbskids.video ......
Success to get info from Play Store
The lastest version of org.pbskids.video-1.apk is  1.1.3  
Done processing org.pbskids.video-1.apk
Time Spent:   0 Days 0 Hours 5 Minutes 11 Seconds

============================================================================
80/90 Starting processing org.videolan.vlc-1.apk ......
Getting apk info from https://play.google.com/store/apps/details?id=org.videolan.vlc ......
Success to get info from Play Store
The lastest version of org.videolan.vlc-1.apk is    Varies with device  
Done processing org.videolan.vlc-1.apk
Time Spent:   0 Days 0 Hours 5 Minutes 14 Seconds

============================================================================
81/90 Starting processing org.zwanoo.android.speedtest-1.apk ......
Getting apk info from https://play.google.com/store/apps/details?id=org.zwanoo.android.speedtest ......
Success to get info from Play Store
The lastest version of org.zwanoo.android.speedtest-1.apk is    Varies with device  
Done processing org.zwanoo.android.speedtest-1.apk
Time Spent:   0 Days 0 Hours 5 Minutes 18 Seconds

============================================================================
82/90 Starting processing ru.iappsandigames.laser100beamsfunnyjoke-1.apk ......
Getting apk info from https://play.google.com/store/apps/details?id=ru.iappsandigames.laser100beamsfunnyjoke ......
Success to get info from Play Store
The lastest version of ru.iappsandigames.laser100beamsfunnyjoke-1.apk is  1.0  
Done processing ru.iappsandigames.laser100beamsfunnyjoke-1.apk
Time Spent:   0 Days 0 Hours 5 Minutes 20 Seconds

============================================================================
83/90 Starting processing se.maginteractive.wordbrain-1.apk ......
Getting apk info from https://play.google.com/store/apps/details?id=se.maginteractive.wordbrain ......
Success to get info from Play Store
The lastest version of se.maginteractive.wordbrain-1.apk is  1.0.5  
Done processing se.maginteractive.wordbrain-1.apk
Time Spent:   0 Days 0 Hours 5 Minutes 22 Seconds

============================================================================
84/90 Starting processing slots.chookapps.jurassicslots-1.apk ......
Getting apk info from https://play.google.com/store/apps/details?id=slots.chookapps.jurassicslots ......
Success to get info from Play Store
The lastest version of slots.chookapps.jurassicslots-1.apk is  1.0  
Done processing slots.chookapps.jurassicslots-1.apk
Time Spent:   0 Days 0 Hours 5 Minutes 24 Seconds

============================================================================
85/90 Starting processing tool.scanner-1.apk ......
Getting apk info from https://play.google.com/store/apps/details?id=tool.scanner ......
Success to get info from Play Store
The lastest version of tool.scanner-1.apk is  3.6  
Done processing tool.scanner-1.apk
Time Spent:   0 Days 0 Hours 5 Minutes 29 Seconds

============================================================================
86/90 Starting processing tunein.player-1.apk ......
Getting apk info from https://play.google.com/store/apps/details?id=tunein.player ......
Success to get info from Play Store
The lastest version of tunein.player-1.apk is    Varies with device  
Done processing tunein.player-1.apk
Time Spent:   0 Days 0 Hours 5 Minutes 34 Seconds

============================================================================
87/90 Starting processing tv.twitch.android.app-1.apk ......
Getting apk info from https://play.google.com/store/apps/details?id=tv.twitch.android.app ......
Success to get info from Play Store
The lastest version of tv.twitch.android.app-1.apk is  4.1.1  
Done processing tv.twitch.android.app-1.apk
Time Spent:   0 Days 0 Hours 5 Minutes 36 Seconds

============================================================================
88/90 Starting processing us.kick9.k3000000013.c3101000001-1.apk ......
Getting apk info from https://play.google.com/store/apps/details?id=us.kick9.k3000000013.c3101000001 ......
Success to get info from Play Store
The lastest version of us.kick9.k3000000013.c3101000001-1.apk is  2.3.4  
Done processing us.kick9.k3000000013.c3101000001-1.apk
Time Spent:   0 Days 0 Hours 5 Minutes 38 Seconds

============================================================================
89/90 Starting processing vStudio.Android.Camera360-1.apk ......
Getting apk info from https://play.google.com/store/apps/details?id=vStudio.Android.Camera360 ......
Success to get info from Play Store
The lastest version of vStudio.Android.Camera360-1.apk is  6.2.1  
Done processing vStudio.Android.Camera360-1.apk
Time Spent:   0 Days 0 Hours 5 Minutes 41 Seconds

============================================================================
90/90 Starting processing wp.wattpad-1.apk ......
Getting apk info from https://play.google.com/store/apps/details?id=wp.wattpad ......
Success to get info from Play Store
The lastest version of wp.wattpad-1.apk is    Varies with device  
Done processing wp.wattpad-1.apk
Time Spent:   0 Days 0 Hours 5 Minutes 45 Seconds

============================================================================


**************************************************************
All Done
Total Time:   0 Days 0 Hours 5 Minutes 45 Seconds
Result Location:               /home/Git-Apk/code_resource/script_hooks/scan_apk/scan_apk_version/results/AppInfo_2015-07-03-14-26-40.csv
**************************************************************
