Start processing app in list /home/Git-Apk/Updated_list from /home/Git-Apk/All_Apk  ......

============================================================================
1/19 Starting processing air.com.keesing.games.stratego-1.apk ......
Getting apk info from https://play.google.com/store/apps/details?id=air.com.keesing.games.stratego ......
Success to get info from Play Store
The lastest version of air.com.keesing.games.stratego-1.apk is  1.9.5  
Done processing air.com.keesing.games.stratego-1.apk
Time Spent:   0 Days 0 Hours 0 Minutes 6 Seconds

============================================================================
2/19 Starting processing air.com.sfbgames.HauntTheHouseTerrortown-1.apk ......
Getting apk info from https://play.google.com/store/apps/details?id=air.com.sfbgames.HauntTheHouseTerrortown ......
Success to get info from Play Store
The lastest version of air.com.sfbgames.HauntTheHouseTerrortown-1.apk is  1.3.5  
Done processing air.com.sfbgames.HauntTheHouseTerrortown-1.apk
Time Spent:   0 Days 0 Hours 0 Minutes 10 Seconds

============================================================================
3/19 Starting processing com.baidu.searchbox-1.apk ......
Getting apk info from https://play.google.com/store/apps/details?id=com.baidu.searchbox ......
Success to get info from Play Store
The lastest version of com.baidu.searchbox-1.apk is  6.8.1  
Done processing com.baidu.searchbox-1.apk
Time Spent:   0 Days 0 Hours 0 Minutes 15 Seconds

============================================================================
4/19 Starting processing com.bigfishgames.gummydropgoogle-1.apk ......
Getting apk info from https://play.google.com/store/apps/details?id=com.bigfishgames.gummydropgoogle ......
Success to get info from Play Store
The lastest version of com.bigfishgames.gummydropgoogle-1.apk is  1.17.4  
Done processing com.bigfishgames.gummydropgoogle-1.apk
Time Spent:   0 Days 0 Hours 0 Minutes 20 Seconds

============================================================================
5/19 Starting processing com.brighthouse.whitetiles4And-1.apk ......
Getting apk info from https://play.google.com/store/apps/details?id=com.brighthouse.whitetiles4And ......
Success to get info from Play Store
The lastest version of com.brighthouse.whitetiles4And-1.apk is  4.57.1  
Done processing com.brighthouse.whitetiles4And-1.apk
Time Spent:   0 Days 0 Hours 0 Minutes 25 Seconds

============================================================================
6/19 Starting processing com.com2us.smon.normal.freefull.google.kr.android.common-1.apk ......
Getting apk info from https://play.google.com/store/apps/details?id=com.com2us.smon.normal.freefull.google.kr.android.common ......
Success to get info from Play Store
The lastest version of com.com2us.smon.normal.freefull.google.kr.android.common-1.apk is  1.7.5  
Done processing com.com2us.smon.normal.freefull.google.kr.android.common-1.apk
Time Spent:   0 Days 0 Hours 0 Minutes 29 Seconds

============================================================================
7/19 Starting processing com.degoo.android.pregnantdoctor-1.apk ......
Getting apk info from https://play.google.com/store/apps/details?id=com.degoo.android.pregnantdoctor ......
Success to get info from Play Store
The lastest version of com.degoo.android.pregnantdoctor-1.apk is  1.0.7  
Done processing com.degoo.android.pregnantdoctor-1.apk
Time Spent:   0 Days 0 Hours 0 Minutes 34 Seconds

============================================================================
8/19 Starting processing com.degoo.android.washpet-1.apk ......
Getting apk info from https://play.google.com/store/apps/details?id=com.degoo.android.washpet ......
Success to get info from Play Store
The lastest version of com.degoo.android.washpet-1.apk is  2.0.2  
Done processing com.degoo.android.washpet-1.apk
Time Spent:   0 Days 0 Hours 0 Minutes 38 Seconds

============================================================================
9/19 Starting processing com.dirtybit.funrun2-1.apk ......
Getting apk info from https://play.google.com/store/apps/details?id=com.dirtybit.funrun2 ......
Success to get info from Play Store
The lastest version of com.dirtybit.funrun2-1.apk is  2.5  
Done processing com.dirtybit.funrun2-1.apk
Time Spent:   0 Days 0 Hours 0 Minutes 43 Seconds

============================================================================
10/19 Starting processing com.glu.stardomkim-1.apk ......
Getting apk info from https://play.google.com/store/apps/details?id=com.glu.stardomkim ......
Success to get info from Play Store
The lastest version of com.glu.stardomkim-1.apk is  4.0.0  
Done processing com.glu.stardomkim-1.apk
Time Spent:   0 Days 0 Hours 0 Minutes 47 Seconds

============================================================================
11/19 Starting processing com.goldenlion.slots-1.apk ......
Getting apk info from https://play.google.com/store/apps/details?id=com.goldenlion.slots ......
Success to get info from Play Store
The lastest version of com.goldenlion.slots-1.apk is  1.03  
Done processing com.goldenlion.slots-1.apk
Time Spent:   0 Days 0 Hours 0 Minutes 51 Seconds

============================================================================
12/19 Starting processing com.gsn.android.tripeaks-1.apk ......
Getting apk info from https://play.google.com/store/apps/details?id=com.gsn.android.tripeaks ......
Success to get info from Play Store
The lastest version of com.gsn.android.tripeaks-1.apk is  2.2.0.20305  
Done processing com.gsn.android.tripeaks-1.apk
Time Spent:   0 Days 0 Hours 0 Minutes 55 Seconds

============================================================================
13/19 Starting processing com.hotheadgames.google.free.rawsniper-1.apk ......
Getting apk info from https://play.google.com/store/apps/details?id=com.hotheadgames.google.free.rawsniper ......
Success to get info from Play Store
The lastest version of com.hotheadgames.google.free.rawsniper-1.apk is  2.3  
Done processing com.hotheadgames.google.free.rawsniper-1.apk
Time Spent:   0 Days 0 Hours 1 Minutes 1 Seconds

============================================================================
14/19 Starting processing com.mss.coinparty.pharaoh.dozer.slot.google-1.apk ......
Getting apk info from https://play.google.com/store/apps/details?id=com.mss.coinparty.pharaoh.dozer.slot.google ......
Success to get info from Play Store
The lastest version of com.mss.coinparty.pharaoh.dozer.slot.google-1.apk is  1.1.4  
Done processing com.mss.coinparty.pharaoh.dozer.slot.google-1.apk
Time Spent:   0 Days 0 Hours 1 Minutes 5 Seconds

============================================================================
15/19 Starting processing com.path-1.apk ......
Getting apk info from https://play.google.com/store/apps/details?id=com.path ......
Success to get info from Play Store
The lastest version of com.path-1.apk is    Varies with device  
Done processing com.path-1.apk
Time Spent:   0 Days 0 Hours 1 Minutes 9 Seconds

============================================================================
16/19 Starting processing com.supercell.clashofclans-1.apk ......
Getting apk info from https://play.google.com/store/apps/details?id=com.supercell.clashofclans ......
Success to get info from Play Store
The lastest version of com.supercell.clashofclans-1.apk is  7.200.13  
Done processing com.supercell.clashofclans-1.apk
Time Spent:   0 Days 0 Hours 1 Minutes 13 Seconds

============================================================================
17/19 Starting processing es.socialpoint.MonsterLegends-1.apk ......
Getting apk info from https://play.google.com/store/apps/details?id=es.socialpoint.MonsterLegends ......
Success to get info from Play Store
The lastest version of es.socialpoint.MonsterLegends-1.apk is 
Done processing es.socialpoint.MonsterLegends-1.apk
Time Spent:   0 Days 0 Hours 1 Minutes 16 Seconds

============================================================================
18/19 Starting processing jp.naver.lineplay.android-1.apk ......
Getting apk info from https://play.google.com/store/apps/details?id=jp.naver.lineplay.android ......
Success to get info from Play Store
The lastest version of jp.naver.lineplay.android-1.apk is  3.5.0.0  
Done processing jp.naver.lineplay.android-1.apk
Time Spent:   0 Days 0 Hours 1 Minutes 21 Seconds

============================================================================
19/19 Starting processing slots.cympsapps.horseraceslots-1.apk ......
Getting apk info from https://play.google.com/store/apps/details?id=slots.cympsapps.horseraceslots ......
Success to get info from Play Store
The lastest version of slots.cympsapps.horseraceslots-1.apk is  1.01  
Done processing slots.cympsapps.horseraceslots-1.apk
Time Spent:   0 Days 0 Hours 1 Minutes 25 Seconds

============================================================================


**************************************************************
All Done
Total Time:   0 Days 0 Hours 1 Minutes 25 Seconds
Result Location:               /home/Git-Apk/code_resource/script_hooks/scan_apk/scan_apk_version/results/AppInfo_2015-09-23-17-11-15.csv
**************************************************************
