Start processing app in list /home/Git-Apk/Updated_list from /home/Git-Apk/ARM-V8  ......

============================================================================
1/145 Starting processing co.ninetynine.android-1.apk ......
Getting apk info from https://play.google.com/store/apps/details?id=co.ninetynine.android ......
Success to get info from Play Store
The lastest version of co.ninetynine.android-1.apk is  2.3.1  
Done processing co.ninetynine.android-1.apk
Time Spent:   0 Days 0 Hours 0 Minutes 3 Seconds

============================================================================
2/145 Starting processing cz.alza.media-1.apk ......
Getting apk info from https://play.google.com/store/apps/details?id=cz.alza.media ......
Success to get info from Play Store
The lastest version of cz.alza.media-1.apk is 
Done processing cz.alza.media-1.apk
Time Spent:   0 Days 0 Hours 0 Minutes 7 Seconds

============================================================================
3/145 Starting processing cz.economia.apps.android.respektapp-1.apk ......
Getting apk info from https://play.google.com/store/apps/details?id=cz.economia.apps.android.respektapp ......
Success to get info from Play Store
The lastest version of cz.economia.apps.android.respektapp-1.apk is  1.2.08  
Done processing cz.economia.apps.android.respektapp-1.apk
Time Spent:   0 Days 0 Hours 0 Minutes 10 Seconds

============================================================================
4/145 Starting processing cz.seznam.sbrowser-1.apk ......
Getting apk info from https://play.google.com/store/apps/details?id=cz.seznam.sbrowser ......
Success to get info from Play Store
The lastest version of cz.seznam.sbrowser-1.apk is  3.0.2  
Done processing cz.seznam.sbrowser-1.apk
Time Spent:   0 Days 0 Hours 0 Minutes 12 Seconds

============================================================================
5/145 Starting processing de.blinkt.openvpn-1.apk ......
Getting apk info from https://play.google.com/store/apps/details?id=de.blinkt.openvpn ......
Success to get info from Play Store
The lastest version of de.blinkt.openvpn-1.apk is  0.6.44  
Done processing de.blinkt.openvpn-1.apk
Time Spent:   0 Days 0 Hours 0 Minutes 14 Seconds

============================================================================
6/145 Starting processing de.crowdradio.bayern3-1.apk ......
Getting apk info from https://play.google.com/store/apps/details?id=de.crowdradio.bayern3 ......
Success to get info from Play Store
The lastest version of de.crowdradio.bayern3-1.apk is  2.1.0  
Done processing de.crowdradio.bayern3-1.apk
Time Spent:   0 Days 0 Hours 0 Minutes 16 Seconds

============================================================================
7/145 Starting processing de.heise.android.ct.magazin-1.apk ......
Getting apk info from https://play.google.com/store/apps/details?id=de.heise.android.ct.magazin ......
Success to get info from Play Store
The lastest version of de.heise.android.ct.magazin-1.apk is    Varies with device  
Done processing de.heise.android.ct.magazin-1.apk
Time Spent:   0 Days 0 Hours 0 Minutes 18 Seconds

============================================================================
8/145 Starting processing de.resolution.yf_android-1.apk ......
Getting apk info from https://play.google.com/store/apps/details?id=de.resolution.yf_android ......
Success to get info from Play Store
The lastest version of de.resolution.yf_android-1.apk is  20151111-01  
Done processing de.resolution.yf_android-1.apk
Time Spent:   0 Days 0 Hours 0 Minutes 21 Seconds

============================================================================
9/145 Starting processing de.stefanpledl.localcast-1.apk ......
Getting apk info from https://play.google.com/store/apps/details?id=de.stefanpledl.localcast ......
Success to get info from Play Store
The lastest version of de.stefanpledl.localcast-1.apk is  4.3.1.5  
Done processing de.stefanpledl.localcast-1.apk
Time Spent:   0 Days 0 Hours 0 Minutes 23 Seconds

============================================================================
10/145 Starting processing de.westwing.android-1.apk ......
Getting apk info from https://play.google.com/store/apps/details?id=de.westwing.android ......
Success to get info from Play Store
The lastest version of de.westwing.android-1.apk is 
Done processing de.westwing.android-1.apk
Time Spent:   0 Days 0 Hours 0 Minutes 26 Seconds

============================================================================
11/145 Starting processing dk.nykredit.mobile.android-1.apk ......
Getting apk info from https://play.google.com/store/apps/details?id=dk.nykredit.mobile.android ......
Success to get info from Play Store
The lastest version of dk.nykredit.mobile.android-1.apk is  3.4.2  
Done processing dk.nykredit.mobile.android-1.apk
Time Spent:   0 Days 0 Hours 0 Minutes 28 Seconds

============================================================================
12/145 Starting processing eu.appsolutelyapps.quizpatente-1.apk ......
Getting apk info from https://play.google.com/store/apps/details?id=eu.appsolutelyapps.quizpatente ......
Success to get info from Play Store
The lastest version of eu.appsolutelyapps.quizpatente-1.apk is  2.3.1  
Done processing eu.appsolutelyapps.quizpatente-1.apk
Time Spent:   0 Days 0 Hours 0 Minutes 32 Seconds

============================================================================
13/145 Starting processing fi.hs.android-1.apk ......
Getting apk info from https://play.google.com/store/apps/details?id=fi.hs.android ......
Success to get info from Play Store
The lastest version of fi.hs.android-1.apk is  4.6.0  
Done processing fi.hs.android-1.apk
Time Spent:   0 Days 0 Hours 0 Minutes 36 Seconds

============================================================================
14/145 Starting processing fi.op.android.lompsa-1.apk ......
Getting apk info from https://play.google.com/store/apps/details?id=fi.op.android.lompsa ......
Success to get info from Play Store
The lastest version of fi.op.android.lompsa-1.apk is  2.0.5  
Done processing fi.op.android.lompsa-1.apk
Time Spent:   0 Days 0 Hours 0 Minutes 38 Seconds

============================================================================
15/145 Starting processing fm.superplayer.jukebot-1.apk ......
Getting apk info from https://play.google.com/store/apps/details?id=fm.superplayer.jukebot ......
Success to get info from Play Store
The lastest version of fm.superplayer.jukebot-1.apk is  4.9.324  
Done processing fm.superplayer.jukebot-1.apk
Time Spent:   0 Days 0 Hours 0 Minutes 40 Seconds

============================================================================
16/145 Starting processing fr.chauffeurprive-1.apk ......
Getting apk info from https://play.google.com/store/apps/details?id=fr.chauffeurprive ......
Success to get info from Play Store
The lastest version of fr.chauffeurprive-1.apk is  2.18.0  
Done processing fr.chauffeurprive-1.apk
Time Spent:   0 Days 0 Hours 0 Minutes 43 Seconds

============================================================================
17/145 Starting processing fr.leboncoin-1.apk ......
Getting apk info from https://play.google.com/store/apps/details?id=fr.leboncoin ......
Success to get info from Play Store
The lastest version of fr.leboncoin-1.apk is  2.9.3  
Done processing fr.leboncoin-1.apk
Time Spent:   0 Days 0 Hours 0 Minutes 45 Seconds

============================================================================
18/145 Starting processing fr.lesechos.live-1.apk ......
Getting apk info from https://play.google.com/store/apps/details?id=fr.lesechos.live ......
Success to get info from Play Store
The lastest version of fr.lesechos.live-1.apk is    Varies with device  
Done processing fr.lesechos.live-1.apk
Time Spent:   0 Days 0 Hours 0 Minutes 48 Seconds

============================================================================
19/145 Starting processing fr.vinted-1.apk ......
Getting apk info from https://play.google.com/store/apps/details?id=fr.vinted ......
Success to get info from Play Store
The lastest version of fr.vinted-1.apk is  5.5.6.0  
Done processing fr.vinted-1.apk
Time Spent:   0 Days 0 Hours 0 Minutes 50 Seconds

============================================================================
20/145 Starting processing free.reddit.news-1.apk ......
Getting apk info from https://play.google.com/store/apps/details?id=free.reddit.news ......
Success to get info from Play Store
The lastest version of free.reddit.news-1.apk is  7.86  
Done processing free.reddit.news-1.apk
Time Spent:   0 Days 0 Hours 0 Minutes 52 Seconds

============================================================================
21/145 Starting processing gogolook.callgogolook2-1.apk ......
Getting apk info from https://play.google.com/store/apps/details?id=gogolook.callgogolook2 ......
Success to get info from Play Store
The lastest version of gogolook.callgogolook2-1.apk is  4.5.0.1  
Done processing gogolook.callgogolook2-1.apk
Time Spent:   0 Days 0 Hours 0 Minutes 54 Seconds

============================================================================
22/145 Starting processing hdn.android.countdown-1.apk ......
Getting apk info from https://play.google.com/store/apps/details?id=hdn.android.countdown ......
Success to get info from Play Store
The lastest version of hdn.android.countdown-1.apk is    Varies with device  
Done processing hdn.android.countdown-1.apk
Time Spent:   0 Days 0 Hours 0 Minutes 56 Seconds

============================================================================
23/145 Starting processing hk.com.evi.eviapp-1.apk ......
Getting apk info from https://play.google.com/store/apps/details?id=hk.com.evi.eviapp ......
Success to get info from Play Store
The lastest version of hk.com.evi.eviapp-1.apk is  2.023  
Done processing hk.com.evi.eviapp-1.apk
Time Spent:   0 Days 0 Hours 0 Minutes 58 Seconds

============================================================================
24/145 Starting processing hk.com.yesmaster.meteorapp-1.apk ......
Getting apk info from https://play.google.com/store/apps/details?id=hk.com.yesmaster.meteorapp ......
Success to get info from Play Store
The lastest version of hk.com.yesmaster.meteorapp-1.apk is  1.16.1  
Done processing hk.com.yesmaster.meteorapp-1.apk
Time Spent:   0 Days 0 Hours 1 Minutes 0 Seconds

============================================================================
25/145 Starting processing ht.cameraapps.LayoutActivity-1.apk ......
Getting apk info from https://play.google.com/store/apps/details?id=ht.cameraapps.LayoutActivity ......
Success to get info from Play Store
The lastest version of ht.cameraapps.LayoutActivity-1.apk is  1.2.3  
Done processing ht.cameraapps.LayoutActivity-1.apk
Time Spent:   0 Days 0 Hours 1 Minutes 2 Seconds

============================================================================
26/145 Starting processing ht.nct-1.apk ......
Getting apk info from https://play.google.com/store/apps/details?id=ht.nct ......
Success to get info from Play Store
The lastest version of ht.nct-1.apk is  5.3.4  
Done processing ht.nct-1.apk
Time Spent:   0 Days 0 Hours 1 Minutes 4 Seconds

============================================================================
27/145 Starting processing ht.spotlig.rakutenchk-1.apk ......
Getting apk info from https://play.google.com/store/apps/details?id=ht.spotlig.rakutenchk ......
Success to get info from Play Store
The lastest version of ht.spotlig.rakutenchk-1.apk is  1.6.3  
Done processing ht.spotlig.rakutenchk-1.apk
Time Spent:   0 Days 0 Hours 1 Minutes 7 Seconds

============================================================================
28/145 Starting processing hungry.dk.android-1.apk ......
Getting apk info from https://play.google.com/store/apps/details?id=hungry.dk.android ......
Success to get info from Play Store
The lastest version of hungry.dk.android-1.apk is  3.1.6  
Done processing hungry.dk.android-1.apk
Time Spent:   0 Days 0 Hours 1 Minutes 9 Seconds

============================================================================
29/145 Starting processing hungry.ie.android-1.apk ......
Getting apk info from https://play.google.com/store/apps/details?id=hungry.ie.android ......
Success to get info from Play Store
The lastest version of hungry.ie.android-1.apk is  3.1.6  
Done processing hungry.ie.android-1.apk
Time Spent:   0 Days 0 Hours 1 Minutes 10 Seconds

============================================================================
30/145 Starting processing im.emu.app.emu.prod-1.apk ......
Getting apk info from https://play.google.com/store/apps/details?id=im.emu.app.emu.prod ......
Success to get info from Play Store
The lastest version of im.emu.app.emu.prod-1.apk is  1.9.28  
Done processing im.emu.app.emu.prod-1.apk
Time Spent:   0 Days 0 Hours 1 Minutes 13 Seconds

============================================================================
31/145 Starting processing im.zpn-1.apk ......
Getting apk info from https://play.google.com/store/apps/details?id=im.zpn ......
Success to get info from Play Store
The lastest version of im.zpn-1.apk is  4.8  
Done processing im.zpn-1.apk
Time Spent:   0 Days 0 Hours 1 Minutes 15 Seconds

============================================================================
32/145 Starting processing in.veems-1.apk ......
Getting apk info from https://play.google.com/store/apps/details?id=in.veems ......
Success to get info from Play Store
The lastest version of in.veems-1.apk is  4.0.1.4  
Done processing in.veems-1.apk
Time Spent:   0 Days 0 Hours 1 Minutes 17 Seconds

============================================================================
33/145 Starting processing incruit.app-1.apk ......
Getting apk info from https://play.google.com/store/apps/details?id=incruit.app ......
Success to get info from Play Store
The lastest version of incruit.app-1.apk is  2.3.1  
Done processing incruit.app-1.apk
Time Spent:   0 Days 0 Hours 1 Minutes 19 Seconds

============================================================================
34/145 Starting processing info.berita.islam-1.apk ......
Getting apk info from https://play.google.com/store/apps/details?id=info.berita.islam ......
Success to get info from Play Store
The lastest version of info.berita.islam-1.apk is  1.0  
Done processing info.berita.islam-1.apk
Time Spent:   0 Days 0 Hours 1 Minutes 21 Seconds

============================================================================
35/145 Starting processing info.bibliaoninfobr.bibliateam-1.apk ......
Getting apk info from https://play.google.com/store/apps/details?id=info.bibliaoninfobr.bibliateam ......
Success to get info from Play Store
The lastest version of info.bibliaoninfobr.bibliateam-1.apk is  1.0.1  
Done processing info.bibliaoninfobr.bibliateam-1.apk
Time Spent:   0 Days 0 Hours 1 Minutes 23 Seconds

============================================================================
36/145 Starting processing info.chabad.app-1.apk ......
Getting apk info from https://play.google.com/store/apps/details?id=info.chabad.app ......
Success to get info from Play Store
The lastest version of info.chabad.app-1.apk is  1.0.6  
Done processing info.chabad.app-1.apk
Time Spent:   0 Days 0 Hours 1 Minutes 25 Seconds

============================================================================
37/145 Starting processing io.sq1.pplus.app.ballsie-1.apk ......
Getting apk info from https://play.google.com/store/apps/details?id=io.sq1.pplus.app.ballsie ......
Success to get info from Play Store
The lastest version of io.sq1.pplus.app.ballsie-1.apk is  1.0.2(5)  
Done processing io.sq1.pplus.app.ballsie-1.apk
Time Spent:   0 Days 0 Hours 1 Minutes 28 Seconds

============================================================================
38/145 Starting processing it.ingdirect.app-1.apk ......
Getting apk info from https://play.google.com/store/apps/details?id=it.ingdirect.app ......
Success to get info from Play Store
The lastest version of it.ingdirect.app-1.apk is  2.0.6  
Done processing it.ingdirect.app-1.apk
Time Spent:   0 Days 0 Hours 1 Minutes 30 Seconds

============================================================================
39/145 Starting processing it.navionics.singleAppMarineLakesHD-1.apk ......
Getting apk info from https://play.google.com/store/apps/details?id=it.navionics.singleAppMarineLakesHD ......
Success to get info from Play Store
The lastest version of it.navionics.singleAppMarineLakesHD-1.apk is  6.1.2  
Done processing it.navionics.singleAppMarineLakesHD-1.apk
Time Spent:   0 Days 0 Hours 1 Minutes 33 Seconds

============================================================================
40/145 Starting processing it.navionics.singleAppUsa-1.apk ......
Getting apk info from https://play.google.com/store/apps/details?id=it.navionics.singleAppUsa ......
Success to get info from Play Store
The lastest version of it.navionics.singleAppUsa-1.apk is  6.1.2  
Done processing it.navionics.singleAppUsa-1.apk
Time Spent:   0 Days 0 Hours 1 Minutes 36 Seconds

============================================================================
41/145 Starting processing it.quadronica.guida_asta_fantagazzetta-1.apk ......
Getting apk info from https://play.google.com/store/apps/details?id=it.quadronica.guida_asta_fantagazzetta ......
Success to get info from Play Store
The lastest version of it.quadronica.guida_asta_fantagazzetta-1.apk is  2.3.5  
Done processing it.quadronica.guida_asta_fantagazzetta-1.apk
Time Spent:   0 Days 0 Hours 1 Minutes 39 Seconds

============================================================================
42/145 Starting processing it.rcs.corrierede-1.apk ......
Getting apk info from https://play.google.com/store/apps/details?id=it.rcs.corrierede ......
Success to get info from Play Store
The lastest version of it.rcs.corrierede-1.apk is  3.0.3  
Done processing it.rcs.corrierede-1.apk
Time Spent:   0 Days 0 Hours 1 Minutes 41 Seconds

============================================================================
43/145 Starting processing jp.co.asahi.abcapp-1.apk ......
Getting apk info from https://play.google.com/store/apps/details?id=jp.co.asahi.abcapp ......
Success to get info from Play Store
The lastest version of jp.co.asahi.abcapp-1.apk is  2.1.0  
Done processing jp.co.asahi.abcapp-1.apk
Time Spent:   0 Days 0 Hours 1 Minutes 44 Seconds

============================================================================
44/145 Starting processing jp.co.crooz.shoplistapp-1.apk ......
Getting apk info from https://play.google.com/store/apps/details?id=jp.co.crooz.shoplistapp ......
Success to get info from Play Store
The lastest version of jp.co.crooz.shoplistapp-1.apk is  1.6.0  
Done processing jp.co.crooz.shoplistapp-1.apk
Time Spent:   0 Days 0 Hours 1 Minutes 46 Seconds

============================================================================
45/145 Starting processing jp.co.dwango.seiga.manga.android-1.apk ......
Getting apk info from https://play.google.com/store/apps/details?id=jp.co.dwango.seiga.manga.android ......
Success to get info from Play Store
The lastest version of jp.co.dwango.seiga.manga.android-1.apk is  1.0.7  
Done processing jp.co.dwango.seiga.manga.android-1.apk
Time Spent:   0 Days 0 Hours 1 Minutes 48 Seconds

============================================================================
46/145 Starting processing jp.co.fenrir.android.sleipnir-1.apk ......
Getting apk info from https://play.google.com/store/apps/details?id=jp.co.fenrir.android.sleipnir ......
Success to get info from Play Store
The lastest version of jp.co.fenrir.android.sleipnir-1.apk is  3.5.0  
Done processing jp.co.fenrir.android.sleipnir-1.apk
Time Spent:   0 Days 0 Hours 1 Minutes 50 Seconds

============================================================================
47/145 Starting processing jp.co.fujisan.android-1.apk ......
Getting apk info from https://play.google.com/store/apps/details?id=jp.co.fujisan.android ......
Success to get info from Play Store
The lastest version of jp.co.fujisan.android-1.apk is  2.19.4  
Done processing jp.co.fujisan.android-1.apk
Time Spent:   0 Days 0 Hours 1 Minutes 52 Seconds

============================================================================
48/145 Starting processing jp.co.johospace.backup-1.apk ......
Getting apk info from https://play.google.com/store/apps/details?id=jp.co.johospace.backup ......
Success to get info from Play Store
The lastest version of jp.co.johospace.backup-1.apk is  3.5.2  
Done processing jp.co.johospace.backup-1.apk
Time Spent:   0 Days 0 Hours 1 Minutes 55 Seconds

============================================================================
49/145 Starting processing jp.co.mcdonalds.android-1.apk ......
Getting apk info from https://play.google.com/store/apps/details?id=jp.co.mcdonalds.android ......
Success to get info from Play Store
The lastest version of jp.co.mcdonalds.android-1.apk is  3.0.9  
Done processing jp.co.mcdonalds.android-1.apk
Time Spent:   0 Days 0 Hours 1 Minutes 58 Seconds

============================================================================
50/145 Starting processing jp.co.nttdocomo.interpreterphone3.global1-1.apk ......
Getting apk info from https://play.google.com/store/apps/details?id=jp.co.nttdocomo.interpreterphone3.global1 ......
Success to get info from Play Store
The lastest version of jp.co.nttdocomo.interpreterphone3.global1-1.apk is  6.0.0  
Done processing jp.co.nttdocomo.interpreterphone3.global1-1.apk
Time Spent:   0 Days 0 Hours 2 Minutes 2 Seconds

============================================================================
51/145 Starting processing jp.co.proto.GooUCSearch-1.apk ......
Getting apk info from https://play.google.com/store/apps/details?id=jp.co.proto.GooUCSearch ......
Success to get info from Play Store
The lastest version of jp.co.proto.GooUCSearch-1.apk is  3.0.5  
Done processing jp.co.proto.GooUCSearch-1.apk
Time Spent:   0 Days 0 Hours 2 Minutes 5 Seconds

============================================================================
52/145 Starting processing jp.co.septeni_original.mant-1.apk ......
Getting apk info from https://play.google.com/store/apps/details?id=jp.co.septeni_original.mant ......
Success to get info from Play Store
The lastest version of jp.co.septeni_original.mant-1.apk is  2.2.0  
Done processing jp.co.septeni_original.mant-1.apk
Time Spent:   0 Days 0 Hours 2 Minutes 7 Seconds

============================================================================
53/145 Starting processing jp.co.smartapp.appcube-1.apk ......
Getting apk info from https://play.google.com/store/apps/details?id=jp.co.smartapp.appcube ......
Success to get info from Play Store
The lastest version of jp.co.smartapp.appcube-1.apk is  1.1.3  
Done processing jp.co.smartapp.appcube-1.apk
Time Spent:   0 Days 0 Hours 2 Minutes 9 Seconds

============================================================================
54/145 Starting processing jp.co.useeng.shindan01binanbijo-1.apk ......
Getting apk info from https://play.google.com/store/apps/details?id=jp.co.useeng.shindan01binanbijo ......
Success to get info from Play Store
The lastest version of jp.co.useeng.shindan01binanbijo-1.apk is  2.0.2  
Done processing jp.co.useeng.shindan01binanbijo-1.apk
Time Spent:   0 Days 0 Hours 2 Minutes 13 Seconds

============================================================================
55/145 Starting processing jp.co.xing.jml-1.apk ......
Getting apk info from https://play.google.com/store/apps/details?id=jp.co.xing.jml ......
Success to get info from Play Store
The lastest version of jp.co.xing.jml-1.apk is  4.6.6  
Done processing jp.co.xing.jml-1.apk
Time Spent:   0 Days 0 Hours 2 Minutes 17 Seconds

============================================================================
56/145 Starting processing jp.co.yahoo.android.yshopping-1.apk ......
Getting apk info from https://play.google.com/store/apps/details?id=jp.co.yahoo.android.yshopping ......
Success to get info from Play Store
The lastest version of jp.co.yahoo.android.yshopping-1.apk is    Varies with device  
Done processing jp.co.yahoo.android.yshopping-1.apk
Time Spent:   0 Days 0 Hours 2 Minutes 19 Seconds

============================================================================
57/145 Starting processing jp.comico.page-1.apk ......
Getting apk info from https://play.google.com/store/apps/details?id=jp.comico.page ......
Success to get info from Play Store
The lastest version of jp.comico.page-1.apk is  1.0.3  
Done processing jp.comico.page-1.apk
Time Spent:   0 Days 0 Hours 2 Minutes 21 Seconds

============================================================================
58/145 Starting processing jp.creema.creema_android-1.apk ......
Getting apk info from https://play.google.com/store/apps/details?id=jp.creema.creema_android ......
Success to get info from Play Store
The lastest version of jp.creema.creema_android-1.apk is  1.4.0  
Done processing jp.creema.creema_android-1.apk
Time Spent:   0 Days 0 Hours 2 Minutes 24 Seconds

============================================================================
59/145 Starting processing jp.gmo_media.decoproject-1.apk ......
Getting apk info from https://play.google.com/store/apps/details?id=jp.gmo_media.decoproject ......
Success to get info from Play Store
The lastest version of jp.gmo_media.decoproject-1.apk is  5.4.8  
Done processing jp.gmo_media.decoproject-1.apk
Time Spent:   0 Days 0 Hours 2 Minutes 26 Seconds

============================================================================
60/145 Starting processing jp.gmomedia.coordisnap-1.apk ......
Getting apk info from https://play.google.com/store/apps/details?id=jp.gmomedia.coordisnap ......
Success to get info from Play Store
The lastest version of jp.gmomedia.coordisnap-1.apk is  4.29.0  
Done processing jp.gmomedia.coordisnap-1.apk
Time Spent:   0 Days 0 Hours 2 Minutes 28 Seconds

============================================================================
61/145 Starting processing jp.mbga.a12016007.lite-1.apk ......
Getting apk info from https://play.google.com/store/apps/details?id=jp.mbga.a12016007.lite ......
Success to get info from Play Store
The lastest version of jp.mbga.a12016007.lite-1.apk is  1.3.6  
Done processing jp.mbga.a12016007.lite-1.apk
Time Spent:   0 Days 0 Hours 2 Minutes 30 Seconds

============================================================================
62/145 Starting processing jp.miruyo-1.apk ......
Getting apk info from https://play.google.com/store/apps/details?id=jp.miruyo ......
Success to get info from Play Store
The lastest version of jp.miruyo-1.apk is  1.1.9  
Done processing jp.miruyo-1.apk
Time Spent:   0 Days 0 Hours 2 Minutes 33 Seconds

============================================================================
63/145 Starting processing jp.naver.linenews.android-1.apk ......
Getting apk info from https://play.google.com/store/apps/details?id=jp.naver.linenews.android ......
Success to get info from Play Store
The lastest version of jp.naver.linenews.android-1.apk is  1.9.3  
Done processing jp.naver.linenews.android-1.apk
Time Spent:   0 Days 0 Hours 2 Minutes 37 Seconds

============================================================================
64/145 Starting processing jp.naver.matome.android.viewer-1.apk ......
Getting apk info from https://play.google.com/store/apps/details?id=jp.naver.matome.android.viewer ......
Success to get info from Play Store
The lastest version of jp.naver.matome.android.viewer-1.apk is  4.1.1  
Done processing jp.naver.matome.android.viewer-1.apk
Time Spent:   0 Days 0 Hours 2 Minutes 38 Seconds

============================================================================
65/145 Starting processing jp.ne.sakura.ccice.norikae-1.apk ......
Getting apk info from https://play.google.com/store/apps/details?id=jp.ne.sakura.ccice.norikae ......
Success to get info from Play Store
The lastest version of jp.ne.sakura.ccice.norikae-1.apk is  1.49  
Done processing jp.ne.sakura.ccice.norikae-1.apk
Time Spent:   0 Days 0 Hours 2 Minutes 40 Seconds

============================================================================
66/145 Starting processing jp.peroli.mery-1.apk ......
Getting apk info from https://play.google.com/store/apps/details?id=jp.peroli.mery ......
Success to get info from Play Store
The lastest version of jp.peroli.mery-1.apk is    Varies with device  
Done processing jp.peroli.mery-1.apk
Time Spent:   0 Days 0 Hours 2 Minutes 42 Seconds

============================================================================
67/145 Starting processing jp.volare.appliv-1.apk ......
Getting apk info from https://play.google.com/store/apps/details?id=jp.volare.appliv ......
Success to get info from Play Store
The lastest version of jp.volare.appliv-1.apk is  1.6.3  
Done processing jp.volare.appliv-1.apk
Time Spent:   0 Days 0 Hours 2 Minutes 44 Seconds

============================================================================
68/145 Starting processing jp.yyc.app.official-1.apk ......
Getting apk info from https://play.google.com/store/apps/details?id=jp.yyc.app.official ......
Success to get info from Play Store
The lastest version of jp.yyc.app.official-1.apk is  5.3.2  
Done processing jp.yyc.app.official-1.apk
Time Spent:   0 Days 0 Hours 2 Minutes 46 Seconds

============================================================================
69/145 Starting processing khabarajel.net.app-1.apk ......
Getting apk info from https://play.google.com/store/apps/details?id=khabarajel.net.app ......
Success to get info from Play Store
The lastest version of khabarajel.net.app-1.apk is  2.8  
Done processing khabarajel.net.app-1.apk
Time Spent:   0 Days 0 Hours 2 Minutes 49 Seconds

============================================================================
70/145 Starting processing kodo.app.mcdjp-1.apk ......
Getting apk info from https://play.google.com/store/apps/details?id=kodo.app.mcdjp ......
Success to get info from Play Store
The lastest version of kodo.app.mcdjp-1.apk is  150915  
Done processing kodo.app.mcdjp-1.apk
Time Spent:   0 Days 0 Hours 2 Minutes 51 Seconds

============================================================================
71/145 Starting processing kr.co.ladybugs.fourto-1.apk ......
Getting apk info from https://play.google.com/store/apps/details?id=kr.co.ladybugs.fourto ......
Success to get info from Play Store
The lastest version of kr.co.ladybugs.fourto-1.apk is  3.2.0  
Done processing kr.co.ladybugs.fourto-1.apk
Time Spent:   0 Days 0 Hours 2 Minutes 53 Seconds

============================================================================
72/145 Starting processing kr.co.rinasoft.howuse-1.apk ......
Getting apk info from https://play.google.com/store/apps/details?id=kr.co.rinasoft.howuse ......
Success to get info from Play Store
The lastest version of kr.co.rinasoft.howuse-1.apk is  3.9.9  
Done processing kr.co.rinasoft.howuse-1.apk
Time Spent:   0 Days 0 Hours 2 Minutes 55 Seconds

============================================================================
73/145 Starting processing kr.co.ssg-1.apk ......
Getting apk info from https://play.google.com/store/apps/details?id=kr.co.ssg ......
Success to get info from Play Store
The lastest version of kr.co.ssg-1.apk is    Varies with device  
Done processing kr.co.ssg-1.apk
Time Spent:   0 Days 0 Hours 2 Minutes 57 Seconds

============================================================================
74/145 Starting processing kr.co.vcnc.android.couple-1.apk ......
Getting apk info from https://play.google.com/store/apps/details?id=kr.co.vcnc.android.couple ......
Success to get info from Play Store
The lastest version of kr.co.vcnc.android.couple-1.apk is    Varies with device  
Done processing kr.co.vcnc.android.couple-1.apk
Time Spent:   0 Days 0 Hours 3 Minutes 0 Seconds

============================================================================
75/145 Starting processing larry.zou.colorfullife-1.apk ......
Getting apk info from https://play.google.com/store/apps/details?id=larry.zou.colorfullife ......
Success to get info from Play Store
The lastest version of larry.zou.colorfullife-1.apk is    Varies with device  
Done processing larry.zou.colorfullife-1.apk
Time Spent:   0 Days 0 Hours 3 Minutes 2 Seconds

============================================================================
76/145 Starting processing lequipe.fr-1.apk ......
Getting apk info from https://play.google.com/store/apps/details?id=lequipe.fr ......
Success to get info from Play Store
The lastest version of lequipe.fr-1.apk is    Varies with device  
Done processing lequipe.fr-1.apk
Time Spent:   0 Days 0 Hours 3 Minutes 4 Seconds

============================================================================
77/145 Starting processing livefoo.tball-1.apk ......
Getting apk info from https://play.google.com/store/apps/details?id=livefoo.tball ......
Success to get info from Play Store
The lastest version of livefoo.tball-1.apk is  1.3  
Done processing livefoo.tball-1.apk
Time Spent:   0 Days 0 Hours 3 Minutes 6 Seconds

============================================================================
78/145 Starting processing lozi.pea-1.apk ......
Getting apk info from https://play.google.com/store/apps/details?id=lozi.pea ......
Success to get info from Play Store
The lastest version of lozi.pea-1.apk is  2.0.3  
Done processing lozi.pea-1.apk
Time Spent:   0 Days 0 Hours 3 Minutes 8 Seconds

============================================================================
79/145 Starting processing md.your-1.apk ......
Getting apk info from https://play.google.com/store/apps/details?id=md.your ......
Success to get info from Play Store
The lastest version of md.your-1.apk is  1.4.5  
Done processing md.your-1.apk
Time Spent:   0 Days 0 Hours 3 Minutes 10 Seconds

============================================================================
80/145 Starting processing me.bluemail.mail-1.apk ......
Getting apk info from https://play.google.com/store/apps/details?id=me.bluemail.mail ......
Success to get info from Play Store
The lastest version of me.bluemail.mail-1.apk is  1.8.0.6  
Done processing me.bluemail.mail-1.apk
Time Spent:   0 Days 0 Hours 3 Minutes 13 Seconds

============================================================================
81/145 Starting processing me.samba.app-1.apk ......
Getting apk info from https://play.google.com/store/apps/details?id=me.samba.app ......
Success to get info from Play Store
The lastest version of me.samba.app-1.apk is  2.1.636  
Done processing me.samba.app-1.apk
Time Spent:   0 Days 0 Hours 3 Minutes 15 Seconds

============================================================================
82/145 Starting processing media.mp3.audio.musicplayer-1.apk ......
Getting apk info from https://play.google.com/store/apps/details?id=media.mp3.audio.musicplayer ......
Success to get info from Play Store
The lastest version of media.mp3.audio.musicplayer-1.apk is  2.0.0  
Done processing media.mp3.audio.musicplayer-1.apk
Time Spent:   0 Days 0 Hours 3 Minutes 17 Seconds

============================================================================
83/145 Starting processing miami.music.play-1.apk ......
Getting apk info from https://play.google.com/store/apps/details?id=miami.music.play ......
[ERROR] : Cannot find info of miami.music.play-1.apk on https://play.google.com/store/apps/details?id=miami.music.play !!!
Done processing miami.music.play-1.apk
Time Spent:   0 Days 0 Hours 3 Minutes 19 Seconds

============================================================================
84/145 Starting processing mobi.upod.app-1.apk ......
Getting apk info from https://play.google.com/store/apps/details?id=mobi.upod.app ......
Success to get info from Play Store
The lastest version of mobi.upod.app-1.apk is  4.4.1  
Done processing mobi.upod.app-1.apk
Time Spent:   0 Days 0 Hours 3 Minutes 22 Seconds

============================================================================
85/145 Starting processing mp.instagcolleage-1.apk ......
Getting apk info from https://play.google.com/store/apps/details?id=mp.instagcolleage ......
Success to get info from Play Store
The lastest version of mp.instagcolleage-1.apk is  1.0  
Done processing mp.instagcolleage-1.apk
Time Spent:   0 Days 0 Hours 3 Minutes 24 Seconds

============================================================================
86/145 Starting processing net.appbank.hiroba-1.apk ......
Getting apk info from https://play.google.com/store/apps/details?id=net.appbank.hiroba ......
Success to get info from Play Store
The lastest version of net.appbank.hiroba-1.apk is  1.1.4  
Done processing net.appbank.hiroba-1.apk
Time Spent:   0 Days 0 Hours 3 Minutes 26 Seconds

============================================================================
87/145 Starting processing net.audiko2-1.apk ......
Getting apk info from https://play.google.com/store/apps/details?id=net.audiko2 ......
Success to get info from Play Store
The lastest version of net.audiko2-1.apk is    Varies with device  
Done processing net.audiko2-1.apk
Time Spent:   0 Days 0 Hours 3 Minutes 29 Seconds

============================================================================
88/145 Starting processing net.audiko2.pro-1.apk ......
Getting apk info from https://play.google.com/store/apps/details?id=net.audiko2.pro ......
Success to get info from Play Store
The lastest version of net.audiko2.pro-1.apk is  2.6.119  
Done processing net.audiko2.pro-1.apk
Time Spent:   0 Days 0 Hours 3 Minutes 30 Seconds

============================================================================
89/145 Starting processing net.bucketplace-1.apk ......
Getting apk info from https://play.google.com/store/apps/details?id=net.bucketplace ......
Success to get info from Play Store
The lastest version of net.bucketplace-1.apk is  TH-G-4.1.23  
Done processing net.bucketplace-1.apk
Time Spent:   0 Days 0 Hours 3 Minutes 33 Seconds

============================================================================
90/145 Starting processing net.daum.android.tistoryapp-1.apk ......
Getting apk info from https://play.google.com/store/apps/details?id=net.daum.android.tistoryapp ......
Success to get info from Play Store
The lastest version of net.daum.android.tistoryapp-1.apk is  1.0.8  
Done processing net.daum.android.tistoryapp-1.apk
Time Spent:   0 Days 0 Hours 3 Minutes 35 Seconds

============================================================================
91/145 Starting processing net.havchr.mr2-1.apk ......
Getting apk info from https://play.google.com/store/apps/details?id=net.havchr.mr2 ......
Success to get info from Play Store
The lastest version of net.havchr.mr2-1.apk is    Varies with device  
Done processing net.havchr.mr2-1.apk
Time Spent:   0 Days 0 Hours 3 Minutes 38 Seconds

============================================================================
92/145 Starting processing net.moimcomms.waple-1.apk ......
Getting apk info from https://play.google.com/store/apps/details?id=net.moimcomms.waple ......
Success to get info from Play Store
The lastest version of net.moimcomms.waple-1.apk is  1.1.6  
Done processing net.moimcomms.waple-1.apk
Time Spent:   0 Days 0 Hours 3 Minutes 41 Seconds

============================================================================
93/145 Starting processing net.nrise.moci-1.apk ......
Getting apk info from https://play.google.com/store/apps/details?id=net.nrise.moci ......
Success to get info from Play Store
The lastest version of net.nrise.moci-1.apk is  0.4.15  
Done processing net.nrise.moci-1.apk
Time Spent:   0 Days 0 Hours 3 Minutes 44 Seconds

============================================================================
94/145 Starting processing net.openvpn.privatetunnel-1.apk ......
Getting apk info from https://play.google.com/store/apps/details?id=net.openvpn.privatetunnel ......
Success to get info from Play Store
The lastest version of net.openvpn.privatetunnel-1.apk is  2.5.0.87  
Done processing net.openvpn.privatetunnel-1.apk
Time Spent:   0 Days 0 Hours 3 Minutes 46 Seconds

============================================================================
95/145 Starting processing net.rejinderi.totallyfreevpn-1.apk ......
Getting apk info from https://play.google.com/store/apps/details?id=net.rejinderi.totallyfreevpn ......
Success to get info from Play Store
The lastest version of net.rejinderi.totallyfreevpn-1.apk is  1.1.0  
Done processing net.rejinderi.totallyfreevpn-1.apk
Time Spent:   0 Days 0 Hours 3 Minutes 49 Seconds

============================================================================
96/145 Starting processing net.sharewire.subastadeocio-1.apk ......
Getting apk info from https://play.google.com/store/apps/details?id=net.sharewire.subastadeocio ......
Success to get info from Play Store
The lastest version of net.sharewire.subastadeocio-1.apk is    Varies with device  
Done processing net.sharewire.subastadeocio-1.apk
Time Spent:   0 Days 0 Hours 3 Minutes 51 Seconds

============================================================================
97/145 Starting processing net.slideshare.mobile-1.apk ......
Getting apk info from https://play.google.com/store/apps/details?id=net.slideshare.mobile ......
Success to get info from Play Store
The lastest version of net.slideshare.mobile-1.apk is    Varies with device  
Done processing net.slideshare.mobile-1.apk
Time Spent:   0 Days 0 Hours 3 Minutes 54 Seconds

============================================================================
98/145 Starting processing net.zexy.koimusubi-1.apk ......
Getting apk info from https://play.google.com/store/apps/details?id=net.zexy.koimusubi ......
Success to get info from Play Store
The lastest version of net.zexy.koimusubi-1.apk is  1.3.1  
Done processing net.zexy.koimusubi-1.apk
Time Spent:   0 Days 0 Hours 3 Minutes 57 Seconds

============================================================================
99/145 Starting processing net.zhuoweizhang.pocketinveditor-1.apk ......
Getting apk info from https://play.google.com/store/apps/details?id=net.zhuoweizhang.pocketinveditor ......
Success to get info from Play Store
The lastest version of net.zhuoweizhang.pocketinveditor-1.apk is  1.15  
Done processing net.zhuoweizhang.pocketinveditor-1.apk
Time Spent:   0 Days 0 Hours 3 Minutes 59 Seconds

============================================================================
100/145 Starting processing net.zhuoweizhang.pocketinveditor.pro-1.apk ......
Getting apk info from https://play.google.com/store/apps/details?id=net.zhuoweizhang.pocketinveditor.pro ......
Success to get info from Play Store
The lastest version of net.zhuoweizhang.pocketinveditor.pro-1.apk is  1.15  
Done processing net.zhuoweizhang.pocketinveditor.pro-1.apk
Time Spent:   0 Days 0 Hours 4 Minutes 1 Seconds

============================================================================
101/145 Starting processing no.shortcut.varemesse-1.apk ......
Getting apk info from https://play.google.com/store/apps/details?id=no.shortcut.varemesse ......
Success to get info from Play Store
The lastest version of no.shortcut.varemesse-1.apk is  2.0.6  
Done processing no.shortcut.varemesse-1.apk
Time Spent:   0 Days 0 Hours 4 Minutes 3 Seconds

============================================================================
102/145 Starting processing no.wtw.mobillett.skyss-1.apk ......
Getting apk info from https://play.google.com/store/apps/details?id=no.wtw.mobillett.skyss ......
Success to get info from Play Store
The lastest version of no.wtw.mobillett.skyss-1.apk is  4.2-36d46  
Done processing no.wtw.mobillett.skyss-1.apk
Time Spent:   0 Days 0 Hours 4 Minutes 6 Seconds

============================================================================
103/145 Starting processing np.com.njs.autophotos-1.apk ......
Getting apk info from https://play.google.com/store/apps/details?id=np.com.njs.autophotos ......
Success to get info from Play Store
The lastest version of np.com.njs.autophotos-1.apk is  3.3.1  
Done processing np.com.njs.autophotos-1.apk
Time Spent:   0 Days 0 Hours 4 Minutes 8 Seconds

============================================================================
104/145 Starting processing oatp.co.kr.appletree-1.apk ......
Getting apk info from https://play.google.com/store/apps/details?id=oatp.co.kr.appletree ......
Success to get info from Play Store
The lastest version of oatp.co.kr.appletree-1.apk is  3.6  
Done processing oatp.co.kr.appletree-1.apk
Time Spent:   0 Days 0 Hours 4 Minutes 12 Seconds

============================================================================
105/145 Starting processing oms.mmc.fortunetelling.gmpay.almanac2-1.apk ......
Getting apk info from https://play.google.com/store/apps/details?id=oms.mmc.fortunetelling.gmpay.almanac2 ......
Success to get info from Play Store
The lastest version of oms.mmc.fortunetelling.gmpay.almanac2-1.apk is  4.0.9-gm  
Done processing oms.mmc.fortunetelling.gmpay.almanac2-1.apk
Time Spent:   0 Days 0 Hours 4 Minutes 15 Seconds

============================================================================
106/145 Starting processing org.aastudio.games.longnards-1.apk ......
Getting apk info from https://play.google.com/store/apps/details?id=org.aastudio.games.longnards ......
Success to get info from Play Store
The lastest version of org.aastudio.games.longnards-1.apk is  4.53  
Done processing org.aastudio.games.longnards-1.apk
Time Spent:   0 Days 0 Hours 4 Minutes 17 Seconds

============================================================================
107/145 Starting processing org.coursera.android-1.apk ......
Getting apk info from https://play.google.com/store/apps/details?id=org.coursera.android ......
Success to get info from Play Store
The lastest version of org.coursera.android-1.apk is  2.0.7.1  
Done processing org.coursera.android-1.apk
Time Spent:   0 Days 0 Hours 4 Minutes 19 Seconds

============================================================================
108/145 Starting processing org.ppsspp.ppsspp-1.apk ......
Getting apk info from https://play.google.com/store/apps/details?id=org.ppsspp.ppsspp ......
Success to get info from Play Store
The lastest version of org.ppsspp.ppsspp-1.apk is  1.1.1.0  
Done processing org.ppsspp.ppsspp-1.apk
Time Spent:   0 Days 0 Hours 4 Minutes 23 Seconds

============================================================================
109/145 Starting processing org.ppsspp.ppssppgold-1.apk ......
Getting apk info from https://play.google.com/store/apps/details?id=org.ppsspp.ppssppgold ......
Success to get info from Play Store
The lastest version of org.ppsspp.ppssppgold-1.apk is  1.1.1.0  
Done processing org.ppsspp.ppssppgold-1.apk
Time Spent:   0 Days 0 Hours 4 Minutes 25 Seconds

============================================================================
110/145 Starting processing org.takeaway.app-1.apk ......
Getting apk info from https://play.google.com/store/apps/details?id=org.takeaway.app ......
Success to get info from Play Store
The lastest version of org.takeaway.app-1.apk is  0.0.7  
Done processing org.takeaway.app-1.apk
Time Spent:   0 Days 0 Hours 4 Minutes 27 Seconds

============================================================================
111/145 Starting processing org.travelist-1.apk ......
Getting apk info from https://play.google.com/store/apps/details?id=org.travelist ......
Success to get info from Play Store
The lastest version of org.travelist-1.apk is  1.6.2  
Done processing org.travelist-1.apk
Time Spent:   0 Days 0 Hours 4 Minutes 28 Seconds

============================================================================
112/145 Starting processing org.xcsoar-1.apk ......
Getting apk info from https://play.google.com/store/apps/details?id=org.xcsoar ......
Success to get info from Play Store
The lastest version of org.xcsoar-1.apk is  6.8.2  
Done processing org.xcsoar-1.apk
Time Spent:   0 Days 0 Hours 4 Minutes 30 Seconds

============================================================================
113/145 Starting processing picasso.vpnhotspot.shield-1.apk ......
Getting apk info from https://play.google.com/store/apps/details?id=picasso.vpnhotspot.shield ......
Success to get info from Play Store
The lastest version of picasso.vpnhotspot.shield-1.apk is  2.0.0  
Done processing picasso.vpnhotspot.shield-1.apk
Time Spent:   0 Days 0 Hours 4 Minutes 32 Seconds

============================================================================
114/145 Starting processing pl.agora.mojedziecko-1.apk ......
Getting apk info from https://play.google.com/store/apps/details?id=pl.agora.mojedziecko ......
Success to get info from Play Store
The lastest version of pl.agora.mojedziecko-1.apk is  1.2.1  
Done processing pl.agora.mojedziecko-1.apk
Time Spent:   0 Days 0 Hours 4 Minutes 35 Seconds

============================================================================
115/145 Starting processing pl.axelspringer.newsweek.play-1.apk ......
Getting apk info from https://play.google.com/store/apps/details?id=pl.axelspringer.newsweek.play ......
Success to get info from Play Store
The lastest version of pl.axelspringer.newsweek.play-1.apk is  4.0.8  
Done processing pl.axelspringer.newsweek.play-1.apk
Time Spent:   0 Days 0 Hours 4 Minutes 36 Seconds

============================================================================
116/145 Starting processing pl.bph-1.apk ......
Getting apk info from https://play.google.com/store/apps/details?id=pl.bph ......
Success to get info from Play Store
The lastest version of pl.bph-1.apk is  2.0.288  
Done processing pl.bph-1.apk
Time Spent:   0 Days 0 Hours 4 Minutes 38 Seconds

============================================================================
117/145 Starting processing pl.gazeta.live-1.apk ......
Getting apk info from https://play.google.com/store/apps/details?id=pl.gazeta.live ......
Success to get info from Play Store
The lastest version of pl.gazeta.live-1.apk is  1.9.12  
Done processing pl.gazeta.live-1.apk
Time Spent:   0 Days 0 Hours 4 Minutes 41 Seconds

============================================================================
118/145 Starting processing pl.neptis.yanosik.mobi.android-1.apk ......
Getting apk info from https://play.google.com/store/apps/details?id=pl.neptis.yanosik.mobi.android ......
Success to get info from Play Store
The lastest version of pl.neptis.yanosik.mobi.android-1.apk is    Varies with device  
Done processing pl.neptis.yanosik.mobi.android-1.apk
Time Spent:   0 Days 0 Hours 4 Minutes 43 Seconds

============================================================================
119/145 Starting processing pl.otodom-1.apk ......
Getting apk info from https://play.google.com/store/apps/details?id=pl.otodom ......
Success to get info from Play Store
The lastest version of pl.otodom-1.apk is  1.4.0  
Done processing pl.otodom-1.apk
Time Spent:   0 Days 0 Hours 4 Minutes 45 Seconds

============================================================================
120/145 Starting processing pl.tvn.player-1.apk ......
Getting apk info from https://play.google.com/store/apps/details?id=pl.tvn.player ......
Success to get info from Play Store
The lastest version of pl.tvn.player-1.apk is  3.2.2  
Done processing pl.tvn.player-1.apk
Time Spent:   0 Days 0 Hours 4 Minutes 47 Seconds

============================================================================
121/145 Starting processing pl.tvn.playerhd-1.apk ......
Getting apk info from https://play.google.com/store/apps/details?id=pl.tvn.playerhd ......
Success to get info from Play Store
The lastest version of pl.tvn.playerhd-1.apk is  3.2.2  
Done processing pl.tvn.playerhd-1.apk
Time Spent:   0 Days 0 Hours 4 Minutes 49 Seconds

============================================================================
122/145 Starting processing pt.novobanco.nbapp-1.apk ......
Getting apk info from https://play.google.com/store/apps/details?id=pt.novobanco.nbapp ......
Success to get info from Play Store
The lastest version of pt.novobanco.nbapp-1.apk is  1.1.3  
Done processing pt.novobanco.nbapp-1.apk
Time Spent:   0 Days 0 Hours 4 Minutes 51 Seconds

============================================================================
123/145 Starting processing redshift.closer-1.apk ......
Getting apk info from https://play.google.com/store/apps/details?id=redshift.closer ......
Success to get info from Play Store
The lastest version of redshift.closer-1.apk is  3.4.1  
Done processing redshift.closer-1.apk
Time Spent:   0 Days 0 Hours 4 Minutes 53 Seconds

============================================================================
124/145 Starting processing ru.alfabank.mobile.android-1.apk ......
Getting apk info from https://play.google.com/store/apps/details?id=ru.alfabank.mobile.android ......
Success to get info from Play Store
The lastest version of ru.alfabank.mobile.android-1.apk is    Varies with device  
Done processing ru.alfabank.mobile.android-1.apk
Time Spent:   0 Days 0 Hours 4 Minutes 56 Seconds

============================================================================
125/145 Starting processing ru.mail.my-1.apk ......
Getting apk info from https://play.google.com/store/apps/details?id=ru.mail.my ......
Success to get info from Play Store
The lastest version of ru.mail.my-1.apk is    Varies with device  
Done processing ru.mail.my-1.apk
Time Spent:   0 Days 0 Hours 4 Minutes 58 Seconds

============================================================================
126/145 Starting processing ru.rzd-1.apk ......
Getting apk info from https://play.google.com/store/apps/details?id=ru.rzd ......
Success to get info from Play Store
The lastest version of ru.rzd-1.apk is  2.0.10  
Done processing ru.rzd-1.apk
Time Spent:   0 Days 0 Hours 5 Minutes 0 Seconds

============================================================================
127/145 Starting processing ru.viatun.android4-1.apk ......
Getting apk info from https://play.google.com/store/apps/details?id=ru.viatun.android4 ......
Success to get info from Play Store
The lastest version of ru.viatun.android4-1.apk is  6.9.1  
Done processing ru.viatun.android4-1.apk
Time Spent:   0 Days 0 Hours 5 Minutes 2 Seconds

============================================================================
128/145 Starting processing se.citiboard-1.apk ......
Getting apk info from https://play.google.com/store/apps/details?id=se.citiboard ......
Success to get info from Play Store
The lastest version of se.citiboard-1.apk is  1.4.2  
Done processing se.citiboard-1.apk
Time Spent:   0 Days 0 Hours 5 Minutes 4 Seconds

============================================================================
129/145 Starting processing se.mrjet-1.apk ......
Getting apk info from https://play.google.com/store/apps/details?id=se.mrjet ......
Success to get info from Play Store
The lastest version of se.mrjet-1.apk is    Varies with device  
Done processing se.mrjet-1.apk
Time Spent:   0 Days 0 Hours 5 Minutes 6 Seconds

============================================================================
130/145 Starting processing sg.gov.nea-1.apk ......
Getting apk info from https://play.google.com/store/apps/details?id=sg.gov.nea ......
Success to get info from Play Store
The lastest version of sg.gov.nea-1.apk is  2.4.3  
Done processing sg.gov.nea-1.apk
Time Spent:   0 Days 0 Hours 5 Minutes 9 Seconds

============================================================================
131/145 Starting processing smellymoo.sand-1.apk ......
Getting apk info from https://play.google.com/store/apps/details?id=smellymoo.sand ......
Success to get info from Play Store
The lastest version of smellymoo.sand-1.apk is  0.86  
Done processing smellymoo.sand-1.apk
Time Spent:   0 Days 0 Hours 5 Minutes 11 Seconds

============================================================================
132/145 Starting processing sorais.th1danmaku-1.apk ......
Getting apk info from https://play.google.com/store/apps/details?id=sorais.th1danmaku ......
Success to get info from Play Store
The lastest version of sorais.th1danmaku-1.apk is  4.4  
Done processing sorais.th1danmaku-1.apk
Time Spent:   0 Days 0 Hours 5 Minutes 13 Seconds

============================================================================
133/145 Starting processing sport1.mobile.android.apps-1.apk ......
Getting apk info from https://play.google.com/store/apps/details?id=sport1.mobile.android.apps ......
Success to get info from Play Store
The lastest version of sport1.mobile.android.apps-1.apk is    Varies with device  
Done processing sport1.mobile.android.apps-1.apk
Time Spent:   0 Days 0 Hours 5 Minutes 14 Seconds

============================================================================
134/145 Starting processing tk.marwanserver.instacrop-1.apk ......
Getting apk info from https://play.google.com/store/apps/details?id=tk.marwanserver.instacrop ......
Success to get info from Play Store
The lastest version of tk.marwanserver.instacrop-1.apk is  2.5.0  
Done processing tk.marwanserver.instacrop-1.apk
Time Spent:   0 Days 0 Hours 5 Minutes 17 Seconds

============================================================================
135/145 Starting processing tr.gov.turkiye.edevlet.kapisi-1.apk ......
Getting apk info from https://play.google.com/store/apps/details?id=tr.gov.turkiye.edevlet.kapisi ......
Success to get info from Play Store
The lastest version of tr.gov.turkiye.edevlet.kapisi-1.apk is    Varies with device  
Done processing tr.gov.turkiye.edevlet.kapisi-1.apk
Time Spent:   0 Days 0 Hours 5 Minutes 19 Seconds

============================================================================
136/145 Starting processing tv.twitch.android.app-1.apk ......
Getting apk info from https://play.google.com/store/apps/details?id=tv.twitch.android.app ......
Success to get info from Play Store
The lastest version of tv.twitch.android.app-1.apk is  4.5.0  
Done processing tv.twitch.android.app-1.apk
Time Spent:   0 Days 0 Hours 5 Minutes 21 Seconds

============================================================================
137/145 Starting processing ua.com.uklontaxi-1.apk ......
Getting apk info from https://play.google.com/store/apps/details?id=ua.com.uklontaxi ......
Success to get info from Play Store
The lastest version of ua.com.uklontaxi-1.apk is  2.2.11  
Done processing ua.com.uklontaxi-1.apk
Time Spent:   0 Days 0 Hours 5 Minutes 23 Seconds

============================================================================
138/145 Starting processing udk.android.reader-1.apk ......
Getting apk info from https://play.google.com/store/apps/details?id=udk.android.reader ......
Success to get info from Play Store
The lastest version of udk.android.reader-1.apk is  2.6.6.1  
Done processing udk.android.reader-1.apk
Time Spent:   0 Days 0 Hours 5 Minutes 25 Seconds

============================================================================
139/145 Starting processing uk.org.invisibility.recordablefree-1.apk ......
Getting apk info from https://play.google.com/store/apps/details?id=uk.org.invisibility.recordablefree ......
Success to get info from Play Store
The lastest version of uk.org.invisibility.recordablefree-1.apk is  4.2.0.4  
Done processing uk.org.invisibility.recordablefree-1.apk
Time Spent:   0 Days 0 Hours 5 Minutes 27 Seconds

============================================================================
140/145 Starting processing vn.tiki.app.tikiandroid-1.apk ......
Getting apk info from https://play.google.com/store/apps/details?id=vn.tiki.app.tikiandroid ......
Success to get info from Play Store
The lastest version of vn.tiki.app.tikiandroid-1.apk is  2.5  
Done processing vn.tiki.app.tikiandroid-1.apk
Time Spent:   0 Days 0 Hours 5 Minutes 29 Seconds

============================================================================
141/145 Starting processing vn.tracau.android-1.apk ......
Getting apk info from https://play.google.com/store/apps/details?id=vn.tracau.android ......
Success to get info from Play Store
The lastest version of vn.tracau.android-1.apk is    Varies with device  
Done processing vn.tracau.android-1.apk
Time Spent:   0 Days 0 Hours 5 Minutes 31 Seconds

============================================================================
142/145 Starting processing wp.wattpad-1.apk ......
Getting apk info from https://play.google.com/store/apps/details?id=wp.wattpad ......
Success to get info from Play Store
The lastest version of wp.wattpad-1.apk is    Varies with device  
Done processing wp.wattpad-1.apk
Time Spent:   0 Days 0 Hours 5 Minutes 34 Seconds

============================================================================
143/145 Starting processing wp.wpbeta-1.apk ......
Getting apk info from https://play.google.com/store/apps/details?id=wp.wpbeta ......
Success to get info from Play Store
The lastest version of wp.wpbeta-1.apk is  6.8.0.6  
Done processing wp.wpbeta-1.apk
Time Spent:   0 Days 0 Hours 5 Minutes 36 Seconds

============================================================================
144/145 Starting processing yo.app-1.apk ......
Getting apk info from https://play.google.com/store/apps/details?id=yo.app ......
Success to get info from Play Store
The lastest version of yo.app-1.apk is  1.9.10  
Done processing yo.app-1.apk
Time Spent:   0 Days 0 Hours 5 Minutes 38 Seconds

============================================================================
145/145 Starting processing yo.app.free-1.apk ......
Getting apk info from https://play.google.com/store/apps/details?id=yo.app.free ......
Success to get info from Play Store
The lastest version of yo.app.free-1.apk is  1.9.10  
Done processing yo.app.free-1.apk
Time Spent:   0 Days 0 Hours 5 Minutes 40 Seconds

============================================================================


**************************************************************
All Done
Total Time:   0 Days 0 Hours 5 Minutes 40 Seconds
Result Location:               /home/Git-Apk/code_resource/script_hooks/scan_apk/scan_apk_version/results/AppInfo_2015-11-17-17-50-55.csv
**************************************************************
