Start processing app in list /home/Git-Apk/Updated_list from /home/Git-Apk/All_Apk  ......

============================================================================
1/54 Starting processing air.com.sgn.bookoflife.gp-1.apk ......
Getting apk info from https://play.google.com/store/apps/details?id=air.com.sgn.bookoflife.gp ......
Success to get info from Play Store
The lastest version of air.com.sgn.bookoflife.gp-1.apk is  2.91.117.506251154  
Done processing air.com.sgn.bookoflife.gp-1.apk
Time Spent:   0 Days 0 Hours 0 Minutes 3 Seconds

============================================================================
2/54 Starting processing air.com.sgn.juicejam.gp-1.apk ......
Getting apk info from https://play.google.com/store/apps/details?id=air.com.sgn.juicejam.gp ......
Success to get info from Play Store
The lastest version of air.com.sgn.juicejam.gp-1.apk is  1.6.21  
Done processing air.com.sgn.juicejam.gp-1.apk
Time Spent:   0 Days 0 Hours 0 Minutes 5 Seconds

============================================================================
3/54 Starting processing air.com.slotgalaxy-1.apk ......
Getting apk info from https://play.google.com/store/apps/details?id=air.com.slotgalaxy ......
Success to get info from Play Store
The lastest version of air.com.slotgalaxy-1.apk is 
Done processing air.com.slotgalaxy-1.apk
Time Spent:   0 Days 0 Hours 0 Minutes 9 Seconds

============================================================================
4/54 Starting processing br.com.tapps.myboo-1.apk ......
Getting apk info from https://play.google.com/store/apps/details?id=br.com.tapps.myboo ......
Success to get info from Play Store
The lastest version of br.com.tapps.myboo-1.apk is  1.15  
Done processing br.com.tapps.myboo-1.apk
Time Spent:   0 Days 0 Hours 0 Minutes 12 Seconds

============================================================================
5/54 Starting processing com.activision.callofduty.heroes-1.apk ......
Getting apk info from https://play.google.com/store/apps/details?id=com.activision.callofduty.heroes ......
Success to get info from Play Store
The lastest version of com.activision.callofduty.heroes-1.apk is  1.7.2  
Done processing com.activision.callofduty.heroes-1.apk
Time Spent:   0 Days 0 Hours 0 Minutes 17 Seconds

============================================================================
6/54 Starting processing com.bigfishgames.gummydropgoogle-1.apk ......
Getting apk info from https://play.google.com/store/apps/details?id=com.bigfishgames.gummydropgoogle ......
Success to get info from Play Store
The lastest version of com.bigfishgames.gummydropgoogle-1.apk is  1.13.0  
Done processing com.bigfishgames.gummydropgoogle-1.apk
Time Spent:   0 Days 0 Hours 0 Minutes 22 Seconds

============================================================================
7/54 Starting processing com.cbs.app-1.apk ......
Getting apk info from https://play.google.com/store/apps/details?id=com.cbs.app ......
Success to get info from Play Store
The lastest version of com.cbs.app-1.apk is  2.4.0  
Done processing com.cbs.app-1.apk
Time Spent:   0 Days 0 Hours 0 Minutes 24 Seconds

============================================================================
8/54 Starting processing com.degoo.android.maternitydoctor2-1.apk ......
Getting apk info from https://play.google.com/store/apps/details?id=com.degoo.android.maternitydoctor2 ......
Success to get info from Play Store
The lastest version of com.degoo.android.maternitydoctor2-1.apk is  1.0.8  
Done processing com.degoo.android.maternitydoctor2-1.apk
Time Spent:   0 Days 0 Hours 0 Minutes 26 Seconds

============================================================================
9/54 Starting processing com.dirtybit.funrun2-1.apk ......
Getting apk info from https://play.google.com/store/apps/details?id=com.dirtybit.funrun2 ......
Success to get info from Play Store
The lastest version of com.dirtybit.funrun2-1.apk is  2.2  
Done processing com.dirtybit.funrun2-1.apk
Time Spent:   0 Days 0 Hours 0 Minutes 28 Seconds

============================================================================
10/54 Starting processing com.disney.datg.videoplatforms.android.abc-1.apk ......
Getting apk info from https://play.google.com/store/apps/details?id=com.disney.datg.videoplatforms.android.abc ......
Success to get info from Play Store
The lastest version of com.disney.datg.videoplatforms.android.abc-1.apk is  3.1.7  
Done processing com.disney.datg.videoplatforms.android.abc-1.apk
Time Spent:   0 Days 0 Hours 0 Minutes 31 Seconds

============================================================================
11/54 Starting processing com.disney.nemo-1.apk ......
Getting apk info from https://play.google.com/store/apps/details?id=com.disney.nemo ......
Success to get info from Play Store
The lastest version of com.disney.nemo-1.apk is  1.8.0  
Done processing com.disney.nemo-1.apk
Time Spent:   0 Days 0 Hours 0 Minutes 37 Seconds

============================================================================
12/54 Starting processing com.doubleugames.DoubleUCasino-1.apk ......
Getting apk info from https://play.google.com/store/apps/details?id=com.doubleugames.DoubleUCasino ......
Success to get info from Play Store
The lastest version of com.doubleugames.DoubleUCasino-1.apk is  3.10.1  
Done processing com.doubleugames.DoubleUCasino-1.apk
Time Spent:   0 Days 0 Hours 0 Minutes 42 Seconds

============================================================================
13/54 Starting processing com.ea.game.pegglex_row-1.apk ......
Getting apk info from https://play.google.com/store/apps/details?id=com.ea.game.pegglex_row ......
Success to get info from Play Store
The lastest version of com.ea.game.pegglex_row-1.apk is  2.9.0  
Done processing com.ea.game.pegglex_row-1.apk
Time Spent:   0 Days 0 Hours 0 Minutes 47 Seconds

============================================================================
14/54 Starting processing com.ea.game.pvz2_na-1.apk ......
Getting apk info from https://play.google.com/store/apps/details?id=com.ea.game.pvz2_na ......
Success to get info from Play Store
The lastest version of com.ea.game.pvz2_na-1.apk is  3.7.1  
Done processing com.ea.game.pvz2_na-1.apk
Time Spent:   0 Days 0 Hours 0 Minutes 53 Seconds

============================================================================
15/54 Starting processing com.ea.games.nfs13_na-1.apk ......
Getting apk info from https://play.google.com/store/apps/details?id=com.ea.games.nfs13_na ......
Success to get info from Play Store
The lastest version of com.ea.games.nfs13_na-1.apk is  1.3.68  
Done processing com.ea.games.nfs13_na-1.apk
Time Spent:   0 Days 0 Hours 0 Minutes 58 Seconds

============================================================================
16/54 Starting processing com.emoji.coolkeyboard-1.apk ......
Getting apk info from https://play.google.com/store/apps/details?id=com.emoji.coolkeyboard ......
Success to get info from Play Store
The lastest version of com.emoji.coolkeyboard-1.apk is  2.8.1  
Done processing com.emoji.coolkeyboard-1.apk
Time Spent:   0 Days 0 Hours 1 Minutes 2 Seconds

============================================================================
17/54 Starting processing com.emoji.ikeyboard-1.apk ......
Getting apk info from https://play.google.com/store/apps/details?id=com.emoji.ikeyboard ......
Success to get info from Play Store
The lastest version of com.emoji.ikeyboard-1.apk is  3.6.7  
Done processing com.emoji.ikeyboard-1.apk
Time Spent:   0 Days 0 Hours 1 Minutes 10 Seconds

============================================================================
18/54 Starting processing com.fighter.fun.kk-1.apk ......
Getting apk info from https://play.google.com/store/apps/details?id=com.fighter.fun.kk ......
Success to get info from Play Store
The lastest version of com.fighter.fun.kk-1.apk is  2.20.150410  
Done processing com.fighter.fun.kk-1.apk
Time Spent:   0 Days 0 Hours 1 Minutes 13 Seconds

============================================================================
19/54 Starting processing com.gamevilusa.mlbpi15.android.google.global.normal-1.apk ......
Getting apk info from https://play.google.com/store/apps/details?id=com.gamevilusa.mlbpi15.android.google.global.normal ......
Success to get info from Play Store
The lastest version of com.gamevilusa.mlbpi15.android.google.global.normal-1.apk is  3.0.8  
Done processing com.gamevilusa.mlbpi15.android.google.global.normal-1.apk
Time Spent:   0 Days 0 Hours 1 Minutes 18 Seconds

============================================================================
20/54 Starting processing com.glu.baseball15-1.apk ......
Getting apk info from https://play.google.com/store/apps/details?id=com.glu.baseball15 ......
Success to get info from Play Store
The lastest version of com.glu.baseball15-1.apk is  1.1.2  
Done processing com.glu.baseball15-1.apk
Time Spent:   0 Days 0 Hours 1 Minutes 25 Seconds

============================================================================
21/54 Starting processing com.glu.stardomkim-1.apk ......
Getting apk info from https://play.google.com/store/apps/details?id=com.glu.stardomkim ......
Success to get info from Play Store
The lastest version of com.glu.stardomkim-1.apk is  3.1.1  
Done processing com.glu.stardomkim-1.apk
Time Spent:   0 Days 0 Hours 1 Minutes 29 Seconds

============================================================================
22/54 Starting processing com.google.android.apps.youtube.kids-1.apk ......
Getting apk info from https://play.google.com/store/apps/details?id=com.google.android.apps.youtube.kids ......
Success to get info from Play Store
The lastest version of com.google.android.apps.youtube.kids-1.apk is  1.21.5  
Done processing com.google.android.apps.youtube.kids-1.apk
Time Spent:   0 Days 0 Hours 1 Minutes 34 Seconds

============================================================================
23/54 Starting processing com.hcg.cok.gp-1.apk ......
Getting apk info from https://play.google.com/store/apps/details?id=com.hcg.cok.gp ......
Success to get info from Play Store
The lastest version of com.hcg.cok.gp-1.apk is  1.0.97  
Done processing com.hcg.cok.gp-1.apk
Time Spent:   0 Days 0 Hours 1 Minutes 37 Seconds

============================================================================
24/54 Starting processing com.herocraft.game.ww2-1.apk ......
Getting apk info from https://play.google.com/store/apps/details?id=com.herocraft.game.ww2 ......
Success to get info from Play Store
The lastest version of com.herocraft.game.ww2-1.apk is  1.1.15  
Done processing com.herocraft.game.ww2-1.apk
Time Spent:   0 Days 0 Hours 1 Minutes 43 Seconds

============================================================================
25/54 Starting processing com.hulu.plus-1.apk ......
Getting apk info from https://play.google.com/store/apps/details?id=com.hulu.plus ......
Success to get info from Play Store
The lastest version of com.hulu.plus-1.apk is  2.19.1.202266  
Done processing com.hulu.plus-1.apk
Time Spent:   0 Days 0 Hours 1 Minutes 45 Seconds

============================================================================
26/54 Starting processing com.igg.bravetrials-1.apk ......
Getting apk info from https://play.google.com/store/apps/details?id=com.igg.bravetrials ......
Success to get info from Play Store
The lastest version of com.igg.bravetrials-1.apk is  1.6.2  
Done processing com.igg.bravetrials-1.apk
Time Spent:   0 Days 0 Hours 1 Minutes 50 Seconds

============================================================================
27/54 Starting processing com.igg.clashoflords2-1.apk ......
Getting apk info from https://play.google.com/store/apps/details?id=com.igg.clashoflords2 ......
Success to get info from Play Store
The lastest version of com.igg.clashoflords2-1.apk is  1.0.185  
Done processing com.igg.clashoflords2-1.apk
Time Spent:   0 Days 0 Hours 1 Minutes 53 Seconds

============================================================================
28/54 Starting processing com.king.candycrushsaga-1.apk ......
Getting apk info from https://play.google.com/store/apps/details?id=com.king.candycrushsaga ......
Success to get info from Play Store
The lastest version of com.king.candycrushsaga-1.apk is  1.56.0.3  
Done processing com.king.candycrushsaga-1.apk
Time Spent:   0 Days 0 Hours 1 Minutes 57 Seconds

============================================================================
29/54 Starting processing com.king.farmheroessaga-1.apk ......
Getting apk info from https://play.google.com/store/apps/details?id=com.king.farmheroessaga ......
Success to get info from Play Store
The lastest version of com.king.farmheroessaga-1.apk is  2.29.12  
Done processing com.king.farmheroessaga-1.apk
Time Spent:   0 Days 0 Hours 2 Minutes 0 Seconds

============================================================================
30/54 Starting processing com.king.petrescuesaga-1.apk ......
Getting apk info from https://play.google.com/store/apps/details?id=com.king.petrescuesaga ......
Success to get info from Play Store
The lastest version of com.king.petrescuesaga-1.apk is  1.46.4  
Done processing com.king.petrescuesaga-1.apk
Time Spent:   0 Days 0 Hours 2 Minutes 2 Seconds

============================================================================
31/54 Starting processing com.ksmobile.launcher-1.apk ......
Getting apk info from https://play.google.com/store/apps/details?id=com.ksmobile.launcher ......
Success to get info from Play Store
The lastest version of com.ksmobile.launcher-1.apk is  1.10.14  
Done processing com.ksmobile.launcher-1.apk
Time Spent:   0 Days 0 Hours 2 Minutes 5 Seconds

============================================================================
32/54 Starting processing com.lazyswipe-1.apk ......
Getting apk info from https://play.google.com/store/apps/details?id=com.lazyswipe ......
Success to get info from Play Store
The lastest version of com.lazyswipe-1.apk is  2.01  
Done processing com.lazyswipe-1.apk
Time Spent:   0 Days 0 Hours 2 Minutes 7 Seconds

============================================================================
33/54 Starting processing com.midasplayer.apps.bubblewitch-1.apk ......
Getting apk info from https://play.google.com/store/apps/details?id=com.midasplayer.apps.bubblewitch ......
Success to get info from Play Store
The lastest version of com.midasplayer.apps.bubblewitch-1.apk is  3.1.26  
Done processing com.midasplayer.apps.bubblewitch-1.apk
Time Spent:   0 Days 0 Hours 2 Minutes 12 Seconds

============================================================================
34/54 Starting processing com.namcowireless.flightcontrol-1.apk ......
Getting apk info from https://play.google.com/store/apps/details?id=com.namcowireless.flightcontrol ......
Success to get info from Play Store
The lastest version of com.namcowireless.flightcontrol-1.apk is  5.1  
Done processing com.namcowireless.flightcontrol-1.apk
Time Spent:   0 Days 0 Hours 2 Minutes 18 Seconds

============================================================================
35/54 Starting processing com.naturalmotion.csrracing-1.apk ......
Getting apk info from https://play.google.com/store/apps/details?id=com.naturalmotion.csrracing ......
Success to get info from Play Store
The lastest version of com.naturalmotion.csrracing-1.apk is  2.9.0  
Done processing com.naturalmotion.csrracing-1.apk
Time Spent:   0 Days 0 Hours 2 Minutes 21 Seconds

============================================================================
36/54 Starting processing com.netflix.mediaclient-1.apk ......
Getting apk info from https://play.google.com/store/apps/details?id=com.netflix.mediaclient ......
Success to get info from Play Store
The lastest version of com.netflix.mediaclient-1.apk is    Varies with device  
Done processing com.netflix.mediaclient-1.apk
Time Spent:   0 Days 0 Hours 2 Minutes 24 Seconds

============================================================================
37/54 Starting processing com.ninjakiwi.bloonstdbattles-1.apk ......
Getting apk info from https://play.google.com/store/apps/details?id=com.ninjakiwi.bloonstdbattles ......
Success to get info from Play Store
The lastest version of com.ninjakiwi.bloonstdbattles-1.apk is  2.4.6  
Done processing com.ninjakiwi.bloonstdbattles-1.apk
Time Spent:   0 Days 0 Hours 2 Minutes 26 Seconds

============================================================================
38/54 Starting processing com.okshur.enchantedCave2-1.apk ......
Getting apk info from https://play.google.com/store/apps/details?id=com.okshur.enchantedCave2 ......
Success to get info from Play Store
The lastest version of com.okshur.enchantedCave2-1.apk is  2.24  
Done processing com.okshur.enchantedCave2-1.apk
Time Spent:   0 Days 0 Hours 2 Minutes 29 Seconds

============================================================================
39/54 Starting processing com.path-1.apk ......
Getting apk info from https://play.google.com/store/apps/details?id=com.path ......
Success to get info from Play Store
The lastest version of com.path-1.apk is    Varies with device  
Done processing com.path-1.apk
Time Spent:   0 Days 0 Hours 2 Minutes 31 Seconds

============================================================================
40/54 Starting processing com.qihoo.security-1.apk ......
Getting apk info from https://play.google.com/store/apps/details?id=com.qihoo.security ......
Success to get info from Play Store
The lastest version of com.qihoo.security-1.apk is  3.2.6  
Done processing com.qihoo.security-1.apk
Time Spent:   0 Days 0 Hours 2 Minutes 35 Seconds

============================================================================
41/54 Starting processing com.quvideo.xiaoying-1.apk ......
Getting apk info from https://play.google.com/store/apps/details?id=com.quvideo.xiaoying ......
Success to get info from Play Store
The lastest version of com.quvideo.xiaoying-1.apk is  4.2.0  
Done processing com.quvideo.xiaoying-1.apk
Time Spent:   0 Days 0 Hours 2 Minutes 38 Seconds

============================================================================
42/54 Starting processing com.sgn.pandapop.gp-1.apk ......
Getting apk info from https://play.google.com/store/apps/details?id=com.sgn.pandapop.gp ......
Success to get info from Play Store
The lastest version of com.sgn.pandapop.gp-1.apk is  3.0  
Done processing com.sgn.pandapop.gp-1.apk
Time Spent:   0 Days 0 Hours 2 Minutes 40 Seconds

============================================================================
43/54 Starting processing com.teamlava.dragon-1.apk ......
Getting apk info from https://play.google.com/store/apps/details?id=com.teamlava.dragon ......
Success to get info from Play Store
The lastest version of com.teamlava.dragon-1.apk is    Varies with device  
Done processing com.teamlava.dragon-1.apk
Time Spent:   0 Days 0 Hours 2 Minutes 43 Seconds

============================================================================
44/54 Starting processing com.tencent.west-1.apk ......
Getting apk info from https://play.google.com/store/apps/details?id=com.tencent.west ......
[ERROR] : Cannot find info of com.tencent.west-1.apk on https://play.google.com/store/apps/details?id=com.tencent.west !!!
Done processing com.tencent.west-1.apk
Time Spent:   0 Days 0 Hours 2 Minutes 45 Seconds

============================================================================
45/54 Starting processing com.tocaboca.hairsalon2-1.apk ......
Getting apk info from https://play.google.com/store/apps/details?id=com.tocaboca.hairsalon2 ......
Success to get info from Play Store
The lastest version of com.tocaboca.hairsalon2-1.apk is  1.0.6  
Done processing com.tocaboca.hairsalon2-1.apk
Time Spent:   0 Days 0 Hours 2 Minutes 47 Seconds

============================================================================
46/54 Starting processing com.tp.android.surgerysim-1.apk ......
Getting apk info from https://play.google.com/store/apps/details?id=com.tp.android.surgerysim ......
Success to get info from Play Store
The lastest version of com.tp.android.surgerysim-1.apk is  1.0.7  
Done processing com.tp.android.surgerysim-1.apk
Time Spent:   0 Days 0 Hours 2 Minutes 51 Seconds

============================================================================
47/54 Starting processing com.ultimateguitar.tabs-1.apk ......
Getting apk info from https://play.google.com/store/apps/details?id=com.ultimateguitar.tabs ......
Success to get info from Play Store
The lastest version of com.ultimateguitar.tabs-1.apk is    Varies with device  
Done processing com.ultimateguitar.tabs-1.apk
Time Spent:   0 Days 0 Hours 2 Minutes 53 Seconds

============================================================================
48/54 Starting processing com.z14.darkdemon-1.apk ......
Getting apk info from https://play.google.com/store/apps/details?id=com.z14.darkdemon ......
Success to get info from Play Store
The lastest version of com.z14.darkdemon-1.apk is  1.5.7  
Done processing com.z14.darkdemon-1.apk
Time Spent:   0 Days 0 Hours 2 Minutes 56 Seconds

============================================================================
49/54 Starting processing com.zenstudios.TWDPinball-1.apk ......
Getting apk info from https://play.google.com/store/apps/details?id=com.zenstudios.TWDPinball ......
Success to get info from Play Store
The lastest version of com.zenstudios.TWDPinball-1.apk is  1.0.3  
Done processing com.zenstudios.TWDPinball-1.apk
Time Spent:   0 Days 0 Hours 2 Minutes 58 Seconds

============================================================================
50/54 Starting processing emoji.keyboard.emoticonkeyboard-1.apk ......
Getting apk info from https://play.google.com/store/apps/details?id=emoji.keyboard.emoticonkeyboard ......
Success to get info from Play Store
The lastest version of emoji.keyboard.emoticonkeyboard-1.apk is  1.1.9.0  
Done processing emoji.keyboard.emoticonkeyboard-1.apk
Time Spent:   0 Days 0 Hours 3 Minutes 1 Seconds

============================================================================
51/54 Starting processing net.SandStormEarl.MC2-1.apk ......
Getting apk info from https://play.google.com/store/apps/details?id=net.SandStormEarl.MC2 ......
Success to get info from Play Store
The lastest version of net.SandStormEarl.MC2-1.apk is  1.0.7  
Done processing net.SandStormEarl.MC2-1.apk
Time Spent:   0 Days 0 Hours 3 Minutes 3 Seconds

============================================================================
52/54 Starting processing net.SandStormEarl.mc2cb-1.apk ......
Getting apk info from https://play.google.com/store/apps/details?id=net.SandStormEarl.mc2cb ......
Success to get info from Play Store
The lastest version of net.SandStormEarl.mc2cb-1.apk is  1.0.8  
Done processing net.SandStormEarl.mc2cb-1.apk
Time Spent:   0 Days 0 Hours 3 Minutes 5 Seconds

============================================================================
53/54 Starting processing org.benetech.android-1.apk ......
Getting apk info from https://play.google.com/store/apps/details?id=org.benetech.android ......
Success to get info from Play Store
The lastest version of org.benetech.android-1.apk is  4.1.0.20150622  
Done processing org.benetech.android-1.apk
Time Spent:   0 Days 0 Hours 3 Minutes 10 Seconds

============================================================================
54/54 Starting processing slide.watchFrenzy.premium-1.apk ......
Getting apk info from https://play.google.com/store/apps/details?id=slide.watchFrenzy.premium ......
Success to get info from Play Store
The lastest version of slide.watchFrenzy.premium-1.apk is  3.9.1  
Done processing slide.watchFrenzy.premium-1.apk
Time Spent:   0 Days 0 Hours 3 Minutes 17 Seconds

============================================================================


**************************************************************
All Done
Total Time:   0 Days 0 Hours 3 Minutes 17 Seconds
Result Location:               /home/Git-Apk/code_resource/script_hooks/scan_apk/scan_apk_version/results/AppInfo_2015-07-02-10-39-23.csv
**************************************************************
