Start processing app in list /home/Git-Apk/Updated_list from /home/Git-Apk/All_Apk  ......

============================================================================
1/5 Starting processing air.com.keesing.games.stratego-1.apk ......
Getting apk info from https://play.google.com/store/apps/details?id=air.com.keesing.games.stratego ......
Success to get info from Play Store
The lastest version of air.com.keesing.games.stratego-1.apk is  1.9.6  
Done processing air.com.keesing.games.stratego-1.apk
Time Spent:   0 Days 0 Hours 0 Minutes 1 Seconds

============================================================================
2/5 Starting processing com.google.android.gms-1.apk ......
Getting apk info from https://play.google.com/store/apps/details?id=com.google.android.gms ......
Success to get info from Play Store
The lastest version of com.google.android.gms-1.apk is    Varies with device  
Done processing com.google.android.gms-1.apk
Time Spent:   0 Days 0 Hours 0 Minutes 6 Seconds

============================================================================
3/5 Starting processing com.smule.singandroid-1.apk ......
Getting apk info from https://play.google.com/store/apps/details?id=com.smule.singandroid ......
Success to get info from Play Store
The lastest version of com.smule.singandroid-1.apk is  3.1.6  
Done processing com.smule.singandroid-1.apk
Time Spent:   0 Days 0 Hours 0 Minutes 8 Seconds

============================================================================
4/5 Starting processing com.vanderveergames.wotz-1.apk ......
Getting apk info from https://play.google.com/store/apps/details?id=com.vanderveergames.wotz ......
Success to get info from Play Store
The lastest version of com.vanderveergames.wotz-1.apk is  1.2.84  
Done processing com.vanderveergames.wotz-1.apk
Time Spent:   0 Days 0 Hours 0 Minutes 10 Seconds

============================================================================
5/5 Starting processing se.ace.whatif-1.apk ......
Getting apk info from https://play.google.com/store/apps/details?id=se.ace.whatif ......
Success to get info from Play Store
The lastest version of se.ace.whatif-1.apk is  2.4.1  
Done processing se.ace.whatif-1.apk
Time Spent:   0 Days 0 Hours 0 Minutes 12 Seconds

============================================================================


**************************************************************
All Done
Total Time:   0 Days 0 Hours 0 Minutes 12 Seconds
Result Location:               /home/Git-Apk/code_resource/script_hooks/scan_apk/scan_apk_version/results/AppInfo_2015-09-30-23-19-12.csv
**************************************************************
