Start processing app in list /home/Git-Apk/Updated_list from /home/Git-Apk/All_Apk  ......

============================================================================
1/17 Starting processing cn.mucang.xiaomi.android.wz-1.apk ......
Getting apk info from https://play.google.com/store/apps/details?id=cn.mucang.xiaomi.android.wz ......
Success to get info from Play Store
The lastest version of cn.mucang.xiaomi.android.wz-1.apk is  5.7.1  
Done processing cn.mucang.xiaomi.android.wz-1.apk
Time Spent:   0 Days 0 Hours 0 Minutes 1 Seconds

============================================================================
2/17 Starting processing com.chinamworld.main-1.apk ......
Getting apk info from https://play.google.com/store/apps/details?id=com.chinamworld.main ......
Success to get info from Play Store
The lastest version of com.chinamworld.main-1.apk is  3.00  
Done processing com.chinamworld.main-1.apk
Time Spent:   0 Days 0 Hours 0 Minutes 3 Seconds

============================================================================
3/17 Starting processing com.duokan.reader-1.apk ......
Getting apk info from https://play.google.com/store/apps/details?id=com.duokan.reader ......
Success to get info from Play Store
The lastest version of com.duokan.reader-1.apk is  3.3.5  
Done processing com.duokan.reader-1.apk
Time Spent:   0 Days 0 Hours 0 Minutes 5 Seconds

============================================================================
4/17 Starting processing com.ea.game.pvz2_na-1.apk ......
Getting apk info from https://play.google.com/store/apps/details?id=com.ea.game.pvz2_na ......
Success to get info from Play Store
The lastest version of com.ea.game.pvz2_na-1.apk is  3.2.1  
Done processing com.ea.game.pvz2_na-1.apk
Time Spent:   0 Days 0 Hours 0 Minutes 7 Seconds

============================================================================
5/17 Starting processing com.g6677.android.pnailspa-1.apk ......
Getting apk info from https://play.google.com/store/apps/details?id=com.g6677.android.pnailspa ......
Success to get info from Play Store
The lastest version of com.g6677.android.pnailspa-1.apk is  2.0.0  
Done processing com.g6677.android.pnailspa-1.apk
Time Spent:   0 Days 0 Hours 0 Minutes 8 Seconds

============================================================================
6/17 Starting processing com.ludia.familyfeudblitz-1.apk ......
Getting apk info from https://play.google.com/store/apps/details?id=com.ludia.familyfeudblitz ......
Success to get info from Play Store
The lastest version of com.ludia.familyfeudblitz-1.apk is  1.7.3  
Done processing com.ludia.familyfeudblitz-1.apk
Time Spent:   0 Days 0 Hours 0 Minutes 12 Seconds

============================================================================
7/17 Starting processing com.roblox.client-1.apk ......
Getting apk info from https://play.google.com/store/apps/details?id=com.roblox.client ......
Success to get info from Play Store
The lastest version of com.roblox.client-1.apk is  2.179.54997  
Done processing com.roblox.client-1.apk
Time Spent:   0 Days 0 Hours 0 Minutes 16 Seconds

============================================================================
8/17 Starting processing com.sgn.pandapop.gp-1.apk ......
Getting apk info from https://play.google.com/store/apps/details?id=com.sgn.pandapop.gp ......
Success to get info from Play Store
The lastest version of com.sgn.pandapop.gp-1.apk is  2.4  
Done processing com.sgn.pandapop.gp-1.apk
Time Spent:   0 Days 0 Hours 0 Minutes 19 Seconds

============================================================================
9/17 Starting processing com.sohu.inputmethod.sogou-1.apk ......
Getting apk info from https://play.google.com/store/apps/details?id=com.sohu.inputmethod.sogou ......
Success to get info from Play Store
The lastest version of com.sohu.inputmethod.sogou-1.apk is  6.1  
Done processing com.sohu.inputmethod.sogou-1.apk
Time Spent:   0 Days 0 Hours 0 Minutes 23 Seconds

============================================================================
10/17 Starting processing com.tencent.mtt-1.apk ......
Getting apk info from https://play.google.com/store/apps/details?id=com.tencent.mtt ......
Success to get info from Play Store
The lastest version of com.tencent.mtt-1.apk is  5.6.0.1300  
Done processing com.tencent.mtt-1.apk
Time Spent:   0 Days 0 Hours 0 Minutes 27 Seconds

============================================================================
11/17 Starting processing com.theonegames.gunshipbattle-1.apk ......
Getting apk info from https://play.google.com/store/apps/details?id=com.theonegames.gunshipbattle ......
Success to get info from Play Store
The lastest version of com.theonegames.gunshipbattle-1.apk is  1.3.1  
Done processing com.theonegames.gunshipbattle-1.apk
Time Spent:   0 Days 0 Hours 0 Minutes 31 Seconds

============================================================================
12/17 Starting processing com.tinyco.familyguy-1.apk ......
Getting apk info from https://play.google.com/store/apps/details?id=com.tinyco.familyguy ......
Success to get info from Play Store
The lastest version of com.tinyco.familyguy-1.apk is    Varies with device  
Done processing com.tinyco.familyguy-1.apk
Time Spent:   0 Days 0 Hours 0 Minutes 35 Seconds

============================================================================
13/17 Starting processing com.tyffon.ZombieBooth2-1.apk ......
Getting apk info from https://play.google.com/store/apps/details?id=com.tyffon.ZombieBooth2 ......
Success to get info from Play Store
The lastest version of com.tyffon.ZombieBooth2-1.apk is  1.1.8  
Done processing com.tyffon.ZombieBooth2-1.apk
Time Spent:   0 Days 0 Hours 0 Minutes 42 Seconds

============================================================================
14/17 Starting processing com.williamsinteractive.jackpotparty-1.apk ......
Getting apk info from https://play.google.com/store/apps/details?id=com.williamsinteractive.jackpotparty ......
Success to get info from Play Store
The lastest version of com.williamsinteractive.jackpotparty-1.apk is  4.02  
Done processing com.williamsinteractive.jackpotparty-1.apk
Time Spent:   0 Days 0 Hours 0 Minutes 45 Seconds

============================================================================
15/17 Starting processing com.xunlei.kankan-1.apk ......
Getting apk info from https://play.google.com/store/apps/details?id=com.xunlei.kankan ......
[ERROR] : Cannot find info of com.xunlei.kankan-1.apk on https://play.google.com/store/apps/details?id=com.xunlei.kankan !!!
Done processing com.xunlei.kankan-1.apk
Time Spent:   0 Days 0 Hours 0 Minutes 47 Seconds

============================================================================
16/17 Starting processing jp.co.translimit.brainwars-1.apk ......
Getting apk info from https://play.google.com/store/apps/details?id=jp.co.translimit.brainwars ......
Success to get info from Play Store
The lastest version of jp.co.translimit.brainwars-1.apk is  1.0.31  
Done processing jp.co.translimit.brainwars-1.apk
Time Spent:   0 Days 0 Hours 0 Minutes 51 Seconds

============================================================================
17/17 Starting processing net.SandStormEarl.WC2-1.apk ......
Getting apk info from https://play.google.com/store/apps/details?id=net.SandStormEarl.WC2 ......
Success to get info from Play Store
The lastest version of net.SandStormEarl.WC2-1.apk is  1.4.5  
Done processing net.SandStormEarl.WC2-1.apk
Time Spent:   0 Days 0 Hours 0 Minutes 54 Seconds

============================================================================


**************************************************************
All Done
Total Time:   0 Days 0 Hours 0 Minutes 54 Seconds
Result Location:               /home/Git-Apk/code_resource/script_hooks/scan_apk/scan_apk_version/results/AppInfo_2015-01-15-09-49-39.csv
**************************************************************
