Start processing app in list /home/Git-Apk/Updated_list from /home/Git-Apk/All_Apk  ......

============================================================================
1/5 Starting processing com.king.petrescuesaga-1.apk ......
Getting apk info from https://play.google.com/store/apps/details?id=com.king.petrescuesaga ......
Success to get info from Play Store
The lastest version of com.king.petrescuesaga-1.apk is  1.44.7  
Done processing com.king.petrescuesaga-1.apk
Time Spent:   0 Days 0 Hours 0 Minutes 5 Seconds

============================================================================
2/5 Starting processing com.ksmobile.cb-1.apk ......
Getting apk info from https://play.google.com/store/apps/details?id=com.ksmobile.cb ......
Success to get info from Play Store
The lastest version of com.ksmobile.cb-1.apk is  5.1.90  
Done processing com.ksmobile.cb-1.apk
Time Spent:   0 Days 0 Hours 0 Minutes 10 Seconds

============================================================================
3/5 Starting processing com.playtika.wsop.gp-1.apk ......
Getting apk info from https://play.google.com/store/apps/details?id=com.playtika.wsop.gp ......
Success to get info from Play Store
The lastest version of com.playtika.wsop.gp-1.apk is  2.9.1  
Done processing com.playtika.wsop.gp-1.apk
Time Spent:   0 Days 0 Hours 0 Minutes 13 Seconds

============================================================================
4/5 Starting processing com.quvideo.xiaoying-1.apk ......
Getting apk info from https://play.google.com/store/apps/details?id=com.quvideo.xiaoying ......
Success to get info from Play Store
The lastest version of com.quvideo.xiaoying-1.apk is  4.1.8  
Done processing com.quvideo.xiaoying-1.apk
Time Spent:   0 Days 0 Hours 0 Minutes 18 Seconds

============================================================================
5/5 Starting processing com.quvideo.xiaoying.pro-1.apk ......
Getting apk info from https://play.google.com/store/apps/details?id=com.quvideo.xiaoying.pro ......
Success to get info from Play Store
The lastest version of com.quvideo.xiaoying.pro-1.apk is  4.1.8  
Done processing com.quvideo.xiaoying.pro-1.apk
Time Spent:   0 Days 0 Hours 0 Minutes 23 Seconds

============================================================================


**************************************************************
All Done
Total Time:   0 Days 0 Hours 0 Minutes 23 Seconds
Result Location:               /home/Git-Apk/code_resource/script_hooks/scan_apk/scan_apk_version/results/AppInfo_2015-05-27-11-28-46.csv
**************************************************************
