Start processing app in list /home/Git-Apk/Updated_list from /home/Git-Apk/All_Apk  ......

============================================================================
1/6 Starting processing air.com.oranginalplan.weaphones-1.apk ......
Getting apk info from https://play.google.com/store/apps/details?id=air.com.oranginalplan.weaphones ......
Success to get info from Play Store
The lastest version of air.com.oranginalplan.weaphones-1.apk is  2.2.2  
Done processing air.com.oranginalplan.weaphones-1.apk
Time Spent:   0 Days 0 Hours 0 Minutes 2 Seconds

============================================================================
2/6 Starting processing com.dotemu.raidenlegacy-1.apk ......
Getting apk info from https://play.google.com/store/apps/details?id=com.dotemu.raidenlegacy ......
Success to get info from Play Store
The lastest version of com.dotemu.raidenlegacy-1.apk is  1.9  
Done processing com.dotemu.raidenlegacy-1.apk
Time Spent:   0 Days 0 Hours 0 Minutes 3 Seconds

============================================================================
3/6 Starting processing com.linecorp.LGTMTMG-1.apk ......
Getting apk info from https://play.google.com/store/apps/details?id=com.linecorp.LGTMTMG ......
Success to get info from Play Store
The lastest version of com.linecorp.LGTMTMG-1.apk is  1.9.0  
Done processing com.linecorp.LGTMTMG-1.apk
Time Spent:   0 Days 0 Hours 0 Minutes 5 Seconds

============================================================================
4/6 Starting processing com.melodis.midomiMusicIdentifier.freemium-1.apk ......
Getting apk info from https://play.google.com/store/apps/details?id=com.melodis.midomiMusicIdentifier.freemium ......
Success to get info from Play Store
The lastest version of com.melodis.midomiMusicIdentifier.freemium-1.apk is    Varies with device  
Done processing com.melodis.midomiMusicIdentifier.freemium-1.apk
Time Spent:   0 Days 0 Hours 0 Minutes 7 Seconds

============================================================================
5/6 Starting processing com.rubyseven.rsvideopoker-1.apk ......
Getting apk info from https://play.google.com/store/apps/details?id=com.rubyseven.rsvideopoker ......
Success to get info from Play Store
The lastest version of com.rubyseven.rsvideopoker-1.apk is  1.60  
Done processing com.rubyseven.rsvideopoker-1.apk
Time Spent:   0 Days 0 Hours 0 Minutes 9 Seconds

============================================================================
6/6 Starting processing com.sgiggle.production-1.apk ......
Getting apk info from https://play.google.com/store/apps/details?id=com.sgiggle.production ......
Success to get info from Play Store
The lastest version of com.sgiggle.production-1.apk is    Varies with device  
Done processing com.sgiggle.production-1.apk
Time Spent:   0 Days 0 Hours 0 Minutes 12 Seconds

============================================================================


**************************************************************
All Done
Total Time:   0 Days 0 Hours 0 Minutes 12 Seconds
Result Location:               /home/Git-Apk/code_resource/script_hooks/scan_apk/scan_apk_version/results/AppInfo_2015-01-15-14-11-24.csv
**************************************************************
