Start processing app in list /home/Git-Apk/Updated_list from /home/Git-Apk/All_Apk  ......

============================================================================
1/26 Starting processing air.MSPMobile-1.apk ......
Getting apk info from https://play.google.com/store/apps/details?id=air.MSPMobile ......
Success to get info from Play Store
The lastest version of air.MSPMobile-1.apk is  11.0  
Done processing air.MSPMobile-1.apk
Time Spent:   0 Days 0 Hours 0 Minutes 3 Seconds

============================================================================
2/26 Starting processing air.com.bitrhymes.bingo-1.apk ......
Getting apk info from https://play.google.com/store/apps/details?id=air.com.bitrhymes.bingo ......
Success to get info from Play Store
The lastest version of air.com.bitrhymes.bingo-1.apk is 
Done processing air.com.bitrhymes.bingo-1.apk
Time Spent:   0 Days 0 Hours 0 Minutes 6 Seconds

============================================================================
3/26 Starting processing air.com.pixelfederation.TrainStationGame-1.apk ......
Getting apk info from https://play.google.com/store/apps/details?id=air.com.pixelfederation.TrainStationGame ......
Success to get info from Play Store
The lastest version of air.com.pixelfederation.TrainStationGame-1.apk is  1.0.12.13  
Done processing air.com.pixelfederation.TrainStationGame-1.apk
Time Spent:   0 Days 0 Hours 0 Minutes 10 Seconds

============================================================================
4/26 Starting processing air.com.sfbgames.HauntTheHouseTerrortown-1.apk ......
Getting apk info from https://play.google.com/store/apps/details?id=air.com.sfbgames.HauntTheHouseTerrortown ......
Success to get info from Play Store
The lastest version of air.com.sfbgames.HauntTheHouseTerrortown-1.apk is  1.4.2  
Done processing air.com.sfbgames.HauntTheHouseTerrortown-1.apk
Time Spent:   0 Days 0 Hours 0 Minutes 14 Seconds

============================================================================
5/26 Starting processing com.androvidpro-1.apk ......
Getting apk info from https://play.google.com/store/apps/details?id=com.androvidpro ......
Success to get info from Play Store
The lastest version of com.androvidpro-1.apk is    Varies with device  
Done processing com.androvidpro-1.apk
Time Spent:   0 Days 0 Hours 0 Minutes 16 Seconds

============================================================================
6/26 Starting processing com.bubadu.doctorkids-1.apk ......
Getting apk info from https://play.google.com/store/apps/details?id=com.bubadu.doctorkids ......
Success to get info from Play Store
The lastest version of com.bubadu.doctorkids-1.apk is  1.19  
Done processing com.bubadu.doctorkids-1.apk
Time Spent:   0 Days 0 Hours 0 Minutes 20 Seconds

============================================================================
7/26 Starting processing com.d3p.mpq-1.apk ......
Getting apk info from https://play.google.com/store/apps/details?id=com.d3p.mpq ......
Success to get info from Play Store
The lastest version of com.d3p.mpq-1.apk is  86.307445  
Done processing com.d3p.mpq-1.apk
Time Spent:   0 Days 0 Hours 0 Minutes 24 Seconds

============================================================================
8/26 Starting processing com.ddi-1.apk ......
Getting apk info from https://play.google.com/store/apps/details?id=com.ddi ......
Success to get info from Play Store
The lastest version of com.ddi-1.apk is  3.0.50  
Done processing com.ddi-1.apk
Time Spent:   0 Days 0 Hours 0 Minutes 26 Seconds

============================================================================
9/26 Starting processing com.dipan.feelingtouch.zwar-1.apk ......
Getting apk info from https://play.google.com/store/apps/details?id=com.dipan.feelingtouch.zwar ......
Success to get info from Play Store
The lastest version of com.dipan.feelingtouch.zwar-1.apk is  1.12  
Done processing com.dipan.feelingtouch.zwar-1.apk
Time Spent:   0 Days 0 Hours 0 Minutes 30 Seconds

============================================================================
10/26 Starting processing com.disney.disneymoviesanywhere_goo-1.apk ......
Getting apk info from https://play.google.com/store/apps/details?id=com.disney.disneymoviesanywhere_goo ......
Success to get info from Play Store
The lastest version of com.disney.disneymoviesanywhere_goo-1.apk is    Varies with device  
Done processing com.disney.disneymoviesanywhere_goo-1.apk
Time Spent:   0 Days 0 Hours 0 Minutes 35 Seconds

============================================================================
11/26 Starting processing com.dotemu.neogeo.mslug3-1.apk ......
Getting apk info from https://play.google.com/store/apps/details?id=com.dotemu.neogeo.mslug3 ......
Success to get info from Play Store
The lastest version of com.dotemu.neogeo.mslug3-1.apk is  1.7  
Done processing com.dotemu.neogeo.mslug3-1.apk
Time Spent:   0 Days 0 Hours 0 Minutes 39 Seconds

============================================================================
12/26 Starting processing com.droidhang.cd2-1.apk ......
Getting apk info from https://play.google.com/store/apps/details?id=com.droidhang.cd2 ......
Success to get info from Play Store
The lastest version of com.droidhang.cd2-1.apk is  1.4.6  
Done processing com.droidhang.cd2-1.apk
Time Spent:   0 Days 0 Hours 0 Minutes 43 Seconds

============================================================================
13/26 Starting processing com.emoji.coolkeyboard-1.apk ......
Getting apk info from https://play.google.com/store/apps/details?id=com.emoji.coolkeyboard ......
Success to get info from Play Store
The lastest version of com.emoji.coolkeyboard-1.apk is  3.1.6  
Done processing com.emoji.coolkeyboard-1.apk
Time Spent:   0 Days 0 Hours 0 Minutes 46 Seconds

============================================================================
14/26 Starting processing com.gotv.nflgamecenter.us.lite-1.apk ......
Getting apk info from https://play.google.com/store/apps/details?id=com.gotv.nflgamecenter.us.lite ......
Success to get info from Play Store
The lastest version of com.gotv.nflgamecenter.us.lite-1.apk is  12.1.93  
Done processing com.gotv.nflgamecenter.us.lite-1.apk
Time Spent:   0 Days 0 Hours 0 Minutes 50 Seconds

============================================================================
15/26 Starting processing com.halfbrick.fruitninja-1.apk ......
Getting apk info from https://play.google.com/store/apps/details?id=com.halfbrick.fruitninja ......
Success to get info from Play Store
The lastest version of com.halfbrick.fruitninja-1.apk is  2.3.2  
Done processing com.halfbrick.fruitninja-1.apk
Time Spent:   0 Days 0 Hours 0 Minutes 54 Seconds

============================================================================
16/26 Starting processing com.hbo.hbonow-1.apk ......
Getting apk info from https://play.google.com/store/apps/details?id=com.hbo.hbonow ......
Success to get info from Play Store
The lastest version of com.hbo.hbonow-1.apk is 
Done processing com.hbo.hbonow-1.apk
Time Spent:   0 Days 0 Hours 0 Minutes 58 Seconds

============================================================================
17/26 Starting processing com.hcg.cok.gp-1.apk ......
Getting apk info from https://play.google.com/store/apps/details?id=com.hcg.cok.gp ......
Success to get info from Play Store
The lastest version of com.hcg.cok.gp-1.apk is  1.1.13  
Done processing com.hcg.cok.gp-1.apk
Time Spent:   0 Days 0 Hours 1 Minutes 2 Seconds

============================================================================
18/26 Starting processing com.hotheadgames.google.free.rawsniper-1.apk ......
Getting apk info from https://play.google.com/store/apps/details?id=com.hotheadgames.google.free.rawsniper ......
Success to get info from Play Store
The lastest version of com.hotheadgames.google.free.rawsniper-1.apk is  2.4  
Done processing com.hotheadgames.google.free.rawsniper-1.apk
Time Spent:   0 Days 0 Hours 1 Minutes 6 Seconds

============================================================================
19/26 Starting processing com.julian.motorboat-1.apk ......
Getting apk info from https://play.google.com/store/apps/details?id=com.julian.motorboat ......
Success to get info from Play Store
The lastest version of com.julian.motorboat-1.apk is  1.4  
Done processing com.julian.motorboat-1.apk
Time Spent:   0 Days 0 Hours 1 Minutes 10 Seconds

============================================================================
20/26 Starting processing com.kiwi.goldrush-1.apk ......
Getting apk info from https://play.google.com/store/apps/details?id=com.kiwi.goldrush ......
Success to get info from Play Store
The lastest version of com.kiwi.goldrush-1.apk is 
Done processing com.kiwi.goldrush-1.apk
Time Spent:   0 Days 0 Hours 1 Minutes 13 Seconds

============================================================================
21/26 Starting processing com.miniclip.eightballpool-1.apk ......
Getting apk info from https://play.google.com/store/apps/details?id=com.miniclip.eightballpool ......
Success to get info from Play Store
The lastest version of com.miniclip.eightballpool-1.apk is  3.3.4  
Done processing com.miniclip.eightballpool-1.apk
Time Spent:   0 Days 0 Hours 1 Minutes 18 Seconds

============================================================================
22/26 Starting processing com.skype.raider-1.apk ......
Getting apk info from https://play.google.com/store/apps/details?id=com.skype.raider ......
Success to get info from Play Store
The lastest version of com.skype.raider-1.apk is    Varies with device  
Done processing com.skype.raider-1.apk
Time Spent:   0 Days 0 Hours 1 Minutes 21 Seconds

============================================================================
23/26 Starting processing com.snapchat.android-1.apk ......
Getting apk info from https://play.google.com/store/apps/details?id=com.snapchat.android ......
Success to get info from Play Store
The lastest version of com.snapchat.android-1.apk is  9.18.0.0  
Done processing com.snapchat.android-1.apk
Time Spent:   0 Days 0 Hours 1 Minutes 24 Seconds

============================================================================
24/26 Starting processing jp.naver.lineplay.android-1.apk ......
Getting apk info from https://play.google.com/store/apps/details?id=jp.naver.lineplay.android ......
Success to get info from Play Store
The lastest version of jp.naver.lineplay.android-1.apk is  3.7.0.0  
Done processing jp.naver.lineplay.android-1.apk
Time Spent:   0 Days 0 Hours 1 Minutes 29 Seconds

============================================================================
25/26 Starting processing net.SandStormEarl.MC-1.apk ......
Getting apk info from https://play.google.com/store/apps/details?id=net.SandStormEarl.MC ......
Success to get info from Play Store
The lastest version of net.SandStormEarl.MC-1.apk is  1.8.4  
Done processing net.SandStormEarl.MC-1.apk
Time Spent:   0 Days 0 Hours 1 Minutes 35 Seconds

============================================================================
26/26 Starting processing us.kick9.k3000000013.c3101000001-1.apk ......
Getting apk info from https://play.google.com/store/apps/details?id=us.kick9.k3000000013.c3101000001 ......
Success to get info from Play Store
The lastest version of us.kick9.k3000000013.c3101000001-1.apk is  2.4.6  
Done processing us.kick9.k3000000013.c3101000001-1.apk
Time Spent:   0 Days 0 Hours 1 Minutes 38 Seconds

============================================================================


**************************************************************
All Done
Total Time:   0 Days 0 Hours 1 Minutes 38 Seconds
Result Location:               /home/Git-Apk/code_resource/script_hooks/scan_apk/scan_apk_version/results/AppInfo_2015-10-30-23-28-46.csv
**************************************************************
