Start processing app in list /home/Git-Apk/Updated_list from /home/Git-Apk/Baidu  ......

============================================================================
1/12 Starting processing cn.kuwo.player-1.apk ......
Getting apk info from https://play.google.com/store/apps/details?id=cn.kuwo.player ......
Success to get info from Play Store
The lastest version of cn.kuwo.player-1.apk is  7.5.2.0  
Done processing cn.kuwo.player-1.apk
Time Spent:   0 Days 0 Hours 0 Minutes 2 Seconds

============================================================================
2/12 Starting processing cn.opda.a.phonoalbumshoushou-1.apk ......
Getting apk info from https://play.google.com/store/apps/details?id=cn.opda.a.phonoalbumshoushou ......
[ERROR] : Cannot find info of cn.opda.a.phonoalbumshoushou-1.apk on https://play.google.com/store/apps/details?id=cn.opda.a.phonoalbumshoushou !!!
Done processing cn.opda.a.phonoalbumshoushou-1.apk
Time Spent:   0 Days 0 Hours 0 Minutes 4 Seconds

============================================================================
3/12 Starting processing cn.z44.tuku-1.apk ......
Getting apk info from https://play.google.com/store/apps/details?id=cn.z44.tuku ......
[ERROR] : Cannot find info of cn.z44.tuku-1.apk on https://play.google.com/store/apps/details?id=cn.z44.tuku !!!
Done processing cn.z44.tuku-1.apk
Time Spent:   0 Days 0 Hours 0 Minutes 5 Seconds

============================================================================
4/12 Starting processing com.achievo.vipshop-1.apk ......
Getting apk info from https://play.google.com/store/apps/details?id=com.achievo.vipshop ......
[ERROR] : Cannot find info of com.achievo.vipshop-1.apk on https://play.google.com/store/apps/details?id=com.achievo.vipshop !!!
Done processing com.achievo.vipshop-1.apk
Time Spent:   0 Days 0 Hours 0 Minutes 7 Seconds

============================================================================
5/12 Starting processing com.alibaba.mobileim-1.apk ......
Getting apk info from https://play.google.com/store/apps/details?id=com.alibaba.mobileim ......
Success to get info from Play Store
The lastest version of com.alibaba.mobileim-1.apk is  3.8.8  
Done processing com.alibaba.mobileim-1.apk
Time Spent:   0 Days 0 Hours 0 Minutes 9 Seconds

============================================================================
6/12 Starting processing com.baidu.homework-1.apk ......
Getting apk info from https://play.google.com/store/apps/details?id=com.baidu.homework ......
Success to get info from Play Store
The lastest version of com.baidu.homework-1.apk is  3.1.1  
Done processing com.baidu.homework-1.apk
Time Spent:   0 Days 0 Hours 0 Minutes 11 Seconds

============================================================================
7/12 Starting processing com.chinatelecom.bestpayclient-1.apk ......
Getting apk info from https://play.google.com/store/apps/details?id=com.chinatelecom.bestpayclient ......
[ERROR] : Cannot find info of com.chinatelecom.bestpayclient-1.apk on https://play.google.com/store/apps/details?id=com.chinatelecom.bestpayclient !!!
Done processing com.chinatelecom.bestpayclient-1.apk
Time Spent:   0 Days 0 Hours 0 Minutes 12 Seconds

============================================================================
8/12 Starting processing com.funshion.video.mobile-1.apk ......
Getting apk info from https://play.google.com/store/apps/details?id=com.funshion.video.mobile ......
[ERROR] : Cannot find info of com.funshion.video.mobile-1.apk on https://play.google.com/store/apps/details?id=com.funshion.video.mobile !!!
Done processing com.funshion.video.mobile-1.apk
Time Spent:   0 Days 0 Hours 0 Minutes 14 Seconds

============================================================================
9/12 Starting processing com.google.android.apps.maps-1.apk ......
Getting apk info from https://play.google.com/store/apps/details?id=com.google.android.apps.maps ......
Success to get info from Play Store
The lastest version of com.google.android.apps.maps-1.apk is    Varies with device  
Done processing com.google.android.apps.maps-1.apk
Time Spent:   0 Days 0 Hours 0 Minutes 16 Seconds

============================================================================
10/12 Starting processing com.koudai.weishop-1.apk ......
Getting apk info from https://play.google.com/store/apps/details?id=com.koudai.weishop ......
Success to get info from Play Store
The lastest version of com.koudai.weishop-1.apk is  6.2.5  
Done processing com.koudai.weishop-1.apk
Time Spent:   0 Days 0 Hours 0 Minutes 18 Seconds

============================================================================
11/12 Starting processing com.xunlei.downloadprovider-1.apk ......
Getting apk info from https://play.google.com/store/apps/details?id=com.xunlei.downloadprovider ......
[ERROR] : Cannot find info of com.xunlei.downloadprovider-1.apk on https://play.google.com/store/apps/details?id=com.xunlei.downloadprovider !!!
Done processing com.xunlei.downloadprovider-1.apk
Time Spent:   0 Days 0 Hours 0 Minutes 19 Seconds

============================================================================
12/12 Starting processing fm.xiami.main-1.apk ......
Getting apk info from https://play.google.com/store/apps/details?id=fm.xiami.main ......
Success to get info from Play Store
The lastest version of fm.xiami.main-1.apk is  5.3.3  
Done processing fm.xiami.main-1.apk
Time Spent:   0 Days 0 Hours 0 Minutes 21 Seconds

============================================================================


**************************************************************
All Done
Total Time:   0 Days 0 Hours 0 Minutes 21 Seconds
Result Location:               /home/Git-Apk/code_resource/script_hooks/scan_apk/scan_apk_version/results/AppInfo_2016-01-21-23-24-05.csv
**************************************************************
