Start processing app in list /home/Git-Apk/Updated_list from /home/Git-Apk/Baidu  ......

============================================================================
1/4 Starting processing com.lltskb.lltskb-1.apk ......
Getting apk info from https://play.google.com/store/apps/details?id=com.lltskb.lltskb ......
[ERROR] : Cannot find info of com.lltskb.lltskb-1.apk on https://play.google.com/store/apps/details?id=com.lltskb.lltskb !!!
Done processing com.lltskb.lltskb-1.apk
Time Spent:   0 Days 0 Hours 0 Minutes 1 Seconds

============================================================================
2/4 Starting processing com.ludashi.benchmark-1.apk ......
Getting apk info from https://play.google.com/store/apps/details?id=com.ludashi.benchmark ......
[ERROR] : Cannot find info of com.ludashi.benchmark-1.apk on https://play.google.com/store/apps/details?id=com.ludashi.benchmark !!!
Done processing com.ludashi.benchmark-1.apk
Time Spent:   0 Days 0 Hours 0 Minutes 3 Seconds

============================================================================
3/4 Starting processing com.manboker.headportrait-1.apk ......
Getting apk info from https://play.google.com/store/apps/details?id=com.manboker.headportrait ......
Success to get info from Play Store
The lastest version of com.manboker.headportrait-1.apk is  3.0.3  
Done processing com.manboker.headportrait-1.apk
Time Spent:   0 Days 0 Hours 0 Minutes 8 Seconds

============================================================================
4/4 Starting processing com.sskj.flashlight-1.apk ......
Getting apk info from https://play.google.com/store/apps/details?id=com.sskj.flashlight ......
[ERROR] : Cannot find info of com.sskj.flashlight-1.apk on https://play.google.com/store/apps/details?id=com.sskj.flashlight !!!
Done processing com.sskj.flashlight-1.apk
Time Spent:   0 Days 0 Hours 0 Minutes 10 Seconds

============================================================================


**************************************************************
All Done
Total Time:   0 Days 0 Hours 0 Minutes 10 Seconds
Result Location:               /home/Git-Apk/code_resource/script_hooks/scan_apk/scan_apk_version/results/AppInfo_2016-01-14-15-24-40.csv
**************************************************************
