Start processing app in list /home/Git-Apk/Updated_list from /home/Git-Apk/All_Apk  ......

============================================================================
1/23 Starting processing com.auxbrain.zh2-1.apk ......
Getting apk info from https://play.google.com/store/apps/details?id=com.auxbrain.zh2 ......
Success to get info from Play Store
The lastest version of com.auxbrain.zh2-1.apk is 
Done processing com.auxbrain.zh2-1.apk
Time Spent:   0 Days 0 Hours 0 Minutes 2 Seconds

============================================================================
2/23 Starting processing com.cardinalblue.piccollage.google-1.apk ......
Getting apk info from https://play.google.com/store/apps/details?id=com.cardinalblue.piccollage.google ......
Success to get info from Play Store
The lastest version of com.cardinalblue.piccollage.google-1.apk is    Varies with device  
Done processing com.cardinalblue.piccollage.google-1.apk
Time Spent:   0 Days 0 Hours 0 Minutes 5 Seconds

============================================================================
3/23 Starting processing com.cyberlink.youcammakeup-1.apk ......
Getting apk info from https://play.google.com/store/apps/details?id=com.cyberlink.youcammakeup ......
Success to get info from Play Store
The lastest version of com.cyberlink.youcammakeup-1.apk is    Varies with device  
Done processing com.cyberlink.youcammakeup-1.apk
Time Spent:   0 Days 0 Hours 0 Minutes 9 Seconds

============================================================================
4/23 Starting processing com.ea.gp.bej3-1.apk ......
Getting apk info from https://play.google.com/store/apps/details?id=com.ea.gp.bej3 ......
Success to get info from Play Store
The lastest version of com.ea.gp.bej3-1.apk is 
Done processing com.ea.gp.bej3-1.apk
Time Spent:   0 Days 0 Hours 0 Minutes 11 Seconds

============================================================================
5/23 Starting processing com.emoji.coolkeyboard-1.apk ......
Getting apk info from https://play.google.com/store/apps/details?id=com.emoji.coolkeyboard ......
Success to get info from Play Store
The lastest version of com.emoji.coolkeyboard-1.apk is    Varies with device  
Done processing com.emoji.coolkeyboard-1.apk
Time Spent:   0 Days 0 Hours 0 Minutes 16 Seconds

============================================================================
6/23 Starting processing com.facebook.katana-1.apk ......
Getting apk info from https://play.google.com/store/apps/details?id=com.facebook.katana ......
Success to get info from Play Store
The lastest version of com.facebook.katana-1.apk is    Varies with device  
Done processing com.facebook.katana-1.apk
Time Spent:   0 Days 0 Hours 0 Minutes 19 Seconds

============================================================================
7/23 Starting processing com.gameloft.android.ANMP.GloftRAHM-1.apk ......
Getting apk info from https://play.google.com/store/apps/details?id=com.gameloft.android.ANMP.GloftRAHM ......
Success to get info from Play Store
The lastest version of com.gameloft.android.ANMP.GloftRAHM-1.apk is    Varies with device  
Done processing com.gameloft.android.ANMP.GloftRAHM-1.apk
Time Spent:   0 Days 0 Hours 0 Minutes 25 Seconds

============================================================================
8/23 Starting processing com.gamevil.darknessreborn2.android.google.global.normal-1.apk ......
Getting apk info from https://play.google.com/store/apps/details?id=com.gamevil.darknessreborn2.android.google.global.normal ......
Success to get info from Play Store
The lastest version of com.gamevil.darknessreborn2.android.google.global.normal-1.apk is  1.3.1  
Done processing com.gamevil.darknessreborn2.android.google.global.normal-1.apk
Time Spent:   0 Days 0 Hours 0 Minutes 27 Seconds

============================================================================
9/23 Starting processing com.microsoft.office.excel-1.apk ......
Getting apk info from https://play.google.com/store/apps/details?id=com.microsoft.office.excel ......
Success to get info from Play Store
The lastest version of com.microsoft.office.excel-1.apk is 
Done processing com.microsoft.office.excel-1.apk
Time Spent:   0 Days 0 Hours 0 Minutes 31 Seconds

============================================================================
10/23 Starting processing com.miniclip.soccerstars-1.apk ......
Getting apk info from https://play.google.com/store/apps/details?id=com.miniclip.soccerstars ......
Success to get info from Play Store
The lastest version of com.miniclip.soccerstars-1.apk is    Varies with device  
Done processing com.miniclip.soccerstars-1.apk
Time Spent:   0 Days 0 Hours 0 Minutes 35 Seconds

============================================================================
11/23 Starting processing com.netflix.mediaclient-1.apk ......
Getting apk info from https://play.google.com/store/apps/details?id=com.netflix.mediaclient ......
Success to get info from Play Store
The lastest version of com.netflix.mediaclient-1.apk is    Varies with device  
Done processing com.netflix.mediaclient-1.apk
Time Spent:   0 Days 0 Hours 0 Minutes 39 Seconds

============================================================================
12/23 Starting processing com.notdoppler.earntodie-1.apk ......
Getting apk info from https://play.google.com/store/apps/details?id=com.notdoppler.earntodie ......
Success to get info from Play Store
The lastest version of com.notdoppler.earntodie-1.apk is  1.0.29  
Done processing com.notdoppler.earntodie-1.apk
Time Spent:   0 Days 0 Hours 0 Minutes 42 Seconds

============================================================================
13/23 Starting processing com.pinger.textfree-1.apk ......
Getting apk info from https://play.google.com/store/apps/details?id=com.pinger.textfree ......
Success to get info from Play Store
The lastest version of com.pinger.textfree-1.apk is    Varies with device  
Done processing com.pinger.textfree-1.apk
Time Spent:   0 Days 0 Hours 0 Minutes 46 Seconds

============================================================================
14/23 Starting processing com.pipcamera.activity-1.apk ......
Getting apk info from https://play.google.com/store/apps/details?id=com.pipcamera.activity ......
Success to get info from Play Store
The lastest version of com.pipcamera.activity-1.apk is    Varies with device  
Done processing com.pipcamera.activity-1.apk
Time Spent:   0 Days 0 Hours 0 Minutes 49 Seconds

============================================================================
15/23 Starting processing com.psafe.msuite-1.apk ......
Getting apk info from https://play.google.com/store/apps/details?id=com.psafe.msuite ......
Success to get info from Play Store
The lastest version of com.psafe.msuite-1.apk is    Varies with device  
Done processing com.psafe.msuite-1.apk
Time Spent:   0 Days 0 Hours 0 Minutes 52 Seconds

============================================================================
16/23 Starting processing com.qisiemoji.inputmethod-1.apk ......
Getting apk info from https://play.google.com/store/apps/details?id=com.qisiemoji.inputmethod ......
Success to get info from Play Store
The lastest version of com.qisiemoji.inputmethod-1.apk is    Varies with device  
Done processing com.qisiemoji.inputmethod-1.apk
Time Spent:   0 Days 0 Hours 0 Minutes 56 Seconds

============================================================================
17/23 Starting processing com.snapchat.android-1.apk ......
Getting apk info from https://play.google.com/store/apps/details?id=com.snapchat.android ......
Success to get info from Play Store
The lastest version of com.snapchat.android-1.apk is    Varies with device  
Done processing com.snapchat.android-1.apk
Time Spent:   0 Days 0 Hours 1 Minutes 1 Seconds

============================================================================
18/23 Starting processing com.tinyco.familyguy-1.apk ......
Getting apk info from https://play.google.com/store/apps/details?id=com.tinyco.familyguy ......
Success to get info from Play Store
The lastest version of com.tinyco.familyguy-1.apk is 
Done processing com.tinyco.familyguy-1.apk
Time Spent:   0 Days 0 Hours 1 Minutes 3 Seconds

============================================================================
19/23 Starting processing com.walmart.android-1.apk ......
Getting apk info from https://play.google.com/store/apps/details?id=com.walmart.android ......
Success to get info from Play Store
The lastest version of com.walmart.android-1.apk is    Varies with device  
Done processing com.walmart.android-1.apk
Time Spent:   0 Days 0 Hours 1 Minutes 7 Seconds

============================================================================
20/23 Starting processing com.zynga.wwf2.free-1.apk ......
Getting apk info from https://play.google.com/store/apps/details?id=com.zynga.wwf2.free ......
Success to get info from Play Store
The lastest version of com.zynga.wwf2.free-1.apk is    Varies with device  
Done processing com.zynga.wwf2.free-1.apk
Time Spent:   0 Days 0 Hours 1 Minutes 10 Seconds

============================================================================
21/23 Starting processing es.parrotgames.restaurantcity-1.apk ......
Getting apk info from https://play.google.com/store/apps/details?id=es.parrotgames.restaurantcity ......
Success to get info from Play Store
The lastest version of es.parrotgames.restaurantcity-1.apk is 
Done processing es.parrotgames.restaurantcity-1.apk
Time Spent:   0 Days 0 Hours 1 Minutes 12 Seconds

============================================================================
22/23 Starting processing es.socialpoint.MonsterLegends-1.apk ......
Getting apk info from https://play.google.com/store/apps/details?id=es.socialpoint.MonsterLegends ......
Success to get info from Play Store
The lastest version of es.socialpoint.MonsterLegends-1.apk is 
Done processing es.socialpoint.MonsterLegends-1.apk
Time Spent:   0 Days 0 Hours 1 Minutes 14 Seconds

============================================================================
23/23 Starting processing vStudio.Android.Camera360-1.apk ......
Getting apk info from https://play.google.com/store/apps/details?id=vStudio.Android.Camera360 ......
Success to get info from Play Store
The lastest version of vStudio.Android.Camera360-1.apk is  7.3.2  
Done processing vStudio.Android.Camera360-1.apk
Time Spent:   0 Days 0 Hours 1 Minutes 16 Seconds

============================================================================


**************************************************************
All Done
Total Time:   0 Days 0 Hours 1 Minutes 16 Seconds
Result Location:               /home/Git-Apk/code_resource/script_hooks/scan_apk/scan_apk_version/results/AppInfo_2016-03-01-09-18-19.csv
**************************************************************
