Start processing app in list /home/Git-Apk/Updated_list from /home/Git-Apk/All_Apk  ......

============================================================================
1/3 Starting processing com.cmcm.locker-1.apk ......
Getting apk info from https://play.google.com/store/apps/details?id=com.cmcm.locker ......
Success to get info from Play Store
The lastest version of com.cmcm.locker-1.apk is  4.0.1  
Done processing com.cmcm.locker-1.apk
Time Spent:   0 Days 0 Hours 0 Minutes 5 Seconds

============================================================================
2/3 Starting processing com.ea.game.pvz2_na-1.apk ......
Getting apk info from https://play.google.com/store/apps/details?id=com.ea.game.pvz2_na ......
Success to get info from Play Store
The lastest version of com.ea.game.pvz2_na-1.apk is  4.4.1  
Done processing com.ea.game.pvz2_na-1.apk
Time Spent:   0 Days 0 Hours 0 Minutes 8 Seconds

============================================================================
3/3 Starting processing com.vlambeer.RidiculousFishing-1.apk ......
Getting apk info from https://play.google.com/store/apps/details?id=com.vlambeer.RidiculousFishing ......
Success to get info from Play Store
The lastest version of com.vlambeer.RidiculousFishing-1.apk is  1.2.2.4  
Done processing com.vlambeer.RidiculousFishing-1.apk
Time Spent:   0 Days 0 Hours 0 Minutes 12 Seconds

============================================================================


**************************************************************
All Done
Total Time:   0 Days 0 Hours 0 Minutes 12 Seconds
Result Location:               /home/Git-Apk/code_resource/script_hooks/scan_apk/scan_apk_version/results/AppInfo_2016-01-13-12-47-00.csv
**************************************************************
