Start processing app in list /home/Git-Apk/Updated_list from /home/Git-Apk/All_Apk  ......

============================================================================
1/37 Starting processing br.com.tapps.myboo-1.apk ......
Getting apk info from https://play.google.com/store/apps/details?id=br.com.tapps.myboo ......
Success to get info from Play Store
The lastest version of br.com.tapps.myboo-1.apk is  1.20  
Done processing br.com.tapps.myboo-1.apk
Time Spent:   0 Days 0 Hours 0 Minutes 4 Seconds

============================================================================
2/37 Starting processing com.aceviral.angrygranrun-1.apk ......
Getting apk info from https://play.google.com/store/apps/details?id=com.aceviral.angrygranrun ......
Success to get info from Play Store
The lastest version of com.aceviral.angrygranrun-1.apk is  1.34  
Done processing com.aceviral.angrygranrun-1.apk
Time Spent:   0 Days 0 Hours 0 Minutes 7 Seconds

============================================================================
3/37 Starting processing com.alibaba.mobileim-1.apk ......
Getting apk info from https://play.google.com/store/apps/details?id=com.alibaba.mobileim ......
Success to get info from Play Store
The lastest version of com.alibaba.mobileim-1.apk is  3.9.2  
Done processing com.alibaba.mobileim-1.apk
Time Spent:   0 Days 0 Hours 0 Minutes 11 Seconds

============================================================================
4/37 Starting processing com.aligames.MagicGemsMatch-1.apk ......
Getting apk info from https://play.google.com/store/apps/details?id=com.aligames.MagicGemsMatch ......
Success to get info from Play Store
The lastest version of com.aligames.MagicGemsMatch-1.apk is  1.1.4  
Done processing com.aligames.MagicGemsMatch-1.apk
Time Spent:   0 Days 0 Hours 0 Minutes 14 Seconds

============================================================================
5/37 Starting processing com.amazon.windowshop-1.apk ......
Getting apk info from https://play.google.com/store/apps/details?id=com.amazon.windowshop ......
Success to get info from Play Store
The lastest version of com.amazon.windowshop-1.apk is  5.51.6710  
Done processing com.amazon.windowshop-1.apk
Time Spent:   0 Days 0 Hours 0 Minutes 21 Seconds

============================================================================
6/37 Starting processing com.apprope.wordbubbles-1.apk ......
Getting apk info from https://play.google.com/store/apps/details?id=com.apprope.wordbubbles ......
Success to get info from Play Store
The lastest version of com.apprope.wordbubbles-1.apk is  1.2.5  
Done processing com.apprope.wordbubbles-1.apk
Time Spent:   0 Days 0 Hours 0 Minutes 24 Seconds

============================================================================
7/37 Starting processing com.bandainamcogames.google.digimonheroes-1.apk ......
Getting apk info from https://play.google.com/store/apps/details?id=com.bandainamcogames.google.digimonheroes ......
Success to get info from Play Store
The lastest version of com.bandainamcogames.google.digimonheroes-1.apk is  1.0.15  
Done processing com.bandainamcogames.google.digimonheroes-1.apk
Time Spent:   0 Days 0 Hours 0 Minutes 29 Seconds

============================================================================
8/37 Starting processing com.boltgames.cookiesmash-1.apk ......
Getting apk info from https://play.google.com/store/apps/details?id=com.boltgames.cookiesmash ......
Success to get info from Play Store
The lastest version of com.boltgames.cookiesmash-1.apk is  4.5.8  
Done processing com.boltgames.cookiesmash-1.apk
Time Spent:   0 Days 0 Hours 0 Minutes 37 Seconds

============================================================================
9/37 Starting processing com.camexgame.heroes-1.apk ......
Getting apk info from https://play.google.com/store/apps/details?id=com.camexgame.heroes ......
Success to get info from Play Store
The lastest version of com.camexgame.heroes-1.apk is  1.4.1  
Done processing com.camexgame.heroes-1.apk
Time Spent:   0 Days 0 Hours 0 Minutes 44 Seconds

============================================================================
10/37 Starting processing com.concretesoftware.rapala-1.apk ......
Getting apk info from https://play.google.com/store/apps/details?id=com.concretesoftware.rapala ......
Success to get info from Play Store
The lastest version of com.concretesoftware.rapala-1.apk is  1.1  
Done processing com.concretesoftware.rapala-1.apk
Time Spent:   0 Days 0 Hours 0 Minutes 48 Seconds

============================================================================
11/37 Starting processing com.dirtybit.funrun2-1.apk ......
Getting apk info from https://play.google.com/store/apps/details?id=com.dirtybit.funrun2 ......
Success to get info from Play Store
The lastest version of com.dirtybit.funrun2-1.apk is  3.4.1  
Done processing com.dirtybit.funrun2-1.apk
Time Spent:   0 Days 0 Hours 0 Minutes 55 Seconds

============================================================================
12/37 Starting processing com.dodreams.driveahead-1.apk ......
Getting apk info from https://play.google.com/store/apps/details?id=com.dodreams.driveahead ......
Success to get info from Play Store
The lastest version of com.dodreams.driveahead-1.apk is  1.19  
Done processing com.dodreams.driveahead-1.apk
Time Spent:   0 Days 0 Hours 1 Minutes 1 Seconds

============================================================================
13/37 Starting processing com.doubleugames.DoubleUCasino-1.apk ......
Getting apk info from https://play.google.com/store/apps/details?id=com.doubleugames.DoubleUCasino ......
Success to get info from Play Store
The lastest version of com.doubleugames.DoubleUCasino-1.apk is  4.1.0  
Done processing com.doubleugames.DoubleUCasino-1.apk
Time Spent:   0 Days 0 Hours 1 Minutes 6 Seconds

============================================================================
14/37 Starting processing com.gamecircus.bbh-1.apk ......
Getting apk info from https://play.google.com/store/apps/details?id=com.gamecircus.bbh ......
Success to get info from Play Store
The lastest version of com.gamecircus.bbh-1.apk is  1.3  
Done processing com.gamecircus.bbh-1.apk
Time Spent:   0 Days 0 Hours 1 Minutes 13 Seconds

============================================================================
15/37 Starting processing com.hotheadgames.google.free.rawsniper-1.apk ......
Getting apk info from https://play.google.com/store/apps/details?id=com.hotheadgames.google.free.rawsniper ......
Success to get info from Play Store
The lastest version of com.hotheadgames.google.free.rawsniper-1.apk is  2.8  
Done processing com.hotheadgames.google.free.rawsniper-1.apk
Time Spent:   0 Days 0 Hours 1 Minutes 17 Seconds

============================================================================
16/37 Starting processing com.igg.clashoflords2-1.apk ......
Getting apk info from https://play.google.com/store/apps/details?id=com.igg.clashoflords2 ......
Success to get info from Play Store
The lastest version of com.igg.clashoflords2-1.apk is  1.0.201  
Done processing com.igg.clashoflords2-1.apk
Time Spent:   0 Days 0 Hours 1 Minutes 21 Seconds

============================================================================
17/37 Starting processing com.king.candycrushjellysaga-1.apk ......
Getting apk info from https://play.google.com/store/apps/details?id=com.king.candycrushjellysaga ......
Success to get info from Play Store
The lastest version of com.king.candycrushjellysaga-1.apk is  1.11.5  
Done processing com.king.candycrushjellysaga-1.apk
Time Spent:   0 Days 0 Hours 1 Minutes 26 Seconds

============================================================================
18/37 Starting processing com.king.candycrushsaga-1.apk ......
Getting apk info from https://play.google.com/store/apps/details?id=com.king.candycrushsaga ......
Success to get info from Play Store
The lastest version of com.king.candycrushsaga-1.apk is  1.70.0.2  
Done processing com.king.candycrushsaga-1.apk
Time Spent:   0 Days 0 Hours 1 Minutes 31 Seconds

============================================================================
19/37 Starting processing com.king.farmheroessaga-1.apk ......
Getting apk info from https://play.google.com/store/apps/details?id=com.king.farmheroessaga ......
Success to get info from Play Store
The lastest version of com.king.farmheroessaga-1.apk is  2.46.7  
Done processing com.king.farmheroessaga-1.apk
Time Spent:   0 Days 0 Hours 1 Minutes 34 Seconds

============================================================================
20/37 Starting processing com.king.scrubbydubbysaga-1.apk ......
Getting apk info from https://play.google.com/store/apps/details?id=com.king.scrubbydubbysaga ......
Success to get info from Play Store
The lastest version of com.king.scrubbydubbysaga-1.apk is  1.13.0  
Done processing com.king.scrubbydubbysaga-1.apk
Time Spent:   0 Days 0 Hours 1 Minutes 38 Seconds

============================================================================
21/37 Starting processing com.lego.nexoknights.merlok-1.apk ......
Getting apk info from https://play.google.com/store/apps/details?id=com.lego.nexoknights.merlok ......
Success to get info from Play Store
The lastest version of com.lego.nexoknights.merlok-1.apk is  1.1.1  
Done processing com.lego.nexoknights.merlok-1.apk
Time Spent:   0 Days 0 Hours 1 Minutes 42 Seconds

============================================================================
22/37 Starting processing com.lionmobi.battery-1.apk ......
Getting apk info from https://play.google.com/store/apps/details?id=com.lionmobi.battery ......
Success to get info from Play Store
The lastest version of com.lionmobi.battery-1.apk is  1.4.2  
Done processing com.lionmobi.battery-1.apk
Time Spent:   0 Days 0 Hours 1 Minutes 47 Seconds

============================================================================
23/37 Starting processing com.lionmobi.powerclean-1.apk ......
Getting apk info from https://play.google.com/store/apps/details?id=com.lionmobi.powerclean ......
Success to get info from Play Store
The lastest version of com.lionmobi.powerclean-1.apk is  2.8.2  
Done processing com.lionmobi.powerclean-1.apk
Time Spent:   0 Days 0 Hours 1 Minutes 51 Seconds

============================================================================
24/37 Starting processing com.longtech.lastwars.gp-1.apk ......
Getting apk info from https://play.google.com/store/apps/details?id=com.longtech.lastwars.gp ......
Success to get info from Play Store
The lastest version of com.longtech.lastwars.gp-1.apk is  1.0.47  
Done processing com.longtech.lastwars.gp-1.apk
Time Spent:   0 Days 0 Hours 1 Minutes 55 Seconds

============================================================================
25/37 Starting processing com.moonton.magicrush-1.apk ......
Getting apk info from https://play.google.com/store/apps/details?id=com.moonton.magicrush ......
Success to get info from Play Store
The lastest version of com.moonton.magicrush-1.apk is  1.1.53  
Done processing com.moonton.magicrush-1.apk
Time Spent:   0 Days 0 Hours 2 Minutes 0 Seconds

============================================================================
26/37 Starting processing com.omgpop.dstfree-1.apk ......
Getting apk info from https://play.google.com/store/apps/details?id=com.omgpop.dstfree ......
Success to get info from Play Store
The lastest version of com.omgpop.dstfree-1.apk is  2.333.327  
Done processing com.omgpop.dstfree-1.apk
Time Spent:   0 Days 0 Hours 2 Minutes 3 Seconds

============================================================================
27/37 Starting processing com.outfit7.mytalkingangelafree-1.apk ......
Getting apk info from https://play.google.com/store/apps/details?id=com.outfit7.mytalkingangelafree ......
Success to get info from Play Store
The lastest version of com.outfit7.mytalkingangelafree-1.apk is  2.1.1  
Done processing com.outfit7.mytalkingangelafree-1.apk
Time Spent:   0 Days 0 Hours 2 Minutes 7 Seconds

============================================================================
28/37 Starting processing com.outfit7.mytalkingtomfree-1.apk ......
Getting apk info from https://play.google.com/store/apps/details?id=com.outfit7.mytalkingtomfree ......
Success to get info from Play Store
The lastest version of com.outfit7.mytalkingtomfree-1.apk is  3.2.2  
Done processing com.outfit7.mytalkingtomfree-1.apk
Time Spent:   0 Days 0 Hours 2 Minutes 10 Seconds

============================================================================
29/37 Starting processing com.playfirst.cookingdashx-1.apk ......
Getting apk info from https://play.google.com/store/apps/details?id=com.playfirst.cookingdashx ......
Success to get info from Play Store
The lastest version of com.playfirst.cookingdashx-1.apk is  1.12.12  
Done processing com.playfirst.cookingdashx-1.apk
Time Spent:   0 Days 0 Hours 2 Minutes 14 Seconds

============================================================================
30/37 Starting processing com.playrix.township-1.apk ......
Getting apk info from https://play.google.com/store/apps/details?id=com.playrix.township ......
Success to get info from Play Store
The lastest version of com.playrix.township-1.apk is  3.5.3  
Done processing com.playrix.township-1.apk
Time Spent:   0 Days 0 Hours 2 Minutes 17 Seconds

============================================================================
31/37 Starting processing com.sgn.geniesandgems.gp-1.apk ......
Getting apk info from https://play.google.com/store/apps/details?id=com.sgn.geniesandgems.gp ......
Success to get info from Play Store
The lastest version of com.sgn.geniesandgems.gp-1.apk is  62.2.109.602261038  
Done processing com.sgn.geniesandgems.gp-1.apk
Time Spent:   0 Days 0 Hours 2 Minutes 21 Seconds

============================================================================
32/37 Starting processing com.tundragames.rapture_worldconquest-1.apk ......
Getting apk info from https://play.google.com/store/apps/details?id=com.tundragames.rapture_worldconquest ......
Success to get info from Play Store
The lastest version of com.tundragames.rapture_worldconquest-1.apk is  1.0.8  
Done processing com.tundragames.rapture_worldconquest-1.apk
Time Spent:   0 Days 0 Hours 2 Minutes 25 Seconds

============================================================================
33/37 Starting processing com.turner.cnvideoapp-1.apk ......
Getting apk info from https://play.google.com/store/apps/details?id=com.turner.cnvideoapp ......
Success to get info from Play Store
The lastest version of com.turner.cnvideoapp-1.apk is  3.2.20160201  
Done processing com.turner.cnvideoapp-1.apk
Time Spent:   0 Days 0 Hours 2 Minutes 32 Seconds

============================================================================
34/37 Starting processing com.ubercab-1.apk ......
Getting apk info from https://play.google.com/store/apps/details?id=com.ubercab ......
Success to get info from Play Store
The lastest version of com.ubercab-1.apk is  3.92.1  
Done processing com.ubercab-1.apk
Time Spent:   0 Days 0 Hours 2 Minutes 38 Seconds

============================================================================
35/37 Starting processing in.playsimple.word_up-1.apk ......
Getting apk info from https://play.google.com/store/apps/details?id=in.playsimple.word_up ......
Success to get info from Play Store
The lastest version of in.playsimple.word_up-1.apk is  1.1.00  
Done processing in.playsimple.word_up-1.apk
Time Spent:   0 Days 0 Hours 2 Minutes 43 Seconds

============================================================================
36/37 Starting processing net.SandStormEarl.WC3-1.apk ......
Getting apk info from https://play.google.com/store/apps/details?id=net.SandStormEarl.WC3 ......
Success to get info from Play Store
The lastest version of net.SandStormEarl.WC3-1.apk is  1.3.0  
Done processing net.SandStormEarl.WC3-1.apk
Time Spent:   0 Days 0 Hours 2 Minutes 47 Seconds

============================================================================
37/37 Starting processing net.playq.charmking-1.apk ......
Getting apk info from https://play.google.com/store/apps/details?id=net.playq.charmking ......
Success to get info from Play Store
The lastest version of net.playq.charmking-1.apk is  2.19.0  
Done processing net.playq.charmking-1.apk
Time Spent:   0 Days 0 Hours 2 Minutes 52 Seconds

============================================================================


**************************************************************
All Done
Total Time:   0 Days 0 Hours 2 Minutes 52 Seconds
Result Location:               /home/Git-Apk/code_resource/script_hooks/scan_apk/scan_apk_version/results/AppInfo_2016-03-07-13-19-33.csv
**************************************************************
