Start processing app in list /home/Git-Apk/Updated_list from /home/Git-Apk/All_Apk  ......

============================================================================
1/14 Starting processing com.cardinalblue.piccollage.google-1.apk ......
Getting apk info from https://play.google.com/store/apps/details?id=com.cardinalblue.piccollage.google ......
Success to get info from Play Store
The lastest version of com.cardinalblue.piccollage.google-1.apk is    Varies with device  
Done processing com.cardinalblue.piccollage.google-1.apk
Time Spent:   0 Days 0 Hours 0 Minutes 2 Seconds

============================================================================
2/14 Starting processing com.cleanmaster.security-1.apk ......
Getting apk info from https://play.google.com/store/apps/details?id=com.cleanmaster.security ......
Success to get info from Play Store
The lastest version of com.cleanmaster.security-1.apk is    Varies with device  
Done processing com.cleanmaster.security-1.apk
Time Spent:   0 Days 0 Hours 0 Minutes 4 Seconds

============================================================================
3/14 Starting processing com.cyberlink.youcammakeup-1.apk ......
Getting apk info from https://play.google.com/store/apps/details?id=com.cyberlink.youcammakeup ......
Success to get info from Play Store
The lastest version of com.cyberlink.youcammakeup-1.apk is    Varies with device  
Done processing com.cyberlink.youcammakeup-1.apk
Time Spent:   0 Days 0 Hours 0 Minutes 9 Seconds

============================================================================
4/14 Starting processing com.disney.disneymoviesanywhere_goo-1.apk ......
Getting apk info from https://play.google.com/store/apps/details?id=com.disney.disneymoviesanywhere_goo ......
Success to get info from Play Store
The lastest version of com.disney.disneymoviesanywhere_goo-1.apk is    Varies with device  
Done processing com.disney.disneymoviesanywhere_goo-1.apk
Time Spent:   0 Days 0 Hours 0 Minutes 13 Seconds

============================================================================
5/14 Starting processing com.emoji.coolkeyboard-1.apk ......
Getting apk info from https://play.google.com/store/apps/details?id=com.emoji.coolkeyboard ......
Success to get info from Play Store
The lastest version of com.emoji.coolkeyboard-1.apk is    Varies with device  
Done processing com.emoji.coolkeyboard-1.apk
Time Spent:   0 Days 0 Hours 0 Minutes 15 Seconds

============================================================================
6/14 Starting processing com.facebook.katana-1.apk ......
Getting apk info from https://play.google.com/store/apps/details?id=com.facebook.katana ......
Success to get info from Play Store
The lastest version of com.facebook.katana-1.apk is    Varies with device  
Done processing com.facebook.katana-1.apk
Time Spent:   0 Days 0 Hours 0 Minutes 18 Seconds

============================================================================
7/14 Starting processing com.qihoo.security-1.apk ......
Getting apk info from https://play.google.com/store/apps/details?id=com.qihoo.security ......
Success to get info from Play Store
The lastest version of com.qihoo.security-1.apk is    Varies with device  
Done processing com.qihoo.security-1.apk
Time Spent:   0 Days 0 Hours 0 Minutes 21 Seconds

============================================================================
8/14 Starting processing com.qisiemoji.inputmethod-1.apk ......
Getting apk info from https://play.google.com/store/apps/details?id=com.qisiemoji.inputmethod ......
Success to get info from Play Store
The lastest version of com.qisiemoji.inputmethod-1.apk is    Varies with device  
Done processing com.qisiemoji.inputmethod-1.apk
Time Spent:   0 Days 0 Hours 0 Minutes 23 Seconds

============================================================================
9/14 Starting processing com.skype.raider-1.apk ......
Getting apk info from https://play.google.com/store/apps/details?id=com.skype.raider ......
Success to get info from Play Store
The lastest version of com.skype.raider-1.apk is    Varies with device  
Done processing com.skype.raider-1.apk
Time Spent:   0 Days 0 Hours 0 Minutes 26 Seconds

============================================================================
10/14 Starting processing com.tinyco.avengers-1.apk ......
Getting apk info from https://play.google.com/store/apps/details?id=com.tinyco.avengers ......
Success to get info from Play Store
The lastest version of com.tinyco.avengers-1.apk is 
Done processing com.tinyco.avengers-1.apk
Time Spent:   0 Days 0 Hours 0 Minutes 28 Seconds

============================================================================
11/14 Starting processing com.zynga.looney-1.apk ......
Getting apk info from https://play.google.com/store/apps/details?id=com.zynga.looney ......
Success to get info from Play Store
The lastest version of com.zynga.looney-1.apk is    Varies with device  
Done processing com.zynga.looney-1.apk
Time Spent:   0 Days 0 Hours 0 Minutes 30 Seconds

============================================================================
12/14 Starting processing com.zynga.wwf2.free-1.apk ......
Getting apk info from https://play.google.com/store/apps/details?id=com.zynga.wwf2.free ......
Success to get info from Play Store
The lastest version of com.zynga.wwf2.free-1.apk is    Varies with device  
Done processing com.zynga.wwf2.free-1.apk
Time Spent:   0 Days 0 Hours 0 Minutes 33 Seconds

============================================================================
13/14 Starting processing es.parrotgames.restaurantcity-1.apk ......
Getting apk info from https://play.google.com/store/apps/details?id=es.parrotgames.restaurantcity ......
Success to get info from Play Store
The lastest version of es.parrotgames.restaurantcity-1.apk is 
Done processing es.parrotgames.restaurantcity-1.apk
Time Spent:   0 Days 0 Hours 0 Minutes 36 Seconds

============================================================================
14/14 Starting processing jp.naver.line.android-1.apk ......
Getting apk info from https://play.google.com/store/apps/details?id=jp.naver.line.android ......
Success to get info from Play Store
The lastest version of jp.naver.line.android-1.apk is    Varies with device  
Done processing jp.naver.line.android-1.apk
Time Spent:   0 Days 0 Hours 0 Minutes 38 Seconds

============================================================================


**************************************************************
All Done
Total Time:   0 Days 0 Hours 0 Minutes 38 Seconds
Result Location:               /home/Git-Apk/code_resource/script_hooks/scan_apk/scan_apk_version/results/AppInfo_2016-03-08-01-26-51.csv
**************************************************************
