Start processing app in list /home/Git-Apk/Updated_list from /home/Git-Apk/ARM-V8  ......

============================================================================
1/52 Starting processing club.magicphoto.squarequick-1.apk ......
Getting apk info from https://play.google.com/store/apps/details?id=club.magicphoto.squarequick ......
Success to get info from Play Store
The lastest version of club.magicphoto.squarequick-1.apk is  3.4.1  
Done processing club.magicphoto.squarequick-1.apk
Time Spent:   0 Days 0 Hours 0 Minutes 4 Seconds

============================================================================
2/52 Starting processing com.androidsx.heliumvideochanger.vhs-1.apk ......
Getting apk info from https://play.google.com/store/apps/details?id=com.androidsx.heliumvideochanger.vhs ......
Success to get info from Play Store
The lastest version of com.androidsx.heliumvideochanger.vhs-1.apk is  1.5.3  
Done processing com.androidsx.heliumvideochanger.vhs-1.apk
Time Spent:   0 Days 0 Hours 0 Minutes 8 Seconds

============================================================================
3/52 Starting processing com.askfm-1.apk ......
Getting apk info from https://play.google.com/store/apps/details?id=com.askfm ......
Success to get info from Play Store
The lastest version of com.askfm-1.apk is  3.0  
Done processing com.askfm-1.apk
Time Spent:   0 Days 0 Hours 0 Minutes 12 Seconds

============================================================================
4/52 Starting processing com.aviary.android.feather-1.apk ......
Getting apk info from https://play.google.com/store/apps/details?id=com.aviary.android.feather ......
Success to get info from Play Store
The lastest version of com.aviary.android.feather-1.apk is  4.4.6  
Done processing com.aviary.android.feather-1.apk
Time Spent:   0 Days 0 Hours 0 Minutes 15 Seconds

============================================================================
5/52 Starting processing com.baloota.dumpster-1.apk ......
Getting apk info from https://play.google.com/store/apps/details?id=com.baloota.dumpster ......
Success to get info from Play Store
The lastest version of com.baloota.dumpster-1.apk is    Varies with device  
Done processing com.baloota.dumpster-1.apk
Time Spent:   0 Days 0 Hours 0 Minutes 19 Seconds

============================================================================
6/52 Starting processing com.booking-1.apk ......
Getting apk info from https://play.google.com/store/apps/details?id=com.booking ......
Success to get info from Play Store
The lastest version of com.booking-1.apk is 
Done processing com.booking-1.apk
Time Spent:   0 Days 0 Hours 0 Minutes 23 Seconds

============================================================================
7/52 Starting processing com.chillingo.robberybob2.android.gplay-1.apk ......
Getting apk info from https://play.google.com/store/apps/details?id=com.chillingo.robberybob2.android.gplay ......
Success to get info from Play Store
The lastest version of com.chillingo.robberybob2.android.gplay-1.apk is 
Done processing com.chillingo.robberybob2.android.gplay-1.apk
Time Spent:   0 Days 0 Hours 0 Minutes 27 Seconds

============================================================================
8/52 Starting processing com.daysofwonder.tt.android-1.apk ......
Getting apk info from https://play.google.com/store/apps/details?id=com.daysofwonder.tt.android ......
Success to get info from Play Store
The lastest version of com.daysofwonder.tt.android-1.apk is  2.0.11-3553-5d0ba445  
Done processing com.daysofwonder.tt.android-1.apk
Time Spent:   0 Days 0 Hours 0 Minutes 31 Seconds

============================================================================
9/52 Starting processing com.djit.apps.edjing.expert-1.apk ......
Getting apk info from https://play.google.com/store/apps/details?id=com.djit.apps.edjing.expert ......
Success to get info from Play Store
The lastest version of com.djit.apps.edjing.expert-1.apk is  1.2.5  
Done processing com.djit.apps.edjing.expert-1.apk
Time Spent:   0 Days 0 Hours 0 Minutes 34 Seconds

============================================================================
10/52 Starting processing com.dualboot.apps.christmas-1.apk ......
Getting apk info from https://play.google.com/store/apps/details?id=com.dualboot.apps.christmas ......
Success to get info from Play Store
The lastest version of com.dualboot.apps.christmas-1.apk is    Varies with device  
Done processing com.dualboot.apps.christmas-1.apk
Time Spent:   0 Days 0 Hours 0 Minutes 38 Seconds

============================================================================
11/52 Starting processing com.duolingo-1.apk ......
Getting apk info from https://play.google.com/store/apps/details?id=com.duolingo ......
Success to get info from Play Store
The lastest version of com.duolingo-1.apk is    Varies with device  
Done processing com.duolingo-1.apk
Time Spent:   0 Days 0 Hours 0 Minutes 42 Seconds

============================================================================
12/52 Starting processing com.eterno-1.apk ......
Getting apk info from https://play.google.com/store/apps/details?id=com.eterno ......
Success to get info from Play Store
The lastest version of com.eterno-1.apk is    Varies with device  
Done processing com.eterno-1.apk
Time Spent:   0 Days 0 Hours 0 Minutes 46 Seconds

============================================================================
13/52 Starting processing com.flipkart.android-1.apk ......
Getting apk info from https://play.google.com/store/apps/details?id=com.flipkart.android ......
Success to get info from Play Store
The lastest version of com.flipkart.android-1.apk is    Varies with device  
Done processing com.flipkart.android-1.apk
Time Spent:   0 Days 0 Hours 0 Minutes 48 Seconds

============================================================================
14/52 Starting processing com.freevpnintouch-1.apk ......
Getting apk info from https://play.google.com/store/apps/details?id=com.freevpnintouch ......
Success to get info from Play Store
The lastest version of com.freevpnintouch-1.apk is  3.3.0  
Done processing com.freevpnintouch-1.apk
Time Spent:   0 Days 0 Hours 0 Minutes 50 Seconds

============================================================================
15/52 Starting processing com.fungamesforfree.colorfy-1.apk ......
Getting apk info from https://play.google.com/store/apps/details?id=com.fungamesforfree.colorfy ......
Success to get info from Play Store
The lastest version of com.fungamesforfree.colorfy-1.apk is  1.8.2  
Done processing com.fungamesforfree.colorfy-1.apk
Time Spent:   0 Days 0 Hours 0 Minutes 52 Seconds

============================================================================
16/52 Starting processing com.gaana-1.apk ......
Getting apk info from https://play.google.com/store/apps/details?id=com.gaana ......
Success to get info from Play Store
The lastest version of com.gaana-1.apk is    Varies with device  
Done processing com.gaana-1.apk
Time Spent:   0 Days 0 Hours 0 Minutes 54 Seconds

============================================================================
17/52 Starting processing com.globo.globotv-1.apk ......
Getting apk info from https://play.google.com/store/apps/details?id=com.globo.globotv ......
Success to get info from Play Store
The lastest version of com.globo.globotv-1.apk is  2.4.2  
Done processing com.globo.globotv-1.apk
Time Spent:   0 Days 0 Hours 0 Minutes 56 Seconds

============================================================================
18/52 Starting processing com.gojek.app-1.apk ......
Getting apk info from https://play.google.com/store/apps/details?id=com.gojek.app ......
Success to get info from Play Store
The lastest version of com.gojek.app-1.apk is  1.0.72  
Done processing com.gojek.app-1.apk
Time Spent:   0 Days 0 Hours 0 Minutes 58 Seconds

============================================================================
19/52 Starting processing com.groupon-1.apk ......
Getting apk info from https://play.google.com/store/apps/details?id=com.groupon ......
Success to get info from Play Store
The lastest version of com.groupon-1.apk is  16.1.4647  
Done processing com.groupon-1.apk
Time Spent:   0 Days 0 Hours 1 Minutes 0 Seconds

============================================================================
20/52 Starting processing com.hulu.plus-1.apk ......
Getting apk info from https://play.google.com/store/apps/details?id=com.hulu.plus ......
Success to get info from Play Store
The lastest version of com.hulu.plus-1.apk is  2.23.0.202499  
Done processing com.hulu.plus-1.apk
Time Spent:   0 Days 0 Hours 1 Minutes 3 Seconds

============================================================================
21/52 Starting processing com.linkedin.android-1.apk ......
Getting apk info from https://play.google.com/store/apps/details?id=com.linkedin.android ......
Success to get info from Play Store
The lastest version of com.linkedin.android-1.apk is  4.0.20  
Done processing com.linkedin.android-1.apk
Time Spent:   0 Days 0 Hours 1 Minutes 5 Seconds

============================================================================
22/52 Starting processing com.mercadolibre-1.apk ......
Getting apk info from https://play.google.com/store/apps/details?id=com.mercadolibre ......
Success to get info from Play Store
The lastest version of com.mercadolibre-1.apk is    Varies with device  
Done processing com.mercadolibre-1.apk
Time Spent:   0 Days 0 Hours 1 Minutes 9 Seconds

============================================================================
23/52 Starting processing com.mico-1.apk ......
Getting apk info from https://play.google.com/store/apps/details?id=com.mico ......
Success to get info from Play Store
The lastest version of com.mico-1.apk is  3.8.6  
Done processing com.mico-1.apk
Time Spent:   0 Days 0 Hours 1 Minutes 11 Seconds

============================================================================
24/52 Starting processing com.microsoft.skydrive-1.apk ......
Getting apk info from https://play.google.com/store/apps/details?id=com.microsoft.skydrive ......
Success to get info from Play Store
The lastest version of com.microsoft.skydrive-1.apk is    Varies with device  
Done processing com.microsoft.skydrive-1.apk
Time Spent:   0 Days 0 Hours 1 Minutes 13 Seconds

============================================================================
25/52 Starting processing com.mobilemotion.dubsmash-1.apk ......
Getting apk info from https://play.google.com/store/apps/details?id=com.mobilemotion.dubsmash ......
Success to get info from Play Store
The lastest version of com.mobilemotion.dubsmash-1.apk is 
Done processing com.mobilemotion.dubsmash-1.apk
Time Spent:   0 Days 0 Hours 1 Minutes 15 Seconds

============================================================================
26/52 Starting processing com.mobisystems.editor.office_registered-1.apk ......
Getting apk info from https://play.google.com/store/apps/details?id=com.mobisystems.editor.office_registered ......
Success to get info from Play Store
The lastest version of com.mobisystems.editor.office_registered-1.apk is  8.5.4624  
Done processing com.mobisystems.editor.office_registered-1.apk
Time Spent:   0 Days 0 Hours 1 Minutes 18 Seconds

============================================================================
27/52 Starting processing com.mobisystems.office-1.apk ......
Getting apk info from https://play.google.com/store/apps/details?id=com.mobisystems.office ......
Success to get info from Play Store
The lastest version of com.mobisystems.office-1.apk is 
Done processing com.mobisystems.office-1.apk
Time Spent:   0 Days 0 Hours 1 Minutes 21 Seconds

============================================================================
28/52 Starting processing com.myfitnesspal.android-1.apk ......
Getting apk info from https://play.google.com/store/apps/details?id=com.myfitnesspal.android ......
Success to get info from Play Store
The lastest version of com.myfitnesspal.android-1.apk is    Varies with device  
Done processing com.myfitnesspal.android-1.apk
Time Spent:   0 Days 0 Hours 1 Minutes 23 Seconds

============================================================================
29/52 Starting processing com.myyearbook.m-1.apk ......
Getting apk info from https://play.google.com/store/apps/details?id=com.myyearbook.m ......
Success to get info from Play Store
The lastest version of com.myyearbook.m-1.apk is    Varies with device  
Done processing com.myyearbook.m-1.apk
Time Spent:   0 Days 0 Hours 1 Minutes 26 Seconds

============================================================================
30/52 Starting processing com.offerup-1.apk ......
Getting apk info from https://play.google.com/store/apps/details?id=com.offerup ......
Success to get info from Play Store
The lastest version of com.offerup-1.apk is    Varies with device  
Done processing com.offerup-1.apk
Time Spent:   0 Days 0 Hours 1 Minutes 32 Seconds

============================================================================
31/52 Starting processing com.pinterest-1.apk ......
Getting apk info from https://play.google.com/store/apps/details?id=com.pinterest ......
Success to get info from Play Store
The lastest version of com.pinterest-1.apk is    Varies with device  
Done processing com.pinterest-1.apk
Time Spent:   0 Days 0 Hours 1 Minutes 37 Seconds

============================================================================
32/52 Starting processing com.riffsy.FBMGIFApp-1.apk ......
Getting apk info from https://play.google.com/store/apps/details?id=com.riffsy.FBMGIFApp ......
Success to get info from Play Store
The lastest version of com.riffsy.FBMGIFApp-1.apk is  1.9.2  
Done processing com.riffsy.FBMGIFApp-1.apk
Time Spent:   0 Days 0 Hours 1 Minutes 42 Seconds

============================================================================
33/52 Starting processing com.teamspeak.ts3client-1.apk ......
Getting apk info from https://play.google.com/store/apps/details?id=com.teamspeak.ts3client ......
Success to get info from Play Store
The lastest version of com.teamspeak.ts3client-1.apk is  3.0.21.0  
Done processing com.teamspeak.ts3client-1.apk
Time Spent:   0 Days 0 Hours 1 Minutes 44 Seconds

============================================================================
34/52 Starting processing com.tinder-1.apk ......
Getting apk info from https://play.google.com/store/apps/details?id=com.tinder ......
Success to get info from Play Store
The lastest version of com.tinder-1.apk is    Varies with device  
Done processing com.tinder-1.apk
Time Spent:   0 Days 0 Hours 1 Minutes 46 Seconds

============================================================================
35/52 Starting processing com.ugroupmedia.pnp14-1.apk ......
Getting apk info from https://play.google.com/store/apps/details?id=com.ugroupmedia.pnp14 ......
Success to get info from Play Store
The lastest version of com.ugroupmedia.pnp14-1.apk is  1.0.260  
Done processing com.ugroupmedia.pnp14-1.apk
Time Spent:   0 Days 0 Hours 1 Minutes 50 Seconds

============================================================================
36/52 Starting processing com.wsandroid.suite-1.apk ......
Getting apk info from https://play.google.com/store/apps/details?id=com.wsandroid.suite ......
Success to get info from Play Store
The lastest version of com.wsandroid.suite-1.apk is  4.5.1.1051  
Done processing com.wsandroid.suite-1.apk
Time Spent:   0 Days 0 Hours 1 Minutes 54 Seconds

============================================================================
37/52 Starting processing com.yahoo.mobile.client.android.mail-1.apk ......
Getting apk info from https://play.google.com/store/apps/details?id=com.yahoo.mobile.client.android.mail ......
Success to get info from Play Store
The lastest version of com.yahoo.mobile.client.android.mail-1.apk is    Varies with device  
Done processing com.yahoo.mobile.client.android.mail-1.apk
Time Spent:   0 Days 0 Hours 1 Minutes 58 Seconds

============================================================================
38/52 Starting processing com.zhiliaoapp.musically-1.apk ......
Getting apk info from https://play.google.com/store/apps/details?id=com.zhiliaoapp.musically ......
Success to get info from Play Store
The lastest version of com.zhiliaoapp.musically-1.apk is  4.6.3  
Done processing com.zhiliaoapp.musically-1.apk
Time Spent:   0 Days 0 Hours 2 Minutes 1 Seconds

============================================================================
39/52 Starting processing com.zipt.zipt-1.apk ......
Getting apk info from https://play.google.com/store/apps/details?id=com.zipt.zipt ......
Success to get info from Play Store
The lastest version of com.zipt.zipt-1.apk is  3.1.07  
Done processing com.zipt.zipt-1.apk
Time Spent:   0 Days 0 Hours 2 Minutes 5 Seconds

============================================================================
40/52 Starting processing dk.mymovies.mymovies2forandroidpro-1.apk ......
Getting apk info from https://play.google.com/store/apps/details?id=dk.mymovies.mymovies2forandroidpro ......
Success to get info from Play Store
The lastest version of dk.mymovies.mymovies2forandroidpro-1.apk is  2.00  
Done processing dk.mymovies.mymovies2forandroidpro-1.apk
Time Spent:   0 Days 0 Hours 2 Minutes 10 Seconds

============================================================================
41/52 Starting processing me.whatalert.pro-1.apk ......
Getting apk info from https://play.google.com/store/apps/details?id=me.whatalert.pro ......
Success to get info from Play Store
The lastest version of me.whatalert.pro-1.apk is 
Done processing me.whatalert.pro-1.apk
Time Spent:   0 Days 0 Hours 2 Minutes 11 Seconds

============================================================================
42/52 Starting processing media.mp3.audio.musicplayer-1.apk ......
Getting apk info from https://play.google.com/store/apps/details?id=media.mp3.audio.musicplayer ......
Success to get info from Play Store
The lastest version of media.mp3.audio.musicplayer-1.apk is  2.0.1  
Done processing media.mp3.audio.musicplayer-1.apk
Time Spent:   0 Days 0 Hours 2 Minutes 16 Seconds

============================================================================
43/52 Starting processing media.music.musicplayer.mp3player-1.apk ......
Getting apk info from https://play.google.com/store/apps/details?id=media.music.musicplayer.mp3player ......
Success to get info from Play Store
The lastest version of media.music.musicplayer.mp3player-1.apk is  1.1.1  
Done processing media.music.musicplayer.mp3player-1.apk
Time Spent:   0 Days 0 Hours 2 Minutes 19 Seconds

============================================================================
44/52 Starting processing net.audiko2.pro-1.apk ......
Getting apk info from https://play.google.com/store/apps/details?id=net.audiko2.pro ......
Success to get info from Play Store
The lastest version of net.audiko2.pro-1.apk is  2.6.163  
Done processing net.audiko2.pro-1.apk
Time Spent:   0 Days 0 Hours 2 Minutes 22 Seconds

============================================================================
45/52 Starting processing net.lovoo.android-1.apk ......
Getting apk info from https://play.google.com/store/apps/details?id=net.lovoo.android ......
Success to get info from Play Store
The lastest version of net.lovoo.android-1.apk is    Varies with device  
Done processing net.lovoo.android-1.apk
Time Spent:   0 Days 0 Hours 2 Minutes 26 Seconds

============================================================================
46/52 Starting processing net.zhuoweizhang.pocketinveditor.pro-1.apk ......
Getting apk info from https://play.google.com/store/apps/details?id=net.zhuoweizhang.pocketinveditor.pro ......
Success to get info from Play Store
The lastest version of net.zhuoweizhang.pocketinveditor.pro-1.apk is  1.16  
Done processing net.zhuoweizhang.pocketinveditor.pro-1.apk
Time Spent:   0 Days 0 Hours 2 Minutes 30 Seconds

============================================================================
47/52 Starting processing tv.twitch.android.app-1.apk ......
Getting apk info from https://play.google.com/store/apps/details?id=tv.twitch.android.app ......
Success to get info from Play Store
The lastest version of tv.twitch.android.app-1.apk is    Varies with device  
Done processing tv.twitch.android.app-1.apk
Time Spent:   0 Days 0 Hours 2 Minutes 35 Seconds

============================================================================
48/52 Starting processing udk.android.reader-1.apk ......
Getting apk info from https://play.google.com/store/apps/details?id=udk.android.reader ......
Success to get info from Play Store
The lastest version of udk.android.reader-1.apk is  2.6.7.0  
Done processing udk.android.reader-1.apk
Time Spent:   0 Days 0 Hours 2 Minutes 40 Seconds

============================================================================
49/52 Starting processing uk.org.invisibility.recordable-1.apk ......
Getting apk info from https://play.google.com/store/apps/details?id=uk.org.invisibility.recordable ......
Success to get info from Play Store
The lastest version of uk.org.invisibility.recordable-1.apk is  4.2.0.3  
Done processing uk.org.invisibility.recordable-1.apk
Time Spent:   0 Days 0 Hours 2 Minutes 43 Seconds

============================================================================
50/52 Starting processing wp.wattpad-1.apk ......
Getting apk info from https://play.google.com/store/apps/details?id=wp.wattpad ......
Success to get info from Play Store
The lastest version of wp.wattpad-1.apk is    Varies with device  
Done processing wp.wattpad-1.apk
Time Spent:   0 Days 0 Hours 2 Minutes 48 Seconds

============================================================================
51/52 Starting processing yo.app-1.apk ......
Getting apk info from https://play.google.com/store/apps/details?id=yo.app ......
Success to get info from Play Store
The lastest version of yo.app-1.apk is  1.12.7  
Done processing yo.app-1.apk
Time Spent:   0 Days 0 Hours 2 Minutes 51 Seconds

============================================================================
52/52 Starting processing yourapp24.android.tools.aivc-1.apk ......
Getting apk info from https://play.google.com/store/apps/details?id=yourapp24.android.tools.aivc ......
Success to get info from Play Store
The lastest version of yourapp24.android.tools.aivc-1.apk is  3.5  
Done processing yourapp24.android.tools.aivc-1.apk
Time Spent:   0 Days 0 Hours 2 Minutes 53 Seconds

============================================================================


**************************************************************
All Done
Total Time:   0 Days 0 Hours 2 Minutes 53 Seconds
Result Location:               /home/Git-Apk/code_resource/script_hooks/scan_apk/scan_apk_version/results/AppInfo_2016-01-22-14-53-59.csv
**************************************************************
