Start processing app in list /home/Git-Apk/Updated_list from /home/Git-Apk/ARM-V8  ......

============================================================================
1/46 Starting processing club.magicphoto.squarequick-1.apk ......
Getting apk info from https://play.google.com/store/apps/details?id=club.magicphoto.squarequick ......
Success to get info from Play Store
The lastest version of club.magicphoto.squarequick-1.apk is  3.6.3  
Done processing club.magicphoto.squarequick-1.apk
Time Spent:   0 Days 0 Hours 0 Minutes 3 Seconds

============================================================================
2/46 Starting processing com.abtnprojects.ambatana-1.apk ......
Getting apk info from https://play.google.com/store/apps/details?id=com.abtnprojects.ambatana ......
Success to get info from Play Store
The lastest version of com.abtnprojects.ambatana-1.apk is  1.4.8  
Done processing com.abtnprojects.ambatana-1.apk
Time Spent:   0 Days 0 Hours 0 Minutes 8 Seconds

============================================================================
3/46 Starting processing com.appspot.swisscodemonkeys.bald-1.apk ......
Getting apk info from https://play.google.com/store/apps/details?id=com.appspot.swisscodemonkeys.bald ......
Success to get info from Play Store
The lastest version of com.appspot.swisscodemonkeys.bald-1.apk is  2.4  
Done processing com.appspot.swisscodemonkeys.bald-1.apk
Time Spent:   0 Days 0 Hours 0 Minutes 14 Seconds

============================================================================
4/46 Starting processing com.askfm-1.apk ......
Getting apk info from https://play.google.com/store/apps/details?id=com.askfm ......
Success to get info from Play Store
The lastest version of com.askfm-1.apk is  3.1  
Done processing com.askfm-1.apk
Time Spent:   0 Days 0 Hours 0 Minutes 18 Seconds

============================================================================
5/46 Starting processing com.aviary.android.feather-1.apk ......
Getting apk info from https://play.google.com/store/apps/details?id=com.aviary.android.feather ......
Success to get info from Play Store
The lastest version of com.aviary.android.feather-1.apk is  4.4.6  
Done processing com.aviary.android.feather-1.apk
Time Spent:   0 Days 0 Hours 0 Minutes 23 Seconds

============================================================================
6/46 Starting processing com.booking-1.apk ......
Getting apk info from https://play.google.com/store/apps/details?id=com.booking ......
Success to get info from Play Store
The lastest version of com.booking-1.apk is 
Done processing com.booking-1.apk
Time Spent:   0 Days 0 Hours 0 Minutes 30 Seconds

============================================================================
7/46 Starting processing com.catple.wallpapers-1.apk ......
Getting apk info from https://play.google.com/store/apps/details?id=com.catple.wallpapers ......
Success to get info from Play Store
The lastest version of com.catple.wallpapers-1.apk is  1.71  
Done processing com.catple.wallpapers-1.apk
Time Spent:   0 Days 0 Hours 0 Minutes 37 Seconds

============================================================================
8/46 Starting processing com.djit.apps.edjing.expert-1.apk ......
Getting apk info from https://play.google.com/store/apps/details?id=com.djit.apps.edjing.expert ......
Success to get info from Play Store
The lastest version of com.djit.apps.edjing.expert-1.apk is  1.2.6  
Done processing com.djit.apps.edjing.expert-1.apk
Time Spent:   0 Days 0 Hours 0 Minutes 45 Seconds

============================================================================
9/46 Starting processing com.flipkart.android-1.apk ......
Getting apk info from https://play.google.com/store/apps/details?id=com.flipkart.android ......
Success to get info from Play Store
The lastest version of com.flipkart.android-1.apk is    Varies with device  
Done processing com.flipkart.android-1.apk
Time Spent:   0 Days 0 Hours 0 Minutes 50 Seconds

============================================================================
10/46 Starting processing com.fungamesforfree.colorfy-1.apk ......
Getting apk info from https://play.google.com/store/apps/details?id=com.fungamesforfree.colorfy ......
Success to get info from Play Store
The lastest version of com.fungamesforfree.colorfy-1.apk is    Varies with device  
Done processing com.fungamesforfree.colorfy-1.apk
Time Spent:   0 Days 0 Hours 0 Minutes 58 Seconds

============================================================================
11/46 Starting processing com.gaana-1.apk ......
Getting apk info from https://play.google.com/store/apps/details?id=com.gaana ......
Success to get info from Play Store
The lastest version of com.gaana-1.apk is    Varies with device  
Done processing com.gaana-1.apk
Time Spent:   0 Days 0 Hours 1 Minutes 3 Seconds

============================================================================
12/46 Starting processing com.globo.globotv-1.apk ......
Getting apk info from https://play.google.com/store/apps/details?id=com.globo.globotv ......
Success to get info from Play Store
The lastest version of com.globo.globotv-1.apk is  2.5.3  
Done processing com.globo.globotv-1.apk
Time Spent:   0 Days 0 Hours 1 Minutes 12 Seconds

============================================================================
13/46 Starting processing com.groupon-1.apk ......
Getting apk info from https://play.google.com/store/apps/details?id=com.groupon ......
Success to get info from Play Store
The lastest version of com.groupon-1.apk is  16.2.4709  
Done processing com.groupon-1.apk
Time Spent:   0 Days 0 Hours 1 Minutes 25 Seconds

============================================================================
14/46 Starting processing com.homeysoft.nexususb.importer-1.apk ......
Getting apk info from https://play.google.com/store/apps/details?id=com.homeysoft.nexususb.importer ......
Success to get info from Play Store
The lastest version of com.homeysoft.nexususb.importer-1.apk is  8.4.2  
Done processing com.homeysoft.nexususb.importer-1.apk
Time Spent:   0 Days 0 Hours 1 Minutes 29 Seconds

============================================================================
15/46 Starting processing com.linkedin.android-1.apk ......
Getting apk info from https://play.google.com/store/apps/details?id=com.linkedin.android ......
Success to get info from Play Store
The lastest version of com.linkedin.android-1.apk is  4.0.28  
Done processing com.linkedin.android-1.apk
Time Spent:   0 Days 0 Hours 1 Minutes 35 Seconds

============================================================================
16/46 Starting processing com.mercadolibre-1.apk ......
Getting apk info from https://play.google.com/store/apps/details?id=com.mercadolibre ......
Success to get info from Play Store
The lastest version of com.mercadolibre-1.apk is    Varies with device  
Done processing com.mercadolibre-1.apk
Time Spent:   0 Days 0 Hours 1 Minutes 40 Seconds

============================================================================
17/46 Starting processing com.mico-1.apk ......
Getting apk info from https://play.google.com/store/apps/details?id=com.mico ......
Success to get info from Play Store
The lastest version of com.mico-1.apk is  3.8.8  
Done processing com.mico-1.apk
Time Spent:   0 Days 0 Hours 1 Minutes 45 Seconds

============================================================================
18/46 Starting processing com.microsoft.skydrive-1.apk ......
Getting apk info from https://play.google.com/store/apps/details?id=com.microsoft.skydrive ......
Success to get info from Play Store
The lastest version of com.microsoft.skydrive-1.apk is    Varies with device  
Done processing com.microsoft.skydrive-1.apk
Time Spent:   0 Days 0 Hours 1 Minutes 51 Seconds

============================================================================
19/46 Starting processing com.mobikwik_new-1.apk ......
Getting apk info from https://play.google.com/store/apps/details?id=com.mobikwik_new ......
Success to get info from Play Store
The lastest version of com.mobikwik_new-1.apk is  7.7  
Done processing com.mobikwik_new-1.apk
Time Spent:   0 Days 0 Hours 1 Minutes 55 Seconds

============================================================================
20/46 Starting processing com.mobilemotion.dubsmash-1.apk ......
Getting apk info from https://play.google.com/store/apps/details?id=com.mobilemotion.dubsmash ......
Success to get info from Play Store
The lastest version of com.mobilemotion.dubsmash-1.apk is 
Done processing com.mobilemotion.dubsmash-1.apk
Time Spent:   0 Days 0 Hours 2 Minutes 2 Seconds

============================================================================
21/46 Starting processing com.mobisystems.editor.office_registered-1.apk ......
Getting apk info from https://play.google.com/store/apps/details?id=com.mobisystems.editor.office_registered ......
Success to get info from Play Store
The lastest version of com.mobisystems.editor.office_registered-1.apk is  8.6.4799  
Done processing com.mobisystems.editor.office_registered-1.apk
Time Spent:   0 Days 0 Hours 2 Minutes 10 Seconds

============================================================================
22/46 Starting processing com.mobisystems.office-1.apk ......
Getting apk info from https://play.google.com/store/apps/details?id=com.mobisystems.office ......
Success to get info from Play Store
The lastest version of com.mobisystems.office-1.apk is 
Done processing com.mobisystems.office-1.apk
Time Spent:   0 Days 0 Hours 2 Minutes 24 Seconds

============================================================================
23/46 Starting processing com.myfitnesspal.android-1.apk ......
Getting apk info from https://play.google.com/store/apps/details?id=com.myfitnesspal.android ......
Success to get info from Play Store
The lastest version of com.myfitnesspal.android-1.apk is    Varies with device  
Done processing com.myfitnesspal.android-1.apk
Time Spent:   0 Days 0 Hours 2 Minutes 29 Seconds

============================================================================
24/46 Starting processing com.myyearbook.m-1.apk ......
Getting apk info from https://play.google.com/store/apps/details?id=com.myyearbook.m ......
Success to get info from Play Store
The lastest version of com.myyearbook.m-1.apk is    Varies with device  
Done processing com.myyearbook.m-1.apk
Time Spent:   0 Days 0 Hours 2 Minutes 40 Seconds

============================================================================
25/46 Starting processing com.natenai.glowhockey-1.apk ......
Getting apk info from https://play.google.com/store/apps/details?id=com.natenai.glowhockey ......
Success to get info from Play Store
The lastest version of com.natenai.glowhockey-1.apk is  1.2.19  
Done processing com.natenai.glowhockey-1.apk
Time Spent:   0 Days 0 Hours 2 Minutes 54 Seconds

============================================================================
26/46 Starting processing com.natenai.glowhockey2-1.apk ......
Getting apk info from https://play.google.com/store/apps/details?id=com.natenai.glowhockey2 ......
Success to get info from Play Store
The lastest version of com.natenai.glowhockey2-1.apk is  1.0.9  
Done processing com.natenai.glowhockey2-1.apk
Time Spent:   0 Days 0 Hours 3 Minutes 2 Seconds

============================================================================
27/46 Starting processing com.offerup-1.apk ......
Getting apk info from https://play.google.com/store/apps/details?id=com.offerup ......
Success to get info from Play Store
The lastest version of com.offerup-1.apk is    Varies with device  
Done processing com.offerup-1.apk
Time Spent:   0 Days 0 Hours 3 Minutes 7 Seconds

============================================================================
28/46 Starting processing com.pinterest-1.apk ......
Getting apk info from https://play.google.com/store/apps/details?id=com.pinterest ......
Success to get info from Play Store
The lastest version of com.pinterest-1.apk is    Varies with device  
Done processing com.pinterest-1.apk
Time Spent:   0 Days 0 Hours 3 Minutes 14 Seconds

============================================================================
29/46 Starting processing com.riffsy.FBMGIFApp-1.apk ......
Getting apk info from https://play.google.com/store/apps/details?id=com.riffsy.FBMGIFApp ......
Success to get info from Play Store
The lastest version of com.riffsy.FBMGIFApp-1.apk is  1.9.13  
Done processing com.riffsy.FBMGIFApp-1.apk
Time Spent:   0 Days 0 Hours 3 Minutes 19 Seconds

============================================================================
30/46 Starting processing com.studiosol.palcomp3-1.apk ......
Getting apk info from https://play.google.com/store/apps/details?id=com.studiosol.palcomp3 ......
Success to get info from Play Store
The lastest version of com.studiosol.palcomp3-1.apk is  3.4  
Done processing com.studiosol.palcomp3-1.apk
Time Spent:   0 Days 0 Hours 3 Minutes 27 Seconds

============================================================================
31/46 Starting processing com.tinder-1.apk ......
Getting apk info from https://play.google.com/store/apps/details?id=com.tinder ......
Success to get info from Play Store
The lastest version of com.tinder-1.apk is  4.5.4  
Done processing com.tinder-1.apk
Time Spent:   0 Days 0 Hours 3 Minutes 41 Seconds

============================================================================
32/46 Starting processing com.tumblr-1.apk ......
Getting apk info from https://play.google.com/store/apps/details?id=com.tumblr ......
Success to get info from Play Store
The lastest version of com.tumblr-1.apk is    Varies with device  
Done processing com.tumblr-1.apk
Time Spent:   0 Days 0 Hours 3 Minutes 50 Seconds

============================================================================
33/46 Starting processing com.vsco.cam-1.apk ......
Getting apk info from https://play.google.com/store/apps/details?id=com.vsco.cam ......
Success to get info from Play Store
The lastest version of com.vsco.cam-1.apk is  3.6.3  
Done processing com.vsco.cam-1.apk
Time Spent:   0 Days 0 Hours 3 Minutes 57 Seconds

============================================================================
34/46 Starting processing com.vysionapps.faceswap-1.apk ......
Getting apk info from https://play.google.com/store/apps/details?id=com.vysionapps.faceswap ......
Success to get info from Play Store
The lastest version of com.vysionapps.faceswap-1.apk is  1.1.0  
Done processing com.vysionapps.faceswap-1.apk
Time Spent:   0 Days 0 Hours 4 Minutes 12 Seconds

============================================================================
35/46 Starting processing com.wsandroid.suite-1.apk ......
Getting apk info from https://play.google.com/store/apps/details?id=com.wsandroid.suite ......
Success to get info from Play Store
The lastest version of com.wsandroid.suite-1.apk is  4.6.0.506  
Done processing com.wsandroid.suite-1.apk
Time Spent:   0 Days 0 Hours 4 Minutes 23 Seconds

============================================================================
36/46 Starting processing com.yahoo.mobile.client.android.mail-1.apk ......
Getting apk info from https://play.google.com/store/apps/details?id=com.yahoo.mobile.client.android.mail ......
Success to get info from Play Store
The lastest version of com.yahoo.mobile.client.android.mail-1.apk is    Varies with device  
Done processing com.yahoo.mobile.client.android.mail-1.apk
Time Spent:   0 Days 0 Hours 4 Minutes 31 Seconds

============================================================================
37/46 Starting processing com.zentertain.photocollage2-1.apk ......
Getting apk info from https://play.google.com/store/apps/details?id=com.zentertain.photocollage2 ......
Success to get info from Play Store
The lastest version of com.zentertain.photocollage2-1.apk is  1.69  
Done processing com.zentertain.photocollage2-1.apk
Time Spent:   0 Days 0 Hours 4 Minutes 42 Seconds

============================================================================
38/46 Starting processing com.zhiliaoapp.musically-1.apk ......
Getting apk info from https://play.google.com/store/apps/details?id=com.zhiliaoapp.musically ......
Success to get info from Play Store
The lastest version of com.zhiliaoapp.musically-1.apk is  4.7.0  
Done processing com.zhiliaoapp.musically-1.apk
Time Spent:   0 Days 0 Hours 4 Minutes 46 Seconds

============================================================================
39/46 Starting processing cz.zdenekhorak.mibandtools-1.apk ......
Getting apk info from https://play.google.com/store/apps/details?id=cz.zdenekhorak.mibandtools ......
Success to get info from Play Store
The lastest version of cz.zdenekhorak.mibandtools-1.apk is  1.4.1  
Done processing cz.zdenekhorak.mibandtools-1.apk
Time Spent:   0 Days 0 Hours 4 Minutes 51 Seconds

============================================================================
40/46 Starting processing dk.mymovies.mymovies2forandroidpro-1.apk ......
Getting apk info from https://play.google.com/store/apps/details?id=dk.mymovies.mymovies2forandroidpro ......
Success to get info from Play Store
The lastest version of dk.mymovies.mymovies2forandroidpro-1.apk is  2.00  
Done processing dk.mymovies.mymovies2forandroidpro-1.apk
Time Spent:   0 Days 0 Hours 4 Minutes 57 Seconds

============================================================================
41/46 Starting processing gogolook.callgogolook2-1.apk ......
Getting apk info from https://play.google.com/store/apps/details?id=gogolook.callgogolook2 ......
Success to get info from Play Store
The lastest version of gogolook.callgogolook2-1.apk is  4.5.6.1  
Done processing gogolook.callgogolook2-1.apk
Time Spent:   0 Days 0 Hours 5 Minutes 5 Seconds

============================================================================
42/46 Starting processing media.mp3.audio.musicplayer-1.apk ......
Getting apk info from https://play.google.com/store/apps/details?id=media.mp3.audio.musicplayer ......
Success to get info from Play Store
The lastest version of media.mp3.audio.musicplayer-1.apk is  2.0.3  
Done processing media.mp3.audio.musicplayer-1.apk
Time Spent:   0 Days 0 Hours 5 Minutes 11 Seconds

============================================================================
43/46 Starting processing media.music.musicplayer.mp3player-1.apk ......
Getting apk info from https://play.google.com/store/apps/details?id=media.music.musicplayer.mp3player ......
Success to get info from Play Store
The lastest version of media.music.musicplayer.mp3player-1.apk is  1.1.2  
Done processing media.music.musicplayer.mp3player-1.apk
Time Spent:   0 Days 0 Hours 5 Minutes 17 Seconds

============================================================================
44/46 Starting processing org.ppsspp.ppsspp-1.apk ......
Getting apk info from https://play.google.com/store/apps/details?id=org.ppsspp.ppsspp ......
Success to get info from Play Store
The lastest version of org.ppsspp.ppsspp-1.apk is  1.2.1.0  
Done processing org.ppsspp.ppsspp-1.apk
Time Spent:   0 Days 0 Hours 5 Minutes 21 Seconds

============================================================================
45/46 Starting processing wp.wattpad-1.apk ......
Getting apk info from https://play.google.com/store/apps/details?id=wp.wattpad ......
Success to get info from Play Store
The lastest version of wp.wattpad-1.apk is    Varies with device  
Done processing wp.wattpad-1.apk
Time Spent:   0 Days 0 Hours 5 Minutes 27 Seconds

============================================================================
46/46 Starting processing yo.app-1.apk ......
Getting apk info from https://play.google.com/store/apps/details?id=yo.app ......
Success to get info from Play Store
The lastest version of yo.app-1.apk is  1.15.3  
Done processing yo.app-1.apk
Time Spent:   0 Days 0 Hours 5 Minutes 32 Seconds

============================================================================


**************************************************************
All Done
Total Time:   0 Days 0 Hours 5 Minutes 32 Seconds
Result Location:               /home/Git-Apk/code_resource/script_hooks/scan_apk/scan_apk_version/results/AppInfo_2016-03-02-13-27-46.csv
**************************************************************
