Start processing app in list /home/Git-Apk/Updated_list from /home/Git-Apk/Baidu  ......

============================================================================
1/3 Starting processing com.baidu.browser.apps-1.apk ......
Getting apk info from https://play.google.com/store/apps/details?id=com.baidu.browser.apps ......
Success to get info from Play Store
The lastest version of com.baidu.browser.apps-1.apk is 
Done processing com.baidu.browser.apps-1.apk
Time Spent:   0 Days 0 Hours 0 Minutes 2 Seconds

============================================================================
2/3 Starting processing com.douguo.recipe-1.apk ......
Getting apk info from https://play.google.com/store/apps/details?id=com.douguo.recipe ......
Success to get info from Play Store
The lastest version of com.douguo.recipe-1.apk is  5.4.2  
Done processing com.douguo.recipe-1.apk
Time Spent:   0 Days 0 Hours 0 Minutes 3 Seconds

============================================================================
3/3 Starting processing com.kugou.android-1.apk ......
Getting apk info from https://play.google.com/store/apps/details?id=com.kugou.android ......
Success to get info from Play Store
The lastest version of com.kugou.android-1.apk is  7.9.11  
Done processing com.kugou.android-1.apk
Time Spent:   0 Days 0 Hours 0 Minutes 7 Seconds

============================================================================


**************************************************************
All Done
Total Time:   0 Days 0 Hours 0 Minutes 7 Seconds
Result Location:               /home/Git-Apk/code_resource/script_hooks/scan_apk/scan_apk_version/results/AppInfo_2016-01-18-12-02-17.csv
**************************************************************
