Start processing app in list /home/Git-Apk/Updated_list from /home/Git-Apk/ARM-V8  ......

============================================================================
1/4 Starting processing com.dotemu.sanitarium-1.apk ......
Getting apk info from https://play.google.com/store/apps/details?id=com.dotemu.sanitarium ......
Success to get info from Play Store
The lastest version of com.dotemu.sanitarium-1.apk is  1.0.4  
Done processing com.dotemu.sanitarium-1.apk
Time Spent:   0 Days 0 Hours 0 Minutes 10 Seconds

============================================================================
2/4 Starting processing com.jaumo-1.apk ......
Getting apk info from https://play.google.com/store/apps/details?id=com.jaumo ......
Success to get info from Play Store
The lastest version of com.jaumo-1.apk is    Varies with device  
Done processing com.jaumo-1.apk
Time Spent:   0 Days 0 Hours 0 Minutes 21 Seconds

============================================================================
3/4 Starting processing com.timehop-1.apk ......
Getting apk info from https://play.google.com/store/apps/details?id=com.timehop ......
Success to get info from Play Store
The lastest version of com.timehop-1.apk is  3.3.6  
Done processing com.timehop-1.apk
Time Spent:   0 Days 0 Hours 0 Minutes 37 Seconds

============================================================================
4/4 Starting processing sixclk.newpiki-1.apk ......
Getting apk info from https://play.google.com/store/apps/details?id=sixclk.newpiki ......
Success to get info from Play Store
The lastest version of sixclk.newpiki-1.apk is  2.7.3  
Done processing sixclk.newpiki-1.apk
Time Spent:   0 Days 0 Hours 0 Minutes 47 Seconds

============================================================================


**************************************************************
All Done
Total Time:   0 Days 0 Hours 0 Minutes 47 Seconds
Result Location:               /home/Git-Apk/code_resource/script_hooks/scan_apk/scan_apk_version/results/AppInfo_2016-01-25-14-29-03.csv
**************************************************************
