Start processing app in list /home/Git-Apk/Updated_list from /home/Git-Apk/All_Apk  ......

============================================================================
1/23 Starting processing air.com.bitrhymes.bingo-1.apk ......
Getting apk info from https://play.google.com/store/apps/details?id=air.com.bitrhymes.bingo ......
Success to get info from Play Store
The lastest version of air.com.bitrhymes.bingo-1.apk is 
Done processing air.com.bitrhymes.bingo-1.apk
Time Spent:   0 Days 0 Hours 0 Minutes 3 Seconds

============================================================================
2/23 Starting processing air.com.sgn.cookiejam.gp-1.apk ......
Getting apk info from https://play.google.com/store/apps/details?id=air.com.sgn.cookiejam.gp ......
Success to get info from Play Store
The lastest version of air.com.sgn.cookiejam.gp-1.apk is 
Done processing air.com.sgn.cookiejam.gp-1.apk
Time Spent:   0 Days 0 Hours 0 Minutes 5 Seconds

============================================================================
3/23 Starting processing com.cardinalblue.piccollage.google-1.apk ......
Getting apk info from https://play.google.com/store/apps/details?id=com.cardinalblue.piccollage.google ......
Success to get info from Play Store
The lastest version of com.cardinalblue.piccollage.google-1.apk is    Varies with device  
Done processing com.cardinalblue.piccollage.google-1.apk
Time Spent:   0 Days 0 Hours 0 Minutes 9 Seconds

============================================================================
4/23 Starting processing com.disney.disneymoviesanywhere_goo-1.apk ......
Getting apk info from https://play.google.com/store/apps/details?id=com.disney.disneymoviesanywhere_goo ......
Success to get info from Play Store
The lastest version of com.disney.disneymoviesanywhere_goo-1.apk is    Varies with device  
Done processing com.disney.disneymoviesanywhere_goo-1.apk
Time Spent:   0 Days 0 Hours 0 Minutes 12 Seconds

============================================================================
5/23 Starting processing com.emoji.coolkeyboard-1.apk ......
Getting apk info from https://play.google.com/store/apps/details?id=com.emoji.coolkeyboard ......
Success to get info from Play Store
The lastest version of com.emoji.coolkeyboard-1.apk is    Varies with device  
Done processing com.emoji.coolkeyboard-1.apk
Time Spent:   0 Days 0 Hours 0 Minutes 14 Seconds

============================================================================
6/23 Starting processing com.emoji.keyboard.touchpal-1.apk ......
Getting apk info from https://play.google.com/store/apps/details?id=com.emoji.keyboard.touchpal ......
Success to get info from Play Store
The lastest version of com.emoji.keyboard.touchpal-1.apk is    Varies with device  
Done processing com.emoji.keyboard.touchpal-1.apk
Time Spent:   0 Days 0 Hours 0 Minutes 18 Seconds

============================================================================
7/23 Starting processing com.episodeinteractive.android.catalog-1.apk ......
Getting apk info from https://play.google.com/store/apps/details?id=com.episodeinteractive.android.catalog ......
Success to get info from Play Store
The lastest version of com.episodeinteractive.android.catalog-1.apk is    Varies with device  
Done processing com.episodeinteractive.android.catalog-1.apk
Time Spent:   0 Days 0 Hours 0 Minutes 29 Seconds

============================================================================
8/23 Starting processing com.fluik.OfficeJerkFree-1.apk ......
Getting apk info from https://play.google.com/store/apps/details?id=com.fluik.OfficeJerkFree ......
Success to get info from Play Store
The lastest version of com.fluik.OfficeJerkFree-1.apk is    Varies with device  
Done processing com.fluik.OfficeJerkFree-1.apk
Time Spent:   0 Days 0 Hours 0 Minutes 42 Seconds

============================================================================
9/23 Starting processing com.google.android.apps.inbox-1.apk ......
Getting apk info from https://play.google.com/store/apps/details?id=com.google.android.apps.inbox ......
Success to get info from Play Store
The lastest version of com.google.android.apps.inbox-1.apk is 
Done processing com.google.android.apps.inbox-1.apk
Time Spent:   0 Days 0 Hours 0 Minutes 54 Seconds

============================================================================
10/23 Starting processing com.jb.gosms-1.apk ......
Getting apk info from https://play.google.com/store/apps/details?id=com.jb.gosms ......
Success to get info from Play Store
The lastest version of com.jb.gosms-1.apk is    Varies with device  
Done processing com.jb.gosms-1.apk
Time Spent:   0 Days 0 Hours 0 Minutes 56 Seconds

============================================================================
11/23 Starting processing com.king.paradisebay-1.apk ......
Getting apk info from https://play.google.com/store/apps/details?id=com.king.paradisebay ......
Success to get info from Play Store
The lastest version of com.king.paradisebay-1.apk is 
Done processing com.king.paradisebay-1.apk
Time Spent:   0 Days 0 Hours 0 Minutes 59 Seconds

============================================================================
12/23 Starting processing com.ldw.virtualfamilies2-1.apk ......
Getting apk info from https://play.google.com/store/apps/details?id=com.ldw.virtualfamilies2 ......
Success to get info from Play Store
The lastest version of com.ldw.virtualfamilies2-1.apk is    Varies with device  
Done processing com.ldw.virtualfamilies2-1.apk
Time Spent:   0 Days 0 Hours 1 Minutes 1 Seconds

============================================================================
13/23 Starting processing com.midasplayer.apps.diamonddiggersaga-1.apk ......
Getting apk info from https://play.google.com/store/apps/details?id=com.midasplayer.apps.diamonddiggersaga ......
Success to get info from Play Store
The lastest version of com.midasplayer.apps.diamonddiggersaga-1.apk is 
Done processing com.midasplayer.apps.diamonddiggersaga-1.apk
Time Spent:   0 Days 0 Hours 1 Minutes 3 Seconds

============================================================================
14/23 Starting processing com.netflix.mediaclient-1.apk ......
Getting apk info from https://play.google.com/store/apps/details?id=com.netflix.mediaclient ......
Success to get info from Play Store
The lastest version of com.netflix.mediaclient-1.apk is    Varies with device  
Done processing com.netflix.mediaclient-1.apk
Time Spent:   0 Days 0 Hours 1 Minutes 5 Seconds

============================================================================
15/23 Starting processing com.path-1.apk ......
Getting apk info from https://play.google.com/store/apps/details?id=com.path ......
Success to get info from Play Store
The lastest version of com.path-1.apk is    Varies with device  
Done processing com.path-1.apk
Time Spent:   0 Days 0 Hours 1 Minutes 7 Seconds

============================================================================
16/23 Starting processing com.qihoo.security-1.apk ......
Getting apk info from https://play.google.com/store/apps/details?id=com.qihoo.security ......
Success to get info from Play Store
The lastest version of com.qihoo.security-1.apk is    Varies with device  
Done processing com.qihoo.security-1.apk
Time Spent:   0 Days 0 Hours 1 Minutes 9 Seconds

============================================================================
17/23 Starting processing com.sgiggle.production-1.apk ......
Getting apk info from https://play.google.com/store/apps/details?id=com.sgiggle.production ......
Success to get info from Play Store
The lastest version of com.sgiggle.production-1.apk is    Varies with device  
Done processing com.sgiggle.production-1.apk
Time Spent:   0 Days 0 Hours 1 Minutes 12 Seconds

============================================================================
18/23 Starting processing com.skype.raider-1.apk ......
Getting apk info from https://play.google.com/store/apps/details?id=com.skype.raider ......
Success to get info from Play Store
The lastest version of com.skype.raider-1.apk is    Varies with device  
Done processing com.skype.raider-1.apk
Time Spent:   0 Days 0 Hours 1 Minutes 14 Seconds

============================================================================
19/23 Starting processing com.snapchat.android-1.apk ......
Getting apk info from https://play.google.com/store/apps/details?id=com.snapchat.android ......
Success to get info from Play Store
The lastest version of com.snapchat.android-1.apk is    Varies with device  
Done processing com.snapchat.android-1.apk
Time Spent:   0 Days 0 Hours 1 Minutes 16 Seconds

============================================================================
20/23 Starting processing com.tencent.mm-1.apk ......
Getting apk info from https://play.google.com/store/apps/details?id=com.tencent.mm ......
Success to get info from Play Store
The lastest version of com.tencent.mm-1.apk is    Varies with device  
Done processing com.tencent.mm-1.apk
Time Spent:   0 Days 0 Hours 1 Minutes 18 Seconds

============================================================================
21/23 Starting processing com.wantu.activity-1.apk ......
Getting apk info from https://play.google.com/store/apps/details?id=com.wantu.activity ......
Success to get info from Play Store
The lastest version of com.wantu.activity-1.apk is    Varies with device  
Done processing com.wantu.activity-1.apk
Time Spent:   0 Days 0 Hours 1 Minutes 20 Seconds

============================================================================
22/23 Starting processing com.zynga.looney-1.apk ......
Getting apk info from https://play.google.com/store/apps/details?id=com.zynga.looney ......
Success to get info from Play Store
The lastest version of com.zynga.looney-1.apk is    Varies with device  
Done processing com.zynga.looney-1.apk
Time Spent:   0 Days 0 Hours 1 Minutes 33 Seconds

============================================================================
23/23 Starting processing com.zynga.wwf2.free-1.apk ......
Getting apk info from https://play.google.com/store/apps/details?id=com.zynga.wwf2.free ......
Success to get info from Play Store
The lastest version of com.zynga.wwf2.free-1.apk is    Varies with device  
Done processing com.zynga.wwf2.free-1.apk
Time Spent:   0 Days 0 Hours 1 Minutes 48 Seconds

============================================================================


**************************************************************
All Done
Total Time:   0 Days 0 Hours 1 Minutes 48 Seconds
Result Location:               /home/Git-Apk/code_resource/script_hooks/scan_apk/scan_apk_version/results/AppInfo_2016-02-14-14-28-14.csv
**************************************************************
