Start processing app in list /home/Git-Apk/Updated_list from /home/Git-Apk/All_Apk  ......

============================================================================
1/13 Starting processing air.FleeingtheComplex-1.apk ......
Getting apk info from https://play.google.com/store/apps/details?id=air.FleeingtheComplex ......
Success to get info from Play Store
The lastest version of air.FleeingtheComplex-1.apk is  1.0.2  
Done processing air.FleeingtheComplex-1.apk
Time Spent:   0 Days 0 Hours 0 Minutes 1 Seconds

============================================================================
2/13 Starting processing com.activision.boz-1.apk ......
Getting apk info from https://play.google.com/store/apps/details?id=com.activision.boz ......
Success to get info from Play Store
The lastest version of com.activision.boz-1.apk is  1.0.8  
Done processing com.activision.boz-1.apk
Time Spent:   0 Days 0 Hours 0 Minutes 4 Seconds

============================================================================
3/13 Starting processing com.crowdstar.covetfashion-1.apk ......
Getting apk info from https://play.google.com/store/apps/details?id=com.crowdstar.covetfashion ......
Success to get info from Play Store
The lastest version of com.crowdstar.covetfashion-1.apk is  2.21.47  
Done processing com.crowdstar.covetfashion-1.apk
Time Spent:   0 Days 0 Hours 0 Minutes 6 Seconds

============================================================================
4/13 Starting processing com.disney.thoughtbubbles_goo-1.apk ......
Getting apk info from https://play.google.com/store/apps/details?id=com.disney.thoughtbubbles_goo ......
Success to get info from Play Store
The lastest version of com.disney.thoughtbubbles_goo-1.apk is  1.8.1  
Done processing com.disney.thoughtbubbles_goo-1.apk
Time Spent:   0 Days 0 Hours 0 Minutes 8 Seconds

============================================================================
5/13 Starting processing com.ea.game.pvzfree_row-1.apk ......
Getting apk info from https://play.google.com/store/apps/details?id=com.ea.game.pvzfree_row ......
Success to get info from Play Store
The lastest version of com.ea.game.pvzfree_row-1.apk is  1.1.44  
Done processing com.ea.game.pvzfree_row-1.apk
Time Spent:   0 Days 0 Hours 0 Minutes 11 Seconds

============================================================================
6/13 Starting processing com.leftover.CoinDozer-1.apk ......
Getting apk info from https://play.google.com/store/apps/details?id=com.leftover.CoinDozer ......
Success to get info from Play Store
The lastest version of com.leftover.CoinDozer-1.apk is    Varies with device  
Done processing com.leftover.CoinDozer-1.apk
Time Spent:   0 Days 0 Hours 0 Minutes 13 Seconds

============================================================================
7/13 Starting processing com.matisinc.mbb1-1.apk ......
Getting apk info from https://play.google.com/store/apps/details?id=com.matisinc.mbb1 ......
Success to get info from Play Store
The lastest version of com.matisinc.mbb1-1.apk is  2.08  
Done processing com.matisinc.mbb1-1.apk
Time Spent:   0 Days 0 Hours 0 Minutes 15 Seconds

============================================================================
8/13 Starting processing com.roblox.client-1.apk ......
Getting apk info from https://play.google.com/store/apps/details?id=com.roblox.client ......
Success to get info from Play Store
The lastest version of com.roblox.client-1.apk is  2.228.68457  
Done processing com.roblox.client-1.apk
Time Spent:   0 Days 0 Hours 0 Minutes 18 Seconds

============================================================================
9/13 Starting processing com.skype.raider-1.apk ......
Getting apk info from https://play.google.com/store/apps/details?id=com.skype.raider ......
Success to get info from Play Store
The lastest version of com.skype.raider-1.apk is    Varies with device  
Done processing com.skype.raider-1.apk
Time Spent:   0 Days 0 Hours 0 Minutes 20 Seconds

============================================================================
10/13 Starting processing com.team17.flockers-1.apk ......
Getting apk info from https://play.google.com/store/apps/details?id=com.team17.flockers ......
Success to get info from Play Store
The lastest version of com.team17.flockers-1.apk is  1.999  
Done processing com.team17.flockers-1.apk
Time Spent:   0 Days 0 Hours 0 Minutes 24 Seconds

============================================================================
11/13 Starting processing com.threeminutegames.lifelinesilentnight.goog-1.apk ......
Getting apk info from https://play.google.com/store/apps/details?id=com.threeminutegames.lifelinesilentnight.goog ......
Success to get info from Play Store
The lastest version of com.threeminutegames.lifelinesilentnight.goog-1.apk is  1.1  
Done processing com.threeminutegames.lifelinesilentnight.goog-1.apk
Time Spent:   0 Days 0 Hours 0 Minutes 25 Seconds

============================================================================
12/13 Starting processing com.tribaloid.sfbtc-1.apk ......
Getting apk info from https://play.google.com/store/apps/details?id=com.tribaloid.sfbtc ......
Success to get info from Play Store
The lastest version of com.tribaloid.sfbtc-1.apk is  1.6.7  
Done processing com.tribaloid.sfbtc-1.apk
Time Spent:   0 Days 0 Hours 0 Minutes 28 Seconds

============================================================================
13/13 Starting processing emoji.keyboard.emoticonkeyboard-1.apk ......
Getting apk info from https://play.google.com/store/apps/details?id=emoji.keyboard.emoticonkeyboard ......
Success to get info from Play Store
The lastest version of emoji.keyboard.emoticonkeyboard-1.apk is  1.3.1.0  
Done processing emoji.keyboard.emoticonkeyboard-1.apk
Time Spent:   0 Days 0 Hours 0 Minutes 31 Seconds

============================================================================


**************************************************************
All Done
Total Time:   0 Days 0 Hours 0 Minutes 31 Seconds
Result Location:               /home/Git-Apk/code_resource/script_hooks/scan_apk/scan_apk_version/results/AppInfo_2016-02-02-23-26-59.csv
**************************************************************
