Start processing app in list /home/Git-Apk/Updated_list from /home/Git-Apk/All_Apk  ......

============================================================================
1/2 Starting processing com.brighthouse.whitetiles4And-1.apk ......
Getting apk info from https://play.google.com/store/apps/details?id=com.brighthouse.whitetiles4And ......
Success to get info from Play Store
The lastest version of com.brighthouse.whitetiles4And-1.apk is  4.67  
Done processing com.brighthouse.whitetiles4And-1.apk
Time Spent:   0 Days 0 Hours 0 Minutes 3 Seconds

============================================================================
2/2 Starting processing jp.gungho.padEN-1.apk ......
Getting apk info from https://play.google.com/store/apps/details?id=jp.gungho.padEN ......
Success to get info from Play Store
The lastest version of jp.gungho.padEN-1.apk is  8.5.3  
Done processing jp.gungho.padEN-1.apk
Time Spent:   0 Days 0 Hours 0 Minutes 5 Seconds

============================================================================


**************************************************************
All Done
Total Time:   0 Days 0 Hours 0 Minutes 5 Seconds
Result Location:               /home/Git-Apk/code_resource/script_hooks/scan_apk/scan_apk_version/results/AppInfo_2016-01-18-13-07-35.csv
**************************************************************
