Start processing app in list /home/Git-Apk/Updated_list from /home/Git-Apk/ARM-V8  ......

============================================================================
1/2 Starting processing com.natenai.glowhockey-1.apk ......
Getting apk info from https://play.google.com/store/apps/details?id=com.natenai.glowhockey ......
Success to get info from Play Store
The lastest version of com.natenai.glowhockey-1.apk is  1.2.19  
Done processing com.natenai.glowhockey-1.apk
Time Spent:   0 Days 0 Hours 0 Minutes 2 Seconds

============================================================================
2/2 Starting processing com.natenai.glowhockey2-1.apk ......
Getting apk info from https://play.google.com/store/apps/details?id=com.natenai.glowhockey2 ......
Success to get info from Play Store
The lastest version of com.natenai.glowhockey2-1.apk is  1.0.9  
Done processing com.natenai.glowhockey2-1.apk
Time Spent:   0 Days 0 Hours 0 Minutes 4 Seconds

============================================================================


**************************************************************
All Done
Total Time:   0 Days 0 Hours 0 Minutes 4 Seconds
Result Location:               /home/Git-Apk/code_resource/script_hooks/scan_apk/scan_apk_version/results/AppInfo_2016-02-02-11-44-33.csv
**************************************************************
