Start processing app in list /home/Git-Apk/Updated_list from /home/Git-Apk/All_Apk  ......

============================================================================
1/3 Starting processing com.fotoable.fotobeauty-1.apk ......
Getting apk info from https://play.google.com/store/apps/details?id=com.fotoable.fotobeauty ......
Success to get info from Play Store
The lastest version of com.fotoable.fotobeauty-1.apk is  3.9.4  
Done processing com.fotoable.fotobeauty-1.apk
Time Spent:   0 Days 0 Hours 0 Minutes 2 Seconds

============================================================================
2/3 Starting processing com.hola.launcher-1.apk ......
Getting apk info from https://play.google.com/store/apps/details?id=com.hola.launcher ......
Success to get info from Play Store
The lastest version of com.hola.launcher-1.apk is  2.1.6  
Done processing com.hola.launcher-1.apk
Time Spent:   0 Days 0 Hours 0 Minutes 5 Seconds

============================================================================
3/3 Starting processing com.playstudios.myvegas-1.apk ......
Getting apk info from https://play.google.com/store/apps/details?id=com.playstudios.myvegas ......
Success to get info from Play Store
The lastest version of com.playstudios.myvegas-1.apk is  1.27.0  
Done processing com.playstudios.myvegas-1.apk
Time Spent:   0 Days 0 Hours 0 Minutes 7 Seconds

============================================================================


**************************************************************
All Done
Total Time:   0 Days 0 Hours 0 Minutes 7 Seconds
Result Location:               /home/Git-Apk/code_resource/script_hooks/scan_apk/scan_apk_version/results/AppInfo_2016-03-07-01-20-55.csv
**************************************************************
