Start processing app in list /share/Git-Apk/Updated_list from /share/Git-Apk/All_Apk  ......

============================================================================
1/2 Starting processing com.ezone.TeamAwesome-1.apk ......
Getting apk info from https://play.google.com/store/apps/details?id=com.ezone.TeamAwesome ......
Success to get info from Play Store
The lastest version of com.ezone.TeamAwesome-1.apk is 1.0.2
Done processing com.ezone.TeamAwesome-1.apk
Time Spent:   0 Days 0 Hours 0 Minutes 2 Seconds

============================================================================
2/2 Starting processing com.flashpointgames.piratesshowdown-1.apk ......
Getting apk info from https://play.google.com/store/apps/details?id=com.flashpointgames.piratesshowdown ......
Success to get info from Play Store
The lastest version of com.flashpointgames.piratesshowdown-1.apk is 1.0.21
Done processing com.flashpointgames.piratesshowdown-1.apk
Time Spent:   0 Days 0 Hours 0 Minutes 3 Seconds

============================================================================


**************************************************************
All Done
Total Time:   0 Days 0 Hours 0 Minutes 3 Seconds
Result Location:               /srv/www/htdocs/CV2/app/admin/scan_apk_version//results/AppInfo_2012-12-28-15-18-18.csv
**************************************************************
