Start processing app in list /share/Git-Apk/Updated_list from /share/Git-Apk/All_Apk  ......

============================================================================
1/2 Starting processing com.PancakeApps.LieDetectorHD-1.apk ......
Getting apk info from https://play.google.com/store/apps/details?id=com.PancakeApps.LieDetectorHD ......
Success to get info from Play Store
The lastest version of com.PancakeApps.LieDetectorHD-1.apk is  1.0.3  
Done processing com.PancakeApps.LieDetectorHD-1.apk
Time Spent:   0 Days 0 Hours 0 Minutes 3 Seconds

============================================================================
2/2 Starting processing com.ansangha.drdriving-1.apk ......
Getting apk info from https://play.google.com/store/apps/details?id=com.ansangha.drdriving ......
Success to get info from Play Store
The lastest version of com.ansangha.drdriving-1.apk is  1.11  
Done processing com.ansangha.drdriving-1.apk
Time Spent:   0 Days 0 Hours 0 Minutes 6 Seconds

============================================================================


**************************************************************
All Done
Total Time:   0 Days 0 Hours 0 Minutes 6 Seconds
Result Location:               /srv/www/htdocs/CV2/app/admin/scan_apk_version//results/AppInfo_2013-08-14-14-30-01.csv
**************************************************************
