Start processing app in list /share/Git-Apk/Updated_list from /share/Git-Apk/All_Apk  ......

============================================================================
1/13 Starting processing com.com2us.HB3D-1.apk ......
Getting apk info from https://play.google.com/store/apps/details?id=com.com2us.HB3D ......
Success to get info from Play Store
The lastest version of com.com2us.HB3D-1.apk is 
Done processing com.com2us.HB3D-1.apk
Time Spent:   0 Days 0 Hours 1 Minutes 3 Seconds

============================================================================
2/13 Starting processing com.gameloft.android.ANMP.GloftIAHM-1.apk ......
Getting apk info from https://play.google.com/store/apps/details?id=com.gameloft.android.ANMP.GloftIAHM ......
Success to get info from Play Store
The lastest version of com.gameloft.android.ANMP.GloftIAHM-1.apk is  2.2.0  
Done processing com.gameloft.android.ANMP.GloftIAHM-1.apk
Time Spent:   0 Days 0 Hours 1 Minutes 8 Seconds

============================================================================
3/13 Starting processing com.gameloft.android.ANMP.GloftIMHM-1.apk ......
Getting apk info from https://play.google.com/store/apps/details?id=com.gameloft.android.ANMP.GloftIMHM ......
Success to get info from Play Store
The lastest version of com.gameloft.android.ANMP.GloftIMHM-1.apk is  1.5.0l  
Done processing com.gameloft.android.ANMP.GloftIMHM-1.apk
Time Spent:   0 Days 0 Hours 1 Minutes 12 Seconds

============================================================================
4/13 Starting processing com.kii.safe-1.apk ......
Getting apk info from https://play.google.com/store/apps/details?id=com.kii.safe ......
Success to get info from Play Store
The lastest version of com.kii.safe-1.apk is    Varies with device  
Done processing com.kii.safe-1.apk
Time Spent:   0 Days 0 Hours 1 Minutes 15 Seconds

============================================================================
5/13 Starting processing com.kiloo.subwaysurf-1.apk ......
Getting apk info from https://play.google.com/store/apps/details?id=com.kiloo.subwaysurf ......
Success to get info from Play Store
The lastest version of com.kiloo.subwaysurf-1.apk is  1.16.1  
Done processing com.kiloo.subwaysurf-1.apk
Time Spent:   0 Days 0 Hours 1 Minutes 19 Seconds

============================================================================
6/13 Starting processing com.ludia.jurassicpark-1.apk ......
Getting apk info from https://play.google.com/store/apps/details?id=com.ludia.jurassicpark ......
Success to get info from Play Store
The lastest version of com.ludia.jurassicpark-1.apk is  4.0.9  
Done processing com.ludia.jurassicpark-1.apk
Time Spent:   0 Days 0 Hours 1 Minutes 23 Seconds

============================================================================
7/13 Starting processing com.nubee.valkyriecrusade-1.apk ......
Getting apk info from https://play.google.com/store/apps/details?id=com.nubee.valkyriecrusade ......
Success to get info from Play Store
The lastest version of com.nubee.valkyriecrusade-1.apk is  2.0.1  
Done processing com.nubee.valkyriecrusade-1.apk
Time Spent:   0 Days 0 Hours 1 Minutes 27 Seconds

============================================================================
8/13 Starting processing com.skype.raider-1.apk ......
Getting apk info from https://play.google.com/store/apps/details?id=com.skype.raider ......
Success to get info from Play Store
The lastest version of com.skype.raider-1.apk is    Varies with device  
Done processing com.skype.raider-1.apk
Time Spent:   0 Days 0 Hours 1 Minutes 30 Seconds

============================================================================
9/13 Starting processing com.williamsinteractive.jackpotparty-1.apk ......
Getting apk info from https://play.google.com/store/apps/details?id=com.williamsinteractive.jackpotparty ......
Success to get info from Play Store
The lastest version of com.williamsinteractive.jackpotparty-1.apk is  1.18  
Done processing com.williamsinteractive.jackpotparty-1.apk
Time Spent:   0 Days 0 Hours 1 Minutes 34 Seconds

============================================================================
10/13 Starting processing eu.namcobandaigames.tekkencard-1.apk ......
Getting apk info from https://play.google.com/store/apps/details?id=eu.namcobandaigames.tekkencard ......
Success to get info from Play Store
The lastest version of eu.namcobandaigames.tekkencard-1.apk is  1.764  
Done processing eu.namcobandaigames.tekkencard-1.apk
Time Spent:   0 Days 0 Hours 1 Minutes 38 Seconds

============================================================================
11/13 Starting processing jp.co.applibot.legend.android-1.apk ......
Getting apk info from https://play.google.com/store/apps/details?id=jp.co.applibot.legend.android ......
Success to get info from Play Store
The lastest version of jp.co.applibot.legend.android-1.apk is  6.4  
Done processing jp.co.applibot.legend.android-1.apk
Time Spent:   0 Days 0 Hours 1 Minutes 41 Seconds

============================================================================
12/13 Starting processing jp.naver.line.android-1.apk ......
Getting apk info from https://play.google.com/store/apps/details?id=jp.naver.line.android ......
Success to get info from Play Store
The lastest version of jp.naver.line.android-1.apk is  3.10.1  
Done processing jp.naver.line.android-1.apk
Time Spent:   0 Days 0 Hours 1 Minutes 45 Seconds

============================================================================
13/13 Starting processing ru.mail.games.android.JungleHeat-1.apk ......
Getting apk info from https://play.google.com/store/apps/details?id=ru.mail.games.android.JungleHeat ......
Success to get info from Play Store
The lastest version of ru.mail.games.android.JungleHeat-1.apk is  1.4.2  
Done processing ru.mail.games.android.JungleHeat-1.apk
Time Spent:   0 Days 0 Hours 1 Minutes 49 Seconds

============================================================================


**************************************************************
All Done
Total Time:   0 Days 0 Hours 1 Minutes 49 Seconds
Result Location:               /srv/www/htdocs/CV2/app/admin/scan_apk_version//results/AppInfo_2013-12-31-14-31-43.csv
**************************************************************
