Start processing app in list /share/Git-Apk/Updated_list from /share/Git-Apk/All_Apk  ......

============================================================================
1/18 Starting processing com.chocoho.spunk-1.apk ......
Getting apk info from https://play.google.com/store/apps/details?id=com.chocoho.spunk ......
Success to get info from Play Store
The lastest version of com.chocoho.spunk-1.apk is  1.2  
Done processing com.chocoho.spunk-1.apk
Time Spent:   0 Days 0 Hours 0 Minutes 4 Seconds

============================================================================
2/18 Starting processing com.disney.MonstersUniversity.goo-1.apk ......
Getting apk info from https://play.google.com/store/apps/details?id=com.disney.MonstersUniversity.goo ......
Success to get info from Play Store
The lastest version of com.disney.MonstersUniversity.goo-1.apk is  1.0.0  
Done processing com.disney.MonstersUniversity.goo-1.apk
Time Spent:   0 Days 0 Hours 0 Minutes 10 Seconds

============================================================================
3/18 Starting processing com.disney.wheresmymickey_goo-1.apk ......
Getting apk info from https://play.google.com/store/apps/details?id=com.disney.wheresmymickey_goo ......
Success to get info from Play Store
The lastest version of com.disney.wheresmymickey_goo-1.apk is  1.0.2  
Done processing com.disney.wheresmymickey_goo-1.apk
Time Spent:   0 Days 0 Hours 0 Minutes 17 Seconds

============================================================================
4/18 Starting processing com.fallentreegames.google.quellmemento-1.apk ......
Getting apk info from https://play.google.com/store/apps/details?id=com.fallentreegames.google.quellmemento ......
Success to get info from Play Store
The lastest version of com.fallentreegames.google.quellmemento-1.apk is  1.02  
Done processing com.fallentreegames.google.quellmemento-1.apk
Time Spent:   0 Days 0 Hours 0 Minutes 21 Seconds

============================================================================
5/18 Starting processing com.fds.infiniteflight-1.apk ......
Getting apk info from https://play.google.com/store/apps/details?id=com.fds.infiniteflight ......
Success to get info from Play Store
The lastest version of com.fds.infiniteflight-1.apk is  1.0  
Done processing com.fds.infiniteflight-1.apk
Time Spent:   0 Days 0 Hours 0 Minutes 25 Seconds

============================================================================
6/18 Starting processing com.forever.iesabel-1.apk ......
Getting apk info from https://play.google.com/store/apps/details?id=com.forever.iesabel ......
Success to get info from Play Store
The lastest version of com.forever.iesabel-1.apk is  1.099  
Done processing com.forever.iesabel-1.apk
Time Spent:   0 Days 0 Hours 0 Minutes 30 Seconds

============================================================================
7/18 Starting processing com.gameloft.android.ANMP.GloftGGHM-1.apk ......
Getting apk info from https://play.google.com/store/apps/details?id=com.gameloft.android.ANMP.GloftGGHM ......
Success to get info from Play Store
The lastest version of com.gameloft.android.ANMP.GloftGGHM-1.apk is  1.0.0  
Done processing com.gameloft.android.ANMP.GloftGGHM-1.apk
Time Spent:   0 Days 0 Hours 0 Minutes 35 Seconds

============================================================================
8/18 Starting processing com.mediocre.sprinkle2-1.apk ......
Getting apk info from https://play.google.com/store/apps/details?id=com.mediocre.sprinkle2 ......
Success to get info from Play Store
The lastest version of com.mediocre.sprinkle2-1.apk is  1.0.0  
Done processing com.mediocre.sprinkle2-1.apk
Time Spent:   0 Days 0 Hours 0 Minutes 40 Seconds

============================================================================
9/18 Starting processing com.noodlecake.QWOP-1.apk ......
Getting apk info from https://play.google.com/store/apps/details?id=com.noodlecake.QWOP ......
Success to get info from Play Store
The lastest version of com.noodlecake.QWOP-1.apk is  1.0.2  
Done processing com.noodlecake.QWOP-1.apk
Time Spent:   0 Days 0 Hours 0 Minutes 45 Seconds

============================================================================
10/18 Starting processing com.playfirst.playground.cookingdashdeluxe-1.apk ......
Getting apk info from https://play.google.com/store/apps/details?id=com.playfirst.playground.cookingdashdeluxe ......
Success to get info from Play Store
The lastest version of com.playfirst.playground.cookingdashdeluxe-1.apk is  2.22.12  
Done processing com.playfirst.playground.cookingdashdeluxe-1.apk
Time Spent:   0 Days 0 Hours 0 Minutes 49 Seconds

============================================================================
11/18 Starting processing com.radiangames.crush-1.apk ......
Getting apk info from https://play.google.com/store/apps/details?id=com.radiangames.crush ......
Success to get info from Play Store
The lastest version of com.radiangames.crush-1.apk is  1.05  
Done processing com.radiangames.crush-1.apk
Time Spent:   0 Days 0 Hours 0 Minutes 54 Seconds

============================================================================
12/18 Starting processing com.radiangames.fireball-1.apk ......
Getting apk info from https://play.google.com/store/apps/details?id=com.radiangames.fireball ......
Success to get info from Play Store
The lastest version of com.radiangames.fireball-1.apk is  1.02  
Done processing com.radiangames.fireball-1.apk
Time Spent:   0 Days 0 Hours 0 Minutes 58 Seconds

============================================================================
13/18 Starting processing com.roviostars.tinythief-1.apk ......
Getting apk info from https://play.google.com/store/apps/details?id=com.roviostars.tinythief ......
Success to get info from Play Store
The lastest version of com.roviostars.tinythief-1.apk is  1.0.0  
Done processing com.roviostars.tinythief-1.apk
Time Spent:   0 Days 0 Hours 1 Minutes 2 Seconds

============================================================================
14/18 Starting processing com.semisecretsoftware.Hundreds-1.apk ......
Getting apk info from https://play.google.com/store/apps/details?id=com.semisecretsoftware.Hundreds ......
Success to get info from Play Store
The lastest version of com.semisecretsoftware.Hundreds-1.apk is  1.2.4  
Done processing com.semisecretsoftware.Hundreds-1.apk
Time Spent:   0 Days 0 Hours 1 Minutes 5 Seconds

============================================================================
15/18 Starting processing com.tfoundry.attevents-1.apk ......
Getting apk info from https://play.google.com/store/apps/details?id=com.tfoundry.attevents ......
Success to get info from Play Store
The lastest version of com.tfoundry.attevents-1.apk is  4.1  
Done processing com.tfoundry.attevents-1.apk
Time Spent:   0 Days 0 Hours 1 Minutes 10 Seconds

============================================================================
16/18 Starting processing com.thegamebakers.combocrew-1.apk ......
Getting apk info from https://play.google.com/store/apps/details?id=com.thegamebakers.combocrew ......
Success to get info from Play Store
The lastest version of com.thegamebakers.combocrew-1.apk is  1.1.0  
Done processing com.thegamebakers.combocrew-1.apk
Time Spent:   0 Days 0 Hours 1 Minutes 14 Seconds

============================================================================
17/18 Starting processing com.ubisoft.mightandmagic.clashofheroes-1.apk ......
Getting apk info from https://play.google.com/store/apps/details?id=com.ubisoft.mightandmagic.clashofheroes ......
Success to get info from Play Store
The lastest version of com.ubisoft.mightandmagic.clashofheroes-1.apk is  1.1  
Done processing com.ubisoft.mightandmagic.clashofheroes-1.apk
Time Spent:   0 Days 0 Hours 1 Minutes 19 Seconds

============================================================================
18/18 Starting processing com.zynga.draw2.googleplay.paid-1.apk ......
Getting apk info from https://play.google.com/store/apps/details?id=com.zynga.draw2.googleplay.paid ......
Success to get info from Play Store
The lastest version of com.zynga.draw2.googleplay.paid-1.apk is  1.1.3  
Done processing com.zynga.draw2.googleplay.paid-1.apk
Time Spent:   0 Days 0 Hours 1 Minutes 26 Seconds

============================================================================


**************************************************************
All Done
Total Time:   0 Days 0 Hours 1 Minutes 26 Seconds
Result Location:               /srv/www/htdocs/CV2/app/admin/scan_apk_version//results/AppInfo_2013-07-24-10-30-28.csv
**************************************************************
