Start processing app in list /share/Git-Apk/Updated_list from /share/Git-Apk/All_Apk  ......

============================================================================
1/37 Starting processing com.Doyodo.Moorhuhn-1.apk ......
Getting apk info from https://play.google.com/store/apps/details?id=com.Doyodo.Moorhuhn ......
Success to get info from Play Store
The lastest version of com.Doyodo.Moorhuhn-1.apk is 2.3.1
Done processing com.Doyodo.Moorhuhn-1.apk
Time Spent:   0 Days 0 Hours 0 Minutes 2 Seconds

============================================================================
2/37 Starting processing com.SemanticNotion.NewsAFLFantasy2013-1.apk ......
Getting apk info from https://play.google.com/store/apps/details?id=com.SemanticNotion.NewsAFLFantasy2013 ......
Success to get info from Play Store
The lastest version of com.SemanticNotion.NewsAFLFantasy2013-1.apk is 1.0.1
Done processing com.SemanticNotion.NewsAFLFantasy2013-1.apk
Time Spent:   0 Days 0 Hours 0 Minutes 3 Seconds

============================================================================
3/37 Starting processing com.SemanticNotion.NewsNRLFantasy2013-1.apk ......
Getting apk info from https://play.google.com/store/apps/details?id=com.SemanticNotion.NewsNRLFantasy2013 ......
Success to get info from Play Store
The lastest version of com.SemanticNotion.NewsNRLFantasy2013-1.apk is 1.0.1
Done processing com.SemanticNotion.NewsNRLFantasy2013-1.apk
Time Spent:   0 Days 0 Hours 0 Minutes 5 Seconds

============================================================================
4/37 Starting processing com.anakardo.resuelvetriviados-1.apk ......
Getting apk info from https://play.google.com/store/apps/details?id=com.anakardo.resuelvetriviados ......
Success to get info from Play Store
The lastest version of com.anakardo.resuelvetriviados-1.apk is 1.4
Done processing com.anakardo.resuelvetriviados-1.apk
Time Spent:   0 Days 0 Hours 0 Minutes 6 Seconds

============================================================================
5/37 Starting processing com.anndconsulting.dealnodealpro-1.apk ......
Getting apk info from https://play.google.com/store/apps/details?id=com.anndconsulting.dealnodealpro ......
Success to get info from Play Store
The lastest version of com.anndconsulting.dealnodealpro-1.apk is 1.2
Done processing com.anndconsulting.dealnodealpro-1.apk
Time Spent:   0 Days 0 Hours 0 Minutes 8 Seconds

============================================================================
6/37 Starting processing com.bakno.MotorbikeHD-1.apk ......
Getting apk info from https://play.google.com/store/apps/details?id=com.bakno.MotorbikeHD ......
Success to get info from Play Store
The lastest version of com.bakno.MotorbikeHD-1.apk is 5.2.4
Done processing com.bakno.MotorbikeHD-1.apk
Time Spent:   0 Days 0 Hours 0 Minutes 10 Seconds

============================================================================
7/37 Starting processing com.bdc.nh-1.apk ......
Getting apk info from https://play.google.com/store/apps/details?id=com.bdc.nh ......
Success to get info from Play Store
The lastest version of com.bdc.nh-1.apk is 2.05
Done processing com.bdc.nh-1.apk
Time Spent:   0 Days 0 Hours 0 Minutes 11 Seconds

============================================================================
8/37 Starting processing com.brainet.games.scopa-1.apk ......
Getting apk info from https://play.google.com/store/apps/details?id=com.brainet.games.scopa ......
Success to get info from Play Store
The lastest version of com.brainet.games.scopa-1.apk is 2.4.7
Done processing com.brainet.games.scopa-1.apk
Time Spent:   0 Days 0 Hours 0 Minutes 13 Seconds

============================================================================
9/37 Starting processing com.code4mobile.android.weedfarmer-1.apk ......
Getting apk info from https://play.google.com/store/apps/details?id=com.code4mobile.android.weedfarmer ......
Success to get info from Play Store
The lastest version of com.code4mobile.android.weedfarmer-1.apk is 1.5
Done processing com.code4mobile.android.weedfarmer-1.apk
Time Spent:   0 Days 0 Hours 0 Minutes 15 Seconds

============================================================================
10/37 Starting processing com.cowlab.games.tresette-1.apk ......
Getting apk info from https://play.google.com/store/apps/details?id=com.cowlab.games.tresette ......
Success to get info from Play Store
The lastest version of com.cowlab.games.tresette-1.apk is 1.1.13
Done processing com.cowlab.games.tresette-1.apk
Time Spent:   0 Days 0 Hours 0 Minutes 18 Seconds

============================================================================
11/37 Starting processing com.eightyeightgames.tenmillion-1.apk ......
Getting apk info from https://play.google.com/store/apps/details?id=com.eightyeightgames.tenmillion ......
Success to get info from Play Store
The lastest version of com.eightyeightgames.tenmillion-1.apk is 1.2.47
Done processing com.eightyeightgames.tenmillion-1.apk
Time Spent:   0 Days 0 Hours 0 Minutes 20 Seconds

============================================================================
12/37 Starting processing com.hbwares.wordfeud.full-1.apk ......
Getting apk info from https://play.google.com/store/apps/details?id=com.hbwares.wordfeud.full ......
Success to get info from Play Store
The lastest version of com.hbwares.wordfeud.full-1.apk is 2.3.2
Done processing com.hbwares.wordfeud.full-1.apk
Time Spent:   0 Days 0 Hours 0 Minutes 23 Seconds

============================================================================
13/37 Starting processing com.iasolution.games.kysp.international-1.apk ......
Getting apk info from https://play.google.com/store/apps/details?id=com.iasolution.games.kysp.international ......
Success to get info from Play Store
The lastest version of com.iasolution.games.kysp.international-1.apk is 1.2.1
Done processing com.iasolution.games.kysp.international-1.apk
Time Spent:   0 Days 0 Hours 0 Minutes 25 Seconds

============================================================================
14/37 Starting processing com.knipsoft.klaverjassen-1.apk ......
Getting apk info from https://play.google.com/store/apps/details?id=com.knipsoft.klaverjassen ......
Success to get info from Play Store
The lastest version of com.knipsoft.klaverjassen-1.apk is 3.02
Done processing com.knipsoft.klaverjassen-1.apk
Time Spent:   0 Days 0 Hours 0 Minutes 28 Seconds

============================================================================
15/37 Starting processing com.newstargames.newstarsoccer-1.apk ......
Getting apk info from https://play.google.com/store/apps/details?id=com.newstargames.newstarsoccer ......
Success to get info from Play Store
The lastest version of com.newstargames.newstarsoccer-1.apk is 1.19
Done processing com.newstargames.newstarsoccer-1.apk
Time Spent:   0 Days 0 Hours 0 Minutes 30 Seconds

============================================================================
16/37 Starting processing com.realarcade.SSH-1.apk ......
Getting apk info from https://play.google.com/store/apps/details?id=com.realarcade.SSH ......
Success to get info from Play Store
The lastest version of com.realarcade.SSH-1.apk is Varies with device
Done processing com.realarcade.SSH-1.apk
Time Spent:   0 Days 0 Hours 0 Minutes 32 Seconds

============================================================================
17/37 Starting processing com.scoompa.ruzzleassist.full-1.apk ......
Getting apk info from https://play.google.com/store/apps/details?id=com.scoompa.ruzzleassist.full ......
Success to get info from Play Store
The lastest version of com.scoompa.ruzzleassist.full-1.apk is 4.9
Done processing com.scoompa.ruzzleassist.full-1.apk
Time Spent:   0 Days 0 Hours 0 Minutes 36 Seconds

============================================================================
18/37 Starting processing com.uppercut_games.epoch-1.apk ......
Getting apk info from https://play.google.com/store/apps/details?id=com.uppercut_games.epoch ......
Success to get info from Play Store
The lastest version of com.uppercut_games.epoch-1.apk is 1.4.4
Done processing com.uppercut_games.epoch-1.apk
Time Spent:   0 Days 0 Hours 0 Minutes 39 Seconds

============================================================================
19/37 Starting processing com.vividgames.skijumping2012-1.apk ......
Getting apk info from https://play.google.com/store/apps/details?id=com.vividgames.skijumping2012 ......
Success to get info from Play Store
The lastest version of com.vividgames.skijumping2012-1.apk is 1.3.1
Done processing com.vividgames.skijumping2012-1.apk
Time Spent:   0 Days 0 Hours 0 Minutes 42 Seconds

============================================================================
20/37 Starting processing com.vividgames.speedwaygp2013-1.apk ......
Getting apk info from https://play.google.com/store/apps/details?id=com.vividgames.speedwaygp2013 ......
Success to get info from Play Store
The lastest version of com.vividgames.speedwaygp2013-1.apk is 1.1.1
Done processing com.vividgames.speedwaygp2013-1.apk
Time Spent:   0 Days 0 Hours 0 Minutes 45 Seconds

============================================================================
21/37 Starting processing com.wordpress.musdroid-1.apk ......
Getting apk info from https://play.google.com/store/apps/details?id=com.wordpress.musdroid ......
Success to get info from Play Store
The lastest version of com.wordpress.musdroid-1.apk is 2.1
Done processing com.wordpress.musdroid-1.apk
Time Spent:   0 Days 0 Hours 0 Minutes 47 Seconds

============================================================================
22/37 Starting processing com.worms2armageddon.app-1.apk ......
Getting apk info from https://play.google.com/store/apps/details?id=com.worms2armageddon.app ......
Success to get info from Play Store
The lastest version of com.worms2armageddon.app-1.apk is 1.3.5
Done processing com.worms2armageddon.app-1.apk
Time Spent:   0 Days 0 Hours 0 Minutes 50 Seconds

============================================================================
23/37 Starting processing com.zeptolab.monsters.paid.google-1.apk ......
Getting apk info from https://play.google.com/store/apps/details?id=com.zeptolab.monsters.paid.google ......
Success to get info from Play Store
The lastest version of com.zeptolab.monsters.paid.google-1.apk is Varies with device
Done processing com.zeptolab.monsters.paid.google-1.apk
Time Spent:   0 Days 0 Hours 0 Minutes 53 Seconds

============================================================================
24/37 Starting processing dk.logisoft.aircontrolhdfull-1.apk ......
Getting apk info from https://play.google.com/store/apps/details?id=dk.logisoft.aircontrolhdfull ......
Success to get info from Play Store
The lastest version of dk.logisoft.aircontrolhdfull-1.apk is 3.28
Done processing dk.logisoft.aircontrolhdfull-1.apk
Time Spent:   0 Days 0 Hours 0 Minutes 56 Seconds

============================================================================
25/37 Starting processing it.paranoidandroid.crucidroid-1.apk ......
Getting apk info from https://play.google.com/store/apps/details?id=it.paranoidandroid.crucidroid ......
Success to get info from Play Store
The lastest version of it.paranoidandroid.crucidroid-1.apk is 1.0.3
Done processing it.paranoidandroid.crucidroid-1.apk
Time Spent:   0 Days 0 Hours 0 Minutes 59 Seconds

============================================================================
26/37 Starting processing jp.alphanuts.des3dxsp-1.apk ......
Getting apk info from https://play.google.com/store/apps/details?id=jp.alphanuts.des3dxsp ......
Success to get info from Play Store
The lastest version of jp.alphanuts.des3dxsp-1.apk is 2.4
Done processing jp.alphanuts.des3dxsp-1.apk
Time Spent:   0 Days 0 Hours 1 Minutes 1 Seconds

============================================================================
27/37 Starting processing jp.kiteretsu.zookeeper_dx-1.apk ......
Getting apk info from https://play.google.com/store/apps/details?id=jp.kiteretsu.zookeeper_dx ......
Success to get info from Play Store
The lastest version of jp.kiteretsu.zookeeper_dx-1.apk is 1.2.6
Done processing jp.kiteretsu.zookeeper_dx-1.apk
Time Spent:   0 Days 0 Hours 1 Minutes 4 Seconds

============================================================================
28/37 Starting processing jp.mapp.yusha9-1.apk ......
Getting apk info from https://play.google.com/store/apps/details?id=jp.mapp.yusha9 ......
Success to get info from Play Store
The lastest version of jp.mapp.yusha9-1.apk is 1.2
Done processing jp.mapp.yusha9-1.apk
Time Spent:   0 Days 0 Hours 1 Minutes 6 Seconds

============================================================================
29/37 Starting processing ltd.pte.wavea.thefiancee-1.apk ......
Getting apk info from https://play.google.com/store/apps/details?id=ltd.pte.wavea.thefiancee ......
Success to get info from Play Store
The lastest version of ltd.pte.wavea.thefiancee-1.apk is 1.0
Done processing ltd.pte.wavea.thefiancee-1.apk
Time Spent:   0 Days 0 Hours 1 Minutes 8 Seconds

============================================================================
30/37 Starting processing ltd.pte.wavea.theholygrail-1.apk ......
Getting apk info from https://play.google.com/store/apps/details?id=ltd.pte.wavea.theholygrail ......
Success to get info from Play Store
The lastest version of ltd.pte.wavea.theholygrail-1.apk is 1.0
Done processing ltd.pte.wavea.theholygrail-1.apk
Time Spent:   0 Days 0 Hours 1 Minutes 11 Seconds

============================================================================
31/37 Starting processing net.iasolution.games.kysp2.zhtw.googleplay.paid-1.apk ......
Getting apk info from https://play.google.com/store/apps/details?id=net.iasolution.games.kysp2.zhtw.googleplay.paid ......
Success to get info from Play Store
The lastest version of net.iasolution.games.kysp2.zhtw.googleplay.paid-1.apk is 1.0.6
Done processing net.iasolution.games.kysp2.zhtw.googleplay.paid-1.apk
Time Spent:   0 Days 0 Hours 1 Minutes 14 Seconds

============================================================================
32/37 Starting processing net.kairosoft.android.bouken_ja-1.apk ......
Getting apk info from https://play.google.com/store/apps/details?id=net.kairosoft.android.bouken_ja ......
Success to get info from Play Store
The lastest version of net.kairosoft.android.bouken_ja-1.apk is 1.0.7
Done processing net.kairosoft.android.bouken_ja-1.apk
Time Spent:   0 Days 0 Hours 1 Minutes 16 Seconds

============================================================================
33/37 Starting processing net.kairosoft.android.gamedev3-1.apk ......
Getting apk info from https://play.google.com/store/apps/details?id=net.kairosoft.android.gamedev3 ......
Success to get info from Play Store
The lastest version of net.kairosoft.android.gamedev3-1.apk is 1.1.2
Done processing net.kairosoft.android.gamedev3-1.apk
Time Spent:   0 Days 0 Hours 1 Minutes 19 Seconds

============================================================================
34/37 Starting processing net.kairosoft.android.horse_ja-1.apk ......
Getting apk info from https://play.google.com/store/apps/details?id=net.kairosoft.android.horse_ja ......
Success to get info from Play Store
The lastest version of net.kairosoft.android.horse_ja-1.apk is 1.0.5
Done processing net.kairosoft.android.horse_ja-1.apk
Time Spent:   0 Days 0 Hours 1 Minutes 22 Seconds

============================================================================
35/37 Starting processing net.kairosoft.android.ninja_en-1.apk ......
Getting apk info from https://play.google.com/store/apps/details?id=net.kairosoft.android.ninja_en ......
Success to get info from Play Store
The lastest version of net.kairosoft.android.ninja_en-1.apk is 1.0.4
Done processing net.kairosoft.android.ninja_en-1.apk
Time Spent:   0 Days 0 Hours 1 Minutes 25 Seconds

============================================================================
36/37 Starting processing net.kairosoft.android.ninja_ja-1.apk ......
Getting apk info from https://play.google.com/store/apps/details?id=net.kairosoft.android.ninja_ja ......
Success to get info from Play Store
The lastest version of net.kairosoft.android.ninja_ja-1.apk is 1.0.4
Done processing net.kairosoft.android.ninja_ja-1.apk
Time Spent:   0 Days 0 Hours 1 Minutes 27 Seconds

============================================================================
37/37 Starting processing nz.co.rumbl.driftkhana-1.apk ......
Getting apk info from https://play.google.com/store/apps/details?id=nz.co.rumbl.driftkhana ......
Success to get info from Play Store
The lastest version of nz.co.rumbl.driftkhana-1.apk is 1.1
Done processing nz.co.rumbl.driftkhana-1.apk
Time Spent:   0 Days 0 Hours 1 Minutes 30 Seconds

============================================================================


**************************************************************
All Done
Total Time:   0 Days 0 Hours 1 Minutes 30 Seconds
Result Location:               /srv/www/htdocs/CV2/app/admin/scan_apk_version//results/AppInfo_2013-05-31-14-41-19.csv
**************************************************************
