Start processing app in list /share/Git-Apk/Updated_list from /share/Git-Apk/All_Apk  ......

============================================================================
1/5 Starting processing com.android.vending-1.apk ......
Getting apk info from https://play.google.com/store/apps/details?id=com.android.vending ......
[ERROR] : Cannot find info of com.android.vending-1.apk on https://play.google.com/store/apps/details?id=com.android.vending !!!
Done processing com.android.vending-1.apk
Time Spent:   0 Days 0 Hours 0 Minutes 1 Seconds

============================================================================
2/5 Starting processing com.darkrebirth-1.apk ......
Getting apk info from https://play.google.com/store/apps/details?id=com.darkrebirth ......
Success to get info from Play Store
The lastest version of com.darkrebirth-1.apk is  1.01.03  
Done processing com.darkrebirth-1.apk
Time Spent:   0 Days 0 Hours 0 Minutes 5 Seconds

============================================================================
3/5 Starting processing com.kiwi.shipwrecked-1.apk ......
Getting apk info from https://play.google.com/store/apps/details?id=com.kiwi.shipwrecked ......
Success to get info from Play Store
The lastest version of com.kiwi.shipwrecked-1.apk is  2.1.9  
Done processing com.kiwi.shipwrecked-1.apk
Time Spent:   0 Days 0 Hours 0 Minutes 8 Seconds

============================================================================
4/5 Starting processing com.naquatic.guncraft-1.apk ......
Getting apk info from https://play.google.com/store/apps/details?id=com.naquatic.guncraft ......
Success to get info from Play Store
The lastest version of com.naquatic.guncraft-1.apk is  1.3  
Done processing com.naquatic.guncraft-1.apk
Time Spent:   0 Days 0 Hours 0 Minutes 11 Seconds

============================================================================
5/5 Starting processing com.pikpok.rua2-1.apk ......
Getting apk info from https://play.google.com/store/apps/details?id=com.pikpok.rua2 ......
Success to get info from Play Store
The lastest version of com.pikpok.rua2-1.apk is  1.1.2  
Done processing com.pikpok.rua2-1.apk
Time Spent:   0 Days 0 Hours 0 Minutes 14 Seconds

============================================================================


**************************************************************
All Done
Total Time:   0 Days 0 Hours 0 Minutes 14 Seconds
Result Location:               /srv/www/htdocs/CV2/app/admin/scan_apk_version//results/AppInfo_2013-08-14-12-24-45.csv
**************************************************************
