Start processing app in list /share/Git-Apk/Updated_list from /share/Git-Apk/All_Apk  ......

============================================================================
1/4 Starting processing com.CatfishBlues.Hyperwave-1.apk ......
Getting apk info from https://play.google.com/store/apps/details?id=com.CatfishBlues.Hyperwave ......
Success to get info from Play Store
The lastest version of com.CatfishBlues.Hyperwave-1.apk is 1.0.7
Done processing com.CatfishBlues.Hyperwave-1.apk
Time Spent:   0 Days 0 Hours 0 Minutes 2 Seconds

============================================================================
2/4 Starting processing com.clapfootgames.sectorstrike-1.apk ......
Getting apk info from https://play.google.com/store/apps/details?id=com.clapfootgames.sectorstrike ......
Success to get info from Play Store
The lastest version of com.clapfootgames.sectorstrike-1.apk is 1.1.1
Done processing com.clapfootgames.sectorstrike-1.apk
Time Spent:   0 Days 0 Hours 0 Minutes 4 Seconds

============================================================================
3/4 Starting processing com.clapfootgames.tennis-1.apk ......
Getting apk info from https://play.google.com/store/apps/details?id=com.clapfootgames.tennis ......
Success to get info from Play Store
The lastest version of com.clapfootgames.tennis-1.apk is 1.2
Done processing com.clapfootgames.tennis-1.apk
Time Spent:   0 Days 0 Hours 0 Minutes 5 Seconds

============================================================================
4/4 Starting processing com.kloonigames.crayon-1.apk ......
Getting apk info from https://play.google.com/store/apps/details?id=com.kloonigames.crayon ......
Success to get info from Play Store
The lastest version of com.kloonigames.crayon-1.apk is 1.0.4
Done processing com.kloonigames.crayon-1.apk
Time Spent:   0 Days 0 Hours 0 Minutes 7 Seconds

============================================================================


**************************************************************
All Done
Total Time:   0 Days 0 Hours 0 Minutes 7 Seconds
Result Location:               /srv/www/htdocs/CV2/app/admin/scan_apk_version//results/AppInfo_2013-06-28-11-13-11.csv
**************************************************************
