Start processing app in list /share/Git-Apk/Updated_list from /share/Git-Apk/All_Apk  ......

============================================================================
1/5 Starting processing com.TrinketStudios.ColorSheep-1.apk ......
Getting apk info from https://play.google.com/store/apps/details?id=com.TrinketStudios.ColorSheep ......
Success to get info from Play Store
The lastest version of com.TrinketStudios.ColorSheep-1.apk is  1.1  
Done processing com.TrinketStudios.ColorSheep-1.apk
Time Spent:   0 Days 0 Hours 0 Minutes 3 Seconds

============================================================================
2/5 Starting processing com.basevelocity.radarscope-1.apk ......
Getting apk info from https://play.google.com/store/apps/details?id=com.basevelocity.radarscope ......
Success to get info from Play Store
The lastest version of com.basevelocity.radarscope-1.apk is  2.0.7  
Done processing com.basevelocity.radarscope-1.apk
Time Spent:   0 Days 0 Hours 0 Minutes 7 Seconds

============================================================================
3/5 Starting processing com.dualboot.apps.beach-1.apk ......
Getting apk info from https://play.google.com/store/apps/details?id=com.dualboot.apps.beach ......
Success to get info from Play Store
The lastest version of com.dualboot.apps.beach-1.apk is  2.0  
Done processing com.dualboot.apps.beach-1.apk
Time Spent:   0 Days 0 Hours 0 Minutes 13 Seconds

============================================================================
4/5 Starting processing com.dualboot.apps.forest-1.apk ......
Getting apk info from https://play.google.com/store/apps/details?id=com.dualboot.apps.forest ......
Success to get info from Play Store
The lastest version of com.dualboot.apps.forest-1.apk is  1.4  
Done processing com.dualboot.apps.forest-1.apk
Time Spent:   0 Days 0 Hours 0 Minutes 17 Seconds

============================================================================
5/5 Starting processing net.zhuoweizhang.mcpelauncher.pro-1.apk ......
Getting apk info from https://play.google.com/store/apps/details?id=net.zhuoweizhang.mcpelauncher.pro ......
Success to get info from Play Store
The lastest version of net.zhuoweizhang.mcpelauncher.pro-1.apk is  1.4.5  
Done processing net.zhuoweizhang.mcpelauncher.pro-1.apk
Time Spent:   0 Days 0 Hours 0 Minutes 21 Seconds

============================================================================


**************************************************************
All Done
Total Time:   0 Days 0 Hours 0 Minutes 21 Seconds
Result Location:               /srv/www/htdocs/CV2/app/admin/scan_apk_version//results/AppInfo_2013-09-26-10-18-29.csv
**************************************************************
