Start processing app in list /share/Git-Apk/Updated_list from /share/Git-Apk/All_Apk  ......

============================================================================
1/5 Starting processing com.android.chrome-1.apk ......
Getting apk info from https://play.google.com/store/apps/details?id=com.android.chrome ......
Success to get info from Play Store
The lastest version of com.android.chrome-1.apk is Varies with device
Done processing com.android.chrome-1.apk
Time Spent:   0 Days 0 Hours 0 Minutes 1 Seconds

============================================================================
2/5 Starting processing com.android.vending-1.apk ......
Getting apk info from https://play.google.com/store/apps/details?id=com.android.vending ......
[ERROR] : Cannot find info of com.android.vending-1.apk on https://play.google.com/store/apps/details?id=com.android.vending !!!
Done processing com.android.vending-1.apk
Time Spent:   0 Days 0 Hours 0 Minutes 3 Seconds

============================================================================
3/5 Starting processing com.duowan.mobile-1.apk ......
Getting apk info from https://play.google.com/store/apps/details?id=com.duowan.mobile ......
Success to get info from Play Store
The lastest version of com.duowan.mobile-1.apk is 1.7.3014
Done processing com.duowan.mobile-1.apk
Time Spent:   0 Days 0 Hours 0 Minutes 4 Seconds

============================================================================
4/5 Starting processing com.google.android.gms-1.apk ......
Getting apk info from https://play.google.com/store/apps/details?id=com.google.android.gms ......
Success to get info from Play Store
The lastest version of com.google.android.gms-1.apk is Varies with device
Done processing com.google.android.gms-1.apk
Time Spent:   0 Days 0 Hours 0 Minutes 6 Seconds

============================================================================
5/5 Starting processing com.google.android.marvin.talkback-1.apk ......
Getting apk info from https://play.google.com/store/apps/details?id=com.google.android.marvin.talkback ......
Success to get info from Play Store
The lastest version of com.google.android.marvin.talkback-1.apk is Varies with device
Done processing com.google.android.marvin.talkback-1.apk
Time Spent:   0 Days 0 Hours 0 Minutes 7 Seconds

============================================================================


**************************************************************
All Done
Total Time:   0 Days 0 Hours 0 Minutes 7 Seconds
Result Location:               /srv/www/htdocs/CV2/app/admin/scan_apk_version//results/AppInfo_2013-03-08-14-38-39.csv
**************************************************************
