Start processing app in list /share/Git-Apk/Updated_list from /share/Git-Apk/All_Apk  ......

============================================================================
1/3 Starting processing com.dsemu.drastic-1.apk ......
Getting apk info from https://play.google.com/store/apps/details?id=com.dsemu.drastic ......
Success to get info from Play Store
The lastest version of com.dsemu.drastic-1.apk is  r2.1.6.2a  
Done processing com.dsemu.drastic-1.apk
Time Spent:   0 Days 0 Hours 0 Minutes 2 Seconds

============================================================================
2/3 Starting processing com.gamevil.doz.global-1.apk ......
Getting apk info from https://play.google.com/store/apps/details?id=com.gamevil.doz.global ......
Success to get info from Play Store
The lastest version of com.gamevil.doz.global-1.apk is  1.2.4  
Done processing com.gamevil.doz.global-1.apk
Time Spent:   0 Days 0 Hours 0 Minutes 7 Seconds

============================================================================
3/3 Starting processing net.osmand.plus-1.apk ......
Getting apk info from https://play.google.com/store/apps/details?id=net.osmand.plus ......
Success to get info from Play Store
The lastest version of net.osmand.plus-1.apk is  1.5.2  
Done processing net.osmand.plus-1.apk
Time Spent:   0 Days 0 Hours 0 Minutes 12 Seconds

============================================================================


**************************************************************
All Done
Total Time:   0 Days 0 Hours 0 Minutes 12 Seconds
Result Location:               /srv/www/htdocs/CV2/app/admin/scan_apk_version//results/AppInfo_2013-10-22-12-59-05.csv
**************************************************************
