Start processing app in list /share/Git-Apk/Updated_list from /share/Git-Apk/All_Apk  ......

============================================================================
1/14 Starting processing com.FireproofStudios.TheRoom-1.apk ......
Getting apk info from https://play.google.com/store/apps/details?id=com.FireproofStudios.TheRoom ......
Success to get info from Play Store
The lastest version of com.FireproofStudios.TheRoom-1.apk is  1.03  
Done processing com.FireproofStudios.TheRoom-1.apk
Time Spent:   0 Days 0 Hours 0 Minutes 4 Seconds

============================================================================
2/14 Starting processing com.backflipstudios.android.dragonvale-1.apk ......
Getting apk info from https://play.google.com/store/apps/details?id=com.backflipstudios.android.dragonvale ......
Success to get info from Play Store
The lastest version of com.backflipstudios.android.dragonvale-1.apk is  1.17.1  
Done processing com.backflipstudios.android.dragonvale-1.apk
Time Spent:   0 Days 0 Hours 0 Minutes 8 Seconds

============================================================================
3/14 Starting processing com.disney.TempleRunOz.goo-1.apk ......
Getting apk info from https://play.google.com/store/apps/details?id=com.disney.TempleRunOz.goo ......
Success to get info from Play Store
The lastest version of com.disney.TempleRunOz.goo-1.apk is  1.6.0  
Done processing com.disney.TempleRunOz.goo-1.apk
Time Spent:   0 Days 0 Hours 0 Minutes 12 Seconds

============================================================================
4/14 Starting processing com.elex.ram-1.apk ......
Getting apk info from https://play.google.com/store/apps/details?id=com.elex.ram ......
Success to get info from Play Store
The lastest version of com.elex.ram-1.apk is  2.7.1  
Done processing com.elex.ram-1.apk
Time Spent:   0 Days 0 Hours 0 Minutes 17 Seconds

============================================================================
5/14 Starting processing com.fluik.Explosions-1.apk ......
Getting apk info from https://play.google.com/store/apps/details?id=com.fluik.Explosions ......
Success to get info from Play Store
The lastest version of com.fluik.Explosions-1.apk is  1.0.40  
Done processing com.fluik.Explosions-1.apk
Time Spent:   0 Days 0 Hours 0 Minutes 21 Seconds

============================================================================
6/14 Starting processing com.instagram.android-1.apk ......
Getting apk info from https://play.google.com/store/apps/details?id=com.instagram.android ......
Success to get info from Play Store
The lastest version of com.instagram.android-1.apk is  4.1.2  
Done processing com.instagram.android-1.apk
Time Spent:   0 Days 0 Hours 0 Minutes 24 Seconds

============================================================================
7/14 Starting processing com.intsig.camscanner-1.apk ......
Getting apk info from https://play.google.com/store/apps/details?id=com.intsig.camscanner ......
Success to get info from Play Store
The lastest version of com.intsig.camscanner-1.apk is  2.6.0.20130903  
Done processing com.intsig.camscanner-1.apk
Time Spent:   0 Days 0 Hours 0 Minutes 28 Seconds

============================================================================
8/14 Starting processing com.kiloo.subwaysurf-1.apk ......
Getting apk info from https://play.google.com/store/apps/details?id=com.kiloo.subwaysurf ......
Success to get info from Play Store
The lastest version of com.kiloo.subwaysurf-1.apk is  1.13.0  
Done processing com.kiloo.subwaysurf-1.apk
Time Spent:   0 Days 0 Hours 0 Minutes 31 Seconds

============================================================================
9/14 Starting processing com.king.candycrushsaga-1.apk ......
Getting apk info from https://play.google.com/store/apps/details?id=com.king.candycrushsaga ......
Success to get info from Play Store
The lastest version of com.king.candycrushsaga-1.apk is    Varies with device  
Done processing com.king.candycrushsaga-1.apk
Time Spent:   0 Days 0 Hours 0 Minutes 35 Seconds

============================================================================
10/14 Starting processing com.king.petrescuesaga-1.apk ......
Getting apk info from https://play.google.com/store/apps/details?id=com.king.petrescuesaga ......
Success to get info from Play Store
The lastest version of com.king.petrescuesaga-1.apk is  1.3.7.1  
Done processing com.king.petrescuesaga-1.apk
Time Spent:   0 Days 0 Hours 0 Minutes 39 Seconds

============================================================================
11/14 Starting processing com.mapbar.android.mapbarmap-1.apk ......
Getting apk info from https://play.google.com/store/apps/details?id=com.mapbar.android.mapbarmap ......
Success to get info from Play Store
The lastest version of com.mapbar.android.mapbarmap-1.apk is  7.4.5.164576  
Done processing com.mapbar.android.mapbarmap-1.apk
Time Spent:   0 Days 0 Hours 0 Minutes 43 Seconds

============================================================================
12/14 Starting processing com.perblue.greedforglory-1.apk ......
Getting apk info from https://play.google.com/store/apps/details?id=com.perblue.greedforglory ......
Success to get info from Play Store
The lastest version of com.perblue.greedforglory-1.apk is    Varies with device  
Done processing com.perblue.greedforglory-1.apk
Time Spent:   0 Days 0 Hours 0 Minutes 47 Seconds

============================================================================
13/14 Starting processing com.vlife.wallpaper.resource.number281-1.apk ......
Getting apk info from https://play.google.com/store/apps/details?id=com.vlife.wallpaper.resource.number281 ......
Success to get info from Play Store
The lastest version of com.vlife.wallpaper.resource.number281-1.apk is  2.17.7  
Done processing com.vlife.wallpaper.resource.number281-1.apk
Time Spent:   0 Days 0 Hours 0 Minutes 51 Seconds

============================================================================
14/14 Starting processing com.wwe.universe-1.apk ......
Getting apk info from https://play.google.com/store/apps/details?id=com.wwe.universe ......
Success to get info from Play Store
The lastest version of com.wwe.universe-1.apk is  2.0  
Done processing com.wwe.universe-1.apk
Time Spent:   0 Days 0 Hours 0 Minutes 54 Seconds

============================================================================


**************************************************************
All Done
Total Time:   0 Days 0 Hours 0 Minutes 54 Seconds
Result Location:               /srv/www/htdocs/CV2/app/admin/scan_apk_version//results/AppInfo_2013-09-04-14-09-32.csv
**************************************************************
