Start processing app in list /share/Git-Apk/Updated_list from /share/Git-Apk/All_Apk  ......

============================================================================
1/4 Starting processing com.google.android.apps.docs-1.apk ......
Getting apk info from https://play.google.com/store/apps/details?id=com.google.android.apps.docs ......
Success to get info from Play Store
The lastest version of com.google.android.apps.docs-1.apk is    Varies with device  
Done processing com.google.android.apps.docs-1.apk
Time Spent:   0 Days 0 Hours 0 Minutes 4 Seconds

============================================================================
2/4 Starting processing com.tencent.qqpim-1.apk ......
Getting apk info from https://play.google.com/store/apps/details?id=com.tencent.qqpim ......
Success to get info from Play Store
The lastest version of com.tencent.qqpim-1.apk is  4.5  
Done processing com.tencent.qqpim-1.apk
Time Spent:   0 Days 0 Hours 0 Minutes 9 Seconds

============================================================================
3/4 Starting processing com.vectorunit.blue-1.apk ......
Getting apk info from https://play.google.com/store/apps/details?id=com.vectorunit.blue ......
Success to get info from Play Store
The lastest version of com.vectorunit.blue-1.apk is  1.6.3  
Done processing com.vectorunit.blue-1.apk
Time Spent:   0 Days 0 Hours 0 Minutes 12 Seconds

============================================================================
4/4 Starting processing tunein.player-1.apk ......
Getting apk info from https://play.google.com/store/apps/details?id=tunein.player ......
Success to get info from Play Store
The lastest version of tunein.player-1.apk is  11.1  
Done processing tunein.player-1.apk
Time Spent:   0 Days 0 Hours 0 Minutes 16 Seconds

============================================================================


**************************************************************
All Done
Total Time:   0 Days 0 Hours 0 Minutes 16 Seconds
Result Location:               /srv/www/htdocs/CV2/app/admin/scan_apk_version//results/AppInfo_2013-12-10-08-13-05.csv
**************************************************************
