Start processing app in list /share/Git-Apk/Updated_list from /share/Git-Apk/All_Apk  ......

============================================================================
1/32 Starting processing com.UCMobile-1.apk ......
Getting apk info from https://play.google.com/store/apps/details?id=com.UCMobile ......
Success to get info from Play Store
The lastest version of com.UCMobile-1.apk is 9.0.1
Done processing com.UCMobile-1.apk
Time Spent:   0 Days 0 Hours 0 Minutes 1 Seconds

============================================================================
2/32 Starting processing com.UCMobile.intl-1.apk ......
Getting apk info from https://play.google.com/store/apps/details?id=com.UCMobile.intl ......
Success to get info from Play Store
The lastest version of com.UCMobile.intl-1.apk is 9.0.1
Done processing com.UCMobile.intl-1.apk
Time Spent:   0 Days 0 Hours 0 Minutes 3 Seconds

============================================================================
3/32 Starting processing com.almalence.hdr-1.apk ......
Getting apk info from https://play.google.com/store/apps/details?id=com.almalence.hdr ......
Success to get info from Play Store
The lastest version of com.almalence.hdr-1.apk is 2.33
Done processing com.almalence.hdr-1.apk
Time Spent:   0 Days 0 Hours 0 Minutes 5 Seconds

============================================================================
4/32 Starting processing com.almalence.hdr_plus-1.apk ......
Getting apk info from https://play.google.com/store/apps/details?id=com.almalence.hdr_plus ......
Success to get info from Play Store
The lastest version of com.almalence.hdr_plus-1.apk is 2.33
Done processing com.almalence.hdr_plus-1.apk
Time Spent:   0 Days 0 Hours 0 Minutes 6 Seconds

============================================================================
5/32 Starting processing com.bubblezapgames.supergnes-1.apk ......
Getting apk info from https://play.google.com/store/apps/details?id=com.bubblezapgames.supergnes ......
Success to get info from Play Store
The lastest version of com.bubblezapgames.supergnes-1.apk is 1.3.11
Done processing com.bubblezapgames.supergnes-1.apk
Time Spent:   0 Days 0 Hours 0 Minutes 8 Seconds

============================================================================
6/32 Starting processing com.gamevil.asuracross.global-1.apk ......
Getting apk info from https://play.google.com/store/apps/details?id=com.gamevil.asuracross.global ......
Success to get info from Play Store
The lastest version of com.gamevil.asuracross.global-1.apk is 1.0.3
Done processing com.gamevil.asuracross.global-1.apk
Time Spent:   0 Days 0 Hours 0 Minutes 10 Seconds

============================================================================
7/32 Starting processing com.hunantv.imgo.activity-1.apk ......
Getting apk info from https://play.google.com/store/apps/details?id=com.hunantv.imgo.activity ......
Success to get info from Play Store
The lastest version of com.hunantv.imgo.activity-1.apk is 3.2.1
Done processing com.hunantv.imgo.activity-1.apk
Time Spent:   0 Days 0 Hours 0 Minutes 11 Seconds

============================================================================
8/32 Starting processing com.inisoft.mediaplayer.a-1.apk ......
Getting apk info from https://play.google.com/store/apps/details?id=com.inisoft.mediaplayer.a ......
Success to get info from Play Store
The lastest version of com.inisoft.mediaplayer.a-1.apk is 2.0.28
Done processing com.inisoft.mediaplayer.a-1.apk
Time Spent:   0 Days 0 Hours 0 Minutes 13 Seconds

============================================================================
9/32 Starting processing com.intsig.BCRLite_cn-1.apk ......
Getting apk info from https://play.google.com/store/apps/details?id=com.intsig.BCRLite_cn ......
Success to get info from Play Store
The lastest version of com.intsig.BCRLite_cn-1.apk is 4.0.0_20130226
Done processing com.intsig.BCRLite_cn-1.apk
Time Spent:   0 Days 0 Hours 0 Minutes 15 Seconds

============================================================================
10/32 Starting processing com.jiubang.app.news-1.apk ......
Getting apk info from https://play.google.com/store/apps/details?id=com.jiubang.app.news ......
Success to get info from Play Store
The lastest version of com.jiubang.app.news-1.apk is 2.0.0.5
Done processing com.jiubang.app.news-1.apk
Time Spent:   0 Days 0 Hours 0 Minutes 16 Seconds

============================================================================
11/32 Starting processing com.jse.RockStarAMFree-1.apk ......
Getting apk info from https://play.google.com/store/apps/details?id=com.jse.RockStarAMFree ......
Success to get info from Play Store
The lastest version of com.jse.RockStarAMFree-1.apk is 01.01.01
Done processing com.jse.RockStarAMFree-1.apk
Time Spent:   0 Days 0 Hours 0 Minutes 18 Seconds

============================================================================
12/32 Starting processing com.moliplayer.android-1.apk ......
Getting apk info from https://play.google.com/store/apps/details?id=com.moliplayer.android ......
Success to get info from Play Store
The lastest version of com.moliplayer.android-1.apk is 1.6.6.42
Done processing com.moliplayer.android-1.apk
Time Spent:   0 Days 0 Hours 0 Minutes 19 Seconds

============================================================================
13/32 Starting processing com.mxtech.ffmpeg.v7_neon-1.apk ......
Getting apk info from https://play.google.com/store/apps/details?id=com.mxtech.ffmpeg.v7_neon ......
Success to get info from Play Store
The lastest version of com.mxtech.ffmpeg.v7_neon-1.apk is 1.7.15a
Done processing com.mxtech.ffmpeg.v7_neon-1.apk
Time Spent:   0 Days 0 Hours 0 Minutes 21 Seconds

============================================================================
14/32 Starting processing com.mxtech.ffmpeg.v7_vfpv3d16-1.apk ......
Getting apk info from https://play.google.com/store/apps/details?id=com.mxtech.ffmpeg.v7_vfpv3d16 ......
Success to get info from Play Store
The lastest version of com.mxtech.ffmpeg.v7_vfpv3d16-1.apk is 1.7.15a
Done processing com.mxtech.ffmpeg.v7_vfpv3d16-1.apk
Time Spent:   0 Days 0 Hours 0 Minutes 23 Seconds

============================================================================
15/32 Starting processing com.mxtech.videoplayer.ad-1.apk ......
Getting apk info from https://play.google.com/store/apps/details?id=com.mxtech.videoplayer.ad ......
Success to get info from Play Store
The lastest version of com.mxtech.videoplayer.ad-1.apk is 1.7.15a
Done processing com.mxtech.videoplayer.ad-1.apk
Time Spent:   0 Days 0 Hours 0 Minutes 25 Seconds

============================================================================
16/32 Starting processing com.mxtech.videoplayer.pro-1.apk ......
Getting apk info from https://play.google.com/store/apps/details?id=com.mxtech.videoplayer.pro ......
Success to get info from Play Store
The lastest version of com.mxtech.videoplayer.pro-1.apk is 1.7.15a
Done processing com.mxtech.videoplayer.pro-1.apk
Time Spent:   0 Days 0 Hours 0 Minutes 27 Seconds

============================================================================
17/32 Starting processing com.ndjh.nddaily-1.apk ......
Getting apk info from https://play.google.com/store/apps/details?id=com.ndjh.nddaily ......
Success to get info from Play Store
The lastest version of com.ndjh.nddaily-1.apk is 1.2.4
Done processing com.ndjh.nddaily-1.apk
Time Spent:   0 Days 0 Hours 0 Minutes 29 Seconds

============================================================================
18/32 Starting processing com.nhl.gc1112.free-1.apk ......
Getting apk info from https://play.google.com/store/apps/details?id=com.nhl.gc1112.free ......
Success to get info from Play Store
The lastest version of com.nhl.gc1112.free-1.apk is 3.0426
Done processing com.nhl.gc1112.free-1.apk
Time Spent:   0 Days 0 Hours 0 Minutes 32 Seconds

============================================================================
19/32 Starting processing com.oray.sunlogin-1.apk ......
Getting apk info from https://play.google.com/store/apps/details?id=com.oray.sunlogin ......
Success to get info from Play Store
The lastest version of com.oray.sunlogin-1.apk is 1.1.8.24264
Done processing com.oray.sunlogin-1.apk
Time Spent:   0 Days 0 Hours 0 Minutes 34 Seconds

============================================================================
20/32 Starting processing com.pdager-1.apk ......
Getting apk info from https://play.google.com/store/apps/details?id=com.pdager ......
Success to get info from Play Store
The lastest version of com.pdager-1.apk is 3.0.0.130410
Done processing com.pdager-1.apk
Time Spent:   0 Days 0 Hours 0 Minutes 37 Seconds

============================================================================
21/32 Starting processing com.qihoo360.mobilesafe-1.apk ......
Getting apk info from https://play.google.com/store/apps/details?id=com.qihoo360.mobilesafe ......
Success to get info from Play Store
The lastest version of com.qihoo360.mobilesafe-1.apk is 3.9.0
Done processing com.qihoo360.mobilesafe-1.apk
Time Spent:   0 Days 0 Hours 0 Minutes 39 Seconds

============================================================================
22/32 Starting processing com.qiyi.video.market-1.apk ......
Getting apk info from https://play.google.com/store/apps/details?id=com.qiyi.video.market ......
Success to get info from Play Store
The lastest version of com.qiyi.video.market-1.apk is 4.3.2
Done processing com.qiyi.video.market-1.apk
Time Spent:   0 Days 0 Hours 0 Minutes 42 Seconds

============================================================================
23/32 Starting processing com.sohu.inputmethod.sogou-1.apk ......
Getting apk info from https://play.google.com/store/apps/details?id=com.sohu.inputmethod.sogou ......
Success to get info from Play Store
The lastest version of com.sohu.inputmethod.sogou-1.apk is 4.2
Done processing com.sohu.inputmethod.sogou-1.apk
Time Spent:   0 Days 0 Hours 0 Minutes 45 Seconds

============================================================================
24/32 Starting processing com.sohu.sohuvideo-1.apk ......
Getting apk info from https://play.google.com/store/apps/details?id=com.sohu.sohuvideo ......
Success to get info from Play Store
The lastest version of com.sohu.sohuvideo-1.apk is 3.1
Done processing com.sohu.sohuvideo-1.apk
Time Spent:   0 Days 0 Hours 0 Minutes 47 Seconds

============================================================================
25/32 Starting processing com.vlife.wallpaper.resource.number281-1.apk ......
Getting apk info from https://play.google.com/store/apps/details?id=com.vlife.wallpaper.resource.number281 ......
Success to get info from Play Store
The lastest version of com.vlife.wallpaper.resource.number281-1.apk is 2.14
Done processing com.vlife.wallpaper.resource.number281-1.apk
Time Spent:   0 Days 0 Hours 0 Minutes 50 Seconds

============================================================================
26/32 Starting processing com.wwe.universe-1.apk ......
Getting apk info from https://play.google.com/store/apps/details?id=com.wwe.universe ......
Success to get info from Play Store
The lastest version of com.wwe.universe-1.apk is 1.4.0
Done processing com.wwe.universe-1.apk
Time Spent:   0 Days 0 Hours 0 Minutes 53 Seconds

============================================================================
27/32 Starting processing jp.co.applibot.legend.android-1.apk ......
Getting apk info from https://play.google.com/store/apps/details?id=jp.co.applibot.legend.android ......
Success to get info from Play Store
The lastest version of jp.co.applibot.legend.android-1.apk is 5.4
Done processing jp.co.applibot.legend.android-1.apk
Time Spent:   0 Days 0 Hours 0 Minutes 55 Seconds

============================================================================
28/32 Starting processing kr.co.hancom.hancomviewer.androidmarket-1.apk ......
Getting apk info from https://play.google.com/store/apps/details?id=kr.co.hancom.hancomviewer.androidmarket ......
Success to get info from Play Store
The lastest version of kr.co.hancom.hancomviewer.androidmarket-1.apk is 1.4
Done processing kr.co.hancom.hancomviewer.androidmarket-1.apk
Time Spent:   0 Days 0 Hours 0 Minutes 57 Seconds

============================================================================
29/32 Starting processing my.PCamera-1.apk ......
Getting apk info from https://play.google.com/store/apps/details?id=my.PCamera ......
Success to get info from Play Store
The lastest version of my.PCamera-1.apk is Varies with device
Done processing my.PCamera-1.apk
Time Spent:   0 Days 0 Hours 1 Minutes 0 Seconds

============================================================================
30/32 Starting processing my.beautyCamera-1.apk ......
Getting apk info from https://play.google.com/store/apps/details?id=my.beautyCamera ......
Success to get info from Play Store
The lastest version of my.beautyCamera-1.apk is Varies with device
Done processing my.beautyCamera-1.apk
Time Spent:   0 Days 0 Hours 1 Minutes 3 Seconds

============================================================================
31/32 Starting processing ru.dublgis.dgismobile-1.apk ......
Getting apk info from https://play.google.com/store/apps/details?id=ru.dublgis.dgismobile ......
Success to get info from Play Store
The lastest version of ru.dublgis.dgismobile-1.apk is Varies with device
Done processing ru.dublgis.dgismobile-1.apk
Time Spent:   0 Days 0 Hours 1 Minutes 5 Seconds

============================================================================
32/32 Starting processing udk.android.reader-1.apk ......
Getting apk info from https://play.google.com/store/apps/details?id=udk.android.reader ......
Success to get info from Play Store
The lastest version of udk.android.reader-1.apk is 2.2.0.0
Done processing udk.android.reader-1.apk
Time Spent:   0 Days 0 Hours 1 Minutes 8 Seconds

============================================================================


**************************************************************
All Done
Total Time:   0 Days 0 Hours 1 Minutes 8 Seconds
Result Location:               /srv/www/htdocs/CV2/app/admin/scan_apk_version//results/AppInfo_2013-05-10-15-18-07.csv
**************************************************************
