Start processing app in list /share/Git-Apk/Updated_list from /share/Git-Apk/All_Apk  ......

============================================================================
1/4 Starting processing air.DragonEmpire-1.apk ......
Getting apk info from https://play.google.com/store/apps/details?id=air.DragonEmpire ......
Success to get info from Play Store
The lastest version of air.DragonEmpire-1.apk is 1.1.14
Done processing air.DragonEmpire-1.apk
Time Spent:   0 Days 0 Hours 0 Minutes 3 Seconds

============================================================================
2/4 Starting processing air.com.KickstandTech.FishingWeather-1.apk ......
Getting apk info from https://play.google.com/store/apps/details?id=air.com.KickstandTech.FishingWeather ......
Success to get info from Play Store
The lastest version of air.com.KickstandTech.FishingWeather-1.apk is 8.6
Done processing air.com.KickstandTech.FishingWeather-1.apk
Time Spent:   0 Days 0 Hours 0 Minutes 5 Seconds

============================================================================
3/4 Starting processing air.com.elextech.happyfarm-1.apk ......
Getting apk info from https://play.google.com/store/apps/details?id=air.com.elextech.happyfarm ......
Success to get info from Play Store
The lastest version of air.com.elextech.happyfarm-1.apk is 1.2.9
Done processing air.com.elextech.happyfarm-1.apk
Time Spent:   0 Days 0 Hours 0 Minutes 8 Seconds

============================================================================
4/4 Starting processing air.dpflashes.clearvision2free-1.apk ......
Getting apk info from https://play.google.com/store/apps/details?id=air.dpflashes.clearvision2free ......
Success to get info from Play Store
The lastest version of air.dpflashes.clearvision2free-1.apk is 1.0
Done processing air.dpflashes.clearvision2free-1.apk
Time Spent:   0 Days 0 Hours 0 Minutes 10 Seconds

============================================================================


**************************************************************
All Done
Total Time:   0 Days 0 Hours 0 Minutes 10 Seconds
Result Location:               /srv/www/htdocs/CV2/app/admin/scan_apk_version//results/AppInfo_2013-05-13-12-37-55.csv
**************************************************************
