Start processing app in list /share/Git-Apk/Updated_list from /share/Git-Apk/All_Apk  ......

============================================================================
1/8 Starting processing com.electrowolff.war-1.apk ......
Getting apk info from https://play.google.com/store/apps/details?id=com.electrowolff.war ......
Success to get info from Play Store
The lastest version of com.electrowolff.war-1.apk is  1.0.5  
Done processing com.electrowolff.war-1.apk
Time Spent:   0 Days 0 Hours 0 Minutes 2 Seconds

============================================================================
2/8 Starting processing com.groundspeak.geocaching-1.apk ......
Getting apk info from https://play.google.com/store/apps/details?id=com.groundspeak.geocaching ......
Success to get info from Play Store
The lastest version of com.groundspeak.geocaching-1.apk is    Varies with device  
Done processing com.groundspeak.geocaching-1.apk
Time Spent:   0 Days 0 Hours 0 Minutes 5 Seconds

============================================================================
3/8 Starting processing com.ironhidegames.android.kingdomrush-1.apk ......
Getting apk info from https://play.google.com/store/apps/details?id=com.ironhidegames.android.kingdomrush ......
Success to get info from Play Store
The lastest version of com.ironhidegames.android.kingdomrush-1.apk is  1.9.4  
Done processing com.ironhidegames.android.kingdomrush-1.apk
Time Spent:   0 Days 0 Hours 0 Minutes 8 Seconds

============================================================================
4/8 Starting processing com.rovio.angrybirdsfriends-1.apk ......
Getting apk info from https://play.google.com/store/apps/details?id=com.rovio.angrybirdsfriends ......
Success to get info from Play Store
The lastest version of com.rovio.angrybirdsfriends-1.apk is    Varies with device  
Done processing com.rovio.angrybirdsfriends-1.apk
Time Spent:   0 Days 0 Hours 0 Minutes 12 Seconds

============================================================================
5/8 Starting processing com.scientific7-1.apk ......
Getting apk info from https://play.google.com/store/apps/details?id=com.scientific7 ......
Success to get info from Play Store
The lastest version of com.scientific7-1.apk is  1.3  
Done processing com.scientific7-1.apk
Time Spent:   0 Days 0 Hours 0 Minutes 16 Seconds

============================================================================
6/8 Starting processing com.tdr3.hs.android-1.apk ......
Getting apk info from https://play.google.com/store/apps/details?id=com.tdr3.hs.android ......
Success to get info from Play Store
The lastest version of com.tdr3.hs.android-1.apk is  1.1.21  
Done processing com.tdr3.hs.android-1.apk
Time Spent:   0 Days 0 Hours 0 Minutes 19 Seconds

============================================================================
7/8 Starting processing eu.chainfire.mobileodin.pro-1.apk ......
Getting apk info from https://play.google.com/store/apps/details?id=eu.chainfire.mobileodin.pro ......
Success to get info from Play Store
The lastest version of eu.chainfire.mobileodin.pro-1.apk is  3.76  
Done processing eu.chainfire.mobileodin.pro-1.apk
Time Spent:   0 Days 0 Hours 0 Minutes 23 Seconds

============================================================================
8/8 Starting processing eu.chainfire.triangleaway-1.apk ......
Getting apk info from https://play.google.com/store/apps/details?id=eu.chainfire.triangleaway ......
Success to get info from Play Store
The lastest version of eu.chainfire.triangleaway-1.apk is  3.01  
Done processing eu.chainfire.triangleaway-1.apk
Time Spent:   0 Days 0 Hours 0 Minutes 27 Seconds

============================================================================


**************************************************************
All Done
Total Time:   0 Days 0 Hours 0 Minutes 27 Seconds
Result Location:               /srv/www/htdocs/CV2/app/admin/scan_apk_version//results/AppInfo_2013-08-20-14-26-11.csv
**************************************************************
