Start processing app in list /share/Git-Apk/Updated_list from /share/Git-Apk/All_Apk  ......

============================================================================
1/27 Starting processing air.biz.rightshift.clickfun.casino-1.apk ......
Getting apk info from https://play.google.com/store/apps/details?id=air.biz.rightshift.clickfun.casino ......
Success to get info from Play Store
The lastest version of air.biz.rightshift.clickfun.casino-1.apk is 0.0.38
Done processing air.biz.rightshift.clickfun.casino-1.apk
Time Spent:   0 Days 0 Hours 0 Minutes 2 Seconds

============================================================================
2/27 Starting processing at.nerbrothers.SuperJump-1.apk ......
Getting apk info from https://play.google.com/store/apps/details?id=at.nerbrothers.SuperJump ......
Success to get info from Play Store
The lastest version of at.nerbrothers.SuperJump-1.apk is 1.9
Done processing at.nerbrothers.SuperJump-1.apk
Time Spent:   0 Days 0 Hours 0 Minutes 3 Seconds

============================================================================
3/27 Starting processing ca.roofdog.roadtrip2-1.apk ......
Getting apk info from https://play.google.com/store/apps/details?id=ca.roofdog.roadtrip2 ......
Success to get info from Play Store
The lastest version of ca.roofdog.roadtrip2-1.apk is 1.8
Done processing ca.roofdog.roadtrip2-1.apk
Time Spent:   0 Days 0 Hours 0 Minutes 5 Seconds

============================================================================
4/27 Starting processing com.animoca.google.starGirl-1.apk ......
Getting apk info from https://play.google.com/store/apps/details?id=com.animoca.google.starGirl ......
Success to get info from Play Store
The lastest version of com.animoca.google.starGirl-1.apk is 1.4
Done processing com.animoca.google.starGirl-1.apk
Time Spent:   0 Days 0 Hours 0 Minutes 6 Seconds

============================================================================
5/27 Starting processing com.bubblezapgames.supergnes_lite-1.apk ......
Getting apk info from https://play.google.com/store/apps/details?id=com.bubblezapgames.supergnes_lite ......
Success to get info from Play Store
The lastest version of com.bubblezapgames.supergnes_lite-1.apk is 1.3.6
Done processing com.bubblezapgames.supergnes_lite-1.apk
Time Spent:   0 Days 0 Hours 0 Minutes 8 Seconds

============================================================================
6/27 Starting processing com.elex.ram-1.apk ......
Getting apk info from https://play.google.com/store/apps/details?id=com.elex.ram ......
Success to get info from Play Store
The lastest version of com.elex.ram-1.apk is 1.3.1
Done processing com.elex.ram-1.apk
Time Spent:   0 Days 0 Hours 0 Minutes 10 Seconds

============================================================================
7/27 Starting processing com.fastemulator.gbafree-1.apk ......
Getting apk info from https://play.google.com/store/apps/details?id=com.fastemulator.gbafree ......
Success to get info from Play Store
The lastest version of com.fastemulator.gbafree-1.apk is 1.1.16
Done processing com.fastemulator.gbafree-1.apk
Time Spent:   0 Days 0 Hours 0 Minutes 11 Seconds

============================================================================
8/27 Starting processing com.game.JewelsLegend-1.apk ......
Getting apk info from https://play.google.com/store/apps/details?id=com.game.JewelsLegend ......
Success to get info from Play Store
The lastest version of com.game.JewelsLegend-1.apk is 1.9
Done processing com.game.JewelsLegend-1.apk
Time Spent:   0 Days 0 Hours 0 Minutes 13 Seconds

============================================================================
9/27 Starting processing com.gamecircus.CoinDozerSeasons-1.apk ......
Getting apk info from https://play.google.com/store/apps/details?id=com.gamecircus.CoinDozerSeasons ......
Success to get info from Play Store
The lastest version of com.gamecircus.CoinDozerSeasons-1.apk is Varies with device
Done processing com.gamecircus.CoinDozerSeasons-1.apk
Time Spent:   0 Days 0 Hours 0 Minutes 14 Seconds

============================================================================
10/27 Starting processing com.gameloft.android.ANMP.GloftPOHM-1.apk ......
Getting apk info from https://play.google.com/store/apps/details?id=com.gameloft.android.ANMP.GloftPOHM ......
Success to get info from Play Store
The lastest version of com.gameloft.android.ANMP.GloftPOHM-1.apk is 1.2.1
Done processing com.gameloft.android.ANMP.GloftPOHM-1.apk
Time Spent:   0 Days 0 Hours 0 Minutes 16 Seconds

============================================================================
11/27 Starting processing com.gameresort.stupidzombies-1.apk ......
Getting apk info from https://play.google.com/store/apps/details?id=com.gameresort.stupidzombies ......
Success to get info from Play Store
The lastest version of com.gameresort.stupidzombies-1.apk is 1.9.6
Done processing com.gameresort.stupidzombies-1.apk
Time Spent:   0 Days 0 Hours 0 Minutes 17 Seconds

============================================================================
12/27 Starting processing com.hyperkani.rope-1.apk ......
Getting apk info from https://play.google.com/store/apps/details?id=com.hyperkani.rope ......
Success to get info from Play Store
The lastest version of com.hyperkani.rope-1.apk is 1.07
Done processing com.hyperkani.rope-1.apk
Time Spent:   0 Days 0 Hours 0 Minutes 19 Seconds

============================================================================
13/27 Starting processing com.kabam.fortress-1.apk ......
Getting apk info from https://play.google.com/store/apps/details?id=com.kabam.fortress ......
Success to get info from Play Store
The lastest version of com.kabam.fortress-1.apk is Varies with device
Done processing com.kabam.fortress-1.apk
Time Spent:   0 Days 0 Hours 0 Minutes 21 Seconds

============================================================================
14/27 Starting processing com.miniclip.angerofstick2-1.apk ......
Getting apk info from https://play.google.com/store/apps/details?id=com.miniclip.angerofstick2 ......
Success to get info from Play Store
The lastest version of com.miniclip.angerofstick2-1.apk is 1.0.9
Done processing com.miniclip.angerofstick2-1.apk
Time Spent:   0 Days 0 Hours 0 Minutes 22 Seconds

============================================================================
15/27 Starting processing com.miniclip.gravityguy-1.apk ......
Getting apk info from https://play.google.com/store/apps/details?id=com.miniclip.gravityguy ......
Success to get info from Play Store
The lastest version of com.miniclip.gravityguy-1.apk is 1.5.8
Done processing com.miniclip.gravityguy-1.apk
Time Spent:   0 Days 0 Hours 0 Minutes 24 Seconds

============================================================================
16/27 Starting processing com.mobage.ww.a793.fanta_test_Android-1.apk ......
Getting apk info from https://play.google.com/store/apps/details?id=com.mobage.ww.a793.fanta_test_Android ......
Success to get info from Play Store
The lastest version of com.mobage.ww.a793.fanta_test_Android-1.apk is 1.9.0.2.4
Done processing com.mobage.ww.a793.fanta_test_Android-1.apk
Time Spent:   0 Days 0 Hours 0 Minutes 25 Seconds

============================================================================
17/27 Starting processing com.noodlecake.vantage-1.apk ......
Getting apk info from https://play.google.com/store/apps/details?id=com.noodlecake.vantage ......
Success to get info from Play Store
The lastest version of com.noodlecake.vantage-1.apk is 1.1
Done processing com.noodlecake.vantage-1.apk
Time Spent:   0 Days 0 Hours 0 Minutes 27 Seconds

============================================================================
18/27 Starting processing com.ogien.trainsim-1.apk ......
Getting apk info from https://play.google.com/store/apps/details?id=com.ogien.trainsim ......
Success to get info from Play Store
The lastest version of com.ogien.trainsim-1.apk is 2.2.4
Done processing com.ogien.trainsim-1.apk
Time Spent:   0 Days 0 Hours 0 Minutes 28 Seconds

============================================================================
19/27 Starting processing com.play.slot-1.apk ......
Getting apk info from https://play.google.com/store/apps/details?id=com.play.slot ......
Success to get info from Play Store
The lastest version of com.play.slot-1.apk is 1.15
Done processing com.play.slot-1.apk
Time Spent:   0 Days 0 Hours 0 Minutes 30 Seconds

============================================================================
20/27 Starting processing com.pnixgames.gunzombieHellGate-1.apk ......
Getting apk info from https://play.google.com/store/apps/details?id=com.pnixgames.gunzombieHellGate ......
Success to get info from Play Store
The lastest version of com.pnixgames.gunzombieHellGate-1.apk is 3.2
Done processing com.pnixgames.gunzombieHellGate-1.apk
Time Spent:   0 Days 0 Hours 0 Minutes 32 Seconds

============================================================================
21/27 Starting processing com.pocketgems.android.campuslife-1.apk ......
Getting apk info from https://play.google.com/store/apps/details?id=com.pocketgems.android.campuslife ......
Success to get info from Play Store
The lastest version of com.pocketgems.android.campuslife-1.apk is 1.138
Done processing com.pocketgems.android.campuslife-1.apk
Time Spent:   0 Days 0 Hours 0 Minutes 34 Seconds

============================================================================
22/27 Starting processing com.pocketgems.android.tapparadisecove-1.apk ......
Getting apk info from https://play.google.com/store/apps/details?id=com.pocketgems.android.tapparadisecove ......
Success to get info from Play Store
The lastest version of com.pocketgems.android.tapparadisecove-1.apk is 2.20.10
Done processing com.pocketgems.android.tapparadisecove-1.apk
Time Spent:   0 Days 0 Hours 0 Minutes 35 Seconds

============================================================================
23/27 Starting processing com.somofun.dawn-1.apk ......
Getting apk info from https://play.google.com/store/apps/details?id=com.somofun.dawn ......
Success to get info from Play Store
The lastest version of com.somofun.dawn-1.apk is 1.0.4
Done processing com.somofun.dawn-1.apk
Time Spent:   0 Days 0 Hours 0 Minutes 37 Seconds

============================================================================
24/27 Starting processing com.sunflower.game.gangnam-1.apk ......
Getting apk info from https://play.google.com/store/apps/details?id=com.sunflower.game.gangnam ......
Success to get info from Play Store
The lastest version of com.sunflower.game.gangnam-1.apk is 1.1.5
Done processing com.sunflower.game.gangnam-1.apk
Time Spent:   0 Days 0 Hours 0 Minutes 39 Seconds

============================================================================
25/27 Starting processing com.wincity.ccslots-1.apk ......
Getting apk info from https://play.google.com/store/apps/details?id=com.wincity.ccslots ......
Success to get info from Play Store
The lastest version of com.wincity.ccslots-1.apk is 2.2.1
Done processing com.wincity.ccslots-1.apk
Time Spent:   0 Days 0 Hours 0 Minutes 40 Seconds

============================================================================
26/27 Starting processing com.zynga.slots.free-1.apk ......
Getting apk info from https://play.google.com/store/apps/details?id=com.zynga.slots.free ......
Success to get info from Play Store
The lastest version of com.zynga.slots.free-1.apk is 1.7.6
Done processing com.zynga.slots.free-1.apk
Time Spent:   0 Days 0 Hours 0 Minutes 42 Seconds

============================================================================
27/27 Starting processing she.games.monsterTruckMayhem-1.apk ......
Getting apk info from https://play.google.com/store/apps/details?id=she.games.monsterTruckMayhem ......
Success to get info from Play Store
The lastest version of she.games.monsterTruckMayhem-1.apk is 1.2
Done processing she.games.monsterTruckMayhem-1.apk
Time Spent:   0 Days 0 Hours 0 Minutes 43 Seconds

============================================================================


**************************************************************
All Done
Total Time:   0 Days 0 Hours 0 Minutes 43 Seconds
Result Location:               /srv/www/htdocs/CV2/app/admin/scan_apk_version//results/AppInfo_2013-01-31-10-36-44.csv
**************************************************************
