Start processing app in list /share/Git-Apk/Updated_list from /share/Git-Apk/All_Apk  ......

============================================================================
1/2 Starting processing me.abitno.vplayer.t-1.apk ......
Getting apk info from https://play.google.com/store/apps/details?id=me.abitno.vplayer.t ......
Success to get info from Play Store
The lastest version of me.abitno.vplayer.t-1.apk is  3.2.1  
Done processing me.abitno.vplayer.t-1.apk
Time Spent:   0 Days 0 Hours 0 Minutes 3 Seconds

============================================================================
2/2 Starting processing ru.mail.games.android.JungleHeat-1.apk ......
Getting apk info from https://play.google.com/store/apps/details?id=ru.mail.games.android.JungleHeat ......
Success to get info from Play Store
The lastest version of ru.mail.games.android.JungleHeat-1.apk is  1.3.0  
Done processing ru.mail.games.android.JungleHeat-1.apk
Time Spent:   0 Days 0 Hours 0 Minutes 7 Seconds

============================================================================


**************************************************************
All Done
Total Time:   0 Days 0 Hours 0 Minutes 7 Seconds
Result Location:               /srv/www/htdocs/CV2/app/admin/scan_apk_version//results/AppInfo_2013-09-23-14-47-11.csv
**************************************************************
