Start processing app in list /share/Git-Apk/Updated_list from /share/Git-Apk/All_Apk  ......

============================================================================
1/7 Starting processing com.knipsoft.klaverjassen-1.apk ......
Getting apk info from https://play.google.com/store/apps/details?id=com.knipsoft.klaverjassen ......
Success to get info from Play Store
The lastest version of com.knipsoft.klaverjassen-1.apk is  5.01  
Done processing com.knipsoft.klaverjassen-1.apk
Time Spent:   0 Days 0 Hours 0 Minutes 4 Seconds

============================================================================
2/7 Starting processing com.magisto-1.apk ......
Getting apk info from https://play.google.com/store/apps/details?id=com.magisto ......
Success to get info from Play Store
The lastest version of com.magisto-1.apk is  3.0.3733  
Done processing com.magisto-1.apk
Time Spent:   0 Days 0 Hours 0 Minutes 7 Seconds

============================================================================
3/7 Starting processing com.naquatic.guncraft-1.apk ......
Getting apk info from https://play.google.com/store/apps/details?id=com.naquatic.guncraft ......
Success to get info from Play Store
The lastest version of com.naquatic.guncraft-1.apk is  1.7  
Done processing com.naquatic.guncraft-1.apk
Time Spent:   0 Days 0 Hours 0 Minutes 11 Seconds

============================================================================
4/7 Starting processing com.oovoo-1.apk ......
Getting apk info from https://play.google.com/store/apps/details?id=com.oovoo ......
Success to get info from Play Store
The lastest version of com.oovoo-1.apk is  2.0.6  
Done processing com.oovoo-1.apk
Time Spent:   0 Days 0 Hours 0 Minutes 15 Seconds

============================================================================
5/7 Starting processing jp.naver.SJFISHING-1.apk ......
Getting apk info from https://play.google.com/store/apps/details?id=jp.naver.SJFISHING ......
Success to get info from Play Store
The lastest version of jp.naver.SJFISHING-1.apk is  1.2.3  
Done processing jp.naver.SJFISHING-1.apk
Time Spent:   0 Days 0 Hours 0 Minutes 19 Seconds

============================================================================
6/7 Starting processing jp.naver.SJLGBUBBLE-1.apk ......
Getting apk info from https://play.google.com/store/apps/details?id=jp.naver.SJLGBUBBLE ......
Success to get info from Play Store
The lastest version of jp.naver.SJLGBUBBLE-1.apk is  1.5.3  
Done processing jp.naver.SJLGBUBBLE-1.apk
Time Spent:   0 Days 0 Hours 0 Minutes 23 Seconds

============================================================================
7/7 Starting processing jp.naver.SJLINEPANG-1.apk ......
Getting apk info from https://play.google.com/store/apps/details?id=jp.naver.SJLINEPANG ......
Success to get info from Play Store
The lastest version of jp.naver.SJLINEPANG-1.apk is  1.9.6  
Done processing jp.naver.SJLINEPANG-1.apk
Time Spent:   0 Days 0 Hours 0 Minutes 27 Seconds

============================================================================


**************************************************************
All Done
Total Time:   0 Days 0 Hours 0 Minutes 27 Seconds
Result Location:               /srv/www/htdocs/CV2/app/admin/scan_apk_version//results/AppInfo_2013-12-20-14-14-29.csv
**************************************************************
