Start processing app in list /share/Git-Apk/Updated_list from /share/Git-Apk/All_Apk  ......

============================================================================
1/5 Starting processing air.com.freshplanet.games.SongPopPremium-1.apk ......
Getting apk info from https://play.google.com/store/apps/details?id=air.com.freshplanet.games.SongPopPremium ......
Success to get info from Play Store
The lastest version of air.com.freshplanet.games.SongPopPremium-1.apk is  1.9.1  
Done processing air.com.freshplanet.games.SongPopPremium-1.apk
Time Spent:   0 Days 0 Hours 0 Minutes 4 Seconds

============================================================================
2/5 Starting processing com.com2us.sliceit-1.apk ......
Getting apk info from https://play.google.com/store/apps/details?id=com.com2us.sliceit ......
Success to get info from Play Store
The lastest version of com.com2us.sliceit-1.apk is  1.8.3  
Done processing com.com2us.sliceit-1.apk
Time Spent:   0 Days 0 Hours 0 Minutes 8 Seconds

============================================================================
3/5 Starting processing com.igg.bzbee.slotsdeluxe-1.apk ......
Getting apk info from https://play.google.com/store/apps/details?id=com.igg.bzbee.slotsdeluxe ......
Success to get info from Play Store
The lastest version of com.igg.bzbee.slotsdeluxe-1.apk is  1.5.4  
Done processing com.igg.bzbee.slotsdeluxe-1.apk
Time Spent:   0 Days 0 Hours 0 Minutes 12 Seconds

============================================================================
4/5 Starting processing com.melodis.midomiMusicIdentifier.freemium-1.apk ......
Getting apk info from https://play.google.com/store/apps/details?id=com.melodis.midomiMusicIdentifier.freemium ......
Success to get info from Play Store
The lastest version of com.melodis.midomiMusicIdentifier.freemium-1.apk is    Varies with device  
Done processing com.melodis.midomiMusicIdentifier.freemium-1.apk
Time Spent:   0 Days 0 Hours 0 Minutes 16 Seconds

============================================================================
5/5 Starting processing com.tap4fun.spartanwar-1.apk ......
Getting apk info from https://play.google.com/store/apps/details?id=com.tap4fun.spartanwar ......
Success to get info from Play Store
The lastest version of com.tap4fun.spartanwar-1.apk is  1.1.3  
Done processing com.tap4fun.spartanwar-1.apk
Time Spent:   0 Days 0 Hours 0 Minutes 19 Seconds

============================================================================


**************************************************************
All Done
Total Time:   0 Days 0 Hours 0 Minutes 19 Seconds
Result Location:               /srv/www/htdocs/CV2/app/admin/scan_apk_version//results/AppInfo_2013-12-24-10-41-57.csv
**************************************************************
