Start processing app in list /share/Git-Apk/Updated_list from /share/Git-Apk/All_Apk  ......

============================================================================
1/2 Starting processing com.google.android.apps.uploader-1.apk ......
Getting apk info from https://play.google.com/store/apps/details?id=com.google.android.apps.uploader ......
[ERROR] : Cannot find info of com.google.android.apps.uploader-1.apk on https://play.google.com/store/apps/details?id=com.google.android.apps.uploader !!!
Done processing com.google.android.apps.uploader-1.apk
Time Spent:   0 Days 0 Hours 0 Minutes 1 Seconds

============================================================================
2/2 Starting processing roman10.media.converter-1.apk ......
Getting apk info from https://play.google.com/store/apps/details?id=roman10.media.converter ......
Success to get info from Play Store
The lastest version of roman10.media.converter-1.apk is 1.5.6
Done processing roman10.media.converter-1.apk
Time Spent:   0 Days 0 Hours 0 Minutes 3 Seconds

============================================================================


**************************************************************
All Done
Total Time:   0 Days 0 Hours 0 Minutes 3 Seconds
Result Location:               /srv/www/htdocs/CV2/app/admin/scan_apk_version//results/AppInfo_2013-06-07-13-01-39.csv
**************************************************************
