Start processing app in list /share/Git-Apk/Updated_list from /share/Git-Apk/All_Apk  ......

============================================================================
1/26 Starting processing air.com.adobe.pstouchphone-1.apk ......
Getting apk info from https://play.google.com/store/apps/details?id=air.com.adobe.pstouchphone ......
Success to get info from Play Store
The lastest version of air.com.adobe.pstouchphone-1.apk is 1.0.1
Done processing air.com.adobe.pstouchphone-1.apk
Time Spent:   0 Days 0 Hours 0 Minutes 2 Seconds

============================================================================
2/26 Starting processing air.com.flipline.papasburgeriatogo-1.apk ......
Getting apk info from https://play.google.com/store/apps/details?id=air.com.flipline.papasburgeriatogo ......
Success to get info from Play Store
The lastest version of air.com.flipline.papasburgeriatogo-1.apk is 1.0.0
Done processing air.com.flipline.papasburgeriatogo-1.apk
Time Spent:   0 Days 0 Hours 0 Minutes 3 Seconds

============================================================================
3/26 Starting processing air.com.simonhasondesign.TacticalAssassin-1.apk ......
Getting apk info from https://play.google.com/store/apps/details?id=air.com.simonhasondesign.TacticalAssassin ......
Success to get info from Play Store
The lastest version of air.com.simonhasondesign.TacticalAssassin-1.apk is v1.0.2
Done processing air.com.simonhasondesign.TacticalAssassin-1.apk
Time Spent:   0 Days 0 Hours 0 Minutes 6 Seconds

============================================================================
4/26 Starting processing au.com.shiftyjelly.pocketcasts-1.apk ......
Getting apk info from https://play.google.com/store/apps/details?id=au.com.shiftyjelly.pocketcasts ......
Success to get info from Play Store
The lastest version of au.com.shiftyjelly.pocketcasts-1.apk is 4.1.6
Done processing au.com.shiftyjelly.pocketcasts-1.apk
Time Spent:   0 Days 0 Hours 0 Minutes 9 Seconds

============================================================================
5/26 Starting processing com.TrinketStudios.ColorSheep-1.apk ......
Getting apk info from https://play.google.com/store/apps/details?id=com.TrinketStudios.ColorSheep ......
Success to get info from Play Store
The lastest version of com.TrinketStudios.ColorSheep-1.apk is 1.03
Done processing com.TrinketStudios.ColorSheep-1.apk
Time Spent:   0 Days 0 Hours 0 Minutes 11 Seconds

============================================================================
6/26 Starting processing com.bulky.Yesterday.premium-1.apk ......
Getting apk info from https://play.google.com/store/apps/details?id=com.bulky.Yesterday.premium ......
Success to get info from Play Store
The lastest version of com.bulky.Yesterday.premium-1.apk is 1.5
Done processing com.bulky.Yesterday.premium-1.apk
Time Spent:   0 Days 0 Hours 0 Minutes 14 Seconds

============================================================================
7/26 Starting processing com.bulkypix.redneck-1.apk ......
Getting apk info from https://play.google.com/store/apps/details?id=com.bulkypix.redneck ......
Success to get info from Play Store
The lastest version of com.bulkypix.redneck-1.apk is 1.1.1
Done processing com.bulkypix.redneck-1.apk
Time Spent:   0 Days 0 Hours 0 Minutes 16 Seconds

============================================================================
8/26 Starting processing com.crescentmoongames.slingshotracing-1.apk ......
Getting apk info from https://play.google.com/store/apps/details?id=com.crescentmoongames.slingshotracing ......
Success to get info from Play Store
The lastest version of com.crescentmoongames.slingshotracing-1.apk is 1.3.1.1
Done processing com.crescentmoongames.slingshotracing-1.apk
Time Spent:   0 Days 0 Hours 0 Minutes 19 Seconds

============================================================================
9/26 Starting processing com.disney.ToyStorySmashIt.goo-1.apk ......
Getting apk info from https://play.google.com/store/apps/details?id=com.disney.ToyStorySmashIt.goo ......
Success to get info from Play Store
The lastest version of com.disney.ToyStorySmashIt.goo-1.apk is 1.01
Done processing com.disney.ToyStorySmashIt.goo-1.apk
Time Spent:   0 Days 0 Hours 0 Minutes 21 Seconds

============================================================================
10/26 Starting processing com.eightyeightgames.tenmillion-1.apk ......
Getting apk info from https://play.google.com/store/apps/details?id=com.eightyeightgames.tenmillion ......
Success to get info from Play Store
The lastest version of com.eightyeightgames.tenmillion-1.apk is 1.2.44
Done processing com.eightyeightgames.tenmillion-1.apk
Time Spent:   0 Days 0 Hours 0 Minutes 24 Seconds

============================================================================
11/26 Starting processing com.fde.avpevolution-1.apk ......
Getting apk info from https://play.google.com/store/apps/details?id=com.fde.avpevolution ......
Success to get info from Play Store
The lastest version of com.fde.avpevolution-1.apk is Varies with device
Done processing com.fde.avpevolution-1.apk
Time Spent:   0 Days 0 Hours 0 Minutes 26 Seconds

============================================================================
12/26 Starting processing com.fullfat.android.quarterback13-1.apk ......
Getting apk info from https://play.google.com/store/apps/details?id=com.fullfat.android.quarterback13 ......
Success to get info from Play Store
The lastest version of com.fullfat.android.quarterback13-1.apk is 1.0.3
Done processing com.fullfat.android.quarterback13-1.apk
Time Spent:   0 Days 0 Hours 0 Minutes 28 Seconds

============================================================================
13/26 Starting processing com.gameloft.android.ANMP.GloftSRHM-1.apk ......
Getting apk info from https://play.google.com/store/apps/details?id=com.gameloft.android.ANMP.GloftSRHM ......
Success to get info from Play Store
The lastest version of com.gameloft.android.ANMP.GloftSRHM-1.apk is 1.0.5
Done processing com.gameloft.android.ANMP.GloftSRHM-1.apk
Time Spent:   0 Days 0 Hours 0 Minutes 31 Seconds

============================================================================
14/26 Starting processing com.greatworldgames.wizardofoz-1.apk ......
Getting apk info from https://play.google.com/store/apps/details?id=com.greatworldgames.wizardofoz ......
Success to get info from Play Store
The lastest version of com.greatworldgames.wizardofoz-1.apk is 1.5
Done processing com.greatworldgames.wizardofoz-1.apk
Time Spent:   0 Days 0 Hours 0 Minutes 33 Seconds

============================================================================
15/26 Starting processing com.headupgames.bridgeconstructorplayground-1.apk ......
Getting apk info from https://play.google.com/store/apps/details?id=com.headupgames.bridgeconstructorplayground ......
Success to get info from Play Store
The lastest version of com.headupgames.bridgeconstructorplayground-1.apk is 1.1
Done processing com.headupgames.bridgeconstructorplayground-1.apk
Time Spent:   0 Days 0 Hours 0 Minutes 36 Seconds

============================================================================
16/26 Starting processing com.kerosenegames.bsep1-1.apk ......
Getting apk info from https://play.google.com/store/apps/details?id=com.kerosenegames.bsep1 ......
Success to get info from Play Store
The lastest version of com.kerosenegames.bsep1-1.apk is Varies with device
Done processing com.kerosenegames.bsep1-1.apk
Time Spent:   0 Days 0 Hours 0 Minutes 39 Seconds

============================================================================
17/26 Starting processing com.kwnetzwelt.Marbelous-1.apk ......
Getting apk info from https://play.google.com/store/apps/details?id=com.kwnetzwelt.Marbelous ......
Success to get info from Play Store
The lastest version of com.kwnetzwelt.Marbelous-1.apk is Varies with device
Done processing com.kwnetzwelt.Marbelous-1.apk
Time Spent:   0 Days 0 Hours 0 Minutes 41 Seconds

============================================================================
18/26 Starting processing com.notdoppler.earntodie-1.apk ......
Getting apk info from https://play.google.com/store/apps/details?id=com.notdoppler.earntodie ......
Success to get info from Play Store
The lastest version of com.notdoppler.earntodie-1.apk is 1.0.6
Done processing com.notdoppler.earntodie-1.apk
Time Spent:   0 Days 0 Hours 0 Minutes 43 Seconds

============================================================================
19/26 Starting processing com.octoindustries.zombieminesweeper.full-1.apk ......
Getting apk info from https://play.google.com/store/apps/details?id=com.octoindustries.zombieminesweeper.full ......
Success to get info from Play Store
The lastest version of com.octoindustries.zombieminesweeper.full-1.apk is Varies with device
Done processing com.octoindustries.zombieminesweeper.full-1.apk
Time Spent:   0 Days 0 Hours 0 Minutes 46 Seconds

============================================================================
20/26 Starting processing com.sonypicturestelevision.wheeloffortune30-1.apk ......
Getting apk info from https://play.google.com/store/apps/details?id=com.sonypicturestelevision.wheeloffortune30 ......
Success to get info from Play Store
The lastest version of com.sonypicturestelevision.wheeloffortune30-1.apk is 1.1.1
Done processing com.sonypicturestelevision.wheeloffortune30-1.apk
Time Spent:   0 Days 0 Hours 0 Minutes 49 Seconds

============================================================================
21/26 Starting processing com.studioevil.syderarcadehd-1.apk ......
Getting apk info from https://play.google.com/store/apps/details?id=com.studioevil.syderarcadehd ......
Success to get info from Play Store
The lastest version of com.studioevil.syderarcadehd-1.apk is 1.31
Done processing com.studioevil.syderarcadehd-1.apk
Time Spent:   0 Days 0 Hours 0 Minutes 51 Seconds

============================================================================
22/26 Starting processing com.tesseractmobile.solitairemulti-1.apk ......
Getting apk info from https://play.google.com/store/apps/details?id=com.tesseractmobile.solitairemulti ......
Success to get info from Play Store
The lastest version of com.tesseractmobile.solitairemulti-1.apk is 9.5.1
Done processing com.tesseractmobile.solitairemulti-1.apk
Time Spent:   0 Days 0 Hours 0 Minutes 53 Seconds

============================================================================
23/26 Starting processing com.turner.jft-1.apk ......
Getting apk info from https://play.google.com/store/apps/details?id=com.turner.jft ......
Success to get info from Play Store
The lastest version of com.turner.jft-1.apk is 1.07
Done processing com.turner.jft-1.apk
Time Spent:   0 Days 0 Hours 0 Minutes 56 Seconds

============================================================================
24/26 Starting processing com.whitewhalegames.godofblades-1.apk ......
Getting apk info from https://play.google.com/store/apps/details?id=com.whitewhalegames.godofblades ......
Success to get info from Play Store
The lastest version of com.whitewhalegames.godofblades-1.apk is 1.0.1
Done processing com.whitewhalegames.godofblades-1.apk
Time Spent:   0 Days 0 Hours 0 Minutes 58 Seconds

============================================================================
25/26 Starting processing com.zenstudios.StarWarsPinball-1.apk ......
Getting apk info from https://play.google.com/store/apps/details?id=com.zenstudios.StarWarsPinball ......
Success to get info from Play Store
The lastest version of com.zenstudios.StarWarsPinball-1.apk is 1.0.2
Done processing com.zenstudios.StarWarsPinball-1.apk
Time Spent:   0 Days 0 Hours 1 Minutes 1 Seconds

============================================================================
26/26 Starting processing games.laylio.mightydungeons-1.apk ......
Getting apk info from https://play.google.com/store/apps/details?id=games.laylio.mightydungeons ......
Success to get info from Play Store
The lastest version of games.laylio.mightydungeons-1.apk is 1.3.3
Done processing games.laylio.mightydungeons-1.apk
Time Spent:   0 Days 0 Hours 1 Minutes 3 Seconds

============================================================================


**************************************************************
All Done
Total Time:   0 Days 0 Hours 1 Minutes 3 Seconds
Result Location:               /srv/www/htdocs/CV2/app/admin/scan_apk_version//results/AppInfo_2013-03-29-09-53-24.csv
**************************************************************
