Start processing app in list /share/Git-Apk/Updated_list from /share/Git-Apk/All_Apk  ......

============================================================================
1/2 Starting processing de.mneuroth.gnuplotviewerfree-1.apk ......
Getting apk info from https://play.google.com/store/apps/details?id=de.mneuroth.gnuplotviewerfree ......
Success to get info from Play Store
The lastest version of de.mneuroth.gnuplotviewerfree-1.apk is 1.0
Done processing de.mneuroth.gnuplotviewerfree-1.apk
Time Spent:   0 Days 0 Hours 0 Minutes 2 Seconds

============================================================================
2/2 Starting processing jp.yhonda-1.apk ......
Getting apk info from https://play.google.com/store/apps/details?id=jp.yhonda ......
Success to get info from Play Store
The lastest version of jp.yhonda-1.apk is 1.6
Done processing jp.yhonda-1.apk
Time Spent:   0 Days 0 Hours 0 Minutes 4 Seconds

============================================================================


**************************************************************
All Done
Total Time:   0 Days 0 Hours 0 Minutes 4 Seconds
Result Location:               /srv/www/htdocs/CV2/app/admin/scan_apk_version//results/AppInfo_2013-02-16-15-02-30.csv
**************************************************************
