Start processing app in list /share/Git-Apk/Updated_list from /share/Git-Apk/All_Apk  ......

============================================================================
1/4 Starting processing com.com2us.HB3DLITE-1.apk ......
Getting apk info from https://play.google.com/store/apps/details?id=com.com2us.HB3DLITE ......
Success to get info from Play Store
The lastest version of com.com2us.HB3DLITE-1.apk is  1.8.2  
Done processing com.com2us.HB3DLITE-1.apk
Time Spent:   0 Days 0 Hours 0 Minutes 4 Seconds

============================================================================
2/4 Starting processing com.google.android.apps.docs-1.apk ......
Getting apk info from https://play.google.com/store/apps/details?id=com.google.android.apps.docs ......
Success to get info from Play Store
The lastest version of com.google.android.apps.docs-1.apk is    Varies with device  
Done processing com.google.android.apps.docs-1.apk
Time Spent:   0 Days 0 Hours 0 Minutes 8 Seconds

============================================================================
3/4 Starting processing com.google.android.apps.translate-1.apk ......
Getting apk info from https://play.google.com/store/apps/details?id=com.google.android.apps.translate ......
Success to get info from Play Store
The lastest version of com.google.android.apps.translate-1.apk is    Varies with device  
Done processing com.google.android.apps.translate-1.apk
Time Spent:   0 Days 0 Hours 0 Minutes 13 Seconds

============================================================================
4/4 Starting processing com.hyperdevbox.spectralsouls-1.apk ......
Getting apk info from https://play.google.com/store/apps/details?id=com.hyperdevbox.spectralsouls ......
Success to get info from Play Store
The lastest version of com.hyperdevbox.spectralsouls-1.apk is  2.9  
Done processing com.hyperdevbox.spectralsouls-1.apk
Time Spent:   0 Days 0 Hours 0 Minutes 16 Seconds

============================================================================


**************************************************************
All Done
Total Time:   0 Days 0 Hours 0 Minutes 16 Seconds
Result Location:               /srv/www/htdocs/CV2/app/admin/scan_apk_version//results/AppInfo_2013-12-26-11-45-02.csv
**************************************************************
