Start processing app in list /share/Git-Apk/Updated_list from /share/Git-Apk/All_Apk  ......

============================================================================
1/138 Starting processing Game.SpeedMoto-1.apk ......
Getting apk info from https://play.google.com/store/apps/details?id=Game.SpeedMoto ......
Success to get info from Play Store
The lastest version of Game.SpeedMoto-1.apk is  1.1.7  
Done processing Game.SpeedMoto-1.apk
Time Spent:   0 Days 0 Hours 0 Minutes 3 Seconds

============================================================================
2/138 Starting processing air.ClearVision17plus-1.apk ......
Getting apk info from https://play.google.com/store/apps/details?id=air.ClearVision17plus ......
Success to get info from Play Store
The lastest version of air.ClearVision17plus-1.apk is  1.0  
Done processing air.ClearVision17plus-1.apk
Time Spent:   0 Days 0 Hours 0 Minutes 7 Seconds

============================================================================
3/138 Starting processing air.com.bitrhymes.bingo-1.apk ......
Getting apk info from https://play.google.com/store/apps/details?id=air.com.bitrhymes.bingo ......
Success to get info from Play Store
The lastest version of air.com.bitrhymes.bingo-1.apk is    Varies with device  
Done processing air.com.bitrhymes.bingo-1.apk
Time Spent:   0 Days 0 Hours 0 Minutes 11 Seconds

============================================================================
4/138 Starting processing air.com.buffalo_studios.newflashbingo-1.apk ......
Getting apk info from https://play.google.com/store/apps/details?id=air.com.buffalo_studios.newflashbingo ......
Success to get info from Play Store
The lastest version of air.com.buffalo_studios.newflashbingo-1.apk is  2.24.0  
Done processing air.com.buffalo_studios.newflashbingo-1.apk
Time Spent:   0 Days 0 Hours 0 Minutes 14 Seconds

============================================================================
5/138 Starting processing air.com.playtika.slotomania-1.apk ......
Getting apk info from https://play.google.com/store/apps/details?id=air.com.playtika.slotomania ......
Success to get info from Play Store
The lastest version of air.com.playtika.slotomania-1.apk is    Varies with device  
Done processing air.com.playtika.slotomania-1.apk
Time Spent:   0 Days 0 Hours 0 Minutes 18 Seconds

============================================================================
6/138 Starting processing air.couk.hamzagames.hungryfish3d-1.apk ......
Getting apk info from https://play.google.com/store/apps/details?id=air.couk.hamzagames.hungryfish3d ......
Success to get info from Play Store
The lastest version of air.couk.hamzagames.hungryfish3d-1.apk is  3.0  
Done processing air.couk.hamzagames.hungryfish3d-1.apk
Time Spent:   0 Days 0 Hours 0 Minutes 23 Seconds

============================================================================
7/138 Starting processing air.xtremair-1.apk ......
Getting apk info from https://play.google.com/store/apps/details?id=air.xtremair ......
Success to get info from Play Store
The lastest version of air.xtremair-1.apk is  2.0.114  
Done processing air.xtremair-1.apk
Time Spent:   0 Days 0 Hours 0 Minutes 26 Seconds

============================================================================
8/138 Starting processing br.com.beholdstudios.knightspp-1.apk ......
Getting apk info from https://play.google.com/store/apps/details?id=br.com.beholdstudios.knightspp ......
Success to get info from Play Store
The lastest version of br.com.beholdstudios.knightspp-1.apk is  2.08  
Done processing br.com.beholdstudios.knightspp-1.apk
Time Spent:   0 Days 0 Hours 0 Minutes 30 Seconds

============================================================================
9/138 Starting processing com.HBO-1.apk ......
Getting apk info from https://play.google.com/store/apps/details?id=com.HBO ......
Success to get info from Play Store
The lastest version of com.HBO-1.apk is  2.1.11  
Done processing com.HBO-1.apk
Time Spent:   0 Days 0 Hours 0 Minutes 34 Seconds

============================================================================
10/138 Starting processing com.aitype.android.p-1.apk ......
Getting apk info from https://play.google.com/store/apps/details?id=com.aitype.android.p ......
Success to get info from Play Store
The lastest version of com.aitype.android.p-1.apk is  1.9.9.5  
Done processing com.aitype.android.p-1.apk
Time Spent:   0 Days 0 Hours 0 Minutes 39 Seconds

============================================================================
11/138 Starting processing com.am.BomberMine-1.apk ......
Getting apk info from https://play.google.com/store/apps/details?id=com.am.BomberMine ......
Success to get info from Play Store
The lastest version of com.am.BomberMine-1.apk is  1.3.0  
Done processing com.am.BomberMine-1.apk
Time Spent:   0 Days 0 Hours 0 Minutes 43 Seconds

============================================================================
12/138 Starting processing com.appgame7.friutslegend-1.apk ......
Getting apk info from https://play.google.com/store/apps/details?id=com.appgame7.friutslegend ......
Success to get info from Play Store
The lastest version of com.appgame7.friutslegend-1.apk is  1.0.7  
Done processing com.appgame7.friutslegend-1.apk
Time Spent:   0 Days 0 Hours 0 Minutes 47 Seconds

============================================================================
13/138 Starting processing com.auxbrain.zombie_highway-1.apk ......
Getting apk info from https://play.google.com/store/apps/details?id=com.auxbrain.zombie_highway ......
Success to get info from Play Store
The lastest version of com.auxbrain.zombie_highway-1.apk is  1.6  
Done processing com.auxbrain.zombie_highway-1.apk
Time Spent:   0 Days 0 Hours 0 Minutes 51 Seconds

============================================================================
14/138 Starting processing com.awesomecargames.mountainclimbrace-1.apk ......
Getting apk info from https://play.google.com/store/apps/details?id=com.awesomecargames.mountainclimbrace ......
Success to get info from Play Store
The lastest version of com.awesomecargames.mountainclimbrace-1.apk is  1.0.16  
Done processing com.awesomecargames.mountainclimbrace-1.apk
Time Spent:   0 Days 0 Hours 0 Minutes 55 Seconds

============================================================================
15/138 Starting processing com.backflipstudios.android.dragonvale-1.apk ......
Getting apk info from https://play.google.com/store/apps/details?id=com.backflipstudios.android.dragonvale ......
Success to get info from Play Store
The lastest version of com.backflipstudios.android.dragonvale-1.apk is  1.16.2  
Done processing com.backflipstudios.android.dragonvale-1.apk
Time Spent:   0 Days 0 Hours 0 Minutes 59 Seconds

============================================================================
16/138 Starting processing com.bf.sgs-1.apk ......
Getting apk info from https://play.google.com/store/apps/details?id=com.bf.sgs ......
Success to get info from Play Store
The lastest version of com.bf.sgs-1.apk is  2.2.6  
Done processing com.bf.sgs-1.apk
Time Spent:   0 Days 0 Hours 1 Minutes 4 Seconds

============================================================================
17/138 Starting processing com.bigduckgames.flowbridges-1.apk ......
Getting apk info from https://play.google.com/store/apps/details?id=com.bigduckgames.flowbridges ......
Success to get info from Play Store
The lastest version of com.bigduckgames.flowbridges-1.apk is  1.3  
Done processing com.bigduckgames.flowbridges-1.apk
Time Spent:   0 Days 0 Hours 1 Minutes 8 Seconds

============================================================================
18/138 Starting processing com.bonfiremedia.dots-1.apk ......
Getting apk info from https://play.google.com/store/apps/details?id=com.bonfiremedia.dots ......
Success to get info from Play Store
The lastest version of com.bonfiremedia.dots-1.apk is  1.20  
Done processing com.bonfiremedia.dots-1.apk
Time Spent:   0 Days 0 Hours 1 Minutes 12 Seconds

============================================================================
19/138 Starting processing com.brainium.solitaire-1.apk ......
Getting apk info from https://play.google.com/store/apps/details?id=com.brainium.solitaire ......
Success to get info from Play Store
The lastest version of com.brainium.solitaire-1.apk is  1.3.2  
Done processing com.brainium.solitaire-1.apk
Time Spent:   0 Days 0 Hours 1 Minutes 16 Seconds

============================================================================
20/138 Starting processing com.bumptech.bumpga-1.apk ......
Getting apk info from https://play.google.com/store/apps/details?id=com.bumptech.bumpga ......
Success to get info from Play Store
The lastest version of com.bumptech.bumpga-1.apk is  3.6.9  
Done processing com.bumptech.bumpga-1.apk
Time Spent:   0 Days 0 Hours 1 Minutes 20 Seconds

============================================================================
21/138 Starting processing com.byril.battleship-1.apk ......
Getting apk info from https://play.google.com/store/apps/details?id=com.byril.battleship ......
Success to get info from Play Store
The lastest version of com.byril.battleship-1.apk is  1.1.1  
Done processing com.byril.battleship-1.apk
Time Spent:   0 Days 0 Hours 1 Minutes 24 Seconds

============================================================================
22/138 Starting processing com.capybaragames.sworcery-1.apk ......
Getting apk info from https://play.google.com/store/apps/details?id=com.capybaragames.sworcery ......
Success to get info from Play Store
The lastest version of com.capybaragames.sworcery-1.apk is  1.0.13.1  
Done processing com.capybaragames.sworcery-1.apk
Time Spent:   0 Days 0 Hours 1 Minutes 28 Seconds

============================================================================
23/138 Starting processing com.clearchannel.iheartradio.controller-1.apk ......
Getting apk info from https://play.google.com/store/apps/details?id=com.clearchannel.iheartradio.controller ......
Success to get info from Play Store
The lastest version of com.clearchannel.iheartradio.controller-1.apk is    Varies with device  
Done processing com.clearchannel.iheartradio.controller-1.apk
Time Spent:   0 Days 0 Hours 1 Minutes 31 Seconds

============================================================================
24/138 Starting processing com.clov4r.android.nil-1.apk ......
Getting apk info from https://play.google.com/store/apps/details?id=com.clov4r.android.nil ......
Success to get info from Play Store
The lastest version of com.clov4r.android.nil-1.apk is  1.3.269  
Done processing com.clov4r.android.nil-1.apk
Time Spent:   0 Days 0 Hours 1 Minutes 35 Seconds

============================================================================
25/138 Starting processing com.com2us.HB3DLITE-1.apk ......
Getting apk info from https://play.google.com/store/apps/details?id=com.com2us.HB3DLITE ......
Success to get info from Play Store
The lastest version of com.com2us.HB3DLITE-1.apk is  1.8.1  
Done processing com.com2us.HB3DLITE-1.apk
Time Spent:   0 Days 0 Hours 1 Minutes 40 Seconds

============================================================================
26/138 Starting processing com.dasur.slideit-1.apk ......
Getting apk info from https://play.google.com/store/apps/details?id=com.dasur.slideit ......
Success to get info from Play Store
The lastest version of com.dasur.slideit-1.apk is    Varies with device  
Done processing com.dasur.slideit-1.apk
Time Spent:   0 Days 0 Hours 1 Minutes 45 Seconds

============================================================================
27/138 Starting processing com.debia.rebusisto-1.apk ......
Getting apk info from https://play.google.com/store/apps/details?id=com.debia.rebusisto ......
Success to get info from Play Store
The lastest version of com.debia.rebusisto-1.apk is  1.66  
Done processing com.debia.rebusisto-1.apk
Time Spent:   0 Days 0 Hours 1 Minutes 50 Seconds

============================================================================
28/138 Starting processing com.djinnworks.RopeFly.full-1.apk ......
Getting apk info from https://play.google.com/store/apps/details?id=com.djinnworks.RopeFly.full ......
Success to get info from Play Store
The lastest version of com.djinnworks.RopeFly.full-1.apk is  2.0  
Done processing com.djinnworks.RopeFly.full-1.apk
Time Spent:   0 Days 0 Hours 1 Minutes 55 Seconds

============================================================================
29/138 Starting processing com.djinnworks.linerunnerfree-1.apk ......
Getting apk info from https://play.google.com/store/apps/details?id=com.djinnworks.linerunnerfree ......
Success to get info from Play Store
The lastest version of com.djinnworks.linerunnerfree-1.apk is  3.9  
Done processing com.djinnworks.linerunnerfree-1.apk
Time Spent:   0 Days 0 Hours 2 Minutes 0 Seconds

============================================================================
30/138 Starting processing com.dotemu.anotherworld-1.apk ......
Getting apk info from https://play.google.com/store/apps/details?id=com.dotemu.anotherworld ......
Success to get info from Play Store
The lastest version of com.dotemu.anotherworld-1.apk is  1.1.2  
Done processing com.dotemu.anotherworld-1.apk
Time Spent:   0 Days 0 Hours 2 Minutes 5 Seconds

============================================================================
31/138 Starting processing com.dotemu.neogeo.mslug-1.apk ......
Getting apk info from https://play.google.com/store/apps/details?id=com.dotemu.neogeo.mslug ......
Success to get info from Play Store
The lastest version of com.dotemu.neogeo.mslug-1.apk is  1.0  
Done processing com.dotemu.neogeo.mslug-1.apk
Time Spent:   0 Days 0 Hours 2 Minutes 9 Seconds

============================================================================
32/138 Starting processing com.dotemu.rtype-1.apk ......
Getting apk info from https://play.google.com/store/apps/details?id=com.dotemu.rtype ......
Success to get info from Play Store
The lastest version of com.dotemu.rtype-1.apk is    Varies with device  
Done processing com.dotemu.rtype-1.apk
Time Spent:   0 Days 0 Hours 2 Minutes 13 Seconds

============================================================================
33/138 Starting processing com.droidhen.game.poker-1.apk ......
Getting apk info from https://play.google.com/store/apps/details?id=com.droidhen.game.poker ......
Success to get info from Play Store
The lastest version of com.droidhen.game.poker-1.apk is  1.3.9  
Done processing com.droidhen.game.poker-1.apk
Time Spent:   0 Days 0 Hours 2 Minutes 17 Seconds

============================================================================
34/138 Starting processing com.ea.game.simpsons4_na-1.apk ......
Getting apk info from https://play.google.com/store/apps/details?id=com.ea.game.simpsons4_na ......
Success to get info from Play Store
The lastest version of com.ea.game.simpsons4_na-1.apk is  4.4.0  
Done processing com.ea.game.simpsons4_na-1.apk
Time Spent:   0 Days 0 Hours 2 Minutes 23 Seconds

============================================================================
35/138 Starting processing com.ea.tetrisblitz_na-1.apk ......
Getting apk info from https://play.google.com/store/apps/details?id=com.ea.tetrisblitz_na ......
Success to get info from Play Store
The lastest version of com.ea.tetrisblitz_na-1.apk is  1.1.0  
Done processing com.ea.tetrisblitz_na-1.apk
Time Spent:   0 Days 0 Hours 2 Minutes 28 Seconds

============================================================================
36/138 Starting processing com.facebook.katana-1.apk ......
Getting apk info from https://play.google.com/store/apps/details?id=com.facebook.katana ......
Success to get info from Play Store
The lastest version of com.facebook.katana-1.apk is    Varies with device  
Done processing com.facebook.katana-1.apk
Time Spent:   0 Days 0 Hours 2 Minutes 33 Seconds

============================================================================
37/138 Starting processing com.fallentreegames.quellreflect-1.apk ......
Getting apk info from https://play.google.com/store/apps/details?id=com.fallentreegames.quellreflect ......
Success to get info from Play Store
The lastest version of com.fallentreegames.quellreflect-1.apk is    Varies with device  
Done processing com.fallentreegames.quellreflect-1.apk
Time Spent:   0 Days 0 Hours 2 Minutes 37 Seconds

============================================================================
38/138 Starting processing com.fastemulator.gbafree-1.apk ......
Getting apk info from https://play.google.com/store/apps/details?id=com.fastemulator.gbafree ......
Success to get info from Play Store
The lastest version of com.fastemulator.gbafree-1.apk is  1.5.6  
Done processing com.fastemulator.gbafree-1.apk
Time Spent:   0 Days 0 Hours 2 Minutes 41 Seconds

============================================================================
39/138 Starting processing com.firemaplegames.thelostcity-1.apk ......
Getting apk info from https://play.google.com/store/apps/details?id=com.firemaplegames.thelostcity ......
Success to get info from Play Store
The lastest version of com.firemaplegames.thelostcity-1.apk is  1.0  
Done processing com.firemaplegames.thelostcity-1.apk
Time Spent:   0 Days 0 Hours 2 Minutes 45 Seconds

============================================================================
40/138 Starting processing com.fms.vgba-1.apk ......
Getting apk info from https://play.google.com/store/apps/details?id=com.fms.vgba ......
Success to get info from Play Store
The lastest version of com.fms.vgba-1.apk is  4.1.9  
Done processing com.fms.vgba-1.apk
Time Spent:   0 Days 0 Hours 2 Minutes 50 Seconds

============================================================================
41/138 Starting processing com.gamehivecorp.kicktheboss2r-1.apk ......
Getting apk info from https://play.google.com/store/apps/details?id=com.gamehivecorp.kicktheboss2r ......
Success to get info from Play Store
The lastest version of com.gamehivecorp.kicktheboss2r-1.apk is  1.80  
Done processing com.gamehivecorp.kicktheboss2r-1.apk
Time Spent:   0 Days 0 Hours 2 Minutes 54 Seconds

============================================================================
42/138 Starting processing com.gameinsight.battletowersandroid-1.apk ......
Getting apk info from https://play.google.com/store/apps/details?id=com.gameinsight.battletowersandroid ......
Success to get info from Play Store
The lastest version of com.gameinsight.battletowersandroid-1.apk is  1.26  
Done processing com.gameinsight.battletowersandroid-1.apk
Time Spent:   0 Days 0 Hours 2 Minutes 59 Seconds

============================================================================
43/138 Starting processing com.gamelion.Jeopardy_HTCMyTouch3G_EN-1.apk ......
Getting apk info from https://play.google.com/store/apps/details?id=com.gamelion.Jeopardy_HTCMyTouch3G_EN ......
Success to get info from Play Store
The lastest version of com.gamelion.Jeopardy_HTCMyTouch3G_EN-1.apk is  2.5.1  
Done processing com.gamelion.Jeopardy_HTCMyTouch3G_EN-1.apk
Time Spent:   0 Days 0 Hours 3 Minutes 3 Seconds

============================================================================
44/138 Starting processing com.gameloft.android.ANMP.GloftDMHM-1.apk ......
Getting apk info from https://play.google.com/store/apps/details?id=com.gameloft.android.ANMP.GloftDMHM ......
Success to get info from Play Store
The lastest version of com.gameloft.android.ANMP.GloftDMHM-1.apk is  1.1.0  
Done processing com.gameloft.android.ANMP.GloftDMHM-1.apk
Time Spent:   0 Days 0 Hours 3 Minutes 9 Seconds

============================================================================
45/138 Starting processing com.gamevil.doz.global-1.apk ......
Getting apk info from https://play.google.com/store/apps/details?id=com.gamevil.doz.global ......
Success to get info from Play Store
The lastest version of com.gamevil.doz.global-1.apk is  1.1.4  
Done processing com.gamevil.doz.global-1.apk
Time Spent:   0 Days 0 Hours 3 Minutes 15 Seconds

============================================================================
46/138 Starting processing com.gamevil.fishing.global-1.apk ......
Getting apk info from https://play.google.com/store/apps/details?id=com.gamevil.fishing.global ......
Success to get info from Play Store
The lastest version of com.gamevil.fishing.global-1.apk is  1.4.2  
Done processing com.gamevil.fishing.global-1.apk
Time Spent:   0 Days 0 Hours 3 Minutes 21 Seconds

============================================================================
47/138 Starting processing com.gcm.bndc-1.apk ......
Getting apk info from https://play.google.com/store/apps/details?id=com.gcm.bndc ......
Success to get info from Play Store
The lastest version of com.gcm.bndc-1.apk is  4.3  
Done processing com.gcm.bndc-1.apk
Time Spent:   0 Days 0 Hours 3 Minutes 24 Seconds

============================================================================
48/138 Starting processing com.glu.flcn_new-1.apk ......
Getting apk info from https://play.google.com/store/apps/details?id=com.glu.flcn_new ......
Success to get info from Play Store
The lastest version of com.glu.flcn_new-1.apk is  1.4.0  
Done processing com.glu.flcn_new-1.apk
Time Spent:   0 Days 0 Hours 3 Minutes 30 Seconds

============================================================================
49/138 Starting processing com.google.android.googlequicksearchbox-1.apk ......
Getting apk info from https://play.google.com/store/apps/details?id=com.google.android.googlequicksearchbox ......
Success to get info from Play Store
The lastest version of com.google.android.googlequicksearchbox-1.apk is    Varies with device  
Done processing com.google.android.googlequicksearchbox-1.apk
Time Spent:   0 Days 0 Hours 3 Minutes 36 Seconds

============================================================================
50/138 Starting processing com.google.android.talk-1.apk ......
Getting apk info from https://play.google.com/store/apps/details?id=com.google.android.talk ......
Success to get info from Play Store
The lastest version of com.google.android.talk-1.apk is  1.1.1.753199  
Done processing com.google.android.talk-1.apk
Time Spent:   0 Days 0 Hours 3 Minutes 42 Seconds

============================================================================
51/138 Starting processing com.google.android.videos-1.apk ......
Getting apk info from https://play.google.com/store/apps/details?id=com.google.android.videos ......
Success to get info from Play Store
The lastest version of com.google.android.videos-1.apk is    Varies with device  
Done processing com.google.android.videos-1.apk
Time Spent:   0 Days 0 Hours 3 Minutes 48 Seconds

============================================================================
52/138 Starting processing com.gtp.nextlauncher-1.apk ......
Getting apk info from https://play.google.com/store/apps/details?id=com.gtp.nextlauncher ......
Success to get info from Play Store
The lastest version of com.gtp.nextlauncher-1.apk is  1.52  
Done processing com.gtp.nextlauncher-1.apk
Time Spent:   0 Days 0 Hours 3 Minutes 54 Seconds

============================================================================
53/138 Starting processing com.guildsoftware.vendetta-1.apk ......
Getting apk info from https://play.google.com/store/apps/details?id=com.guildsoftware.vendetta ......
Success to get info from Play Store
The lastest version of com.guildsoftware.vendetta-1.apk is  1.8.259  
Done processing com.guildsoftware.vendetta-1.apk
Time Spent:   0 Days 0 Hours 3 Minutes 58 Seconds

============================================================================
54/138 Starting processing com.gvoip-1.apk ......
Getting apk info from https://play.google.com/store/apps/details?id=com.gvoip ......
Success to get info from Play Store
The lastest version of com.gvoip-1.apk is  1.3.12  
Done processing com.gvoip-1.apk
Time Spent:   0 Days 0 Hours 4 Minutes 3 Seconds

============================================================================
55/138 Starting processing com.headupgames.bridgeconstructor-1.apk ......
Getting apk info from https://play.google.com/store/apps/details?id=com.headupgames.bridgeconstructor ......
Success to get info from Play Store
The lastest version of com.headupgames.bridgeconstructor-1.apk is  2.2  
Done processing com.headupgames.bridgeconstructor-1.apk
Time Spent:   0 Days 0 Hours 4 Minutes 6 Seconds

============================================================================
56/138 Starting processing com.herocraft.game.raceillegal-1.apk ......
Getting apk info from https://play.google.com/store/apps/details?id=com.herocraft.game.raceillegal ......
Success to get info from Play Store
The lastest version of com.herocraft.game.raceillegal-1.apk is  1.0.6  
Done processing com.herocraft.game.raceillegal-1.apk
Time Spent:   0 Days 0 Hours 4 Minutes 12 Seconds

============================================================================
57/138 Starting processing com.htwgames.kunundrum-1.apk ......
Getting apk info from https://play.google.com/store/apps/details?id=com.htwgames.kunundrum ......
Success to get info from Play Store
The lastest version of com.htwgames.kunundrum-1.apk is  1.10  
Done processing com.htwgames.kunundrum-1.apk
Time Spent:   0 Days 0 Hours 4 Minutes 15 Seconds

============================================================================
58/138 Starting processing com.hz.game.cd-1.apk ......
Getting apk info from https://play.google.com/store/apps/details?id=com.hz.game.cd ......
Success to get info from Play Store
The lastest version of com.hz.game.cd-1.apk is  1.2.7  
Done processing com.hz.game.cd-1.apk
Time Spent:   0 Days 0 Hours 4 Minutes 20 Seconds

============================================================================
59/138 Starting processing com.icloudzone.DeathMoto-1.apk ......
Getting apk info from https://play.google.com/store/apps/details?id=com.icloudzone.DeathMoto ......
Success to get info from Play Store
The lastest version of com.icloudzone.DeathMoto-1.apk is  1.1.4  
Done processing com.icloudzone.DeathMoto-1.apk
Time Spent:   0 Days 0 Hours 4 Minutes 24 Seconds

============================================================================
60/138 Starting processing com.icloudzone.crazyclimber-1.apk ......
Getting apk info from https://play.google.com/store/apps/details?id=com.icloudzone.crazyclimber ......
Success to get info from Play Store
The lastest version of com.icloudzone.crazyclimber-1.apk is  1.0.7  
Done processing com.icloudzone.crazyclimber-1.apk
Time Spent:   0 Days 0 Hours 4 Minutes 28 Seconds

============================================================================
61/138 Starting processing com.idoing.sniper-1.apk ......
Getting apk info from https://play.google.com/store/apps/details?id=com.idoing.sniper ......
Success to get info from Play Store
The lastest version of com.idoing.sniper-1.apk is  1.0.6  
Done processing com.idoing.sniper-1.apk
Time Spent:   0 Days 0 Hours 4 Minutes 32 Seconds

============================================================================
62/138 Starting processing com.igg.bzbee.slotsdeluxe-1.apk ......
Getting apk info from https://play.google.com/store/apps/details?id=com.igg.bzbee.slotsdeluxe ......
Success to get info from Play Store
The lastest version of com.igg.bzbee.slotsdeluxe-1.apk is  1.4.0  
Done processing com.igg.bzbee.slotsdeluxe-1.apk
Time Spent:   0 Days 0 Hours 4 Minutes 37 Seconds

============================================================================
63/138 Starting processing com.igg.heroes_monsters-1.apk ......
Getting apk info from https://play.google.com/store/apps/details?id=com.igg.heroes_monsters ......
Success to get info from Play Store
The lastest version of com.igg.heroes_monsters-1.apk is  3.1  
Done processing com.igg.heroes_monsters-1.apk
Time Spent:   0 Days 0 Hours 4 Minutes 42 Seconds

============================================================================
64/138 Starting processing com.integer3d.dirtroadtrucker-1.apk ......
Getting apk info from https://play.google.com/store/apps/details?id=com.integer3d.dirtroadtrucker ......
Success to get info from Play Store
The lastest version of com.integer3d.dirtroadtrucker-1.apk is  1.4.3  
Done processing com.integer3d.dirtroadtrucker-1.apk
Time Spent:   0 Days 0 Hours 4 Minutes 45 Seconds

============================================================================
65/138 Starting processing com.intsig.BizCardReader-1.apk ......
Getting apk info from https://play.google.com/store/apps/details?id=com.intsig.BizCardReader ......
Success to get info from Play Store
The lastest version of com.intsig.BizCardReader-1.apk is  4.1.0_20130617  
Done processing com.intsig.BizCardReader-1.apk
Time Spent:   0 Days 0 Hours 4 Minutes 51 Seconds

============================================================================
66/138 Starting processing com.intsig.camscanner-1.apk ......
Getting apk info from https://play.google.com/store/apps/details?id=com.intsig.camscanner ......
Success to get info from Play Store
The lastest version of com.intsig.camscanner-1.apk is  2.5.0.20130711  
Done processing com.intsig.camscanner-1.apk
Time Spent:   0 Days 0 Hours 4 Minutes 56 Seconds

============================================================================
67/138 Starting processing com.itchmedia.whatstheword-1.apk ......
Getting apk info from https://play.google.com/store/apps/details?id=com.itchmedia.whatstheword ......
Success to get info from Play Store
The lastest version of com.itchmedia.whatstheword-1.apk is  3.8.2  
Done processing com.itchmedia.whatstheword-1.apk
Time Spent:   0 Days 0 Hours 5 Minutes 0 Seconds

============================================================================
68/138 Starting processing com.itopways.bingocity-1.apk ......
Getting apk info from https://play.google.com/store/apps/details?id=com.itopways.bingocity ......
Success to get info from Play Store
The lastest version of com.itopways.bingocity-1.apk is  1.1.2  
Done processing com.itopways.bingocity-1.apk
Time Spent:   0 Days 0 Hours 5 Minutes 5 Seconds

============================================================================
69/138 Starting processing com.jellyvisiongames.YOUDONTKNOWJACK-1.apk ......
Getting apk info from https://play.google.com/store/apps/details?id=com.jellyvisiongames.YOUDONTKNOWJACK ......
Success to get info from Play Store
The lastest version of com.jellyvisiongames.YOUDONTKNOWJACK-1.apk is  1.0.12  
Done processing com.jellyvisiongames.YOUDONTKNOWJACK-1.apk
Time Spent:   0 Days 0 Hours 5 Minutes 11 Seconds

============================================================================
70/138 Starting processing com.johnemulators.johnnes-1.apk ......
Getting apk info from https://play.google.com/store/apps/details?id=com.johnemulators.johnnes ......
Success to get info from Play Store
The lastest version of com.johnemulators.johnnes-1.apk is  1.72  
Done processing com.johnemulators.johnnes-1.apk
Time Spent:   0 Days 0 Hours 5 Minutes 14 Seconds

============================================================================
71/138 Starting processing com.kascend.video-1.apk ......
Getting apk info from https://play.google.com/store/apps/details?id=com.kascend.video ......
Success to get info from Play Store
The lastest version of com.kascend.video-1.apk is  4.0.5.9436_beta  
Done processing com.kascend.video-1.apk
Time Spent:   0 Days 0 Hours 5 Minutes 18 Seconds

============================================================================
72/138 Starting processing com.kiwi.enemylines-1.apk ......
Getting apk info from https://play.google.com/store/apps/details?id=com.kiwi.enemylines ......
Success to get info from Play Store
The lastest version of com.kiwi.enemylines-1.apk is    Varies with device  
Done processing com.kiwi.enemylines-1.apk
Time Spent:   0 Days 0 Hours 5 Minutes 22 Seconds

============================================================================
73/138 Starting processing com.kiwi.mysteryestate-1.apk ......
Getting apk info from https://play.google.com/store/apps/details?id=com.kiwi.mysteryestate ......
Success to get info from Play Store
The lastest version of com.kiwi.mysteryestate-1.apk is    Varies with device  
Done processing com.kiwi.mysteryestate-1.apk
Time Spent:   0 Days 0 Hours 5 Minutes 27 Seconds

============================================================================
74/138 Starting processing com.kiwi.shipwrecked-1.apk ......
Getting apk info from https://play.google.com/store/apps/details?id=com.kiwi.shipwrecked ......
Success to get info from Play Store
The lastest version of com.kiwi.shipwrecked-1.apk is  2.1.8  
Done processing com.kiwi.shipwrecked-1.apk
Time Spent:   0 Days 0 Hours 5 Minutes 31 Seconds

============================================================================
75/138 Starting processing com.ludia.familyfeudandfriends.free-1.apk ......
Getting apk info from https://play.google.com/store/apps/details?id=com.ludia.familyfeudandfriends.free ......
Success to get info from Play Store
The lastest version of com.ludia.familyfeudandfriends.free-1.apk is  1.4.14  
Done processing com.ludia.familyfeudandfriends.free-1.apk
Time Spent:   0 Days 0 Hours 5 Minutes 35 Seconds

============================================================================
76/138 Starting processing com.madfingergames.shadowgun-1.apk ......
Getting apk info from https://play.google.com/store/apps/details?id=com.madfingergames.shadowgun ......
Success to get info from Play Store
The lastest version of com.madfingergames.shadowgun-1.apk is    Varies with device  
Done processing com.madfingergames.shadowgun-1.apk
Time Spent:   0 Days 0 Hours 5 Minutes 40 Seconds

============================================================================
77/138 Starting processing com.mapbar.android.mapbarmap-1.apk ......
Getting apk info from https://play.google.com/store/apps/details?id=com.mapbar.android.mapbarmap ......
Success to get info from Play Store
The lastest version of com.mapbar.android.mapbarmap-1.apk is  7.4.1.159970  
Done processing com.mapbar.android.mapbarmap-1.apk
Time Spent:   0 Days 0 Hours 5 Minutes 44 Seconds

============================================================================
78/138 Starting processing com.memoriki.dragonvillageplus-1.apk ......
Getting apk info from https://play.google.com/store/apps/details?id=com.memoriki.dragonvillageplus ......
[ERROR] : Cannot find info of com.memoriki.dragonvillageplus-1.apk on https://play.google.com/store/apps/details?id=com.memoriki.dragonvillageplus !!!
Done processing com.memoriki.dragonvillageplus-1.apk
Time Spent:   0 Days 0 Hours 5 Minutes 45 Seconds

============================================================================
79/138 Starting processing com.mindblocks.blocks-1.apk ......
Getting apk info from https://play.google.com/store/apps/details?id=com.mindblocks.blocks ......
Success to get info from Play Store
The lastest version of com.mindblocks.blocks-1.apk is  7.0.2  
Done processing com.mindblocks.blocks-1.apk
Time Spent:   0 Days 0 Hours 5 Minutes 49 Seconds

============================================================================
80/138 Starting processing com.mybogame.bouncyseed-1.apk ......
Getting apk info from https://play.google.com/store/apps/details?id=com.mybogame.bouncyseed ......
Success to get info from Play Store
The lastest version of com.mybogame.bouncyseed-1.apk is  1.7.2  
Done processing com.mybogame.bouncyseed-1.apk
Time Spent:   0 Days 0 Hours 5 Minutes 53 Seconds

============================================================================
81/138 Starting processing com.ninjakiwi.bloonstd5-1.apk ......
Getting apk info from https://play.google.com/store/apps/details?id=com.ninjakiwi.bloonstd5 ......
Success to get info from Play Store
The lastest version of com.ninjakiwi.bloonstd5-1.apk is  1.5  
Done processing com.ninjakiwi.bloonstd5-1.apk
Time Spent:   0 Days 0 Hours 5 Minutes 57 Seconds

============================================================================
82/138 Starting processing com.noodlecake.zombieroadtrip-1.apk ......
Getting apk info from https://play.google.com/store/apps/details?id=com.noodlecake.zombieroadtrip ......
Success to get info from Play Store
The lastest version of com.noodlecake.zombieroadtrip-1.apk is  3.2  
Done processing com.noodlecake.zombieroadtrip-1.apk
Time Spent:   0 Days 0 Hours 6 Minutes 2 Seconds

============================================================================
83/138 Starting processing com.omnilabs.eufloria-1.apk ......
Getting apk info from https://play.google.com/store/apps/details?id=com.omnilabs.eufloria ......
Success to get info from Play Store
The lastest version of com.omnilabs.eufloria-1.apk is  1.0.12  
Done processing com.omnilabs.eufloria-1.apk
Time Spent:   0 Days 0 Hours 6 Minutes 5 Seconds

============================================================================
84/138 Starting processing com.ooi.android.smb2-1.apk ......
Getting apk info from https://play.google.com/store/apps/details?id=com.ooi.android.smb2 ......
Success to get info from Play Store
The lastest version of com.ooi.android.smb2-1.apk is  1.2  
Done processing com.ooi.android.smb2-1.apk
Time Spent:   0 Days 0 Hours 6 Minutes 10 Seconds

============================================================================
85/138 Starting processing com.outplayentertainment.bootyquest-1.apk ......
Getting apk info from https://play.google.com/store/apps/details?id=com.outplayentertainment.bootyquest ......
Success to get info from Play Store
The lastest version of com.outplayentertainment.bootyquest-1.apk is  1.8.12  
Done processing com.outplayentertainment.bootyquest-1.apk
Time Spent:   0 Days 0 Hours 6 Minutes 14 Seconds

============================================================================
86/138 Starting processing com.path-1.apk ......
Getting apk info from https://play.google.com/store/apps/details?id=com.path ......
Success to get info from Play Store
The lastest version of com.path-1.apk is    Varies with device  
Done processing com.path-1.apk
Time Spent:   0 Days 0 Hours 6 Minutes 18 Seconds

============================================================================
87/138 Starting processing com.pgpublish.android.sheepuplive-1.apk ......
Getting apk info from https://play.google.com/store/apps/details?id=com.pgpublish.android.sheepuplive ......
Success to get info from Play Store
The lastest version of com.pgpublish.android.sheepuplive-1.apk is  1.03  
Done processing com.pgpublish.android.sheepuplive-1.apk
Time Spent:   0 Days 0 Hours 6 Minutes 22 Seconds

============================================================================
88/138 Starting processing com.pixlr.express-1.apk ......
Getting apk info from https://play.google.com/store/apps/details?id=com.pixlr.express ......
Success to get info from Play Store
The lastest version of com.pixlr.express-1.apk is  1.3.3  
Done processing com.pixlr.express-1.apk
Time Spent:   0 Days 0 Hours 6 Minutes 27 Seconds

============================================================================
89/138 Starting processing com.playcreek.DeathWorm-1.apk ......
Getting apk info from https://play.google.com/store/apps/details?id=com.playcreek.DeathWorm ......
Success to get info from Play Store
The lastest version of com.playcreek.DeathWorm-1.apk is  1.15  
Done processing com.playcreek.DeathWorm-1.apk
Time Spent:   0 Days 0 Hours 6 Minutes 31 Seconds

============================================================================
90/138 Starting processing com.playfirst.playground.dinerdash-1.apk ......
Getting apk info from https://play.google.com/store/apps/details?id=com.playfirst.playground.dinerdash ......
Success to get info from Play Store
The lastest version of com.playfirst.playground.dinerdash-1.apk is  3.26.6  
Done processing com.playfirst.playground.dinerdash-1.apk
Time Spent:   0 Days 0 Hours 6 Minutes 35 Seconds

============================================================================
91/138 Starting processing com.polarbit.Getaway-1.apk ......
Getting apk info from https://play.google.com/store/apps/details?id=com.polarbit.Getaway ......
Success to get info from Play Store
The lastest version of com.polarbit.Getaway-1.apk is  1.0.7  
Done processing com.polarbit.Getaway-1.apk
Time Spent:   0 Days 0 Hours 6 Minutes 40 Seconds

============================================================================
92/138 Starting processing com.polarbit.RecklessRacing2-1.apk ......
Getting apk info from https://play.google.com/store/apps/details?id=com.polarbit.RecklessRacing2 ......
Success to get info from Play Store
The lastest version of com.polarbit.RecklessRacing2-1.apk is  1.0.4  
Done processing com.polarbit.RecklessRacing2-1.apk
Time Spent:   0 Days 0 Hours 6 Minutes 46 Seconds

============================================================================
93/138 Starting processing com.polarbit.rthunder2lite-1.apk ......
Getting apk info from https://play.google.com/store/apps/details?id=com.polarbit.rthunder2lite ......
Success to get info from Play Store
The lastest version of com.polarbit.rthunder2lite-1.apk is  1.0.13  
Done processing com.polarbit.rthunder2lite-1.apk
Time Spent:   0 Days 0 Hours 6 Minutes 50 Seconds

============================================================================
94/138 Starting processing com.popcap.pvz_na-1.apk ......
Getting apk info from https://play.google.com/store/apps/details?id=com.popcap.pvz_na ......
Success to get info from Play Store
The lastest version of com.popcap.pvz_na-1.apk is    Varies with device  
Done processing com.popcap.pvz_na-1.apk
Time Spent:   0 Days 0 Hours 6 Minutes 55 Seconds

============================================================================
95/138 Starting processing com.pplive.androidphone-1.apk ......
Getting apk info from https://play.google.com/store/apps/details?id=com.pplive.androidphone ......
Success to get info from Play Store
The lastest version of com.pplive.androidphone-1.apk is  2.3.7.4  
Done processing com.pplive.androidphone-1.apk
Time Spent:   0 Days 0 Hours 6 Minutes 59 Seconds

============================================================================
96/138 Starting processing com.qingping-1.apk ......
Getting apk info from https://play.google.com/store/apps/details?id=com.qingping ......
Success to get info from Play Store
The lastest version of com.qingping-1.apk is  1.9.15  
Done processing com.qingping-1.apk
Time Spent:   0 Days 0 Hours 7 Minutes 3 Seconds

============================================================================
97/138 Starting processing com.qvod.player-1.apk ......
Getting apk info from https://play.google.com/store/apps/details?id=com.qvod.player ......
Success to get info from Play Store
The lastest version of com.qvod.player-1.apk is  3.1.63  
Done processing com.qvod.player-1.apk
Time Spent:   0 Days 0 Hours 7 Minutes 6 Seconds

============================================================================
98/138 Starting processing com.rebelvox.voxer-1.apk ......
Getting apk info from https://play.google.com/store/apps/details?id=com.rebelvox.voxer ......
Success to get info from Play Store
The lastest version of com.rebelvox.voxer-1.apk is  1.2.2.0016  
Done processing com.rebelvox.voxer-1.apk
Time Spent:   0 Days 0 Hours 7 Minutes 11 Seconds

============================================================================
99/138 Starting processing com.sds.android.ttpod-1.apk ......
Getting apk info from https://play.google.com/store/apps/details?id=com.sds.android.ttpod ......
Success to get info from Play Store
The lastest version of com.sds.android.ttpod-1.apk is  5.8.0720  
Done processing com.sds.android.ttpod-1.apk
Time Spent:   0 Days 0 Hours 7 Minutes 15 Seconds

============================================================================
100/138 Starting processing com.sharkparty.slots-1.apk ......
Getting apk info from https://play.google.com/store/apps/details?id=com.sharkparty.slots ......
Success to get info from Play Store
The lastest version of com.sharkparty.slots-1.apk is  1.1.4.1  
Done processing com.sharkparty.slots-1.apk
Time Spent:   0 Days 0 Hours 7 Minutes 19 Seconds

============================================================================
101/138 Starting processing com.shopkick.app-1.apk ......
Getting apk info from https://play.google.com/store/apps/details?id=com.shopkick.app ......
Success to get info from Play Store
The lastest version of com.shopkick.app-1.apk is  3.6  
Done processing com.shopkick.app-1.apk
Time Spent:   0 Days 0 Hours 7 Minutes 22 Seconds

============================================================================
102/138 Starting processing com.skype.raider-1.apk ......
Getting apk info from https://play.google.com/store/apps/details?id=com.skype.raider ......
Success to get info from Play Store
The lastest version of com.skype.raider-1.apk is    Varies with device  
Done processing com.skype.raider-1.apk
Time Spent:   0 Days 0 Hours 7 Minutes 27 Seconds

============================================================================
103/138 Starting processing com.socialquantum.acityint-1.apk ......
Getting apk info from https://play.google.com/store/apps/details?id=com.socialquantum.acityint ......
Success to get info from Play Store
The lastest version of com.socialquantum.acityint-1.apk is  1.5  
Done processing com.socialquantum.acityint-1.apk
Time Spent:   0 Days 0 Hours 7 Minutes 31 Seconds

============================================================================
104/138 Starting processing com.spb.shell3d-1.apk ......
Getting apk info from https://play.google.com/store/apps/details?id=com.spb.shell3d ......
Success to get info from Play Store
The lastest version of com.spb.shell3d-1.apk is  1.6.4  
Done processing com.spb.shell3d-1.apk
Time Spent:   0 Days 0 Hours 7 Minutes 36 Seconds

============================================================================
105/138 Starting processing com.spotify.mobile.android.ui-1.apk ......
Getting apk info from https://play.google.com/store/apps/details?id=com.spotify.mobile.android.ui ......
Success to get info from Play Store
The lastest version of com.spotify.mobile.android.ui-1.apk is    Varies with device  
Done processing com.spotify.mobile.android.ui-1.apk
Time Spent:   0 Days 0 Hours 7 Minutes 40 Seconds

============================================================================
106/138 Starting processing com.square_enix.android_googleplay.ffl_gp-1.apk ......
Getting apk info from https://play.google.com/store/apps/details?id=com.square_enix.android_googleplay.ffl_gp ......
Success to get info from Play Store
The lastest version of com.square_enix.android_googleplay.ffl_gp-1.apk is  1.0.7  
Done processing com.square_enix.android_googleplay.ffl_gp-1.apk
Time Spent:   0 Days 0 Hours 7 Minutes 44 Seconds

============================================================================
107/138 Starting processing com.square_enix.chaosringsomega.googleplay-1.apk ......
Getting apk info from https://play.google.com/store/apps/details?id=com.square_enix.chaosringsomega.googleplay ......
Success to get info from Play Store
The lastest version of com.square_enix.chaosringsomega.googleplay-1.apk is  1.1.5  
Done processing com.square_enix.chaosringsomega.googleplay-1.apk
Time Spent:   0 Days 0 Hours 7 Minutes 49 Seconds

============================================================================
108/138 Starting processing com.stac.empire.main-1.apk ......
Getting apk info from https://play.google.com/store/apps/details?id=com.stac.empire.main ......
Success to get info from Play Store
The lastest version of com.stac.empire.main-1.apk is  1.9.68  
Done processing com.stac.empire.main-1.apk
Time Spent:   0 Days 0 Hours 7 Minutes 53 Seconds

============================================================================
109/138 Starting processing com.subatomicstudios-1.apk ......
Getting apk info from https://play.google.com/store/apps/details?id=com.subatomicstudios ......
Success to get info from Play Store
The lastest version of com.subatomicstudios-1.apk is  1.20  
Done processing com.subatomicstudios-1.apk
Time Spent:   0 Days 0 Hours 7 Minutes 57 Seconds

============================================================================
110/138 Starting processing com.teamlava.bubble-1.apk ......
Getting apk info from https://play.google.com/store/apps/details?id=com.teamlava.bubble ......
Success to get info from Play Store
The lastest version of com.teamlava.bubble-1.apk is  1.1.4.2  
Done processing com.teamlava.bubble-1.apk
Time Spent:   0 Days 0 Hours 8 Minutes 2 Seconds

============================================================================
111/138 Starting processing com.tencent.minihd.qq-1.apk ......
Getting apk info from https://play.google.com/store/apps/details?id=com.tencent.minihd.qq ......
Success to get info from Play Store
The lastest version of com.tencent.minihd.qq-1.apk is  2.2.2  
Done processing com.tencent.minihd.qq-1.apk
Time Spent:   0 Days 0 Hours 8 Minutes 7 Seconds

============================================================================
112/138 Starting processing com.tencent.qqpim-1.apk ......
Getting apk info from https://play.google.com/store/apps/details?id=com.tencent.qqpim ......
Success to get info from Play Store
The lastest version of com.tencent.qqpim-1.apk is  4.3  
Done processing com.tencent.qqpim-1.apk
Time Spent:   0 Days 0 Hours 8 Minutes 12 Seconds

============================================================================
113/138 Starting processing com.textmeinc.textme-1.apk ......
Getting apk info from https://play.google.com/store/apps/details?id=com.textmeinc.textme ......
Success to get info from Play Store
The lastest version of com.textmeinc.textme-1.apk is    Varies with device  
Done processing com.textmeinc.textme-1.apk
Time Spent:   0 Days 0 Hours 8 Minutes 16 Seconds

============================================================================
114/138 Starting processing com.tigerknows-1.apk ......
Getting apk info from https://play.google.com/store/apps/details?id=com.tigerknows ......
Success to get info from Play Store
The lastest version of com.tigerknows-1.apk is  5.11.20130713A  
Done processing com.tigerknows-1.apk
Time Spent:   0 Days 0 Hours 8 Minutes 20 Seconds

============================================================================
115/138 Starting processing com.trendy.ddapp-1.apk ......
Getting apk info from https://play.google.com/store/apps/details?id=com.trendy.ddapp ......
[ERROR] : Cannot find info of com.trendy.ddapp-1.apk on https://play.google.com/store/apps/details?id=com.trendy.ddapp !!!
Done processing com.trendy.ddapp-1.apk
Time Spent:   0 Days 0 Hours 8 Minutes 21 Seconds

============================================================================
116/138 Starting processing com.ucamera.ucam-1.apk ......
Getting apk info from https://play.google.com/store/apps/details?id=com.ucamera.ucam ......
Success to get info from Play Store
The lastest version of com.ucamera.ucam-1.apk is  3.2.1.073002  
Done processing com.ucamera.ucam-1.apk
Time Spent:   0 Days 0 Hours 8 Minutes 25 Seconds

============================================================================
117/138 Starting processing com.vectorunit.green-1.apk ......
Getting apk info from https://play.google.com/store/apps/details?id=com.vectorunit.green ......
Success to get info from Play Store
The lastest version of com.vectorunit.green-1.apk is  1.4.2  
Done processing com.vectorunit.green-1.apk
Time Spent:   0 Days 0 Hours 8 Minutes 29 Seconds

============================================================================
118/138 Starting processing com.vevo-1.apk ......
Getting apk info from https://play.google.com/store/apps/details?id=com.vevo ......
Success to get info from Play Store
The lastest version of com.vevo-1.apk is  1.3.1  
Done processing com.vevo-1.apk
Time Spent:   0 Days 0 Hours 8 Minutes 33 Seconds

============================================================================
119/138 Starting processing com.vitusoft.wb_goo-1.apk ......
Getting apk info from https://play.google.com/store/apps/details?id=com.vitusoft.wb_goo ......
Success to get info from Play Store
The lastest version of com.vitusoft.wb_goo-1.apk is  1.5.53  
Done processing com.vitusoft.wb_goo-1.apk
Time Spent:   0 Days 0 Hours 8 Minutes 37 Seconds

============================================================================
120/138 Starting processing com.wdtinc.android.stormshield-1.apk ......
Getting apk info from https://play.google.com/store/apps/details?id=com.wdtinc.android.stormshield ......
Success to get info from Play Store
The lastest version of com.wdtinc.android.stormshield-1.apk is  2.6.7  
Done processing com.wdtinc.android.stormshield-1.apk
Time Spent:   0 Days 0 Hours 8 Minutes 42 Seconds

============================================================================
121/138 Starting processing com.xusheng.logoquiz-1.apk ......
Getting apk info from https://play.google.com/store/apps/details?id=com.xusheng.logoquiz ......
Success to get info from Play Store
The lastest version of com.xusheng.logoquiz-1.apk is  1.6  
Done processing com.xusheng.logoquiz-1.apk
Time Spent:   0 Days 0 Hours 8 Minutes 46 Seconds

============================================================================
122/138 Starting processing com.youku.pad-1.apk ......
Getting apk info from https://play.google.com/store/apps/details?id=com.youku.pad ......
Success to get info from Play Store
The lastest version of com.youku.pad-1.apk is  3.1.2  
Done processing com.youku.pad-1.apk
Time Spent:   0 Days 0 Hours 8 Minutes 50 Seconds

============================================================================
123/138 Starting processing com.zynga.battlestone-1.apk ......
Getting apk info from https://play.google.com/store/apps/details?id=com.zynga.battlestone ......
Success to get info from Play Store
The lastest version of com.zynga.battlestone-1.apk is  1.1.289330  
Done processing com.zynga.battlestone-1.apk
Time Spent:   0 Days 0 Hours 8 Minutes 55 Seconds

============================================================================
124/138 Starting processing com.zynga.gswf-1.apk ......
Getting apk info from https://play.google.com/store/apps/details?id=com.zynga.gswf ......
Success to get info from Play Store
The lastest version of com.zynga.gswf-1.apk is  1.04  
Done processing com.zynga.gswf-1.apk
Time Spent:   0 Days 0 Hours 9 Minutes 0 Seconds

============================================================================
125/138 Starting processing de.joergjahnke.mario.android.free-1.apk ......
Getting apk info from https://play.google.com/store/apps/details?id=de.joergjahnke.mario.android.free ......
Success to get info from Play Store
The lastest version of de.joergjahnke.mario.android.free-1.apk is  2.13.7  
Done processing de.joergjahnke.mario.android.free-1.apk
Time Spent:   0 Days 0 Hours 9 Minutes 4 Seconds

============================================================================
126/138 Starting processing hu.tagsoft.ttorrent.pro-1.apk ......
Getting apk info from https://play.google.com/store/apps/details?id=hu.tagsoft.ttorrent.pro ......
Success to get info from Play Store
The lastest version of hu.tagsoft.ttorrent.pro-1.apk is  1.2.0.1  
Done processing hu.tagsoft.ttorrent.pro-1.apk
Time Spent:   0 Days 0 Hours 9 Minutes 8 Seconds

============================================================================
127/138 Starting processing it.rortos.f18carrierlanding-1.apk ......
Getting apk info from https://play.google.com/store/apps/details?id=it.rortos.f18carrierlanding ......
Success to get info from Play Store
The lastest version of it.rortos.f18carrierlanding-1.apk is  5.81  
Done processing it.rortos.f18carrierlanding-1.apk
Time Spent:   0 Days 0 Hours 9 Minutes 13 Seconds

============================================================================
128/138 Starting processing jp.naver.SJLGDRAFL-1.apk ......
Getting apk info from https://play.google.com/store/apps/details?id=jp.naver.SJLGDRAFL ......
Success to get info from Play Store
The lastest version of jp.naver.SJLGDRAFL-1.apk is  1.3.4  
Done processing jp.naver.SJLGDRAFL-1.apk
Time Spent:   0 Days 0 Hours 9 Minutes 17 Seconds

============================================================================
129/138 Starting processing jp.naver.line.android-1.apk ......
Getting apk info from https://play.google.com/store/apps/details?id=jp.naver.line.android ......
Success to get info from Play Store
The lastest version of jp.naver.line.android-1.apk is  3.8.3  
Done processing jp.naver.line.android-1.apk
Time Spent:   0 Days 0 Hours 9 Minutes 23 Seconds

============================================================================
130/138 Starting processing kr.aboy.tools-1.apk ......
Getting apk info from https://play.google.com/store/apps/details?id=kr.aboy.tools ......
Success to get info from Play Store
The lastest version of kr.aboy.tools-1.apk is  1.5.9b  
Done processing kr.aboy.tools-1.apk
Time Spent:   0 Days 0 Hours 9 Minutes 28 Seconds

============================================================================
131/138 Starting processing net.cdeguet.smartkeyboardpro-1.apk ......
Getting apk info from https://play.google.com/store/apps/details?id=net.cdeguet.smartkeyboardpro ......
Success to get info from Play Store
The lastest version of net.cdeguet.smartkeyboardpro-1.apk is  4.7.1  
Done processing net.cdeguet.smartkeyboardpro-1.apk
Time Spent:   0 Days 0 Hours 9 Minutes 32 Seconds

============================================================================
132/138 Starting processing net.defensezone2-1.apk ......
Getting apk info from https://play.google.com/store/apps/details?id=net.defensezone2 ......
Success to get info from Play Store
The lastest version of net.defensezone2-1.apk is  1.2.1  
Done processing net.defensezone2-1.apk
Time Spent:   0 Days 0 Hours 9 Minutes 36 Seconds

============================================================================
133/138 Starting processing net.flixster.android-1.apk ......
Getting apk info from https://play.google.com/store/apps/details?id=net.flixster.android ......
Success to get info from Play Store
The lastest version of net.flixster.android-1.apk is    Varies with device  
Done processing net.flixster.android-1.apk
Time Spent:   0 Days 0 Hours 9 Minutes 40 Seconds

============================================================================
134/138 Starting processing no.dirtybit.funrun-1.apk ......
Getting apk info from https://play.google.com/store/apps/details?id=no.dirtybit.funrun ......
Success to get info from Play Store
The lastest version of no.dirtybit.funrun-1.apk is  1.9.1  
Done processing no.dirtybit.funrun-1.apk
Time Spent:   0 Days 0 Hours 9 Minutes 44 Seconds

============================================================================
135/138 Starting processing opotech.starfieldLWP-1.apk ......
Getting apk info from https://play.google.com/store/apps/details?id=opotech.starfieldLWP ......
Success to get info from Play Store
The lastest version of opotech.starfieldLWP-1.apk is  1.0.11  
Done processing opotech.starfieldLWP-1.apk
Time Spent:   0 Days 0 Hours 9 Minutes 48 Seconds

============================================================================
136/138 Starting processing pl.idreams.CanKnockdown2-1.apk ......
Getting apk info from https://play.google.com/store/apps/details?id=pl.idreams.CanKnockdown2 ......
Success to get info from Play Store
The lastest version of pl.idreams.CanKnockdown2-1.apk is  1.13  
Done processing pl.idreams.CanKnockdown2-1.apk
Time Spent:   0 Days 0 Hours 9 Minutes 53 Seconds

============================================================================
137/138 Starting processing radiotime.player-1.apk ......
Getting apk info from https://play.google.com/store/apps/details?id=radiotime.player ......
Success to get info from Play Store
The lastest version of radiotime.player-1.apk is  7.4  
Done processing radiotime.player-1.apk
Time Spent:   0 Days 0 Hours 9 Minutes 57 Seconds

============================================================================
138/138 Starting processing ru.redspell.whattheword-1.apk ......
Getting apk info from https://play.google.com/store/apps/details?id=ru.redspell.whattheword ......
Success to get info from Play Store
The lastest version of ru.redspell.whattheword-1.apk is    Varies with device  
Done processing ru.redspell.whattheword-1.apk
Time Spent:   0 Days 0 Hours 10 Minutes 1 Seconds

============================================================================


**************************************************************
All Done
Total Time:   0 Days 0 Hours 10 Minutes 1 Seconds
Result Location:               /srv/www/htdocs/CV2/app/admin/scan_apk_version//results/AppInfo_2013-08-02-09-27-57.csv
**************************************************************
