Start processing app in list /share/Git-Apk/Updated_list from /share/Git-Apk/All_Apk  ......

============================================================================
1/6 Starting processing co.vine.android-1.apk ......
Getting apk info from https://play.google.com/store/apps/details?id=co.vine.android ......
Success to get info from Play Store
The lastest version of co.vine.android-1.apk is  1.3.5  
Done processing co.vine.android-1.apk
Time Spent:   0 Days 0 Hours 0 Minutes 4 Seconds

============================================================================
2/6 Starting processing com.dq.zombieskater.main-1.apk ......
Getting apk info from https://play.google.com/store/apps/details?id=com.dq.zombieskater.main ......
Success to get info from Play Store
The lastest version of com.dq.zombieskater.main-1.apk is  1.5  
Done processing com.dq.zombieskater.main-1.apk
Time Spent:   0 Days 0 Hours 0 Minutes 6 Seconds

============================================================================
3/6 Starting processing com.gamehivecorp.kicktheboss2-1.apk ......
Getting apk info from https://play.google.com/store/apps/details?id=com.gamehivecorp.kicktheboss2 ......
Success to get info from Play Store
The lastest version of com.gamehivecorp.kicktheboss2-1.apk is  1.90  
Done processing com.gamehivecorp.kicktheboss2-1.apk
Time Spent:   0 Days 0 Hours 0 Minutes 10 Seconds

============================================================================
4/6 Starting processing com.kabam.fortress-1.apk ......
Getting apk info from https://play.google.com/store/apps/details?id=com.kabam.fortress ......
Success to get info from Play Store
The lastest version of com.kabam.fortress-1.apk is    Varies with device  
Done processing com.kabam.fortress-1.apk
Time Spent:   0 Days 0 Hours 0 Minutes 14 Seconds

============================================================================
5/6 Starting processing com.stac.empire.main-1.apk ......
Getting apk info from https://play.google.com/store/apps/details?id=com.stac.empire.main ......
Success to get info from Play Store
The lastest version of com.stac.empire.main-1.apk is  2.2.9  
Done processing com.stac.empire.main-1.apk
Time Spent:   0 Days 0 Hours 0 Minutes 17 Seconds

============================================================================
6/6 Starting processing de.joergjahnke.mario.android.free-1.apk ......
Getting apk info from https://play.google.com/store/apps/details?id=de.joergjahnke.mario.android.free ......
Success to get info from Play Store
The lastest version of de.joergjahnke.mario.android.free-1.apk is  2.16  
Done processing de.joergjahnke.mario.android.free-1.apk
Time Spent:   0 Days 0 Hours 0 Minutes 21 Seconds

============================================================================


**************************************************************
All Done
Total Time:   0 Days 0 Hours 0 Minutes 21 Seconds
Result Location:               /srv/www/htdocs/CV2/app/admin/scan_apk_version//results/AppInfo_2013-10-21-14-57-16.csv
**************************************************************
