Start processing app in list /share/Git-Apk/Updated_list from /share/Git-Apk/All_Apk  ......

============================================================================
1/2 Starting processing com.gameloft.android.ANMP.GloftMMHM-1.apk ......
Getting apk info from https://play.google.com/store/apps/details?id=com.gameloft.android.ANMP.GloftMMHM ......
Success to get info from Play Store
The lastest version of com.gameloft.android.ANMP.GloftMMHM-1.apk is  2.1.1  
Done processing com.gameloft.android.ANMP.GloftMMHM-1.apk
Time Spent:   0 Days 0 Hours 0 Minutes 4 Seconds

============================================================================
2/2 Starting processing com.gameloft.android.ANMP.GloftN3HM-1.apk ......
Getting apk info from https://play.google.com/store/apps/details?id=com.gameloft.android.ANMP.GloftN3HM ......
Success to get info from Play Store
The lastest version of com.gameloft.android.ANMP.GloftN3HM-1.apk is    Varies with device  
Done processing com.gameloft.android.ANMP.GloftN3HM-1.apk
Time Spent:   0 Days 0 Hours 0 Minutes 8 Seconds

============================================================================


**************************************************************
All Done
Total Time:   0 Days 0 Hours 0 Minutes 8 Seconds
Result Location:               /srv/www/htdocs/CV2/app/admin/scan_apk_version//results/AppInfo_2013-08-26-09-24-53.csv
**************************************************************
