Start processing app in list /share/Git-Apk/Updated_list from /share/Git-Apk/All_Apk  ......

============================================================================
1/2 Starting processing com.mobage.ww.a926.Transformers_Android-1.apk ......
Getting apk info from https://play.google.com/store/apps/details?id=com.mobage.ww.a926.Transformers_Android ......
Success to get info from Play Store
The lastest version of com.mobage.ww.a926.Transformers_Android-1.apk is 1.10.2.3.1
Done processing com.mobage.ww.a926.Transformers_Android-1.apk
Time Spent:   0 Days 0 Hours 0 Minutes 2 Seconds

============================================================================
2/2 Starting processing com.sinyee.babybus.different-1.apk ......
Getting apk info from https://play.google.com/store/apps/details?id=com.sinyee.babybus.different ......
Success to get info from Play Store
The lastest version of com.sinyee.babybus.different-1.apk is 3.72
Done processing com.sinyee.babybus.different-1.apk
Time Spent:   0 Days 0 Hours 0 Minutes 3 Seconds

============================================================================


**************************************************************
All Done
Total Time:   0 Days 0 Hours 0 Minutes 3 Seconds
Result Location:               /srv/www/htdocs/CV2/app/admin/scan_apk_version//results/AppInfo_2013-07-09-13-30-54.csv
**************************************************************
