Start processing app in list /share/Git-Apk/Updated_list from /share/Git-Apk/All_Apk  ......

============================================================================
1/4 Starting processing air.com.oranginalplan.weaphonesfree-1.apk ......
Getting apk info from https://play.google.com/store/apps/details?id=air.com.oranginalplan.weaphonesfree ......
Success to get info from Play Store
The lastest version of air.com.oranginalplan.weaphonesfree-1.apk is  2.0.0  
Done processing air.com.oranginalplan.weaphonesfree-1.apk
Time Spent:   0 Days 0 Hours 0 Minutes 5 Seconds

============================================================================
2/4 Starting processing com.mobage.ww.a467.TapSlashNinja_Sandbox-1.apk ......
Getting apk info from https://play.google.com/store/apps/details?id=com.mobage.ww.a467.TapSlashNinja_Sandbox ......
Success to get info from Play Store
The lastest version of com.mobage.ww.a467.TapSlashNinja_Sandbox-1.apk is  1.11.2.1.4  
Done processing com.mobage.ww.a467.TapSlashNinja_Sandbox-1.apk
Time Spent:   0 Days 0 Hours 0 Minutes 12 Seconds

============================================================================
3/4 Starting processing com.sohu.tv-1.apk ......
Getting apk info from https://play.google.com/store/apps/details?id=com.sohu.tv ......
Success to get info from Play Store
The lastest version of com.sohu.tv-1.apk is  3.2.0  
Done processing com.sohu.tv-1.apk
Time Spent:   0 Days 0 Hours 0 Minutes 16 Seconds

============================================================================
4/4 Starting processing com.tatem.dinhunterhd-1.apk ......
Getting apk info from https://play.google.com/store/apps/details?id=com.tatem.dinhunterhd ......
Success to get info from Play Store
The lastest version of com.tatem.dinhunterhd-1.apk is  1.4.8  
Done processing com.tatem.dinhunterhd-1.apk
Time Spent:   0 Days 0 Hours 0 Minutes 20 Seconds

============================================================================


**************************************************************
All Done
Total Time:   0 Days 0 Hours 0 Minutes 20 Seconds
Result Location:               /srv/www/htdocs/CV2/app/admin/scan_apk_version//results/AppInfo_2013-07-25-11-00-12.csv
**************************************************************
