Start processing app in list /share/Git-Apk/Updated_list from /share/Git-Apk/All_Apk  ......

============================================================================
1/22 Starting processing air.albinoblacksheep.run-1.apk ......
Getting apk info from https://play.google.com/store/apps/details?id=air.albinoblacksheep.run ......
Success to get info from Play Store
The lastest version of air.albinoblacksheep.run-1.apk is 1.0.3
Done processing air.albinoblacksheep.run-1.apk
Time Spent:   0 Days 0 Hours 0 Minutes 2 Seconds

============================================================================
2/22 Starting processing air.com.mobestmedia.takeactiontoescape-1.apk ......
Getting apk info from https://play.google.com/store/apps/details?id=air.com.mobestmedia.takeactiontoescape ......
Success to get info from Play Store
The lastest version of air.com.mobestmedia.takeactiontoescape-1.apk is 1.0.1
Done processing air.com.mobestmedia.takeactiontoescape-1.apk
Time Spent:   0 Days 0 Hours 0 Minutes 5 Seconds

============================================================================
3/22 Starting processing cn.tenone.badminton.goodgame-1.apk ......
Getting apk info from https://play.google.com/store/apps/details?id=cn.tenone.badminton.goodgame ......
Success to get info from Play Store
The lastest version of cn.tenone.badminton.goodgame-1.apk is 2.0.7
Done processing cn.tenone.badminton.goodgame-1.apk
Time Spent:   0 Days 0 Hours 0 Minutes 12 Seconds

============================================================================
4/22 Starting processing com.billionapps.slotsvivavegas-1.apk ......
Getting apk info from https://play.google.com/store/apps/details?id=com.billionapps.slotsvivavegas ......
Success to get info from Play Store
The lastest version of com.billionapps.slotsvivavegas-1.apk is 1.0.3
Done processing com.billionapps.slotsvivavegas-1.apk
Time Spent:   0 Days 0 Hours 0 Minutes 15 Seconds

============================================================================
5/22 Starting processing com.combat.robot-1.apk ......
Getting apk info from https://play.google.com/store/apps/details?id=com.combat.robot ......
Success to get info from Play Store
The lastest version of com.combat.robot-1.apk is 1.0.2
Done processing com.combat.robot-1.apk
Time Spent:   0 Days 0 Hours 0 Minutes 22 Seconds

============================================================================
6/22 Starting processing com.craneballs.Overkill2-1.apk ......
Getting apk info from https://play.google.com/store/apps/details?id=com.craneballs.Overkill2 ......
Success to get info from Play Store
The lastest version of com.craneballs.Overkill2-1.apk is 1.08
Done processing com.craneballs.Overkill2-1.apk
Time Spent:   0 Days 0 Hours 0 Minutes 25 Seconds

============================================================================
7/22 Starting processing com.djinnworks.StickStuntBiker2.free-1.apk ......
Getting apk info from https://play.google.com/store/apps/details?id=com.djinnworks.StickStuntBiker2.free ......
Success to get info from Play Store
The lastest version of com.djinnworks.StickStuntBiker2.free-1.apk is 1.1
Done processing com.djinnworks.StickStuntBiker2.free-1.apk
Time Spent:   0 Days 0 Hours 0 Minutes 27 Seconds

============================================================================
8/22 Starting processing com.fruitwar.manfart-1.apk ......
Getting apk info from https://play.google.com/store/apps/details?id=com.fruitwar.manfart ......
Success to get info from Play Store
The lastest version of com.fruitwar.manfart-1.apk is v1.0.3
Done processing com.fruitwar.manfart-1.apk
Time Spent:   0 Days 0 Hours 0 Minutes 30 Seconds

============================================================================
9/22 Starting processing com.fungames.monster.truck.driving-1.apk ......
Getting apk info from https://play.google.com/store/apps/details?id=com.fungames.monster.truck.driving ......
Success to get info from Play Store
The lastest version of com.fungames.monster.truck.driving-1.apk is 1.3
Done processing com.fungames.monster.truck.driving-1.apk
Time Spent:   0 Days 0 Hours 0 Minutes 32 Seconds

============================================================================
10/22 Starting processing com.gamezone8.slotscasinoparty-1.apk ......
Getting apk info from https://play.google.com/store/apps/details?id=com.gamezone8.slotscasinoparty ......
Success to get info from Play Store
The lastest version of com.gamezone8.slotscasinoparty-1.apk is 1.1.1
Done processing com.gamezone8.slotscasinoparty-1.apk
Time Spent:   0 Days 0 Hours 0 Minutes 41 Seconds

============================================================================
11/22 Starting processing com.icloudzone.AsphaltMoto-1.apk ......
Getting apk info from https://play.google.com/store/apps/details?id=com.icloudzone.AsphaltMoto ......
Success to get info from Play Store
The lastest version of com.icloudzone.AsphaltMoto-1.apk is 1.0.1
Done processing com.icloudzone.AsphaltMoto-1.apk
Time Spent:   0 Days 0 Hours 0 Minutes 44 Seconds

============================================================================
12/22 Starting processing com.industrymagic.crazyjump-1.apk ......
Getting apk info from https://play.google.com/store/apps/details?id=com.industrymagic.crazyjump ......
Success to get info from Play Store
The lastest version of com.industrymagic.crazyjump-1.apk is 1.0.2
Done processing com.industrymagic.crazyjump-1.apk
Time Spent:   0 Days 0 Hours 0 Minutes 51 Seconds

============================================================================
13/22 Starting processing com.ironingboard.bowman-1.apk ......
Getting apk info from https://play.google.com/store/apps/details?id=com.ironingboard.bowman ......
Success to get info from Play Store
The lastest version of com.ironingboard.bowman-1.apk is 1.0.2
Done processing com.ironingboard.bowman-1.apk
Time Spent:   0 Days 0 Hours 0 Minutes 59 Seconds

============================================================================
14/22 Starting processing com.kabam.kabamslots-1.apk ......
Getting apk info from https://play.google.com/store/apps/details?id=com.kabam.kabamslots ......
Success to get info from Play Store
The lastest version of com.kabam.kabamslots-1.apk is 3.0.1
Done processing com.kabam.kabamslots-1.apk
Time Spent:   0 Days 0 Hours 1 Minutes 1 Seconds

============================================================================
15/22 Starting processing com.mitchbi.bloxorz-1.apk ......
Getting apk info from https://play.google.com/store/apps/details?id=com.mitchbi.bloxorz ......
Success to get info from Play Store
The lastest version of com.mitchbi.bloxorz-1.apk is 1.0.0
Done processing com.mitchbi.bloxorz-1.apk
Time Spent:   0 Days 0 Hours 1 Minutes 4 Seconds

============================================================================
16/22 Starting processing com.nuttyapps.sally.glow.nails-1.apk ......
Getting apk info from https://play.google.com/store/apps/details?id=com.nuttyapps.sally.glow.nails ......
Success to get info from Play Store
The lastest version of com.nuttyapps.sally.glow.nails-1.apk is 1.0.3
Done processing com.nuttyapps.sally.glow.nails-1.apk
Time Spent:   0 Days 0 Hours 1 Minutes 6 Seconds

============================================================================
17/22 Starting processing com.reludo.emergencylanding-1.apk ......
Getting apk info from https://play.google.com/store/apps/details?id=com.reludo.emergencylanding ......
Success to get info from Play Store
The lastest version of com.reludo.emergencylanding-1.apk is 1.0.0
Done processing com.reludo.emergencylanding-1.apk
Time Spent:   0 Days 0 Hours 1 Minutes 9 Seconds

============================================================================
18/22 Starting processing com.skd0.bowling-1.apk ......
Getting apk info from https://play.google.com/store/apps/details?id=com.skd0.bowling ......
Success to get info from Play Store
The lastest version of com.skd0.bowling-1.apk is 1.7.02
Done processing com.skd0.bowling-1.apk
Time Spent:   0 Days 0 Hours 1 Minutes 11 Seconds

============================================================================
19/22 Starting processing com.venan.boh-1.apk ......
Getting apk info from https://play.google.com/store/apps/details?id=com.venan.boh ......
Success to get info from Play Store
The lastest version of com.venan.boh-1.apk is 1.5.4
Done processing com.venan.boh-1.apk
Time Spent:   0 Days 0 Hours 1 Minutes 19 Seconds

============================================================================
20/22 Starting processing com.ximad.travel_bug-1.apk ......
Getting apk info from https://play.google.com/store/apps/details?id=com.ximad.travel_bug ......
Success to get info from Play Store
The lastest version of com.ximad.travel_bug-1.apk is 1.0.3
Done processing com.ximad.travel_bug-1.apk
Time Spent:   0 Days 0 Hours 1 Minutes 27 Seconds

============================================================================
21/22 Starting processing cz.kablik.ed-1.apk ......
Getting apk info from https://play.google.com/store/apps/details?id=cz.kablik.ed ......
Success to get info from Play Store
The lastest version of cz.kablik.ed-1.apk is 1.109
Done processing cz.kablik.ed-1.apk
Time Spent:   0 Days 0 Hours 1 Minutes 30 Seconds

============================================================================
22/22 Starting processing wheel.slots.leetcom.com-1.apk ......
Getting apk info from https://play.google.com/store/apps/details?id=wheel.slots.leetcom.com ......
Success to get info from Play Store
The lastest version of wheel.slots.leetcom.com-1.apk is 1.05
Done processing wheel.slots.leetcom.com-1.apk
Time Spent:   0 Days 0 Hours 1 Minutes 37 Seconds

============================================================================


**************************************************************
All Done
Total Time:   0 Days 0 Hours 1 Minutes 37 Seconds
Result Location:               /srv/www/htdocs/CV2/app/admin/scan_apk_version//results/AppInfo_2013-05-07-13-25-16.csv
**************************************************************
