Start processing app in list /share/Git-Apk/Updated_list from /share/Git-Apk/All_Apk  ......

============================================================================
1/5 Starting processing com.estrongs.android.pop-1.apk ......
Getting apk info from https://play.google.com/store/apps/details?id=com.estrongs.android.pop ......
Success to get info from Play Store
The lastest version of com.estrongs.android.pop-1.apk is    Varies with device  
Done processing com.estrongs.android.pop-1.apk
Time Spent:   0 Days 0 Hours 0 Minutes 5 Seconds

============================================================================
2/5 Starting processing com.genina.android.blackjack.view-1.apk ......
Getting apk info from https://play.google.com/store/apps/details?id=com.genina.android.blackjack.view ......
Success to get info from Play Store
The lastest version of com.genina.android.blackjack.view-1.apk is    Varies with device  
Done processing com.genina.android.blackjack.view-1.apk
Time Spent:   0 Days 0 Hours 0 Minutes 9 Seconds

============================================================================
3/5 Starting processing com.kii.safe-1.apk ......
Getting apk info from https://play.google.com/store/apps/details?id=com.kii.safe ......
Success to get info from Play Store
The lastest version of com.kii.safe-1.apk is    Varies with device  
Done processing com.kii.safe-1.apk
Time Spent:   0 Days 0 Hours 0 Minutes 13 Seconds

============================================================================
4/5 Starting processing com.sirma.mobile.bible.android-1.apk ......
Getting apk info from https://play.google.com/store/apps/details?id=com.sirma.mobile.bible.android ......
Success to get info from Play Store
The lastest version of com.sirma.mobile.bible.android-1.apk is    Varies with device  
Done processing com.sirma.mobile.bible.android-1.apk
Time Spent:   0 Days 0 Hours 0 Minutes 16 Seconds

============================================================================
5/5 Starting processing com.twitter.android-1.apk ......
Getting apk info from https://play.google.com/store/apps/details?id=com.twitter.android ......
Success to get info from Play Store
The lastest version of com.twitter.android-1.apk is    Varies with device  
Done processing com.twitter.android-1.apk
Time Spent:   0 Days 0 Hours 0 Minutes 25 Seconds

============================================================================


**************************************************************
All Done
Total Time:   0 Days 0 Hours 0 Minutes 25 Seconds
Result Location:               /srv/www/htdocs/CV2/app/admin/scan_apk_version//results/AppInfo_2013-09-17-10-55-30.csv
**************************************************************
