Start processing app in list /share/Git-Apk/Updated_list from /share/Git-Apk/All_Apk  ......

============================================================================
1/5 Starting processing air.au.com.metro.DumbWaysToDie-1.apk ......
Getting apk info from https://play.google.com/store/apps/details?id=air.au.com.metro.DumbWaysToDie ......
Success to get info from Play Store
The lastest version of air.au.com.metro.DumbWaysToDie-1.apk is  1.4.1  
Done processing air.au.com.metro.DumbWaysToDie-1.apk
Time Spent:   0 Days 0 Hours 0 Minutes 2 Seconds

============================================================================
2/5 Starting processing com.animoca.google.starGirlHalloween-1.apk ......
Getting apk info from https://play.google.com/store/apps/details?id=com.animoca.google.starGirlHalloween ......
Success to get info from Play Store
The lastest version of com.animoca.google.starGirlHalloween-1.apk is  3.0.2  
Done processing com.animoca.google.starGirlHalloween-1.apk
Time Spent:   0 Days 0 Hours 0 Minutes 7 Seconds

============================================================================
3/5 Starting processing com.bitstrips.bitstrips-1.apk ......
Getting apk info from https://play.google.com/store/apps/details?id=com.bitstrips.bitstrips ......
Success to get info from Play Store
The lastest version of com.bitstrips.bitstrips-1.apk is  1.1.5  
Done processing com.bitstrips.bitstrips-1.apk
Time Spent:   0 Days 0 Hours 0 Minutes 10 Seconds

============================================================================
4/5 Starting processing com.chi.CarKing-1.apk ......
Getting apk info from https://play.google.com/store/apps/details?id=com.chi.CarKing ......
Success to get info from Play Store
The lastest version of com.chi.CarKing-1.apk is  1.3  
Done processing com.chi.CarKing-1.apk
Time Spent:   0 Days 0 Hours 0 Minutes 13 Seconds

============================================================================
5/5 Starting processing com.tabtale.doctorzombies-1.apk ......
Getting apk info from https://play.google.com/store/apps/details?id=com.tabtale.doctorzombies ......
Success to get info from Play Store
The lastest version of com.tabtale.doctorzombies-1.apk is  1.0.0  
Done processing com.tabtale.doctorzombies-1.apk
Time Spent:   0 Days 0 Hours 0 Minutes 17 Seconds

============================================================================


**************************************************************
All Done
Total Time:   0 Days 0 Hours 0 Minutes 17 Seconds
Result Location:               /srv/www/htdocs/CV2/app/admin/scan_apk_version//results/AppInfo_2013-11-04-14-37-14.csv
**************************************************************
