Start processing app in list /share/Git-Apk/Updated_list from /share/Git-Apk/All_Apk  ......

============================================================================
1/40 Starting processing air.A800x480-1.apk ......
Getting apk info from https://play.google.com/store/apps/details?id=air.A800x480 ......
Success to get info from Play Store
The lastest version of air.A800x480-1.apk is 1.4.0
Done processing air.A800x480-1.apk
Time Spent:   0 Days 0 Hours 0 Minutes 2 Seconds

============================================================================
2/40 Starting processing air.MakeUp-1.apk ......
Getting apk info from https://play.google.com/store/apps/details?id=air.MakeUp ......
Success to get info from Play Store
The lastest version of air.MakeUp-1.apk is 1.1
Done processing air.MakeUp-1.apk
Time Spent:   0 Days 0 Hours 0 Minutes 3 Seconds

============================================================================
3/40 Starting processing air.com.dozengames.FloorsEscape-1.apk ......
Getting apk info from https://play.google.com/store/apps/details?id=air.com.dozengames.FloorsEscape ......
Success to get info from Play Store
The lastest version of air.com.dozengames.FloorsEscape-1.apk is 1.3.1
Done processing air.com.dozengames.FloorsEscape-1.apk
Time Spent:   0 Days 0 Hours 0 Minutes 5 Seconds

============================================================================
4/40 Starting processing air.com.ea.superherocity_na-1.apk ......
Getting apk info from https://play.google.com/store/apps/details?id=air.com.ea.superherocity_na ......
Success to get info from Play Store
The lastest version of air.com.ea.superherocity_na-1.apk is 1.0.4
Done processing air.com.ea.superherocity_na-1.apk
Time Spent:   0 Days 0 Hours 0 Minutes 6 Seconds

============================================================================
5/40 Starting processing air.com.klgamesllc.escapechallenge-1.apk ......
Getting apk info from https://play.google.com/store/apps/details?id=air.com.klgamesllc.escapechallenge ......
Success to get info from Play Store
The lastest version of air.com.klgamesllc.escapechallenge-1.apk is 1.1.0
Done processing air.com.klgamesllc.escapechallenge-1.apk
Time Spent:   0 Days 0 Hours 0 Minutes 8 Seconds

============================================================================
6/40 Starting processing air.com.mobigrow.canyouescape-1.apk ......
Getting apk info from https://play.google.com/store/apps/details?id=air.com.mobigrow.canyouescape ......
Success to get info from Play Store
The lastest version of air.com.mobigrow.canyouescape-1.apk is 1.1.0
Done processing air.com.mobigrow.canyouescape-1.apk
Time Spent:   0 Days 0 Hours 0 Minutes 9 Seconds

============================================================================
7/40 Starting processing air.com.sgn.bingo.google-1.apk ......
Getting apk info from https://play.google.com/store/apps/details?id=air.com.sgn.bingo.google ......
Success to get info from Play Store
The lastest version of air.com.sgn.bingo.google-1.apk is 2.0.48
Done processing air.com.sgn.bingo.google-1.apk
Time Spent:   0 Days 0 Hours 0 Minutes 11 Seconds

============================================================================
8/40 Starting processing cn.jingling.motu.photowonder-1.apk ......
Getting apk info from https://play.google.com/store/apps/details?id=cn.jingling.motu.photowonder ......
Success to get info from Play Store
The lastest version of cn.jingling.motu.photowonder-1.apk is 3.0.2
Done processing cn.jingling.motu.photowonder-1.apk
Time Spent:   0 Days 0 Hours 0 Minutes 14 Seconds

============================================================================
9/40 Starting processing com.adobe.air-1.apk ......
Getting apk info from https://play.google.com/store/apps/details?id=com.adobe.air ......
Success to get info from Play Store
The lastest version of com.adobe.air-1.apk is 3.7.0.209
Done processing com.adobe.air-1.apk
Time Spent:   0 Days 0 Hours 0 Minutes 16 Seconds

============================================================================
10/40 Starting processing com.aetn.history.ios.swamppeople-1.apk ......
Getting apk info from https://play.google.com/store/apps/details?id=com.aetn.history.ios.swamppeople ......
Success to get info from Play Store
The lastest version of com.aetn.history.ios.swamppeople-1.apk is 2.2
Done processing com.aetn.history.ios.swamppeople-1.apk
Time Spent:   0 Days 0 Hours 0 Minutes 18 Seconds

============================================================================
11/40 Starting processing com.amazingactiongames.justshout-1.apk ......
Getting apk info from https://play.google.com/store/apps/details?id=com.amazingactiongames.justshout ......
Success to get info from Play Store
The lastest version of com.amazingactiongames.justshout-1.apk is 1.0.3
Done processing com.amazingactiongames.justshout-1.apk
Time Spent:   0 Days 0 Hours 0 Minutes 20 Seconds

============================================================================
12/40 Starting processing com.amphibius.zombieinvasion_escape-1.apk ......
Getting apk info from https://play.google.com/store/apps/details?id=com.amphibius.zombieinvasion_escape ......
Success to get info from Play Store
The lastest version of com.amphibius.zombieinvasion_escape-1.apk is 1.0
Done processing com.amphibius.zombieinvasion_escape-1.apk
Time Spent:   0 Days 0 Hours 0 Minutes 23 Seconds

============================================================================
13/40 Starting processing com.androidromania.truckdriver-1.apk ......
Getting apk info from https://play.google.com/store/apps/details?id=com.androidromania.truckdriver ......
Success to get info from Play Store
The lastest version of com.androidromania.truckdriver-1.apk is 1.4.0
Done processing com.androidromania.truckdriver-1.apk
Time Spent:   0 Days 0 Hours 0 Minutes 25 Seconds

============================================================================
14/40 Starting processing com.animoca.google.robotacademy-1.apk ......
Getting apk info from https://play.google.com/store/apps/details?id=com.animoca.google.robotacademy ......
Success to get info from Play Store
The lastest version of com.animoca.google.robotacademy-1.apk is 1.0.1
Done processing com.animoca.google.robotacademy-1.apk
Time Spent:   0 Days 0 Hours 0 Minutes 28 Seconds

============================================================================
15/40 Starting processing com.appgame7.candystar-1.apk ......
Getting apk info from https://play.google.com/store/apps/details?id=com.appgame7.candystar ......
Success to get info from Play Store
The lastest version of com.appgame7.candystar-1.apk is 1.0.3
Done processing com.appgame7.candystar-1.apk
Time Spent:   0 Days 0 Hours 0 Minutes 30 Seconds

============================================================================
16/40 Starting processing com.appgame7.friutslegend-1.apk ......
Getting apk info from https://play.google.com/store/apps/details?id=com.appgame7.friutslegend ......
Success to get info from Play Store
The lastest version of com.appgame7.friutslegend-1.apk is 1.0.3
Done processing com.appgame7.friutslegend-1.apk
Time Spent:   0 Days 0 Hours 0 Minutes 33 Seconds

============================================================================
17/40 Starting processing com.awesomecargames.mountainclimbrace-1.apk ......
Getting apk info from https://play.google.com/store/apps/details?id=com.awesomecargames.mountainclimbrace ......
Success to get info from Play Store
The lastest version of com.awesomecargames.mountainclimbrace-1.apk is 1.0.15
Done processing com.awesomecargames.mountainclimbrace-1.apk
Time Spent:   0 Days 0 Hours 0 Minutes 35 Seconds

============================================================================
18/40 Starting processing com.bhvr.AmpDash-1.apk ......
Getting apk info from https://play.google.com/store/apps/details?id=com.bhvr.AmpDash ......
Success to get info from Play Store
The lastest version of com.bhvr.AmpDash-1.apk is 1.2.1
Done processing com.bhvr.AmpDash-1.apk
Time Spent:   0 Days 0 Hours 0 Minutes 37 Seconds

============================================================================
19/40 Starting processing com.blitwise.ptankshd-1.apk ......
Getting apk info from https://play.google.com/store/apps/details?id=com.blitwise.ptankshd ......
Success to get info from Play Store
The lastest version of com.blitwise.ptankshd-1.apk is 1.9
Done processing com.blitwise.ptankshd-1.apk
Time Spent:   0 Days 0 Hours 0 Minutes 39 Seconds

============================================================================
20/40 Starting processing com.boyaa.fben-1.apk ......
Getting apk info from https://play.google.com/store/apps/details?id=com.boyaa.fben ......
Success to get info from Play Store
The lastest version of com.boyaa.fben-1.apk is 2.5.0
Done processing com.boyaa.fben-1.apk
Time Spent:   0 Days 0 Hours 0 Minutes 42 Seconds

============================================================================
21/40 Starting processing com.crazy.game.good.lost.temple-1.apk ......
Getting apk info from https://play.google.com/store/apps/details?id=com.crazy.game.good.lost.temple ......
Success to get info from Play Store
The lastest version of com.crazy.game.good.lost.temple-1.apk is 1.2
Done processing com.crazy.game.good.lost.temple-1.apk
Time Spent:   0 Days 0 Hours 0 Minutes 44 Seconds

============================================================================
22/40 Starting processing com.creativedevs.jeweltwister-1.apk ......
Getting apk info from https://play.google.com/store/apps/details?id=com.creativedevs.jeweltwister ......
Success to get info from Play Store
The lastest version of com.creativedevs.jeweltwister-1.apk is 1.0.2
Done processing com.creativedevs.jeweltwister-1.apk
Time Spent:   0 Days 0 Hours 0 Minutes 46 Seconds

============================================================================
23/40 Starting processing com.disney.MonstersUniversityFree.goo-1.apk ......
Getting apk info from https://play.google.com/store/apps/details?id=com.disney.MonstersUniversityFree.goo ......
Success to get info from Play Store
The lastest version of com.disney.MonstersUniversityFree.goo-1.apk is 1.0.0
Done processing com.disney.MonstersUniversityFree.goo-1.apk
Time Spent:   0 Days 0 Hours 0 Minutes 49 Seconds

============================================================================
24/40 Starting processing com.disney.scribblefree_goo-1.apk ......
Getting apk info from https://play.google.com/store/apps/details?id=com.disney.scribblefree_goo ......
Success to get info from Play Store
The lastest version of com.disney.scribblefree_goo-1.apk is 1.0.2
Done processing com.disney.scribblefree_goo-1.apk
Time Spent:   0 Days 0 Hours 0 Minutes 51 Seconds

============================================================================
25/40 Starting processing com.djinnworks.RopeFly.lite-1.apk ......
Getting apk info from https://play.google.com/store/apps/details?id=com.djinnworks.RopeFly.lite ......
Success to get info from Play Store
The lastest version of com.djinnworks.RopeFly.lite-1.apk is 2.5
Done processing com.djinnworks.RopeFly.lite-1.apk
Time Spent:   0 Days 0 Hours 0 Minutes 53 Seconds

============================================================================
26/40 Starting processing com.dnddream.headsoccer.android-1.apk ......
Getting apk info from https://play.google.com/store/apps/details?id=com.dnddream.headsoccer.android ......
Success to get info from Play Store
The lastest version of com.dnddream.headsoccer.android-1.apk is 1.4
Done processing com.dnddream.headsoccer.android-1.apk
Time Spent:   0 Days 0 Hours 0 Minutes 56 Seconds

============================================================================
27/40 Starting processing com.dreamcortex.createACar3D_android-1.apk ......
Getting apk info from https://play.google.com/store/apps/details?id=com.dreamcortex.createACar3D_android ......
Success to get info from Play Store
The lastest version of com.dreamcortex.createACar3D_android-1.apk is 1.1.4
Done processing com.dreamcortex.createACar3D_android-1.apk
Time Spent:   0 Days 0 Hours 0 Minutes 58 Seconds

============================================================================
28/40 Starting processing com.droidhen.defender2-1.apk ......
Getting apk info from https://play.google.com/store/apps/details?id=com.droidhen.defender2 ......
Success to get info from Play Store
The lastest version of com.droidhen.defender2-1.apk is 1.3.2
Done processing com.droidhen.defender2-1.apk
Time Spent:   0 Days 0 Hours 1 Minutes 0 Seconds

============================================================================
29/40 Starting processing com.dworks.popitgpnormal-1.apk ......
Getting apk info from https://play.google.com/store/apps/details?id=com.dworks.popitgpnormal ......
Success to get info from Play Store
The lastest version of com.dworks.popitgpnormal-1.apk is 1.0.4
Done processing com.dworks.popitgpnormal-1.apk
Time Spent:   0 Days 0 Hours 1 Minutes 3 Seconds

============================================================================
30/40 Starting processing com.ea.game.wsop_na-1.apk ......
Getting apk info from https://play.google.com/store/apps/details?id=com.ea.game.wsop_na ......
Success to get info from Play Store
The lastest version of com.ea.game.wsop_na-1.apk is 1.6.0
Done processing com.ea.game.wsop_na-1.apk
Time Spent:   0 Days 0 Hours 1 Minutes 5 Seconds

============================================================================
31/40 Starting processing com.ezjoynetwork.savemybird-1.apk ......
Getting apk info from https://play.google.com/store/apps/details?id=com.ezjoynetwork.savemybird ......
Success to get info from Play Store
The lastest version of com.ezjoynetwork.savemybird-1.apk is 1.0.3
Done processing com.ezjoynetwork.savemybird-1.apk
Time Spent:   0 Days 0 Hours 1 Minutes 8 Seconds

============================================================================
32/40 Starting processing com.f84games.survivalrun-1.apk ......
Getting apk info from https://play.google.com/store/apps/details?id=com.f84games.survivalrun ......
Success to get info from Play Store
The lastest version of com.f84games.survivalrun-1.apk is 1.2.5
Done processing com.f84games.survivalrun-1.apk
Time Spent:   0 Days 0 Hours 1 Minutes 10 Seconds

============================================================================
33/40 Starting processing com.fpinternet.islots-1.apk ......
Getting apk info from https://play.google.com/store/apps/details?id=com.fpinternet.islots ......
Success to get info from Play Store
The lastest version of com.fpinternet.islots-1.apk is 1.1
Done processing com.fpinternet.islots-1.apk
Time Spent:   0 Days 0 Hours 1 Minutes 12 Seconds

============================================================================
34/40 Starting processing com.g6677.android.artnail2-1.apk ......
Getting apk info from https://play.google.com/store/apps/details?id=com.g6677.android.artnail2 ......
Success to get info from Play Store
The lastest version of com.g6677.android.artnail2-1.apk is 1.0.1
Done processing com.g6677.android.artnail2-1.apk
Time Spent:   0 Days 0 Hours 1 Minutes 15 Seconds

============================================================================
35/40 Starting processing com.g6677.android.fashionsalon-1.apk ......
Getting apk info from https://play.google.com/store/apps/details?id=com.g6677.android.fashionsalon ......
Success to get info from Play Store
The lastest version of com.g6677.android.fashionsalon-1.apk is 1.0.1
Done processing com.g6677.android.fashionsalon-1.apk
Time Spent:   0 Days 0 Hours 1 Minutes 18 Seconds

============================================================================
36/40 Starting processing com.g6677.android.phairsalon-1.apk ......
Getting apk info from https://play.google.com/store/apps/details?id=com.g6677.android.phairsalon ......
Success to get info from Play Store
The lastest version of com.g6677.android.phairsalon-1.apk is 1.0.0
Done processing com.g6677.android.phairsalon-1.apk
Time Spent:   0 Days 0 Hours 1 Minutes 20 Seconds

============================================================================
37/40 Starting processing com.g6677.android.princessspas-1.apk ......
Getting apk info from https://play.google.com/store/apps/details?id=com.g6677.android.princessspas ......
Success to get info from Play Store
The lastest version of com.g6677.android.princessspas-1.apk is 1.0.1
Done processing com.g6677.android.princessspas-1.apk
Time Spent:   0 Days 0 Hours 1 Minutes 23 Seconds

============================================================================
38/40 Starting processing com.gamelion.loh-1.apk ......
Getting apk info from https://play.google.com/store/apps/details?id=com.gamelion.loh ......
Success to get info from Play Store
The lastest version of com.gamelion.loh-1.apk is 1.3.348
Done processing com.gamelion.loh-1.apk
Time Spent:   0 Days 0 Hours 1 Minutes 25 Seconds

============================================================================
39/40 Starting processing com.gameloft.android.ANMP.GloftDMHM-1.apk ......
Getting apk info from https://play.google.com/store/apps/details?id=com.gameloft.android.ANMP.GloftDMHM ......
Success to get info from Play Store
The lastest version of com.gameloft.android.ANMP.GloftDMHM-1.apk is 1.0.0
Done processing com.gameloft.android.ANMP.GloftDMHM-1.apk
Time Spent:   0 Days 0 Hours 1 Minutes 28 Seconds

============================================================================
40/40 Starting processing com.gameloft.android.ANMP.GloftPOHM-1.apk ......
Getting apk info from https://play.google.com/store/apps/details?id=com.gameloft.android.ANMP.GloftPOHM ......
Success to get info from Play Store
The lastest version of com.gameloft.android.ANMP.GloftPOHM-1.apk is 1.3.0
Done processing com.gameloft.android.ANMP.GloftPOHM-1.apk
Time Spent:   0 Days 0 Hours 1 Minutes 30 Seconds

============================================================================


**************************************************************
All Done
Total Time:   0 Days 0 Hours 1 Minutes 30 Seconds
Result Location:               /srv/www/htdocs/CV2/app/admin/scan_apk_version//results/AppInfo_2013-06-20-10-41-51.csv
**************************************************************
