Start processing app in list /share/Git-Apk/Updated_list from /share/Git-Apk/All_Apk  ......

============================================================================
1/2 Starting processing com.bigduckgames.flow-1.apk ......
Getting apk info from https://play.google.com/store/apps/details?id=com.bigduckgames.flow ......
Success to get info from Play Store
The lastest version of com.bigduckgames.flow-1.apk is  2.5  
Done processing com.bigduckgames.flow-1.apk
Time Spent:   0 Days 0 Hours 0 Minutes 3 Seconds

============================================================================
2/2 Starting processing jp.konami.ppt2013-1.apk ......
Getting apk info from https://play.google.com/store/apps/details?id=jp.konami.ppt2013 ......
Success to get info from Play Store
The lastest version of jp.konami.ppt2013-1.apk is  1.0.5  
Done processing jp.konami.ppt2013-1.apk
Time Spent:   0 Days 0 Hours 0 Minutes 6 Seconds

============================================================================


**************************************************************
All Done
Total Time:   0 Days 0 Hours 0 Minutes 6 Seconds
Result Location:               /srv/www/htdocs/CV2/app/admin/scan_apk_version//results/AppInfo_2013-12-30-09-32-54.csv
**************************************************************
