Start processing app in list /share/Git-Apk/Updated_list from /share/Git-Apk/All_Apk  ......

============================================================================
1/16 Starting processing com.ezjoynetwork.pocketsnooker-1.apk ......
Getting apk info from https://play.google.com/store/apps/details?id=com.ezjoynetwork.pocketsnooker ......
Success to get info from Play Store
The lastest version of com.ezjoynetwork.pocketsnooker-1.apk is 1.0.8
Done processing com.ezjoynetwork.pocketsnooker-1.apk
Time Spent:   0 Days 0 Hours 0 Minutes 2 Seconds

============================================================================
2/16 Starting processing com.fluik.PlumberCrack-1.apk ......
Getting apk info from https://play.google.com/store/apps/details?id=com.fluik.PlumberCrack ......
Success to get info from Play Store
The lastest version of com.fluik.PlumberCrack-1.apk is 1.43
Done processing com.fluik.PlumberCrack-1.apk
Time Spent:   0 Days 0 Hours 0 Minutes 4 Seconds

============================================================================
3/16 Starting processing com.fruityfun.mysteryabbey-1.apk ......
Getting apk info from https://play.google.com/store/apps/details?id=com.fruityfun.mysteryabbey ......
Success to get info from Play Store
The lastest version of com.fruityfun.mysteryabbey-1.apk is 1.0.2
Done processing com.fruityfun.mysteryabbey-1.apk
Time Spent:   0 Days 0 Hours 0 Minutes 5 Seconds

============================================================================
4/16 Starting processing com.gameloft.android.ANMP.GloftF3HM-1.apk ......
Getting apk info from https://play.google.com/store/apps/details?id=com.gameloft.android.ANMP.GloftF3HM ......
Success to get info from Play Store
The lastest version of com.gameloft.android.ANMP.GloftF3HM-1.apk is 1.4.0
Done processing com.gameloft.android.ANMP.GloftF3HM-1.apk
Time Spent:   0 Days 0 Hours 0 Minutes 7 Seconds

============================================================================
5/16 Starting processing com.gamevil.monster.global-1.apk ......
Getting apk info from https://play.google.com/store/apps/details?id=com.gamevil.monster.global ......
Success to get info from Play Store
The lastest version of com.gamevil.monster.global-1.apk is 1.1.3
Done processing com.gamevil.monster.global-1.apk
Time Spent:   0 Days 0 Hours 0 Minutes 9 Seconds

============================================================================
6/16 Starting processing com.gamevil.zenonia5.global-1.apk ......
Getting apk info from https://play.google.com/store/apps/details?id=com.gamevil.zenonia5.global ......
Success to get info from Play Store
The lastest version of com.gamevil.zenonia5.global-1.apk is 1.1.0
Done processing com.gamevil.zenonia5.global-1.apk
Time Spent:   0 Days 0 Hours 0 Minutes 11 Seconds

============================================================================
7/16 Starting processing com.hbm.mahjong-1.apk ......
Getting apk info from https://play.google.com/store/apps/details?id=com.hbm.mahjong ......
Success to get info from Play Store
The lastest version of com.hbm.mahjong-1.apk is 1.6
Done processing com.hbm.mahjong-1.apk
Time Spent:   0 Days 0 Hours 0 Minutes 13 Seconds

============================================================================
8/16 Starting processing com.itchmedia.icomaniacheats-1.apk ......
Getting apk info from https://play.google.com/store/apps/details?id=com.itchmedia.icomaniacheats ......
Success to get info from Play Store
The lastest version of com.itchmedia.icomaniacheats-1.apk is 1.2
Done processing com.itchmedia.icomaniacheats-1.apk
Time Spent:   0 Days 0 Hours 0 Minutes 16 Seconds

============================================================================
9/16 Starting processing com.kabam.kocmobile-1.apk ......
Getting apk info from https://play.google.com/store/apps/details?id=com.kabam.kocmobile ......
Success to get info from Play Store
The lastest version of com.kabam.kocmobile-1.apk is Varies with device
Done processing com.kabam.kocmobile-1.apk
Time Spent:   0 Days 0 Hours 0 Minutes 18 Seconds

============================================================================
10/16 Starting processing com.kauf.squirrelrun-1.apk ......
Getting apk info from https://play.google.com/store/apps/details?id=com.kauf.squirrelrun ......
Success to get info from Play Store
The lastest version of com.kauf.squirrelrun-1.apk is 2.0
Done processing com.kauf.squirrelrun-1.apk
Time Spent:   0 Days 0 Hours 0 Minutes 20 Seconds

============================================================================
11/16 Starting processing com.metoogames.spellstrike3-1.apk ......
Getting apk info from https://play.google.com/store/apps/details?id=com.metoogames.spellstrike3 ......
Success to get info from Play Store
The lastest version of com.metoogames.spellstrike3-1.apk is 1.8.0
Done processing com.metoogames.spellstrike3-1.apk
Time Spent:   0 Days 0 Hours 0 Minutes 23 Seconds

============================================================================
12/16 Starting processing com.rcflightsim.cvplane2-1.apk ......
Getting apk info from https://play.google.com/store/apps/details?id=com.rcflightsim.cvplane2 ......
Success to get info from Play Store
The lastest version of com.rcflightsim.cvplane2-1.apk is 2.32.0
Done processing com.rcflightsim.cvplane2-1.apk
Time Spent:   0 Days 0 Hours 0 Minutes 25 Seconds

============================================================================
13/16 Starting processing com.talking.edward-1.apk ......
Getting apk info from https://play.google.com/store/apps/details?id=com.talking.edward ......
Success to get info from Play Store
The lastest version of com.talking.edward-1.apk is 1.3
Done processing com.talking.edward-1.apk
Time Spent:   0 Days 0 Hours 0 Minutes 27 Seconds

============================================================================
14/16 Starting processing com.tinyco.realms-1.apk ......
Getting apk info from https://play.google.com/store/apps/details?id=com.tinyco.realms ......
Success to get info from Play Store
The lastest version of com.tinyco.realms-1.apk is Varies with device
Done processing com.tinyco.realms-1.apk
Time Spent:   0 Days 0 Hours 0 Minutes 30 Seconds

============================================================================
15/16 Starting processing com.zynga.zrush-1.apk ......
Getting apk info from https://play.google.com/store/apps/details?id=com.zynga.zrush ......
Success to get info from Play Store
The lastest version of com.zynga.zrush-1.apk is 1.1.4
Done processing com.zynga.zrush-1.apk
Time Spent:   0 Days 0 Hours 0 Minutes 33 Seconds

============================================================================
16/16 Starting processing mominis.Generic_Android.Jewels_and_Diamonds-1.apk ......
Getting apk info from https://play.google.com/store/apps/details?id=mominis.Generic_Android.Jewels_and_Diamonds ......
Success to get info from Play Store
The lastest version of mominis.Generic_Android.Jewels_and_Diamonds-1.apk is Varies with device
Done processing mominis.Generic_Android.Jewels_and_Diamonds-1.apk
Time Spent:   0 Days 0 Hours 0 Minutes 35 Seconds

============================================================================


**************************************************************
All Done
Total Time:   0 Days 0 Hours 0 Minutes 35 Seconds
Result Location:               /srv/www/htdocs/CV2/app/admin/scan_apk_version//results/AppInfo_2013-03-25-09-15-18.csv
**************************************************************
