Start processing app in list /share/Git-Apk/Updated_list from /share/Git-Apk/All_Apk  ......

============================================================================
1/6 Starting processing com.HeavalRexet.Portalizer-1.apk ......
Getting apk info from https://play.google.com/store/apps/details?id=com.HeavalRexet.Portalizer ......
Success to get info from Play Store
The lastest version of com.HeavalRexet.Portalizer-1.apk is 1.1.7
Done processing com.HeavalRexet.Portalizer-1.apk
Time Spent:   0 Days 0 Hours 0 Minutes 2 Seconds

============================================================================
2/6 Starting processing com.Lightstorm3D.GeneEffect-1.apk ......
Getting apk info from https://play.google.com/store/apps/details?id=com.Lightstorm3D.GeneEffect ......
Success to get info from Play Store
The lastest version of com.Lightstorm3D.GeneEffect-1.apk is Varies with device
Done processing com.Lightstorm3D.GeneEffect-1.apk
Time Spent:   0 Days 0 Hours 0 Minutes 4 Seconds

============================================================================
3/6 Starting processing com.gmboy.loderunnerclassic-1.apk ......
Getting apk info from https://play.google.com/store/apps/details?id=com.gmboy.loderunnerclassic ......
Success to get info from Play Store
The lastest version of com.gmboy.loderunnerclassic-1.apk is 1.1
Done processing com.gmboy.loderunnerclassic-1.apk
Time Spent:   0 Days 0 Hours 0 Minutes 5 Seconds

============================================================================
4/6 Starting processing com.mmztech.pixelquest-1.apk ......
Getting apk info from https://play.google.com/store/apps/details?id=com.mmztech.pixelquest ......
Success to get info from Play Store
The lastest version of com.mmztech.pixelquest-1.apk is 1.08
Done processing com.mmztech.pixelquest-1.apk
Time Spent:   0 Days 0 Hours 0 Minutes 7 Seconds

============================================================================
5/6 Starting processing com.paranoid.preferences.pro-1.apk ......
Getting apk info from https://play.google.com/store/apps/details?id=com.paranoid.preferences.pro ......
Success to get info from Play Store
The lastest version of com.paranoid.preferences.pro-1.apk is 1.0
Done processing com.paranoid.preferences.pro-1.apk
Time Spent:   0 Days 0 Hours 0 Minutes 10 Seconds

============================================================================
6/6 Starting processing com.rory.plaguez2-1.apk ......
Getting apk info from https://play.google.com/store/apps/details?id=com.rory.plaguez2 ......
Success to get info from Play Store
The lastest version of com.rory.plaguez2-1.apk is 1.2
Done processing com.rory.plaguez2-1.apk
Time Spent:   0 Days 0 Hours 0 Minutes 11 Seconds

============================================================================


**************************************************************
All Done
Total Time:   0 Days 0 Hours 0 Minutes 11 Seconds
Result Location:               /srv/www/htdocs/CV2/app/admin/scan_apk_version//results/AppInfo_2013-01-28-09-12-08.csv
**************************************************************
