Start processing app in list /share/Git-Apk/Updated_list from /share/Git-Apk/All_Apk  ......

============================================================================
1/43 Starting processing ben10bfo.ben10bfo-1.apk ......
Getting apk info from https://play.google.com/store/apps/details?id=ben10bfo.ben10bfo ......
Success to get info from Play Store
The lastest version of ben10bfo.ben10bfo-1.apk is 2.2.24
Done processing ben10bfo.ben10bfo-1.apk
Time Spent:   0 Days 0 Hours 0 Minutes 1 Seconds

============================================================================
2/43 Starting processing biz.mtoy.blockpuzzle.revolution-1.apk ......
Getting apk info from https://play.google.com/store/apps/details?id=biz.mtoy.blockpuzzle.revolution ......
Success to get info from Play Store
The lastest version of biz.mtoy.blockpuzzle.revolution-1.apk is 1.8
Done processing biz.mtoy.blockpuzzle.revolution-1.apk
Time Spent:   0 Days 0 Hours 0 Minutes 3 Seconds

============================================================================
3/43 Starting processing com.Beltheva.Alpaka-1.apk ......
Getting apk info from https://play.google.com/store/apps/details?id=com.Beltheva.Alpaka ......
Success to get info from Play Store
The lastest version of com.Beltheva.Alpaka-1.apk is 1.0.10
Done processing com.Beltheva.Alpaka-1.apk
Time Spent:   0 Days 0 Hours 0 Minutes 5 Seconds

============================================================================
4/43 Starting processing com.aceviral.angrygranrun-1.apk ......
Getting apk info from https://play.google.com/store/apps/details?id=com.aceviral.angrygranrun ......
Success to get info from Play Store
The lastest version of com.aceviral.angrygranrun-1.apk is 1.5.1.6
Done processing com.aceviral.angrygranrun-1.apk
Time Spent:   0 Days 0 Hours 0 Minutes 6 Seconds

============================================================================
5/43 Starting processing com.airhockey-1.apk ......
Getting apk info from https://play.google.com/store/apps/details?id=com.airhockey ......
Success to get info from Play Store
The lastest version of com.airhockey-1.apk is 1.4
Done processing com.airhockey-1.apk
Time Spent:   0 Days 0 Hours 0 Minutes 8 Seconds

============================================================================
6/43 Starting processing com.alper.batak.hd-1.apk ......
Getting apk info from https://play.google.com/store/apps/details?id=com.alper.batak.hd ......
Success to get info from Play Store
The lastest version of com.alper.batak.hd-1.apk is 1.54
Done processing com.alper.batak.hd-1.apk
Time Spent:   0 Days 0 Hours 0 Minutes 10 Seconds

============================================================================
7/43 Starting processing com.andromo.dev10265.app213105-1.apk ......
Getting apk info from https://play.google.com/store/apps/details?id=com.andromo.dev10265.app213105 ......
Success to get info from Play Store
The lastest version of com.andromo.dev10265.app213105-1.apk is 1.0
Done processing com.andromo.dev10265.app213105-1.apk
Time Spent:   0 Days 0 Hours 0 Minutes 11 Seconds

============================================================================
8/43 Starting processing com.bil.fethet-1.apk ......
Getting apk info from https://play.google.com/store/apps/details?id=com.bil.fethet ......
Success to get info from Play Store
The lastest version of com.bil.fethet-1.apk is 1.1.4
Done processing com.bil.fethet-1.apk
Time Spent:   0 Days 0 Hours 0 Minutes 13 Seconds

============================================================================
9/43 Starting processing com.byril.battleship-1.apk ......
Getting apk info from https://play.google.com/store/apps/details?id=com.byril.battleship ......
Success to get info from Play Store
The lastest version of com.byril.battleship-1.apk is 1.0.8
Done processing com.byril.battleship-1.apk
Time Spent:   0 Days 0 Hours 0 Minutes 14 Seconds

============================================================================
10/43 Starting processing com.csl.fishball-1.apk ......
Getting apk info from https://play.google.com/store/apps/details?id=com.csl.fishball ......
Success to get info from Play Store
The lastest version of com.csl.fishball-1.apk is 1.05
Done processing com.csl.fishball-1.apk
Time Spent:   0 Days 0 Hours 0 Minutes 16 Seconds

============================================================================
11/43 Starting processing com.debia.rebusisto-1.apk ......
Getting apk info from https://play.google.com/store/apps/details?id=com.debia.rebusisto ......
Success to get info from Play Store
The lastest version of com.debia.rebusisto-1.apk is 1.51
Done processing com.debia.rebusisto-1.apk
Time Spent:   0 Days 0 Hours 0 Minutes 18 Seconds

============================================================================
12/43 Starting processing com.etermax.bingocrack.lite-1.apk ......
Getting apk info from https://play.google.com/store/apps/details?id=com.etermax.bingocrack.lite ......
Success to get info from Play Store
The lastest version of com.etermax.bingocrack.lite-1.apk is 1.1
Done processing com.etermax.bingocrack.lite-1.apk
Time Spent:   0 Days 0 Hours 0 Minutes 19 Seconds

============================================================================
13/43 Starting processing com.firetruckparking3d-1.apk ......
Getting apk info from https://play.google.com/store/apps/details?id=com.firetruckparking3d ......
Success to get info from Play Store
The lastest version of com.firetruckparking3d-1.apk is 1.0
Done processing com.firetruckparking3d-1.apk
Time Spent:   0 Days 0 Hours 0 Minutes 21 Seconds

============================================================================
14/43 Starting processing com.frozengun.freeze-1.apk ......
Getting apk info from https://play.google.com/store/apps/details?id=com.frozengun.freeze ......
Success to get info from Play Store
The lastest version of com.frozengun.freeze-1.apk is 1.52
Done processing com.frozengun.freeze-1.apk
Time Spent:   0 Days 0 Hours 0 Minutes 23 Seconds

============================================================================
15/43 Starting processing com.gameinsight.battletowersandroid-1.apk ......
Getting apk info from https://play.google.com/store/apps/details?id=com.gameinsight.battletowersandroid ......
Success to get info from Play Store
The lastest version of com.gameinsight.battletowersandroid-1.apk is 1.25
Done processing com.gameinsight.battletowersandroid-1.apk
Time Spent:   0 Days 0 Hours 0 Minutes 24 Seconds

============================================================================
16/43 Starting processing com.gcm.bndc-1.apk ......
Getting apk info from https://play.google.com/store/apps/details?id=com.gcm.bndc ......
Success to get info from Play Store
The lastest version of com.gcm.bndc-1.apk is 4.2
Done processing com.gcm.bndc-1.apk
Time Spent:   0 Days 0 Hours 0 Minutes 26 Seconds

============================================================================
17/43 Starting processing com.glu.flcn_new-1.apk ......
Getting apk info from https://play.google.com/store/apps/details?id=com.glu.flcn_new ......
Success to get info from Play Store
The lastest version of com.glu.flcn_new-1.apk is 1.1.0
Done processing com.glu.flcn_new-1.apk
Time Spent:   0 Days 0 Hours 0 Minutes 27 Seconds

============================================================================
18/43 Starting processing com.hz.game.cd-1.apk ......
Getting apk info from https://play.google.com/store/apps/details?id=com.hz.game.cd ......
Success to get info from Play Store
The lastest version of com.hz.game.cd-1.apk is 1.2.2
Done processing com.hz.game.cd-1.apk
Time Spent:   0 Days 0 Hours 0 Minutes 29 Seconds

============================================================================
19/43 Starting processing com.idtinc.ck-1.apk ......
Getting apk info from https://play.google.com/store/apps/details?id=com.idtinc.ck ......
Success to get info from Play Store
The lastest version of com.idtinc.ck-1.apk is 1.3.2
Done processing com.idtinc.ck-1.apk
Time Spent:   0 Days 0 Hours 0 Minutes 31 Seconds

============================================================================
20/43 Starting processing com.kuhakuworks.DOOORS-1.apk ......
Getting apk info from https://play.google.com/store/apps/details?id=com.kuhakuworks.DOOORS ......
Success to get info from Play Store
The lastest version of com.kuhakuworks.DOOORS-1.apk is 4.0.1
Done processing com.kuhakuworks.DOOORS-1.apk
Time Spent:   0 Days 0 Hours 0 Minutes 32 Seconds

============================================================================
21/43 Starting processing com.kuyuduzu.dogrumuyanlismiiki-1.apk ......
Getting apk info from https://play.google.com/store/apps/details?id=com.kuyuduzu.dogrumuyanlismiiki ......
Success to get info from Play Store
The lastest version of com.kuyuduzu.dogrumuyanlismiiki-1.apk is 1.1
Done processing com.kuyuduzu.dogrumuyanlismiiki-1.apk
Time Spent:   0 Days 0 Hours 0 Minutes 34 Seconds

============================================================================
22/43 Starting processing com.lwp.drift.racing-1.apk ......
Getting apk info from https://play.google.com/store/apps/details?id=com.lwp.drift.racing ......
Success to get info from Play Store
The lastest version of com.lwp.drift.racing-1.apk is 1.65.62403
Done processing com.lwp.drift.racing-1.apk
Time Spent:   0 Days 0 Hours 0 Minutes 35 Seconds

============================================================================
23/43 Starting processing com.piggy_wisdom_00_c-1.apk ......
Getting apk info from https://play.google.com/store/apps/details?id=com.piggy_wisdom_00_c ......
Success to get info from Play Store
The lastest version of com.piggy_wisdom_00_c-1.apk is 1.2
Done processing com.piggy_wisdom_00_c-1.apk
Time Spent:   0 Days 0 Hours 0 Minutes 37 Seconds

============================================================================
24/43 Starting processing com.rovio.angrybirds-1.apk ......
Getting apk info from https://play.google.com/store/apps/details?id=com.rovio.angrybirds ......
Success to get info from Play Store
The lastest version of com.rovio.angrybirds-1.apk is 3.1.2
Done processing com.rovio.angrybirds-1.apk
Time Spent:   0 Days 0 Hours 0 Minutes 39 Seconds

============================================================================
25/43 Starting processing com.rovio.angrybirdsseasons-1.apk ......
Getting apk info from https://play.google.com/store/apps/details?id=com.rovio.angrybirdsseasons ......
Success to get info from Play Store
The lastest version of com.rovio.angrybirdsseasons-1.apk is 3.3.0
Done processing com.rovio.angrybirdsseasons-1.apk
Time Spent:   0 Days 0 Hours 0 Minutes 41 Seconds

============================================================================
26/43 Starting processing com.sgg.pics2-1.apk ......
Getting apk info from https://play.google.com/store/apps/details?id=com.sgg.pics2 ......
Success to get info from Play Store
The lastest version of com.sgg.pics2-1.apk is 1.0.6
Done processing com.sgg.pics2-1.apk
Time Spent:   0 Days 0 Hours 0 Minutes 42 Seconds

============================================================================
27/43 Starting processing com.sgg.twopics-1.apk ......
Getting apk info from https://play.google.com/store/apps/details?id=com.sgg.twopics ......
Success to get info from Play Store
The lastest version of com.sgg.twopics-1.apk is 1.0.5
Done processing com.sgg.twopics-1.apk
Time Spent:   0 Days 0 Hours 0 Minutes 44 Seconds

============================================================================
28/43 Starting processing com.topfreegames.bikeracefreeworld-1.apk ......
Getting apk info from https://play.google.com/store/apps/details?id=com.topfreegames.bikeracefreeworld ......
Success to get info from Play Store
The lastest version of com.topfreegames.bikeracefreeworld-1.apk is 2.3.3
Done processing com.topfreegames.bikeracefreeworld-1.apk
Time Spent:   0 Days 0 Hours 0 Minutes 45 Seconds

============================================================================
29/43 Starting processing com.wooga.diamonddash-1.apk ......
Getting apk info from https://play.google.com/store/apps/details?id=com.wooga.diamonddash ......
Success to get info from Play Store
The lastest version of com.wooga.diamonddash-1.apk is Varies with device
Done processing com.wooga.diamonddash-1.apk
Time Spent:   0 Days 0 Hours 0 Minutes 47 Seconds

============================================================================
30/43 Starting processing com.zeptolab.ctr.ads-1.apk ......
Getting apk info from https://play.google.com/store/apps/details?id=com.zeptolab.ctr.ads ......
Success to get info from Play Store
The lastest version of com.zeptolab.ctr.ads-1.apk is 2.2.1
Done processing com.zeptolab.ctr.ads-1.apk
Time Spent:   0 Days 0 Hours 0 Minutes 49 Seconds

============================================================================
31/43 Starting processing de.lotum.whatsinthefoto.de-1.apk ......
Getting apk info from https://play.google.com/store/apps/details?id=de.lotum.whatsinthefoto.de ......
Success to get info from Play Store
The lastest version of de.lotum.whatsinthefoto.de-1.apk is 1.4
Done processing de.lotum.whatsinthefoto.de-1.apk
Time Spent:   0 Days 0 Hours 0 Minutes 52 Seconds

============================================================================
32/43 Starting processing de.lotum.whatsinthefoto.es-1.apk ......
Getting apk info from https://play.google.com/store/apps/details?id=de.lotum.whatsinthefoto.es ......
Success to get info from Play Store
The lastest version of de.lotum.whatsinthefoto.es-1.apk is 1.1
Done processing de.lotum.whatsinthefoto.es-1.apk
Time Spent:   0 Days 0 Hours 0 Minutes 54 Seconds

============================================================================
33/43 Starting processing de.lotum.whatsinthefoto.fr-1.apk ......
Getting apk info from https://play.google.com/store/apps/details?id=de.lotum.whatsinthefoto.fr ......
Success to get info from Play Store
The lastest version of de.lotum.whatsinthefoto.fr-1.apk is 1.3
Done processing de.lotum.whatsinthefoto.fr-1.apk
Time Spent:   0 Days 0 Hours 0 Minutes 56 Seconds

============================================================================
34/43 Starting processing de.lotum.whatsinthefoto.it-1.apk ......
Getting apk info from https://play.google.com/store/apps/details?id=de.lotum.whatsinthefoto.it ......
Success to get info from Play Store
The lastest version of de.lotum.whatsinthefoto.it-1.apk is 1.2
Done processing de.lotum.whatsinthefoto.it-1.apk
Time Spent:   0 Days 0 Hours 0 Minutes 58 Seconds

============================================================================
35/43 Starting processing de.lotum.whatsinthefoto.nl-1.apk ......
Getting apk info from https://play.google.com/store/apps/details?id=de.lotum.whatsinthefoto.nl ......
Success to get info from Play Store
The lastest version of de.lotum.whatsinthefoto.nl-1.apk is 1.1
Done processing de.lotum.whatsinthefoto.nl-1.apk
Time Spent:   0 Days 0 Hours 1 Minutes 0 Seconds

============================================================================
36/43 Starting processing de.lotum.whatsinthefoto.ru-1.apk ......
Getting apk info from https://play.google.com/store/apps/details?id=de.lotum.whatsinthefoto.ru ......
Success to get info from Play Store
The lastest version of de.lotum.whatsinthefoto.ru-1.apk is 1.1
Done processing de.lotum.whatsinthefoto.ru-1.apk
Time Spent:   0 Days 0 Hours 1 Minutes 1 Seconds

============================================================================
37/43 Starting processing de.lotum.whatsinthefoto.us-1.apk ......
Getting apk info from https://play.google.com/store/apps/details?id=de.lotum.whatsinthefoto.us ......
Success to get info from Play Store
The lastest version of de.lotum.whatsinthefoto.us-1.apk is 3.1
Done processing de.lotum.whatsinthefoto.us-1.apk
Time Spent:   0 Days 0 Hours 1 Minutes 3 Seconds

============================================================================
38/43 Starting processing four.pics.one.word.countries-1.apk ......
Getting apk info from https://play.google.com/store/apps/details?id=four.pics.one.word.countries ......
Success to get info from Play Store
The lastest version of four.pics.one.word.countries-1.apk is 1.0.14
Done processing four.pics.one.word.countries-1.apk
Time Spent:   0 Days 0 Hours 1 Minutes 5 Seconds

============================================================================
39/43 Starting processing jp.co.ponos.battlecats-1.apk ......
Getting apk info from https://play.google.com/store/apps/details?id=jp.co.ponos.battlecats ......
Success to get info from Play Store
The lastest version of jp.co.ponos.battlecats-1.apk is 1.4.2
Done processing jp.co.ponos.battlecats-1.apk
Time Spent:   0 Days 0 Hours 1 Minutes 7 Seconds

============================================================================
40/43 Starting processing jp.mbga.a12012406.lite-1.apk ......
Getting apk info from https://play.google.com/store/apps/details?id=jp.mbga.a12012406.lite ......
Success to get info from Play Store
The lastest version of jp.mbga.a12012406.lite-1.apk is 1.0.1
Done processing jp.mbga.a12012406.lite-1.apk
Time Spent:   0 Days 0 Hours 1 Minutes 8 Seconds

============================================================================
41/43 Starting processing nz.co.rumbl.driftkhana.lite-1.apk ......
Getting apk info from https://play.google.com/store/apps/details?id=nz.co.rumbl.driftkhana.lite ......
Success to get info from Play Store
The lastest version of nz.co.rumbl.driftkhana.lite-1.apk is 1.1
Done processing nz.co.rumbl.driftkhana.lite-1.apk
Time Spent:   0 Days 0 Hours 1 Minutes 10 Seconds

============================================================================
42/43 Starting processing org.orangenose.games-1.apk ......
Getting apk info from https://play.google.com/store/apps/details?id=org.orangenose.games ......
Success to get info from Play Store
The lastest version of org.orangenose.games-1.apk is 9.0
Done processing org.orangenose.games-1.apk
Time Spent:   0 Days 0 Hours 1 Minutes 11 Seconds

============================================================================
43/43 Starting processing sg.vinay.FourpicsOnewordcheatsanswers-1.apk ......
Getting apk info from https://play.google.com/store/apps/details?id=sg.vinay.FourpicsOnewordcheatsanswers ......
Success to get info from Play Store
The lastest version of sg.vinay.FourpicsOnewordcheatsanswers-1.apk is 1.1
Done processing sg.vinay.FourpicsOnewordcheatsanswers-1.apk
Time Spent:   0 Days 0 Hours 1 Minutes 13 Seconds

============================================================================


**************************************************************
All Done
Total Time:   0 Days 0 Hours 1 Minutes 13 Seconds
Result Location:               /srv/www/htdocs/CV2/app/admin/scan_apk_version//results/AppInfo_2013-05-27-13-50-23.csv
**************************************************************
