Start processing app in list /share/Git-Apk/Updated_list from /share/Git-Apk/All_Apk  ......

============================================================================
1/25 Starting processing air.com.bitrhymes.bingo-1.apk ......
Getting apk info from https://play.google.com/store/apps/details?id=air.com.bitrhymes.bingo ......
Success to get info from Play Store
The lastest version of air.com.bitrhymes.bingo-1.apk is Varies with device
Done processing air.com.bitrhymes.bingo-1.apk
Time Spent:   0 Days 0 Hours 0 Minutes 2 Seconds

============================================================================
2/25 Starting processing air.com.buffalo_studios.newflashbingo-1.apk ......
Getting apk info from https://play.google.com/store/apps/details?id=air.com.buffalo_studios.newflashbingo ......
Success to get info from Play Store
The lastest version of air.com.buffalo_studios.newflashbingo-1.apk is 2.21.0
Done processing air.com.buffalo_studios.newflashbingo-1.apk
Time Spent:   0 Days 0 Hours 0 Minutes 3 Seconds

============================================================================
3/25 Starting processing air.com.freshplanet.games.WaM-1.apk ......
Getting apk info from https://play.google.com/store/apps/details?id=air.com.freshplanet.games.WaM ......
Success to get info from Play Store
The lastest version of air.com.freshplanet.games.WaM-1.apk is 1.7.7
Done processing air.com.freshplanet.games.WaM-1.apk
Time Spent:   0 Days 0 Hours 0 Minutes 4 Seconds

============================================================================
4/25 Starting processing com.appgame7.candystar-1.apk ......
Getting apk info from https://play.google.com/store/apps/details?id=com.appgame7.candystar ......
Success to get info from Play Store
The lastest version of com.appgame7.candystar-1.apk is 1.0.3
Done processing com.appgame7.candystar-1.apk
Time Spent:   0 Days 0 Hours 0 Minutes 6 Seconds

============================================================================
5/25 Starting processing com.cleanmaster.mguard-1.apk ......
Getting apk info from https://play.google.com/store/apps/details?id=com.cleanmaster.mguard ......
Success to get info from Play Store
The lastest version of com.cleanmaster.mguard-1.apk is 3.6.0
Done processing com.cleanmaster.mguard-1.apk
Time Spent:   0 Days 0 Hours 0 Minutes 7 Seconds

============================================================================
6/25 Starting processing com.ea.games.r3_na-1.apk ......
Getting apk info from https://play.google.com/store/apps/details?id=com.ea.games.r3_na ......
Success to get info from Play Store
The lastest version of com.ea.games.r3_na-1.apk is 1.1.12
Done processing com.ea.games.r3_na-1.apk
Time Spent:   0 Days 0 Hours 0 Minutes 9 Seconds

============================================================================
7/25 Starting processing com.ggee.vividruntime.gg_1611-1.apk ......
Getting apk info from https://play.google.com/store/apps/details?id=com.ggee.vividruntime.gg_1611 ......
Success to get info from Play Store
The lastest version of com.ggee.vividruntime.gg_1611-1.apk is 13.05.01
Done processing com.ggee.vividruntime.gg_1611-1.apk
Time Spent:   0 Days 0 Hours 0 Minutes 10 Seconds

============================================================================
8/25 Starting processing com.glidetalk.glideapp-1.apk ......
Getting apk info from https://play.google.com/store/apps/details?id=com.glidetalk.glideapp ......
Success to get info from Play Store
The lastest version of com.glidetalk.glideapp-1.apk is GlideBeta.v0.0.33
Done processing com.glidetalk.glideapp-1.apk
Time Spent:   0 Days 0 Hours 0 Minutes 11 Seconds

============================================================================
9/25 Starting processing com.google.android.apps.docs-1.apk ......
Getting apk info from https://play.google.com/store/apps/details?id=com.google.android.apps.docs ......
Success to get info from Play Store
The lastest version of com.google.android.apps.docs-1.apk is 1.2.228.32
Done processing com.google.android.apps.docs-1.apk
Time Spent:   0 Days 0 Hours 0 Minutes 13 Seconds

============================================================================
10/25 Starting processing com.google.android.apps.magazines-1.apk ......
Getting apk info from https://play.google.com/store/apps/details?id=com.google.android.apps.magazines ......
Success to get info from Play Store
The lastest version of com.google.android.apps.magazines-1.apk is 2.0.0
Done processing com.google.android.apps.magazines-1.apk
Time Spent:   0 Days 0 Hours 0 Minutes 14 Seconds

============================================================================
11/25 Starting processing com.google.android.apps.plus-1.apk ......
Getting apk info from https://play.google.com/store/apps/details?id=com.google.android.apps.plus ......
Success to get info from Play Store
The lastest version of com.google.android.apps.plus-1.apk is Varies with device
Done processing com.google.android.apps.plus-1.apk
Time Spent:   0 Days 0 Hours 0 Minutes 16 Seconds

============================================================================
12/25 Starting processing com.google.android.calendar-1.apk ......
Getting apk info from https://play.google.com/store/apps/details?id=com.google.android.calendar ......
Success to get info from Play Store
The lastest version of com.google.android.calendar-1.apk is 201305280
Done processing com.google.android.calendar-1.apk
Time Spent:   0 Days 0 Hours 0 Minutes 18 Seconds

============================================================================
13/25 Starting processing com.google.android.videos-1.apk ......
Getting apk info from https://play.google.com/store/apps/details?id=com.google.android.videos ......
Success to get info from Play Store
The lastest version of com.google.android.videos-1.apk is Varies with device
Done processing com.google.android.videos-1.apk
Time Spent:   0 Days 0 Hours 0 Minutes 19 Seconds

============================================================================
14/25 Starting processing com.google.android.youtube-1.apk ......
Getting apk info from https://play.google.com/store/apps/details?id=com.google.android.youtube ......
Success to get info from Play Store
The lastest version of com.google.android.youtube-1.apk is 4.5.17
Done processing com.google.android.youtube-1.apk
Time Spent:   0 Days 0 Hours 0 Minutes 21 Seconds

============================================================================
15/25 Starting processing com.hz.game.cd-1.apk ......
Getting apk info from https://play.google.com/store/apps/details?id=com.hz.game.cd ......
Success to get info from Play Store
The lastest version of com.hz.game.cd-1.apk is 1.2.4
Done processing com.hz.game.cd-1.apk
Time Spent:   0 Days 0 Hours 0 Minutes 22 Seconds

============================================================================
16/25 Starting processing com.hz.game.ld-1.apk ......
Getting apk info from https://play.google.com/store/apps/details?id=com.hz.game.ld ......
Success to get info from Play Store
The lastest version of com.hz.game.ld-1.apk is 1.2.7
Done processing com.hz.game.ld-1.apk
Time Spent:   0 Days 0 Hours 0 Minutes 23 Seconds

============================================================================
17/25 Starting processing com.itopways.bingocity-1.apk ......
Getting apk info from https://play.google.com/store/apps/details?id=com.itopways.bingocity ......
Success to get info from Play Store
The lastest version of com.itopways.bingocity-1.apk is 1.0.2.1
Done processing com.itopways.bingocity-1.apk
Time Spent:   0 Days 0 Hours 0 Minutes 25 Seconds

============================================================================
18/25 Starting processing com.lima.doodlejump-1.apk ......
Getting apk info from https://play.google.com/store/apps/details?id=com.lima.doodlejump ......
Success to get info from Play Store
The lastest version of com.lima.doodlejump-1.apk is Varies with device
Done processing com.lima.doodlejump-1.apk
Time Spent:   0 Days 0 Hours 0 Minutes 26 Seconds

============================================================================
19/25 Starting processing com.mobage.ww.a1257.Dot_Android-1.apk ......
Getting apk info from https://play.google.com/store/apps/details?id=com.mobage.ww.a1257.Dot_Android ......
Success to get info from Play Store
The lastest version of com.mobage.ww.a1257.Dot_Android-1.apk is 2.2.0
Done processing com.mobage.ww.a1257.Dot_Android-1.apk
Time Spent:   0 Days 0 Hours 0 Minutes 28 Seconds

============================================================================
20/25 Starting processing com.noodlecake.happyjump-1.apk ......
Getting apk info from https://play.google.com/store/apps/details?id=com.noodlecake.happyjump ......
Success to get info from Play Store
The lastest version of com.noodlecake.happyjump-1.apk is Varies with device
Done processing com.noodlecake.happyjump-1.apk
Time Spent:   0 Days 0 Hours 0 Minutes 29 Seconds

============================================================================
21/25 Starting processing com.noodlecake.ssg2-1.apk ......
Getting apk info from https://play.google.com/store/apps/details?id=com.noodlecake.ssg2 ......
Success to get info from Play Store
The lastest version of com.noodlecake.ssg2-1.apk is 1.0.7
Done processing com.noodlecake.ssg2-1.apk
Time Spent:   0 Days 0 Hours 0 Minutes 31 Seconds

============================================================================
22/25 Starting processing com.perblue.greedforglory-1.apk ......
Getting apk info from https://play.google.com/store/apps/details?id=com.perblue.greedforglory ......
Success to get info from Play Store
The lastest version of com.perblue.greedforglory-1.apk is Varies with device
Done processing com.perblue.greedforglory-1.apk
Time Spent:   0 Days 0 Hours 0 Minutes 33 Seconds

============================================================================
23/25 Starting processing com.waze-1.apk ......
Getting apk info from https://play.google.com/store/apps/details?id=com.waze ......
Success to get info from Play Store
The lastest version of com.waze-1.apk is 3.7.2.0
Done processing com.waze-1.apk
Time Spent:   0 Days 0 Hours 0 Minutes 35 Seconds

============================================================================
24/25 Starting processing com.zynga.battlestone-1.apk ......
Getting apk info from https://play.google.com/store/apps/details?id=com.zynga.battlestone ......
Success to get info from Play Store
The lastest version of com.zynga.battlestone-1.apk is 1.1.286929
Done processing com.zynga.battlestone-1.apk
Time Spent:   0 Days 0 Hours 0 Minutes 37 Seconds

============================================================================
25/25 Starting processing jp.co.applibot.legend.android-1.apk ......
Getting apk info from https://play.google.com/store/apps/details?id=jp.co.applibot.legend.android ......
Success to get info from Play Store
The lastest version of jp.co.applibot.legend.android-1.apk is 5.7
Done processing jp.co.applibot.legend.android-1.apk
Time Spent:   0 Days 0 Hours 0 Minutes 39 Seconds

============================================================================


**************************************************************
All Done
Total Time:   0 Days 0 Hours 0 Minutes 39 Seconds
Result Location:               /srv/www/htdocs/CV2/app/admin/scan_apk_version//results/AppInfo_2013-07-02-18-09-46.csv
**************************************************************
