Start processing app in list /share/Git-Apk/Updated_list from /share/Git-Apk/All_Apk  ......

============================================================================
1/3 Starting processing com.legend.dragon-1.apk ......
Getting apk info from https://play.google.com/store/apps/details?id=com.legend.dragon ......
Success to get info from Play Store
The lastest version of com.legend.dragon-1.apk is  2.1.0  
Done processing com.legend.dragon-1.apk
Time Spent:   0 Days 0 Hours 0 Minutes 3 Seconds

============================================================================
2/3 Starting processing jp.naver.SJLGBUBBLE-1.apk ......
Getting apk info from https://play.google.com/store/apps/details?id=jp.naver.SJLGBUBBLE ......
Success to get info from Play Store
The lastest version of jp.naver.SJLGBUBBLE-1.apk is  1.5.0  
Done processing jp.naver.SJLGBUBBLE-1.apk
Time Spent:   0 Days 0 Hours 0 Minutes 7 Seconds

============================================================================
3/3 Starting processing jp.naver.SJLINEPANG-1.apk ......
Getting apk info from https://play.google.com/store/apps/details?id=jp.naver.SJLINEPANG ......
Success to get info from Play Store
The lastest version of jp.naver.SJLINEPANG-1.apk is  1.9.3.2  
Done processing jp.naver.SJLINEPANG-1.apk
Time Spent:   0 Days 0 Hours 0 Minutes 10 Seconds

============================================================================


**************************************************************
All Done
Total Time:   0 Days 0 Hours 0 Minutes 10 Seconds
Result Location:               /srv/www/htdocs/CV2/app/admin/scan_apk_version//results/AppInfo_2013-11-15-10-27-05.csv
**************************************************************
