Start processing app in list /share/Git-Apk/Updated_list from /share/Git-Apk/All_Apk  ......

============================================================================
1/13 Starting processing air.com.buffalo_studios.newflashbingo-1.apk ......
Getting apk info from https://play.google.com/store/apps/details?id=air.com.buffalo_studios.newflashbingo ......
Success to get info from Play Store
The lastest version of air.com.buffalo_studios.newflashbingo-1.apk is  2.52.0  
Done processing air.com.buffalo_studios.newflashbingo-1.apk
Time Spent:   0 Days 0 Hours 0 Minutes 4 Seconds

============================================================================
2/13 Starting processing air.com.sgn.pand-1.apk ......
Getting apk info from https://play.google.com/store/apps/details?id=air.com.sgn.pand ......
Success to get info from Play Store
The lastest version of air.com.sgn.pand-1.apk is  1.7.68  
Done processing air.com.sgn.pand-1.apk
Time Spent:   0 Days 0 Hours 0 Minutes 9 Seconds

============================================================================
3/13 Starting processing com.appsverse.photon-1.apk ......
Getting apk info from https://play.google.com/store/apps/details?id=com.appsverse.photon ......
Success to get info from Play Store
The lastest version of com.appsverse.photon-1.apk is  2.3  
Done processing com.appsverse.photon-1.apk
Time Spent:   0 Days 0 Hours 0 Minutes 13 Seconds

============================================================================
4/13 Starting processing com.bgames.android.nopimple-1.apk ......
Getting apk info from https://play.google.com/store/apps/details?id=com.bgames.android.nopimple ......
Success to get info from Play Store
The lastest version of com.bgames.android.nopimple-1.apk is  1.0.4  
Done processing com.bgames.android.nopimple-1.apk
Time Spent:   0 Days 0 Hours 0 Minutes 17 Seconds

============================================================================
5/13 Starting processing com.bigbluebubble.singingmonsters.full-1.apk ......
Getting apk info from https://play.google.com/store/apps/details?id=com.bigbluebubble.singingmonsters.full ......
Success to get info from Play Store
The lastest version of com.bigbluebubble.singingmonsters.full-1.apk is  1.2.5  
Done processing com.bigbluebubble.singingmonsters.full-1.apk
Time Spent:   0 Days 0 Hours 0 Minutes 22 Seconds

============================================================================
6/13 Starting processing com.cosmos.babyloniantwins.premium-1.apk ......
Getting apk info from https://play.google.com/store/apps/details?id=com.cosmos.babyloniantwins.premium ......
Success to get info from Play Store
The lastest version of com.cosmos.babyloniantwins.premium-1.apk is  1.7.4  
Done processing com.cosmos.babyloniantwins.premium-1.apk
Time Spent:   0 Days 0 Hours 0 Minutes 26 Seconds

============================================================================
7/13 Starting processing com.disney.mysingingmuppets.goo-1.apk ......
Getting apk info from https://play.google.com/store/apps/details?id=com.disney.mysingingmuppets.goo ......
Success to get info from Play Store
The lastest version of com.disney.mysingingmuppets.goo-1.apk is  1.1.4  
Done processing com.disney.mysingingmuppets.goo-1.apk
Time Spent:   0 Days 0 Hours 0 Minutes 31 Seconds

============================================================================
8/13 Starting processing com.genina.android.blackjack.view-1.apk ......
Getting apk info from https://play.google.com/store/apps/details?id=com.genina.android.blackjack.view ......
Success to get info from Play Store
The lastest version of com.genina.android.blackjack.view-1.apk is    Varies with device  
Done processing com.genina.android.blackjack.view-1.apk
Time Spent:   0 Days 0 Hours 0 Minutes 34 Seconds

============================================================================
9/13 Starting processing com.hiddenvariable.bagit.lite-1.apk ......
Getting apk info from https://play.google.com/store/apps/details?id=com.hiddenvariable.bagit.lite ......
Success to get info from Play Store
The lastest version of com.hiddenvariable.bagit.lite-1.apk is  3.1  
Done processing com.hiddenvariable.bagit.lite-1.apk
Time Spent:   0 Days 0 Hours 0 Minutes 38 Seconds

============================================================================
10/13 Starting processing com.king.petrescuesaga-1.apk ......
Getting apk info from https://play.google.com/store/apps/details?id=com.king.petrescuesaga ......
Success to get info from Play Store
The lastest version of com.king.petrescuesaga-1.apk is  1.13.3  
Done processing com.king.petrescuesaga-1.apk
Time Spent:   0 Days 0 Hours 0 Minutes 42 Seconds

============================================================================
11/13 Starting processing com.myfitnesspal.android-1.apk ......
Getting apk info from https://play.google.com/store/apps/details?id=com.myfitnesspal.android ......
Success to get info from Play Store
The lastest version of com.myfitnesspal.android-1.apk is    Varies with device  
Done processing com.myfitnesspal.android-1.apk
Time Spent:   0 Days 0 Hours 0 Minutes 46 Seconds

============================================================================
12/13 Starting processing com.tinidream.bingorun-1.apk ......
Getting apk info from https://play.google.com/store/apps/details?id=com.tinidream.bingorun ......
Success to get info from Play Store
The lastest version of com.tinidream.bingorun-1.apk is  1.63  
Done processing com.tinidream.bingorun-1.apk
Time Spent:   0 Days 0 Hours 0 Minutes 49 Seconds

============================================================================
13/13 Starting processing com.tinidream.bingosummer-1.apk ......
Getting apk info from https://play.google.com/store/apps/details?id=com.tinidream.bingosummer ......
Success to get info from Play Store
The lastest version of com.tinidream.bingosummer-1.apk is  1.63  
Done processing com.tinidream.bingosummer-1.apk
Time Spent:   0 Days 0 Hours 0 Minutes 52 Seconds

============================================================================


**************************************************************
All Done
Total Time:   0 Days 0 Hours 0 Minutes 52 Seconds
Result Location:               /srv/www/htdocs/CV2/app/admin/scan_apk_version//results/AppInfo_2014-03-10-10-09-13.csv
**************************************************************
