Start processing app in list /share/Git-Apk/Updated_list from /share/Git-Apk/All_Apk  ......

============================================================================
1/42 Starting processing air.com.disney.hiddendisney.goo-1.apk ......
Getting apk info from https://play.google.com/store/apps/details?id=air.com.disney.hiddendisney.goo ......
Success to get info from Play Store
The lastest version of air.com.disney.hiddendisney.goo-1.apk is  2.0.0  
Done processing air.com.disney.hiddendisney.goo-1.apk
Time Spent:   0 Days 0 Hours 0 Minutes 5 Seconds

============================================================================
2/42 Starting processing air.com.mobigrow.canyouescape2-1.apk ......
Getting apk info from https://play.google.com/store/apps/details?id=air.com.mobigrow.canyouescape2 ......
Success to get info from Play Store
The lastest version of air.com.mobigrow.canyouescape2-1.apk is  1.0.2  
Done processing air.com.mobigrow.canyouescape2-1.apk
Time Spent:   0 Days 0 Hours 0 Minutes 7 Seconds

============================================================================
3/42 Starting processing air.com.sinetimes.redwar.newEn.pro-1.apk ......
Getting apk info from https://play.google.com/store/apps/details?id=air.com.sinetimes.redwar.newEn.pro ......
Success to get info from Play Store
The lastest version of air.com.sinetimes.redwar.newEn.pro-1.apk is  5.7.8  
Done processing air.com.sinetimes.redwar.newEn.pro-1.apk
Time Spent:   0 Days 0 Hours 0 Minutes 11 Seconds

============================================================================
4/42 Starting processing com.aceviral.atvdistance-1.apk ......
Getting apk info from https://play.google.com/store/apps/details?id=com.aceviral.atvdistance ......
Success to get info from Play Store
The lastest version of com.aceviral.atvdistance-1.apk is  1.0.4  
Done processing com.aceviral.atvdistance-1.apk
Time Spent:   0 Days 0 Hours 0 Minutes 14 Seconds

============================================================================
5/42 Starting processing com.animoca.google.beautyIdol-1.apk ......
Getting apk info from https://play.google.com/store/apps/details?id=com.animoca.google.beautyIdol ......
Success to get info from Play Store
The lastest version of com.animoca.google.beautyIdol-1.apk is  1.0.0  
Done processing com.animoca.google.beautyIdol-1.apk
Time Spent:   0 Days 0 Hours 0 Minutes 19 Seconds

============================================================================
6/42 Starting processing com.bestsolitaire.solitaire-1.apk ......
Getting apk info from https://play.google.com/store/apps/details?id=com.bestsolitaire.solitaire ......
Success to get info from Play Store
The lastest version of com.bestsolitaire.solitaire-1.apk is  1.0  
Done processing com.bestsolitaire.solitaire-1.apk
Time Spent:   0 Days 0 Hours 0 Minutes 22 Seconds

============================================================================
7/42 Starting processing com.blood.zombies2-1.apk ......
Getting apk info from https://play.google.com/store/apps/details?id=com.blood.zombies2 ......
Success to get info from Play Store
The lastest version of com.blood.zombies2-1.apk is  1.0.9  
Done processing com.blood.zombies2-1.apk
Time Spent:   0 Days 0 Hours 0 Minutes 25 Seconds

============================================================================
8/42 Starting processing com.cb.police3d-1.apk ......
Getting apk info from https://play.google.com/store/apps/details?id=com.cb.police3d ......
Success to get info from Play Store
The lastest version of com.cb.police3d-1.apk is  1.6  
Done processing com.cb.police3d-1.apk
Time Spent:   0 Days 0 Hours 0 Minutes 29 Seconds

============================================================================
9/42 Starting processing com.cleanmaster.security-1.apk ......
Getting apk info from https://play.google.com/store/apps/details?id=com.cleanmaster.security ......
Success to get info from Play Store
The lastest version of com.cleanmaster.security-1.apk is  1.0.2  
Done processing com.cleanmaster.security-1.apk
Time Spent:   0 Days 0 Hours 0 Minutes 32 Seconds

============================================================================
10/42 Starting processing com.degoo.android.footnail-1.apk ......
Getting apk info from https://play.google.com/store/apps/details?id=com.degoo.android.footnail ......
Success to get info from Play Store
The lastest version of com.degoo.android.footnail-1.apk is  1.0.1  
Done processing com.degoo.android.footnail-1.apk
Time Spent:   0 Days 0 Hours 0 Minutes 36 Seconds

============================================================================
11/42 Starting processing com.degoo.android.phy-1.apk ......
Getting apk info from https://play.google.com/store/apps/details?id=com.degoo.android.phy ......
Success to get info from Play Store
The lastest version of com.degoo.android.phy-1.apk is  1.0.0  
Done processing com.degoo.android.phy-1.apk
Time Spent:   0 Days 0 Hours 0 Minutes 39 Seconds

============================================================================
12/42 Starting processing com.disney.frozensaga_goo-1.apk ......
Getting apk info from https://play.google.com/store/apps/details?id=com.disney.frozensaga_goo ......
Success to get info from Play Store
The lastest version of com.disney.frozensaga_goo-1.apk is  1.2.1  
Done processing com.disney.frozensaga_goo-1.apk
Time Spent:   0 Days 0 Hours 0 Minutes 43 Seconds

============================================================================
13/42 Starting processing com.fdgentertainment.bananakong-1.apk ......
Getting apk info from https://play.google.com/store/apps/details?id=com.fdgentertainment.bananakong ......
Success to get info from Play Store
The lastest version of com.fdgentertainment.bananakong-1.apk is  1.6.13  
Done processing com.fdgentertainment.bananakong-1.apk
Time Spent:   0 Days 0 Hours 0 Minutes 46 Seconds

============================================================================
14/42 Starting processing com.fingersoft.failhard-1.apk ......
Getting apk info from https://play.google.com/store/apps/details?id=com.fingersoft.failhard ......
Success to get info from Play Store
The lastest version of com.fingersoft.failhard-1.apk is  1.0.9  
Done processing com.fingersoft.failhard-1.apk
Time Spent:   0 Days 0 Hours 0 Minutes 50 Seconds

============================================================================
15/42 Starting processing com.freezenova.crazygame-1.apk ......
Getting apk info from https://play.google.com/store/apps/details?id=com.freezenova.crazygame ......
Success to get info from Play Store
The lastest version of com.freezenova.crazygame-1.apk is  1.0  
Done processing com.freezenova.crazygame-1.apk
Time Spent:   0 Days 0 Hours 0 Minutes 53 Seconds

============================================================================
16/42 Starting processing com.freshgames.escapethetitanic-1.apk ......
Getting apk info from https://play.google.com/store/apps/details?id=com.freshgames.escapethetitanic ......
Success to get info from Play Store
The lastest version of com.freshgames.escapethetitanic-1.apk is  1.0.14  
Done processing com.freshgames.escapethetitanic-1.apk
Time Spent:   0 Days 0 Hours 0 Minutes 56 Seconds

============================================================================
17/42 Starting processing com.g6677.android.christmasspa-1.apk ......
Getting apk info from https://play.google.com/store/apps/details?id=com.g6677.android.christmasspa ......
Success to get info from Play Store
The lastest version of com.g6677.android.christmasspa-1.apk is  1.0.0  
Done processing com.g6677.android.christmasspa-1.apk
Time Spent:   0 Days 0 Hours 1 Minutes 0 Seconds

============================================================================
18/42 Starting processing com.g6677.android.cspa-1.apk ......
Getting apk info from https://play.google.com/store/apps/details?id=com.g6677.android.cspa ......
Success to get info from Play Store
The lastest version of com.g6677.android.cspa-1.apk is  1.0.1  
Done processing com.g6677.android.cspa-1.apk
Time Spent:   0 Days 0 Hours 1 Minutes 3 Seconds

============================================================================
19/42 Starting processing com.g6677.android.eyemakeup-1.apk ......
Getting apk info from https://play.google.com/store/apps/details?id=com.g6677.android.eyemakeup ......
Success to get info from Play Store
The lastest version of com.g6677.android.eyemakeup-1.apk is  1.0.0  
Done processing com.g6677.android.eyemakeup-1.apk
Time Spent:   0 Days 0 Hours 1 Minutes 7 Seconds

============================================================================
20/42 Starting processing com.g6677.android.eyesalon-1.apk ......
Getting apk info from https://play.google.com/store/apps/details?id=com.g6677.android.eyesalon ......
Success to get info from Play Store
The lastest version of com.g6677.android.eyesalon-1.apk is  1.0.0  
Done processing com.g6677.android.eyesalon-1.apk
Time Spent:   0 Days 0 Hours 1 Minutes 10 Seconds

============================================================================
21/42 Starting processing com.g6677.android.ltdoctor-1.apk ......
Getting apk info from https://play.google.com/store/apps/details?id=com.g6677.android.ltdoctor ......
Success to get info from Play Store
The lastest version of com.g6677.android.ltdoctor-1.apk is  1.0.0  
Done processing com.g6677.android.ltdoctor-1.apk
Time Spent:   0 Days 0 Hours 1 Minutes 13 Seconds

============================================================================
22/42 Starting processing com.glu.robocop-1.apk ......
Getting apk info from https://play.google.com/store/apps/details?id=com.glu.robocop ......
Success to get info from Play Store
The lastest version of com.glu.robocop-1.apk is  1.0.4  
Done processing com.glu.robocop-1.apk
Time Spent:   0 Days 0 Hours 1 Minutes 17 Seconds

============================================================================
23/42 Starting processing com.hapogames.BubbleFarm-1.apk ......
Getting apk info from https://play.google.com/store/apps/details?id=com.hapogames.BubbleFarm ......
Success to get info from Play Store
The lastest version of com.hapogames.BubbleFarm-1.apk is  1.2  
Done processing com.hapogames.BubbleFarm-1.apk
Time Spent:   0 Days 0 Hours 1 Minutes 20 Seconds

============================================================================
24/42 Starting processing com.hasbro.hasbroarcade-1.apk ......
Getting apk info from https://play.google.com/store/apps/details?id=com.hasbro.hasbroarcade ......
Success to get info from Play Store
The lastest version of com.hasbro.hasbroarcade-1.apk is    Varies with device  
Done processing com.hasbro.hasbroarcade-1.apk
Time Spent:   0 Days 0 Hours 1 Minutes 23 Seconds

============================================================================
25/42 Starting processing com.king.farmheroessaga-1.apk ......
Getting apk info from https://play.google.com/store/apps/details?id=com.king.farmheroessaga ......
Success to get info from Play Store
The lastest version of com.king.farmheroessaga-1.apk is  2.1.12  
Done processing com.king.farmheroessaga-1.apk
Time Spent:   0 Days 0 Hours 1 Minutes 27 Seconds

============================================================================
26/42 Starting processing com.kongregate.mobile.run.google-1.apk ......
Getting apk info from https://play.google.com/store/apps/details?id=com.kongregate.mobile.run.google ......
Success to get info from Play Store
The lastest version of com.kongregate.mobile.run.google-1.apk is  1.4  
Done processing com.kongregate.mobile.run.google-1.apk
Time Spent:   0 Days 0 Hours 1 Minutes 30 Seconds

============================================================================
27/42 Starting processing com.leagem.zombieescape-1.apk ......
Getting apk info from https://play.google.com/store/apps/details?id=com.leagem.zombieescape ......
Success to get info from Play Store
The lastest version of com.leagem.zombieescape-1.apk is  1.2.2  
Done processing com.leagem.zombieescape-1.apk
Time Spent:   0 Days 0 Hours 1 Minutes 34 Seconds

============================================================================
28/42 Starting processing com.ovilex.trucksimulator3d-1.apk ......
Getting apk info from https://play.google.com/store/apps/details?id=com.ovilex.trucksimulator3d ......
Success to get info from Play Store
The lastest version of com.ovilex.trucksimulator3d-1.apk is  1.7.0  
Done processing com.ovilex.trucksimulator3d-1.apk
Time Spent:   0 Days 0 Hours 1 Minutes 38 Seconds

============================================================================
29/42 Starting processing com.pixelberrystudios.hssandroid-1.apk ......
Getting apk info from https://play.google.com/store/apps/details?id=com.pixelberrystudios.hssandroid ......
Success to get info from Play Store
The lastest version of com.pixelberrystudios.hssandroid-1.apk is  1.0.22  
Done processing com.pixelberrystudios.hssandroid-1.apk
Time Spent:   0 Days 0 Hours 1 Minutes 42 Seconds

============================================================================
30/42 Starting processing com.playrix.township-1.apk ......
Getting apk info from https://play.google.com/store/apps/details?id=com.playrix.township ......
Success to get info from Play Store
The lastest version of com.playrix.township-1.apk is  1.1.5  
Done processing com.playrix.township-1.apk
Time Spent:   0 Days 0 Hours 1 Minutes 46 Seconds

============================================================================
31/42 Starting processing com.playstation.ratchetnexus-1.apk ......
Getting apk info from https://play.google.com/store/apps/details?id=com.playstation.ratchetnexus ......
Success to get info from Play Store
The lastest version of com.playstation.ratchetnexus-1.apk is  1.0  
Done processing com.playstation.ratchetnexus-1.apk
Time Spent:   0 Days 0 Hours 1 Minutes 49 Seconds

============================================================================
32/42 Starting processing com.sixupplus.BikeRallyFree-1.apk ......
Getting apk info from https://play.google.com/store/apps/details?id=com.sixupplus.BikeRallyFree ......
Success to get info from Play Store
The lastest version of com.sixupplus.BikeRallyFree-1.apk is  1.05  
Done processing com.sixupplus.BikeRallyFree-1.apk
Time Spent:   0 Days 0 Hours 1 Minutes 53 Seconds

============================================================================
33/42 Starting processing com.slotsromance.slots.android-1.apk ......
Getting apk info from https://play.google.com/store/apps/details?id=com.slotsromance.slots.android ......
Success to get info from Play Store
The lastest version of com.slotsromance.slots.android-1.apk is  1.112  
Done processing com.slotsromance.slots.android-1.apk
Time Spent:   0 Days 0 Hours 1 Minutes 55 Seconds

============================================================================
34/42 Starting processing com.sq.dragonsworld-1.apk ......
Getting apk info from https://play.google.com/store/apps/details?id=com.sq.dragonsworld ......
Success to get info from Play Store
The lastest version of com.sq.dragonsworld-1.apk is  1.0.26  
Done processing com.sq.dragonsworld-1.apk
Time Spent:   0 Days 0 Hours 1 Minutes 59 Seconds

============================================================================
35/42 Starting processing com.tabtale.cutepony-1.apk ......
Getting apk info from https://play.google.com/store/apps/details?id=com.tabtale.cutepony ......
Success to get info from Play Store
The lastest version of com.tabtale.cutepony-1.apk is  1.0.0  
Done processing com.tabtale.cutepony-1.apk
Time Spent:   0 Days 0 Hours 2 Minutes 3 Seconds

============================================================================
36/42 Starting processing com.teamlava.bakerystory32-1.apk ......
Getting apk info from https://play.google.com/store/apps/details?id=com.teamlava.bakerystory32 ......
Success to get info from Play Store
The lastest version of com.teamlava.bakerystory32-1.apk is  1.5.5.7.8  
Done processing com.teamlava.bakerystory32-1.apk
Time Spent:   0 Days 0 Hours 2 Minutes 8 Seconds

============================================================================
37/42 Starting processing com.teamlava.jewel-1.apk ......
Getting apk info from https://play.google.com/store/apps/details?id=com.teamlava.jewel ......
Success to get info from Play Store
The lastest version of com.teamlava.jewel-1.apk is  1.1.9.8  
Done processing com.teamlava.jewel-1.apk
Time Spent:   0 Days 0 Hours 2 Minutes 12 Seconds

============================================================================
38/42 Starting processing com.tmsoft.compulsive-1.apk ......
Getting apk info from https://play.google.com/store/apps/details?id=com.tmsoft.compulsive ......
Success to get info from Play Store
The lastest version of com.tmsoft.compulsive-1.apk is  2.2  
Done processing com.tmsoft.compulsive-1.apk
Time Spent:   0 Days 0 Hours 2 Minutes 15 Seconds

============================================================================
39/42 Starting processing com.trinitigame.android.callofminiinfinity-1.apk ......
Getting apk info from https://play.google.com/store/apps/details?id=com.trinitigame.android.callofminiinfinity ......
Success to get info from Play Store
The lastest version of com.trinitigame.android.callofminiinfinity-1.apk is  1.5.1  
Done processing com.trinitigame.android.callofminiinfinity-1.apk
Time Spent:   0 Days 0 Hours 2 Minutes 19 Seconds

============================================================================
40/42 Starting processing com.tuokio.smashtheoffice-1.apk ......
Getting apk info from https://play.google.com/store/apps/details?id=com.tuokio.smashtheoffice ......
Success to get info from Play Store
The lastest version of com.tuokio.smashtheoffice-1.apk is  1.7.18  
Done processing com.tuokio.smashtheoffice-1.apk
Time Spent:   0 Days 0 Hours 2 Minutes 22 Seconds

============================================================================
41/42 Starting processing com.wordsmobile.golfchampionship-1.apk ......
Getting apk info from https://play.google.com/store/apps/details?id=com.wordsmobile.golfchampionship ......
Success to get info from Play Store
The lastest version of com.wordsmobile.golfchampionship-1.apk is  1.4  
Done processing com.wordsmobile.golfchampionship-1.apk
Time Spent:   0 Days 0 Hours 2 Minutes 26 Seconds

============================================================================
42/42 Starting processing sg.gumi.bravefrontier-1.apk ......
Getting apk info from https://play.google.com/store/apps/details?id=sg.gumi.bravefrontier ......
Success to get info from Play Store
The lastest version of sg.gumi.bravefrontier-1.apk is  1.1.3  
Done processing sg.gumi.bravefrontier-1.apk
Time Spent:   0 Days 0 Hours 2 Minutes 29 Seconds

============================================================================


**************************************************************
All Done
Total Time:   0 Days 0 Hours 2 Minutes 29 Seconds
Result Location:               /srv/www/htdocs/CV2/app/admin/scan_apk_version//results/AppInfo_2014-02-10-11-30-07.csv
**************************************************************
