Start processing app in list /home/Git-Apk/Updated_list from /home/Git-Apk/All_Apk  ......

============================================================================
1/2 Starting processing com.playstudios.myvegas-1.apk ......
Getting apk info from https://play.google.com/store/apps/details?id=com.playstudios.myvegas ......
Success to get info from Play Store
The lastest version of com.playstudios.myvegas-1.apk is  1.9.0  
Done processing com.playstudios.myvegas-1.apk
Time Spent:   0 Days 0 Hours 0 Minutes 2 Seconds

============================================================================
2/2 Starting processing com.spacegame.forestmania-1.apk ......
Getting apk info from https://play.google.com/store/apps/details?id=com.spacegame.forestmania ......
Success to get info from Play Store
The lastest version of com.spacegame.forestmania-1.apk is  1.19  
Done processing com.spacegame.forestmania-1.apk
Time Spent:   0 Days 0 Hours 0 Minutes 5 Seconds

============================================================================


**************************************************************
All Done
Total Time:   0 Days 0 Hours 0 Minutes 5 Seconds
Result Location:               /srv/www/htdocs/CV2/app/admin/scan_apk_version//results/AppInfo_2014-08-21-09-49-40.csv
**************************************************************
