Start processing app in list /home/Git-Apk/Updated_list from /home/Git-Apk/All_Apk  ......

============================================================================
1/2 Starting processing com.android.cheyooh-1.apk ......
Getting apk info from https://play.google.com/store/apps/details?id=com.android.cheyooh ......
[ERROR] : Cannot find info of com.android.cheyooh-1.apk on https://play.google.com/store/apps/details?id=com.android.cheyooh !!!
Done processing com.android.cheyooh-1.apk
Time Spent:   0 Days 0 Hours 0 Minutes 1 Seconds

============================================================================
2/2 Starting processing ly.pp.justpiano-1.apk ......
Getting apk info from https://play.google.com/store/apps/details?id=ly.pp.justpiano ......
Success to get info from Play Store
The lastest version of ly.pp.justpiano-1.apk is  4.0  
Done processing ly.pp.justpiano-1.apk
Time Spent:   0 Days 0 Hours 0 Minutes 3 Seconds

============================================================================


**************************************************************
All Done
Total Time:   0 Days 0 Hours 0 Minutes 3 Seconds
Result Location:               /home/Git-Apk/code_resource/script_hooks/scan_apk/scan_apk_version/results/AppInfo_2014-12-30-16-09-21.csv
**************************************************************
