Start processing app in list /home/Git-Apk/Updated_list from /home/Git-Apk/ECS  ......

============================================================================
1/8 Starting processing com.baidu.video-1.apk ......
Getting apk info from https://play.google.com/store/apps/details?id=com.baidu.video ......
[ERROR] : Cannot find info of com.baidu.video-1.apk on https://play.google.com/store/apps/details?id=com.baidu.video !!!
Done processing com.baidu.video-1.apk
Time Spent:   0 Days 0 Hours 0 Minutes 2 Seconds

============================================================================
2/8 Starting processing com.hp.printercontrol-1.apk ......
Getting apk info from https://play.google.com/store/apps/details?id=com.hp.printercontrol ......
Success to get info from Play Store
The lastest version of com.hp.printercontrol-1.apk is  3.0.225  
Done processing com.hp.printercontrol-1.apk
Time Spent:   0 Days 0 Hours 0 Minutes 4 Seconds

============================================================================
3/8 Starting processing com.sohu.sohuvideo-1.apk ......
Getting apk info from https://play.google.com/store/apps/details?id=com.sohu.sohuvideo ......
Success to get info from Play Store
The lastest version of com.sohu.sohuvideo-1.apk is  4.3.5  
Done processing com.sohu.sohuvideo-1.apk
Time Spent:   0 Days 0 Hours 0 Minutes 8 Seconds

============================================================================
4/8 Starting processing com.sohu.tv-1.apk ......
Getting apk info from https://play.google.com/store/apps/details?id=com.sohu.tv ......
Success to get info from Play Store
The lastest version of com.sohu.tv-1.apk is  3.4.0  
Done processing com.sohu.tv-1.apk
Time Spent:   0 Days 0 Hours 0 Minutes 11 Seconds

============================================================================
5/8 Starting processing com.taobao.taobao-1.apk ......
Getting apk info from https://play.google.com/store/apps/details?id=com.taobao.taobao ......
Success to get info from Play Store
The lastest version of com.taobao.taobao-1.apk is  5.0.0  
Done processing com.taobao.taobao-1.apk
Time Spent:   0 Days 0 Hours 0 Minutes 15 Seconds

============================================================================
6/8 Starting processing com.tencent.mm-1.apk ......
Getting apk info from https://play.google.com/store/apps/details?id=com.tencent.mm ......
Success to get info from Play Store
The lastest version of com.tencent.mm-1.apk is    Varies with device  
Done processing com.tencent.mm-1.apk
Time Spent:   0 Days 0 Hours 0 Minutes 19 Seconds

============================================================================
7/8 Starting processing com.ubisoft.assassin.pirates-1.apk ......
Getting apk info from https://play.google.com/store/apps/details?id=com.ubisoft.assassin.pirates ......
Success to get info from Play Store
The lastest version of com.ubisoft.assassin.pirates-1.apk is  1.6.1  
Done processing com.ubisoft.assassin.pirates-1.apk
Time Spent:   0 Days 0 Hours 0 Minutes 23 Seconds

============================================================================
8/8 Starting processing com.wandoujia.phoenix2-1.apk ......
Getting apk info from https://play.google.com/store/apps/details?id=com.wandoujia.phoenix2 ......
[ERROR] : Cannot find info of com.wandoujia.phoenix2-1.apk on https://play.google.com/store/apps/details?id=com.wandoujia.phoenix2 !!!
Done processing com.wandoujia.phoenix2-1.apk
Time Spent:   0 Days 0 Hours 0 Minutes 24 Seconds

============================================================================


**************************************************************
All Done
Total Time:   0 Days 0 Hours 0 Minutes 24 Seconds
Result Location:               /srv/www/htdocs/CV2/app/admin/scan_apk_version//results/AppInfo_2014-10-13-15-33-25.csv
**************************************************************
