Start processing app in list /share/Git-Apk/Updated_list from /share/Git-Apk/All_Apk  ......

============================================================================
1/2 Starting processing com.carrot.iceworld-1.apk ......
Getting apk info from https://play.google.com/store/apps/details?id=com.carrot.iceworld ......
Success to get info from Play Store
The lastest version of com.carrot.iceworld-1.apk is  0.9.9  
Done processing com.carrot.iceworld-1.apk
Time Spent:   0 Days 0 Hours 0 Minutes 3 Seconds

============================================================================
2/2 Starting processing com.tudou.xoom.android-1.apk ......
Getting apk info from https://play.google.com/store/apps/details?id=com.tudou.xoom.android ......
Success to get info from Play Store
The lastest version of com.tudou.xoom.android-1.apk is  3.1  
Done processing com.tudou.xoom.android-1.apk
Time Spent:   0 Days 0 Hours 0 Minutes 6 Seconds

============================================================================


**************************************************************
All Done
Total Time:   0 Days 0 Hours 0 Minutes 6 Seconds
Result Location:               /srv/www/htdocs/CV2/app/admin/scan_apk_version//results/AppInfo_2014-02-10-16-44-37.csv
**************************************************************
