Start processing app in list /home/Git-Apk/Updated_list from /home/Git-Apk/All_Apk  ......

============================================================================
1/16 Starting processing com.iflytek.inputmethod-1.apk ......
Getting apk info from https://play.google.com/store/apps/details?id=com.iflytek.inputmethod ......
Success to get info from Play Store
The lastest version of com.iflytek.inputmethod-1.apk is  4.2.1587  
Done processing com.iflytek.inputmethod-1.apk
Time Spent:   0 Days 0 Hours 0 Minutes 2 Seconds

============================================================================
2/16 Starting processing com.intsig.camscanner-1.apk ......
Getting apk info from https://play.google.com/store/apps/details?id=com.intsig.camscanner ......
Success to get info from Play Store
The lastest version of com.intsig.camscanner-1.apk is  3.4.0.20140624  
Done processing com.intsig.camscanner-1.apk
Time Spent:   0 Days 0 Hours 0 Minutes 4 Seconds

============================================================================
3/16 Starting processing com.qqgame.happymj-1.apk ......
Getting apk info from https://play.google.com/store/apps/details?id=com.qqgame.happymj ......
[ERROR] : Cannot find info of com.qqgame.happymj-1.apk on https://play.google.com/store/apps/details?id=com.qqgame.happymj !!!
Done processing com.qqgame.happymj-1.apk
Time Spent:   0 Days 0 Hours 0 Minutes 6 Seconds

============================================================================
4/16 Starting processing com.qqgame.hlddz-1.apk ......
Getting apk info from https://play.google.com/store/apps/details?id=com.qqgame.hlddz ......
Success to get info from Play Store
The lastest version of com.qqgame.hlddz-1.apk is  1.2.0  
Done processing com.qqgame.hlddz-1.apk
Time Spent:   0 Days 0 Hours 0 Minutes 8 Seconds

============================================================================
5/16 Starting processing com.tencent.android.qqdownloader-1.apk ......
Getting apk info from https://play.google.com/store/apps/details?id=com.tencent.android.qqdownloader ......
[ERROR] : Cannot find info of com.tencent.android.qqdownloader-1.apk on https://play.google.com/store/apps/details?id=com.tencent.android.qqdownloader !!!
Done processing com.tencent.android.qqdownloader-1.apk
Time Spent:   0 Days 0 Hours 0 Minutes 10 Seconds

============================================================================
6/16 Starting processing com.tencent.clover-1.apk ......
Getting apk info from https://play.google.com/store/apps/details?id=com.tencent.clover ......
[ERROR] : Cannot find info of com.tencent.clover-1.apk on https://play.google.com/store/apps/details?id=com.tencent.clover !!!
Done processing com.tencent.clover-1.apk
Time Spent:   0 Days 0 Hours 0 Minutes 11 Seconds

============================================================================
7/16 Starting processing com.tencent.feiji-1.apk ......
Getting apk info from https://play.google.com/store/apps/details?id=com.tencent.feiji ......
[ERROR] : Cannot find info of com.tencent.feiji-1.apk on https://play.google.com/store/apps/details?id=com.tencent.feiji !!!
Done processing com.tencent.feiji-1.apk
Time Spent:   0 Days 0 Hours 0 Minutes 12 Seconds

============================================================================
8/16 Starting processing com.tencent.game.SSGame-1.apk ......
Getting apk info from https://play.google.com/store/apps/details?id=com.tencent.game.SSGame ......
[ERROR] : Cannot find info of com.tencent.game.SSGame-1.apk on https://play.google.com/store/apps/details?id=com.tencent.game.SSGame !!!
Done processing com.tencent.game.SSGame-1.apk
Time Spent:   0 Days 0 Hours 0 Minutes 14 Seconds

============================================================================
9/16 Starting processing com.tencent.game.rhythmmaster-1.apk ......
Getting apk info from https://play.google.com/store/apps/details?id=com.tencent.game.rhythmmaster ......
[ERROR] : Cannot find info of com.tencent.game.rhythmmaster-1.apk on https://play.google.com/store/apps/details?id=com.tencent.game.rhythmmaster !!!
Done processing com.tencent.game.rhythmmaster-1.apk
Time Spent:   0 Days 0 Hours 0 Minutes 15 Seconds

============================================================================
10/16 Starting processing com.tencent.hero-1.apk ......
Getting apk info from https://play.google.com/store/apps/details?id=com.tencent.hero ......
[ERROR] : Cannot find info of com.tencent.hero-1.apk on https://play.google.com/store/apps/details?id=com.tencent.hero !!!
Done processing com.tencent.hero-1.apk
Time Spent:   0 Days 0 Hours 0 Minutes 17 Seconds

============================================================================
11/16 Starting processing com.tencent.kittypong-1.apk ......
Getting apk info from https://play.google.com/store/apps/details?id=com.tencent.kittypong ......
[ERROR] : Cannot find info of com.tencent.kittypong-1.apk on https://play.google.com/store/apps/details?id=com.tencent.kittypong !!!
Done processing com.tencent.kittypong-1.apk
Time Spent:   0 Days 0 Hours 0 Minutes 19 Seconds

============================================================================
12/16 Starting processing com.tencent.mm-1.apk ......
Getting apk info from https://play.google.com/store/apps/details?id=com.tencent.mm ......
Success to get info from Play Store
The lastest version of com.tencent.mm-1.apk is    Varies with device  
Done processing com.tencent.mm-1.apk
Time Spent:   0 Days 0 Hours 0 Minutes 21 Seconds

============================================================================
13/16 Starting processing com.tencent.peng-1.apk ......
Getting apk info from https://play.google.com/store/apps/details?id=com.tencent.peng ......
[ERROR] : Cannot find info of com.tencent.peng-1.apk on https://play.google.com/store/apps/details?id=com.tencent.peng !!!
Done processing com.tencent.peng-1.apk
Time Spent:   0 Days 0 Hours 0 Minutes 23 Seconds

============================================================================
14/16 Starting processing com.tencent.qmdgs-1.apk ......
Getting apk info from https://play.google.com/store/apps/details?id=com.tencent.qmdgs ......
[ERROR] : Cannot find info of com.tencent.qmdgs-1.apk on https://play.google.com/store/apps/details?id=com.tencent.qmdgs !!!
Done processing com.tencent.qmdgs-1.apk
Time Spent:   0 Days 0 Hours 0 Minutes 25 Seconds

============================================================================
15/16 Starting processing com.tencent.qqgame.qqTexaswvga-1.apk ......
Getting apk info from https://play.google.com/store/apps/details?id=com.tencent.qqgame.qqTexaswvga ......
Success to get info from Play Store
The lastest version of com.tencent.qqgame.qqTexaswvga-1.apk is  v3.1  
Done processing com.tencent.qqgame.qqTexaswvga-1.apk
Time Spent:   0 Days 0 Hours 0 Minutes 27 Seconds

============================================================================
16/16 Starting processing com.tencent.ttx5-1.apk ......
Getting apk info from https://play.google.com/store/apps/details?id=com.tencent.ttx5 ......
[ERROR] : Cannot find info of com.tencent.ttx5-1.apk on https://play.google.com/store/apps/details?id=com.tencent.ttx5 !!!
Done processing com.tencent.ttx5-1.apk
Time Spent:   0 Days 0 Hours 0 Minutes 29 Seconds

============================================================================


**************************************************************
All Done
Total Time:   0 Days 0 Hours 0 Minutes 29 Seconds
Result Location:               /srv/www/htdocs/CV2/app/admin/scan_apk_version//results/AppInfo_2014-07-08-10-19-20.csv
**************************************************************
