Start processing app in list /home/Git-Apk/Updated_list from /home/Git-Apk/All_Apk  ......

============================================================================
1/112 Starting processing air.com.bitrhymes.bingo-1.apk ......
Getting apk info from https://play.google.com/store/apps/details?id=air.com.bitrhymes.bingo ......
Success to get info from Play Store
The lastest version of air.com.bitrhymes.bingo-1.apk is    Varies with device  
Done processing air.com.bitrhymes.bingo-1.apk
Time Spent:   0 Days 0 Hours 0 Minutes 3 Seconds

============================================================================
2/112 Starting processing air.com.buffalo_studios.newflashbingo-1.apk ......
Getting apk info from https://play.google.com/store/apps/details?id=air.com.buffalo_studios.newflashbingo ......
Success to get info from Play Store
The lastest version of air.com.buffalo_studios.newflashbingo-1.apk is  2.68.0  
Done processing air.com.buffalo_studios.newflashbingo-1.apk
Time Spent:   0 Days 0 Hours 0 Minutes 5 Seconds

============================================================================
3/112 Starting processing air.com.playtika.slotomania-1.apk ......
Getting apk info from https://play.google.com/store/apps/details?id=air.com.playtika.slotomania ......
Success to get info from Play Store
The lastest version of air.com.playtika.slotomania-1.apk is    Varies with device  
Done processing air.com.playtika.slotomania-1.apk
Time Spent:   0 Days 0 Hours 0 Minutes 7 Seconds

============================================================================
4/112 Starting processing air.com.sq.atlantis-1.apk ......
Getting apk info from https://play.google.com/store/apps/details?id=air.com.sq.atlantis ......
Success to get info from Play Store
The lastest version of air.com.sq.atlantis-1.apk is  1.6.1  
Done processing air.com.sq.atlantis-1.apk
Time Spent:   0 Days 0 Hours 0 Minutes 9 Seconds

============================================================================
5/112 Starting processing air.com.tamalaki.rorysrestaurantfree-1.apk ......
Getting apk info from https://play.google.com/store/apps/details?id=air.com.tamalaki.rorysrestaurantfree ......
Success to get info from Play Store
The lastest version of air.com.tamalaki.rorysrestaurantfree-1.apk is  1.0.34  
Done processing air.com.tamalaki.rorysrestaurantfree-1.apk
Time Spent:   0 Days 0 Hours 0 Minutes 11 Seconds

============================================================================
6/112 Starting processing com.aceviral.agr-1.apk ......
Getting apk info from https://play.google.com/store/apps/details?id=com.aceviral.agr ......
Success to get info from Play Store
The lastest version of com.aceviral.agr-1.apk is  1.0.5  
Done processing com.aceviral.agr-1.apk
Time Spent:   0 Days 0 Hours 0 Minutes 15 Seconds

============================================================================
7/112 Starting processing com.adriano.ferreirailk.stickmancreativedeath-1.apk ......
Getting apk info from https://play.google.com/store/apps/details?id=com.adriano.ferreirailk.stickmancreativedeath ......
Success to get info from Play Store
The lastest version of com.adriano.ferreirailk.stickmancreativedeath-1.apk is  1.0.2  
Done processing com.adriano.ferreirailk.stickmancreativedeath-1.apk
Time Spent:   0 Days 0 Hours 0 Minutes 17 Seconds

============================================================================
8/112 Starting processing com.adriano.ferreirailk.stickmandeath-1.apk ......
Getting apk info from https://play.google.com/store/apps/details?id=com.adriano.ferreirailk.stickmandeath ......
Success to get info from Play Store
The lastest version of com.adriano.ferreirailk.stickmandeath-1.apk is  1.0.3  
Done processing com.adriano.ferreirailk.stickmandeath-1.apk
Time Spent:   0 Days 0 Hours 0 Minutes 20 Seconds

============================================================================
9/112 Starting processing com.amazon.mp3-1.apk ......
Getting apk info from https://play.google.com/store/apps/details?id=com.amazon.mp3 ......
Success to get info from Play Store
The lastest version of com.amazon.mp3-1.apk is    Varies with device  
Done processing com.amazon.mp3-1.apk
Time Spent:   0 Days 0 Hours 0 Minutes 22 Seconds

============================================================================
10/112 Starting processing com.antivirus-1.apk ......
Getting apk info from https://play.google.com/store/apps/details?id=com.antivirus ......
Success to get info from Play Store
The lastest version of com.antivirus-1.apk is    Varies with device  
Done processing com.antivirus-1.apk
Time Spent:   0 Days 0 Hours 0 Minutes 24 Seconds

============================================================================
11/112 Starting processing com.aviary.android.feather-1.apk ......
Getting apk info from https://play.google.com/store/apps/details?id=com.aviary.android.feather ......
Success to get info from Play Store
The lastest version of com.aviary.android.feather-1.apk is  3.4.0  
Done processing com.aviary.android.feather-1.apk
Time Spent:   0 Days 0 Hours 0 Minutes 26 Seconds

============================================================================
12/112 Starting processing com.cardinalblue.piccollage.google-1.apk ......
Getting apk info from https://play.google.com/store/apps/details?id=com.cardinalblue.piccollage.google ......
Success to get info from Play Store
The lastest version of com.cardinalblue.piccollage.google-1.apk is    Varies with device  
Done processing com.cardinalblue.piccollage.google-1.apk
Time Spent:   0 Days 0 Hours 0 Minutes 28 Seconds

============================================================================
13/112 Starting processing com.cervomedia.spw-1.apk ......
Getting apk info from https://play.google.com/store/apps/details?id=com.cervomedia.spw ......
Success to get info from Play Store
The lastest version of com.cervomedia.spw-1.apk is  4.9.0  
Done processing com.cervomedia.spw-1.apk
Time Spent:   0 Days 0 Hours 0 Minutes 31 Seconds

============================================================================
14/112 Starting processing com.cleanmaster.mguard-1.apk ......
Getting apk info from https://play.google.com/store/apps/details?id=com.cleanmaster.mguard ......
Success to get info from Play Store
The lastest version of com.cleanmaster.mguard-1.apk is    Varies with device  
Done processing com.cleanmaster.mguard-1.apk
Time Spent:   0 Days 0 Hours 0 Minutes 35 Seconds

============================================================================
15/112 Starting processing com.cleanmaster.security-1.apk ......
Getting apk info from https://play.google.com/store/apps/details?id=com.cleanmaster.security ......
Success to get info from Play Store
The lastest version of com.cleanmaster.security-1.apk is    Varies with device  
Done processing com.cleanmaster.security-1.apk
Time Spent:   0 Days 0 Hours 0 Minutes 39 Seconds

============================================================================
16/112 Starting processing com.contextlogic.wish-1.apk ......
Getting apk info from https://play.google.com/store/apps/details?id=com.contextlogic.wish ......
Success to get info from Play Store
The lastest version of com.contextlogic.wish-1.apk is  3.7.0  
Done processing com.contextlogic.wish-1.apk
Time Spent:   0 Days 0 Hours 0 Minutes 43 Seconds

============================================================================
17/112 Starting processing com.creativemobile.snowboard_run-1.apk ......
Getting apk info from https://play.google.com/store/apps/details?id=com.creativemobile.snowboard_run ......
Success to get info from Play Store
The lastest version of com.creativemobile.snowboard_run-1.apk is  1.8  
Done processing com.creativemobile.snowboard_run-1.apk
Time Spent:   0 Days 0 Hours 0 Minutes 47 Seconds

============================================================================
18/112 Starting processing com.crimsonpine.stayinline-1.apk ......
Getting apk info from https://play.google.com/store/apps/details?id=com.crimsonpine.stayinline ......
Success to get info from Play Store
The lastest version of com.crimsonpine.stayinline-1.apk is  1.15.2  
Done processing com.crimsonpine.stayinline-1.apk
Time Spent:   0 Days 0 Hours 0 Minutes 51 Seconds

============================================================================
19/112 Starting processing com.d3dx.stickmanmurder-1.apk ......
Getting apk info from https://play.google.com/store/apps/details?id=com.d3dx.stickmanmurder ......
Success to get info from Play Store
The lastest version of com.d3dx.stickmanmurder-1.apk is  1.0  
Done processing com.d3dx.stickmanmurder-1.apk
Time Spent:   0 Days 0 Hours 0 Minutes 55 Seconds

============================================================================
20/112 Starting processing com.degoo.android.ambulance-1.apk ......
Getting apk info from https://play.google.com/store/apps/details?id=com.degoo.android.ambulance ......
Success to get info from Play Store
The lastest version of com.degoo.android.ambulance-1.apk is  1.0.6  
Done processing com.degoo.android.ambulance-1.apk
Time Spent:   0 Days 0 Hours 1 Minutes 0 Seconds

============================================================================
21/112 Starting processing com.djinnworks.StickmanSoccer2014-1.apk ......
Getting apk info from https://play.google.com/store/apps/details?id=com.djinnworks.StickmanSoccer2014 ......
Success to get info from Play Store
The lastest version of com.djinnworks.StickmanSoccer2014-1.apk is  1.5  
Done processing com.djinnworks.StickmanSoccer2014-1.apk
Time Spent:   0 Days 0 Hours 1 Minutes 5 Seconds

============================================================================
22/112 Starting processing com.ea.game.pgatourgolf15_row-1.apk ......
Getting apk info from https://play.google.com/store/apps/details?id=com.ea.game.pgatourgolf15_row ......
Success to get info from Play Store
The lastest version of com.ea.game.pgatourgolf15_row-1.apk is  1.2.4  
Done processing com.ea.game.pgatourgolf15_row-1.apk
Time Spent:   0 Days 0 Hours 1 Minutes 9 Seconds

============================================================================
23/112 Starting processing com.elex.ram-1.apk ......
Getting apk info from https://play.google.com/store/apps/details?id=com.elex.ram ......
Success to get info from Play Store
The lastest version of com.elex.ram-1.apk is  4.3.7  
Done processing com.elex.ram-1.apk
Time Spent:   0 Days 0 Hours 1 Minutes 14 Seconds

============================================================================
24/112 Starting processing com.fifa.fifaapp.android-1.apk ......
Getting apk info from https://play.google.com/store/apps/details?id=com.fifa.fifaapp.android ......
Success to get info from Play Store
The lastest version of com.fifa.fifaapp.android-1.apk is  2.2  
Done processing com.fifa.fifaapp.android-1.apk
Time Spent:   0 Days 0 Hours 1 Minutes 18 Seconds

============================================================================
25/112 Starting processing com.fiftycubes.SpacePiratesIII-1.apk ......
Getting apk info from https://play.google.com/store/apps/details?id=com.fiftycubes.SpacePiratesIII ......
Success to get info from Play Store
The lastest version of com.fiftycubes.SpacePiratesIII-1.apk is  1.1.03  
Done processing com.fiftycubes.SpacePiratesIII-1.apk
Time Spent:   0 Days 0 Hours 1 Minutes 23 Seconds

============================================================================
26/112 Starting processing com.fingersoft.hillclimb-1.apk ......
Getting apk info from https://play.google.com/store/apps/details?id=com.fingersoft.hillclimb ......
Success to get info from Play Store
The lastest version of com.fingersoft.hillclimb-1.apk is    Varies with device  
Done processing com.fingersoft.hillclimb-1.apk
Time Spent:   0 Days 0 Hours 1 Minutes 27 Seconds

============================================================================
27/112 Starting processing com.foosegames.pepiskate3d-1.apk ......
Getting apk info from https://play.google.com/store/apps/details?id=com.foosegames.pepiskate3d ......
Success to get info from Play Store
The lastest version of com.foosegames.pepiskate3d-1.apk is  1.5  
Done processing com.foosegames.pepiskate3d-1.apk
Time Spent:   0 Days 0 Hours 1 Minutes 32 Seconds

============================================================================
28/112 Starting processing com.freaxator.game100balls-1.apk ......
Getting apk info from https://play.google.com/store/apps/details?id=com.freaxator.game100balls ......
Success to get info from Play Store
The lastest version of com.freaxator.game100balls-1.apk is  1.34  
Done processing com.freaxator.game100balls-1.apk
Time Spent:   0 Days 0 Hours 1 Minutes 36 Seconds

============================================================================
29/112 Starting processing com.game.MarbleSaga2-1.apk ......
Getting apk info from https://play.google.com/store/apps/details?id=com.game.MarbleSaga2 ......
Success to get info from Play Store
The lastest version of com.game.MarbleSaga2-1.apk is  1.1  
Done processing com.game.MarbleSaga2-1.apk
Time Spent:   0 Days 0 Hours 1 Minutes 40 Seconds

============================================================================
30/112 Starting processing com.gameloft.android.ANMP.GloftIAHM-1.apk ......
Getting apk info from https://play.google.com/store/apps/details?id=com.gameloft.android.ANMP.GloftIAHM ......
Success to get info from Play Store
The lastest version of com.gameloft.android.ANMP.GloftIAHM-1.apk is    Varies with device  
Done processing com.gameloft.android.ANMP.GloftIAHM-1.apk
Time Spent:   0 Days 0 Hours 1 Minutes 45 Seconds

============================================================================
31/112 Starting processing com.gameloft.android.ANMP.GloftOKHM-1.apk ......
Getting apk info from https://play.google.com/store/apps/details?id=com.gameloft.android.ANMP.GloftOKHM ......
Success to get info from Play Store
The lastest version of com.gameloft.android.ANMP.GloftOKHM-1.apk is  1.0.0o  
Done processing com.gameloft.android.ANMP.GloftOKHM-1.apk
Time Spent:   0 Days 0 Hours 1 Minutes 50 Seconds

============================================================================
32/112 Starting processing com.gameloft.android.ANMP.GloftPOHM-1.apk ......
Getting apk info from https://play.google.com/store/apps/details?id=com.gameloft.android.ANMP.GloftPOHM ......
Success to get info from Play Store
The lastest version of com.gameloft.android.ANMP.GloftPOHM-1.apk is    Varies with device  
Done processing com.gameloft.android.ANMP.GloftPOHM-1.apk
Time Spent:   0 Days 0 Hours 1 Minutes 55 Seconds

============================================================================
33/112 Starting processing com.gau.go.launcherex-1.apk ......
Getting apk info from https://play.google.com/store/apps/details?id=com.gau.go.launcherex ......
Success to get info from Play Store
The lastest version of com.gau.go.launcherex-1.apk is  5.02  
Done processing com.gau.go.launcherex-1.apk
Time Spent:   0 Days 0 Hours 2 Minutes 0 Seconds

============================================================================
34/112 Starting processing com.ggpsgames.muterworld-1.apk ......
Getting apk info from https://play.google.com/store/apps/details?id=com.ggpsgames.muterworld ......
Success to get info from Play Store
The lastest version of com.ggpsgames.muterworld-1.apk is  1.2  
Done processing com.ggpsgames.muterworld-1.apk
Time Spent:   0 Days 0 Hours 2 Minutes 4 Seconds

============================================================================
35/112 Starting processing com.glidetalk.glideapp-1.apk ......
Getting apk info from https://play.google.com/store/apps/details?id=com.glidetalk.glideapp ......
Success to get info from Play Store
The lastest version of com.glidetalk.glideapp-1.apk is  Glide.v1.04.006  
Done processing com.glidetalk.glideapp-1.apk
Time Spent:   0 Days 0 Hours 2 Minutes 8 Seconds

============================================================================
36/112 Starting processing com.google.android.apps.docs-1.apk ......
Getting apk info from https://play.google.com/store/apps/details?id=com.google.android.apps.docs ......
Success to get info from Play Store
The lastest version of com.google.android.apps.docs-1.apk is    Varies with device  
Done processing com.google.android.apps.docs-1.apk
Time Spent:   0 Days 0 Hours 2 Minutes 13 Seconds

============================================================================
37/112 Starting processing com.google.android.apps.docs.editors.docs-1.apk ......
Getting apk info from https://play.google.com/store/apps/details?id=com.google.android.apps.docs.editors.docs ......
Success to get info from Play Store
The lastest version of com.google.android.apps.docs.editors.docs-1.apk is    Varies with device  
Done processing com.google.android.apps.docs.editors.docs-1.apk
Time Spent:   0 Days 0 Hours 2 Minutes 19 Seconds

============================================================================
38/112 Starting processing com.google.android.apps.docs.editors.sheets-1.apk ......
Getting apk info from https://play.google.com/store/apps/details?id=com.google.android.apps.docs.editors.sheets ......
Success to get info from Play Store
The lastest version of com.google.android.apps.docs.editors.sheets-1.apk is    Varies with device  
Done processing com.google.android.apps.docs.editors.sheets-1.apk
Time Spent:   0 Days 0 Hours 2 Minutes 24 Seconds

============================================================================
39/112 Starting processing com.gsn.android.tripeaks-1.apk ......
Getting apk info from https://play.google.com/store/apps/details?id=com.gsn.android.tripeaks ......
Success to get info from Play Store
The lastest version of com.gsn.android.tripeaks-1.apk is  1.0.13678  
Done processing com.gsn.android.tripeaks-1.apk
Time Spent:   0 Days 0 Hours 2 Minutes 28 Seconds

============================================================================
40/112 Starting processing com.hlgames.SeoDark-1.apk ......
Getting apk info from https://play.google.com/store/apps/details?id=com.hlgames.SeoDark ......
Success to get info from Play Store
The lastest version of com.hlgames.SeoDark-1.apk is  1.2  
Done processing com.hlgames.SeoDark-1.apk
Time Spent:   0 Days 0 Hours 2 Minutes 33 Seconds

============================================================================
41/112 Starting processing com.igg.castleclash-1.apk ......
Getting apk info from https://play.google.com/store/apps/details?id=com.igg.castleclash ......
Success to get info from Play Store
The lastest version of com.igg.castleclash-1.apk is  1.2.48  
Done processing com.igg.castleclash-1.apk
Time Spent:   0 Days 0 Hours 2 Minutes 39 Seconds

============================================================================
42/112 Starting processing com.jb.gosms-1.apk ......
Getting apk info from https://play.google.com/store/apps/details?id=com.jb.gosms ......
Success to get info from Play Store
The lastest version of com.jb.gosms-1.apk is    Varies with device  
Done processing com.jb.gosms-1.apk
Time Spent:   0 Days 0 Hours 2 Minutes 44 Seconds

============================================================================
43/112 Starting processing com.julian.liuballs-1.apk ......
Getting apk info from https://play.google.com/store/apps/details?id=com.julian.liuballs ......
Success to get info from Play Store
The lastest version of com.julian.liuballs-1.apk is  1.11  
Done processing com.julian.liuballs-1.apk
Time Spent:   0 Days 0 Hours 2 Minutes 48 Seconds

============================================================================
44/112 Starting processing com.kabam.doamobile-1.apk ......
Getting apk info from https://play.google.com/store/apps/details?id=com.kabam.doamobile ......
Success to get info from Play Store
The lastest version of com.kabam.doamobile-1.apk is    Varies with device  
Done processing com.kabam.doamobile-1.apk
Time Spent:   0 Days 0 Hours 2 Minutes 53 Seconds

============================================================================
45/112 Starting processing com.kimberlydev.sudokugame-1.apk ......
Getting apk info from https://play.google.com/store/apps/details?id=com.kimberlydev.sudokugame ......
Success to get info from Play Store
The lastest version of com.kimberlydev.sudokugame-1.apk is  1.4.315  
Done processing com.kimberlydev.sudokugame-1.apk
Time Spent:   0 Days 0 Hours 2 Minutes 56 Seconds

============================================================================
46/112 Starting processing com.king.farmheroessaga-1.apk ......
Getting apk info from https://play.google.com/store/apps/details?id=com.king.farmheroessaga ......
Success to get info from Play Store
The lastest version of com.king.farmheroessaga-1.apk is  2.8.3  
Done processing com.king.farmheroessaga-1.apk
Time Spent:   0 Days 0 Hours 3 Minutes 1 Seconds

============================================================================
47/112 Starting processing com.kiragames.unblockmefree-1.apk ......
Getting apk info from https://play.google.com/store/apps/details?id=com.kiragames.unblockmefree ......
Success to get info from Play Store
The lastest version of com.kiragames.unblockmefree-1.apk is  1.4.3.2  
Done processing com.kiragames.unblockmefree-1.apk
Time Spent:   0 Days 0 Hours 3 Minutes 5 Seconds

============================================================================
48/112 Starting processing com.konamobile.puzzlecap-1.apk ......
Getting apk info from https://play.google.com/store/apps/details?id=com.konamobile.puzzlecap ......
Success to get info from Play Store
The lastest version of com.konamobile.puzzlecap-1.apk is  1.3  
Done processing com.konamobile.puzzlecap-1.apk
Time Spent:   0 Days 0 Hours 3 Minutes 9 Seconds

============================================================================
49/112 Starting processing com.ksmobile.cb-1.apk ......
Getting apk info from https://play.google.com/store/apps/details?id=com.ksmobile.cb ......
Success to get info from Play Store
The lastest version of com.ksmobile.cb-1.apk is  5.0.26  
Done processing com.ksmobile.cb-1.apk
Time Spent:   0 Days 0 Hours 3 Minutes 14 Seconds

============================================================================
50/112 Starting processing com.lampe.torcher.flashlight-1.apk ......
Getting apk info from https://play.google.com/store/apps/details?id=com.lampe.torcher.flashlight ......
Success to get info from Play Store
The lastest version of com.lampe.torcher.flashlight-1.apk is  1.1  
Done processing com.lampe.torcher.flashlight-1.apk
Time Spent:   0 Days 0 Hours 3 Minutes 18 Seconds

============================================================================
51/112 Starting processing com.lookout-1.apk ......
Getting apk info from https://play.google.com/store/apps/details?id=com.lookout ......
Success to get info from Play Store
The lastest version of com.lookout-1.apk is    Varies with device  
Done processing com.lookout-1.apk
Time Spent:   0 Days 0 Hours 3 Minutes 22 Seconds

============================================================================
52/112 Starting processing com.ludia.dragons-1.apk ......
Getting apk info from https://play.google.com/store/apps/details?id=com.ludia.dragons ......
Success to get info from Play Store
The lastest version of com.ludia.dragons-1.apk is  1.2.10  
Done processing com.ludia.dragons-1.apk
Time Spent:   0 Days 0 Hours 3 Minutes 27 Seconds

============================================================================
53/112 Starting processing com.melodis.midomiMusicIdentifier.freemium-1.apk ......
Getting apk info from https://play.google.com/store/apps/details?id=com.melodis.midomiMusicIdentifier.freemium ......
Success to get info from Play Store
The lastest version of com.melodis.midomiMusicIdentifier.freemium-1.apk is    Varies with device  
Done processing com.melodis.midomiMusicIdentifier.freemium-1.apk
Time Spent:   0 Days 0 Hours 3 Minutes 31 Seconds

============================================================================
54/112 Starting processing com.midasplayer.apps.bubblewitchsaga2-1.apk ......
Getting apk info from https://play.google.com/store/apps/details?id=com.midasplayer.apps.bubblewitchsaga2 ......
Success to get info from Play Store
The lastest version of com.midasplayer.apps.bubblewitchsaga2-1.apk is    Varies with device  
Done processing com.midasplayer.apps.bubblewitchsaga2-1.apk
Time Spent:   0 Days 0 Hours 3 Minutes 36 Seconds

============================================================================
55/112 Starting processing com.miniclip.soccerstars-1.apk ......
Getting apk info from https://play.google.com/store/apps/details?id=com.miniclip.soccerstars ......
Success to get info from Play Store
The lastest version of com.miniclip.soccerstars-1.apk is  1.0.2  
Done processing com.miniclip.soccerstars-1.apk
Time Spent:   0 Days 0 Hours 3 Minutes 41 Seconds

============================================================================
56/112 Starting processing com.mobage.ww.crosshorizoni_android-1.apk ......
Getting apk info from https://play.google.com/store/apps/details?id=com.mobage.ww.crosshorizoni_android ......
Success to get info from Play Store
The lastest version of com.mobage.ww.crosshorizoni_android-1.apk is  1.3.5  
Done processing com.mobage.ww.crosshorizoni_android-1.apk
Time Spent:   0 Days 0 Hours 3 Minutes 45 Seconds

============================================================================
57/112 Starting processing com.mobinlife.citydom-1.apk ......
Getting apk info from https://play.google.com/store/apps/details?id=com.mobinlife.citydom ......
Success to get info from Play Store
The lastest version of com.mobinlife.citydom-1.apk is  1.27  
Done processing com.mobinlife.citydom-1.apk
Time Spent:   0 Days 0 Hours 3 Minutes 49 Seconds

============================================================================
58/112 Starting processing com.myfitnesspal.android-1.apk ......
Getting apk info from https://play.google.com/store/apps/details?id=com.myfitnesspal.android ......
Success to get info from Play Store
The lastest version of com.myfitnesspal.android-1.apk is    Varies with device  
Done processing com.myfitnesspal.android-1.apk
Time Spent:   0 Days 0 Hours 3 Minutes 53 Seconds

============================================================================
59/112 Starting processing com.myfphoenix.frogjump-1.apk ......
Getting apk info from https://play.google.com/store/apps/details?id=com.myfphoenix.frogjump ......
Success to get info from Play Store
The lastest version of com.myfphoenix.frogjump-1.apk is  1.3  
Done processing com.myfphoenix.frogjump-1.apk
Time Spent:   0 Days 0 Hours 3 Minutes 57 Seconds

============================================================================
60/112 Starting processing com.netflix.mediaclient-1.apk ......
Getting apk info from https://play.google.com/store/apps/details?id=com.netflix.mediaclient ......
Success to get info from Play Store
The lastest version of com.netflix.mediaclient-1.apk is    Varies with device  
Done processing com.netflix.mediaclient-1.apk
Time Spent:   0 Days 0 Hours 4 Minutes 1 Seconds

============================================================================
61/112 Starting processing com.normafosterdev.jewelsparadise-1.apk ......
Getting apk info from https://play.google.com/store/apps/details?id=com.normafosterdev.jewelsparadise ......
Success to get info from Play Store
The lastest version of com.normafosterdev.jewelsparadise-1.apk is  1.0.1  
Done processing com.normafosterdev.jewelsparadise-1.apk
Time Spent:   0 Days 0 Hours 4 Minutes 5 Seconds

============================================================================
62/112 Starting processing com.obakaka.swatshooting-1.apk ......
Getting apk info from https://play.google.com/store/apps/details?id=com.obakaka.swatshooting ......
Success to get info from Play Store
The lastest version of com.obakaka.swatshooting-1.apk is  1.0  
Done processing com.obakaka.swatshooting-1.apk
Time Spent:   0 Days 0 Hours 4 Minutes 9 Seconds

============================================================================
63/112 Starting processing com.omgpop.dstfree-1.apk ......
Getting apk info from https://play.google.com/store/apps/details?id=com.omgpop.dstfree ......
Success to get info from Play Store
The lastest version of com.omgpop.dstfree-1.apk is  2.333.223  
Done processing com.omgpop.dstfree-1.apk
Time Spent:   0 Days 0 Hours 4 Minutes 14 Seconds

============================================================================
64/112 Starting processing com.oovoo-1.apk ......
Getting apk info from https://play.google.com/store/apps/details?id=com.oovoo ......
Success to get info from Play Store
The lastest version of com.oovoo-1.apk is  2.2.0  
Done processing com.oovoo-1.apk
Time Spent:   0 Days 0 Hours 4 Minutes 18 Seconds

============================================================================
65/112 Starting processing com.perblue.greedforglory-1.apk ......
Getting apk info from https://play.google.com/store/apps/details?id=com.perblue.greedforglory ......
Success to get info from Play Store
The lastest version of com.perblue.greedforglory-1.apk is    Varies with device  
Done processing com.perblue.greedforglory-1.apk
Time Spent:   0 Days 0 Hours 4 Minutes 23 Seconds

============================================================================
66/112 Starting processing com.pikpok.fkf2.play-1.apk ......
Getting apk info from https://play.google.com/store/apps/details?id=com.pikpok.fkf2.play ......
Success to get info from Play Store
The lastest version of com.pikpok.fkf2.play-1.apk is  1.3.1  
Done processing com.pikpok.fkf2.play-1.apk
Time Spent:   0 Days 0 Hours 4 Minutes 27 Seconds

============================================================================
67/112 Starting processing com.pinterest-1.apk ......
Getting apk info from https://play.google.com/store/apps/details?id=com.pinterest ......
Success to get info from Play Store
The lastest version of com.pinterest-1.apk is    Varies with device  
Done processing com.pinterest-1.apk
Time Spent:   0 Days 0 Hours 4 Minutes 31 Seconds

============================================================================
68/112 Starting processing com.pixel.gun3d-1.apk ......
Getting apk info from https://play.google.com/store/apps/details?id=com.pixel.gun3d ......
Success to get info from Play Store
The lastest version of com.pixel.gun3d-1.apk is  7.0.3  
Done processing com.pixel.gun3d-1.apk
Time Spent:   0 Days 0 Hours 4 Minutes 35 Seconds

============================================================================
69/112 Starting processing com.playstudios.myvegas-1.apk ......
Getting apk info from https://play.google.com/store/apps/details?id=com.playstudios.myvegas ......
Success to get info from Play Store
The lastest version of com.playstudios.myvegas-1.apk is  1.7.0  
Done processing com.playstudios.myvegas-1.apk
Time Spent:   0 Days 0 Hours 4 Minutes 40 Seconds

============================================================================
70/112 Starting processing com.pokerdragon.android-1.apk ......
Getting apk info from https://play.google.com/store/apps/details?id=com.pokerdragon.android ......
Success to get info from Play Store
The lastest version of com.pokerdragon.android-1.apk is  1.2  
Done processing com.pokerdragon.android-1.apk
Time Spent:   0 Days 0 Hours 4 Minutes 44 Seconds

============================================================================
71/112 Starting processing com.prgames.texasholdem.livepoker-1.apk ......
Getting apk info from https://play.google.com/store/apps/details?id=com.prgames.texasholdem.livepoker ......
Success to get info from Play Store
The lastest version of com.prgames.texasholdem.livepoker-1.apk is  1.01  
Done processing com.prgames.texasholdem.livepoker-1.apk
Time Spent:   0 Days 0 Hours 4 Minutes 48 Seconds

============================================================================
72/112 Starting processing com.purplekiwii.mb-1.apk ......
Getting apk info from https://play.google.com/store/apps/details?id=com.purplekiwii.mb ......
Success to get info from Play Store
The lastest version of com.purplekiwii.mb-1.apk is  1.0.41  
Done processing com.purplekiwii.mb-1.apk
Time Spent:   0 Days 0 Hours 4 Minutes 52 Seconds

============================================================================
73/112 Starting processing com.quelaba.sopaletras-1.apk ......
Getting apk info from https://play.google.com/store/apps/details?id=com.quelaba.sopaletras ......
Success to get info from Play Store
The lastest version of com.quelaba.sopaletras-1.apk is  2.0v  
Done processing com.quelaba.sopaletras-1.apk
Time Spent:   0 Days 0 Hours 4 Minutes 57 Seconds

============================================================================
74/112 Starting processing com.roidapp.photogrid-1.apk ......
Getting apk info from https://play.google.com/store/apps/details?id=com.roidapp.photogrid ......
Success to get info from Play Store
The lastest version of com.roidapp.photogrid-1.apk is  4.742  
Done processing com.roidapp.photogrid-1.apk
Time Spent:   0 Days 0 Hours 5 Minutes 2 Seconds

============================================================================
75/112 Starting processing com.rovio.gold-1.apk ......
Getting apk info from https://play.google.com/store/apps/details?id=com.rovio.gold ......
Success to get info from Play Store
The lastest version of com.rovio.gold-1.apk is  1.0.9  
Done processing com.rovio.gold-1.apk
Time Spent:   0 Days 0 Hours 5 Minutes 7 Seconds

============================================================================
76/112 Starting processing com.scopely.slotsvacation-1.apk ......
Getting apk info from https://play.google.com/store/apps/details?id=com.scopely.slotsvacation ......
Success to get info from Play Store
The lastest version of com.scopely.slotsvacation-1.apk is  1.45  
Done processing com.scopely.slotsvacation-1.apk
Time Spent:   0 Days 0 Hours 5 Minutes 11 Seconds

============================================================================
77/112 Starting processing com.shark.simulator.free-1.apk ......
Getting apk info from https://play.google.com/store/apps/details?id=com.shark.simulator.free ......
Success to get info from Play Store
The lastest version of com.shark.simulator.free-1.apk is  1.0  
Done processing com.shark.simulator.free-1.apk
Time Spent:   0 Days 0 Hours 5 Minutes 16 Seconds

============================================================================
78/112 Starting processing com.shazam.android-1.apk ......
Getting apk info from https://play.google.com/store/apps/details?id=com.shazam.android ......
Success to get info from Play Store
The lastest version of com.shazam.android-1.apk is    Varies with device  
Done processing com.shazam.android-1.apk
Time Spent:   0 Days 0 Hours 5 Minutes 20 Seconds

============================================================================
79/112 Starting processing com.skgames.trafficracer-1.apk ......
Getting apk info from https://play.google.com/store/apps/details?id=com.skgames.trafficracer ......
Success to get info from Play Store
The lastest version of com.skgames.trafficracer-1.apk is  1.87  
Done processing com.skgames.trafficracer-1.apk
Time Spent:   0 Days 0 Hours 5 Minutes 24 Seconds

============================================================================
80/112 Starting processing com.skippy.mountain.sniper.shooting-1.apk ......
Getting apk info from https://play.google.com/store/apps/details?id=com.skippy.mountain.sniper.shooting ......
Success to get info from Play Store
The lastest version of com.skippy.mountain.sniper.shooting-1.apk is  1.6  
Done processing com.skippy.mountain.sniper.shooting-1.apk
Time Spent:   0 Days 0 Hours 5 Minutes 28 Seconds

============================================================================
81/112 Starting processing com.snkplaymore.android003-1.apk ......
Getting apk info from https://play.google.com/store/apps/details?id=com.snkplaymore.android003 ......
Success to get info from Play Store
The lastest version of com.snkplaymore.android003-1.apk is  1.2.2  
Done processing com.snkplaymore.android003-1.apk
Time Spent:   0 Days 0 Hours 5 Minutes 33 Seconds

============================================================================
82/112 Starting processing com.spotify.music-1.apk ......
Getting apk info from https://play.google.com/store/apps/details?id=com.spotify.music ......
Success to get info from Play Store
The lastest version of com.spotify.music-1.apk is    Varies with device  
Done processing com.spotify.music-1.apk
Time Spent:   0 Days 0 Hours 5 Minutes 37 Seconds

============================================================================
83/112 Starting processing com.spx.ing004.google.s0-1.apk ......
Getting apk info from https://play.google.com/store/apps/details?id=com.spx.ing004.google.s0 ......
Success to get info from Play Store
The lastest version of com.spx.ing004.google.s0-1.apk is  1.6.3  
Done processing com.spx.ing004.google.s0-1.apk
Time Spent:   0 Days 0 Hours 5 Minutes 41 Seconds

============================================================================
84/112 Starting processing com.supercell.boombeach-1.apk ......
Getting apk info from https://play.google.com/store/apps/details?id=com.supercell.boombeach ......
Success to get info from Play Store
The lastest version of com.supercell.boombeach-1.apk is  16.44  
Done processing com.supercell.boombeach-1.apk
Time Spent:   0 Days 0 Hours 5 Minutes 45 Seconds

============================================================================
85/112 Starting processing com.surpax.ledflashlight.panel-1.apk ......
Getting apk info from https://play.google.com/store/apps/details?id=com.surpax.ledflashlight.panel ......
Success to get info from Play Store
The lastest version of com.surpax.ledflashlight.panel-1.apk is  1.0.4  
Done processing com.surpax.ledflashlight.panel-1.apk
Time Spent:   0 Days 0 Hours 5 Minutes 49 Seconds

============================================================================
86/112 Starting processing com.tabtale.carebears-1.apk ......
Getting apk info from https://play.google.com/store/apps/details?id=com.tabtale.carebears ......
Success to get info from Play Store
The lastest version of com.tabtale.carebears-1.apk is  1.0.4  
Done processing com.tabtale.carebears-1.apk
Time Spent:   0 Days 0 Hours 5 Minutes 55 Seconds

============================================================================
87/112 Starting processing com.tap.white.tile-1.apk ......
Getting apk info from https://play.google.com/store/apps/details?id=com.tap.white.tile ......
Success to get info from Play Store
The lastest version of com.tap.white.tile-1.apk is  1.2  
Done processing com.tap.white.tile-1.apk
Time Spent:   0 Days 0 Hours 5 Minutes 59 Seconds

============================================================================
88/112 Starting processing com.teamlava.fruitsplash-1.apk ......
Getting apk info from https://play.google.com/store/apps/details?id=com.teamlava.fruitsplash ......
Success to get info from Play Store
The lastest version of com.teamlava.fruitsplash-1.apk is  1.1.4.2g  
Done processing com.teamlava.fruitsplash-1.apk
Time Spent:   0 Days 0 Hours 6 Minutes 4 Seconds

============================================================================
89/112 Starting processing com.teamlava.petshop37-1.apk ......
Getting apk info from https://play.google.com/store/apps/details?id=com.teamlava.petshop37 ......
Success to get info from Play Store
The lastest version of com.teamlava.petshop37-1.apk is  1.0.6.4  
Done processing com.teamlava.petshop37-1.apk
Time Spent:   0 Days 0 Hours 6 Minutes 8 Seconds

============================================================================
90/112 Starting processing com.theonegames.gunshipbattle-1.apk ......
Getting apk info from https://play.google.com/store/apps/details?id=com.theonegames.gunshipbattle ......
Success to get info from Play Store
The lastest version of com.theonegames.gunshipbattle-1.apk is  1.1.1  
Done processing com.theonegames.gunshipbattle-1.apk
Time Spent:   0 Days 0 Hours 6 Minutes 12 Seconds

============================================================================
91/112 Starting processing com.thunderbull_entertainment.deathfromspace-1.apk ......
Getting apk info from https://play.google.com/store/apps/details?id=com.thunderbull_entertainment.deathfromspace ......
Success to get info from Play Store
The lastest version of com.thunderbull_entertainment.deathfromspace-1.apk is  1.1  
Done processing com.thunderbull_entertainment.deathfromspace-1.apk
Time Spent:   0 Days 0 Hours 6 Minutes 18 Seconds

============================================================================
92/112 Starting processing com.timehop-1.apk ......
Getting apk info from https://play.google.com/store/apps/details?id=com.timehop ......
Success to get info from Play Store
The lastest version of com.timehop-1.apk is  1.2.44  
Done processing com.timehop-1.apk
Time Spent:   0 Days 0 Hours 6 Minutes 21 Seconds

============================================================================
93/112 Starting processing com.topfungames.deathroom-1.apk ......
Getting apk info from https://play.google.com/store/apps/details?id=com.topfungames.deathroom ......
[ERROR] : Cannot find info of com.topfungames.deathroom-1.apk on https://play.google.com/store/apps/details?id=com.topfungames.deathroom !!!
Done processing com.topfungames.deathroom-1.apk
Time Spent:   0 Days 0 Hours 6 Minutes 22 Seconds

============================================================================
94/112 Starting processing com.touchtype.swiftkey-1.apk ......
Getting apk info from https://play.google.com/store/apps/details?id=com.touchtype.swiftkey ......
Success to get info from Play Store
The lastest version of com.touchtype.swiftkey-1.apk is    Varies with device  
Done processing com.touchtype.swiftkey-1.apk
Time Spent:   0 Days 0 Hours 6 Minutes 28 Seconds

============================================================================
95/112 Starting processing com.twelvegigs.heaven.vpoker-1.apk ......
Getting apk info from https://play.google.com/store/apps/details?id=com.twelvegigs.heaven.vpoker ......
Success to get info from Play Store
The lastest version of com.twelvegigs.heaven.vpoker-1.apk is    Varies with device  
Done processing com.twelvegigs.heaven.vpoker-1.apk
Time Spent:   0 Days 0 Hours 6 Minutes 33 Seconds

============================================================================
96/112 Starting processing com.twitter.android-1.apk ......
Getting apk info from https://play.google.com/store/apps/details?id=com.twitter.android ......
Success to get info from Play Store
The lastest version of com.twitter.android-1.apk is    Varies with device  
Done processing com.twitter.android-1.apk
Time Spent:   0 Days 0 Hours 6 Minutes 37 Seconds

============================================================================
97/112 Starting processing com.usablenet.mobile.walgreen-1.apk ......
Getting apk info from https://play.google.com/store/apps/details?id=com.usablenet.mobile.walgreen ......
Success to get info from Play Store
The lastest version of com.usablenet.mobile.walgreen-1.apk is    Varies with device  
Done processing com.usablenet.mobile.walgreen-1.apk
Time Spent:   0 Days 0 Hours 6 Minutes 42 Seconds

============================================================================
98/112 Starting processing com.venticake.retrica-1.apk ......
Getting apk info from https://play.google.com/store/apps/details?id=com.venticake.retrica ......
Success to get info from Play Store
The lastest version of com.venticake.retrica-1.apk is  2.1.1  
Done processing com.venticake.retrica-1.apk
Time Spent:   0 Days 0 Hours 6 Minutes 46 Seconds

============================================================================
99/112 Starting processing com.wf.wellsfargomobile-1.apk ......
Getting apk info from https://play.google.com/store/apps/details?id=com.wf.wellsfargomobile ......
Success to get info from Play Store
The lastest version of com.wf.wellsfargomobile-1.apk is  3.5  
Done processing com.wf.wellsfargomobile-1.apk
Time Spent:   0 Days 0 Hours 6 Minutes 50 Seconds

============================================================================
100/112 Starting processing com.wooga.jelly_splash-1.apk ......
Getting apk info from https://play.google.com/store/apps/details?id=com.wooga.jelly_splash ......
Success to get info from Play Store
The lastest version of com.wooga.jelly_splash-1.apk is    Varies with device  
Done processing com.wooga.jelly_splash-1.apk
Time Spent:   0 Days 0 Hours 6 Minutes 54 Seconds

============================================================================
101/112 Starting processing com.wordmillionaire.word.android-1.apk ......
Getting apk info from https://play.google.com/store/apps/details?id=com.wordmillionaire.word.android ......
Success to get info from Play Store
The lastest version of com.wordmillionaire.word.android-1.apk is  1.108  
Done processing com.wordmillionaire.word.android-1.apk
Time Spent:   0 Days 0 Hours 6 Minutes 58 Seconds

============================================================================
102/112 Starting processing com.xyrality.panzerwars.googleplay-1.apk ......
Getting apk info from https://play.google.com/store/apps/details?id=com.xyrality.panzerwars.googleplay ......
Success to get info from Play Store
The lastest version of com.xyrality.panzerwars.googleplay-1.apk is  1.0.1  
Done processing com.xyrality.panzerwars.googleplay-1.apk
Time Spent:   0 Days 0 Hours 7 Minutes 3 Seconds

============================================================================
103/112 Starting processing com.yelp.android-1.apk ......
Getting apk info from https://play.google.com/store/apps/details?id=com.yelp.android ......
Success to get info from Play Store
The lastest version of com.yelp.android-1.apk is    Varies with device  
Done processing com.yelp.android-1.apk
Time Spent:   0 Days 0 Hours 7 Minutes 7 Seconds

============================================================================
104/112 Starting processing com.yplanapp-1.apk ......
Getting apk info from https://play.google.com/store/apps/details?id=com.yplanapp ......
Success to get info from Play Store
The lastest version of com.yplanapp-1.apk is  2.40.1  
Done processing com.yplanapp-1.apk
Time Spent:   0 Days 0 Hours 7 Minutes 11 Seconds

============================================================================
105/112 Starting processing com.zeptolab.ctr2.f2p.google-1.apk ......
Getting apk info from https://play.google.com/store/apps/details?id=com.zeptolab.ctr2.f2p.google ......
Success to get info from Play Store
The lastest version of com.zeptolab.ctr2.f2p.google-1.apk is    Varies with device  
Done processing com.zeptolab.ctr2.f2p.google-1.apk
Time Spent:   0 Days 0 Hours 7 Minutes 16 Seconds

============================================================================
106/112 Starting processing com.zynga.FarmVille2CountryEscape-1.apk ......
Getting apk info from https://play.google.com/store/apps/details?id=com.zynga.FarmVille2CountryEscape ......
Success to get info from Play Store
The lastest version of com.zynga.FarmVille2CountryEscape-1.apk is  1.8.95  
Done processing com.zynga.FarmVille2CountryEscape-1.apk
Time Spent:   0 Days 0 Hours 7 Minutes 21 Seconds

============================================================================
107/112 Starting processing com.zynga.duckdynastyslots-1.apk ......
Getting apk info from https://play.google.com/store/apps/details?id=com.zynga.duckdynastyslots ......
Success to get info from Play Store
The lastest version of com.zynga.duckdynastyslots-1.apk is  3.3.102  
Done processing com.zynga.duckdynastyslots-1.apk
Time Spent:   0 Days 0 Hours 7 Minutes 26 Seconds

============================================================================
108/112 Starting processing es.socialpoint.DragonCity-1.apk ......
Getting apk info from https://play.google.com/store/apps/details?id=es.socialpoint.DragonCity ......
Success to get info from Play Store
The lastest version of es.socialpoint.DragonCity-1.apk is  2.8.1  
Done processing es.socialpoint.DragonCity-1.apk
Time Spent:   0 Days 0 Hours 7 Minutes 30 Seconds

============================================================================
109/112 Starting processing es.socialpoint.MonsterLegends-1.apk ......
Getting apk info from https://play.google.com/store/apps/details?id=es.socialpoint.MonsterLegends ......
Success to get info from Play Store
The lastest version of es.socialpoint.MonsterLegends-1.apk is    Varies with device  
Done processing es.socialpoint.MonsterLegends-1.apk
Time Spent:   0 Days 0 Hours 7 Minutes 34 Seconds

============================================================================
110/112 Starting processing gbis.gbandroid-1.apk ......
Getting apk info from https://play.google.com/store/apps/details?id=gbis.gbandroid ......
Success to get info from Play Store
The lastest version of gbis.gbandroid-1.apk is    Varies with device  
Done processing gbis.gbandroid-1.apk
Time Spent:   0 Days 0 Hours 7 Minutes 38 Seconds

============================================================================
111/112 Starting processing net.SandStormEarl.WCHD-1.apk ......
Getting apk info from https://play.google.com/store/apps/details?id=net.SandStormEarl.WCHD ......
Success to get info from Play Store
The lastest version of net.SandStormEarl.WCHD-1.apk is  1.6.5  
Done processing net.SandStormEarl.WCHD-1.apk
Time Spent:   0 Days 0 Hours 7 Minutes 42 Seconds

============================================================================
112/112 Starting processing uk.hebe3-1.apk ......
Getting apk info from https://play.google.com/store/apps/details?id=uk.hebe3 ......
Success to get info from Play Store
The lastest version of uk.hebe3-1.apk is  2.3  
Done processing uk.hebe3-1.apk
Time Spent:   0 Days 0 Hours 7 Minutes 46 Seconds

============================================================================


**************************************************************
All Done
Total Time:   0 Days 0 Hours 7 Minutes 46 Seconds
Result Location:               /srv/www/htdocs/CV2/app/admin/scan_apk_version//results/AppInfo_2014-06-28-16-07-25.csv
**************************************************************
