Start processing app in list /home/Git-Apk/Updated_list from /home/Git-Apk/All_Apk  ......

============================================================================
1/78 Starting processing air.com.buffalo_studios.newflashbingo-1.apk ......
Getting apk info from https://play.google.com/store/apps/details?id=air.com.buffalo_studios.newflashbingo ......
Success to get info from Play Store
The lastest version of air.com.buffalo_studios.newflashbingo-1.apk is  2.73.0  
Done processing air.com.buffalo_studios.newflashbingo-1.apk
Time Spent:   0 Days 0 Hours 0 Minutes 2 Seconds

============================================================================
2/78 Starting processing air.com.freshplanet.games.WaM-1.apk ......
Getting apk info from https://play.google.com/store/apps/details?id=air.com.freshplanet.games.WaM ......
Success to get info from Play Store
The lastest version of air.com.freshplanet.games.WaM-1.apk is  1.21.2  
Done processing air.com.freshplanet.games.WaM-1.apk
Time Spent:   0 Days 0 Hours 0 Minutes 4 Seconds

============================================================================
3/78 Starting processing air.com.playtika.slotomania-1.apk ......
Getting apk info from https://play.google.com/store/apps/details?id=air.com.playtika.slotomania ......
Success to get info from Play Store
The lastest version of air.com.playtika.slotomania-1.apk is    Varies with device  
Done processing air.com.playtika.slotomania-1.apk
Time Spent:   0 Days 0 Hours 0 Minutes 5 Seconds

============================================================================
4/78 Starting processing air.com.ubisoft.csi.HiddenCrimes-1.apk ......
Getting apk info from https://play.google.com/store/apps/details?id=air.com.ubisoft.csi.HiddenCrimes ......
Success to get info from Play Store
The lastest version of air.com.ubisoft.csi.HiddenCrimes-1.apk is  1.9.2  
Done processing air.com.ubisoft.csi.HiddenCrimes-1.apk
Time Spent:   0 Days 0 Hours 0 Minutes 7 Seconds

============================================================================
5/78 Starting processing co.vine.android-1.apk ......
Getting apk info from https://play.google.com/store/apps/details?id=co.vine.android ......
Success to get info from Play Store
The lastest version of co.vine.android-1.apk is    Varies with device  
Done processing co.vine.android-1.apk
Time Spent:   0 Days 0 Hours 0 Minutes 9 Seconds

============================================================================
6/78 Starting processing com.HBO-1.apk ......
Getting apk info from https://play.google.com/store/apps/details?id=com.HBO ......
Success to get info from Play Store
The lastest version of com.HBO-1.apk is  2.6.03  
Done processing com.HBO-1.apk
Time Spent:   0 Days 0 Hours 0 Minutes 10 Seconds

============================================================================
7/78 Starting processing com.acmeaom.android.myradar-1.apk ......
Getting apk info from https://play.google.com/store/apps/details?id=com.acmeaom.android.myradar ......
Success to get info from Play Store
The lastest version of com.acmeaom.android.myradar-1.apk is    Varies with device  
Done processing com.acmeaom.android.myradar-1.apk
Time Spent:   0 Days 0 Hours 0 Minutes 12 Seconds

============================================================================
8/78 Starting processing com.amazon.kindle-1.apk ......
Getting apk info from https://play.google.com/store/apps/details?id=com.amazon.kindle ......
Success to get info from Play Store
The lastest version of com.amazon.kindle-1.apk is    Varies with device  
Done processing com.amazon.kindle-1.apk
Time Spent:   0 Days 0 Hours 0 Minutes 14 Seconds

============================================================================
9/78 Starting processing com.bungieinc.bungiemobile-1.apk ......
Getting apk info from https://play.google.com/store/apps/details?id=com.bungieinc.bungiemobile ......
Success to get info from Play Store
The lastest version of com.bungieinc.bungiemobile-1.apk is  3.0.3  
Done processing com.bungieinc.bungiemobile-1.apk
Time Spent:   0 Days 0 Hours 0 Minutes 16 Seconds

============================================================================
10/78 Starting processing com.cheerfulinc.flipagram-1.apk ......
Getting apk info from https://play.google.com/store/apps/details?id=com.cheerfulinc.flipagram ......
Success to get info from Play Store
The lastest version of com.cheerfulinc.flipagram-1.apk is    Varies with device  
Done processing com.cheerfulinc.flipagram-1.apk
Time Spent:   0 Days 0 Hours 0 Minutes 18 Seconds

============================================================================
11/78 Starting processing com.cleanmaster.security-1.apk ......
Getting apk info from https://play.google.com/store/apps/details?id=com.cleanmaster.security ......
Success to get info from Play Store
The lastest version of com.cleanmaster.security-1.apk is    Varies with device  
Done processing com.cleanmaster.security-1.apk
Time Spent:   0 Days 0 Hours 0 Minutes 20 Seconds

============================================================================
12/78 Starting processing com.com2us.smon.normal.freefull.google.kr.android.common-1.apk ......
Getting apk info from https://play.google.com/store/apps/details?id=com.com2us.smon.normal.freefull.google.kr.android.common ......
Success to get info from Play Store
The lastest version of com.com2us.smon.normal.freefull.google.kr.android.common-1.apk is  1.2.1  
Done processing com.com2us.smon.normal.freefull.google.kr.android.common-1.apk
Time Spent:   0 Days 0 Hours 0 Minutes 21 Seconds

============================================================================
13/78 Starting processing com.ddi-1.apk ......
Getting apk info from https://play.google.com/store/apps/details?id=com.ddi ......
Success to get info from Play Store
The lastest version of com.ddi-1.apk is  2.3.4  
Done processing com.ddi-1.apk
Time Spent:   0 Days 0 Hours 0 Minutes 24 Seconds

============================================================================
14/78 Starting processing com.degoo.android.ambulance-1.apk ......
Getting apk info from https://play.google.com/store/apps/details?id=com.degoo.android.ambulance ......
Success to get info from Play Store
The lastest version of com.degoo.android.ambulance-1.apk is  1.0.7  
Done processing com.degoo.android.ambulance-1.apk
Time Spent:   0 Days 0 Hours 0 Minutes 26 Seconds

============================================================================
15/78 Starting processing com.dianxinos.dxbs-1.apk ......
Getting apk info from https://play.google.com/store/apps/details?id=com.dianxinos.dxbs ......
Success to get info from Play Store
The lastest version of com.dianxinos.dxbs-1.apk is  3.8.0  
Done processing com.dianxinos.dxbs-1.apk
Time Spent:   0 Days 0 Hours 0 Minutes 28 Seconds

============================================================================
16/78 Starting processing com.dropbox.android-1.apk ......
Getting apk info from https://play.google.com/store/apps/details?id=com.dropbox.android ......
Success to get info from Play Store
The lastest version of com.dropbox.android-1.apk is    Varies with device  
Done processing com.dropbox.android-1.apk
Time Spent:   0 Days 0 Hours 0 Minutes 30 Seconds

============================================================================
17/78 Starting processing com.estrongs.android.pop-1.apk ......
Getting apk info from https://play.google.com/store/apps/details?id=com.estrongs.android.pop ......
Success to get info from Play Store
The lastest version of com.estrongs.android.pop-1.apk is    Varies with device  
Done processing com.estrongs.android.pop-1.apk
Time Spent:   0 Days 0 Hours 0 Minutes 31 Seconds

============================================================================
18/78 Starting processing com.foosegames.pepiskate3d-1.apk ......
Getting apk info from https://play.google.com/store/apps/details?id=com.foosegames.pepiskate3d ......
Success to get info from Play Store
The lastest version of com.foosegames.pepiskate3d-1.apk is  8  
Done processing com.foosegames.pepiskate3d-1.apk
Time Spent:   0 Days 0 Hours 0 Minutes 33 Seconds

============================================================================
19/78 Starting processing com.freaxator.game100balls-1.apk ......
Getting apk info from https://play.google.com/store/apps/details?id=com.freaxator.game100balls ......
Success to get info from Play Store
The lastest version of com.freaxator.game100balls-1.apk is  2.0  
Done processing com.freaxator.game100balls-1.apk
Time Spent:   0 Days 0 Hours 0 Minutes 34 Seconds

============================================================================
20/78 Starting processing com.gamestar.perfectpiano-1.apk ......
Getting apk info from https://play.google.com/store/apps/details?id=com.gamestar.perfectpiano ......
Success to get info from Play Store
The lastest version of com.gamestar.perfectpiano-1.apk is    Varies with device  
Done processing com.gamestar.perfectpiano-1.apk
Time Spent:   0 Days 0 Hours 0 Minutes 36 Seconds

============================================================================
21/78 Starting processing com.gamevil.kritikamobile.android.google.global.normal-1.apk ......
Getting apk info from https://play.google.com/store/apps/details?id=com.gamevil.kritikamobile.android.google.global.normal ......
Success to get info from Play Store
The lastest version of com.gamevil.kritikamobile.android.google.global.normal-1.apk is  2.2.2  
Done processing com.gamevil.kritikamobile.android.google.global.normal-1.apk
Time Spent:   0 Days 0 Hours 0 Minutes 38 Seconds

============================================================================
22/78 Starting processing com.glu.stardomkim-1.apk ......
Getting apk info from https://play.google.com/store/apps/details?id=com.glu.stardomkim ......
Success to get info from Play Store
The lastest version of com.glu.stardomkim-1.apk is  1.3.0  
Done processing com.glu.stardomkim-1.apk
Time Spent:   0 Days 0 Hours 0 Minutes 40 Seconds

============================================================================
23/78 Starting processing com.google.android.apps.plus-1.apk ......
Getting apk info from https://play.google.com/store/apps/details?id=com.google.android.apps.plus ......
Success to get info from Play Store
The lastest version of com.google.android.apps.plus-1.apk is    Varies with device  
Done processing com.google.android.apps.plus-1.apk
Time Spent:   0 Days 0 Hours 0 Minutes 42 Seconds

============================================================================
24/78 Starting processing com.google.android.talk-1.apk ......
Getting apk info from https://play.google.com/store/apps/details?id=com.google.android.talk ......
Success to get info from Play Store
The lastest version of com.google.android.talk-1.apk is  2.1.317  
Done processing com.google.android.talk-1.apk
Time Spent:   0 Days 0 Hours 0 Minutes 44 Seconds

============================================================================
25/78 Starting processing com.gravgame.igfmla-1.apk ......
Getting apk info from https://play.google.com/store/apps/details?id=com.gravgame.igfmla ......
Success to get info from Play Store
The lastest version of com.gravgame.igfmla-1.apk is  2.4  
Done processing com.gravgame.igfmla-1.apk
Time Spent:   0 Days 0 Hours 0 Minutes 46 Seconds

============================================================================
26/78 Starting processing com.gree.bfherorun-1.apk ......
Getting apk info from https://play.google.com/store/apps/details?id=com.gree.bfherorun ......
Success to get info from Play Store
The lastest version of com.gree.bfherorun-1.apk is  1.5  
Done processing com.gree.bfherorun-1.apk
Time Spent:   0 Days 0 Hours 0 Minutes 47 Seconds

============================================================================
27/78 Starting processing com.herman.ringtone-1.apk ......
Getting apk info from https://play.google.com/store/apps/details?id=com.herman.ringtone ......
Success to get info from Play Store
The lastest version of com.herman.ringtone-1.apk is    Varies with device  
Done processing com.herman.ringtone-1.apk
Time Spent:   0 Days 0 Hours 0 Minutes 49 Seconds

============================================================================
28/78 Starting processing com.idlegames.eldorado-1.apk ......
Getting apk info from https://play.google.com/store/apps/details?id=com.idlegames.eldorado ......
Success to get info from Play Store
The lastest version of com.idlegames.eldorado-1.apk is    Varies with device  
Done processing com.idlegames.eldorado-1.apk
Time Spent:   0 Days 0 Hours 0 Minutes 50 Seconds

============================================================================
29/78 Starting processing com.igg.castleclash-1.apk ......
Getting apk info from https://play.google.com/store/apps/details?id=com.igg.castleclash ......
Success to get info from Play Store
The lastest version of com.igg.castleclash-1.apk is  1.2.52  
Done processing com.igg.castleclash-1.apk
Time Spent:   0 Days 0 Hours 0 Minutes 53 Seconds

============================================================================
30/78 Starting processing com.igg.clashoflords2-1.apk ......
Getting apk info from https://play.google.com/store/apps/details?id=com.igg.clashoflords2 ......
Success to get info from Play Store
The lastest version of com.igg.clashoflords2-1.apk is  1.0.154  
Done processing com.igg.clashoflords2-1.apk
Time Spent:   0 Days 0 Hours 0 Minutes 55 Seconds

============================================================================
31/78 Starting processing com.imdb.mobile-1.apk ......
Getting apk info from https://play.google.com/store/apps/details?id=com.imdb.mobile ......
Success to get info from Play Store
The lastest version of com.imdb.mobile-1.apk is    Varies with device  
Done processing com.imdb.mobile-1.apk
Time Spent:   0 Days 0 Hours 0 Minutes 57 Seconds

============================================================================
32/78 Starting processing com.in.xray.scanner.us-1.apk ......
Getting apk info from https://play.google.com/store/apps/details?id=com.in.xray.scanner.us ......
Success to get info from Play Store
The lastest version of com.in.xray.scanner.us-1.apk is  1.2  
Done processing com.in.xray.scanner.us-1.apk
Time Spent:   0 Days 0 Hours 0 Minutes 59 Seconds

============================================================================
33/78 Starting processing com.iugome.dawn-1.apk ......
Getting apk info from https://play.google.com/store/apps/details?id=com.iugome.dawn ......
Success to get info from Play Store
The lastest version of com.iugome.dawn-1.apk is    Varies with device  
Done processing com.iugome.dawn-1.apk
Time Spent:   0 Days 0 Hours 1 Minutes 0 Seconds

============================================================================
34/78 Starting processing com.jsdev.instasize-1.apk ......
Getting apk info from https://play.google.com/store/apps/details?id=com.jsdev.instasize ......
Success to get info from Play Store
The lastest version of com.jsdev.instasize-1.apk is  2.4.6  
Done processing com.jsdev.instasize-1.apk
Time Spent:   0 Days 0 Hours 1 Minutes 2 Seconds

============================================================================
35/78 Starting processing com.jumpgames.rswrb-1.apk ......
Getting apk info from https://play.google.com/store/apps/details?id=com.jumpgames.rswrb ......
Success to get info from Play Store
The lastest version of com.jumpgames.rswrb-1.apk is  10.10.198  
Done processing com.jumpgames.rswrb-1.apk
Time Spent:   0 Days 0 Hours 1 Minutes 4 Seconds

============================================================================
36/78 Starting processing com.king.farmheroessaga-1.apk ......
Getting apk info from https://play.google.com/store/apps/details?id=com.king.farmheroessaga ......
Success to get info from Play Store
The lastest version of com.king.farmheroessaga-1.apk is  2.10.9  
Done processing com.king.farmheroessaga-1.apk
Time Spent:   0 Days 0 Hours 1 Minutes 6 Seconds

============================================================================
37/78 Starting processing com.king.pyramidsolitairesaga-1.apk ......
Getting apk info from https://play.google.com/store/apps/details?id=com.king.pyramidsolitairesaga ......
Success to get info from Play Store
The lastest version of com.king.pyramidsolitairesaga-1.apk is    Varies with device  
Done processing com.king.pyramidsolitairesaga-1.apk
Time Spent:   0 Days 0 Hours 1 Minutes 8 Seconds

============================================================================
38/78 Starting processing com.kitkatandroid.keyboard-1.apk ......
Getting apk info from https://play.google.com/store/apps/details?id=com.kitkatandroid.keyboard ......
Success to get info from Play Store
The lastest version of com.kitkatandroid.keyboard-1.apk is  2.1.2  
Done processing com.kitkatandroid.keyboard-1.apk
Time Spent:   0 Days 0 Hours 1 Minutes 9 Seconds

============================================================================
39/78 Starting processing com.krazymobile.emojismartkeyboard-1.apk ......
Getting apk info from https://play.google.com/store/apps/details?id=com.krazymobile.emojismartkeyboard ......
Success to get info from Play Store
The lastest version of com.krazymobile.emojismartkeyboard-1.apk is  2.1  
Done processing com.krazymobile.emojismartkeyboard-1.apk
Time Spent:   0 Days 0 Hours 1 Minutes 11 Seconds

============================================================================
40/78 Starting processing com.ksmobile.cb-1.apk ......
Getting apk info from https://play.google.com/store/apps/details?id=com.ksmobile.cb ......
Success to get info from Play Store
The lastest version of com.ksmobile.cb-1.apk is  5.0.54  
Done processing com.ksmobile.cb-1.apk
Time Spent:   0 Days 0 Hours 1 Minutes 13 Seconds

============================================================================
41/78 Starting processing com.linecorp.LGTMTMG-1.apk ......
Getting apk info from https://play.google.com/store/apps/details?id=com.linecorp.LGTMTMG ......
Success to get info from Play Store
The lastest version of com.linecorp.LGTMTMG-1.apk is  1.0.4  
Done processing com.linecorp.LGTMTMG-1.apk
Time Spent:   0 Days 0 Hours 1 Minutes 17 Seconds

============================================================================
42/78 Starting processing com.machinezone.gow-1.apk ......
Getting apk info from https://play.google.com/store/apps/details?id=com.machinezone.gow ......
Success to get info from Play Store
The lastest version of com.machinezone.gow-1.apk is  2.6.277  
Done processing com.machinezone.gow-1.apk
Time Spent:   0 Days 0 Hours 1 Minutes 21 Seconds

============================================================================
43/78 Starting processing com.midasplayer.apps.papapearsaga-1.apk ......
Getting apk info from https://play.google.com/store/apps/details?id=com.midasplayer.apps.papapearsaga ......
Success to get info from Play Store
The lastest version of com.midasplayer.apps.papapearsaga-1.apk is    Varies with device  
Done processing com.midasplayer.apps.papapearsaga-1.apk
Time Spent:   0 Days 0 Hours 1 Minutes 24 Seconds

============================================================================
44/78 Starting processing com.mobage.ww.a5225.tf2_Android-1.apk ......
Getting apk info from https://play.google.com/store/apps/details?id=com.mobage.ww.a5225.tf2_Android ......
Success to get info from Play Store
The lastest version of com.mobage.ww.a5225.tf2_Android-1.apk is  1.4.1  
Done processing com.mobage.ww.a5225.tf2_Android-1.apk
Time Spent:   0 Days 0 Hours 1 Minutes 28 Seconds

============================================================================
45/78 Starting processing com.netflix.mediaclient-1.apk ......
Getting apk info from https://play.google.com/store/apps/details?id=com.netflix.mediaclient ......
Success to get info from Play Store
The lastest version of com.netflix.mediaclient-1.apk is    Varies with device  
Done processing com.netflix.mediaclient-1.apk
Time Spent:   0 Days 0 Hours 1 Minutes 32 Seconds

============================================================================
46/78 Starting processing com.opera.browser-1.apk ......
Getting apk info from https://play.google.com/store/apps/details?id=com.opera.browser ......
Success to get info from Play Store
The lastest version of com.opera.browser-1.apk is    Varies with device  
Done processing com.opera.browser-1.apk
Time Spent:   0 Days 0 Hours 1 Minutes 35 Seconds

============================================================================
47/78 Starting processing com.ovl.com.kolmmfk22-1.apk ......
Getting apk info from https://play.google.com/store/apps/details?id=com.ovl.com.kolmmfk22 ......
Success to get info from Play Store
The lastest version of com.ovl.com.kolmmfk22-1.apk is  2.5  
Done processing com.ovl.com.kolmmfk22-1.apk
Time Spent:   0 Days 0 Hours 1 Minutes 39 Seconds

============================================================================
48/78 Starting processing com.pinterest-1.apk ......
Getting apk info from https://play.google.com/store/apps/details?id=com.pinterest ......
Success to get info from Play Store
The lastest version of com.pinterest-1.apk is    Varies with device  
Done processing com.pinterest-1.apk
Time Spent:   0 Days 0 Hours 1 Minutes 42 Seconds

============================================================================
49/78 Starting processing com.playstudios.myvegas-1.apk ......
Getting apk info from https://play.google.com/store/apps/details?id=com.playstudios.myvegas ......
Success to get info from Play Store
The lastest version of com.playstudios.myvegas-1.apk is  1.8.0  
Done processing com.playstudios.myvegas-1.apk
Time Spent:   0 Days 0 Hours 1 Minutes 46 Seconds

============================================================================
50/78 Starting processing com.pof.android-1.apk ......
Getting apk info from https://play.google.com/store/apps/details?id=com.pof.android ......
Success to get info from Play Store
The lastest version of com.pof.android-1.apk is    Varies with device  
Done processing com.pof.android-1.apk
Time Spent:   0 Days 0 Hours 1 Minutes 49 Seconds

============================================================================
51/78 Starting processing com.prgames.texasholdem.livepoker-1.apk ......
Getting apk info from https://play.google.com/store/apps/details?id=com.prgames.texasholdem.livepoker ......
Success to get info from Play Store
The lastest version of com.prgames.texasholdem.livepoker-1.apk is  1.02  
Done processing com.prgames.texasholdem.livepoker-1.apk
Time Spent:   0 Days 0 Hours 1 Minutes 52 Seconds

============================================================================
52/78 Starting processing com.quelaba.sopaletras-1.apk ......
Getting apk info from https://play.google.com/store/apps/details?id=com.quelaba.sopaletras ......
Success to get info from Play Store
The lastest version of com.quelaba.sopaletras-1.apk is  2.1b  
Done processing com.quelaba.sopaletras-1.apk
Time Spent:   0 Days 0 Hours 1 Minutes 56 Seconds

============================================================================
53/78 Starting processing com.randomlogicgames.guesstheemoji-1.apk ......
Getting apk info from https://play.google.com/store/apps/details?id=com.randomlogicgames.guesstheemoji ......
Success to get info from Play Store
The lastest version of com.randomlogicgames.guesstheemoji-1.apk is    Varies with device  
Done processing com.randomlogicgames.guesstheemoji-1.apk
Time Spent:   0 Days 0 Hours 2 Minutes 0 Seconds

============================================================================
54/78 Starting processing com.roblox.client-1.apk ......
Getting apk info from https://play.google.com/store/apps/details?id=com.roblox.client ......
Success to get info from Play Store
The lastest version of com.roblox.client-1.apk is  2.162.49770  
Done processing com.roblox.client-1.apk
Time Spent:   0 Days 0 Hours 2 Minutes 3 Seconds

============================================================================
55/78 Starting processing com.roidapp.photogrid-1.apk ......
Getting apk info from https://play.google.com/store/apps/details?id=com.roidapp.photogrid ......
Success to get info from Play Store
The lastest version of com.roidapp.photogrid-1.apk is  4.762  
Done processing com.roidapp.photogrid-1.apk
Time Spent:   0 Days 0 Hours 2 Minutes 7 Seconds

============================================================================
56/78 Starting processing com.san.guesstheemoji-1.apk ......
Getting apk info from https://play.google.com/store/apps/details?id=com.san.guesstheemoji ......
Success to get info from Play Store
The lastest version of com.san.guesstheemoji-1.apk is  3.5  
Done processing com.san.guesstheemoji-1.apk
Time Spent:   0 Days 0 Hours 2 Minutes 10 Seconds

============================================================================
57/78 Starting processing com.sega.sonicjumpfever-1.apk ......
Getting apk info from https://play.google.com/store/apps/details?id=com.sega.sonicjumpfever ......
Success to get info from Play Store
The lastest version of com.sega.sonicjumpfever-1.apk is  1.1.0  
Done processing com.sega.sonicjumpfever-1.apk
Time Spent:   0 Days 0 Hours 2 Minutes 14 Seconds

============================================================================
58/78 Starting processing com.sgiggle.production-1.apk ......
Getting apk info from https://play.google.com/store/apps/details?id=com.sgiggle.production ......
Success to get info from Play Store
The lastest version of com.sgiggle.production-1.apk is    Varies with device  
Done processing com.sgiggle.production-1.apk
Time Spent:   0 Days 0 Hours 2 Minutes 18 Seconds

============================================================================
59/78 Starting processing com.skippy.mountain.sniper.shooting-1.apk ......
Getting apk info from https://play.google.com/store/apps/details?id=com.skippy.mountain.sniper.shooting ......
Success to get info from Play Store
The lastest version of com.skippy.mountain.sniper.shooting-1.apk is  1.9  
Done processing com.skippy.mountain.sniper.shooting-1.apk
Time Spent:   0 Days 0 Hours 2 Minutes 21 Seconds

============================================================================
60/78 Starting processing com.spaceapegames.samuraisiege-1.apk ......
Getting apk info from https://play.google.com/store/apps/details?id=com.spaceapegames.samuraisiege ......
Success to get info from Play Store
The lastest version of com.spaceapegames.samuraisiege-1.apk is    Varies with device  
Done processing com.spaceapegames.samuraisiege-1.apk
Time Spent:   0 Days 0 Hours 2 Minutes 24 Seconds

============================================================================
61/78 Starting processing com.spacegame.forestmania-1.apk ......
Getting apk info from https://play.google.com/store/apps/details?id=com.spacegame.forestmania ......
Success to get info from Play Store
The lastest version of com.spacegame.forestmania-1.apk is  1.18  
Done processing com.spacegame.forestmania-1.apk
Time Spent:   0 Days 0 Hours 2 Minutes 28 Seconds

============================================================================
62/78 Starting processing com.sparklingsociety.cityisland2-1.apk ......
Getting apk info from https://play.google.com/store/apps/details?id=com.sparklingsociety.cityisland2 ......
Success to get info from Play Store
The lastest version of com.sparklingsociety.cityisland2-1.apk is  2.0.18  
Done processing com.sparklingsociety.cityisland2-1.apk
Time Spent:   0 Days 0 Hours 2 Minutes 31 Seconds

============================================================================
63/78 Starting processing com.stac.empire.main-1.apk ......
Getting apk info from https://play.google.com/store/apps/details?id=com.stac.empire.main ......
Success to get info from Play Store
The lastest version of com.stac.empire.main-1.apk is  2.3.30  
Done processing com.stac.empire.main-1.apk
Time Spent:   0 Days 0 Hours 2 Minutes 35 Seconds

============================================================================
64/78 Starting processing com.tencent.mm-1.apk ......
Getting apk info from https://play.google.com/store/apps/details?id=com.tencent.mm ......
Success to get info from Play Store
The lastest version of com.tencent.mm-1.apk is    Varies with device  
Done processing com.tencent.mm-1.apk
Time Spent:   0 Days 0 Hours 2 Minutes 39 Seconds

============================================================================
65/78 Starting processing com.textmeinc.textme-1.apk ......
Getting apk info from https://play.google.com/store/apps/details?id=com.textmeinc.textme ......
Success to get info from Play Store
The lastest version of com.textmeinc.textme-1.apk is    Varies with device  
Done processing com.textmeinc.textme-1.apk
Time Spent:   0 Days 0 Hours 2 Minutes 43 Seconds

============================================================================
66/78 Starting processing com.theonegames.gunshipbattle-1.apk ......
Getting apk info from https://play.google.com/store/apps/details?id=com.theonegames.gunshipbattle ......
Success to get info from Play Store
The lastest version of com.theonegames.gunshipbattle-1.apk is  1.1.7  
Done processing com.theonegames.gunshipbattle-1.apk
Time Spent:   0 Days 0 Hours 2 Minutes 46 Seconds

============================================================================
67/78 Starting processing com.tinyco.familyguy-1.apk ......
Getting apk info from https://play.google.com/store/apps/details?id=com.tinyco.familyguy ......
Success to get info from Play Store
The lastest version of com.tinyco.familyguy-1.apk is    Varies with device  
Done processing com.tinyco.familyguy-1.apk
Time Spent:   0 Days 0 Hours 2 Minutes 50 Seconds

============================================================================
68/78 Starting processing com.twitter.android-1.apk ......
Getting apk info from https://play.google.com/store/apps/details?id=com.twitter.android ......
Success to get info from Play Store
The lastest version of com.twitter.android-1.apk is    Varies with device  
Done processing com.twitter.android-1.apk
Time Spent:   0 Days 0 Hours 2 Minutes 53 Seconds

============================================================================
69/78 Starting processing com.wb.goog.injustice-1.apk ......
Getting apk info from https://play.google.com/store/apps/details?id=com.wb.goog.injustice ......
Success to get info from Play Store
The lastest version of com.wb.goog.injustice-1.apk is    Varies with device  
Done processing com.wb.goog.injustice-1.apk
Time Spent:   0 Days 0 Hours 2 Minutes 58 Seconds

============================================================================
70/78 Starting processing com.yahoo.mobile.client.android.mail-1.apk ......
Getting apk info from https://play.google.com/store/apps/details?id=com.yahoo.mobile.client.android.mail ......
Success to get info from Play Store
The lastest version of com.yahoo.mobile.client.android.mail-1.apk is    Varies with device  
Done processing com.yahoo.mobile.client.android.mail-1.apk
Time Spent:   0 Days 0 Hours 3 Minutes 2 Seconds

============================================================================
71/78 Starting processing com.yelp.android-1.apk ......
Getting apk info from https://play.google.com/store/apps/details?id=com.yelp.android ......
Success to get info from Play Store
The lastest version of com.yelp.android-1.apk is    Varies with device  
Done processing com.yelp.android-1.apk
Time Spent:   0 Days 0 Hours 3 Minutes 5 Seconds

============================================================================
72/78 Starting processing com.yes.game.mobile.boxing.game-1.apk ......
Getting apk info from https://play.google.com/store/apps/details?id=com.yes.game.mobile.boxing.game ......
Success to get info from Play Store
The lastest version of com.yes.game.mobile.boxing.game-1.apk is  3.0  
Done processing com.yes.game.mobile.boxing.game-1.apk
Time Spent:   0 Days 0 Hours 3 Minutes 8 Seconds

============================================================================
73/78 Starting processing com.zynga.hititrich-1.apk ......
Getting apk info from https://play.google.com/store/apps/details?id=com.zynga.hititrich ......
Success to get info from Play Store
The lastest version of com.zynga.hititrich-1.apk is  1.2.1241  
Done processing com.zynga.hititrich-1.apk
Time Spent:   0 Days 0 Hours 3 Minutes 12 Seconds

============================================================================
74/78 Starting processing com.zynga.livepoker-1.apk ......
Getting apk info from https://play.google.com/store/apps/details?id=com.zynga.livepoker ......
Success to get info from Play Store
The lastest version of com.zynga.livepoker-1.apk is    Varies with device  
Done processing com.zynga.livepoker-1.apk
Time Spent:   0 Days 0 Hours 3 Minutes 16 Seconds

============================================================================
75/78 Starting processing jp.naver.line.android-1.apk ......
Getting apk info from https://play.google.com/store/apps/details?id=jp.naver.line.android ......
Success to get info from Play Store
The lastest version of jp.naver.line.android-1.apk is    Varies with device  
Done processing jp.naver.line.android-1.apk
Time Spent:   0 Days 0 Hours 3 Minutes 20 Seconds

============================================================================
76/78 Starting processing net.flixster.android-1.apk ......
Getting apk info from https://play.google.com/store/apps/details?id=net.flixster.android ......
Success to get info from Play Store
The lastest version of net.flixster.android-1.apk is    Varies with device  
Done processing net.flixster.android-1.apk
Time Spent:   0 Days 0 Hours 3 Minutes 24 Seconds

============================================================================
77/78 Starting processing net.zedge.android-1.apk ......
Getting apk info from https://play.google.com/store/apps/details?id=net.zedge.android ......
Success to get info from Play Store
The lastest version of net.zedge.android-1.apk is  4.3.1  
Done processing net.zedge.android-1.apk
Time Spent:   0 Days 0 Hours 3 Minutes 27 Seconds

============================================================================
78/78 Starting processing org.zwanoo.android.speedtest-1.apk ......
Getting apk info from https://play.google.com/store/apps/details?id=org.zwanoo.android.speedtest ......
Success to get info from Play Store
The lastest version of org.zwanoo.android.speedtest-1.apk is    Varies with device  
Done processing org.zwanoo.android.speedtest-1.apk
Time Spent:   0 Days 0 Hours 3 Minutes 30 Seconds

============================================================================


**************************************************************
All Done
Total Time:   0 Days 0 Hours 3 Minutes 30 Seconds
Result Location:               /srv/www/htdocs/CV2/app/admin/scan_apk_version//results/AppInfo_2014-08-09-15-26-32.csv
**************************************************************
