Start processing app in list /share/Git-Apk/Updated_list from /share/Git-Apk/All_Apk  ......

============================================================================
1/6 Starting processing com.animoca.google.starGirlValentine-1.apk ......
Getting apk info from https://play.google.com/store/apps/details?id=com.animoca.google.starGirlValentine ......
Success to get info from Play Store
The lastest version of com.animoca.google.starGirlValentine-1.apk is  3.3  
Done processing com.animoca.google.starGirlValentine-1.apk
Time Spent:   0 Days 0 Hours 0 Minutes 3 Seconds

============================================================================
2/6 Starting processing com.flaregames.gameofknights-1.apk ......
Getting apk info from https://play.google.com/store/apps/details?id=com.flaregames.gameofknights ......
Success to get info from Play Store
The lastest version of com.flaregames.gameofknights-1.apk is  1.3.0  
Done processing com.flaregames.gameofknights-1.apk
Time Spent:   0 Days 0 Hours 0 Minutes 4 Seconds

============================================================================
3/6 Starting processing com.fms.vgba-1.apk ......
Getting apk info from https://play.google.com/store/apps/details?id=com.fms.vgba ......
Success to get info from Play Store
The lastest version of com.fms.vgba-1.apk is  4.3.12  
Done processing com.fms.vgba-1.apk
Time Spent:   0 Days 0 Hours 0 Minutes 6 Seconds

============================================================================
4/6 Starting processing com.gamelion.slots-1.apk ......
Getting apk info from https://play.google.com/store/apps/details?id=com.gamelion.slots ......
Success to get info from Play Store
The lastest version of com.gamelion.slots-1.apk is  1.7.492  
Done processing com.gamelion.slots-1.apk
Time Spent:   0 Days 0 Hours 0 Minutes 7 Seconds

============================================================================
5/6 Starting processing com.runsome.candyswipe-1.apk ......
Getting apk info from https://play.google.com/store/apps/details?id=com.runsome.candyswipe ......
Success to get info from Play Store
The lastest version of com.runsome.candyswipe-1.apk is  2.15  
Done processing com.runsome.candyswipe-1.apk
Time Spent:   0 Days 0 Hours 0 Minutes 9 Seconds

============================================================================
6/6 Starting processing kr.aboy.tools-1.apk ......
Getting apk info from https://play.google.com/store/apps/details?id=kr.aboy.tools ......
Success to get info from Play Store
The lastest version of kr.aboy.tools-1.apk is  1.6.7a  
Done processing kr.aboy.tools-1.apk
Time Spent:   0 Days 0 Hours 0 Minutes 10 Seconds

============================================================================


**************************************************************
All Done
Total Time:   0 Days 0 Hours 0 Minutes 10 Seconds
Result Location:               /var/www/CV2/app/admin/scan_apk_version//results/AppInfo_2014-04-29-17-54-17.csv
**************************************************************
