Start processing app in list /home/Git-Apk/Updated_list from /home/Git-Apk/All_Apk  ......

============================================================================
1/10 Starting processing com.duowan.mobile-1.apk ......
Getting apk info from https://play.google.com/store/apps/details?id=com.duowan.mobile ......
Success to get info from Play Store
The lastest version of com.duowan.mobile-1.apk is  2.13.2  
Done processing com.duowan.mobile-1.apk
Time Spent:   0 Days 0 Hours 0 Minutes 3 Seconds

============================================================================
2/10 Starting processing com.emulator.fpse-1.apk ......
Getting apk info from https://play.google.com/store/apps/details?id=com.emulator.fpse ......
Success to get info from Play Store
The lastest version of com.emulator.fpse-1.apk is  0.11.135  
Done processing com.emulator.fpse-1.apk
Time Spent:   0 Days 0 Hours 0 Minutes 5 Seconds

============================================================================
3/10 Starting processing com.fone.player-1.apk ......
Getting apk info from https://play.google.com/store/apps/details?id=com.fone.player ......
Success to get info from Play Store
The lastest version of com.fone.player-1.apk is  3.5  
Done processing com.fone.player-1.apk
Time Spent:   0 Days 0 Hours 0 Minutes 8 Seconds

============================================================================
4/10 Starting processing com.good.android.gfe-1.apk ......
Getting apk info from https://play.google.com/store/apps/details?id=com.good.android.gfe ......
Success to get info from Play Store
The lastest version of com.good.android.gfe-1.apk is    Varies with device  
Done processing com.good.android.gfe-1.apk
Time Spent:   0 Days 0 Hours 0 Minutes 12 Seconds

============================================================================
5/10 Starting processing com.mxtech.videoplayer.ad-1.apk ......
Getting apk info from https://play.google.com/store/apps/details?id=com.mxtech.videoplayer.ad ......
Success to get info from Play Store
The lastest version of com.mxtech.videoplayer.ad-1.apk is    Varies with device  
Done processing com.mxtech.videoplayer.ad-1.apk
Time Spent:   0 Days 0 Hours 0 Minutes 15 Seconds

============================================================================
6/10 Starting processing com.qingzhi.weibocall-1.apk ......
Getting apk info from https://play.google.com/store/apps/details?id=com.qingzhi.weibocall ......
Success to get info from Play Store
The lastest version of com.qingzhi.weibocall-1.apk is  2.0.21  
Done processing com.qingzhi.weibocall-1.apk
Time Spent:   0 Days 0 Hours 0 Minutes 18 Seconds

============================================================================
7/10 Starting processing com.smile.gifmaker-1.apk ......
Getting apk info from https://play.google.com/store/apps/details?id=com.smile.gifmaker ......
Success to get info from Play Store
The lastest version of com.smile.gifmaker-1.apk is  3.93  
Done processing com.smile.gifmaker-1.apk
Time Spent:   0 Days 0 Hours 0 Minutes 22 Seconds

============================================================================
8/10 Starting processing com.tencent.Mtown-1.apk ......
Getting apk info from https://play.google.com/store/apps/details?id=com.tencent.Mtown ......
[ERROR] : Cannot find info of com.tencent.Mtown-1.apk on https://play.google.com/store/apps/details?id=com.tencent.Mtown !!!
Done processing com.tencent.Mtown-1.apk
Time Spent:   0 Days 0 Hours 0 Minutes 23 Seconds

============================================================================
9/10 Starting processing com.tencent.game.VXDGame-1.apk ......
Getting apk info from https://play.google.com/store/apps/details?id=com.tencent.game.VXDGame ......
Success to get info from Play Store
The lastest version of com.tencent.game.VXDGame-1.apk is  1.1.62.1  
Done processing com.tencent.game.VXDGame-1.apk
Time Spent:   0 Days 0 Hours 0 Minutes 26 Seconds

============================================================================
10/10 Starting processing com.tencent.mtt-1.apk ......
Getting apk info from https://play.google.com/store/apps/details?id=com.tencent.mtt ......
Success to get info from Play Store
The lastest version of com.tencent.mtt-1.apk is  5.2.1.880  
Done processing com.tencent.mtt-1.apk
Time Spent:   0 Days 0 Hours 0 Minutes 32 Seconds

============================================================================


**************************************************************
All Done
Total Time:   0 Days 0 Hours 0 Minutes 32 Seconds
Result Location:               /srv/www/htdocs/CV2/app/admin/scan_apk_version//results/AppInfo_2014-06-17-10-04-42.csv
**************************************************************
