Start processing app in list /home/Git-Apk/Updated_list from /home/Git-Apk/ECS  ......

============================================================================
1/5 Starting processing com.emulator.fpse-1.apk ......
Getting apk info from https://play.google.com/store/apps/details?id=com.emulator.fpse ......
Success to get info from Play Store
The lastest version of com.emulator.fpse-1.apk is  0.11.159  
Done processing com.emulator.fpse-1.apk
Time Spent:   0 Days 0 Hours 0 Minutes 1 Seconds

============================================================================
2/5 Starting processing com.intsig.camscanner-1.apk ......
Getting apk info from https://play.google.com/store/apps/details?id=com.intsig.camscanner ......
Success to get info from Play Store
The lastest version of com.intsig.camscanner-1.apk is    Varies with device  
Done processing com.intsig.camscanner-1.apk
Time Spent:   0 Days 0 Hours 0 Minutes 3 Seconds

============================================================================
3/5 Starting processing com.lookout-1.apk ......
Getting apk info from https://play.google.com/store/apps/details?id=com.lookout ......
Success to get info from Play Store
The lastest version of com.lookout-1.apk is    Varies with device  
Done processing com.lookout-1.apk
Time Spent:   0 Days 0 Hours 0 Minutes 5 Seconds

============================================================================
4/5 Starting processing com.rockstargames.gtasa-1.apk ......
Getting apk info from https://play.google.com/store/apps/details?id=com.rockstargames.gtasa ......
Success to get info from Play Store
The lastest version of com.rockstargames.gtasa-1.apk is  1.06  
Done processing com.rockstargames.gtasa-1.apk
Time Spent:   0 Days 0 Hours 0 Minutes 7 Seconds

============================================================================
5/5 Starting processing com.vividgames.realboxing-1.apk ......
Getting apk info from https://play.google.com/store/apps/details?id=com.vividgames.realboxing ......
Success to get info from Play Store
The lastest version of com.vividgames.realboxing-1.apk is    Varies with device  
Done processing com.vividgames.realboxing-1.apk
Time Spent:   0 Days 0 Hours 0 Minutes 8 Seconds

============================================================================


**************************************************************
All Done
Total Time:   0 Days 0 Hours 0 Minutes 8 Seconds
Result Location:               /home/Git-Apk/code_resource/script_hooks/scan_apk/scan_apk_version/results/AppInfo_2014-12-03-13-17-45.csv
**************************************************************
