Start processing app in list /home/Git-Apk/Updated_list from /home/Git-Apk/All_Apk  ......

============================================================================
1/29 Starting processing com.aceviral.angrygranrun-1.apk ......
Getting apk info from https://play.google.com/store/apps/details?id=com.aceviral.angrygranrun ......
Success to get info from Play Store
The lastest version of com.aceviral.angrygranrun-1.apk is  1.13.0  
Done processing com.aceviral.angrygranrun-1.apk
Time Spent:   0 Days 0 Hours 0 Minutes 2 Seconds

============================================================================
2/29 Starting processing com.asobimo.avabel_gp_b3-1.apk ......
Getting apk info from https://play.google.com/store/apps/details?id=com.asobimo.avabel_gp_b3 ......
Success to get info from Play Store
The lastest version of com.asobimo.avabel_gp_b3-1.apk is  3.5.9  
Done processing com.asobimo.avabel_gp_b3-1.apk
Time Spent:   0 Days 0 Hours 0 Minutes 4 Seconds

============================================================================
3/29 Starting processing com.bamnetworks.mobile.android.gameday.atbat-1.apk ......
Getting apk info from https://play.google.com/store/apps/details?id=com.bamnetworks.mobile.android.gameday.atbat ......
Success to get info from Play Store
The lastest version of com.bamnetworks.mobile.android.gameday.atbat-1.apk is    Varies with device  
Done processing com.bamnetworks.mobile.android.gameday.atbat-1.apk
Time Spent:   0 Days 0 Hours 0 Minutes 6 Seconds

============================================================================
4/29 Starting processing com.bezircle-1.apk ......
Getting apk info from https://play.google.com/store/apps/details?id=com.bezircle ......
Success to get info from Play Store
The lastest version of com.bezircle-1.apk is  1.2.2  
Done processing com.bezircle-1.apk
Time Spent:   0 Days 0 Hours 0 Minutes 7 Seconds

============================================================================
5/29 Starting processing com.bulkypix.supahtroop-1.apk ......
Getting apk info from https://play.google.com/store/apps/details?id=com.bulkypix.supahtroop ......
Success to get info from Play Store
The lastest version of com.bulkypix.supahtroop-1.apk is  1.6  
Done processing com.bulkypix.supahtroop-1.apk
Time Spent:   0 Days 0 Hours 0 Minutes 10 Seconds

============================================================================
6/29 Starting processing com.cootek.smartinputv5-1.apk ......
Getting apk info from https://play.google.com/store/apps/details?id=com.cootek.smartinputv5 ......
Success to get info from Play Store
The lastest version of com.cootek.smartinputv5-1.apk is    Varies with device  
Done processing com.cootek.smartinputv5-1.apk
Time Spent:   0 Days 0 Hours 0 Minutes 15 Seconds

============================================================================
7/29 Starting processing com.frogmind.badland-1.apk ......
Getting apk info from https://play.google.com/store/apps/details?id=com.frogmind.badland ......
Success to get info from Play Store
The lastest version of com.frogmind.badland-1.apk is    Varies with device  
Done processing com.frogmind.badland-1.apk
Time Spent:   0 Days 0 Hours 0 Minutes 18 Seconds

============================================================================
8/29 Starting processing com.gamegarden.fd-1.apk ......
Getting apk info from https://play.google.com/store/apps/details?id=com.gamegarden.fd ......
Success to get info from Play Store
The lastest version of com.gamegarden.fd-1.apk is  1.5.2  
Done processing com.gamegarden.fd-1.apk
Time Spent:   0 Days 0 Hours 0 Minutes 20 Seconds

============================================================================
9/29 Starting processing com.gamevil.kritikamobile.android.google.global.normal-1.apk ......
Getting apk info from https://play.google.com/store/apps/details?id=com.gamevil.kritikamobile.android.google.global.normal ......
Success to get info from Play Store
The lastest version of com.gamevil.kritikamobile.android.google.global.normal-1.apk is  2.6.7  
Done processing com.gamevil.kritikamobile.android.google.global.normal-1.apk
Time Spent:   0 Days 0 Hours 0 Minutes 23 Seconds

============================================================================
10/29 Starting processing com.gamevil.monster.global-1.apk ......
Getting apk info from https://play.google.com/store/apps/details?id=com.gamevil.monster.global ......
Success to get info from Play Store
The lastest version of com.gamevil.monster.global-1.apk is  1.3.5  
Done processing com.gamevil.monster.global-1.apk
Time Spent:   0 Days 0 Hours 0 Minutes 26 Seconds

============================================================================
11/29 Starting processing com.google.android.apps.docs-1.apk ......
Getting apk info from https://play.google.com/store/apps/details?id=com.google.android.apps.docs ......
Success to get info from Play Store
The lastest version of com.google.android.apps.docs-1.apk is    Varies with device  
Done processing com.google.android.apps.docs-1.apk
Time Spent:   0 Days 0 Hours 0 Minutes 29 Seconds

============================================================================
12/29 Starting processing com.google.android.apps.plus-1.apk ......
Getting apk info from https://play.google.com/store/apps/details?id=com.google.android.apps.plus ......
Success to get info from Play Store
The lastest version of com.google.android.apps.plus-1.apk is    Varies with device  
Done processing com.google.android.apps.plus-1.apk
Time Spent:   0 Days 0 Hours 0 Minutes 33 Seconds

============================================================================
13/29 Starting processing com.google.android.talk-1.apk ......
Getting apk info from https://play.google.com/store/apps/details?id=com.google.android.talk ......
Success to get info from Play Store
The lastest version of com.google.android.talk-1.apk is    Varies with device  
Done processing com.google.android.talk-1.apk
Time Spent:   0 Days 0 Hours 0 Minutes 36 Seconds

============================================================================
14/29 Starting processing com.google.android.videos-1.apk ......
Getting apk info from https://play.google.com/store/apps/details?id=com.google.android.videos ......
Success to get info from Play Store
The lastest version of com.google.android.videos-1.apk is    Varies with device  
Done processing com.google.android.videos-1.apk
Time Spent:   0 Days 0 Hours 0 Minutes 40 Seconds

============================================================================
15/29 Starting processing com.google.android.youtube-1.apk ......
Getting apk info from https://play.google.com/store/apps/details?id=com.google.android.youtube ......
Success to get info from Play Store
The lastest version of com.google.android.youtube-1.apk is    Varies with device  
Done processing com.google.android.youtube-1.apk
Time Spent:   0 Days 0 Hours 0 Minutes 43 Seconds

============================================================================
16/29 Starting processing com.igg.android.im-1.apk ......
Getting apk info from https://play.google.com/store/apps/details?id=com.igg.android.im ......
Success to get info from Play Store
The lastest version of com.igg.android.im-1.apk is  1.1.17  
Done processing com.igg.android.im-1.apk
Time Spent:   0 Days 0 Hours 0 Minutes 46 Seconds

============================================================================
17/29 Starting processing com.igg.bravetrials-1.apk ......
Getting apk info from https://play.google.com/store/apps/details?id=com.igg.bravetrials ......
Success to get info from Play Store
The lastest version of com.igg.bravetrials-1.apk is  1.2.1  
Done processing com.igg.bravetrials-1.apk
Time Spent:   0 Days 0 Hours 0 Minutes 49 Seconds

============================================================================
18/29 Starting processing com.microsoft.xboxmusic-1.apk ......
Getting apk info from https://play.google.com/store/apps/details?id=com.microsoft.xboxmusic ......
Success to get info from Play Store
The lastest version of com.microsoft.xboxmusic-1.apk is  2.0.40929  
Done processing com.microsoft.xboxmusic-1.apk
Time Spent:   0 Days 0 Hours 0 Minutes 52 Seconds

============================================================================
19/29 Starting processing com.mobage.ww.a1575.Motor_World_Car_Factory_Android-1.apk ......
Getting apk info from https://play.google.com/store/apps/details?id=com.mobage.ww.a1575.Motor_World_Car_Factory_Android ......
Success to get info from Play Store
The lastest version of com.mobage.ww.a1575.Motor_World_Car_Factory_Android-1.apk is  1.555  
Done processing com.mobage.ww.a1575.Motor_World_Car_Factory_Android-1.apk
Time Spent:   0 Days 0 Hours 0 Minutes 56 Seconds

============================================================================
20/29 Starting processing com.playrisedigital.ttr-1.apk ......
Getting apk info from https://play.google.com/store/apps/details?id=com.playrisedigital.ttr ......
Success to get info from Play Store
The lastest version of com.playrisedigital.ttr-1.apk is  1.0.19  
Done processing com.playrisedigital.ttr-1.apk
Time Spent:   0 Days 0 Hours 0 Minutes 58 Seconds

============================================================================
21/29 Starting processing com.sega.cityrush-1.apk ......
Getting apk info from https://play.google.com/store/apps/details?id=com.sega.cityrush ......
Success to get info from Play Store
The lastest version of com.sega.cityrush-1.apk is  1.3.0  
Done processing com.sega.cityrush-1.apk
Time Spent:   0 Days 0 Hours 1 Minutes 1 Seconds

============================================================================
22/29 Starting processing com.smile.gifmaker-1.apk ......
Getting apk info from https://play.google.com/store/apps/details?id=com.smile.gifmaker ......
Success to get info from Play Store
The lastest version of com.smile.gifmaker-1.apk is  4.05  
Done processing com.smile.gifmaker-1.apk
Time Spent:   0 Days 0 Hours 1 Minutes 4 Seconds

============================================================================
23/29 Starting processing com.spaceapegames.samuraisiege-1.apk ......
Getting apk info from https://play.google.com/store/apps/details?id=com.spaceapegames.samuraisiege ......
Success to get info from Play Store
The lastest version of com.spaceapegames.samuraisiege-1.apk is    Varies with device  
Done processing com.spaceapegames.samuraisiege-1.apk
Time Spent:   0 Days 0 Hours 1 Minutes 7 Seconds

============================================================================
24/29 Starting processing com.sparklingsociety.cityisland2-1.apk ......
Getting apk info from https://play.google.com/store/apps/details?id=com.sparklingsociety.cityisland2 ......
Success to get info from Play Store
The lastest version of com.sparklingsociety.cityisland2-1.apk is  2.0.21  
Done processing com.sparklingsociety.cityisland2-1.apk
Time Spent:   0 Days 0 Hours 1 Minutes 10 Seconds

============================================================================
25/29 Starting processing com.tatem.dinhunterhd-1.apk ......
Getting apk info from https://play.google.com/store/apps/details?id=com.tatem.dinhunterhd ......
Success to get info from Play Store
The lastest version of com.tatem.dinhunterhd-1.apk is  1.5.3  
Done processing com.tatem.dinhunterhd-1.apk
Time Spent:   0 Days 0 Hours 1 Minutes 13 Seconds

============================================================================
26/29 Starting processing com.tencent.mobileqq-1.apk ......
Getting apk info from https://play.google.com/store/apps/details?id=com.tencent.mobileqq ......
Success to get info from Play Store
The lastest version of com.tencent.mobileqq-1.apk is  5.1.1  
Done processing com.tencent.mobileqq-1.apk
Time Spent:   0 Days 0 Hours 1 Minutes 16 Seconds

============================================================================
27/29 Starting processing com.theonegames.gunshipbattle-1.apk ......
Getting apk info from https://play.google.com/store/apps/details?id=com.theonegames.gunshipbattle ......
Success to get info from Play Store
The lastest version of com.theonegames.gunshipbattle-1.apk is  1.2.3  
Done processing com.theonegames.gunshipbattle-1.apk
Time Spent:   0 Days 0 Hours 1 Minutes 19 Seconds

============================================================================
28/29 Starting processing com.vividgames.realboxing-1.apk ......
Getting apk info from https://play.google.com/store/apps/details?id=com.vividgames.realboxing ......
Success to get info from Play Store
The lastest version of com.vividgames.realboxing-1.apk is    Varies with device  
Done processing com.vividgames.realboxing-1.apk
Time Spent:   0 Days 0 Hours 1 Minutes 22 Seconds

============================================================================
29/29 Starting processing com.wegoi.revolt2multiplayer-1.apk ......
Getting apk info from https://play.google.com/store/apps/details?id=com.wegoi.revolt2multiplayer ......
Success to get info from Play Store
The lastest version of com.wegoi.revolt2multiplayer-1.apk is  1.2.1  
Done processing com.wegoi.revolt2multiplayer-1.apk
Time Spent:   0 Days 0 Hours 1 Minutes 25 Seconds

============================================================================


**************************************************************
All Done
Total Time:   0 Days 0 Hours 1 Minutes 25 Seconds
Result Location:               /home/Git-Apk/code_resource/script_hooks/scan_apk/scan_apk_version/results/AppInfo_2014-11-11-16-21-39.csv
**************************************************************
