Start processing app in list /home/Git-Apk/Updated_list from /home/Git-Apk/All_Apk  ......

============================================================================
1/3 Starting processing com.mydream.wifi-1.apk ......
Getting apk info from https://play.google.com/store/apps/details?id=com.mydream.wifi ......
Success to get info from Play Store
The lastest version of com.mydream.wifi-1.apk is  2.0.3  
Done processing com.mydream.wifi-1.apk
Time Spent:   0 Days 0 Hours 0 Minutes 7 Seconds

============================================================================
2/3 Starting processing com.neowizinternet.game.technikaq_g_a-1.apk ......
Getting apk info from https://play.google.com/store/apps/details?id=com.neowizinternet.game.technikaq_g_a ......
Success to get info from Play Store
The lastest version of com.neowizinternet.game.technikaq_g_a-1.apk is  1.0.1  
Done processing com.neowizinternet.game.technikaq_g_a-1.apk
Time Spent:   0 Days 0 Hours 0 Minutes 9 Seconds

============================================================================
3/3 Starting processing com.pplive.androidphone-1.apk ......
Getting apk info from https://play.google.com/store/apps/details?id=com.pplive.androidphone ......
Success to get info from Play Store
The lastest version of com.pplive.androidphone-1.apk is  3.7.2  
Done processing com.pplive.androidphone-1.apk
Time Spent:   0 Days 0 Hours 0 Minutes 11 Seconds

============================================================================


**************************************************************
All Done
Total Time:   0 Days 0 Hours 0 Minutes 11 Seconds
Result Location:               /srv/www/htdocs/CV2/app/admin/scan_apk_version//results/AppInfo_2014-05-28-11-29-32.csv
**************************************************************
