Start processing app in list /home/Git-Apk/Updated_list from /home/Git-Apk/All_Apk  ......

============================================================================
1/2 Starting processing com.backflipstudios.android.dragonvale-1.apk ......
Getting apk info from https://play.google.com/store/apps/details?id=com.backflipstudios.android.dragonvale ......
Success to get info from Play Store
The lastest version of com.backflipstudios.android.dragonvale-1.apk is  2.4.2  
Done processing com.backflipstudios.android.dragonvale-1.apk
Time Spent:   0 Days 0 Hours 0 Minutes 3 Seconds

============================================================================
2/2 Starting processing com.tap4fun.kings_empire-1.apk ......
Getting apk info from https://play.google.com/store/apps/details?id=com.tap4fun.kings_empire ......
Success to get info from Play Store
The lastest version of com.tap4fun.kings_empire-1.apk is  1.8.3  
Done processing com.tap4fun.kings_empire-1.apk
Time Spent:   0 Days 0 Hours 0 Minutes 4 Seconds

============================================================================


**************************************************************
All Done
Total Time:   0 Days 0 Hours 0 Minutes 4 Seconds
Result Location:               /srv/www/htdocs/CV2/app/admin/scan_apk_version//results/AppInfo_2014-08-04-13-31-15.csv
**************************************************************
