Start processing app in list /share/Git-Apk/Updated_list from /share/Git-Apk/All_Apk  ......

============================================================================
1/4 Starting processing com.google.android.youtube-1.apk ......
Getting apk info from https://play.google.com/store/apps/details?id=com.google.android.youtube ......
Success to get info from Play Store
The lastest version of com.google.android.youtube-1.apk is    Varies with device  
Done processing com.google.android.youtube-1.apk
Time Spent:   0 Days 0 Hours 0 Minutes 2 Seconds

============================================================================
2/4 Starting processing com.ninjakiwi.bloonstd5-1.apk ......
Getting apk info from https://play.google.com/store/apps/details?id=com.ninjakiwi.bloonstd5 ......
Success to get info from Play Store
The lastest version of com.ninjakiwi.bloonstd5-1.apk is  2.8  
Done processing com.ninjakiwi.bloonstd5-1.apk
Time Spent:   0 Days 0 Hours 0 Minutes 3 Seconds

============================================================================
3/4 Starting processing com.sonypicturestelevision.wheeloffortune30-1.apk ......
Getting apk info from https://play.google.com/store/apps/details?id=com.sonypicturestelevision.wheeloffortune30 ......
Success to get info from Play Store
The lastest version of com.sonypicturestelevision.wheeloffortune30-1.apk is  1.3.3  
Done processing com.sonypicturestelevision.wheeloffortune30-1.apk
Time Spent:   0 Days 0 Hours 0 Minutes 5 Seconds

============================================================================
4/4 Starting processing slide.cameraZoom-1.apk ......
Getting apk info from https://play.google.com/store/apps/details?id=slide.cameraZoom ......
Success to get info from Play Store
The lastest version of slide.cameraZoom-1.apk is  5.0.8  
Done processing slide.cameraZoom-1.apk
Time Spent:   0 Days 0 Hours 0 Minutes 6 Seconds

============================================================================


**************************************************************
All Done
Total Time:   0 Days 0 Hours 0 Minutes 6 Seconds
Result Location:               /var/www/CV2/app/admin/scan_apk_version//results/AppInfo_2014-04-28-16-56-25.csv
**************************************************************
