Start processing app in list /home/Git-Apk/Updated_list from /home/Git-Apk/All_Apk  ......

============================================================================
1/2 Starting processing com.gameloft.android.ANMP.GloftGGHM-1.apk ......
Getting apk info from https://play.google.com/store/apps/details?id=com.gameloft.android.ANMP.GloftGGHM ......
Success to get info from Play Store
The lastest version of com.gameloft.android.ANMP.GloftGGHM-1.apk is  1.5.0n  
Done processing com.gameloft.android.ANMP.GloftGGHM-1.apk
Time Spent:   0 Days 0 Hours 0 Minutes 9 Seconds

============================================================================
2/2 Starting processing com.mtvn.sbmigoogleplay-1.apk ......
Getting apk info from https://play.google.com/store/apps/details?id=com.mtvn.sbmigoogleplay ......
Success to get info from Play Store
The lastest version of com.mtvn.sbmigoogleplay-1.apk is  4.10.00  
Done processing com.mtvn.sbmigoogleplay-1.apk
Time Spent:   0 Days 0 Hours 0 Minutes 17 Seconds

============================================================================


**************************************************************
All Done
Total Time:   0 Days 0 Hours 0 Minutes 17 Seconds
Result Location:               /srv/www/htdocs/CV2/app/admin/scan_apk_version//results/AppInfo_2014-07-16-07-06-02.csv
**************************************************************
