Start processing app in list /home/Git-Apk/Updated_list from /home/Git-Apk/All_Apk  ......

============================================================================
1/2 Starting processing com.sohu.sohuvideo-1.apk ......
Getting apk info from https://play.google.com/store/apps/details?id=com.sohu.sohuvideo ......
Success to get info from Play Store
The lastest version of com.sohu.sohuvideo-1.apk is  4.3.1  
Done processing com.sohu.sohuvideo-1.apk
Time Spent:   0 Days 0 Hours 0 Minutes 3 Seconds

============================================================================
2/2 Starting processing com.sohu.tv-1.apk ......
Getting apk info from https://play.google.com/store/apps/details?id=com.sohu.tv ......
Success to get info from Play Store
The lastest version of com.sohu.tv-1.apk is  3.4.0  
Done processing com.sohu.tv-1.apk
Time Spent:   0 Days 0 Hours 0 Minutes 5 Seconds

============================================================================


**************************************************************
All Done
Total Time:   0 Days 0 Hours 0 Minutes 5 Seconds
Result Location:               /srv/www/htdocs/CV2/app/admin/scan_apk_version//results/AppInfo_2014-07-18-14-04-33.csv
**************************************************************
