Start processing app in list /home/Git-Apk/Updated_list from /home/Git-Apk/All_Apk  ......

============================================================================
1/3 Starting processing com.tencent.king.candycrushsaga-1.apk ......
Getting apk info from https://play.google.com/store/apps/details?id=com.tencent.king.candycrushsaga ......
[ERROR] : Cannot find info of com.tencent.king.candycrushsaga-1.apk on https://play.google.com/store/apps/details?id=com.tencent.king.candycrushsaga !!!
Done processing com.tencent.king.candycrushsaga-1.apk
Time Spent:   0 Days 0 Hours 0 Minutes 1 Seconds

============================================================================
2/3 Starting processing com.tencent.qqgame.qqTexaswvga-1.apk ......
Getting apk info from https://play.google.com/store/apps/details?id=com.tencent.qqgame.qqTexaswvga ......
Success to get info from Play Store
The lastest version of com.tencent.qqgame.qqTexaswvga-1.apk is  v3.1  
Done processing com.tencent.qqgame.qqTexaswvga-1.apk
Time Spent:   0 Days 0 Hours 0 Minutes 3 Seconds

============================================================================
3/3 Starting processing com.tencent.tmgp.zhanxian-1.apk ......
Getting apk info from https://play.google.com/store/apps/details?id=com.tencent.tmgp.zhanxian ......
[ERROR] : Cannot find info of com.tencent.tmgp.zhanxian-1.apk on https://play.google.com/store/apps/details?id=com.tencent.tmgp.zhanxian !!!
Done processing com.tencent.tmgp.zhanxian-1.apk
Time Spent:   0 Days 0 Hours 0 Minutes 5 Seconds

============================================================================


**************************************************************
All Done
Total Time:   0 Days 0 Hours 0 Minutes 5 Seconds
Result Location:               /home/Git-Apk/code_resource/script_hooks/scan_apk/scan_apk_version/results/AppInfo_2014-12-09-13-49-42.csv
**************************************************************
