Start processing app in list /home/Git-Apk/Updated_list from /home/Git-Apk/All_Apk  ......

============================================================================
1/4 Starting processing air.com.distractionware.vvvvvvmobile-1.apk ......
Getting apk info from https://play.google.com/store/apps/details?id=air.com.distractionware.vvvvvvmobile ......
Success to get info from Play Store
The lastest version of air.com.distractionware.vvvvvvmobile-1.apk is  1.0  
Done processing air.com.distractionware.vvvvvvmobile-1.apk
Time Spent:   0 Days 0 Hours 0 Minutes 3 Seconds

============================================================================
2/4 Starting processing air.com.oranginalplan.weaphonesvol2-1.apk ......
Getting apk info from https://play.google.com/store/apps/details?id=air.com.oranginalplan.weaphonesvol2 ......
Success to get info from Play Store
The lastest version of air.com.oranginalplan.weaphonesvol2-1.apk is  1.2.0  
Done processing air.com.oranginalplan.weaphonesvol2-1.apk
Time Spent:   0 Days 0 Hours 0 Minutes 6 Seconds

============================================================================
3/4 Starting processing air.zoi.ponycreator-1.apk ......
Getting apk info from https://play.google.com/store/apps/details?id=air.zoi.ponycreator ......
Success to get info from Play Store
The lastest version of air.zoi.ponycreator-1.apk is  1.0.5  
Done processing air.zoi.ponycreator-1.apk
Time Spent:   0 Days 0 Hours 0 Minutes 8 Seconds

============================================================================
4/4 Starting processing com.chickadeegames.notoriousinc-1.apk ......
Getting apk info from https://play.google.com/store/apps/details?id=com.chickadeegames.notoriousinc ......
Success to get info from Play Store
The lastest version of com.chickadeegames.notoriousinc-1.apk is  1.01  
Done processing com.chickadeegames.notoriousinc-1.apk
Time Spent:   0 Days 0 Hours 0 Minutes 11 Seconds

============================================================================


**************************************************************
All Done
Total Time:   0 Days 0 Hours 0 Minutes 11 Seconds
Result Location:               /srv/www/htdocs/CV2/app/admin/scan_apk_version//results/AppInfo_2014-07-29-16-36-41.csv
**************************************************************
