Start processing app in list /share/Git-Apk/Updated_list from /share/Git-Apk/All_Apk  ......

============================================================================
1/63 Starting processing air.com.bitrhymes.bingo-1.apk ......
Getting apk info from https://play.google.com/store/apps/details?id=air.com.bitrhymes.bingo ......
Success to get info from Play Store
The lastest version of air.com.bitrhymes.bingo-1.apk is    Varies with device  
Done processing air.com.bitrhymes.bingo-1.apk
Time Spent:   0 Days 0 Hours 0 Minutes 3 Seconds

============================================================================
2/63 Starting processing air.com.freshplanet.games.WaM-1.apk ......
Getting apk info from https://play.google.com/store/apps/details?id=air.com.freshplanet.games.WaM ......
Success to get info from Play Store
The lastest version of air.com.freshplanet.games.WaM-1.apk is  1.15.0  
Done processing air.com.freshplanet.games.WaM-1.apk
Time Spent:   0 Days 0 Hours 0 Minutes 4 Seconds

============================================================================
3/63 Starting processing air.com.idlegaming.slots-1.apk ......
Getting apk info from https://play.google.com/store/apps/details?id=air.com.idlegaming.slots ......
Success to get info from Play Store
The lastest version of air.com.idlegaming.slots-1.apk is  1.19.6  
Done processing air.com.idlegaming.slots-1.apk
Time Spent:   0 Days 0 Hours 0 Minutes 5 Seconds

============================================================================
4/63 Starting processing air.com.tedven.youmustescape-1.apk ......
Getting apk info from https://play.google.com/store/apps/details?id=air.com.tedven.youmustescape ......
Success to get info from Play Store
The lastest version of air.com.tedven.youmustescape-1.apk is  1.1.3  
Done processing air.com.tedven.youmustescape-1.apk
Time Spent:   0 Days 0 Hours 0 Minutes 7 Seconds

============================================================================
5/63 Starting processing ata.squid.meego-1.apk ......
Getting apk info from https://play.google.com/store/apps/details?id=ata.squid.meego ......
Success to get info from Play Store
The lastest version of ata.squid.meego-1.apk is  1.32  
Done processing ata.squid.meego-1.apk
Time Spent:   0 Days 0 Hours 0 Minutes 9 Seconds

============================================================================
6/63 Starting processing com.D9.hero.zqgame.en.andriodgpnew-1.apk ......
Getting apk info from https://play.google.com/store/apps/details?id=com.D9.hero.zqgame.en.andriodgpnew ......
Success to get info from Play Store
The lastest version of com.D9.hero.zqgame.en.andriodgpnew-1.apk is  1.6.2  
Done processing com.D9.hero.zqgame.en.andriodgpnew-1.apk
Time Spent:   0 Days 0 Hours 0 Minutes 10 Seconds

============================================================================
7/63 Starting processing com.ScnStudios.PoliceCarDriver3D-1.apk ......
Getting apk info from https://play.google.com/store/apps/details?id=com.ScnStudios.PoliceCarDriver3D ......
Success to get info from Play Store
The lastest version of com.ScnStudios.PoliceCarDriver3D-1.apk is  1.0.2  
Done processing com.ScnStudios.PoliceCarDriver3D-1.apk
Time Spent:   0 Days 0 Hours 0 Minutes 12 Seconds

============================================================================
8/63 Starting processing com.Ugamehome.StillandWarHD-1.apk ......
Getting apk info from https://play.google.com/store/apps/details?id=com.Ugamehome.StillandWarHD ......
Success to get info from Play Store
The lastest version of com.Ugamehome.StillandWarHD-1.apk is  1.6.0  
Done processing com.Ugamehome.StillandWarHD-1.apk
Time Spent:   0 Days 0 Hours 0 Minutes 15 Seconds

============================================================================
9/63 Starting processing com.abc.zombie-1.apk ......
Getting apk info from https://play.google.com/store/apps/details?id=com.abc.zombie ......
Success to get info from Play Store
The lastest version of com.abc.zombie-1.apk is  1.2  
Done processing com.abc.zombie-1.apk
Time Spent:   0 Days 0 Hours 0 Minutes 17 Seconds

============================================================================
10/63 Starting processing com.adobe.air-1.apk ......
Getting apk info from https://play.google.com/store/apps/details?id=com.adobe.air ......
Success to get info from Play Store
The lastest version of com.adobe.air-1.apk is  13.0.0.83  
Done processing com.adobe.air-1.apk
Time Spent:   0 Days 0 Hours 0 Minutes 19 Seconds

============================================================================
11/63 Starting processing com.akpublish.Gunspell-1.apk ......
Getting apk info from https://play.google.com/store/apps/details?id=com.akpublish.Gunspell ......
Success to get info from Play Store
The lastest version of com.akpublish.Gunspell-1.apk is  1.1.24  
Done processing com.akpublish.Gunspell-1.apk
Time Spent:   0 Days 0 Hours 0 Minutes 20 Seconds

============================================================================
12/63 Starting processing com.and.games505.battleislands-1.apk ......
Getting apk info from https://play.google.com/store/apps/details?id=com.and.games505.battleislands ......
Success to get info from Play Store
The lastest version of com.and.games505.battleislands-1.apk is  1.3.2  
Done processing com.and.games505.battleislands-1.apk
Time Spent:   0 Days 0 Hours 0 Minutes 22 Seconds

============================================================================
13/63 Starting processing com.animoca.google.starGirlSpring-1.apk ......
Getting apk info from https://play.google.com/store/apps/details?id=com.animoca.google.starGirlSpring ......
Success to get info from Play Store
The lastest version of com.animoca.google.starGirlSpring-1.apk is  3.3.1  
Done processing com.animoca.google.starGirlSpring-1.apk
Time Spent:   0 Days 0 Hours 0 Minutes 24 Seconds

============================================================================
14/63 Starting processing com.backflipstudios.android.dragonvale-1.apk ......
Getting apk info from https://play.google.com/store/apps/details?id=com.backflipstudios.android.dragonvale ......
Success to get info from Play Store
The lastest version of com.backflipstudios.android.dragonvale-1.apk is  2.2.5  
Done processing com.backflipstudios.android.dragonvale-1.apk
Time Spent:   0 Days 0 Hours 0 Minutes 26 Seconds

============================================================================
15/63 Starting processing com.cheerfulinc.flipagram-1.apk ......
Getting apk info from https://play.google.com/store/apps/details?id=com.cheerfulinc.flipagram ......
Success to get info from Play Store
The lastest version of com.cheerfulinc.flipagram-1.apk is  2.1  
Done processing com.cheerfulinc.flipagram-1.apk
Time Spent:   0 Days 0 Hours 0 Minutes 27 Seconds

============================================================================
16/63 Starting processing com.com2us.acefishing.normal.freefull.google.global.android.common-1.apk ......
Getting apk info from https://play.google.com/store/apps/details?id=com.com2us.acefishing.normal.freefull.google.global.android.common ......
Success to get info from Play Store
The lastest version of com.com2us.acefishing.normal.freefull.google.global.android.common-1.apk is  1.0.8  
Done processing com.com2us.acefishing.normal.freefull.google.global.android.common-1.apk
Time Spent:   0 Days 0 Hours 0 Minutes 29 Seconds

============================================================================
17/63 Starting processing com.com2us.nipb2013.normal.freefull.google.global.android.common-1.apk ......
Getting apk info from https://play.google.com/store/apps/details?id=com.com2us.nipb2013.normal.freefull.google.global.android.common ......
Success to get info from Play Store
The lastest version of com.com2us.nipb2013.normal.freefull.google.global.android.common-1.apk is  4.0.0  
Done processing com.com2us.nipb2013.normal.freefull.google.global.android.common-1.apk
Time Spent:   0 Days 0 Hours 0 Minutes 30 Seconds

============================================================================
18/63 Starting processing com.degoo.android.xdoctor-1.apk ......
Getting apk info from https://play.google.com/store/apps/details?id=com.degoo.android.xdoctor ......
Success to get info from Play Store
The lastest version of com.degoo.android.xdoctor-1.apk is  1.0.4  
Done processing com.degoo.android.xdoctor-1.apk
Time Spent:   0 Days 0 Hours 0 Minutes 32 Seconds

============================================================================
19/63 Starting processing com.djinnworks.StickmanImpossibleRun-1.apk ......
Getting apk info from https://play.google.com/store/apps/details?id=com.djinnworks.StickmanImpossibleRun ......
Success to get info from Play Store
The lastest version of com.djinnworks.StickmanImpossibleRun-1.apk is  1.0  
Done processing com.djinnworks.StickmanImpossibleRun-1.apk
Time Spent:   0 Days 0 Hours 0 Minutes 33 Seconds

============================================================================
20/63 Starting processing com.dworks.candypop_new-1.apk ......
Getting apk info from https://play.google.com/store/apps/details?id=com.dworks.candypop_new ......
Success to get info from Play Store
The lastest version of com.dworks.candypop_new-1.apk is  1.0.0  
Done processing com.dworks.candypop_new-1.apk
Time Spent:   0 Days 0 Hours 0 Minutes 35 Seconds

============================================================================
21/63 Starting processing com.feelingtouch.dipan.slggameglobal-1.apk ......
Getting apk info from https://play.google.com/store/apps/details?id=com.feelingtouch.dipan.slggameglobal ......
Success to get info from Play Store
The lastest version of com.feelingtouch.dipan.slggameglobal-1.apk is  1.03  
Done processing com.feelingtouch.dipan.slggameglobal-1.apk
Time Spent:   0 Days 0 Hours 0 Minutes 37 Seconds

============================================================================
22/63 Starting processing com.firerabbit.android.game.customcar.lite-1.apk ......
Getting apk info from https://play.google.com/store/apps/details?id=com.firerabbit.android.game.customcar.lite ......
Success to get info from Play Store
The lastest version of com.firerabbit.android.game.customcar.lite-1.apk is  1.0  
Done processing com.firerabbit.android.game.customcar.lite-1.apk
Time Spent:   0 Days 0 Hours 0 Minutes 38 Seconds

============================================================================
23/63 Starting processing com.foxfi-1.apk ......
Getting apk info from https://play.google.com/store/apps/details?id=com.foxfi ......
Success to get info from Play Store
The lastest version of com.foxfi-1.apk is  2.16  
Done processing com.foxfi-1.apk
Time Spent:   0 Days 0 Hours 0 Minutes 40 Seconds

============================================================================
24/63 Starting processing com.freshgames.cubis-1.apk ......
Getting apk info from https://play.google.com/store/apps/details?id=com.freshgames.cubis ......
Success to get info from Play Store
The lastest version of com.freshgames.cubis-1.apk is  1.0.6  
Done processing com.freshgames.cubis-1.apk
Time Spent:   0 Days 0 Hours 0 Minutes 41 Seconds

============================================================================
25/63 Starting processing com.gameforfun.jewels-1.apk ......
Getting apk info from https://play.google.com/store/apps/details?id=com.gameforfun.jewels ......
Success to get info from Play Store
The lastest version of com.gameforfun.jewels-1.apk is  1.0.1  
Done processing com.gameforfun.jewels-1.apk
Time Spent:   0 Days 0 Hours 0 Minutes 43 Seconds

============================================================================
26/63 Starting processing com.gamegarden.fk-1.apk ......
Getting apk info from https://play.google.com/store/apps/details?id=com.gamegarden.fk ......
Success to get info from Play Store
The lastest version of com.gamegarden.fk-1.apk is  1.2.4  
Done processing com.gamegarden.fk-1.apk
Time Spent:   0 Days 0 Hours 0 Minutes 44 Seconds

============================================================================
27/63 Starting processing com.gamenauts.ninjafishingfull-1.apk ......
Getting apk info from https://play.google.com/store/apps/details?id=com.gamenauts.ninjafishingfull ......
Success to get info from Play Store
The lastest version of com.gamenauts.ninjafishingfull-1.apk is  1.7.2  
Done processing com.gamenauts.ninjafishingfull-1.apk
Time Spent:   0 Days 0 Hours 0 Minutes 46 Seconds

============================================================================
28/63 Starting processing com.gameoo.goon-1.apk ......
Getting apk info from https://play.google.com/store/apps/details?id=com.gameoo.goon ......
Success to get info from Play Store
The lastest version of com.gameoo.goon-1.apk is  1.0.2  
Done processing com.gameoo.goon-1.apk
Time Spent:   0 Days 0 Hours 0 Minutes 47 Seconds

============================================================================
29/63 Starting processing com.ghunting.FishingHunter-1.apk ......
Getting apk info from https://play.google.com/store/apps/details?id=com.ghunting.FishingHunter ......
Success to get info from Play Store
The lastest version of com.ghunting.FishingHunter-1.apk is  4.125  
Done processing com.ghunting.FishingHunter-1.apk
Time Spent:   0 Days 0 Hours 0 Minutes 49 Seconds

============================================================================
30/63 Starting processing com.godzilab.happystreet-1.apk ......
Getting apk info from https://play.google.com/store/apps/details?id=com.godzilab.happystreet ......
Success to get info from Play Store
The lastest version of com.godzilab.happystreet-1.apk is  2.4.001  
Done processing com.godzilab.happystreet-1.apk
Time Spent:   0 Days 0 Hours 0 Minutes 50 Seconds

============================================================================
31/63 Starting processing com.google.chromeremotedesktop-1.apk ......
Getting apk info from https://play.google.com/store/apps/details?id=com.google.chromeremotedesktop ......
Success to get info from Play Store
The lastest version of com.google.chromeremotedesktop-1.apk is  35.0.1916.37  
Done processing com.google.chromeremotedesktop-1.apk
Time Spent:   0 Days 0 Hours 0 Minutes 52 Seconds

============================================================================
32/63 Starting processing com.igs.slotsparadise-1.apk ......
Getting apk info from https://play.google.com/store/apps/details?id=com.igs.slotsparadise ......
Success to get info from Play Store
The lastest version of com.igs.slotsparadise-1.apk is  1.2.9  
Done processing com.igs.slotsparadise-1.apk
Time Spent:   0 Days 0 Hours 0 Minutes 53 Seconds

============================================================================
33/63 Starting processing com.king.petrescuesaga-1.apk ......
Getting apk info from https://play.google.com/store/apps/details?id=com.king.petrescuesaga ......
Success to get info from Play Store
The lastest version of com.king.petrescuesaga-1.apk is  1.17.8  
Done processing com.king.petrescuesaga-1.apk
Time Spent:   0 Days 0 Hours 0 Minutes 55 Seconds

============================================================================
34/63 Starting processing com.ldw.virtualvillagers-1.apk ......
Getting apk info from https://play.google.com/store/apps/details?id=com.ldw.virtualvillagers ......
Success to get info from Play Store
The lastest version of com.ldw.virtualvillagers-1.apk is  1.4  
Done processing com.ldw.virtualvillagers-1.apk
Time Spent:   0 Days 0 Hours 0 Minutes 56 Seconds

============================================================================
35/63 Starting processing com.lego.juniors.quest-1.apk ......
Getting apk info from https://play.google.com/store/apps/details?id=com.lego.juniors.quest ......
Success to get info from Play Store
The lastest version of com.lego.juniors.quest-1.apk is  1.0.0  
Done processing com.lego.juniors.quest-1.apk
Time Spent:   0 Days 0 Hours 0 Minutes 58 Seconds

============================================================================
36/63 Starting processing com.linecorp.LGCOOKIE-1.apk ......
Getting apk info from https://play.google.com/store/apps/details?id=com.linecorp.LGCOOKIE ......
Success to get info from Play Store
The lastest version of com.linecorp.LGCOOKIE-1.apk is  1.0.5  
Done processing com.linecorp.LGCOOKIE-1.apk
Time Spent:   0 Days 0 Hours 0 Minutes 59 Seconds

============================================================================
37/63 Starting processing com.lonelyfew.blendoku-1.apk ......
Getting apk info from https://play.google.com/store/apps/details?id=com.lonelyfew.blendoku ......
Success to get info from Play Store
The lastest version of com.lonelyfew.blendoku-1.apk is  1.6.0  
Done processing com.lonelyfew.blendoku-1.apk
Time Spent:   0 Days 0 Hours 1 Minutes 1 Seconds

============================================================================
38/63 Starting processing com.madhead.tos.zh-1.apk ......
Getting apk info from https://play.google.com/store/apps/details?id=com.madhead.tos.zh ......
Success to get info from Play Store
The lastest version of com.madhead.tos.zh-1.apk is  5.05  
Done processing com.madhead.tos.zh-1.apk
Time Spent:   0 Days 0 Hours 1 Minutes 3 Seconds

============================================================================
39/63 Starting processing com.naturalmotion.csrracing-1.apk ......
Getting apk info from https://play.google.com/store/apps/details?id=com.naturalmotion.csrracing ......
Success to get info from Play Store
The lastest version of com.naturalmotion.csrracing-1.apk is  1.7.0  
Done processing com.naturalmotion.csrracing-1.apk
Time Spent:   0 Days 0 Hours 1 Minutes 5 Seconds

============================================================================
40/63 Starting processing com.ninjakiwi.bloonstdbattles-1.apk ......
Getting apk info from https://play.google.com/store/apps/details?id=com.ninjakiwi.bloonstdbattles ......
Success to get info from Play Store
The lastest version of com.ninjakiwi.bloonstdbattles-1.apk is  1.7.0  
Done processing com.ninjakiwi.bloonstdbattles-1.apk
Time Spent:   0 Days 0 Hours 1 Minutes 7 Seconds

============================================================================
41/63 Starting processing com.onehundredpics.onehundredpicsquiz-1.apk ......
Getting apk info from https://play.google.com/store/apps/details?id=com.onehundredpics.onehundredpicsquiz ......
Success to get info from Play Store
The lastest version of com.onehundredpics.onehundredpicsquiz-1.apk is  1.0.6  
Done processing com.onehundredpics.onehundredpicsquiz-1.apk
Time Spent:   0 Days 0 Hours 1 Minutes 9 Seconds

============================================================================
42/63 Starting processing com.pixelberrystudios.hssandroid-1.apk ......
Getting apk info from https://play.google.com/store/apps/details?id=com.pixelberrystudios.hssandroid ......
Success to get info from Play Store
The lastest version of com.pixelberrystudios.hssandroid-1.apk is  1.3.1  
Done processing com.pixelberrystudios.hssandroid-1.apk
Time Spent:   0 Days 0 Hours 1 Minutes 12 Seconds

============================================================================
43/63 Starting processing com.playfirst.playground.dinerdash-1.apk ......
Getting apk info from https://play.google.com/store/apps/details?id=com.playfirst.playground.dinerdash ......
Success to get info from Play Store
The lastest version of com.playfirst.playground.dinerdash-1.apk is  3.34.10  
Done processing com.playfirst.playground.dinerdash-1.apk
Time Spent:   0 Days 0 Hours 1 Minutes 15 Seconds

============================================================================
44/63 Starting processing com.playtika.wsop.gp-1.apk ......
Getting apk info from https://play.google.com/store/apps/details?id=com.playtika.wsop.gp ......
Success to get info from Play Store
The lastest version of com.playtika.wsop.gp-1.apk is  2.3.0  
Done processing com.playtika.wsop.gp-1.apk
Time Spent:   0 Days 0 Hours 1 Minutes 17 Seconds

============================================================================
45/63 Starting processing com.pocketgems.android.animalvoyage-1.apk ......
Getting apk info from https://play.google.com/store/apps/details?id=com.pocketgems.android.animalvoyage ......
Success to get info from Play Store
The lastest version of com.pocketgems.android.animalvoyage-1.apk is  1.18.3+g  
Done processing com.pocketgems.android.animalvoyage-1.apk
Time Spent:   0 Days 0 Hours 1 Minutes 20 Seconds

============================================================================
46/63 Starting processing com.robinson.slotsoz-1.apk ......
Getting apk info from https://play.google.com/store/apps/details?id=com.robinson.slotsoz ......
Success to get info from Play Store
The lastest version of com.robinson.slotsoz-1.apk is  1.0  
Done processing com.robinson.slotsoz-1.apk
Time Spent:   0 Days 0 Hours 1 Minutes 22 Seconds

============================================================================
47/63 Starting processing com.robotinvader.knightmare2-1.apk ......
Getting apk info from https://play.google.com/store/apps/details?id=com.robotinvader.knightmare2 ......
Success to get info from Play Store
The lastest version of com.robotinvader.knightmare2-1.apk is  1.10  
Done processing com.robotinvader.knightmare2-1.apk
Time Spent:   0 Days 0 Hours 1 Minutes 24 Seconds

============================================================================
48/63 Starting processing com.roguerocketgames.m3s-1.apk ......
Getting apk info from https://play.google.com/store/apps/details?id=com.roguerocketgames.m3s ......
Success to get info from Play Store
The lastest version of com.roguerocketgames.m3s-1.apk is  0.7.3  
Done processing com.roguerocketgames.m3s-1.apk
Time Spent:   0 Days 0 Hours 1 Minutes 26 Seconds

============================================================================
49/63 Starting processing com.sharkparty.slots-1.apk ......
Getting apk info from https://play.google.com/store/apps/details?id=com.sharkparty.slots ......
Success to get info from Play Store
The lastest version of com.sharkparty.slots-1.apk is  1.1.4.2  
Done processing com.sharkparty.slots-1.apk
Time Spent:   0 Days 0 Hours 1 Minutes 28 Seconds

============================================================================
50/63 Starting processing com.skippy.mountain.sniper.shooting-1.apk ......
Getting apk info from https://play.google.com/store/apps/details?id=com.skippy.mountain.sniper.shooting ......
Success to get info from Play Store
The lastest version of com.skippy.mountain.sniper.shooting-1.apk is  1.2  
Done processing com.skippy.mountain.sniper.shooting-1.apk
Time Spent:   0 Days 0 Hours 1 Minutes 30 Seconds

============================================================================
51/63 Starting processing com.sparklingsociety.cityisland-1.apk ......
Getting apk info from https://play.google.com/store/apps/details?id=com.sparklingsociety.cityisland ......
Success to get info from Play Store
The lastest version of com.sparklingsociety.cityisland-1.apk is  2.18.1  
Done processing com.sparklingsociety.cityisland-1.apk
Time Spent:   0 Days 0 Hours 1 Minutes 32 Seconds

============================================================================
52/63 Starting processing com.spx.ing004.google-1.apk ......
Getting apk info from https://play.google.com/store/apps/details?id=com.spx.ing004.google ......
Success to get info from Play Store
The lastest version of com.spx.ing004.google-1.apk is  1.5.5  
Done processing com.spx.ing004.google-1.apk
Time Spent:   0 Days 0 Hours 1 Minutes 36 Seconds

============================================================================
53/63 Starting processing com.swiftapps.goat.rampage.free-1.apk ......
Getting apk info from https://play.google.com/store/apps/details?id=com.swiftapps.goat.rampage.free ......
Success to get info from Play Store
The lastest version of com.swiftapps.goat.rampage.free-1.apk is  1.3  
Done processing com.swiftapps.goat.rampage.free-1.apk
Time Spent:   0 Days 0 Hours 1 Minutes 39 Seconds

============================================================================
54/63 Starting processing com.tabtale.fairyspasaloon-1.apk ......
Getting apk info from https://play.google.com/store/apps/details?id=com.tabtale.fairyspasaloon ......
Success to get info from Play Store
The lastest version of com.tabtale.fairyspasaloon-1.apk is  1.0.0  
Done processing com.tabtale.fairyspasaloon-1.apk
Time Spent:   0 Days 0 Hours 1 Minutes 43 Seconds

============================================================================
55/63 Starting processing com.tabtale.shaveit-1.apk ......
Getting apk info from https://play.google.com/store/apps/details?id=com.tabtale.shaveit ......
Success to get info from Play Store
The lastest version of com.tabtale.shaveit-1.apk is  1.0.1  
Done processing com.tabtale.shaveit-1.apk
Time Spent:   0 Days 0 Hours 1 Minutes 46 Seconds

============================================================================
56/63 Starting processing com.teamlava.restaurantstory35-1.apk ......
Getting apk info from https://play.google.com/store/apps/details?id=com.teamlava.restaurantstory35 ......
Success to get info from Play Store
The lastest version of com.teamlava.restaurantstory35-1.apk is  1.5.5.7.8  
Done processing com.teamlava.restaurantstory35-1.apk
Time Spent:   0 Days 0 Hours 1 Minutes 50 Seconds

============================================================================
57/63 Starting processing com.titan.fcard2014-1.apk ......
Getting apk info from https://play.google.com/store/apps/details?id=com.titan.fcard2014 ......
Success to get info from Play Store
The lastest version of com.titan.fcard2014-1.apk is  1.5.5.7.8  
Done processing com.titan.fcard2014-1.apk
Time Spent:   0 Days 0 Hours 1 Minutes 50 Seconds

============================================================================
58/63 Starting processing com.vg.AmbulanceParkingExtended-1.apk ......
Getting apk info from https://play.google.com/store/apps/details?id=com.vg.AmbulanceParkingExtended ......
Success to get info from Play Store
The lastest version of com.vg.AmbulanceParkingExtended-1.apk is  1.1  
Done processing com.vg.AmbulanceParkingExtended-1.apk
Time Spent:   0 Days 0 Hours 1 Minutes 53 Seconds

============================================================================
59/63 Starting processing com.viber.voip-1.apk ......
Getting apk info from https://play.google.com/store/apps/details?id=com.viber.voip ......
Success to get info from Play Store
The lastest version of com.viber.voip-1.apk is  4.3.1.21  
Done processing com.viber.voip-1.apk
Time Spent:   0 Days 0 Hours 1 Minutes 56 Seconds

============================================================================
60/63 Starting processing com.zynga.FarmVille2CountryEscape-1.apk ......
Getting apk info from https://play.google.com/store/apps/details?id=com.zynga.FarmVille2CountryEscape ......
Success to get info from Play Store
The lastest version of com.zynga.FarmVille2CountryEscape-1.apk is  1.5.46  
Done processing com.zynga.FarmVille2CountryEscape-1.apk
Time Spent:   0 Days 0 Hours 1 Minutes 59 Seconds

============================================================================
61/63 Starting processing jp.colopl.enslingshot-1.apk ......
Getting apk info from https://play.google.com/store/apps/details?id=jp.colopl.enslingshot ......
Success to get info from Play Store
The lastest version of jp.colopl.enslingshot-1.apk is  1.0.17  
Done processing jp.colopl.enslingshot-1.apk
Time Spent:   0 Days 0 Hours 2 Minutes 3 Seconds

============================================================================
62/63 Starting processing org.mozilla.firefox-1.apk ......
Getting apk info from https://play.google.com/store/apps/details?id=org.mozilla.firefox ......
Success to get info from Play Store
The lastest version of org.mozilla.firefox-1.apk is    Varies with device  
Done processing org.mozilla.firefox-1.apk
Time Spent:   0 Days 0 Hours 2 Minutes 6 Seconds

============================================================================
63/63 Starting processing sg.gumi.bravefrontier-1.apk ......
Getting apk info from https://play.google.com/store/apps/details?id=sg.gumi.bravefrontier ......
Success to get info from Play Store
The lastest version of sg.gumi.bravefrontier-1.apk is  1.1.6  
Done processing sg.gumi.bravefrontier-1.apk
Time Spent:   0 Days 0 Hours 2 Minutes 8 Seconds

============================================================================


**************************************************************
All Done
Total Time:   0 Days 0 Hours 2 Minutes 8 Seconds
Result Location:               /var/www/CV2/app/admin/scan_apk_version//results/AppInfo_2014-04-30-02-37-08.csv
**************************************************************
