Start processing app in list /share/Git-Apk/Updated_list from /share/Git-Apk/All_Apk  ......

============================================================================
1/4 Starting processing air.com.playtika.slotomania-1.apk ......
Getting apk info from https://play.google.com/store/apps/details?id=air.com.playtika.slotomania ......
Success to get info from Play Store
The lastest version of air.com.playtika.slotomania-1.apk is    Varies with device  
Done processing air.com.playtika.slotomania-1.apk
Time Spent:   0 Days 0 Hours 0 Minutes 4 Seconds

============================================================================
2/4 Starting processing com.fms.vgba-1.apk ......
Getting apk info from https://play.google.com/store/apps/details?id=com.fms.vgba ......
Success to get info from Play Store
The lastest version of com.fms.vgba-1.apk is  4.3.4  
Done processing com.fms.vgba-1.apk
Time Spent:   0 Days 0 Hours 0 Minutes 8 Seconds

============================================================================
3/4 Starting processing com.qqgame.hlddz-1.apk ......
Getting apk info from https://play.google.com/store/apps/details?id=com.qqgame.hlddz ......
Success to get info from Play Store
The lastest version of com.qqgame.hlddz-1.apk is  1.2.0  
Done processing com.qqgame.hlddz-1.apk
Time Spent:   0 Days 0 Hours 0 Minutes 12 Seconds

============================================================================
4/4 Starting processing com.sds.android.ttpod-1.apk ......
Getting apk info from https://play.google.com/store/apps/details?id=com.sds.android.ttpod ......
Success to get info from Play Store
The lastest version of com.sds.android.ttpod-1.apk is  6.6.1  
Done processing com.sds.android.ttpod-1.apk
Time Spent:   0 Days 0 Hours 0 Minutes 15 Seconds

============================================================================


**************************************************************
All Done
Total Time:   0 Days 0 Hours 0 Minutes 15 Seconds
Result Location:               /srv/www/htdocs/CV2/app/admin/scan_apk_version//results/AppInfo_2014-02-19-10-00-47.csv
**************************************************************
