Start processing app in list /home/Git-Apk/Updated_list from /home/Git-Apk/All_Apk  ......

============================================================================
1/4 Starting processing com.kiwi.westbound-1.apk ......
Getting apk info from https://play.google.com/store/apps/details?id=com.kiwi.westbound ......
Success to get info from Play Store
The lastest version of com.kiwi.westbound-1.apk is    Varies with device  
Done processing com.kiwi.westbound-1.apk
Time Spent:   0 Days 0 Hours 0 Minutes 2 Seconds

============================================================================
2/4 Starting processing com.ludia.familyfeudblitz-1.apk ......
Getting apk info from https://play.google.com/store/apps/details?id=com.ludia.familyfeudblitz ......
Success to get info from Play Store
The lastest version of com.ludia.familyfeudblitz-1.apk is  1.6.2  
Done processing com.ludia.familyfeudblitz-1.apk
Time Spent:   0 Days 0 Hours 0 Minutes 4 Seconds

============================================================================
3/4 Starting processing com.machinezone.gow-1.apk ......
Getting apk info from https://play.google.com/store/apps/details?id=com.machinezone.gow ......
Success to get info from Play Store
The lastest version of com.machinezone.gow-1.apk is    Varies with device  
Done processing com.machinezone.gow-1.apk
Time Spent:   0 Days 0 Hours 0 Minutes 6 Seconds

============================================================================
4/4 Starting processing com.supercell.boombeach-1.apk ......
Getting apk info from https://play.google.com/store/apps/details?id=com.supercell.boombeach ......
Success to get info from Play Store
The lastest version of com.supercell.boombeach-1.apk is  19.60  
Done processing com.supercell.boombeach-1.apk
Time Spent:   0 Days 0 Hours 0 Minutes 7 Seconds

============================================================================


**************************************************************
All Done
Total Time:   0 Days 0 Hours 0 Minutes 7 Seconds
Result Location:               /home/Git-Apk/code_resource/script_hooks/scan_apk/scan_apk_version/results/AppInfo_2014-12-11-14-45-10.csv
**************************************************************
