Start processing app in list /share/Git-Apk/Updated_list from /share/Git-Apk/All_Apk  ......

============================================================================
1/17 Starting processing air.com.slotgalaxy-1.apk ......
Getting apk info from https://play.google.com/store/apps/details?id=air.com.slotgalaxy ......
Success to get info from Play Store
The lastest version of air.com.slotgalaxy-1.apk is  1.4.0  
Done processing air.com.slotgalaxy-1.apk
Time Spent:   0 Days 0 Hours 0 Minutes 3 Seconds

============================================================================
2/17 Starting processing air.e2applets.ironpants-1.apk ......
Getting apk info from https://play.google.com/store/apps/details?id=air.e2applets.ironpants ......
Success to get info from Play Store
The lastest version of air.e2applets.ironpants-1.apk is  1.2  
Done processing air.e2applets.ironpants-1.apk
Time Spent:   0 Days 0 Hours 0 Minutes 7 Seconds

============================================================================
3/17 Starting processing com.FDGEntertainment.CoverOrange2.gp-1.apk ......
Getting apk info from https://play.google.com/store/apps/details?id=com.FDGEntertainment.CoverOrange2.gp ......
Success to get info from Play Store
The lastest version of com.FDGEntertainment.CoverOrange2.gp-1.apk is  1.0.5  
Done processing com.FDGEntertainment.CoverOrange2.gp-1.apk
Time Spent:   0 Days 0 Hours 0 Minutes 11 Seconds

============================================================================
4/17 Starting processing com.creativemobile.DragRacing-1.apk ......
Getting apk info from https://play.google.com/store/apps/details?id=com.creativemobile.DragRacing ......
Success to get info from Play Store
The lastest version of com.creativemobile.DragRacing-1.apk is  1.6.18  
Done processing com.creativemobile.DragRacing-1.apk
Time Spent:   0 Days 0 Hours 0 Minutes 15 Seconds

============================================================================
5/17 Starting processing com.flaregames.craftedevil-1.apk ......
Getting apk info from https://play.google.com/store/apps/details?id=com.flaregames.craftedevil ......
Success to get info from Play Store
The lastest version of com.flaregames.craftedevil-1.apk is  1.1.8  
Done processing com.flaregames.craftedevil-1.apk
Time Spent:   0 Days 0 Hours 0 Minutes 18 Seconds

============================================================================
6/17 Starting processing com.fungamesmobile.escape-1.apk ......
Getting apk info from https://play.google.com/store/apps/details?id=com.fungamesmobile.escape ......
Success to get info from Play Store
The lastest version of com.fungamesmobile.escape-1.apk is  2.0.1  
Done processing com.fungamesmobile.escape-1.apk
Time Spent:   0 Days 0 Hours 0 Minutes 22 Seconds

============================================================================
7/17 Starting processing com.kakapo.slotsfarm-1.apk ......
Getting apk info from https://play.google.com/store/apps/details?id=com.kakapo.slotsfarm ......
Success to get info from Play Store
The lastest version of com.kakapo.slotsfarm-1.apk is  1.06  
Done processing com.kakapo.slotsfarm-1.apk
Time Spent:   0 Days 0 Hours 0 Minutes 26 Seconds

============================================================================
8/17 Starting processing com.madhead.tos.zh-1.apk ......
Getting apk info from https://play.google.com/store/apps/details?id=com.madhead.tos.zh ......
Success to get info from Play Store
The lastest version of com.madhead.tos.zh-1.apk is  5.02  
Done processing com.madhead.tos.zh-1.apk
Time Spent:   0 Days 0 Hours 0 Minutes 30 Seconds

============================================================================
9/17 Starting processing com.mapbar.android.mapbarmap-1.apk ......
Getting apk info from https://play.google.com/store/apps/details?id=com.mapbar.android.mapbarmap ......
Success to get info from Play Store
The lastest version of com.mapbar.android.mapbarmap-1.apk is  8.0.1.182885  
Done processing com.mapbar.android.mapbarmap-1.apk
Time Spent:   0 Days 0 Hours 0 Minutes 34 Seconds

============================================================================
10/17 Starting processing com.plarium.playslots-1.apk ......
Getting apk info from https://play.google.com/store/apps/details?id=com.plarium.playslots ......
Success to get info from Play Store
The lastest version of com.plarium.playslots-1.apk is  2.0.7  
Done processing com.plarium.playslots-1.apk
Time Spent:   0 Days 0 Hours 0 Minutes 37 Seconds

============================================================================
11/17 Starting processing com.supercell.hayday-1.apk ......
Getting apk info from https://play.google.com/store/apps/details?id=com.supercell.hayday ......
Success to get info from Play Store
The lastest version of com.supercell.hayday-1.apk is  1.17.98  
Done processing com.supercell.hayday-1.apk
Time Spent:   0 Days 0 Hours 0 Minutes 41 Seconds

============================================================================
12/17 Starting processing com.tencent.mtt-1.apk ......
Getting apk info from https://play.google.com/store/apps/details?id=com.tencent.mtt ......
Success to get info from Play Store
The lastest version of com.tencent.mtt-1.apk is  5.1.0.780  
Done processing com.tencent.mtt-1.apk
Time Spent:   0 Days 0 Hours 0 Minutes 45 Seconds

============================================================================
13/17 Starting processing com.turborilla.MadSkillsMotocross2-1.apk ......
Getting apk info from https://play.google.com/store/apps/details?id=com.turborilla.MadSkillsMotocross2 ......
Success to get info from Play Store
The lastest version of com.turborilla.MadSkillsMotocross2-1.apk is  1.1.0  
Done processing com.turborilla.MadSkillsMotocross2-1.apk
Time Spent:   0 Days 0 Hours 0 Minutes 48 Seconds

============================================================================
14/17 Starting processing com.usablenet.mobile.walgreen-1.apk ......
Getting apk info from https://play.google.com/store/apps/details?id=com.usablenet.mobile.walgreen ......
Success to get info from Play Store
The lastest version of com.usablenet.mobile.walgreen-1.apk is  4.2.2  
Done processing com.usablenet.mobile.walgreen-1.apk
Time Spent:   0 Days 0 Hours 0 Minutes 52 Seconds

============================================================================
15/17 Starting processing it.junglestudios.cookieclickers-1.apk ......
Getting apk info from https://play.google.com/store/apps/details?id=it.junglestudios.cookieclickers ......
Success to get info from Play Store
The lastest version of it.junglestudios.cookieclickers-1.apk is  1.18  
Done processing it.junglestudios.cookieclickers-1.apk
Time Spent:   0 Days 0 Hours 0 Minutes 56 Seconds

============================================================================
16/17 Starting processing jp.co.applibot.legend.android-1.apk ......
Getting apk info from https://play.google.com/store/apps/details?id=jp.co.applibot.legend.android ......
Success to get info from Play Store
The lastest version of jp.co.applibot.legend.android-1.apk is  7.0  
Done processing jp.co.applibot.legend.android-1.apk
Time Spent:   0 Days 0 Hours 0 Minutes 59 Seconds

============================================================================
17/17 Starting processing jp.naver.SJLGWR-1.apk ......
Getting apk info from https://play.google.com/store/apps/details?id=jp.naver.SJLGWR ......
Success to get info from Play Store
The lastest version of jp.naver.SJLGWR-1.apk is  2.2.3  
Done processing jp.naver.SJLGWR-1.apk
Time Spent:   0 Days 0 Hours 1 Minutes 3 Seconds

============================================================================


**************************************************************
All Done
Total Time:   0 Days 0 Hours 1 Minutes 3 Seconds
Result Location:               /srv/www/htdocs/CV2/app/admin/scan_apk_version//results/AppInfo_2014-04-04-13-35-31.csv
**************************************************************
