Start processing app in list /home/Git-Apk/Updated_list from /home/Git-Apk/All_Apk  ......

============================================================================
1/2 Starting processing com.defyagency.soa-1.apk ......
Getting apk info from https://play.google.com/store/apps/details?id=com.defyagency.soa ......
Success to get info from Play Store
The lastest version of com.defyagency.soa-1.apk is  3.0.1  
Done processing com.defyagency.soa-1.apk
Time Spent:   0 Days 0 Hours 0 Minutes 3 Seconds

============================================================================
2/2 Starting processing com.lzsoft.TV_Chaser-1.apk ......
Getting apk info from https://play.google.com/store/apps/details?id=com.lzsoft.TV_Chaser ......
[ERROR] : Cannot find info of com.lzsoft.TV_Chaser-1.apk on https://play.google.com/store/apps/details?id=com.lzsoft.TV_Chaser !!!
Done processing com.lzsoft.TV_Chaser-1.apk
Time Spent:   0 Days 0 Hours 0 Minutes 4 Seconds

============================================================================


**************************************************************
All Done
Total Time:   0 Days 0 Hours 0 Minutes 4 Seconds
Result Location:               /srv/www/htdocs/CV2/app/admin/scan_apk_version//results/AppInfo_2014-06-18-13-29-39.csv
**************************************************************
