Start processing app in list /home/Git-Apk/Updated_list from /home/Git-Apk/All_Apk  ......

============================================================================
1/7 Starting processing com.autonavi.minimap-1.apk ......
Getting apk info from https://play.google.com/store/apps/details?id=com.autonavi.minimap ......
Success to get info from Play Store
The lastest version of com.autonavi.minimap-1.apk is  6.6.0  
Done processing com.autonavi.minimap-1.apk
Time Spent:   0 Days 0 Hours 0 Minutes 2 Seconds

============================================================================
2/7 Starting processing com.duomi.android-1.apk ......
Getting apk info from https://play.google.com/store/apps/details?id=com.duomi.android ......
[ERROR] : Cannot find info of com.duomi.android-1.apk on https://play.google.com/store/apps/details?id=com.duomi.android !!!
Done processing com.duomi.android-1.apk
Time Spent:   0 Days 0 Hours 0 Minutes 3 Seconds

============================================================================
3/7 Starting processing com.mapbar.android.mapbarmap-1.apk ......
Getting apk info from https://play.google.com/store/apps/details?id=com.mapbar.android.mapbarmap ......
Success to get info from Play Store
The lastest version of com.mapbar.android.mapbarmap-1.apk is  8.1.2.185732  
Done processing com.mapbar.android.mapbarmap-1.apk
Time Spent:   0 Days 0 Hours 0 Minutes 5 Seconds

============================================================================
4/7 Starting processing com.sina.weibo-1.apk ......
Getting apk info from https://play.google.com/store/apps/details?id=com.sina.weibo ......
Success to get info from Play Store
The lastest version of com.sina.weibo-1.apk is  4.5.0  
Done processing com.sina.weibo-1.apk
Time Spent:   0 Days 0 Hours 0 Minutes 7 Seconds

============================================================================
5/7 Starting processing com.tencent.qqlive-1.apk ......
Getting apk info from https://play.google.com/store/apps/details?id=com.tencent.qqlive ......
[ERROR] : Cannot find info of com.tencent.qqlive-1.apk on https://play.google.com/store/apps/details?id=com.tencent.qqlive !!!
Done processing com.tencent.qqlive-1.apk
Time Spent:   0 Days 0 Hours 0 Minutes 8 Seconds

============================================================================
6/7 Starting processing com.youdao.dict-1.apk ......
Getting apk info from https://play.google.com/store/apps/details?id=com.youdao.dict ......
Success to get info from Play Store
The lastest version of com.youdao.dict-1.apk is  5.1.3  
Done processing com.youdao.dict-1.apk
Time Spent:   0 Days 0 Hours 0 Minutes 10 Seconds

============================================================================
7/7 Starting processing org.cocos2dx.FishingJoy2-1.apk ......
Getting apk info from https://play.google.com/store/apps/details?id=org.cocos2dx.FishingJoy2 ......
[ERROR] : Cannot find info of org.cocos2dx.FishingJoy2-1.apk on https://play.google.com/store/apps/details?id=org.cocos2dx.FishingJoy2 !!!
Done processing org.cocos2dx.FishingJoy2-1.apk
Time Spent:   0 Days 0 Hours 0 Minutes 11 Seconds

============================================================================


**************************************************************
All Done
Total Time:   0 Days 0 Hours 0 Minutes 11 Seconds
Result Location:               /srv/www/htdocs/CV2/app/admin/scan_apk_version//results/AppInfo_2014-08-15-14-36-36.csv
**************************************************************
