Start processing app in list /share/Git-Apk/Updated_list from /share/Git-Apk/All_Apk  ......

============================================================================
1/14 Starting processing com.bianfeng.swear-1.apk ......
Getting apk info from https://play.google.com/store/apps/details?id=com.bianfeng.swear ......
[ERROR] : Cannot find info of com.bianfeng.swear-1.apk on https://play.google.com/store/apps/details?id=com.bianfeng.swear !!!
Done processing com.bianfeng.swear-1.apk
Time Spent:   0 Days 0 Hours 0 Minutes 2 Seconds

============================================================================
2/14 Starting processing com.funtomic.chicken_boy-1.apk ......
Getting apk info from https://play.google.com/store/apps/details?id=com.funtomic.chicken_boy ......
Success to get info from Play Store
The lastest version of com.funtomic.chicken_boy-1.apk is  1.2.5  
Done processing com.funtomic.chicken_boy-1.apk
Time Spent:   0 Days 0 Hours 0 Minutes 5 Seconds

============================================================================
3/14 Starting processing com.gamex.habit-1.apk ......
Getting apk info from https://play.google.com/store/apps/details?id=com.gamex.habit ......
[ERROR] : Cannot find info of com.gamex.habit-1.apk on https://play.google.com/store/apps/details?id=com.gamex.habit !!!
Done processing com.gamex.habit-1.apk
Time Spent:   0 Days 0 Hours 0 Minutes 6 Seconds

============================================================================
4/14 Starting processing com.mandi.carskong-1.apk ......
Getting apk info from https://play.google.com/store/apps/details?id=com.mandi.carskong ......
[ERROR] : Cannot find info of com.mandi.carskong-1.apk on https://play.google.com/store/apps/details?id=com.mandi.carskong !!!
Done processing com.mandi.carskong-1.apk
Time Spent:   0 Days 0 Hours 0 Minutes 7 Seconds

============================================================================
5/14 Starting processing com.mangopub.roadrushracing-1.apk ......
Getting apk info from https://play.google.com/store/apps/details?id=com.mangopub.roadrushracing ......
Success to get info from Play Store
The lastest version of com.mangopub.roadrushracing-1.apk is  1.0  
Done processing com.mangopub.roadrushracing-1.apk
Time Spent:   0 Days 0 Hours 0 Minutes 11 Seconds

============================================================================
6/14 Starting processing com.nexonmobile.maplelive.googleplay-1.apk ......
Getting apk info from https://play.google.com/store/apps/details?id=com.nexonmobile.maplelive.googleplay ......
Success to get info from Play Store
The lastest version of com.nexonmobile.maplelive.googleplay-1.apk is  1.4.4  
Done processing com.nexonmobile.maplelive.googleplay-1.apk
Time Spent:   0 Days 0 Hours 0 Minutes 17 Seconds

============================================================================
7/14 Starting processing com.playstudios.myvegas-1.apk ......
Getting apk info from https://play.google.com/store/apps/details?id=com.playstudios.myvegas ......
Success to get info from Play Store
The lastest version of com.playstudios.myvegas-1.apk is  1.5.2  
Done processing com.playstudios.myvegas-1.apk
Time Spent:   0 Days 0 Hours 0 Minutes 20 Seconds

============================================================================
8/14 Starting processing com.scopely.slotsvacation-1.apk ......
Getting apk info from https://play.google.com/store/apps/details?id=com.scopely.slotsvacation ......
Success to get info from Play Store
The lastest version of com.scopely.slotsvacation-1.apk is  1.36  
Done processing com.scopely.slotsvacation-1.apk
Time Spent:   0 Days 0 Hours 0 Minutes 24 Seconds

============================================================================
9/14 Starting processing com.tobiapps.android_100fl-1.apk ......
Getting apk info from https://play.google.com/store/apps/details?id=com.tobiapps.android_100fl ......
Success to get info from Play Store
The lastest version of com.tobiapps.android_100fl-1.apk is  2.9.2.0  
Done processing com.tobiapps.android_100fl-1.apk
Time Spent:   0 Days 0 Hours 0 Minutes 28 Seconds

============================================================================
10/14 Starting processing com.wangwei.youxihou-1.apk ......
Getting apk info from https://play.google.com/store/apps/details?id=com.wangwei.youxihou ......
[ERROR] : Cannot find info of com.wangwei.youxihou-1.apk on https://play.google.com/store/apps/details?id=com.wangwei.youxihou !!!
Done processing com.wangwei.youxihou-1.apk
Time Spent:   0 Days 0 Hours 0 Minutes 29 Seconds

============================================================================
11/14 Starting processing com.yellowpages.android.ypmobile-1.apk ......
Getting apk info from https://play.google.com/store/apps/details?id=com.yellowpages.android.ypmobile ......
Success to get info from Play Store
The lastest version of com.yellowpages.android.ypmobile-1.apk is  4.1.0  
Done processing com.yellowpages.android.ypmobile-1.apk
Time Spent:   0 Days 0 Hours 0 Minutes 32 Seconds

============================================================================
12/14 Starting processing com.zynga.castlevillelegends-1.apk ......
Getting apk info from https://play.google.com/store/apps/details?id=com.zynga.castlevillelegends ......
Success to get info from Play Store
The lastest version of com.zynga.castlevillelegends-1.apk is  1.8.135  
Done processing com.zynga.castlevillelegends-1.apk
Time Spent:   0 Days 0 Hours 0 Minutes 37 Seconds

============================================================================
13/14 Starting processing hw.Guider-1.apk ......
Getting apk info from https://play.google.com/store/apps/details?id=hw.Guider ......
[ERROR] : Cannot find info of hw.Guider-1.apk on https://play.google.com/store/apps/details?id=hw.Guider !!!
Done processing hw.Guider-1.apk
Time Spent:   0 Days 0 Hours 0 Minutes 38 Seconds

============================================================================
14/14 Starting processing it.junglestudios.cookieclickers-1.apk ......
Getting apk info from https://play.google.com/store/apps/details?id=it.junglestudios.cookieclickers ......
Success to get info from Play Store
The lastest version of it.junglestudios.cookieclickers-1.apk is  1.15  
Done processing it.junglestudios.cookieclickers-1.apk
Time Spent:   0 Days 0 Hours 0 Minutes 41 Seconds

============================================================================


**************************************************************
All Done
Total Time:   0 Days 0 Hours 0 Minutes 41 Seconds
Result Location:               /srv/www/htdocs/CV2/app/admin/scan_apk_version//results/AppInfo_2014-01-22-16-49-20.csv
**************************************************************
