Start processing app in list /home/Git-Apk/Updated_list from /home/Git-Apk/All_Apk  ......

============================================================================
1/3 Starting processing Adrenaline.Crew-1.apk ......
Getting apk info from https://play.google.com/store/apps/details?id=Adrenaline.Crew ......
Success to get info from Play Store
The lastest version of Adrenaline.Crew-1.apk is  1.11  
Done processing Adrenaline.Crew-1.apk
Time Spent:   0 Days 0 Hours 0 Minutes 2 Seconds

============================================================================
2/3 Starting processing com.my.fight.cmcc-1.apk ......
Getting apk info from https://play.google.com/store/apps/details?id=com.my.fight.cmcc ......
[ERROR] : Cannot find info of com.my.fight.cmcc-1.apk on https://play.google.com/store/apps/details?id=com.my.fight.cmcc !!!
Done processing com.my.fight.cmcc-1.apk
Time Spent:   0 Days 0 Hours 0 Minutes 3 Seconds

============================================================================
3/3 Starting processing main.fm.cs.en-1.apk ......
Getting apk info from https://play.google.com/store/apps/details?id=main.fm.cs.en ......
Success to get info from Play Store
The lastest version of main.fm.cs.en-1.apk is  2.2  
Done processing main.fm.cs.en-1.apk
Time Spent:   0 Days 0 Hours 0 Minutes 5 Seconds

============================================================================


**************************************************************
All Done
Total Time:   0 Days 0 Hours 0 Minutes 5 Seconds
Result Location:               /home/Git-Apk/code_resource/script_hooks/scan_apk/scan_apk_version/results/AppInfo_2014-11-20-16-47-14.csv
**************************************************************
