Start processing app in list /share/Git-Apk/Updated_list from /share/Git-Apk/All_Apk  ......

============================================================================
1/11 Starting processing air.xtremair-1.apk ......
Getting apk info from https://play.google.com/store/apps/details?id=air.xtremair ......
Success to get info from Play Store
The lastest version of air.xtremair-1.apk is  2.3.1  
Done processing air.xtremair-1.apk
Time Spent:   0 Days 0 Hours 0 Minutes 3 Seconds

============================================================================
2/11 Starting processing com.aceviral.angrygrantoss-1.apk ......
Getting apk info from https://play.google.com/store/apps/details?id=com.aceviral.angrygrantoss ......
Success to get info from Play Store
The lastest version of com.aceviral.angrygrantoss-1.apk is  1.1.1  
Done processing com.aceviral.angrygrantoss-1.apk
Time Spent:   0 Days 0 Hours 0 Minutes 7 Seconds

============================================================================
3/11 Starting processing com.ea.game.simpsons4_row-1.apk ......
Getting apk info from https://play.google.com/store/apps/details?id=com.ea.game.simpsons4_row ......
Success to get info from Play Store
The lastest version of com.ea.game.simpsons4_row-1.apk is  4.6.2  
Done processing com.ea.game.simpsons4_row-1.apk
Time Spent:   0 Days 0 Hours 0 Minutes 10 Seconds

============================================================================
4/11 Starting processing com.gameloft.android.ANMP.GloftPEHM-1.apk ......
Getting apk info from https://play.google.com/store/apps/details?id=com.gameloft.android.ANMP.GloftPEHM ......
Success to get info from Play Store
The lastest version of com.gameloft.android.ANMP.GloftPEHM-1.apk is  1.8.0h  
Done processing com.gameloft.android.ANMP.GloftPEHM-1.apk
Time Spent:   0 Days 0 Hours 0 Minutes 14 Seconds

============================================================================
5/11 Starting processing com.gameresort.sz2google-1.apk ......
Getting apk info from https://play.google.com/store/apps/details?id=com.gameresort.sz2google ......
Success to get info from Play Store
The lastest version of com.gameresort.sz2google-1.apk is  1.3.2  
Done processing com.gameresort.sz2google-1.apk
Time Spent:   0 Days 0 Hours 0 Minutes 18 Seconds

============================================================================
6/11 Starting processing com.keb.android.mbank-1.apk ......
Getting apk info from https://play.google.com/store/apps/details?id=com.keb.android.mbank ......
Success to get info from Play Store
The lastest version of com.keb.android.mbank-1.apk is  2.76  
Done processing com.keb.android.mbank-1.apk
Time Spent:   0 Days 0 Hours 0 Minutes 21 Seconds

============================================================================
7/11 Starting processing com.lookout-1.apk ......
Getting apk info from https://play.google.com/store/apps/details?id=com.lookout ......
Success to get info from Play Store
The lastest version of com.lookout-1.apk is    Varies with device  
Done processing com.lookout-1.apk
Time Spent:   0 Days 0 Hours 0 Minutes 24 Seconds

============================================================================
8/11 Starting processing com.miniclip.eightballpool-1.apk ......
Getting apk info from https://play.google.com/store/apps/details?id=com.miniclip.eightballpool ......
Success to get info from Play Store
The lastest version of com.miniclip.eightballpool-1.apk is  2.2.9  
Done processing com.miniclip.eightballpool-1.apk
Time Spent:   0 Days 0 Hours 0 Minutes 28 Seconds

============================================================================
9/11 Starting processing com.smule.magicpiano-1.apk ......
Getting apk info from https://play.google.com/store/apps/details?id=com.smule.magicpiano ......
Success to get info from Play Store
The lastest version of com.smule.magicpiano-1.apk is  1.3.7  
Done processing com.smule.magicpiano-1.apk
Time Spent:   0 Days 0 Hours 0 Minutes 32 Seconds

============================================================================
10/11 Starting processing com.square_enix.million_tw-1.apk ......
Getting apk info from https://play.google.com/store/apps/details?id=com.square_enix.million_tw ......
Success to get info from Play Store
The lastest version of com.square_enix.million_tw-1.apk is  2.0.0  
Done processing com.square_enix.million_tw-1.apk
Time Spent:   0 Days 0 Hours 0 Minutes 35 Seconds

============================================================================
11/11 Starting processing jp.co.applibot.legend.android-1.apk ......
Getting apk info from https://play.google.com/store/apps/details?id=jp.co.applibot.legend.android ......
Success to get info from Play Store
The lastest version of jp.co.applibot.legend.android-1.apk is  6.6  
Done processing jp.co.applibot.legend.android-1.apk
Time Spent:   0 Days 0 Hours 0 Minutes 38 Seconds

============================================================================


**************************************************************
All Done
Total Time:   0 Days 0 Hours 0 Minutes 38 Seconds
Result Location:               /srv/www/htdocs/CV2/app/admin/scan_apk_version//results/AppInfo_2014-01-29-14-11-00.csv
**************************************************************
