Start processing app in list /home/Git-Apk/Updated_list from /home/Git-Apk/All_Apk  ......

============================================================================
1/132 Starting processing air.MSPMobile-1.apk ......
Getting apk info from https://play.google.com/store/apps/details?id=air.MSPMobile ......
Success to get info from Play Store
The lastest version of air.MSPMobile-1.apk is  2.2.1  
Done processing air.MSPMobile-1.apk
Time Spent:   0 Days 0 Hours 0 Minutes 2 Seconds

============================================================================
2/132 Starting processing air.com.bitrhymes.bingo-1.apk ......
Getting apk info from https://play.google.com/store/apps/details?id=air.com.bitrhymes.bingo ......
Success to get info from Play Store
The lastest version of air.com.bitrhymes.bingo-1.apk is    Varies with device  
Done processing air.com.bitrhymes.bingo-1.apk
Time Spent:   0 Days 0 Hours 0 Minutes 4 Seconds

============================================================================
3/132 Starting processing air.com.freshplanet.games.WaM-1.apk ......
Getting apk info from https://play.google.com/store/apps/details?id=air.com.freshplanet.games.WaM ......
Success to get info from Play Store
The lastest version of air.com.freshplanet.games.WaM-1.apk is  1.21.2  
Done processing air.com.freshplanet.games.WaM-1.apk
Time Spent:   0 Days 0 Hours 0 Minutes 6 Seconds

============================================================================
4/132 Starting processing air.com.sgn.cookiejam.gp-1.apk ......
Getting apk info from https://play.google.com/store/apps/details?id=air.com.sgn.cookiejam.gp ......
Success to get info from Play Store
The lastest version of air.com.sgn.cookiejam.gp-1.apk is  2.40.101  
Done processing air.com.sgn.cookiejam.gp-1.apk
Time Spent:   0 Days 0 Hours 0 Minutes 8 Seconds

============================================================================
5/132 Starting processing co.vine.android-1.apk ......
Getting apk info from https://play.google.com/store/apps/details?id=co.vine.android ......
Success to get info from Play Store
The lastest version of co.vine.android-1.apk is    Varies with device  
Done processing co.vine.android-1.apk
Time Spent:   0 Days 0 Hours 0 Minutes 10 Seconds

============================================================================
6/132 Starting processing com.acmeaom.android.myradar-1.apk ......
Getting apk info from https://play.google.com/store/apps/details?id=com.acmeaom.android.myradar ......
Success to get info from Play Store
The lastest version of com.acmeaom.android.myradar-1.apk is    Varies with device  
Done processing com.acmeaom.android.myradar-1.apk
Time Spent:   0 Days 0 Hours 0 Minutes 12 Seconds

============================================================================
7/132 Starting processing com.avast.android.mobilesecurity-1.apk ......
Getting apk info from https://play.google.com/store/apps/details?id=com.avast.android.mobilesecurity ......
Success to get info from Play Store
The lastest version of com.avast.android.mobilesecurity-1.apk is  3.0.7702  
Done processing com.avast.android.mobilesecurity-1.apk
Time Spent:   0 Days 0 Hours 0 Minutes 14 Seconds

============================================================================
8/132 Starting processing com.badoo.mobile-1.apk ......
Getting apk info from https://play.google.com/store/apps/details?id=com.badoo.mobile ......
Success to get info from Play Store
The lastest version of com.badoo.mobile-1.apk is    Varies with device  
Done processing com.badoo.mobile-1.apk
Time Spent:   0 Days 0 Hours 0 Minutes 17 Seconds

============================================================================
9/132 Starting processing com.beatsmusic.android.client-1.apk ......
Getting apk info from https://play.google.com/store/apps/details?id=com.beatsmusic.android.client ......
Success to get info from Play Store
The lastest version of com.beatsmusic.android.client-1.apk is  1.2.0  
Done processing com.beatsmusic.android.client-1.apk
Time Spent:   0 Days 0 Hours 0 Minutes 18 Seconds

============================================================================
10/132 Starting processing com.bestgame.climb-1.apk ......
Getting apk info from https://play.google.com/store/apps/details?id=com.bestgame.climb ......
Success to get info from Play Store
The lastest version of com.bestgame.climb-1.apk is  1.03  
Done processing com.bestgame.climb-1.apk
Time Spent:   0 Days 0 Hours 0 Minutes 20 Seconds

============================================================================
11/132 Starting processing com.bigfatgorillastudios.minebot-1.apk ......
Getting apk info from https://play.google.com/store/apps/details?id=com.bigfatgorillastudios.minebot ......
Success to get info from Play Store
The lastest version of com.bigfatgorillastudios.minebot-1.apk is  0.2.5  
Done processing com.bigfatgorillastudios.minebot-1.apk
Time Spent:   0 Days 0 Hours 0 Minutes 22 Seconds

============================================================================
12/132 Starting processing com.calfordcn.gu-1.apk ......
Getting apk info from https://play.google.com/store/apps/details?id=com.calfordcn.gu ......
Success to get info from Play Store
The lastest version of com.calfordcn.gu-1.apk is  1.87  
Done processing com.calfordcn.gu-1.apk
Time Spent:   0 Days 0 Hours 0 Minutes 24 Seconds

============================================================================
13/132 Starting processing com.cardinalblue.piccollage.google-1.apk ......
Getting apk info from https://play.google.com/store/apps/details?id=com.cardinalblue.piccollage.google ......
Success to get info from Play Store
The lastest version of com.cardinalblue.piccollage.google-1.apk is    Varies with device  
Done processing com.cardinalblue.piccollage.google-1.apk
Time Spent:   0 Days 0 Hours 0 Minutes 26 Seconds

============================================================================
14/132 Starting processing com.cheerfulinc.flipagram-1.apk ......
Getting apk info from https://play.google.com/store/apps/details?id=com.cheerfulinc.flipagram ......
Success to get info from Play Store
The lastest version of com.cheerfulinc.flipagram-1.apk is    Varies with device  
Done processing com.cheerfulinc.flipagram-1.apk
Time Spent:   0 Days 0 Hours 0 Minutes 28 Seconds

============================================================================
15/132 Starting processing com.cleanmaster.security-1.apk ......
Getting apk info from https://play.google.com/store/apps/details?id=com.cleanmaster.security ......
Success to get info from Play Store
The lastest version of com.cleanmaster.security-1.apk is    Varies with device  
Done processing com.cleanmaster.security-1.apk
Time Spent:   0 Days 0 Hours 0 Minutes 30 Seconds

============================================================================
16/132 Starting processing com.clearchannel.iheartradio.controller-1.apk ......
Getting apk info from https://play.google.com/store/apps/details?id=com.clearchannel.iheartradio.controller ......
Success to get info from Play Store
The lastest version of com.clearchannel.iheartradio.controller-1.apk is    Varies with device  
Done processing com.clearchannel.iheartradio.controller-1.apk
Time Spent:   0 Days 0 Hours 0 Minutes 32 Seconds

============================================================================
17/132 Starting processing com.com2us.acefishing.normal.freefull.google.global.android.common-1.apk ......
Getting apk info from https://play.google.com/store/apps/details?id=com.com2us.acefishing.normal.freefull.google.global.android.common ......
Success to get info from Play Store
The lastest version of com.com2us.acefishing.normal.freefull.google.global.android.common-1.apk is  1.1.5  
Done processing com.com2us.acefishing.normal.freefull.google.global.android.common-1.apk
Time Spent:   0 Days 0 Hours 0 Minutes 34 Seconds

============================================================================
18/132 Starting processing com.contextlogic.wish-1.apk ......
Getting apk info from https://play.google.com/store/apps/details?id=com.contextlogic.wish ......
Success to get info from Play Store
The lastest version of com.contextlogic.wish-1.apk is  3.7.5  
Done processing com.contextlogic.wish-1.apk
Time Spent:   0 Days 0 Hours 0 Minutes 36 Seconds

============================================================================
19/132 Starting processing com.degoo.android.washpet-1.apk ......
Getting apk info from https://play.google.com/store/apps/details?id=com.degoo.android.washpet ......
Success to get info from Play Store
The lastest version of com.degoo.android.washpet-1.apk is  1.1.6  
Done processing com.degoo.android.washpet-1.apk
Time Spent:   0 Days 0 Hours 0 Minutes 38 Seconds

============================================================================
20/132 Starting processing com.disney.nemo-1.apk ......
Getting apk info from https://play.google.com/store/apps/details?id=com.disney.nemo ......
Success to get info from Play Store
The lastest version of com.disney.nemo-1.apk is  1.7.0  
Done processing com.disney.nemo-1.apk
Time Spent:   0 Days 0 Hours 0 Minutes 40 Seconds

============================================================================
21/132 Starting processing com.dm.timber-1.apk ......
Getting apk info from https://play.google.com/store/apps/details?id=com.dm.timber ......
Success to get info from Play Store
The lastest version of com.dm.timber-1.apk is  1.5  
Done processing com.dm.timber-1.apk
Time Spent:   0 Days 0 Hours 0 Minutes 42 Seconds

============================================================================
22/132 Starting processing com.domobile.applock-1.apk ......
Getting apk info from https://play.google.com/store/apps/details?id=com.domobile.applock ......
Success to get info from Play Store
The lastest version of com.domobile.applock-1.apk is    Varies with device  
Done processing com.domobile.applock-1.apk
Time Spent:   0 Days 0 Hours 0 Minutes 44 Seconds

============================================================================
23/132 Starting processing com.dragonplay.slotcity-1.apk ......
Getting apk info from https://play.google.com/store/apps/details?id=com.dragonplay.slotcity ......
Success to get info from Play Store
The lastest version of com.dragonplay.slotcity-1.apk is    Varies with device  
Done processing com.dragonplay.slotcity-1.apk
Time Spent:   0 Days 0 Hours 0 Minutes 46 Seconds

============================================================================
24/132 Starting processing com.ea.game.pvz2_na-1.apk ......
Getting apk info from https://play.google.com/store/apps/details?id=com.ea.game.pvz2_na ......
Success to get info from Play Store
The lastest version of com.ea.game.pvz2_na-1.apk is  2.6.1  
Done processing com.ea.game.pvz2_na-1.apk
Time Spent:   0 Days 0 Hours 0 Minutes 49 Seconds

============================================================================
25/132 Starting processing com.ea.games.r3_na-1.apk ......
Getting apk info from https://play.google.com/store/apps/details?id=com.ea.games.r3_na ......
Success to get info from Play Store
The lastest version of com.ea.games.r3_na-1.apk is  2.5.0  
Done processing com.ea.games.r3_na-1.apk
Time Spent:   0 Days 0 Hours 0 Minutes 51 Seconds

============================================================================
26/132 Starting processing com.episodeinteractive.android.catalog-1.apk ......
Getting apk info from https://play.google.com/store/apps/details?id=com.episodeinteractive.android.catalog ......
Success to get info from Play Store
The lastest version of com.episodeinteractive.android.catalog-1.apk is  1.29.3+g  
Done processing com.episodeinteractive.android.catalog-1.apk
Time Spent:   0 Days 0 Hours 0 Minutes 55 Seconds

============================================================================
27/132 Starting processing com.facebook.katana-1.apk ......
Getting apk info from https://play.google.com/store/apps/details?id=com.facebook.katana ......
Success to get info from Play Store
The lastest version of com.facebook.katana-1.apk is    Varies with device  
Done processing com.facebook.katana-1.apk
Time Spent:   0 Days 0 Hours 0 Minutes 59 Seconds

============================================================================
28/132 Starting processing com.facebook.orca-1.apk ......
Getting apk info from https://play.google.com/store/apps/details?id=com.facebook.orca ......
Success to get info from Play Store
The lastest version of com.facebook.orca-1.apk is    Varies with device  
Done processing com.facebook.orca-1.apk
Time Spent:   0 Days 0 Hours 1 Minutes 1 Seconds

============================================================================
29/132 Starting processing com.fandango-1.apk ......
Getting apk info from https://play.google.com/store/apps/details?id=com.fandango ......
Success to get info from Play Store
The lastest version of com.fandango-1.apk is  5.2  
Done processing com.fandango-1.apk
Time Spent:   0 Days 0 Hours 1 Minutes 3 Seconds

============================================================================
30/132 Starting processing com.fgol.HungrySharkEvolution-1.apk ......
Getting apk info from https://play.google.com/store/apps/details?id=com.fgol.HungrySharkEvolution ......
Success to get info from Play Store
The lastest version of com.fgol.HungrySharkEvolution-1.apk is    Varies with device  
Done processing com.fgol.HungrySharkEvolution-1.apk
Time Spent:   0 Days 0 Hours 1 Minutes 6 Seconds

============================================================================
31/132 Starting processing com.fivebits.fitthefat-1.apk ......
Getting apk info from https://play.google.com/store/apps/details?id=com.fivebits.fitthefat ......
Success to get info from Play Store
The lastest version of com.fivebits.fitthefat-1.apk is  1.0.4  
Done processing com.fivebits.fitthefat-1.apk
Time Spent:   0 Days 0 Hours 1 Minutes 8 Seconds

============================================================================
32/132 Starting processing com.foosegames.pepiskate3d-1.apk ......
Getting apk info from https://play.google.com/store/apps/details?id=com.foosegames.pepiskate3d ......
Success to get info from Play Store
The lastest version of com.foosegames.pepiskate3d-1.apk is  6  
Done processing com.foosegames.pepiskate3d-1.apk
Time Spent:   0 Days 0 Hours 1 Minutes 10 Seconds

============================================================================
33/132 Starting processing com.frenchgames.frenchsworld-1.apk ......
Getting apk info from https://play.google.com/store/apps/details?id=com.frenchgames.frenchsworld ......
Success to get info from Play Store
The lastest version of com.frenchgames.frenchsworld-1.apk is  1.0.8  
Done processing com.frenchgames.frenchsworld-1.apk
Time Spent:   0 Days 0 Hours 1 Minutes 12 Seconds

============================================================================
34/132 Starting processing com.gameloft.android.ANMP.GloftDMHM-1.apk ......
Getting apk info from https://play.google.com/store/apps/details?id=com.gameloft.android.ANMP.GloftDMHM ......
Success to get info from Play Store
The lastest version of com.gameloft.android.ANMP.GloftDMHM-1.apk is    Varies with device  
Done processing com.gameloft.android.ANMP.GloftDMHM-1.apk
Time Spent:   0 Days 0 Hours 1 Minutes 15 Seconds

============================================================================
35/132 Starting processing com.gameloft.android.ANMP.GloftPOHM-1.apk ......
Getting apk info from https://play.google.com/store/apps/details?id=com.gameloft.android.ANMP.GloftPOHM ......
Success to get info from Play Store
The lastest version of com.gameloft.android.ANMP.GloftPOHM-1.apk is    Varies with device  
Done processing com.gameloft.android.ANMP.GloftPOHM-1.apk
Time Spent:   0 Days 0 Hours 1 Minutes 17 Seconds

============================================================================
36/132 Starting processing com.gamevil.fantasywarlord.ad.google.ww.normal-1.apk ......
Getting apk info from https://play.google.com/store/apps/details?id=com.gamevil.fantasywarlord.ad.google.ww.normal ......
Success to get info from Play Store
The lastest version of com.gamevil.fantasywarlord.ad.google.ww.normal-1.apk is  1.0.2  
Done processing com.gamevil.fantasywarlord.ad.google.ww.normal-1.apk
Time Spent:   0 Days 0 Hours 1 Minutes 20 Seconds

============================================================================
37/132 Starting processing com.gamevil.kritikamobile.android.google.global.normal-1.apk ......
Getting apk info from https://play.google.com/store/apps/details?id=com.gamevil.kritikamobile.android.google.global.normal ......
Success to get info from Play Store
The lastest version of com.gamevil.kritikamobile.android.google.global.normal-1.apk is  2.1.4  
Done processing com.gamevil.kritikamobile.android.google.global.normal-1.apk
Time Spent:   0 Days 0 Hours 1 Minutes 22 Seconds

============================================================================
38/132 Starting processing com.gogii.textplus-1.apk ......
Getting apk info from https://play.google.com/store/apps/details?id=com.gogii.textplus ......
Success to get info from Play Store
The lastest version of com.gogii.textplus-1.apk is    Varies with device  
Done processing com.gogii.textplus-1.apk
Time Spent:   0 Days 0 Hours 1 Minutes 24 Seconds

============================================================================
39/132 Starting processing com.herman.ringtone-1.apk ......
Getting apk info from https://play.google.com/store/apps/details?id=com.herman.ringtone ......
Success to get info from Play Store
The lastest version of com.herman.ringtone-1.apk is    Varies with device  
Done processing com.herman.ringtone-1.apk
Time Spent:   0 Days 0 Hours 1 Minutes 27 Seconds

============================================================================
40/132 Starting processing com.hulu.plus-1.apk ......
Getting apk info from https://play.google.com/store/apps/details?id=com.hulu.plus ......
Success to get info from Play Store
The lastest version of com.hulu.plus-1.apk is    Varies with device  
Done processing com.hulu.plus-1.apk
Time Spent:   0 Days 0 Hours 1 Minutes 29 Seconds

============================================================================
41/132 Starting processing com.igg.castleclash-1.apk ......
Getting apk info from https://play.google.com/store/apps/details?id=com.igg.castleclash ......
Success to get info from Play Store
The lastest version of com.igg.castleclash-1.apk is  1.2.51  
Done processing com.igg.castleclash-1.apk
Time Spent:   0 Days 0 Hours 1 Minutes 32 Seconds

============================================================================
42/132 Starting processing com.ijinshan.kbatterydoctor_en-1.apk ......
Getting apk info from https://play.google.com/store/apps/details?id=com.ijinshan.kbatterydoctor_en ......
Success to get info from Play Store
The lastest version of com.ijinshan.kbatterydoctor_en-1.apk is  4.11  
Done processing com.ijinshan.kbatterydoctor_en-1.apk
Time Spent:   0 Days 0 Hours 1 Minutes 35 Seconds

============================================================================
43/132 Starting processing com.instagram.android-1.apk ......
Getting apk info from https://play.google.com/store/apps/details?id=com.instagram.android ......
Success to get info from Play Store
The lastest version of com.instagram.android-1.apk is    Varies with device  
Done processing com.instagram.android-1.apk
Time Spent:   0 Days 0 Hours 1 Minutes 37 Seconds

============================================================================
44/132 Starting processing com.iugome.dawn-1.apk ......
Getting apk info from https://play.google.com/store/apps/details?id=com.iugome.dawn ......
Success to get info from Play Store
The lastest version of com.iugome.dawn-1.apk is    Varies with device  
Done processing com.iugome.dawn-1.apk
Time Spent:   0 Days 0 Hours 1 Minutes 39 Seconds

============================================================================
45/132 Starting processing com.jb.gokeyboard-1.apk ......
Getting apk info from https://play.google.com/store/apps/details?id=com.jb.gokeyboard ......
Success to get info from Play Store
The lastest version of com.jb.gokeyboard-1.apk is    Varies with device  
Done processing com.jb.gokeyboard-1.apk
Time Spent:   0 Days 0 Hours 1 Minutes 41 Seconds

============================================================================
46/132 Starting processing com.jsdev.instasize-1.apk ......
Getting apk info from https://play.google.com/store/apps/details?id=com.jsdev.instasize ......
Success to get info from Play Store
The lastest version of com.jsdev.instasize-1.apk is  2.4.4  
Done processing com.jsdev.instasize-1.apk
Time Spent:   0 Days 0 Hours 1 Minutes 43 Seconds

============================================================================
47/132 Starting processing com.jumpgames.rswrb-1.apk ......
Getting apk info from https://play.google.com/store/apps/details?id=com.jumpgames.rswrb ......
Success to get info from Play Store
The lastest version of com.jumpgames.rswrb-1.apk is  10.10.196  
Done processing com.jumpgames.rswrb-1.apk
Time Spent:   0 Days 0 Hours 1 Minutes 46 Seconds

============================================================================
48/132 Starting processing com.kabam.underworldandroid-1.apk ......
Getting apk info from https://play.google.com/store/apps/details?id=com.kabam.underworldandroid ......
Success to get info from Play Store
The lastest version of com.kabam.underworldandroid-1.apk is  1.7.7  
Done processing com.kabam.underworldandroid-1.apk
Time Spent:   0 Days 0 Hours 1 Minutes 48 Seconds

============================================================================
49/132 Starting processing com.kabam.wartune.android-1.apk ......
Getting apk info from https://play.google.com/store/apps/details?id=com.kabam.wartune.android ......
Success to get info from Play Store
The lastest version of com.kabam.wartune.android-1.apk is  1.1.0  
Done processing com.kabam.wartune.android-1.apk
Time Spent:   0 Days 0 Hours 1 Minutes 51 Seconds

============================================================================
50/132 Starting processing com.kiloo.subwaysurf-1.apk ......
Getting apk info from https://play.google.com/store/apps/details?id=com.kiloo.subwaysurf ......
Success to get info from Play Store
The lastest version of com.kiloo.subwaysurf-1.apk is  1.27.0  
Done processing com.kiloo.subwaysurf-1.apk
Time Spent:   0 Days 0 Hours 1 Minutes 53 Seconds

============================================================================
51/132 Starting processing com.king.candycrushsaga-1.apk ......
Getting apk info from https://play.google.com/store/apps/details?id=com.king.candycrushsaga ......
Success to get info from Play Store
The lastest version of com.king.candycrushsaga-1.apk is  1.35.0  
Done processing com.king.candycrushsaga-1.apk
Time Spent:   0 Days 0 Hours 1 Minutes 55 Seconds

============================================================================
52/132 Starting processing com.king.farmheroessaga-1.apk ......
Getting apk info from https://play.google.com/store/apps/details?id=com.king.farmheroessaga ......
Success to get info from Play Store
The lastest version of com.king.farmheroessaga-1.apk is  2.9.10  
Done processing com.king.farmheroessaga-1.apk
Time Spent:   0 Days 0 Hours 1 Minutes 57 Seconds

============================================================================
53/132 Starting processing com.king.petrescuesaga-1.apk ......
Getting apk info from https://play.google.com/store/apps/details?id=com.king.petrescuesaga ......
Success to get info from Play Store
The lastest version of com.king.petrescuesaga-1.apk is  1.24.03  
Done processing com.king.petrescuesaga-1.apk
Time Spent:   0 Days 0 Hours 1 Minutes 59 Seconds

============================================================================
54/132 Starting processing com.kiragames.unblockmefree-1.apk ......
Getting apk info from https://play.google.com/store/apps/details?id=com.kiragames.unblockmefree ......
Success to get info from Play Store
The lastest version of com.kiragames.unblockmefree-1.apk is  1.4.4.2  
Done processing com.kiragames.unblockmefree-1.apk
Time Spent:   0 Days 0 Hours 2 Minutes 1 Seconds

============================================================================
55/132 Starting processing com.kitkatandroid.keyboard-1.apk ......
Getting apk info from https://play.google.com/store/apps/details?id=com.kitkatandroid.keyboard ......
Success to get info from Play Store
The lastest version of com.kitkatandroid.keyboard-1.apk is  2.1.1  
Done processing com.kitkatandroid.keyboard-1.apk
Time Spent:   0 Days 0 Hours 2 Minutes 4 Seconds

============================================================================
56/132 Starting processing com.kongregate.mobile.gameofthronesascent.google-1.apk ......
Getting apk info from https://play.google.com/store/apps/details?id=com.kongregate.mobile.gameofthronesascent.google ......
Success to get info from Play Store
The lastest version of com.kongregate.mobile.gameofthronesascent.google-1.apk is  1.1.43  
Done processing com.kongregate.mobile.gameofthronesascent.google-1.apk
Time Spent:   0 Days 0 Hours 2 Minutes 6 Seconds

============================================================================
57/132 Starting processing com.ksmobile.cb-1.apk ......
Getting apk info from https://play.google.com/store/apps/details?id=com.ksmobile.cb ......
Success to get info from Play Store
The lastest version of com.ksmobile.cb-1.apk is  5.0.50  
Done processing com.ksmobile.cb-1.apk
Time Spent:   0 Days 0 Hours 2 Minutes 8 Seconds

============================================================================
58/132 Starting processing com.linecorp.LGCOOKIE-1.apk ......
Getting apk info from https://play.google.com/store/apps/details?id=com.linecorp.LGCOOKIE ......
Success to get info from Play Store
The lastest version of com.linecorp.LGCOOKIE-1.apk is  2.0.3  
Done processing com.linecorp.LGCOOKIE-1.apk
Time Spent:   0 Days 0 Hours 2 Minutes 11 Seconds

============================================================================
59/132 Starting processing com.linkedin.android-1.apk ......
Getting apk info from https://play.google.com/store/apps/details?id=com.linkedin.android ......
Success to get info from Play Store
The lastest version of com.linkedin.android-1.apk is    Varies with device  
Done processing com.linkedin.android-1.apk
Time Spent:   0 Days 0 Hours 2 Minutes 13 Seconds

============================================================================
60/132 Starting processing com.lookout-1.apk ......
Getting apk info from https://play.google.com/store/apps/details?id=com.lookout ......
Success to get info from Play Store
The lastest version of com.lookout-1.apk is    Varies with device  
Done processing com.lookout-1.apk
Time Spent:   0 Days 0 Hours 2 Minutes 16 Seconds

============================================================================
61/132 Starting processing com.ludia.dragons-1.apk ......
Getting apk info from https://play.google.com/store/apps/details?id=com.ludia.dragons ......
Success to get info from Play Store
The lastest version of com.ludia.dragons-1.apk is  1.3.9  
Done processing com.ludia.dragons-1.apk
Time Spent:   0 Days 0 Hours 2 Minutes 18 Seconds

============================================================================
62/132 Starting processing com.lumoslabs.lumosity-1.apk ......
Getting apk info from https://play.google.com/store/apps/details?id=com.lumoslabs.lumosity ......
Success to get info from Play Store
The lastest version of com.lumoslabs.lumosity-1.apk is  1.0.164  
Done processing com.lumoslabs.lumosity-1.apk
Time Spent:   0 Days 0 Hours 2 Minutes 20 Seconds

============================================================================
63/132 Starting processing com.machinezone.gow-1.apk ......
Getting apk info from https://play.google.com/store/apps/details?id=com.machinezone.gow ......
Success to get info from Play Store
The lastest version of com.machinezone.gow-1.apk is  2.6.260  
Done processing com.machinezone.gow-1.apk
Time Spent:   0 Days 0 Hours 2 Minutes 22 Seconds

============================================================================
64/132 Starting processing com.mapquest.android.ace-1.apk ......
Getting apk info from https://play.google.com/store/apps/details?id=com.mapquest.android.ace ......
Success to get info from Play Store
The lastest version of com.mapquest.android.ace-1.apk is    Varies with device  
Done processing com.mapquest.android.ace-1.apk
Time Spent:   0 Days 0 Hours 2 Minutes 24 Seconds

============================================================================
65/132 Starting processing com.mastercomlimited.penalty-1.apk ......
Getting apk info from https://play.google.com/store/apps/details?id=com.mastercomlimited.penalty ......
Success to get info from Play Store
The lastest version of com.mastercomlimited.penalty-1.apk is  1.0.6  
Done processing com.mastercomlimited.penalty-1.apk
Time Spent:   0 Days 0 Hours 2 Minutes 27 Seconds

============================================================================
66/132 Starting processing com.mastercomlimited.racethetraffic-1.apk ......
Getting apk info from https://play.google.com/store/apps/details?id=com.mastercomlimited.racethetraffic ......
Success to get info from Play Store
The lastest version of com.mastercomlimited.racethetraffic-1.apk is  1.0.9  
Done processing com.mastercomlimited.racethetraffic-1.apk
Time Spent:   0 Days 0 Hours 2 Minutes 29 Seconds

============================================================================
67/132 Starting processing com.midasplayer.apps.bubblewitch-1.apk ......
Getting apk info from https://play.google.com/store/apps/details?id=com.midasplayer.apps.bubblewitch ......
Success to get info from Play Store
The lastest version of com.midasplayer.apps.bubblewitch-1.apk is  3.1.8  
Done processing com.midasplayer.apps.bubblewitch-1.apk
Time Spent:   0 Days 0 Hours 2 Minutes 31 Seconds

============================================================================
68/132 Starting processing com.midasplayer.apps.bubblewitchsaga2-1.apk ......
Getting apk info from https://play.google.com/store/apps/details?id=com.midasplayer.apps.bubblewitchsaga2 ......
Success to get info from Play Store
The lastest version of com.midasplayer.apps.bubblewitchsaga2-1.apk is    Varies with device  
Done processing com.midasplayer.apps.bubblewitchsaga2-1.apk
Time Spent:   0 Days 0 Hours 2 Minutes 33 Seconds

============================================================================
69/132 Starting processing com.midasplayer.apps.papapearsaga-1.apk ......
Getting apk info from https://play.google.com/store/apps/details?id=com.midasplayer.apps.papapearsaga ......
Success to get info from Play Store
The lastest version of com.midasplayer.apps.papapearsaga-1.apk is    Varies with device  
Done processing com.midasplayer.apps.papapearsaga-1.apk
Time Spent:   0 Days 0 Hours 2 Minutes 35 Seconds

============================================================================
70/132 Starting processing com.mxtech.videoplayer.ad-1.apk ......
Getting apk info from https://play.google.com/store/apps/details?id=com.mxtech.videoplayer.ad ......
Success to get info from Play Store
The lastest version of com.mxtech.videoplayer.ad-1.apk is    Varies with device  
Done processing com.mxtech.videoplayer.ad-1.apk
Time Spent:   0 Days 0 Hours 2 Minutes 37 Seconds

============================================================================
71/132 Starting processing com.netflix.mediaclient-1.apk ......
Getting apk info from https://play.google.com/store/apps/details?id=com.netflix.mediaclient ......
Success to get info from Play Store
The lastest version of com.netflix.mediaclient-1.apk is    Varies with device  
Done processing com.netflix.mediaclient-1.apk
Time Spent:   0 Days 0 Hours 2 Minutes 39 Seconds

============================================================================
72/132 Starting processing com.nianticproject.ingress-1.apk ......
Getting apk info from https://play.google.com/store/apps/details?id=com.nianticproject.ingress ......
Success to get info from Play Store
The lastest version of com.nianticproject.ingress-1.apk is  1.57.1  
Done processing com.nianticproject.ingress-1.apk
Time Spent:   0 Days 0 Hours 2 Minutes 41 Seconds

============================================================================
73/132 Starting processing com.omgpop.dstfree-1.apk ......
Getting apk info from https://play.google.com/store/apps/details?id=com.omgpop.dstfree ......
Success to get info from Play Store
The lastest version of com.omgpop.dstfree-1.apk is  2.333.225  
Done processing com.omgpop.dstfree-1.apk
Time Spent:   0 Days 0 Hours 2 Minutes 43 Seconds

============================================================================
74/132 Starting processing com.outfit7.jigtyfree-1.apk ......
Getting apk info from https://play.google.com/store/apps/details?id=com.outfit7.jigtyfree ......
Success to get info from Play Store
The lastest version of com.outfit7.jigtyfree-1.apk is  2.3  
Done processing com.outfit7.jigtyfree-1.apk
Time Spent:   0 Days 0 Hours 2 Minutes 46 Seconds

============================================================================
75/132 Starting processing com.outlook.Z7-1.apk ......
Getting apk info from https://play.google.com/store/apps/details?id=com.outlook.Z7 ......
Success to get info from Play Store
The lastest version of com.outlook.Z7-1.apk is  7.8.2.12.49.7564  
Done processing com.outlook.Z7-1.apk
Time Spent:   0 Days 0 Hours 2 Minutes 47 Seconds

============================================================================
76/132 Starting processing com.ovl.com.kolmmfk22-1.apk ......
Getting apk info from https://play.google.com/store/apps/details?id=com.ovl.com.kolmmfk22 ......
Success to get info from Play Store
The lastest version of com.ovl.com.kolmmfk22-1.apk is  2.0  
Done processing com.ovl.com.kolmmfk22-1.apk
Time Spent:   0 Days 0 Hours 2 Minutes 50 Seconds

============================================================================
77/132 Starting processing com.pacificinteractive.HouseOfFun-1.apk ......
Getting apk info from https://play.google.com/store/apps/details?id=com.pacificinteractive.HouseOfFun ......
Success to get info from Play Store
The lastest version of com.pacificinteractive.HouseOfFun-1.apk is    Varies with device  
Done processing com.pacificinteractive.HouseOfFun-1.apk
Time Spent:   0 Days 0 Hours 2 Minutes 51 Seconds

============================================================================
78/132 Starting processing com.per.perfemjkdnecraftbuilding-1.apk ......
Getting apk info from https://play.google.com/store/apps/details?id=com.per.perfemjkdnecraftbuilding ......
Success to get info from Play Store
The lastest version of com.per.perfemjkdnecraftbuilding-1.apk is  2.0  
Done processing com.per.perfemjkdnecraftbuilding-1.apk
Time Spent:   0 Days 0 Hours 2 Minutes 53 Seconds

============================================================================
79/132 Starting processing com.perblue.greedforglory-1.apk ......
Getting apk info from https://play.google.com/store/apps/details?id=com.perblue.greedforglory ......
Success to get info from Play Store
The lastest version of com.perblue.greedforglory-1.apk is    Varies with device  
Done processing com.perblue.greedforglory-1.apk
Time Spent:   0 Days 0 Hours 2 Minutes 55 Seconds

============================================================================
80/132 Starting processing com.pinger.textfree-1.apk ......
Getting apk info from https://play.google.com/store/apps/details?id=com.pinger.textfree ......
Success to get info from Play Store
The lastest version of com.pinger.textfree-1.apk is    Varies with device  
Done processing com.pinger.textfree-1.apk
Time Spent:   0 Days 0 Hours 2 Minutes 58 Seconds

============================================================================
81/132 Starting processing com.pinger.textfree.call-1.apk ......
Getting apk info from https://play.google.com/store/apps/details?id=com.pinger.textfree.call ......
Success to get info from Play Store
The lastest version of com.pinger.textfree.call-1.apk is  2.3.2  
Done processing com.pinger.textfree.call-1.apk
Time Spent:   0 Days 0 Hours 3 Minutes 0 Seconds

============================================================================
82/132 Starting processing com.pinterest-1.apk ......
Getting apk info from https://play.google.com/store/apps/details?id=com.pinterest ......
Success to get info from Play Store
The lastest version of com.pinterest-1.apk is    Varies with device  
Done processing com.pinterest-1.apk
Time Spent:   0 Days 0 Hours 3 Minutes 2 Seconds

============================================================================
83/132 Starting processing com.pixel.gun3d-1.apk ......
Getting apk info from https://play.google.com/store/apps/details?id=com.pixel.gun3d ......
Success to get info from Play Store
The lastest version of com.pixel.gun3d-1.apk is  7.1.1  
Done processing com.pixel.gun3d-1.apk
Time Spent:   0 Days 0 Hours 3 Minutes 4 Seconds

============================================================================
84/132 Starting processing com.pixelberrystudios.hssandroid-1.apk ......
Getting apk info from https://play.google.com/store/apps/details?id=com.pixelberrystudios.hssandroid ......
Success to get info from Play Store
The lastest version of com.pixelberrystudios.hssandroid-1.apk is  1.6.0  
Done processing com.pixelberrystudios.hssandroid-1.apk
Time Spent:   0 Days 0 Hours 3 Minutes 7 Seconds

============================================================================
85/132 Starting processing com.pof.android-1.apk ......
Getting apk info from https://play.google.com/store/apps/details?id=com.pof.android ......
Success to get info from Play Store
The lastest version of com.pof.android-1.apk is    Varies with device  
Done processing com.pof.android-1.apk
Time Spent:   0 Days 0 Hours 3 Minutes 10 Seconds

============================================================================
86/132 Starting processing com.progrestar.bft-1.apk ......
Getting apk info from https://play.google.com/store/apps/details?id=com.progrestar.bft ......
Success to get info from Play Store
The lastest version of com.progrestar.bft-1.apk is    Varies with device  
Done processing com.progrestar.bft-1.apk
Time Spent:   0 Days 0 Hours 3 Minutes 12 Seconds

============================================================================
87/132 Starting processing com.purplekiwii.mb-1.apk ......
Getting apk info from https://play.google.com/store/apps/details?id=com.purplekiwii.mb ......
Success to get info from Play Store
The lastest version of com.purplekiwii.mb-1.apk is  1.0.50  
Done processing com.purplekiwii.mb-1.apk
Time Spent:   0 Days 0 Hours 3 Minutes 15 Seconds

============================================================================
88/132 Starting processing com.quelaba.sopaletras-1.apk ......
Getting apk info from https://play.google.com/store/apps/details?id=com.quelaba.sopaletras ......
Success to get info from Play Store
The lastest version of com.quelaba.sopaletras-1.apk is  2.0z  
Done processing com.quelaba.sopaletras-1.apk
Time Spent:   0 Days 0 Hours 3 Minutes 18 Seconds

============================================================================
89/132 Starting processing com.quizup.core-1.apk ......
Getting apk info from https://play.google.com/store/apps/details?id=com.quizup.core ......
Success to get info from Play Store
The lastest version of com.quizup.core-1.apk is  1.3.6  
Done processing com.quizup.core-1.apk
Time Spent:   0 Days 0 Hours 3 Minutes 21 Seconds

============================================================================
90/132 Starting processing com.randomlogicgames.guesstheemoji-1.apk ......
Getting apk info from https://play.google.com/store/apps/details?id=com.randomlogicgames.guesstheemoji ......
Success to get info from Play Store
The lastest version of com.randomlogicgames.guesstheemoji-1.apk is  4.0  
Done processing com.randomlogicgames.guesstheemoji-1.apk
Time Spent:   0 Days 0 Hours 3 Minutes 24 Seconds

============================================================================
91/132 Starting processing com.roblox.client-1.apk ......
Getting apk info from https://play.google.com/store/apps/details?id=com.roblox.client ......
Success to get info from Play Store
The lastest version of com.roblox.client-1.apk is  2.161.49588  
Done processing com.roblox.client-1.apk
Time Spent:   0 Days 0 Hours 3 Minutes 26 Seconds

============================================================================
92/132 Starting processing com.roidapp.photogrid-1.apk ......
Getting apk info from https://play.google.com/store/apps/details?id=com.roidapp.photogrid ......
Success to get info from Play Store
The lastest version of com.roidapp.photogrid-1.apk is  4.757  
Done processing com.roidapp.photogrid-1.apk
Time Spent:   0 Days 0 Hours 3 Minutes 30 Seconds

============================================================================
93/132 Starting processing com.rovio.angrybirdsgo-1.apk ......
Getting apk info from https://play.google.com/store/apps/details?id=com.rovio.angrybirdsgo ......
Success to get info from Play Store
The lastest version of com.rovio.angrybirdsgo-1.apk is  1.4.3  
Done processing com.rovio.angrybirdsgo-1.apk
Time Spent:   0 Days 0 Hours 3 Minutes 33 Seconds

============================================================================
94/132 Starting processing com.rovio.angrybirdsrio-1.apk ......
Getting apk info from https://play.google.com/store/apps/details?id=com.rovio.angrybirdsrio ......
Success to get info from Play Store
The lastest version of com.rovio.angrybirdsrio-1.apk is  2.2.1  
Done processing com.rovio.angrybirdsrio-1.apk
Time Spent:   0 Days 0 Hours 3 Minutes 36 Seconds

============================================================================
95/132 Starting processing com.rovio.angrybirdsseasons-1.apk ......
Getting apk info from https://play.google.com/store/apps/details?id=com.rovio.angrybirdsseasons ......
Success to get info from Play Store
The lastest version of com.rovio.angrybirdsseasons-1.apk is  4.1.1  
Done processing com.rovio.angrybirdsseasons-1.apk
Time Spent:   0 Days 0 Hours 3 Minutes 40 Seconds

============================================================================
96/132 Starting processing com.rovio.gold-1.apk ......
Getting apk info from https://play.google.com/store/apps/details?id=com.rovio.gold ......
Success to get info from Play Store
The lastest version of com.rovio.gold-1.apk is  1.0.12  
Done processing com.rovio.gold-1.apk
Time Spent:   0 Days 0 Hours 3 Minutes 43 Seconds

============================================================================
97/132 Starting processing com.san.guesstheemoji-1.apk ......
Getting apk info from https://play.google.com/store/apps/details?id=com.san.guesstheemoji ......
Success to get info from Play Store
The lastest version of com.san.guesstheemoji-1.apk is  3.4  
Done processing com.san.guesstheemoji-1.apk
Time Spent:   0 Days 0 Hours 3 Minutes 46 Seconds

============================================================================
98/132 Starting processing com.scannerradio-1.apk ......
Getting apk info from https://play.google.com/store/apps/details?id=com.scannerradio ......
Success to get info from Play Store
The lastest version of com.scannerradio-1.apk is    Varies with device  
Done processing com.scannerradio-1.apk
Time Spent:   0 Days 0 Hours 3 Minutes 49 Seconds

============================================================================
99/132 Starting processing com.selfawaregames.acecasino-1.apk ......
Getting apk info from https://play.google.com/store/apps/details?id=com.selfawaregames.acecasino ......
Success to get info from Play Store
The lastest version of com.selfawaregames.acecasino-1.apk is  5.0.1  
Done processing com.selfawaregames.acecasino-1.apk
Time Spent:   0 Days 0 Hours 3 Minutes 52 Seconds

============================================================================
100/132 Starting processing com.shazam.android-1.apk ......
Getting apk info from https://play.google.com/store/apps/details?id=com.shazam.android ......
Success to get info from Play Store
The lastest version of com.shazam.android-1.apk is    Varies with device  
Done processing com.shazam.android-1.apk
Time Spent:   0 Days 0 Hours 3 Minutes 55 Seconds

============================================================================
101/132 Starting processing com.snapchat.android-1.apk ......
Getting apk info from https://play.google.com/store/apps/details?id=com.snapchat.android ......
Success to get info from Play Store
The lastest version of com.snapchat.android-1.apk is    Varies with device  
Done processing com.snapchat.android-1.apk
Time Spent:   0 Days 0 Hours 3 Minutes 57 Seconds

============================================================================
102/132 Starting processing com.spaceapegames.samuraisiege-1.apk ......
Getting apk info from https://play.google.com/store/apps/details?id=com.spaceapegames.samuraisiege ......
Success to get info from Play Store
The lastest version of com.spaceapegames.samuraisiege-1.apk is    Varies with device  
Done processing com.spaceapegames.samuraisiege-1.apk
Time Spent:   0 Days 0 Hours 4 Minutes 0 Seconds

============================================================================
103/132 Starting processing com.sparklingsociety.cityisland2-1.apk ......
Getting apk info from https://play.google.com/store/apps/details?id=com.sparklingsociety.cityisland2 ......
Success to get info from Play Store
The lastest version of com.sparklingsociety.cityisland2-1.apk is  2.0.16  
Done processing com.sparklingsociety.cityisland2-1.apk
Time Spent:   0 Days 0 Hours 4 Minutes 3 Seconds

============================================================================
104/132 Starting processing com.square_enix.android_googleplay.deadmanscrossww-1.apk ......
Getting apk info from https://play.google.com/store/apps/details?id=com.square_enix.android_googleplay.deadmanscrossww ......
Success to get info from Play Store
The lastest version of com.square_enix.android_googleplay.deadmanscrossww-1.apk is  1.3.0  
Done processing com.square_enix.android_googleplay.deadmanscrossww-1.apk
Time Spent:   0 Days 0 Hours 4 Minutes 6 Seconds

============================================================================
105/132 Starting processing com.stac.empire.main-1.apk ......
Getting apk info from https://play.google.com/store/apps/details?id=com.stac.empire.main ......
Success to get info from Play Store
The lastest version of com.stac.empire.main-1.apk is  2.3.29  
Done processing com.stac.empire.main-1.apk
Time Spent:   0 Days 0 Hours 4 Minutes 9 Seconds

============================================================================
106/132 Starting processing com.teamlava.dragon-1.apk ......
Getting apk info from https://play.google.com/store/apps/details?id=com.teamlava.dragon ......
Success to get info from Play Store
The lastest version of com.teamlava.dragon-1.apk is  1.0.7.9  
Done processing com.teamlava.dragon-1.apk
Time Spent:   0 Days 0 Hours 4 Minutes 13 Seconds

============================================================================
107/132 Starting processing com.teamlava.restaurantstory-1.apk ......
Getting apk info from https://play.google.com/store/apps/details?id=com.teamlava.restaurantstory ......
Success to get info from Play Store
The lastest version of com.teamlava.restaurantstory-1.apk is  1.5.5.8  
Done processing com.teamlava.restaurantstory-1.apk
Time Spent:   0 Days 0 Hours 4 Minutes 16 Seconds

============================================================================
108/132 Starting processing com.tencent.mm-1.apk ......
Getting apk info from https://play.google.com/store/apps/details?id=com.tencent.mm ......
Success to get info from Play Store
The lastest version of com.tencent.mm-1.apk is    Varies with device  
Done processing com.tencent.mm-1.apk
Time Spent:   0 Days 0 Hours 4 Minutes 20 Seconds

============================================================================
109/132 Starting processing com.theonegames.gunshipbattle-1.apk ......
Getting apk info from https://play.google.com/store/apps/details?id=com.theonegames.gunshipbattle ......
Success to get info from Play Store
The lastest version of com.theonegames.gunshipbattle-1.apk is  1.1.6  
Done processing com.theonegames.gunshipbattle-1.apk
Time Spent:   0 Days 0 Hours 4 Minutes 23 Seconds

============================================================================
110/132 Starting processing com.timehop-1.apk ......
Getting apk info from https://play.google.com/store/apps/details?id=com.timehop ......
Success to get info from Play Store
The lastest version of com.timehop-1.apk is  1.3.14  
Done processing com.timehop-1.apk
Time Spent:   0 Days 0 Hours 4 Minutes 25 Seconds

============================================================================
111/132 Starting processing com.tinder-1.apk ......
Getting apk info from https://play.google.com/store/apps/details?id=com.tinder ......
Success to get info from Play Store
The lastest version of com.tinder-1.apk is    Varies with device  
Done processing com.tinder-1.apk
Time Spent:   0 Days 0 Hours 4 Minutes 28 Seconds

============================================================================
112/132 Starting processing com.tinyco.familyguy-1.apk ......
Getting apk info from https://play.google.com/store/apps/details?id=com.tinyco.familyguy ......
Success to get info from Play Store
The lastest version of com.tinyco.familyguy-1.apk is    Varies with device  
Done processing com.tinyco.familyguy-1.apk
Time Spent:   0 Days 0 Hours 4 Minutes 31 Seconds

============================================================================
113/132 Starting processing com.topfreegames.bikeracefreeworld-1.apk ......
Getting apk info from https://play.google.com/store/apps/details?id=com.topfreegames.bikeracefreeworld ......
Success to get info from Play Store
The lastest version of com.topfreegames.bikeracefreeworld-1.apk is  4.0  
Done processing com.topfreegames.bikeracefreeworld-1.apk
Time Spent:   0 Days 0 Hours 4 Minutes 34 Seconds

============================================================================
114/132 Starting processing com.touchtype.swiftkey-1.apk ......
Getting apk info from https://play.google.com/store/apps/details?id=com.touchtype.swiftkey ......
Success to get info from Play Store
The lastest version of com.touchtype.swiftkey-1.apk is    Varies with device  
Done processing com.touchtype.swiftkey-1.apk
Time Spent:   0 Days 0 Hours 4 Minutes 37 Seconds

============================================================================
115/132 Starting processing com.tumblr-1.apk ......
Getting apk info from https://play.google.com/store/apps/details?id=com.tumblr ......
Success to get info from Play Store
The lastest version of com.tumblr-1.apk is    Varies with device  
Done processing com.tumblr-1.apk
Time Spent:   0 Days 0 Hours 4 Minutes 40 Seconds

============================================================================
116/132 Starting processing com.twitter.android-1.apk ......
Getting apk info from https://play.google.com/store/apps/details?id=com.twitter.android ......
Success to get info from Play Store
The lastest version of com.twitter.android-1.apk is    Varies with device  
Done processing com.twitter.android-1.apk
Time Spent:   0 Days 0 Hours 4 Minutes 43 Seconds

============================================================================
117/132 Starting processing com.ubercab-1.apk ......
Getting apk info from https://play.google.com/store/apps/details?id=com.ubercab ......
Success to get info from Play Store
The lastest version of com.ubercab-1.apk is    Varies with device  
Done processing com.ubercab-1.apk
Time Spent:   0 Days 0 Hours 4 Minutes 45 Seconds

============================================================================
118/132 Starting processing com.usablenet.mobile.walgreen-1.apk ......
Getting apk info from https://play.google.com/store/apps/details?id=com.usablenet.mobile.walgreen ......
Success to get info from Play Store
The lastest version of com.usablenet.mobile.walgreen-1.apk is    Varies with device  
Done processing com.usablenet.mobile.walgreen-1.apk
Time Spent:   0 Days 0 Hours 4 Minutes 48 Seconds

============================================================================
119/132 Starting processing com.utorrent.client-1.apk ......
Getting apk info from https://play.google.com/store/apps/details?id=com.utorrent.client ......
Success to get info from Play Store
The lastest version of com.utorrent.client-1.apk is    Varies with device  
Done processing com.utorrent.client-1.apk
Time Spent:   0 Days 0 Hours 4 Minutes 51 Seconds

============================================================================
120/132 Starting processing com.velan.android.picstitchcollage-1.apk ......
Getting apk info from https://play.google.com/store/apps/details?id=com.velan.android.picstitchcollage ......
Success to get info from Play Store
The lastest version of com.velan.android.picstitchcollage-1.apk is  1.2.4  
Done processing com.velan.android.picstitchcollage-1.apk
Time Spent:   0 Days 0 Hours 4 Minutes 54 Seconds

============================================================================
121/132 Starting processing com.walmart.android-1.apk ......
Getting apk info from https://play.google.com/store/apps/details?id=com.walmart.android ......
Success to get info from Play Store
The lastest version of com.walmart.android-1.apk is  1.9.1  
Done processing com.walmart.android-1.apk
Time Spent:   0 Days 0 Hours 4 Minutes 57 Seconds

============================================================================
122/132 Starting processing com.wf.wellsfargomobile-1.apk ......
Getting apk info from https://play.google.com/store/apps/details?id=com.wf.wellsfargomobile ......
Success to get info from Play Store
The lastest version of com.wf.wellsfargomobile-1.apk is  3.6  
Done processing com.wf.wellsfargomobile-1.apk
Time Spent:   0 Days 0 Hours 5 Minutes 0 Seconds

============================================================================
123/132 Starting processing com.williamsinteractive.jackpotparty-1.apk ......
Getting apk info from https://play.google.com/store/apps/details?id=com.williamsinteractive.jackpotparty ......
Success to get info from Play Store
The lastest version of com.williamsinteractive.jackpotparty-1.apk is  1.25  
Done processing com.williamsinteractive.jackpotparty-1.apk
Time Spent:   0 Days 0 Hours 5 Minutes 3 Seconds

============================================================================
124/132 Starting processing com.wooga.jelly_splash-1.apk ......
Getting apk info from https://play.google.com/store/apps/details?id=com.wooga.jelly_splash ......
Success to get info from Play Store
The lastest version of com.wooga.jelly_splash-1.apk is    Varies with device  
Done processing com.wooga.jelly_splash-1.apk
Time Spent:   0 Days 0 Hours 5 Minutes 5 Seconds

============================================================================
125/132 Starting processing com.zeptolab.ctr2.f2p.google-1.apk ......
Getting apk info from https://play.google.com/store/apps/details?id=com.zeptolab.ctr2.f2p.google ......
Success to get info from Play Store
The lastest version of com.zeptolab.ctr2.f2p.google-1.apk is    Varies with device  
Done processing com.zeptolab.ctr2.f2p.google-1.apk
Time Spent:   0 Days 0 Hours 5 Minutes 8 Seconds

============================================================================
126/132 Starting processing com.zqgame.SG.en.androidgp-1.apk ......
Getting apk info from https://play.google.com/store/apps/details?id=com.zqgame.SG.en.androidgp ......
Success to get info from Play Store
The lastest version of com.zqgame.SG.en.androidgp-1.apk is  1.1.8  
Done processing com.zqgame.SG.en.androidgp-1.apk
Time Spent:   0 Days 0 Hours 5 Minutes 11 Seconds

============================================================================
127/132 Starting processing com.zynga.hititrich-1.apk ......
Getting apk info from https://play.google.com/store/apps/details?id=com.zynga.hititrich ......
Success to get info from Play Store
The lastest version of com.zynga.hititrich-1.apk is  1.2.1213  
Done processing com.zynga.hititrich-1.apk
Time Spent:   0 Days 0 Hours 5 Minutes 15 Seconds

============================================================================
128/132 Starting processing es.socialpoint.MonsterLegends-1.apk ......
Getting apk info from https://play.google.com/store/apps/details?id=es.socialpoint.MonsterLegends ......
Success to get info from Play Store
The lastest version of es.socialpoint.MonsterLegends-1.apk is    Varies with device  
Done processing es.socialpoint.MonsterLegends-1.apk
Time Spent:   0 Days 0 Hours 5 Minutes 17 Seconds

============================================================================
129/132 Starting processing me.pou.app-1.apk ......
Getting apk info from https://play.google.com/store/apps/details?id=me.pou.app ......
Success to get info from Play Store
The lastest version of me.pou.app-1.apk is  1.4.53  
Done processing me.pou.app-1.apk
Time Spent:   0 Days 0 Hours 5 Minutes 20 Seconds

============================================================================
130/132 Starting processing net.playq.charmking-1.apk ......
Getting apk info from https://play.google.com/store/apps/details?id=net.playq.charmking ......
Success to get info from Play Store
The lastest version of net.playq.charmking-1.apk is  1.9.0  
Done processing net.playq.charmking-1.apk
Time Spent:   0 Days 0 Hours 5 Minutes 22 Seconds

============================================================================
131/132 Starting processing org.videolan.vlc.betav7neon-1.apk ......
Getting apk info from https://play.google.com/store/apps/details?id=org.videolan.vlc.betav7neon ......
Success to get info from Play Store
The lastest version of org.videolan.vlc.betav7neon-1.apk is    Varies with device  
Done processing org.videolan.vlc.betav7neon-1.apk
Time Spent:   0 Days 0 Hours 5 Minutes 25 Seconds

============================================================================
132/132 Starting processing pl.antit.guess.the.character.cartoon-1.apk ......
Getting apk info from https://play.google.com/store/apps/details?id=pl.antit.guess.the.character.cartoon ......
Success to get info from Play Store
The lastest version of pl.antit.guess.the.character.cartoon-1.apk is    Varies with device  
Done processing pl.antit.guess.the.character.cartoon-1.apk
Time Spent:   0 Days 0 Hours 5 Minutes 28 Seconds

============================================================================


**************************************************************
All Done
Total Time:   0 Days 0 Hours 5 Minutes 28 Seconds
Result Location:               /srv/www/htdocs/CV2/app/admin/scan_apk_version//results/AppInfo_2014-08-02-16-19-12.csv
**************************************************************
