Start processing app in list /home/Git-Apk/Updated_list from /home/Git-Apk/All_Apk  ......

============================================================================
1/5 Starting processing com.ea.game.pgatourgolf15_row-1.apk ......
Getting apk info from https://play.google.com/store/apps/details?id=com.ea.game.pgatourgolf15_row ......
Success to get info from Play Store
The lastest version of com.ea.game.pgatourgolf15_row-1.apk is  2.0  
Done processing com.ea.game.pgatourgolf15_row-1.apk
Time Spent:   0 Days 0 Hours 0 Minutes 2 Seconds

============================================================================
2/5 Starting processing com.feelingtouch.sniperzombie-1.apk ......
Getting apk info from https://play.google.com/store/apps/details?id=com.feelingtouch.sniperzombie ......
Success to get info from Play Store
The lastest version of com.feelingtouch.sniperzombie-1.apk is  1.12  
Done processing com.feelingtouch.sniperzombie-1.apk
Time Spent:   0 Days 0 Hours 0 Minutes 4 Seconds

============================================================================
3/5 Starting processing com.kabam.doamobile-1.apk ......
Getting apk info from https://play.google.com/store/apps/details?id=com.kabam.doamobile ......
Success to get info from Play Store
The lastest version of com.kabam.doamobile-1.apk is    Varies with device  
Done processing com.kabam.doamobile-1.apk
Time Spent:   0 Days 0 Hours 0 Minutes 6 Seconds

============================================================================
4/5 Starting processing com.madhead.tos.zh-1.apk ......
Getting apk info from https://play.google.com/store/apps/details?id=com.madhead.tos.zh ......
Success to get info from Play Store
The lastest version of com.madhead.tos.zh-1.apk is  7.13  
Done processing com.madhead.tos.zh-1.apk
Time Spent:   0 Days 0 Hours 0 Minutes 8 Seconds

============================================================================
5/5 Starting processing com.pinger.textfree.call-1.apk ......
Getting apk info from https://play.google.com/store/apps/details?id=com.pinger.textfree.call ......
Success to get info from Play Store
The lastest version of com.pinger.textfree.call-1.apk is  2.3.6  
Done processing com.pinger.textfree.call-1.apk
Time Spent:   0 Days 0 Hours 0 Minutes 10 Seconds

============================================================================


**************************************************************
All Done
Total Time:   0 Days 0 Hours 0 Minutes 10 Seconds
Result Location:               /srv/www/htdocs/CV2/app/admin/scan_apk_version//results/AppInfo_2014-08-27-16-32-09.csv
**************************************************************
