Start processing app in list /home/Git-Apk/Updated_list from /home/Git-Apk/All_Apk  ......

============================================================================
1/24 Starting processing air.MSPMobile-1.apk ......
Getting apk info from https://play.google.com/store/apps/details?id=air.MSPMobile ......
Success to get info from Play Store
The lastest version of air.MSPMobile-1.apk is  2.1.1  
Done processing air.MSPMobile-1.apk
Time Spent:   0 Days 0 Hours 0 Minutes 2 Seconds

============================================================================
2/24 Starting processing air.com.bitrhymes.slotsbash.android-1.apk ......
Getting apk info from https://play.google.com/store/apps/details?id=air.com.bitrhymes.slotsbash.android ......
Success to get info from Play Store
The lastest version of air.com.bitrhymes.slotsbash.android-1.apk is  1.12.1  
Done processing air.com.bitrhymes.slotsbash.android-1.apk
Time Spent:   0 Days 0 Hours 0 Minutes 4 Seconds

============================================================================
3/24 Starting processing air.com.goodgamestudios.empirefourkingdoms-1.apk ......
Getting apk info from https://play.google.com/store/apps/details?id=air.com.goodgamestudios.empirefourkingdoms ......
Success to get info from Play Store
The lastest version of air.com.goodgamestudios.empirefourkingdoms-1.apk is  1.7.57  
Done processing air.com.goodgamestudios.empirefourkingdoms-1.apk
Time Spent:   0 Days 0 Hours 0 Minutes 7 Seconds

============================================================================
4/24 Starting processing com.apparsonsgames.trainsminecraft-1.apk ......
Getting apk info from https://play.google.com/store/apps/details?id=com.apparsonsgames.trainsminecraft ......
Success to get info from Play Store
The lastest version of com.apparsonsgames.trainsminecraft-1.apk is  1.1  
Done processing com.apparsonsgames.trainsminecraft-1.apk
Time Spent:   0 Days 0 Hours 0 Minutes 8 Seconds

============================================================================
5/24 Starting processing com.appgame7.candyfrenzy-1.apk ......
Getting apk info from https://play.google.com/store/apps/details?id=com.appgame7.candyfrenzy ......
Success to get info from Play Store
The lastest version of com.appgame7.candyfrenzy-1.apk is  1.4.004  
Done processing com.appgame7.candyfrenzy-1.apk
Time Spent:   0 Days 0 Hours 0 Minutes 11 Seconds

============================================================================
6/24 Starting processing com.ciegames.RacingRivals-1.apk ......
Getting apk info from https://play.google.com/store/apps/details?id=com.ciegames.RacingRivals ......
Success to get info from Play Store
The lastest version of com.ciegames.RacingRivals-1.apk is  1.6.0  
Done processing com.ciegames.RacingRivals-1.apk
Time Spent:   0 Days 0 Hours 0 Minutes 13 Seconds

============================================================================
7/24 Starting processing com.creativemobile.dr4x4-1.apk ......
Getting apk info from https://play.google.com/store/apps/details?id=com.creativemobile.dr4x4 ......
Success to get info from Play Store
The lastest version of com.creativemobile.dr4x4-1.apk is  1.0.69  
Done processing com.creativemobile.dr4x4-1.apk
Time Spent:   0 Days 0 Hours 0 Minutes 15 Seconds

============================================================================
8/24 Starting processing com.degoo.android.beach-1.apk ......
Getting apk info from https://play.google.com/store/apps/details?id=com.degoo.android.beach ......
Success to get info from Play Store
The lastest version of com.degoo.android.beach-1.apk is  1.0.2  
Done processing com.degoo.android.beach-1.apk
Time Spent:   0 Days 0 Hours 0 Minutes 17 Seconds

============================================================================
9/24 Starting processing com.djinnworks.StickmanBasketball-1.apk ......
Getting apk info from https://play.google.com/store/apps/details?id=com.djinnworks.StickmanBasketball ......
Success to get info from Play Store
The lastest version of com.djinnworks.StickmanBasketball-1.apk is  1.2  
Done processing com.djinnworks.StickmanBasketball-1.apk
Time Spent:   0 Days 0 Hours 0 Minutes 19 Seconds

============================================================================
10/24 Starting processing com.doubleugames.DoubleUCasino-1.apk ......
Getting apk info from https://play.google.com/store/apps/details?id=com.doubleugames.DoubleUCasino ......
Success to get info from Play Store
The lastest version of com.doubleugames.DoubleUCasino-1.apk is  2.4.0  
Done processing com.doubleugames.DoubleUCasino-1.apk
Time Spent:   0 Days 0 Hours 0 Minutes 21 Seconds

============================================================================
11/24 Starting processing com.fgol.HungrySharkEvolution-1.apk ......
Getting apk info from https://play.google.com/store/apps/details?id=com.fgol.HungrySharkEvolution ......
Success to get info from Play Store
The lastest version of com.fgol.HungrySharkEvolution-1.apk is    Varies with device  
Done processing com.fgol.HungrySharkEvolution-1.apk
Time Spent:   0 Days 0 Hours 0 Minutes 23 Seconds

============================================================================
12/24 Starting processing com.fivestargames.slots-1.apk ......
Getting apk info from https://play.google.com/store/apps/details?id=com.fivestargames.slots ......
Success to get info from Play Store
The lastest version of com.fivestargames.slots-1.apk is  1.06  
Done processing com.fivestargames.slots-1.apk
Time Spent:   0 Days 0 Hours 0 Minutes 25 Seconds

============================================================================
13/24 Starting processing com.foxyapp.racingGamesBikeFree-1.apk ......
Getting apk info from https://play.google.com/store/apps/details?id=com.foxyapp.racingGamesBikeFree ......
Success to get info from Play Store
The lastest version of com.foxyapp.racingGamesBikeFree-1.apk is  1.0.14  
Done processing com.foxyapp.racingGamesBikeFree-1.apk
Time Spent:   0 Days 0 Hours 0 Minutes 27 Seconds

============================================================================
14/24 Starting processing com.midasplayer.apps.papapearsaga-1.apk ......
Getting apk info from https://play.google.com/store/apps/details?id=com.midasplayer.apps.papapearsaga ......
Success to get info from Play Store
The lastest version of com.midasplayer.apps.papapearsaga-1.apk is    Varies with device  
Done processing com.midasplayer.apps.papapearsaga-1.apk
Time Spent:   0 Days 0 Hours 0 Minutes 30 Seconds

============================================================================
15/24 Starting processing com.mobinlife.citydom-1.apk ......
Getting apk info from https://play.google.com/store/apps/details?id=com.mobinlife.citydom ......
Success to get info from Play Store
The lastest version of com.mobinlife.citydom-1.apk is  1.28  
Done processing com.mobinlife.citydom-1.apk
Time Spent:   0 Days 0 Hours 0 Minutes 34 Seconds

============================================================================
16/24 Starting processing com.mpisoft.doors2.beta-1.apk ......
Getting apk info from https://play.google.com/store/apps/details?id=com.mpisoft.doors2.beta ......
Success to get info from Play Store
The lastest version of com.mpisoft.doors2.beta-1.apk is  1.2  
Done processing com.mpisoft.doors2.beta-1.apk
Time Spent:   0 Days 0 Hours 0 Minutes 38 Seconds

============================================================================
17/24 Starting processing com.quelaba.sopaletras-1.apk ......
Getting apk info from https://play.google.com/store/apps/details?id=com.quelaba.sopaletras ......
Success to get info from Play Store
The lastest version of com.quelaba.sopaletras-1.apk is  2.0w  
Done processing com.quelaba.sopaletras-1.apk
Time Spent:   0 Days 0 Hours 0 Minutes 42 Seconds

============================================================================
18/24 Starting processing com.rovio.gold-1.apk ......
Getting apk info from https://play.google.com/store/apps/details?id=com.rovio.gold ......
Success to get info from Play Store
The lastest version of com.rovio.gold-1.apk is  1.0.10  
Done processing com.rovio.gold-1.apk
Time Spent:   0 Days 0 Hours 0 Minutes 48 Seconds

============================================================================
19/24 Starting processing com.scary.friends-1.apk ......
Getting apk info from https://play.google.com/store/apps/details?id=com.scary.friends ......
Success to get info from Play Store
The lastest version of com.scary.friends-1.apk is  1.0  
Done processing com.scary.friends-1.apk
Time Spent:   0 Days 0 Hours 0 Minutes 52 Seconds

============================================================================
20/24 Starting processing com.supercell.boombeach-1.apk ......
Getting apk info from https://play.google.com/store/apps/details?id=com.supercell.boombeach ......
Success to get info from Play Store
The lastest version of com.supercell.boombeach-1.apk is  16.46  
Done processing com.supercell.boombeach-1.apk
Time Spent:   0 Days 0 Hours 0 Minutes 56 Seconds

============================================================================
21/24 Starting processing com.ume.carsimulator-1.apk ......
Getting apk info from https://play.google.com/store/apps/details?id=com.ume.carsimulator ......
Success to get info from Play Store
The lastest version of com.ume.carsimulator-1.apk is  1.4  
Done processing com.ume.carsimulator-1.apk
Time Spent:   0 Days 0 Hours 1 Minutes 1 Seconds

============================================================================
22/24 Starting processing com.uplayonline.strikersoccerbrasil-1.apk ......
Getting apk info from https://play.google.com/store/apps/details?id=com.uplayonline.strikersoccerbrasil ......
Success to get info from Play Store
The lastest version of com.uplayonline.strikersoccerbrasil-1.apk is  1.1.8  
Done processing com.uplayonline.strikersoccerbrasil-1.apk
Time Spent:   0 Days 0 Hours 1 Minutes 6 Seconds

============================================================================
23/24 Starting processing com.wooga.diamonddash-1.apk ......
Getting apk info from https://play.google.com/store/apps/details?id=com.wooga.diamonddash ......
Success to get info from Play Store
The lastest version of com.wooga.diamonddash-1.apk is    Varies with device  
Done processing com.wooga.diamonddash-1.apk
Time Spent:   0 Days 0 Hours 1 Minutes 10 Seconds

============================================================================
24/24 Starting processing me.pou.app-1.apk ......
Getting apk info from https://play.google.com/store/apps/details?id=me.pou.app ......
Success to get info from Play Store
The lastest version of me.pou.app-1.apk is  1.4.44  
Done processing me.pou.app-1.apk
Time Spent:   0 Days 0 Hours 1 Minutes 14 Seconds

============================================================================


**************************************************************
All Done
Total Time:   0 Days 0 Hours 1 Minutes 14 Seconds
Result Location:               /srv/www/htdocs/CV2/app/admin/scan_apk_version//results/AppInfo_2014-07-01-13-35-14.csv
**************************************************************
