Start processing app in list /share/Git-Apk/Updated_list from /share/Git-Apk/All_Apk  ......

============================================================================
1/2 Starting processing com.NamcoNetworks.MsPacMan-1.apk ......
Getting apk info from https://play.google.com/store/apps/details?id=com.NamcoNetworks.MsPacMan ......
Success to get info from Play Store
The lastest version of com.NamcoNetworks.MsPacMan-1.apk is  2.0.0  
Done processing com.NamcoNetworks.MsPacMan-1.apk
Time Spent:   0 Days 0 Hours 0 Minutes 4 Seconds

============================================================================
2/2 Starting processing com.graveck.stratapremium-1.apk ......
Getting apk info from https://play.google.com/store/apps/details?id=com.graveck.stratapremium ......
Success to get info from Play Store
The lastest version of com.graveck.stratapremium-1.apk is  1.2  
Done processing com.graveck.stratapremium-1.apk
Time Spent:   0 Days 0 Hours 0 Minutes 8 Seconds

============================================================================


**************************************************************
All Done
Total Time:   0 Days 0 Hours 0 Minutes 8 Seconds
Result Location:               /srv/www/htdocs/CV2/app/admin/scan_apk_version//results/AppInfo_2014-02-13-10-45-44.csv
**************************************************************
