Start processing app in list /home/Git-Apk/Updated_list from /home/Git-Apk/All_Apk  ......

============================================================================
1/25 Starting processing air.com.befunky.BeFunkyPhotoEditor-1.apk ......
Getting apk info from https://play.google.com/store/apps/details?id=air.com.befunky.BeFunkyPhotoEditor ......
Success to get info from Play Store
The lastest version of air.com.befunky.BeFunkyPhotoEditor-1.apk is  4.1.0  
Done processing air.com.befunky.BeFunkyPhotoEditor-1.apk
Time Spent:   0 Days 0 Hours 0 Minutes 2 Seconds

============================================================================
2/25 Starting processing air.com.distractionware.vvvvvvmobile-1.apk ......
Getting apk info from https://play.google.com/store/apps/details?id=air.com.distractionware.vvvvvvmobile ......
Success to get info from Play Store
The lastest version of air.com.distractionware.vvvvvvmobile-1.apk is  1.0  
Done processing air.com.distractionware.vvvvvvmobile-1.apk
Time Spent:   0 Days 0 Hours 0 Minutes 4 Seconds

============================================================================
3/25 Starting processing air.com.sarahnorthway.rebuild2-1.apk ......
Error ouccus when processing air.com.sarahnorthway.rebuild2-1.apk : Cnnot get apk info by aapt !
============================================================================
3/25 Starting processing com.Alper.GravityProject-1.apk ......
Error ouccus when processing com.Alper.GravityProject-1.apk : Cnnot get apk info by aapt !
============================================================================
3/25 Starting processing com.Qunar-1.apk ......
Getting apk info from https://play.google.com/store/apps/details?id=com.Qunar ......
Success to get info from Play Store
The lastest version of com.Qunar-1.apk is  7.2.8  
Done processing com.Qunar-1.apk
Time Spent:   0 Days 0 Hours 0 Minutes 6 Seconds

============================================================================
4/25 Starting processing com.amazon.mShop.android-1.apk ......
Error ouccus when processing com.amazon.mShop.android-1.apk : Cnnot get apk info by aapt !
============================================================================
4/25 Starting processing com.bubblezapgames.supergnes-1.apk ......
Getting apk info from https://play.google.com/store/apps/details?id=com.bubblezapgames.supergnes ......
Success to get info from Play Store
The lastest version of com.bubblezapgames.supergnes-1.apk is    Varies with device  
Done processing com.bubblezapgames.supergnes-1.apk
Time Spent:   0 Days 0 Hours 0 Minutes 7 Seconds

============================================================================
5/25 Starting processing com.ea.games.simsfreeplay_na-1.apk ......
Error ouccus when processing com.ea.games.simsfreeplay_na-1.apk : Cnnot get apk info by aapt !
============================================================================
5/25 Starting processing com.emulator.fpse-1.apk ......
Getting apk info from https://play.google.com/store/apps/details?id=com.emulator.fpse ......
Success to get info from Play Store
The lastest version of com.emulator.fpse-1.apk is  0.11.139  
Done processing com.emulator.fpse-1.apk
Time Spent:   0 Days 0 Hours 0 Minutes 9 Seconds

============================================================================
6/25 Starting processing com.funshion.video.mobile-1.apk ......
Getting apk info from https://play.google.com/store/apps/details?id=com.funshion.video.mobile ......
[ERROR] : Cannot find info of com.funshion.video.mobile-1.apk on https://play.google.com/store/apps/details?id=com.funshion.video.mobile !!!
Done processing com.funshion.video.mobile-1.apk
Time Spent:   0 Days 0 Hours 0 Minutes 10 Seconds

============================================================================
7/25 Starting processing com.guildsoftware.vendetta-1.apk ......
Error ouccus when processing com.guildsoftware.vendetta-1.apk : Cnnot get apk info by aapt !
============================================================================
7/25 Starting processing com.kascend.video-1.apk ......
Getting apk info from https://play.google.com/store/apps/details?id=com.kascend.video ......
[ERROR] : Cannot find info of com.kascend.video-1.apk on https://play.google.com/store/apps/details?id=com.kascend.video !!!
Done processing com.kascend.video-1.apk
Time Spent:   0 Days 0 Hours 0 Minutes 11 Seconds

============================================================================
8/25 Starting processing com.lingdong.client.android-1.apk ......
Getting apk info from https://play.google.com/store/apps/details?id=com.lingdong.client.android ......
[ERROR] : Cannot find info of com.lingdong.client.android-1.apk on https://play.google.com/store/apps/details?id=com.lingdong.client.android !!!
Done processing com.lingdong.client.android-1.apk
Time Spent:   0 Days 0 Hours 0 Minutes 12 Seconds

============================================================================
9/25 Starting processing com.qihoo360.launcher-1.apk ......
Getting apk info from https://play.google.com/store/apps/details?id=com.qihoo360.launcher ......
Success to get info from Play Store
The lastest version of com.qihoo360.launcher-1.apk is  5.5.5  
Done processing com.qihoo360.launcher-1.apk
Time Spent:   0 Days 0 Hours 0 Minutes 14 Seconds

============================================================================
10/25 Starting processing com.sankuai.meituan-1.apk ......
Getting apk info from https://play.google.com/store/apps/details?id=com.sankuai.meituan ......
Success to get info from Play Store
The lastest version of com.sankuai.meituan-1.apk is  4.8.1  
Done processing com.sankuai.meituan-1.apk
Time Spent:   0 Days 0 Hours 0 Minutes 16 Seconds

============================================================================
11/25 Starting processing com.smile.gifmaker-1.apk ......
Getting apk info from https://play.google.com/store/apps/details?id=com.smile.gifmaker ......
Success to get info from Play Store
The lastest version of com.smile.gifmaker-1.apk is  3.97  
Done processing com.smile.gifmaker-1.apk
Time Spent:   0 Days 0 Hours 0 Minutes 18 Seconds

============================================================================
12/25 Starting processing com.sohu.sohuvideo-1.apk ......
Getting apk info from https://play.google.com/store/apps/details?id=com.sohu.sohuvideo ......
Success to get info from Play Store
The lastest version of com.sohu.sohuvideo-1.apk is  4.3.2  
Done processing com.sohu.sohuvideo-1.apk
Time Spent:   0 Days 0 Hours 0 Minutes 19 Seconds

============================================================================
13/25 Starting processing com.storm.smart-1.apk ......
Getting apk info from https://play.google.com/store/apps/details?id=com.storm.smart ......
[ERROR] : Cannot find info of com.storm.smart-1.apk on https://play.google.com/store/apps/details?id=com.storm.smart !!!
Done processing com.storm.smart-1.apk
Time Spent:   0 Days 0 Hours 0 Minutes 21 Seconds

============================================================================
14/25 Starting processing com.tatem.dinhunterhd-1.apk ......
Getting apk info from https://play.google.com/store/apps/details?id=com.tatem.dinhunterhd ......
Success to get info from Play Store
The lastest version of com.tatem.dinhunterhd-1.apk is  1.5.1  
Done processing com.tatem.dinhunterhd-1.apk
Time Spent:   0 Days 0 Hours 0 Minutes 24 Seconds

============================================================================
15/25 Starting processing com.tudou.android-1.apk ......
Getting apk info from https://play.google.com/store/apps/details?id=com.tudou.android ......
Success to get info from Play Store
The lastest version of com.tudou.android-1.apk is  4.2  
Done processing com.tudou.android-1.apk
Time Spent:   0 Days 0 Hours 0 Minutes 28 Seconds

============================================================================
16/25 Starting processing jp.co.applibot.legend.android-1.apk ......
Error ouccus when processing jp.co.applibot.legend.android-1.apk : Cnnot get apk info by aapt !
============================================================================
16/25 Starting processing jp.naver.linecamera.android-1.apk ......
Error ouccus when processing jp.naver.linecamera.android-1.apk : Cnnot get apk info by aapt !
============================================================================
16/25 Starting processing net.zhuoweizhang.mcpelauncher.pro-1.apk ......
Error ouccus when processing net.zhuoweizhang.mcpelauncher.pro-1.apk : Cnnot get apk info by aapt !
============================================================================
16/25 Starting processing tunein.player-1.apk ......
Error ouccus when processing tunein.player-1.apk : Cnnot get apk info by aapt !
============================================================================
16/25 Starting processing viva.reader-1.apk ......
Getting apk info from https://play.google.com/store/apps/details?id=viva.reader ......
Success to get info from Play Store
The lastest version of viva.reader-1.apk is  5.2.4  
Done processing viva.reader-1.apk
Time Spent:   0 Days 0 Hours 0 Minutes 31 Seconds

============================================================================


**************************************************************
All Done
Total Time:   0 Days 0 Hours 0 Minutes 31 Seconds
Result Location:               /srv/www/htdocs/CV2/app/admin/scan_apk_version//results/AppInfo_2014-08-19-14-49-06.csv
**************************************************************
