Start processing app in list /home/Git-Apk/Updated_list from /home/Git-Apk/All_Apk  ......

============================================================================
1/122 Starting processing air.com.buffalo_studios.newflashbingo-1.apk ......
Getting apk info from https://play.google.com/store/apps/details?id=air.com.buffalo_studios.newflashbingo ......
Success to get info from Play Store
The lastest version of air.com.buffalo_studios.newflashbingo-1.apk is  2.80.0  
Done processing air.com.buffalo_studios.newflashbingo-1.apk
Time Spent:   0 Days 0 Hours 0 Minutes 3 Seconds

============================================================================
2/122 Starting processing air.com.goodgamestudios.shadowkings-1.apk ......
Getting apk info from https://play.google.com/store/apps/details?id=air.com.goodgamestudios.shadowkings ......
Success to get info from Play Store
The lastest version of air.com.goodgamestudios.shadowkings-1.apk is  1.7.41  
Done processing air.com.goodgamestudios.shadowkings-1.apk
Time Spent:   0 Days 0 Hours 0 Minutes 4 Seconds

============================================================================
3/122 Starting processing air.com.playtika.slotomania-1.apk ......
Getting apk info from https://play.google.com/store/apps/details?id=air.com.playtika.slotomania ......
Success to get info from Play Store
The lastest version of air.com.playtika.slotomania-1.apk is    Varies with device  
Done processing air.com.playtika.slotomania-1.apk
Time Spent:   0 Days 0 Hours 0 Minutes 6 Seconds

============================================================================
4/122 Starting processing air.com.sgn.cookiejam.gp-1.apk ......
Getting apk info from https://play.google.com/store/apps/details?id=air.com.sgn.cookiejam.gp ......
Success to get info from Play Store
The lastest version of air.com.sgn.cookiejam.gp-1.apk is  2.70.105  
Done processing air.com.sgn.cookiejam.gp-1.apk
Time Spent:   0 Days 0 Hours 0 Minutes 7 Seconds

============================================================================
5/122 Starting processing appinventor.ai_todoprogramar.HappyWheelsPRO-1.apk ......
Getting apk info from https://play.google.com/store/apps/details?id=appinventor.ai_todoprogramar.HappyWheelsPRO ......
Success to get info from Play Store
The lastest version of appinventor.ai_todoprogramar.HappyWheelsPRO-1.apk is  1.3.5  
Done processing appinventor.ai_todoprogramar.HappyWheelsPRO-1.apk
Time Spent:   0 Days 0 Hours 0 Minutes 9 Seconds

============================================================================
6/122 Starting processing casinogamestudios.dolphincasino-1.apk ......
Getting apk info from https://play.google.com/store/apps/details?id=casinogamestudios.dolphincasino ......
Success to get info from Play Store
The lastest version of casinogamestudios.dolphincasino-1.apk is  1.3.2  
Done processing casinogamestudios.dolphincasino-1.apk
Time Spent:   0 Days 0 Hours 0 Minutes 14 Seconds

============================================================================
7/122 Starting processing co.vine.android-1.apk ......
Getting apk info from https://play.google.com/store/apps/details?id=co.vine.android ......
Success to get info from Play Store
The lastest version of co.vine.android-1.apk is    Varies with device  
Done processing co.vine.android-1.apk
Time Spent:   0 Days 0 Hours 0 Minutes 18 Seconds

============================================================================
8/122 Starting processing com.TycoonMania-1.apk ......
Getting apk info from https://play.google.com/store/apps/details?id=com.TycoonMania ......
Success to get info from Play Store
The lastest version of com.TycoonMania-1.apk is  1.1.11  
Done processing com.TycoonMania-1.apk
Time Spent:   0 Days 0 Hours 0 Minutes 21 Seconds

============================================================================
9/122 Starting processing com.alarmclock.xtreme.free-1.apk ......
Getting apk info from https://play.google.com/store/apps/details?id=com.alarmclock.xtreme.free ......
Success to get info from Play Store
The lastest version of com.alarmclock.xtreme.free-1.apk is    Varies with device  
Done processing com.alarmclock.xtreme.free-1.apk
Time Spent:   0 Days 0 Hours 0 Minutes 24 Seconds

============================================================================
10/122 Starting processing com.badoo.mobile-1.apk ......
Getting apk info from https://play.google.com/store/apps/details?id=com.badoo.mobile ......
Success to get info from Play Store
The lastest version of com.badoo.mobile-1.apk is    Varies with device  
Done processing com.badoo.mobile-1.apk
Time Spent:   0 Days 0 Hours 0 Minutes 28 Seconds

============================================================================
11/122 Starting processing com.bamnetworks.mobile.android.gameday.atbat-1.apk ......
Getting apk info from https://play.google.com/store/apps/details?id=com.bamnetworks.mobile.android.gameday.atbat ......
Success to get info from Play Store
The lastest version of com.bamnetworks.mobile.android.gameday.atbat-1.apk is    Varies with device  
Done processing com.bamnetworks.mobile.android.gameday.atbat-1.apk
Time Spent:   0 Days 0 Hours 0 Minutes 32 Seconds

============================================================================
12/122 Starting processing com.baviux.voicechanger-1.apk ......
Getting apk info from https://play.google.com/store/apps/details?id=com.baviux.voicechanger ......
Success to get info from Play Store
The lastest version of com.baviux.voicechanger-1.apk is  2.3.31  
Done processing com.baviux.voicechanger-1.apk
Time Spent:   0 Days 0 Hours 0 Minutes 36 Seconds

============================================================================
13/122 Starting processing com.bestcoolfungames.antsmasher-1.apk ......
Getting apk info from https://play.google.com/store/apps/details?id=com.bestcoolfungames.antsmasher ......
Success to get info from Play Store
The lastest version of com.bestcoolfungames.antsmasher-1.apk is  7.0  
Done processing com.bestcoolfungames.antsmasher-1.apk
Time Spent:   0 Days 0 Hours 0 Minutes 39 Seconds

============================================================================
14/122 Starting processing com.cardinalblue.piccollage.google-1.apk ......
Getting apk info from https://play.google.com/store/apps/details?id=com.cardinalblue.piccollage.google ......
Success to get info from Play Store
The lastest version of com.cardinalblue.piccollage.google-1.apk is    Varies with device  
Done processing com.cardinalblue.piccollage.google-1.apk
Time Spent:   0 Days 0 Hours 0 Minutes 43 Seconds

============================================================================
15/122 Starting processing com.cheerfulinc.flipagram-1.apk ......
Getting apk info from https://play.google.com/store/apps/details?id=com.cheerfulinc.flipagram ......
Success to get info from Play Store
The lastest version of com.cheerfulinc.flipagram-1.apk is    Varies with device  
Done processing com.cheerfulinc.flipagram-1.apk
Time Spent:   0 Days 0 Hours 0 Minutes 46 Seconds

============================================================================
16/122 Starting processing com.classdojo.student-1.apk ......
Getting apk info from https://play.google.com/store/apps/details?id=com.classdojo.student ......
Success to get info from Play Store
The lastest version of com.classdojo.student-1.apk is  1.0.6  
Done processing com.classdojo.student-1.apk
Time Spent:   0 Days 0 Hours 0 Minutes 50 Seconds

============================================================================
17/122 Starting processing com.cleanmaster.security-1.apk ......
Getting apk info from https://play.google.com/store/apps/details?id=com.cleanmaster.security ......
Success to get info from Play Store
The lastest version of com.cleanmaster.security-1.apk is    Varies with device  
Done processing com.cleanmaster.security-1.apk
Time Spent:   0 Days 0 Hours 0 Minutes 54 Seconds

============================================================================
18/122 Starting processing com.cootek.smartinputv5-1.apk ......
Getting apk info from https://play.google.com/store/apps/details?id=com.cootek.smartinputv5 ......
Success to get info from Play Store
The lastest version of com.cootek.smartinputv5-1.apk is    Varies with device  
Done processing com.cootek.smartinputv5-1.apk
Time Spent:   0 Days 0 Hours 0 Minutes 58 Seconds

============================================================================
19/122 Starting processing com.creativemobile.DragRacing-1.apk ......
Getting apk info from https://play.google.com/store/apps/details?id=com.creativemobile.DragRacing ......
Success to get info from Play Store
The lastest version of com.creativemobile.DragRacing-1.apk is    Varies with device  
Done processing com.creativemobile.DragRacing-1.apk
Time Spent:   0 Days 0 Hours 1 Minutes 1 Seconds

============================================================================
20/122 Starting processing com.djinnworks.RNF4-1.apk ......
Getting apk info from https://play.google.com/store/apps/details?id=com.djinnworks.RNF4 ......
Success to get info from Play Store
The lastest version of com.djinnworks.RNF4-1.apk is  1.6  
Done processing com.djinnworks.RNF4-1.apk
Time Spent:   0 Days 0 Hours 1 Minutes 6 Seconds

============================================================================
21/122 Starting processing com.domobile.applock-1.apk ......
Getting apk info from https://play.google.com/store/apps/details?id=com.domobile.applock ......
Success to get info from Play Store
The lastest version of com.domobile.applock-1.apk is    Varies with device  
Done processing com.domobile.applock-1.apk
Time Spent:   0 Days 0 Hours 1 Minutes 9 Seconds

============================================================================
22/122 Starting processing com.droidhen.game.poker-1.apk ......
Getting apk info from https://play.google.com/store/apps/details?id=com.droidhen.game.poker ......
Success to get info from Play Store
The lastest version of com.droidhen.game.poker-1.apk is  1.7.4  
Done processing com.droidhen.game.poker-1.apk
Time Spent:   0 Days 0 Hours 1 Minutes 13 Seconds

============================================================================
23/122 Starting processing com.dropbox.android-1.apk ......
Getting apk info from https://play.google.com/store/apps/details?id=com.dropbox.android ......
Success to get info from Play Store
The lastest version of com.dropbox.android-1.apk is    Varies with device  
Done processing com.dropbox.android-1.apk
Time Spent:   0 Days 0 Hours 1 Minutes 16 Seconds

============================================================================
24/122 Starting processing com.ea.BejeweledBlitz_na-1.apk ......
Getting apk info from https://play.google.com/store/apps/details?id=com.ea.BejeweledBlitz_na ......
Success to get info from Play Store
The lastest version of com.ea.BejeweledBlitz_na-1.apk is  1.5.7  
Done processing com.ea.BejeweledBlitz_na-1.apk
Time Spent:   0 Days 0 Hours 1 Minutes 21 Seconds

============================================================================
25/122 Starting processing com.ea.game.maddenmobile15_row-1.apk ......
Getting apk info from https://play.google.com/store/apps/details?id=com.ea.game.maddenmobile15_row ......
Success to get info from Play Store
The lastest version of com.ea.game.maddenmobile15_row-1.apk is    Varies with device  
Done processing com.ea.game.maddenmobile15_row-1.apk
Time Spent:   0 Days 0 Hours 1 Minutes 24 Seconds

============================================================================
26/122 Starting processing com.ea.games.r3_na-1.apk ......
Getting apk info from https://play.google.com/store/apps/details?id=com.ea.games.r3_na ......
Success to get info from Play Store
The lastest version of com.ea.games.r3_na-1.apk is  2.6.0  
Done processing com.ea.games.r3_na-1.apk
Time Spent:   0 Days 0 Hours 1 Minutes 28 Seconds

============================================================================
27/122 Starting processing com.ea.scrabblefree_na-1.apk ......
Getting apk info from https://play.google.com/store/apps/details?id=com.ea.scrabblefree_na ......
Success to get info from Play Store
The lastest version of com.ea.scrabblefree_na-1.apk is  3.7.0.671838  
Done processing com.ea.scrabblefree_na-1.apk
Time Spent:   0 Days 0 Hours 1 Minutes 33 Seconds

============================================================================
28/122 Starting processing com.estrongs.android.pop-1.apk ......
Getting apk info from https://play.google.com/store/apps/details?id=com.estrongs.android.pop ......
Success to get info from Play Store
The lastest version of com.estrongs.android.pop-1.apk is    Varies with device  
Done processing com.estrongs.android.pop-1.apk
Time Spent:   0 Days 0 Hours 1 Minutes 36 Seconds

============================================================================
29/122 Starting processing com.ezjoynetwork.cookiemania-1.apk ......
Getting apk info from https://play.google.com/store/apps/details?id=com.ezjoynetwork.cookiemania ......
Success to get info from Play Store
The lastest version of com.ezjoynetwork.cookiemania-1.apk is  1.1.5  
Done processing com.ezjoynetwork.cookiemania-1.apk
Time Spent:   0 Days 0 Hours 1 Minutes 40 Seconds

============================================================================
30/122 Starting processing com.fivemobile.thescore-1.apk ......
Getting apk info from https://play.google.com/store/apps/details?id=com.fivemobile.thescore ......
Success to get info from Play Store
The lastest version of com.fivemobile.thescore-1.apk is    Varies with device  
Done processing com.fivemobile.thescore-1.apk
Time Spent:   0 Days 0 Hours 1 Minutes 43 Seconds

============================================================================
31/122 Starting processing com.gameloft.android.ANMP.GloftUOHM-1.apk ......
Getting apk info from https://play.google.com/store/apps/details?id=com.gameloft.android.ANMP.GloftUOHM ......
Success to get info from Play Store
The lastest version of com.gameloft.android.ANMP.GloftUOHM-1.apk is    Varies with device  
Done processing com.gameloft.android.ANMP.GloftUOHM-1.apk
Time Spent:   0 Days 0 Hours 1 Minutes 48 Seconds

============================================================================
32/122 Starting processing com.gamevil.castlefantasia2.android.google.global.normal-1.apk ......
Getting apk info from https://play.google.com/store/apps/details?id=com.gamevil.castlefantasia2.android.google.global.normal ......
Success to get info from Play Store
The lastest version of com.gamevil.castlefantasia2.android.google.global.normal-1.apk is  1.0.5  
Done processing com.gamevil.castlefantasia2.android.google.global.normal-1.apk
Time Spent:   0 Days 0 Hours 1 Minutes 51 Seconds

============================================================================
33/122 Starting processing com.glu.deerhunt2-1.apk ......
Getting apk info from https://play.google.com/store/apps/details?id=com.glu.deerhunt2 ......
Success to get info from Play Store
The lastest version of com.glu.deerhunt2-1.apk is  2.4.1  
Done processing com.glu.deerhunt2-1.apk
Time Spent:   0 Days 0 Hours 1 Minutes 55 Seconds

============================================================================
34/122 Starting processing com.google.android.apps.docs.editors.sheets-1.apk ......
Getting apk info from https://play.google.com/store/apps/details?id=com.google.android.apps.docs.editors.sheets ......
Success to get info from Play Store
The lastest version of com.google.android.apps.docs.editors.sheets-1.apk is    Varies with device  
Done processing com.google.android.apps.docs.editors.sheets-1.apk
Time Spent:   0 Days 0 Hours 2 Minutes 0 Seconds

============================================================================
35/122 Starting processing com.gotv.nflgamecenter.us.lite-1.apk ......
Getting apk info from https://play.google.com/store/apps/details?id=com.gotv.nflgamecenter.us.lite ......
Success to get info from Play Store
The lastest version of com.gotv.nflgamecenter.us.lite-1.apk is    Varies with device  
Done processing com.gotv.nflgamecenter.us.lite-1.apk
Time Spent:   0 Days 0 Hours 2 Minutes 4 Seconds

============================================================================
36/122 Starting processing com.gree.bfherorun-1.apk ......
Getting apk info from https://play.google.com/store/apps/details?id=com.gree.bfherorun ......
Success to get info from Play Store
The lastest version of com.gree.bfherorun-1.apk is  1.7  
Done processing com.gree.bfherorun-1.apk
Time Spent:   0 Days 0 Hours 2 Minutes 7 Seconds

============================================================================
37/122 Starting processing com.gsn.android.casino-1.apk ......
Getting apk info from https://play.google.com/store/apps/details?id=com.gsn.android.casino ......
Success to get info from Play Store
The lastest version of com.gsn.android.casino-1.apk is  3.8.1.89.57  
Done processing com.gsn.android.casino-1.apk
Time Spent:   0 Days 0 Hours 2 Minutes 11 Seconds

============================================================================
38/122 Starting processing com.h5g.high5casino-1.apk ......
Getting apk info from https://play.google.com/store/apps/details?id=com.h5g.high5casino ......
Success to get info from Play Store
The lastest version of com.h5g.high5casino-1.apk is  1.18.8  
Done processing com.h5g.high5casino-1.apk
Time Spent:   0 Days 0 Hours 2 Minutes 14 Seconds

============================================================================
39/122 Starting processing com.hulu.plus-1.apk ......
Getting apk info from https://play.google.com/store/apps/details?id=com.hulu.plus ......
Success to get info from Play Store
The lastest version of com.hulu.plus-1.apk is  2.16.0.202018  
Done processing com.hulu.plus-1.apk
Time Spent:   0 Days 0 Hours 2 Minutes 17 Seconds

============================================================================
40/122 Starting processing com.i6.FlightSimulatorAirplane3D-1.apk ......
Getting apk info from https://play.google.com/store/apps/details?id=com.i6.FlightSimulatorAirplane3D ......
Success to get info from Play Store
The lastest version of com.i6.FlightSimulatorAirplane3D-1.apk is  1.13  
Done processing com.i6.FlightSimulatorAirplane3D-1.apk
Time Spent:   0 Days 0 Hours 2 Minutes 21 Seconds

============================================================================
41/122 Starting processing com.igg.android.im-1.apk ......
Getting apk info from https://play.google.com/store/apps/details?id=com.igg.android.im ......
Success to get info from Play Store
The lastest version of com.igg.android.im-1.apk is  1.1.6  
Done processing com.igg.android.im-1.apk
Time Spent:   0 Days 0 Hours 2 Minutes 25 Seconds

============================================================================
42/122 Starting processing com.ijinshan.kbatterydoctor_en-1.apk ......
Getting apk info from https://play.google.com/store/apps/details?id=com.ijinshan.kbatterydoctor_en ......
Success to get info from Play Store
The lastest version of com.ijinshan.kbatterydoctor_en-1.apk is  4.13  
Done processing com.ijinshan.kbatterydoctor_en-1.apk
Time Spent:   0 Days 0 Hours 2 Minutes 29 Seconds

============================================================================
43/122 Starting processing com.instagram.android-1.apk ......
Getting apk info from https://play.google.com/store/apps/details?id=com.instagram.android ......
Success to get info from Play Store
The lastest version of com.instagram.android-1.apk is    Varies with device  
Done processing com.instagram.android-1.apk
Time Spent:   0 Days 0 Hours 2 Minutes 32 Seconds

============================================================================
44/122 Starting processing com.intsig.camscanner-1.apk ......
Getting apk info from https://play.google.com/store/apps/details?id=com.intsig.camscanner ......
Success to get info from Play Store
The lastest version of com.intsig.camscanner-1.apk is  3.5.0.20140730  
Done processing com.intsig.camscanner-1.apk
Time Spent:   0 Days 0 Hours 2 Minutes 36 Seconds

============================================================================
45/122 Starting processing com.iugome.lilknights-1.apk ......
Getting apk info from https://play.google.com/store/apps/details?id=com.iugome.lilknights ......
Success to get info from Play Store
The lastest version of com.iugome.lilknights-1.apk is    Varies with device  
Done processing com.iugome.lilknights-1.apk
Time Spent:   0 Days 0 Hours 2 Minutes 40 Seconds

============================================================================
46/122 Starting processing com.jb.gosms-1.apk ......
Getting apk info from https://play.google.com/store/apps/details?id=com.jb.gosms ......
Success to get info from Play Store
The lastest version of com.jb.gosms-1.apk is    Varies with device  
Done processing com.jb.gosms-1.apk
Time Spent:   0 Days 0 Hours 2 Minutes 44 Seconds

============================================================================
47/122 Starting processing com.jumpgames.rswrb-1.apk ......
Getting apk info from https://play.google.com/store/apps/details?id=com.jumpgames.rswrb ......
Success to get info from Play Store
The lastest version of com.jumpgames.rswrb-1.apk is  11.11.224  
Done processing com.jumpgames.rswrb-1.apk
Time Spent:   0 Days 0 Hours 2 Minutes 48 Seconds

============================================================================
48/122 Starting processing com.kabam.doamobile-1.apk ......
Getting apk info from https://play.google.com/store/apps/details?id=com.kabam.doamobile ......
Success to get info from Play Store
The lastest version of com.kabam.doamobile-1.apk is    Varies with device  
Done processing com.kabam.doamobile-1.apk
Time Spent:   0 Days 0 Hours 2 Minutes 52 Seconds

============================================================================
49/122 Starting processing com.ketchapp.circlethedot-1.apk ......
Getting apk info from https://play.google.com/store/apps/details?id=com.ketchapp.circlethedot ......
Success to get info from Play Store
The lastest version of com.ketchapp.circlethedot-1.apk is  1.0  
Done processing com.ketchapp.circlethedot-1.apk
Time Spent:   0 Days 0 Hours 2 Minutes 55 Seconds

============================================================================
50/122 Starting processing com.king.farmheroessaga-1.apk ......
Getting apk info from https://play.google.com/store/apps/details?id=com.king.farmheroessaga ......
Success to get info from Play Store
The lastest version of com.king.farmheroessaga-1.apk is  2.12.7  
Done processing com.king.farmheroessaga-1.apk
Time Spent:   0 Days 0 Hours 2 Minutes 59 Seconds

============================================================================
51/122 Starting processing com.king.petrescuesaga-1.apk ......
Getting apk info from https://play.google.com/store/apps/details?id=com.king.petrescuesaga ......
Success to get info from Play Store
The lastest version of com.king.petrescuesaga-1.apk is  1.28.3  
Done processing com.king.petrescuesaga-1.apk
Time Spent:   0 Days 0 Hours 3 Minutes 3 Seconds

============================================================================
52/122 Starting processing com.king.pyramidsolitairesaga-1.apk ......
Getting apk info from https://play.google.com/store/apps/details?id=com.king.pyramidsolitairesaga ......
Success to get info from Play Store
The lastest version of com.king.pyramidsolitairesaga-1.apk is  1.6.0  
Done processing com.king.pyramidsolitairesaga-1.apk
Time Spent:   0 Days 0 Hours 3 Minutes 7 Seconds

============================================================================
53/122 Starting processing com.kiwi.shipwrecked-1.apk ......
Getting apk info from https://play.google.com/store/apps/details?id=com.kiwi.shipwrecked ......
Success to get info from Play Store
The lastest version of com.kiwi.shipwrecked-1.apk is    Varies with device  
Done processing com.kiwi.shipwrecked-1.apk
Time Spent:   0 Days 0 Hours 3 Minutes 11 Seconds

============================================================================
54/122 Starting processing com.konylabs.capitalone-1.apk ......
Getting apk info from https://play.google.com/store/apps/details?id=com.konylabs.capitalone ......
Success to get info from Play Store
The lastest version of com.konylabs.capitalone-1.apk is  4.12.1  
Done processing com.konylabs.capitalone-1.apk
Time Spent:   0 Days 0 Hours 3 Minutes 14 Seconds

============================================================================
55/122 Starting processing com.ksmobile.cb-1.apk ......
Getting apk info from https://play.google.com/store/apps/details?id=com.ksmobile.cb ......
Success to get info from Play Store
The lastest version of com.ksmobile.cb-1.apk is  5.0.74  
Done processing com.ksmobile.cb-1.apk
Time Spent:   0 Days 0 Hours 3 Minutes 18 Seconds

============================================================================
56/122 Starting processing com.leftover.CoinDozer-1.apk ......
Getting apk info from https://play.google.com/store/apps/details?id=com.leftover.CoinDozer ......
Success to get info from Play Store
The lastest version of com.leftover.CoinDozer-1.apk is    Varies with device  
Done processing com.leftover.CoinDozer-1.apk
Time Spent:   0 Days 0 Hours 3 Minutes 22 Seconds

============================================================================
57/122 Starting processing com.ludia.familyfeudblitz-1.apk ......
Getting apk info from https://play.google.com/store/apps/details?id=com.ludia.familyfeudblitz ......
Success to get info from Play Store
The lastest version of com.ludia.familyfeudblitz-1.apk is  1.3.14  
Done processing com.ludia.familyfeudblitz-1.apk
Time Spent:   0 Days 0 Hours 3 Minutes 26 Seconds

============================================================================
58/122 Starting processing com.lumoslabs.lumosity-1.apk ......
Getting apk info from https://play.google.com/store/apps/details?id=com.lumoslabs.lumosity ......
Success to get info from Play Store
The lastest version of com.lumoslabs.lumosity-1.apk is  1.0.179  
Done processing com.lumoslabs.lumosity-1.apk
Time Spent:   0 Days 0 Hours 3 Minutes 30 Seconds

============================================================================
59/122 Starting processing com.magicjack-1.apk ......
Getting apk info from https://play.google.com/store/apps/details?id=com.magicjack ......
Success to get info from Play Store
The lastest version of com.magicjack-1.apk is    Varies with device  
Done processing com.magicjack-1.apk
Time Spent:   0 Days 0 Hours 3 Minutes 33 Seconds

============================================================================
60/122 Starting processing com.magmamobile.game.IceCream-1.apk ......
Getting apk info from https://play.google.com/store/apps/details?id=com.magmamobile.game.IceCream ......
Success to get info from Play Store
The lastest version of com.magmamobile.game.IceCream-1.apk is  1.0.1  
Done processing com.magmamobile.game.IceCream-1.apk
Time Spent:   0 Days 0 Hours 3 Minutes 38 Seconds

============================================================================
61/122 Starting processing com.mapquest.android.ace-1.apk ......
Getting apk info from https://play.google.com/store/apps/details?id=com.mapquest.android.ace ......
Success to get info from Play Store
The lastest version of com.mapquest.android.ace-1.apk is    Varies with device  
Done processing com.mapquest.android.ace-1.apk
Time Spent:   0 Days 0 Hours 3 Minutes 41 Seconds

============================================================================
62/122 Starting processing com.mavenhut.solitaire-1.apk ......
Getting apk info from https://play.google.com/store/apps/details?id=com.mavenhut.solitaire ......
Success to get info from Play Store
The lastest version of com.mavenhut.solitaire-1.apk is  1.0.19  
Done processing com.mavenhut.solitaire-1.apk
Time Spent:   0 Days 0 Hours 3 Minutes 45 Seconds

============================================================================
63/122 Starting processing com.miantan.myoface-1.apk ......
Getting apk info from https://play.google.com/store/apps/details?id=com.miantan.myoface ......
Success to get info from Play Store
The lastest version of com.miantan.myoface-1.apk is  3.4.0  
Done processing com.miantan.myoface-1.apk
Time Spent:   0 Days 0 Hours 3 Minutes 49 Seconds

============================================================================
64/122 Starting processing com.midasplayer.apps.bubblewitch-1.apk ......
Getting apk info from https://play.google.com/store/apps/details?id=com.midasplayer.apps.bubblewitch ......
Success to get info from Play Store
The lastest version of com.midasplayer.apps.bubblewitch-1.apk is  3.1.12  
Done processing com.midasplayer.apps.bubblewitch-1.apk
Time Spent:   0 Days 0 Hours 3 Minutes 53 Seconds

============================================================================
65/122 Starting processing com.midasplayer.apps.bubblewitchsaga2-1.apk ......
Getting apk info from https://play.google.com/store/apps/details?id=com.midasplayer.apps.bubblewitchsaga2 ......
Success to get info from Play Store
The lastest version of com.midasplayer.apps.bubblewitchsaga2-1.apk is    Varies with device  
Done processing com.midasplayer.apps.bubblewitchsaga2-1.apk
Time Spent:   0 Days 0 Hours 3 Minutes 57 Seconds

============================================================================
66/122 Starting processing com.miniclip.eightballpool-1.apk ......
Getting apk info from https://play.google.com/store/apps/details?id=com.miniclip.eightballpool ......
Success to get info from Play Store
The lastest version of com.miniclip.eightballpool-1.apk is  3.0.1  
Done processing com.miniclip.eightballpool-1.apk
Time Spent:   0 Days 0 Hours 4 Minutes 1 Seconds

============================================================================
67/122 Starting processing com.mss.doublediamond-1.apk ......
Getting apk info from https://play.google.com/store/apps/details?id=com.mss.doublediamond ......
Success to get info from Play Store
The lastest version of com.mss.doublediamond-1.apk is  1.2.5  
Done processing com.mss.doublediamond-1.apk
Time Spent:   0 Days 0 Hours 4 Minutes 5 Seconds

============================================================================
68/122 Starting processing com.namcobandaigames.pacmankart-1.apk ......
Getting apk info from https://play.google.com/store/apps/details?id=com.namcobandaigames.pacmankart ......
Success to get info from Play Store
The lastest version of com.namcobandaigames.pacmankart-1.apk is  1.3.1  
Done processing com.namcobandaigames.pacmankart-1.apk
Time Spent:   0 Days 0 Hours 4 Minutes 9 Seconds

============================================================================
69/122 Starting processing com.nfl.fantasy.core.android-1.apk ......
Getting apk info from https://play.google.com/store/apps/details?id=com.nfl.fantasy.core.android ......
Success to get info from Play Store
The lastest version of com.nfl.fantasy.core.android-1.apk is  1.2.7  
Done processing com.nfl.fantasy.core.android-1.apk
Time Spent:   0 Days 0 Hours 4 Minutes 13 Seconds

============================================================================
70/122 Starting processing com.nianticproject.ingress-1.apk ......
Getting apk info from https://play.google.com/store/apps/details?id=com.nianticproject.ingress ......
Success to get info from Play Store
The lastest version of com.nianticproject.ingress-1.apk is  1.61.2  
Done processing com.nianticproject.ingress-1.apk
Time Spent:   0 Days 0 Hours 4 Minutes 16 Seconds

============================================================================
71/122 Starting processing com.omgpop.dstfree-1.apk ......
Getting apk info from https://play.google.com/store/apps/details?id=com.omgpop.dstfree ......
Success to get info from Play Store
The lastest version of com.omgpop.dstfree-1.apk is  2.333.229  
Done processing com.omgpop.dstfree-1.apk
Time Spent:   0 Days 0 Hours 4 Minutes 20 Seconds

============================================================================
72/122 Starting processing com.oovoo-1.apk ......
Getting apk info from https://play.google.com/store/apps/details?id=com.oovoo ......
Success to get info from Play Store
The lastest version of com.oovoo-1.apk is  2.2.3  
Done processing com.oovoo-1.apk
Time Spent:   0 Days 0 Hours 4 Minutes 24 Seconds

============================================================================
73/122 Starting processing com.outfit7.movingeye.swampattack-1.apk ......
Getting apk info from https://play.google.com/store/apps/details?id=com.outfit7.movingeye.swampattack ......
Success to get info from Play Store
The lastest version of com.outfit7.movingeye.swampattack-1.apk is  1.5  
Done processing com.outfit7.movingeye.swampattack-1.apk
Time Spent:   0 Days 0 Hours 4 Minutes 28 Seconds

============================================================================
74/122 Starting processing com.paypal.android.p2pmobile-1.apk ......
Getting apk info from https://play.google.com/store/apps/details?id=com.paypal.android.p2pmobile ......
Success to get info from Play Store
The lastest version of com.paypal.android.p2pmobile-1.apk is  5.6.1  
Done processing com.paypal.android.p2pmobile-1.apk
Time Spent:   0 Days 0 Hours 4 Minutes 32 Seconds

============================================================================
75/122 Starting processing com.pennypop.monsters.live-1.apk ......
Getting apk info from https://play.google.com/store/apps/details?id=com.pennypop.monsters.live ......
Success to get info from Play Store
The lastest version of com.pennypop.monsters.live-1.apk is  2.6.8  
Done processing com.pennypop.monsters.live-1.apk
Time Spent:   0 Days 0 Hours 4 Minutes 36 Seconds

============================================================================
76/122 Starting processing com.pinger.textfree-1.apk ......
Getting apk info from https://play.google.com/store/apps/details?id=com.pinger.textfree ......
Success to get info from Play Store
The lastest version of com.pinger.textfree-1.apk is    Varies with device  
Done processing com.pinger.textfree-1.apk
Time Spent:   0 Days 0 Hours 4 Minutes 41 Seconds

============================================================================
77/122 Starting processing com.pinger.textfree.call-1.apk ......
Getting apk info from https://play.google.com/store/apps/details?id=com.pinger.textfree.call ......
Success to get info from Play Store
The lastest version of com.pinger.textfree.call-1.apk is    Varies with device  
Done processing com.pinger.textfree.call-1.apk
Time Spent:   0 Days 0 Hours 4 Minutes 46 Seconds

============================================================================
78/122 Starting processing com.pinkpointer.wordsearch-1.apk ......
Getting apk info from https://play.google.com/store/apps/details?id=com.pinkpointer.wordsearch ......
Success to get info from Play Store
The lastest version of com.pinkpointer.wordsearch-1.apk is  WS-1.2.3  
Done processing com.pinkpointer.wordsearch-1.apk
Time Spent:   0 Days 0 Hours 4 Minutes 50 Seconds

============================================================================
79/122 Starting processing com.pinterest-1.apk ......
Getting apk info from https://play.google.com/store/apps/details?id=com.pinterest ......
Success to get info from Play Store
The lastest version of com.pinterest-1.apk is    Varies with device  
Done processing com.pinterest-1.apk
Time Spent:   0 Days 0 Hours 4 Minutes 53 Seconds

============================================================================
80/122 Starting processing com.pixel.gun3d-1.apk ......
Getting apk info from https://play.google.com/store/apps/details?id=com.pixel.gun3d ......
Success to get info from Play Store
The lastest version of com.pixel.gun3d-1.apk is  8.0.0  
Done processing com.pixel.gun3d-1.apk
Time Spent:   0 Days 0 Hours 4 Minutes 57 Seconds

============================================================================
81/122 Starting processing com.playtika.wsop.gp-1.apk ......
Getting apk info from https://play.google.com/store/apps/details?id=com.playtika.wsop.gp ......
Success to get info from Play Store
The lastest version of com.playtika.wsop.gp-1.apk is  2.6.3  
Done processing com.playtika.wsop.gp-1.apk
Time Spent:   0 Days 0 Hours 5 Minutes 0 Seconds

============================================================================
82/122 Starting processing com.progrestar.bft-1.apk ......
Getting apk info from https://play.google.com/store/apps/details?id=com.progrestar.bft ......
Success to get info from Play Store
The lastest version of com.progrestar.bft-1.apk is    Varies with device  
Done processing com.progrestar.bft-1.apk
Time Spent:   0 Days 0 Hours 5 Minutes 4 Seconds

============================================================================
83/122 Starting processing com.purplekiwii.mb-1.apk ......
Getting apk info from https://play.google.com/store/apps/details?id=com.purplekiwii.mb ......
Success to get info from Play Store
The lastest version of com.purplekiwii.mb-1.apk is  1.1.0  
Done processing com.purplekiwii.mb-1.apk
Time Spent:   0 Days 0 Hours 5 Minutes 8 Seconds

============================================================================
84/122 Starting processing com.qisiemoji.inputmethod-1.apk ......
Getting apk info from https://play.google.com/store/apps/details?id=com.qisiemoji.inputmethod ......
Success to get info from Play Store
The lastest version of com.qisiemoji.inputmethod-1.apk is  2.6  
Done processing com.qisiemoji.inputmethod-1.apk
Time Spent:   0 Days 0 Hours 5 Minutes 11 Seconds

============================================================================
85/122 Starting processing com.queader.vect-1.apk ......
Getting apk info from https://play.google.com/store/apps/details?id=com.queader.vect ......
Success to get info from Play Store
The lastest version of com.queader.vect-1.apk is  1.3  
Done processing com.queader.vect-1.apk
Time Spent:   0 Days 0 Hours 5 Minutes 14 Seconds

============================================================================
86/122 Starting processing com.quizup.core-1.apk ......
Getting apk info from https://play.google.com/store/apps/details?id=com.quizup.core ......
Success to get info from Play Store
The lastest version of com.quizup.core-1.apk is  1.4.1  
Done processing com.quizup.core-1.apk
Time Spent:   0 Days 0 Hours 5 Minutes 18 Seconds

============================================================================
87/122 Starting processing com.randomlogicgames.guesstheemoji-1.apk ......
Getting apk info from https://play.google.com/store/apps/details?id=com.randomlogicgames.guesstheemoji ......
Success to get info from Play Store
The lastest version of com.randomlogicgames.guesstheemoji-1.apk is    Varies with device  
Done processing com.randomlogicgames.guesstheemoji-1.apk
Time Spent:   0 Days 0 Hours 5 Minutes 22 Seconds

============================================================================
88/122 Starting processing com.scopely.slotsvacation-1.apk ......
Getting apk info from https://play.google.com/store/apps/details?id=com.scopely.slotsvacation ......
Success to get info from Play Store
The lastest version of com.scopely.slotsvacation-1.apk is  1.48  
Done processing com.scopely.slotsvacation-1.apk
Time Spent:   0 Days 0 Hours 5 Minutes 26 Seconds

============================================================================
89/122 Starting processing com.sgn.pandapop.gp-1.apk ......
Getting apk info from https://play.google.com/store/apps/details?id=com.sgn.pandapop.gp ......
Success to get info from Play Store
The lastest version of com.sgn.pandapop.gp-1.apk is  2.1  
Done processing com.sgn.pandapop.gp-1.apk
Time Spent:   0 Days 0 Hours 5 Minutes 30 Seconds

============================================================================
90/122 Starting processing com.sirma.mobile.bible.android-1.apk ......
Getting apk info from https://play.google.com/store/apps/details?id=com.sirma.mobile.bible.android ......
Success to get info from Play Store
The lastest version of com.sirma.mobile.bible.android-1.apk is    Varies with device  
Done processing com.sirma.mobile.bible.android-1.apk
Time Spent:   0 Days 0 Hours 5 Minutes 34 Seconds

============================================================================
91/122 Starting processing com.sosc.beforedie-1.apk ......
Getting apk info from https://play.google.com/store/apps/details?id=com.sosc.beforedie ......
Success to get info from Play Store
The lastest version of com.sosc.beforedie-1.apk is  2.3.4  
Done processing com.sosc.beforedie-1.apk
Time Spent:   0 Days 0 Hours 5 Minutes 38 Seconds

============================================================================
92/122 Starting processing com.spacegame.dessert-1.apk ......
Getting apk info from https://play.google.com/store/apps/details?id=com.spacegame.dessert ......
Success to get info from Play Store
The lastest version of com.spacegame.dessert-1.apk is  1.6.2  
Done processing com.spacegame.dessert-1.apk
Time Spent:   0 Days 0 Hours 5 Minutes 42 Seconds

============================================================================
93/122 Starting processing com.spotify.music-1.apk ......
Getting apk info from https://play.google.com/store/apps/details?id=com.spotify.music ......
Success to get info from Play Store
The lastest version of com.spotify.music-1.apk is    Varies with device  
Done processing com.spotify.music-1.apk
Time Spent:   0 Days 0 Hours 5 Minutes 45 Seconds

============================================================================
94/122 Starting processing com.stac.empire.main-1.apk ......
Getting apk info from https://play.google.com/store/apps/details?id=com.stac.empire.main ......
Success to get info from Play Store
The lastest version of com.stac.empire.main-1.apk is  2.3.39  
Done processing com.stac.empire.main-1.apk
Time Spent:   0 Days 0 Hours 5 Minutes 49 Seconds

============================================================================
95/122 Starting processing com.tamalaki.hogblackstonemysteries-1.apk ......
Getting apk info from https://play.google.com/store/apps/details?id=com.tamalaki.hogblackstonemysteries ......
Success to get info from Play Store
The lastest version of com.tamalaki.hogblackstonemysteries-1.apk is  2.6  
Done processing com.tamalaki.hogblackstonemysteries-1.apk
Time Spent:   0 Days 0 Hours 5 Minutes 53 Seconds

============================================================================
96/122 Starting processing com.theonegames.gunshipbattle-1.apk ......
Getting apk info from https://play.google.com/store/apps/details?id=com.theonegames.gunshipbattle ......
Success to get info from Play Store
The lastest version of com.theonegames.gunshipbattle-1.apk is  1.2.1  
Done processing com.theonegames.gunshipbattle-1.apk
Time Spent:   0 Days 0 Hours 5 Minutes 57 Seconds

============================================================================
97/122 Starting processing com.tinyco.familyguy-1.apk ......
Getting apk info from https://play.google.com/store/apps/details?id=com.tinyco.familyguy ......
Success to get info from Play Store
The lastest version of com.tinyco.familyguy-1.apk is    Varies with device  
Done processing com.tinyco.familyguy-1.apk
Time Spent:   0 Days 0 Hours 6 Minutes 0 Seconds

============================================================================
98/122 Starting processing com.touchfoo.swordigo-1.apk ......
Getting apk info from https://play.google.com/store/apps/details?id=com.touchfoo.swordigo ......
Success to get info from Play Store
The lastest version of com.touchfoo.swordigo-1.apk is  1.3.1  
Done processing com.touchfoo.swordigo-1.apk
Time Spent:   0 Days 0 Hours 6 Minutes 4 Seconds

============================================================================
99/122 Starting processing com.touchtype.swiftkey-1.apk ......
Getting apk info from https://play.google.com/store/apps/details?id=com.touchtype.swiftkey ......
Success to get info from Play Store
The lastest version of com.touchtype.swiftkey-1.apk is    Varies with device  
Done processing com.touchtype.swiftkey-1.apk
Time Spent:   0 Days 0 Hours 6 Minutes 8 Seconds

============================================================================
100/122 Starting processing com.tp.android.csurgeon-1.apk ......
Getting apk info from https://play.google.com/store/apps/details?id=com.tp.android.csurgeon ......
Success to get info from Play Store
The lastest version of com.tp.android.csurgeon-1.apk is  1.0.5  
Done processing com.tp.android.csurgeon-1.apk
Time Spent:   0 Days 0 Hours 6 Minutes 12 Seconds

============================================================================
101/122 Starting processing com.twelvegigs.heaven.bingo-1.apk ......
Getting apk info from https://play.google.com/store/apps/details?id=com.twelvegigs.heaven.bingo ......
Success to get info from Play Store
The lastest version of com.twelvegigs.heaven.bingo-1.apk is    Varies with device  
Done processing com.twelvegigs.heaven.bingo-1.apk
Time Spent:   0 Days 0 Hours 6 Minutes 16 Seconds

============================================================================
102/122 Starting processing com.twitter.android-1.apk ......
Getting apk info from https://play.google.com/store/apps/details?id=com.twitter.android ......
Success to get info from Play Store
The lastest version of com.twitter.android-1.apk is    Varies with device  
Done processing com.twitter.android-1.apk
Time Spent:   0 Days 0 Hours 6 Minutes 20 Seconds

============================================================================
103/122 Starting processing com.ubercab-1.apk ......
Getting apk info from https://play.google.com/store/apps/details?id=com.ubercab ......
Success to get info from Play Store
The lastest version of com.ubercab-1.apk is    Varies with device  
Done processing com.ubercab-1.apk
Time Spent:   0 Days 0 Hours 6 Minutes 23 Seconds

============================================================================
104/122 Starting processing com.umonistudio.color-1.apk ......
Getting apk info from https://play.google.com/store/apps/details?id=com.umonistudio.color ......
Success to get info from Play Store
The lastest version of com.umonistudio.color-1.apk is  1.5  
Done processing com.umonistudio.color-1.apk
Time Spent:   0 Days 0 Hours 6 Minutes 26 Seconds

============================================================================
105/122 Starting processing com.wegoi.revolt2multiplayer-1.apk ......
Getting apk info from https://play.google.com/store/apps/details?id=com.wegoi.revolt2multiplayer ......
Success to get info from Play Store
The lastest version of com.wegoi.revolt2multiplayer-1.apk is  1.1.11  
Done processing com.wegoi.revolt2multiplayer-1.apk
Time Spent:   0 Days 0 Hours 6 Minutes 30 Seconds

============================================================================
106/122 Starting processing com.wf.wellsfargomobile-1.apk ......
Getting apk info from https://play.google.com/store/apps/details?id=com.wf.wellsfargomobile ......
Success to get info from Play Store
The lastest version of com.wf.wellsfargomobile-1.apk is  3.7  
Done processing com.wf.wellsfargomobile-1.apk
Time Spent:   0 Days 0 Hours 6 Minutes 34 Seconds

============================================================================
107/122 Starting processing com.williamsinteractive.goldfish-1.apk ......
Getting apk info from https://play.google.com/store/apps/details?id=com.williamsinteractive.goldfish ......
Success to get info from Play Store
The lastest version of com.williamsinteractive.goldfish-1.apk is  4.00  
Done processing com.williamsinteractive.goldfish-1.apk
Time Spent:   0 Days 0 Hours 6 Minutes 38 Seconds

============================================================================
108/122 Starting processing com.wooga.diamonddash-1.apk ......
Getting apk info from https://play.google.com/store/apps/details?id=com.wooga.diamonddash ......
Success to get info from Play Store
The lastest version of com.wooga.diamonddash-1.apk is    Varies with device  
Done processing com.wooga.diamonddash-1.apk
Time Spent:   0 Days 0 Hours 6 Minutes 42 Seconds

============================================================================
109/122 Starting processing com.yahoo.mobile.client.android.mail-1.apk ......
Getting apk info from https://play.google.com/store/apps/details?id=com.yahoo.mobile.client.android.mail ......
Success to get info from Play Store
The lastest version of com.yahoo.mobile.client.android.mail-1.apk is  4.6.2  
Done processing com.yahoo.mobile.client.android.mail-1.apk
Time Spent:   0 Days 0 Hours 6 Minutes 46 Seconds

============================================================================
110/122 Starting processing com.yelp.android-1.apk ......
Getting apk info from https://play.google.com/store/apps/details?id=com.yelp.android ......
Success to get info from Play Store
The lastest version of com.yelp.android-1.apk is    Varies with device  
Done processing com.yelp.android-1.apk
Time Spent:   0 Days 0 Hours 6 Minutes 50 Seconds

============================================================================
111/122 Starting processing com.zynga.livepoker-1.apk ......
Getting apk info from https://play.google.com/store/apps/details?id=com.zynga.livepoker ......
Success to get info from Play Store
The lastest version of com.zynga.livepoker-1.apk is    Varies with device  
Done processing com.zynga.livepoker-1.apk
Time Spent:   0 Days 0 Hours 6 Minutes 55 Seconds

============================================================================
112/122 Starting processing de.lotum.whatsinthefoto.us-1.apk ......
Getting apk info from https://play.google.com/store/apps/details?id=de.lotum.whatsinthefoto.us ......
Success to get info from Play Store
The lastest version of de.lotum.whatsinthefoto.us-1.apk is  4.1  
Done processing de.lotum.whatsinthefoto.us-1.apk
Time Spent:   0 Days 0 Hours 6 Minutes 58 Seconds

============================================================================
113/122 Starting processing gbis.gbandroid-1.apk ......
Getting apk info from https://play.google.com/store/apps/details?id=gbis.gbandroid ......
Success to get info from Play Store
The lastest version of gbis.gbandroid-1.apk is    Varies with device  
Done processing gbis.gbandroid-1.apk
Time Spent:   0 Days 0 Hours 7 Minutes 1 Seconds

============================================================================
114/122 Starting processing home.solo.launcher.free-1.apk ......
Getting apk info from https://play.google.com/store/apps/details?id=home.solo.launcher.free ......
Success to get info from Play Store
The lastest version of home.solo.launcher.free-1.apk is  1.9.5  
Done processing home.solo.launcher.free-1.apk
Time Spent:   0 Days 0 Hours 7 Minutes 5 Seconds

============================================================================
115/122 Starting processing kik.android-1.apk ......
Getting apk info from https://play.google.com/store/apps/details?id=kik.android ......
Success to get info from Play Store
The lastest version of kik.android-1.apk is  7.5.0.121  
Done processing kik.android-1.apk
Time Spent:   0 Days 0 Hours 7 Minutes 8 Seconds

============================================================================
116/122 Starting processing kr.core.technology.wifi.hotspot-1.apk ......
Getting apk info from https://play.google.com/store/apps/details?id=kr.core.technology.wifi.hotspot ......
Success to get info from Play Store
The lastest version of kr.core.technology.wifi.hotspot-1.apk is  1.3.4  
Done processing kr.core.technology.wifi.hotspot-1.apk
Time Spent:   0 Days 0 Hours 7 Minutes 12 Seconds

============================================================================
117/122 Starting processing me.pou.app-1.apk ......
Getting apk info from https://play.google.com/store/apps/details?id=me.pou.app ......
Success to get info from Play Store
The lastest version of me.pou.app-1.apk is  1.4.57  
Done processing me.pou.app-1.apk
Time Spent:   0 Days 0 Hours 7 Minutes 16 Seconds

============================================================================
118/122 Starting processing me.tango.roadriot-1.apk ......
Getting apk info from https://play.google.com/store/apps/details?id=me.tango.roadriot ......
Success to get info from Play Store
The lastest version of me.tango.roadriot-1.apk is  1.17.17  
Done processing me.tango.roadriot-1.apk
Time Spent:   0 Days 0 Hours 7 Minutes 20 Seconds

============================================================================
119/122 Starting processing mindware.mindgames-1.apk ......
Getting apk info from https://play.google.com/store/apps/details?id=mindware.mindgames ......
Success to get info from Play Store
The lastest version of mindware.mindgames-1.apk is  1.8.8  
Done processing mindware.mindgames-1.apk
Time Spent:   0 Days 0 Hours 7 Minutes 24 Seconds

============================================================================
120/122 Starting processing net.mobilecraft.football-1.apk ......
Getting apk info from https://play.google.com/store/apps/details?id=net.mobilecraft.football ......
Success to get info from Play Store
The lastest version of net.mobilecraft.football-1.apk is    Varies with device  
Done processing net.mobilecraft.football-1.apk
Time Spent:   0 Days 0 Hours 7 Minutes 28 Seconds

============================================================================
121/122 Starting processing no.dirtybit.funrun-1.apk ......
Getting apk info from https://play.google.com/store/apps/details?id=no.dirtybit.funrun ......
Success to get info from Play Store
The lastest version of no.dirtybit.funrun-1.apk is    Varies with device  
Done processing no.dirtybit.funrun-1.apk
Time Spent:   0 Days 0 Hours 7 Minutes 32 Seconds

============================================================================
122/122 Starting processing tunein.player-1.apk ......
Getting apk info from https://play.google.com/store/apps/details?id=tunein.player ......
Success to get info from Play Store
The lastest version of tunein.player-1.apk is    Varies with device  
Done processing tunein.player-1.apk
Time Spent:   0 Days 0 Hours 7 Minutes 35 Seconds

============================================================================


**************************************************************
All Done
Total Time:   0 Days 0 Hours 7 Minutes 35 Seconds
Result Location:               /srv/www/htdocs/CV2/app/admin/scan_apk_version//results/AppInfo_2014-09-27-17-06-33.csv
**************************************************************
