Start processing app in list /home/Git-Apk/Updated_list from /home/Git-Apk/All_Apk  ......

============================================================================
1/3 Starting processing com.Playtap.CardDungeon-1.apk ......
Getting apk info from https://play.google.com/store/apps/details?id=com.Playtap.CardDungeon ......
Success to get info from Play Store
The lastest version of com.Playtap.CardDungeon-1.apk is  1.2.1  
Done processing com.Playtap.CardDungeon-1.apk
Time Spent:   0 Days 0 Hours 0 Minutes 2 Seconds

============================================================================
2/3 Starting processing com.square_enix.android_googleplay.dq1_gp-1.apk ......
Getting apk info from https://play.google.com/store/apps/details?id=com.square_enix.android_googleplay.dq1_gp ......
Success to get info from Play Store
The lastest version of com.square_enix.android_googleplay.dq1_gp-1.apk is  1.0.1  
Done processing com.square_enix.android_googleplay.dq1_gp-1.apk
Time Spent:   0 Days 0 Hours 0 Minutes 3 Seconds

============================================================================
3/3 Starting processing com.wolfram.android.alpha-1.apk ......
Getting apk info from https://play.google.com/store/apps/details?id=com.wolfram.android.alpha ......
Success to get info from Play Store
The lastest version of com.wolfram.android.alpha-1.apk is  1.3.0.5199650  
Done processing com.wolfram.android.alpha-1.apk
Time Spent:   0 Days 0 Hours 0 Minutes 5 Seconds

============================================================================


**************************************************************
All Done
Total Time:   0 Days 0 Hours 0 Minutes 5 Seconds
Result Location:               /home/Git-Apk/code_resource/script_hooks/scan_apk/scan_apk_version/results/AppInfo_2014-12-08-17-48-24.csv
**************************************************************
