Start processing app in list /share/Git-Apk/Updated_list from /share/Git-Apk/All_Apk  ......

============================================================================
1/2 Starting processing com.google.android.gms-1.apk ......
Getting apk info from https://play.google.com/store/apps/details?id=com.google.android.gms ......
Success to get info from Play Store
The lastest version of com.google.android.gms-1.apk is    Varies with device  
Done processing com.google.android.gms-1.apk
Time Spent:   0 Days 0 Hours 0 Minutes 2 Seconds

============================================================================
2/2 Starting processing com.sonypicturestelevision.wheeloffortune30-1.apk ......
Getting apk info from https://play.google.com/store/apps/details?id=com.sonypicturestelevision.wheeloffortune30 ......
Success to get info from Play Store
The lastest version of com.sonypicturestelevision.wheeloffortune30-1.apk is  1.3.4  
Done processing com.sonypicturestelevision.wheeloffortune30-1.apk
Time Spent:   0 Days 0 Hours 0 Minutes 5 Seconds

============================================================================


**************************************************************
All Done
Total Time:   0 Days 0 Hours 0 Minutes 5 Seconds
Result Location:               /var/www/CV2/app/admin/scan_apk_version//results/AppInfo_2014-05-22-09-03-52.csv
**************************************************************
