Start processing app in list /share/Git-Apk/Updated_list from /share/Git-Apk/All_Apk  ......

============================================================================
1/5 Starting processing com.creativemobile.DragRacing-1.apk ......
Getting apk info from https://play.google.com/store/apps/details?id=com.creativemobile.DragRacing ......
Success to get info from Play Store
The lastest version of com.creativemobile.DragRacing-1.apk is  1.6.14  
Done processing com.creativemobile.DragRacing-1.apk
Time Spent:   0 Days 0 Hours 0 Minutes 4 Seconds

============================================================================
2/5 Starting processing com.ea.games.simsfreeplay_na-1.apk ......
Getting apk info from https://play.google.com/store/apps/details?id=com.ea.games.simsfreeplay_na ......
Success to get info from Play Store
The lastest version of com.ea.games.simsfreeplay_na-1.apk is  2.7.12  
Done processing com.ea.games.simsfreeplay_na-1.apk
Time Spent:   0 Days 0 Hours 0 Minutes 8 Seconds

============================================================================
3/5 Starting processing com.gotv.nflgamecenter.us.lite-1.apk ......
Getting apk info from https://play.google.com/store/apps/details?id=com.gotv.nflgamecenter.us.lite ......
Success to get info from Play Store
The lastest version of com.gotv.nflgamecenter.us.lite-1.apk is    Varies with device  
Done processing com.gotv.nflgamecenter.us.lite-1.apk
Time Spent:   0 Days 0 Hours 0 Minutes 13 Seconds

============================================================================
4/5 Starting processing com.wb.goog.injustice-1.apk ......
Getting apk info from https://play.google.com/store/apps/details?id=com.wb.goog.injustice ......
Success to get info from Play Store
The lastest version of com.wb.goog.injustice-1.apk is    Varies with device  
Done processing com.wb.goog.injustice-1.apk
Time Spent:   0 Days 0 Hours 0 Minutes 17 Seconds

============================================================================
5/5 Starting processing me.pou.app-1.apk ......
Getting apk info from https://play.google.com/store/apps/details?id=me.pou.app ......
Success to get info from Play Store
The lastest version of me.pou.app-1.apk is  1.4.21  
Done processing me.pou.app-1.apk
Time Spent:   0 Days 0 Hours 0 Minutes 20 Seconds

============================================================================


**************************************************************
All Done
Total Time:   0 Days 0 Hours 0 Minutes 20 Seconds
Result Location:               /srv/www/htdocs/CV2/app/admin/scan_apk_version//results/AppInfo_2014-01-25-16-47-20.csv
**************************************************************
