Start processing app in list /home/Git-Apk/Updated_list from /home/Git-Apk/All_Apk  ......

============================================================================
1/25 Starting processing air.com.playtika.slotomania-1.apk ......
Getting apk info from https://play.google.com/store/apps/details?id=air.com.playtika.slotomania ......
Success to get info from Play Store
The lastest version of air.com.playtika.slotomania-1.apk is    Varies with device  
Done processing air.com.playtika.slotomania-1.apk
Time Spent:   0 Days 0 Hours 0 Minutes 5 Seconds

============================================================================
2/25 Starting processing block.city.game-1.apk ......
Getting apk info from https://play.google.com/store/apps/details?id=block.city.game ......
Success to get info from Play Store
The lastest version of block.city.game-1.apk is  2.0.2  
Done processing block.city.game-1.apk
Time Spent:   0 Days 0 Hours 0 Minutes 8 Seconds

============================================================================
3/25 Starting processing com.MobileTicket-1.apk ......
Getting apk info from https://play.google.com/store/apps/details?id=com.MobileTicket ......
Success to get info from Play Store
The lastest version of com.MobileTicket-1.apk is  2.1.2  
Done processing com.MobileTicket-1.apk
Time Spent:   0 Days 0 Hours 0 Minutes 10 Seconds

============================================================================
4/25 Starting processing com.android.cheyooh-1.apk ......
Getting apk info from https://play.google.com/store/apps/details?id=com.android.cheyooh ......
[ERROR] : Cannot find info of com.android.cheyooh-1.apk on https://play.google.com/store/apps/details?id=com.android.cheyooh !!!
Done processing com.android.cheyooh-1.apk
Time Spent:   0 Days 0 Hours 0 Minutes 11 Seconds

============================================================================
5/25 Starting processing com.app.hero.ui-1.apk ......
Getting apk info from https://play.google.com/store/apps/details?id=com.app.hero.ui ......
Success to get info from Play Store
The lastest version of com.app.hero.ui-1.apk is  4.5.5  
Done processing com.app.hero.ui-1.apk
Time Spent:   0 Days 0 Hours 0 Minutes 16 Seconds

============================================================================
6/25 Starting processing com.cervomedia.spw-1.apk ......
Getting apk info from https://play.google.com/store/apps/details?id=com.cervomedia.spw ......
Success to get info from Play Store
The lastest version of com.cervomedia.spw-1.apk is  5.3.1  
Done processing com.cervomedia.spw-1.apk
Time Spent:   0 Days 0 Hours 0 Minutes 19 Seconds

============================================================================
7/25 Starting processing com.fgol.HungrySharkEvolution-1.apk ......
Getting apk info from https://play.google.com/store/apps/details?id=com.fgol.HungrySharkEvolution ......
Success to get info from Play Store
The lastest version of com.fgol.HungrySharkEvolution-1.apk is    Varies with device  
Done processing com.fgol.HungrySharkEvolution-1.apk
Time Spent:   0 Days 0 Hours 0 Minutes 23 Seconds

============================================================================
8/25 Starting processing com.gameloft.android.ANMP.GloftA7HM-1.apk ......
Getting apk info from https://play.google.com/store/apps/details?id=com.gameloft.android.ANMP.GloftA7HM ......
Success to get info from Play Store
The lastest version of com.gameloft.android.ANMP.GloftA7HM-1.apk is    Varies with device  
Done processing com.gameloft.android.ANMP.GloftA7HM-1.apk
Time Spent:   0 Days 0 Hours 0 Minutes 27 Seconds

============================================================================
9/25 Starting processing com.ideaworks3d.tackle-1.apk ......
Getting apk info from https://play.google.com/store/apps/details?id=com.ideaworks3d.tackle ......
Success to get info from Play Store
The lastest version of com.ideaworks3d.tackle-1.apk is  1.4.2  
Done processing com.ideaworks3d.tackle-1.apk
Time Spent:   0 Days 0 Hours 0 Minutes 31 Seconds

============================================================================
10/25 Starting processing com.inxile.BardTale-1.apk ......
Getting apk info from https://play.google.com/store/apps/details?id=com.inxile.BardTale ......
Success to get info from Play Store
The lastest version of com.inxile.BardTale-1.apk is  1.6.4  
Done processing com.inxile.BardTale-1.apk
Time Spent:   0 Days 0 Hours 0 Minutes 35 Seconds

============================================================================
11/25 Starting processing com.lenovo.anyshare-1.apk ......
Getting apk info from https://play.google.com/store/apps/details?id=com.lenovo.anyshare ......
[ERROR] : Cannot find info of com.lenovo.anyshare-1.apk on https://play.google.com/store/apps/details?id=com.lenovo.anyshare !!!
Done processing com.lenovo.anyshare-1.apk
Time Spent:   0 Days 0 Hours 0 Minutes 36 Seconds

============================================================================
12/25 Starting processing com.lenovo.safecenter-1.apk ......
Getting apk info from https://play.google.com/store/apps/details?id=com.lenovo.safecenter ......
[ERROR] : Cannot find info of com.lenovo.safecenter-1.apk on https://play.google.com/store/apps/details?id=com.lenovo.safecenter !!!
Done processing com.lenovo.safecenter-1.apk
Time Spent:   0 Days 0 Hours 0 Minutes 38 Seconds

============================================================================
13/25 Starting processing com.mindblocks.blocks-1.apk ......
Getting apk info from https://play.google.com/store/apps/details?id=com.mindblocks.blocks ......
Success to get info from Play Store
The lastest version of com.mindblocks.blocks-1.apk is  9.3.4  
Done processing com.mindblocks.blocks-1.apk
Time Spent:   0 Days 0 Hours 0 Minutes 42 Seconds

============================================================================
14/25 Starting processing com.nexonm.loh.usios-1.apk ......
Getting apk info from https://play.google.com/store/apps/details?id=com.nexonm.loh.usios ......
Success to get info from Play Store
The lastest version of com.nexonm.loh.usios-1.apk is  1.4.22  
Done processing com.nexonm.loh.usios-1.apk
Time Spent:   0 Days 0 Hours 0 Minutes 46 Seconds

============================================================================
15/25 Starting processing com.omgpop.dstfree-1.apk ......
Getting apk info from https://play.google.com/store/apps/details?id=com.omgpop.dstfree ......
Success to get info from Play Store
The lastest version of com.omgpop.dstfree-1.apk is  2.333.305  
Done processing com.omgpop.dstfree-1.apk
Time Spent:   0 Days 0 Hours 0 Minutes 50 Seconds

============================================================================
16/25 Starting processing com.plabs.planetofc-1.apk ......
Getting apk info from https://play.google.com/store/apps/details?id=com.plabs.planetofc ......
Success to get info from Play Store
The lastest version of com.plabs.planetofc-1.apk is  1.4  
Done processing com.plabs.planetofc-1.apk
Time Spent:   0 Days 0 Hours 0 Minutes 53 Seconds

============================================================================
17/25 Starting processing com.purplekiwii.mb-1.apk ......
Getting apk info from https://play.google.com/store/apps/details?id=com.purplekiwii.mb ......
Success to get info from Play Store
The lastest version of com.purplekiwii.mb-1.apk is  1.2.5  
Done processing com.purplekiwii.mb-1.apk
Time Spent:   0 Days 0 Hours 0 Minutes 57 Seconds

============================================================================
18/25 Starting processing com.sdu.didi.psnger-1.apk ......
Getting apk info from https://play.google.com/store/apps/details?id=com.sdu.didi.psnger ......
Success to get info from Play Store
The lastest version of com.sdu.didi.psnger-1.apk is  2.8.3  
Done processing com.sdu.didi.psnger-1.apk
Time Spent:   0 Days 0 Hours 1 Minutes 0 Seconds

============================================================================
19/25 Starting processing com.suning.mobile.ebuy-1.apk ......
Getting apk info from https://play.google.com/store/apps/details?id=com.suning.mobile.ebuy ......
Success to get info from Play Store
The lastest version of com.suning.mobile.ebuy-1.apk is  2.4.0  
Done processing com.suning.mobile.ebuy-1.apk
Time Spent:   0 Days 0 Hours 1 Minutes 2 Seconds

============================================================================
20/25 Starting processing com.telenav.app.android.scout_us-1.apk ......
Getting apk info from https://play.google.com/store/apps/details?id=com.telenav.app.android.scout_us ......
Success to get info from Play Store
The lastest version of com.telenav.app.android.scout_us-1.apk is  2.2.0.2237  
Done processing com.telenav.app.android.scout_us-1.apk
Time Spent:   0 Days 0 Hours 1 Minutes 6 Seconds

============================================================================
21/25 Starting processing com.tencent.king.candycrushsaga-1.apk ......
Getting apk info from https://play.google.com/store/apps/details?id=com.tencent.king.candycrushsaga ......
[ERROR] : Cannot find info of com.tencent.king.candycrushsaga-1.apk on https://play.google.com/store/apps/details?id=com.tencent.king.candycrushsaga !!!
Done processing com.tencent.king.candycrushsaga-1.apk
Time Spent:   0 Days 0 Hours 1 Minutes 8 Seconds

============================================================================
22/25 Starting processing com.tencent.peng-1.apk ......
Getting apk info from https://play.google.com/store/apps/details?id=com.tencent.peng ......
[ERROR] : Cannot find info of com.tencent.peng-1.apk on https://play.google.com/store/apps/details?id=com.tencent.peng !!!
Done processing com.tencent.peng-1.apk
Time Spent:   0 Days 0 Hours 1 Minutes 9 Seconds

============================================================================
23/25 Starting processing com.ting.mp3.android-1.apk ......
Getting apk info from https://play.google.com/store/apps/details?id=com.ting.mp3.android ......
[ERROR] : Cannot find info of com.ting.mp3.android-1.apk on https://play.google.com/store/apps/details?id=com.ting.mp3.android !!!
Done processing com.ting.mp3.android-1.apk
Time Spent:   0 Days 0 Hours 1 Minutes 10 Seconds

============================================================================
24/25 Starting processing com.zenstudios.SPPinball-1.apk ......
Getting apk info from https://play.google.com/store/apps/details?id=com.zenstudios.SPPinball ......
Success to get info from Play Store
The lastest version of com.zenstudios.SPPinball-1.apk is  1.0.3  
Done processing com.zenstudios.SPPinball-1.apk
Time Spent:   0 Days 0 Hours 1 Minutes 14 Seconds

============================================================================
25/25 Starting processing fm.xiami.main-1.apk ......
Getting apk info from https://play.google.com/store/apps/details?id=fm.xiami.main ......
[ERROR] : Cannot find info of fm.xiami.main-1.apk on https://play.google.com/store/apps/details?id=fm.xiami.main !!!
Done processing fm.xiami.main-1.apk
Time Spent:   0 Days 0 Hours 1 Minutes 16 Seconds

============================================================================


**************************************************************
All Done
Total Time:   0 Days 0 Hours 1 Minutes 16 Seconds
Result Location:               /home/Git-Apk/code_resource/script_hooks/scan_apk/scan_apk_version/results/AppInfo_2014-12-16-14-43-29.csv
**************************************************************
