Start processing app in list /share/Git-Apk/Updated_list from /share/Git-Apk/All_Apk  ......

============================================================================
1/55 Starting processing air.MSPMobile-1.apk ......
Getting apk info from https://play.google.com/store/apps/details?id=air.MSPMobile ......
Success to get info from Play Store
The lastest version of air.MSPMobile-1.apk is  1.9  
Done processing air.MSPMobile-1.apk
Time Spent:   0 Days 0 Hours 0 Minutes 4 Seconds

============================================================================
2/55 Starting processing air.com.buffalo_studios.bingorush2-1.apk ......
Getting apk info from https://play.google.com/store/apps/details?id=air.com.buffalo_studios.bingorush2 ......
Success to get info from Play Store
The lastest version of air.com.buffalo_studios.bingorush2-1.apk is  2.10.0  
Done processing air.com.buffalo_studios.bingorush2-1.apk
Time Spent:   0 Days 0 Hours 0 Minutes 8 Seconds

============================================================================
3/55 Starting processing air.com.freshplanet.games.WaM-1.apk ......
Getting apk info from https://play.google.com/store/apps/details?id=air.com.freshplanet.games.WaM ......
Success to get info from Play Store
The lastest version of air.com.freshplanet.games.WaM-1.apk is  1.13.2  
Done processing air.com.freshplanet.games.WaM-1.apk
Time Spent:   0 Days 0 Hours 0 Minutes 12 Seconds

============================================================================
4/55 Starting processing air.com.jogatina.mahjong-1.apk ......
Getting apk info from https://play.google.com/store/apps/details?id=air.com.jogatina.mahjong ......
Success to get info from Play Store
The lastest version of air.com.jogatina.mahjong-1.apk is  1.0.10  
Done processing air.com.jogatina.mahjong-1.apk
Time Spent:   0 Days 0 Hours 0 Minutes 16 Seconds

============================================================================
5/55 Starting processing air.com.mobigrow.canyouescape2-1.apk ......
Getting apk info from https://play.google.com/store/apps/details?id=air.com.mobigrow.canyouescape2 ......
Success to get info from Play Store
The lastest version of air.com.mobigrow.canyouescape2-1.apk is  1.0.3  
Done processing air.com.mobigrow.canyouescape2-1.apk
Time Spent:   0 Days 0 Hours 0 Minutes 20 Seconds

============================================================================
6/55 Starting processing air.com.mobigrow.canyouescapetower-1.apk ......
Getting apk info from https://play.google.com/store/apps/details?id=air.com.mobigrow.canyouescapetower ......
Success to get info from Play Store
The lastest version of air.com.mobigrow.canyouescapetower-1.apk is  1.0.2  
Done processing air.com.mobigrow.canyouescapetower-1.apk
Time Spent:   0 Days 0 Hours 0 Minutes 24 Seconds

============================================================================
7/55 Starting processing air.com.playtika.slotomania-1.apk ......
Getting apk info from https://play.google.com/store/apps/details?id=air.com.playtika.slotomania ......
Success to get info from Play Store
The lastest version of air.com.playtika.slotomania-1.apk is    Varies with device  
Done processing air.com.playtika.slotomania-1.apk
Time Spent:   0 Days 0 Hours 0 Minutes 28 Seconds

============================================================================
8/55 Starting processing cn.partygame.revengebird-1.apk ......
Getting apk info from https://play.google.com/store/apps/details?id=cn.partygame.revengebird ......
Success to get info from Play Store
The lastest version of cn.partygame.revengebird-1.apk is  1.2.4  
Done processing cn.partygame.revengebird-1.apk
Time Spent:   0 Days 0 Hours 0 Minutes 31 Seconds

============================================================================
9/55 Starting processing com.activision.cabelas.biggamehunter-1.apk ......
Getting apk info from https://play.google.com/store/apps/details?id=com.activision.cabelas.biggamehunter ......
Success to get info from Play Store
The lastest version of com.activision.cabelas.biggamehunter-1.apk is  1.2.0  
Done processing com.activision.cabelas.biggamehunter-1.apk
Time Spent:   0 Days 0 Hours 0 Minutes 35 Seconds

============================================================================
10/55 Starting processing com.cervomedia.spw-1.apk ......
Getting apk info from https://play.google.com/store/apps/details?id=com.cervomedia.spw ......
Success to get info from Play Store
The lastest version of com.cervomedia.spw-1.apk is  4.6.3  
Done processing com.cervomedia.spw-1.apk
Time Spent:   0 Days 0 Hours 0 Minutes 39 Seconds

============================================================================
11/55 Starting processing com.cheerfulinc.flipagram-1.apk ......
Getting apk info from https://play.google.com/store/apps/details?id=com.cheerfulinc.flipagram ......
Success to get info from Play Store
The lastest version of com.cheerfulinc.flipagram-1.apk is  1.95  
Done processing com.cheerfulinc.flipagram-1.apk
Time Spent:   0 Days 0 Hours 0 Minutes 43 Seconds

============================================================================
12/55 Starting processing com.cleanmaster.security-1.apk ......
Getting apk info from https://play.google.com/store/apps/details?id=com.cleanmaster.security ......
Success to get info from Play Store
The lastest version of com.cleanmaster.security-1.apk is  1.2.0  
Done processing com.cleanmaster.security-1.apk
Time Spent:   0 Days 0 Hours 0 Minutes 47 Seconds

============================================================================
13/55 Starting processing com.degoo.android.pdoctor-1.apk ......
Getting apk info from https://play.google.com/store/apps/details?id=com.degoo.android.pdoctor ......
Success to get info from Play Store
The lastest version of com.degoo.android.pdoctor-1.apk is  1.0.1  
Done processing com.degoo.android.pdoctor-1.apk
Time Spent:   0 Days 0 Hours 0 Minutes 51 Seconds

============================================================================
14/55 Starting processing com.droidhen.game.poker-1.apk ......
Getting apk info from https://play.google.com/store/apps/details?id=com.droidhen.game.poker ......
Success to get info from Play Store
The lastest version of com.droidhen.game.poker-1.apk is  1.6  
Done processing com.droidhen.game.poker-1.apk
Time Spent:   0 Days 0 Hours 0 Minutes 55 Seconds

============================================================================
15/55 Starting processing com.estoty.game2048-1.apk ......
Getting apk info from https://play.google.com/store/apps/details?id=com.estoty.game2048 ......
Success to get info from Play Store
The lastest version of com.estoty.game2048-1.apk is  5.2  
Done processing com.estoty.game2048-1.apk
Time Spent:   0 Days 0 Hours 0 Minutes 59 Seconds

============================================================================
16/55 Starting processing com.feelingtouch.sniperzombie-1.apk ......
Getting apk info from https://play.google.com/store/apps/details?id=com.feelingtouch.sniperzombie ......
Success to get info from Play Store
The lastest version of com.feelingtouch.sniperzombie-1.apk is  1.07  
Done processing com.feelingtouch.sniperzombie-1.apk
Time Spent:   0 Days 0 Hours 1 Minutes 3 Seconds

============================================================================
17/55 Starting processing com.flaregames.rrtournament-1.apk ......
Getting apk info from https://play.google.com/store/apps/details?id=com.flaregames.rrtournament ......
Success to get info from Play Store
The lastest version of com.flaregames.rrtournament-1.apk is  1.1.4  
Done processing com.flaregames.rrtournament-1.apk
Time Spent:   0 Days 0 Hours 1 Minutes 7 Seconds

============================================================================
18/55 Starting processing com.funzio.crimecity-1.apk ......
Getting apk info from https://play.google.com/store/apps/details?id=com.funzio.crimecity ......
Success to get info from Play Store
The lastest version of com.funzio.crimecity-1.apk is  4.0.2  
Done processing com.funzio.crimecity-1.apk
Time Spent:   0 Days 0 Hours 1 Minutes 12 Seconds

============================================================================
19/55 Starting processing com.g6677.android.ledoctor-1.apk ......
Getting apk info from https://play.google.com/store/apps/details?id=com.g6677.android.ledoctor ......
Success to get info from Play Store
The lastest version of com.g6677.android.ledoctor-1.apk is  1.0.1  
Done processing com.g6677.android.ledoctor-1.apk
Time Spent:   0 Days 0 Hours 1 Minutes 16 Seconds

============================================================================
20/55 Starting processing com.g6677.android.ltdoctor-1.apk ......
Getting apk info from https://play.google.com/store/apps/details?id=com.g6677.android.ltdoctor ......
Success to get info from Play Store
The lastest version of com.g6677.android.ltdoctor-1.apk is  1.0.1  
Done processing com.g6677.android.ltdoctor-1.apk
Time Spent:   0 Days 0 Hours 1 Minutes 20 Seconds

============================================================================
21/55 Starting processing com.gamevil.spiritstones.global.free-1.apk ......
Getting apk info from https://play.google.com/store/apps/details?id=com.gamevil.spiritstones.global.free ......
Success to get info from Play Store
The lastest version of com.gamevil.spiritstones.global.free-1.apk is  1.1.7  
Done processing com.gamevil.spiritstones.global.free-1.apk
Time Spent:   0 Days 0 Hours 1 Minutes 24 Seconds

============================================================================
22/55 Starting processing com.igg.bzbee.bingobyigg-1.apk ......
Getting apk info from https://play.google.com/store/apps/details?id=com.igg.bzbee.bingobyigg ......
Success to get info from Play Store
The lastest version of com.igg.bzbee.bingobyigg-1.apk is  1.3.0  
Done processing com.igg.bzbee.bingobyigg-1.apk
Time Spent:   0 Days 0 Hours 1 Minutes 29 Seconds

============================================================================
23/55 Starting processing com.igg.castleclash-1.apk ......
Getting apk info from https://play.google.com/store/apps/details?id=com.igg.castleclash ......
Success to get info from Play Store
The lastest version of com.igg.castleclash-1.apk is  1.2.39  
Done processing com.igg.castleclash-1.apk
Time Spent:   0 Days 0 Hours 1 Minutes 35 Seconds

============================================================================
24/55 Starting processing com.igg.clashoflords2-1.apk ......
Getting apk info from https://play.google.com/store/apps/details?id=com.igg.clashoflords2 ......
Success to get info from Play Store
The lastest version of com.igg.clashoflords2-1.apk is  1.0.109  
Done processing com.igg.clashoflords2-1.apk
Time Spent:   0 Days 0 Hours 1 Minutes 40 Seconds

============================================================================
25/55 Starting processing com.kitkatandroid.keyboard-1.apk ......
Getting apk info from https://play.google.com/store/apps/details?id=com.kitkatandroid.keyboard ......
Success to get info from Play Store
The lastest version of com.kitkatandroid.keyboard-1.apk is  1.90  
Done processing com.kitkatandroid.keyboard-1.apk
Time Spent:   0 Days 0 Hours 1 Minutes 45 Seconds

============================================================================
26/55 Starting processing com.kiwi.shipwrecked-1.apk ......
Getting apk info from https://play.google.com/store/apps/details?id=com.kiwi.shipwrecked ......
Success to get info from Play Store
The lastest version of com.kiwi.shipwrecked-1.apk is  2.5.2  
Done processing com.kiwi.shipwrecked-1.apk
Time Spent:   0 Days 0 Hours 1 Minutes 52 Seconds

============================================================================
27/55 Starting processing com.kongregate.mobile.run.google-1.apk ......
Getting apk info from https://play.google.com/store/apps/details?id=com.kongregate.mobile.run.google ......
Success to get info from Play Store
The lastest version of com.kongregate.mobile.run.google-1.apk is  1.6  
Done processing com.kongregate.mobile.run.google-1.apk
Time Spent:   0 Days 0 Hours 1 Minutes 55 Seconds

============================================================================
28/55 Starting processing com.lego.duplo.food-1.apk ......
Getting apk info from https://play.google.com/store/apps/details?id=com.lego.duplo.food ......
Success to get info from Play Store
The lastest version of com.lego.duplo.food-1.apk is  1.0.0  
Done processing com.lego.duplo.food-1.apk
Time Spent:   0 Days 0 Hours 1 Minutes 59 Seconds

============================================================================
29/55 Starting processing com.ncaa.mmlive.app-1.apk ......
Getting apk info from https://play.google.com/store/apps/details?id=com.ncaa.mmlive.app ......
Success to get info from Play Store
The lastest version of com.ncaa.mmlive.app-1.apk is  3.0.4  
Done processing com.ncaa.mmlive.app-1.apk
Time Spent:   0 Days 0 Hours 2 Minutes 3 Seconds

============================================================================
30/55 Starting processing com.nianticproject.ingress-1.apk ......
Getting apk info from https://play.google.com/store/apps/details?id=com.nianticproject.ingress ......
Success to get info from Play Store
The lastest version of com.nianticproject.ingress-1.apk is  1.48.0  
Done processing com.nianticproject.ingress-1.apk
Time Spent:   0 Days 0 Hours 2 Minutes 7 Seconds

============================================================================
31/55 Starting processing com.ninjakiwi.bloonstdbattles-1.apk ......
Getting apk info from https://play.google.com/store/apps/details?id=com.ninjakiwi.bloonstdbattles ......
Success to get info from Play Store
The lastest version of com.ninjakiwi.bloonstdbattles-1.apk is  1.6.0  
Done processing com.ninjakiwi.bloonstdbattles-1.apk
Time Spent:   0 Days 0 Hours 2 Minutes 11 Seconds

============================================================================
32/55 Starting processing com.noodlecake.anothercasesolved-1.apk ......
Getting apk info from https://play.google.com/store/apps/details?id=com.noodlecake.anothercasesolved ......
Success to get info from Play Store
The lastest version of com.noodlecake.anothercasesolved-1.apk is  1.0.6  
Done processing com.noodlecake.anothercasesolved-1.apk
Time Spent:   0 Days 0 Hours 2 Minutes 15 Seconds

============================================================================
33/55 Starting processing com.nordcurrent.happychef-1.apk ......
Getting apk info from https://play.google.com/store/apps/details?id=com.nordcurrent.happychef ......
Success to get info from Play Store
The lastest version of com.nordcurrent.happychef-1.apk is  1.2  
Done processing com.nordcurrent.happychef-1.apk
Time Spent:   0 Days 0 Hours 2 Minutes 19 Seconds

============================================================================
34/55 Starting processing com.outfit7.trifs.grooveracer-1.apk ......
Getting apk info from https://play.google.com/store/apps/details?id=com.outfit7.trifs.grooveracer ......
Success to get info from Play Store
The lastest version of com.outfit7.trifs.grooveracer-1.apk is  1.0  
Done processing com.outfit7.trifs.grooveracer-1.apk
Time Spent:   0 Days 0 Hours 2 Minutes 24 Seconds

============================================================================
35/55 Starting processing com.pixelberrystudios.hssandroid-1.apk ......
Getting apk info from https://play.google.com/store/apps/details?id=com.pixelberrystudios.hssandroid ......
Success to get info from Play Store
The lastest version of com.pixelberrystudios.hssandroid-1.apk is  1.2.0  
Done processing com.pixelberrystudios.hssandroid-1.apk
Time Spent:   0 Days 0 Hours 2 Minutes 28 Seconds

============================================================================
36/55 Starting processing com.playfirst.playground.dinerdash-1.apk ......
Getting apk info from https://play.google.com/store/apps/details?id=com.playfirst.playground.dinerdash ......
Success to get info from Play Store
The lastest version of com.playfirst.playground.dinerdash-1.apk is  3.33.15  
Done processing com.playfirst.playground.dinerdash-1.apk
Time Spent:   0 Days 0 Hours 2 Minutes 33 Seconds

============================================================================
37/55 Starting processing com.playmous.godoflight-1.apk ......
Getting apk info from https://play.google.com/store/apps/details?id=com.playmous.godoflight ......
Success to get info from Play Store
The lastest version of com.playmous.godoflight-1.apk is  1.0  
Done processing com.playmous.godoflight-1.apk
Time Spent:   0 Days 0 Hours 2 Minutes 36 Seconds

============================================================================
38/55 Starting processing com.pocketgems.android.animalvoyage-1.apk ......
Getting apk info from https://play.google.com/store/apps/details?id=com.pocketgems.android.animalvoyage ......
Success to get info from Play Store
The lastest version of com.pocketgems.android.animalvoyage-1.apk is  1.18.1+g  
Done processing com.pocketgems.android.animalvoyage-1.apk
Time Spent:   0 Days 0 Hours 2 Minutes 41 Seconds

============================================================================
39/55 Starting processing com.prgames.livepoker-1.apk ......
Getting apk info from https://play.google.com/store/apps/details?id=com.prgames.livepoker ......
Success to get info from Play Store
The lastest version of com.prgames.livepoker-1.apk is  1.03  
Done processing com.prgames.livepoker-1.apk
Time Spent:   0 Days 0 Hours 2 Minutes 45 Seconds

============================================================================
40/55 Starting processing com.rdio.android.ui-1.apk ......
Getting apk info from https://play.google.com/store/apps/details?id=com.rdio.android.ui ......
Success to get info from Play Store
The lastest version of com.rdio.android.ui-1.apk is    Varies with device  
Done processing com.rdio.android.ui-1.apk
Time Spent:   0 Days 0 Hours 2 Minutes 48 Seconds

============================================================================
41/55 Starting processing com.sagego.panda.run-1.apk ......
Getting apk info from https://play.google.com/store/apps/details?id=com.sagego.panda.run ......
Success to get info from Play Store
The lastest version of com.sagego.panda.run-1.apk is  1.2.1  
Done processing com.sagego.panda.run-1.apk
Time Spent:   0 Days 0 Hours 2 Minutes 52 Seconds

============================================================================
42/55 Starting processing com.tabtale.babyprofessions-1.apk ......
Getting apk info from https://play.google.com/store/apps/details?id=com.tabtale.babyprofessions ......
Success to get info from Play Store
The lastest version of com.tabtale.babyprofessions-1.apk is  1.0.0  
Done processing com.tabtale.babyprofessions-1.apk
Time Spent:   0 Days 0 Hours 2 Minutes 57 Seconds

============================================================================
43/55 Starting processing com.teamlava.bakerystory35-1.apk ......
Getting apk info from https://play.google.com/store/apps/details?id=com.teamlava.bakerystory35 ......
Success to get info from Play Store
The lastest version of com.teamlava.bakerystory35-1.apk is  1.5.5.7.8  
Done processing com.teamlava.bakerystory35-1.apk
Time Spent:   0 Days 0 Hours 3 Minutes 2 Seconds

============================================================================
44/55 Starting processing com.teamlava.petshop35-1.apk ......
Getting apk info from https://play.google.com/store/apps/details?id=com.teamlava.petshop35 ......
Success to get info from Play Store
The lastest version of com.teamlava.petshop35-1.apk is  1.0.6.4  
Done processing com.teamlava.petshop35-1.apk
Time Spent:   0 Days 0 Hours 3 Minutes 7 Seconds

============================================================================
45/55 Starting processing com.therisgames.fs2014.free-1.apk ......
Getting apk info from https://play.google.com/store/apps/details?id=com.therisgames.fs2014.free ......
Success to get info from Play Store
The lastest version of com.therisgames.fs2014.free-1.apk is    Varies with device  
Done processing com.therisgames.fs2014.free-1.apk
Time Spent:   0 Days 0 Hours 3 Minutes 12 Seconds

============================================================================
46/55 Starting processing com.tp.android.legspa-1.apk ......
Getting apk info from https://play.google.com/store/apps/details?id=com.tp.android.legspa ......
Success to get info from Play Store
The lastest version of com.tp.android.legspa-1.apk is  1.0.0  
Done processing com.tp.android.legspa-1.apk
Time Spent:   0 Days 0 Hours 3 Minutes 16 Seconds

============================================================================
47/55 Starting processing com.vg.AirplaneFlightSimulator-1.apk ......
Getting apk info from https://play.google.com/store/apps/details?id=com.vg.AirplaneFlightSimulator ......
Success to get info from Play Store
The lastest version of com.vg.AirplaneFlightSimulator-1.apk is  1.7  
Done processing com.vg.AirplaneFlightSimulator-1.apk
Time Spent:   0 Days 0 Hours 3 Minutes 21 Seconds

============================================================================
48/55 Starting processing com.vg.SchoolBusExtended-1.apk ......
Getting apk info from https://play.google.com/store/apps/details?id=com.vg.SchoolBusExtended ......
Success to get info from Play Store
The lastest version of com.vg.SchoolBusExtended-1.apk is  1.0  
Done processing com.vg.SchoolBusExtended-1.apk
Time Spent:   0 Days 0 Hours 3 Minutes 25 Seconds

============================================================================
49/55 Starting processing com.wegoi.brickfree-1.apk ......
Getting apk info from https://play.google.com/store/apps/details?id=com.wegoi.brickfree ......
Success to get info from Play Store
The lastest version of com.wegoi.brickfree-1.apk is  1.0.2  
Done processing com.wegoi.brickfree-1.apk
Time Spent:   0 Days 0 Hours 3 Minutes 29 Seconds

============================================================================
50/55 Starting processing com.williamsinteractive.jackpotparty-1.apk ......
Getting apk info from https://play.google.com/store/apps/details?id=com.williamsinteractive.jackpotparty ......
Success to get info from Play Store
The lastest version of com.williamsinteractive.jackpotparty-1.apk is  1.23  
Done processing com.williamsinteractive.jackpotparty-1.apk
Time Spent:   0 Days 0 Hours 3 Minutes 34 Seconds

============================================================================
51/55 Starting processing com.wordsmobile.nfl-1.apk ......
Getting apk info from https://play.google.com/store/apps/details?id=com.wordsmobile.nfl ......
Success to get info from Play Store
The lastest version of com.wordsmobile.nfl-1.apk is  1.6  
Done processing com.wordsmobile.nfl-1.apk
Time Spent:   0 Days 0 Hours 3 Minutes 38 Seconds

============================================================================
52/55 Starting processing jp.gree.modernwar-1.apk ......
Getting apk info from https://play.google.com/store/apps/details?id=jp.gree.modernwar ......
Success to get info from Play Store
The lastest version of jp.gree.modernwar-1.apk is  4.0.1  
Done processing jp.gree.modernwar-1.apk
Time Spent:   0 Days 0 Hours 3 Minutes 42 Seconds

============================================================================
53/55 Starting processing jp.oneofthem.gotchawarriors-1.apk ......
Getting apk info from https://play.google.com/store/apps/details?id=jp.oneofthem.gotchawarriors ......
Success to get info from Play Store
The lastest version of jp.oneofthem.gotchawarriors-1.apk is  6.2  
Done processing jp.oneofthem.gotchawarriors-1.apk
Time Spent:   0 Days 0 Hours 3 Minutes 47 Seconds

============================================================================
54/55 Starting processing ppl.unity.JuiceCubesBeta-1.apk ......
Getting apk info from https://play.google.com/store/apps/details?id=ppl.unity.JuiceCubesBeta ......
Success to get info from Play Store
The lastest version of ppl.unity.JuiceCubesBeta-1.apk is  1.17.05  
Done processing ppl.unity.JuiceCubesBeta-1.apk
Time Spent:   0 Days 0 Hours 3 Minutes 50 Seconds

============================================================================
55/55 Starting processing sts.bc-1.apk ......
Getting apk info from https://play.google.com/store/apps/details?id=sts.bc ......
Success to get info from Play Store
The lastest version of sts.bc-1.apk is  1.0.2  
Done processing sts.bc-1.apk
Time Spent:   0 Days 0 Hours 3 Minutes 55 Seconds

============================================================================


**************************************************************
All Done
Total Time:   0 Days 0 Hours 3 Minutes 55 Seconds
Result Location:               /srv/www/htdocs/CV2/app/admin/scan_apk_version//results/AppInfo_2014-04-01-21-03-56.csv
**************************************************************
