Start processing app in list /home/Git-Apk/Updated_list from /home/Git-Apk/All_Apk  ......

============================================================================
1/9 Starting processing air.com.flipline.papasfreezeriatogo-1.apk ......
Getting apk info from https://play.google.com/store/apps/details?id=air.com.flipline.papasfreezeriatogo ......
Success to get info from Play Store
The lastest version of air.com.flipline.papasfreezeriatogo-1.apk is    Varies with device  
Done processing air.com.flipline.papasfreezeriatogo-1.apk
Time Spent:   0 Days 0 Hours 0 Minutes 2 Seconds

============================================================================
2/9 Starting processing br.com.beholdstudios.knightspp-1.apk ......
Getting apk info from https://play.google.com/store/apps/details?id=br.com.beholdstudios.knightspp ......
Success to get info from Play Store
The lastest version of br.com.beholdstudios.knightspp-1.apk is  2.21  
Done processing br.com.beholdstudios.knightspp-1.apk
Time Spent:   0 Days 0 Hours 0 Minutes 6 Seconds

============================================================================
3/9 Starting processing com.chinamobile.cmccwifi-1.apk ......
Getting apk info from https://play.google.com/store/apps/details?id=com.chinamobile.cmccwifi ......
Success to get info from Play Store
The lastest version of com.chinamobile.cmccwifi-1.apk is    Varies with device  
Done processing com.chinamobile.cmccwifi-1.apk
Time Spent:   0 Days 0 Hours 0 Minutes 9 Seconds

============================================================================
4/9 Starting processing com.dotemu.ddtrilogy-1.apk ......
Getting apk info from https://play.google.com/store/apps/details?id=com.dotemu.ddtrilogy ......
Success to get info from Play Store
The lastest version of com.dotemu.ddtrilogy-1.apk is  1.6.5  
Done processing com.dotemu.ddtrilogy-1.apk
Time Spent:   0 Days 0 Hours 0 Minutes 12 Seconds

============================================================================
5/9 Starting processing com.lumoslabs.lumosity-1.apk ......
Getting apk info from https://play.google.com/store/apps/details?id=com.lumoslabs.lumosity ......
Success to get info from Play Store
The lastest version of com.lumoslabs.lumosity-1.apk is  1.0.203  
Done processing com.lumoslabs.lumosity-1.apk
Time Spent:   0 Days 0 Hours 0 Minutes 15 Seconds

============================================================================
6/9 Starting processing com.sdu.didi.psnger-1.apk ......
Getting apk info from https://play.google.com/store/apps/details?id=com.sdu.didi.psnger ......
Success to get info from Play Store
The lastest version of com.sdu.didi.psnger-1.apk is  2.8.3  
Done processing com.sdu.didi.psnger-1.apk
Time Spent:   0 Days 0 Hours 0 Minutes 18 Seconds

============================================================================
7/9 Starting processing com.sogou.map.android.maps-1.apk ......
Getting apk info from https://play.google.com/store/apps/details?id=com.sogou.map.android.maps ......
Success to get info from Play Store
The lastest version of com.sogou.map.android.maps-1.apk is  5.1.0  
Done processing com.sogou.map.android.maps-1.apk
Time Spent:   0 Days 0 Hours 0 Minutes 22 Seconds

============================================================================
8/9 Starting processing jp.co.translimit.brainwars-1.apk ......
Getting apk info from https://play.google.com/store/apps/details?id=jp.co.translimit.brainwars ......
Success to get info from Play Store
The lastest version of jp.co.translimit.brainwars-1.apk is  1.0.13  
Done processing jp.co.translimit.brainwars-1.apk
Time Spent:   0 Days 0 Hours 0 Minutes 25 Seconds

============================================================================
9/9 Starting processing jp.naver.linecamera.android-1.apk ......
Getting apk info from https://play.google.com/store/apps/details?id=jp.naver.linecamera.android ......
Success to get info from Play Store
The lastest version of jp.naver.linecamera.android-1.apk is  8.6.5  
Done processing jp.naver.linecamera.android-1.apk
Time Spent:   0 Days 0 Hours 0 Minutes 29 Seconds

============================================================================


**************************************************************
All Done
Total Time:   0 Days 0 Hours 0 Minutes 29 Seconds
Result Location:               /home/Git-Apk/code_resource/script_hooks/scan_apk/scan_apk_version/results/AppInfo_2014-12-09-10-55-39.csv
**************************************************************
