Start processing app in list /home/Git-Apk/Updated_list from /home/Git-Apk/All_Apk  ......

============================================================================
1/4 Starting processing cloudtv.hdwidgets-1.apk ......
Getting apk info from https://play.google.com/store/apps/details?id=cloudtv.hdwidgets ......
Success to get info from Play Store
The lastest version of cloudtv.hdwidgets-1.apk is  4.1  
Done processing cloudtv.hdwidgets-1.apk
Time Spent:   0 Days 0 Hours 0 Minutes 2 Seconds

============================================================================
2/4 Starting processing com.accuweather.paid.android-1.apk ......
Getting apk info from https://play.google.com/store/apps/details?id=com.accuweather.paid.android ......
Success to get info from Play Store
The lastest version of com.accuweather.paid.android-1.apk is    Varies with device  
Done processing com.accuweather.paid.android-1.apk
Time Spent:   0 Days 0 Hours 0 Minutes 4 Seconds

============================================================================
3/4 Starting processing com.dama.papercamera-1.apk ......
Getting apk info from https://play.google.com/store/apps/details?id=com.dama.papercamera ......
Success to get info from Play Store
The lastest version of com.dama.papercamera-1.apk is  4.1.0  
Done processing com.dama.papercamera-1.apk
Time Spent:   0 Days 0 Hours 0 Minutes 6 Seconds

============================================================================
4/4 Starting processing radiotime.player-1.apk ......
Getting apk info from https://play.google.com/store/apps/details?id=radiotime.player ......
Success to get info from Play Store
The lastest version of radiotime.player-1.apk is    Varies with device  
Done processing radiotime.player-1.apk
Time Spent:   0 Days 0 Hours 0 Minutes 7 Seconds

============================================================================


**************************************************************
All Done
Total Time:   0 Days 0 Hours 0 Minutes 7 Seconds
Result Location:               /srv/www/htdocs/CV2/app/admin/scan_apk_version//results/AppInfo_2014-08-26-16-32-08.csv
**************************************************************
