Start processing app in list /home/Git-Apk/Updated_list from /home/Git-Apk/All_Apk  ......

============================================================================
1/3 Starting processing com.baidu.browser.apps-1.apk ......
Getting apk info from https://play.google.com/store/apps/details?id=com.baidu.browser.apps ......
[ERROR] : Cannot find info of com.baidu.browser.apps-1.apk on https://play.google.com/store/apps/details?id=com.baidu.browser.apps !!!
Done processing com.baidu.browser.apps-1.apk
Time Spent:   0 Days 0 Hours 0 Minutes 1 Seconds

============================================================================
2/3 Starting processing com.redatoms.mojodroid.kr_n.gp-1.apk ......
Getting apk info from https://play.google.com/store/apps/details?id=com.redatoms.mojodroid.kr_n.gp ......
Success to get info from Play Store
The lastest version of com.redatoms.mojodroid.kr_n.gp-1.apk is  3.5  
Done processing com.redatoms.mojodroid.kr_n.gp-1.apk
Time Spent:   0 Days 0 Hours 0 Minutes 3 Seconds

============================================================================
3/3 Starting processing com.sds.android.ttpod-1.apk ......
Getting apk info from https://play.google.com/store/apps/details?id=com.sds.android.ttpod ......
[ERROR] : Cannot find info of com.sds.android.ttpod-1.apk on https://play.google.com/store/apps/details?id=com.sds.android.ttpod !!!
Done processing com.sds.android.ttpod-1.apk
Time Spent:   0 Days 0 Hours 0 Minutes 4 Seconds

============================================================================


**************************************************************
All Done
Total Time:   0 Days 0 Hours 0 Minutes 4 Seconds
Result Location:               /home/Git-Apk/code_resource/script_hooks/scan_apk/scan_apk_version/results/AppInfo_2014-12-18-16-07-30.csv
**************************************************************
