Start processing app in list /share/Git-Apk/Updated_list from /share/Git-Apk/All_Apk  ......

============================================================================
1/6 Starting processing air.eti.uzzu.unalis-1.apk ......
Getting apk info from https://play.google.com/store/apps/details?id=air.eti.uzzu.unalis ......
Success to get info from Play Store
The lastest version of air.eti.uzzu.unalis-1.apk is  2.2.0  
Done processing air.eti.uzzu.unalis-1.apk
Time Spent:   0 Days 0 Hours 0 Minutes 4 Seconds

============================================================================
2/6 Starting processing com.glu.zamf1-1.apk ......
Getting apk info from https://play.google.com/store/apps/details?id=com.glu.zamf1 ......
Success to get info from Play Store
The lastest version of com.glu.zamf1-1.apk is  1.6.0  
Done processing com.glu.zamf1-1.apk
Time Spent:   0 Days 0 Hours 0 Minutes 7 Seconds

============================================================================
3/6 Starting processing com.igg.castleclash_tw-1.apk ......
Getting apk info from https://play.google.com/store/apps/details?id=com.igg.castleclash_tw ......
Success to get info from Play Store
The lastest version of com.igg.castleclash_tw-1.apk is  1.2.56  
Done processing com.igg.castleclash_tw-1.apk
Time Spent:   0 Days 0 Hours 0 Minutes 13 Seconds

============================================================================
4/6 Starting processing com.kabam.ff6android-1.apk ......
Getting apk info from https://play.google.com/store/apps/details?id=com.kabam.ff6android ......
Success to get info from Play Store
The lastest version of com.kabam.ff6android-1.apk is  3.4.2  
Done processing com.kabam.ff6android-1.apk
Time Spent:   0 Days 0 Hours 0 Minutes 17 Seconds

============================================================================
5/6 Starting processing com.qvod.player.beautylivebroadcast-1.apk ......
Getting apk info from https://play.google.com/store/apps/details?id=com.qvod.player.beautylivebroadcast ......
[ERROR] : Cannot find info of com.qvod.player.beautylivebroadcast-1.apk on https://play.google.com/store/apps/details?id=com.qvod.player.beautylivebroadcast !!!
Done processing com.qvod.player.beautylivebroadcast-1.apk
Time Spent:   0 Days 0 Hours 0 Minutes 18 Seconds

============================================================================
6/6 Starting processing com.tencent.peng-1.apk ......
Getting apk info from https://play.google.com/store/apps/details?id=com.tencent.peng ......
[ERROR] : Cannot find info of com.tencent.peng-1.apk on https://play.google.com/store/apps/details?id=com.tencent.peng !!!
Done processing com.tencent.peng-1.apk
Time Spent:   0 Days 0 Hours 0 Minutes 19 Seconds

============================================================================


**************************************************************
All Done
Total Time:   0 Days 0 Hours 0 Minutes 19 Seconds
Result Location:               /srv/www/htdocs/CV2/app/admin/scan_apk_version//results/AppInfo_2014-01-13-14-22-34.csv
**************************************************************
