Start processing app in list /share/Git-Apk/Updated_list from /share/Git-Apk/All_Apk  ......

============================================================================
1/13 Starting processing air.com.nextdifferencegames.Lost.Hiddenobjects-1.apk ......
Getting apk info from https://play.google.com/store/apps/details?id=air.com.nextdifferencegames.Lost.Hiddenobjects ......
Success to get info from Play Store
The lastest version of air.com.nextdifferencegames.Lost.Hiddenobjects-1.apk is  1.0.4  
Done processing air.com.nextdifferencegames.Lost.Hiddenobjects-1.apk
Time Spent:   0 Days 0 Hours 0 Minutes 4 Seconds

============================================================================
2/13 Starting processing com.ahoygames.okey-1.apk ......
Getting apk info from https://play.google.com/store/apps/details?id=com.ahoygames.okey ......
Success to get info from Play Store
The lastest version of com.ahoygames.okey-1.apk is    Varies with device  
Done processing com.ahoygames.okey-1.apk
Time Spent:   0 Days 0 Hours 0 Minutes 7 Seconds

============================================================================
3/13 Starting processing com.alawar.treasuresofmontezuma3full-1.apk ......
Getting apk info from https://play.google.com/store/apps/details?id=com.alawar.treasuresofmontezuma3full ......
Success to get info from Play Store
The lastest version of com.alawar.treasuresofmontezuma3full-1.apk is    Varies with device  
Done processing com.alawar.treasuresofmontezuma3full-1.apk
Time Spent:   0 Days 0 Hours 0 Minutes 11 Seconds

============================================================================
4/13 Starting processing com.cleanmaster.mguard-1.apk ......
Getting apk info from https://play.google.com/store/apps/details?id=com.cleanmaster.mguard ......
Success to get info from Play Store
The lastest version of com.cleanmaster.mguard-1.apk is    Varies with device  
Done processing com.cleanmaster.mguard-1.apk
Time Spent:   0 Days 0 Hours 0 Minutes 14 Seconds

============================================================================
5/13 Starting processing com.fastemulator.gba-1.apk ......
Getting apk info from https://play.google.com/store/apps/details?id=com.fastemulator.gba ......
Success to get info from Play Store
The lastest version of com.fastemulator.gba-1.apk is  1.5.22  
Done processing com.fastemulator.gba-1.apk
Time Spent:   0 Days 0 Hours 0 Minutes 17 Seconds

============================================================================
6/13 Starting processing com.google.android.gms-1.apk ......
Getting apk info from https://play.google.com/store/apps/details?id=com.google.android.gms ......
Success to get info from Play Store
The lastest version of com.google.android.gms-1.apk is    Varies with device  
Done processing com.google.android.gms-1.apk
Time Spent:   0 Days 0 Hours 0 Minutes 22 Seconds

============================================================================
7/13 Starting processing com.igg.castleclash-1.apk ......
Getting apk info from https://play.google.com/store/apps/details?id=com.igg.castleclash ......
Success to get info from Play Store
The lastest version of com.igg.castleclash-1.apk is    Varies with device  
Done processing com.igg.castleclash-1.apk
Time Spent:   0 Days 0 Hours 0 Minutes 27 Seconds

============================================================================
8/13 Starting processing com.igg.clash_of_lords-1.apk ......
Getting apk info from https://play.google.com/store/apps/details?id=com.igg.clash_of_lords ......
Success to get info from Play Store
The lastest version of com.igg.clash_of_lords-1.apk is  1.0.296  
Done processing com.igg.clash_of_lords-1.apk
Time Spent:   0 Days 0 Hours 0 Minutes 31 Seconds

============================================================================
9/13 Starting processing com.sparklingsociety.cityisland-1.apk ......
Getting apk info from https://play.google.com/store/apps/details?id=com.sparklingsociety.cityisland ......
Success to get info from Play Store
The lastest version of com.sparklingsociety.cityisland-1.apk is  2.16.1  
Done processing com.sparklingsociety.cityisland-1.apk
Time Spent:   0 Days 0 Hours 0 Minutes 34 Seconds

============================================================================
10/13 Starting processing com.tabtale.fashiongirlsmakeover-1.apk ......
Getting apk info from https://play.google.com/store/apps/details?id=com.tabtale.fashiongirlsmakeover ......
Success to get info from Play Store
The lastest version of com.tabtale.fashiongirlsmakeover-1.apk is  1.0.1  
Done processing com.tabtale.fashiongirlsmakeover-1.apk
Time Spent:   0 Days 0 Hours 0 Minutes 39 Seconds

============================================================================
11/13 Starting processing jp.naver.SJFISHING-1.apk ......
Getting apk info from https://play.google.com/store/apps/details?id=jp.naver.SJFISHING ......
Success to get info from Play Store
The lastest version of jp.naver.SJFISHING-1.apk is  1.2.6  
Done processing jp.naver.SJFISHING-1.apk
Time Spent:   0 Days 0 Hours 0 Minutes 43 Seconds

============================================================================
12/13 Starting processing jp.naver.SJLGBUBBLE-1.apk ......
Getting apk info from https://play.google.com/store/apps/details?id=jp.naver.SJLGBUBBLE ......
Success to get info from Play Store
The lastest version of jp.naver.SJLGBUBBLE-1.apk is  1.6.2  
Done processing jp.naver.SJLGBUBBLE-1.apk
Time Spent:   0 Days 0 Hours 0 Minutes 47 Seconds

============================================================================
13/13 Starting processing net.peakgames.OkeyPlus-1.apk ......
Getting apk info from https://play.google.com/store/apps/details?id=net.peakgames.OkeyPlus ......
Success to get info from Play Store
The lastest version of net.peakgames.OkeyPlus-1.apk is  2.93  
Done processing net.peakgames.OkeyPlus-1.apk
Time Spent:   0 Days 0 Hours 0 Minutes 50 Seconds

============================================================================


**************************************************************
All Done
Total Time:   0 Days 0 Hours 0 Minutes 50 Seconds
Result Location:               /srv/www/htdocs/CV2/app/admin/scan_apk_version//results/AppInfo_2014-02-12-17-24-20.csv
**************************************************************
