Start processing app in list /share/Git-Apk/Updated_list from /share/Git-Apk/All_Apk  ......

============================================================================
1/3 Starting processing com.gamevil.punchhero.glo-1.apk ......
Getting apk info from https://play.google.com/store/apps/details?id=com.gamevil.punchhero.glo ......
Success to get info from Play Store
The lastest version of com.gamevil.punchhero.glo-1.apk is  1.3.0  
Done processing com.gamevil.punchhero.glo-1.apk
Time Spent:   0 Days 0 Hours 0 Minutes 4 Seconds

============================================================================
2/3 Starting processing com.pixlr.express-1.apk ......
Getting apk info from https://play.google.com/store/apps/details?id=com.pixlr.express ......
Success to get info from Play Store
The lastest version of com.pixlr.express-1.apk is  2.2.1  
Done processing com.pixlr.express-1.apk
Time Spent:   0 Days 0 Hours 0 Minutes 8 Seconds

============================================================================
3/3 Starting processing com.polarbit.RecklessRacing-1.apk ......
Getting apk info from https://play.google.com/store/apps/details?id=com.polarbit.RecklessRacing ......
Success to get info from Play Store
The lastest version of com.polarbit.RecklessRacing-1.apk is  1.0.8  
Done processing com.polarbit.RecklessRacing-1.apk
Time Spent:   0 Days 0 Hours 0 Minutes 12 Seconds

============================================================================


**************************************************************
All Done
Total Time:   0 Days 0 Hours 0 Minutes 12 Seconds
Result Location:               /srv/www/htdocs/CV2/app/admin/scan_apk_version//results/AppInfo_2014-01-02-09-52-55.csv
**************************************************************
