Start processing app in list /home/Git-Apk/Updated_list from /home/Git-Apk/All_Apk  ......

============================================================================
1/2 Starting processing com.intsig.BCRLite-1.apk ......
Getting apk info from https://play.google.com/store/apps/details?id=com.intsig.BCRLite ......
Success to get info from Play Store
The lastest version of com.intsig.BCRLite-1.apk is    Varies with device  
Done processing com.intsig.BCRLite-1.apk
Time Spent:   0 Days 0 Hours 0 Minutes 3 Seconds

============================================================================
2/2 Starting processing com.ucamera.ucam-1.apk ......
Getting apk info from https://play.google.com/store/apps/details?id=com.ucamera.ucam ......
Success to get info from Play Store
The lastest version of com.ucamera.ucam-1.apk is  5.1.2.111814  
Done processing com.ucamera.ucam-1.apk
Time Spent:   0 Days 0 Hours 0 Minutes 4 Seconds

============================================================================


**************************************************************
All Done
Total Time:   0 Days 0 Hours 0 Minutes 4 Seconds
Result Location:               /home/Git-Apk/code_resource/script_hooks/scan_apk/scan_apk_version/results/AppInfo_2014-11-25-10-25-48.csv
**************************************************************
