Start processing app in list /share/Git-Apk/Updated_list from /share/Git-Apk/All_Apk  ......

============================================================================
1/4 Starting processing com.fds.infiniteflight-1.apk ......
Getting apk info from https://play.google.com/store/apps/details?id=com.fds.infiniteflight ......
Success to get info from Play Store
The lastest version of com.fds.infiniteflight-1.apk is  1.2.2  
Done processing com.fds.infiniteflight-1.apk
Time Spent:   0 Days 0 Hours 0 Minutes 4 Seconds

============================================================================
2/4 Starting processing com.hiddenvariable.bagit-1.apk ......
Getting apk info from https://play.google.com/store/apps/details?id=com.hiddenvariable.bagit ......
Success to get info from Play Store
The lastest version of com.hiddenvariable.bagit-1.apk is  3.0  
Done processing com.hiddenvariable.bagit-1.apk
Time Spent:   0 Days 0 Hours 0 Minutes 8 Seconds

============================================================================
3/4 Starting processing com.kevinbradford.games.barnyardgames-1.apk ......
Getting apk info from https://play.google.com/store/apps/details?id=com.kevinbradford.games.barnyardgames ......
Success to get info from Play Store
The lastest version of com.kevinbradford.games.barnyardgames-1.apk is  2.2  
Done processing com.kevinbradford.games.barnyardgames-1.apk
Time Spent:   0 Days 0 Hours 0 Minutes 11 Seconds

============================================================================
4/4 Starting processing com.zenstudios.MarvelPinball-1.apk ......
Getting apk info from https://play.google.com/store/apps/details?id=com.zenstudios.MarvelPinball ......
Success to get info from Play Store
The lastest version of com.zenstudios.MarvelPinball-1.apk is  1.1  
Done processing com.zenstudios.MarvelPinball-1.apk
Time Spent:   0 Days 0 Hours 0 Minutes 15 Seconds

============================================================================


**************************************************************
All Done
Total Time:   0 Days 0 Hours 0 Minutes 15 Seconds
Result Location:               /srv/www/htdocs/CV2/app/admin/scan_apk_version//results/AppInfo_2014-01-20-13-38-23.csv
**************************************************************
