Start processing app in list /share/Git-Apk/Updated_list from /share/Git-Apk/All_Apk  ......

============================================================================
1/2 Starting processing com.bigbluebubble.singingmonsters.full-1.apk ......
Getting apk info from https://play.google.com/store/apps/details?id=com.bigbluebubble.singingmonsters.full ......
Success to get info from Play Store
The lastest version of com.bigbluebubble.singingmonsters.full-1.apk is  1.2.4  
Done processing com.bigbluebubble.singingmonsters.full-1.apk
Time Spent:   0 Days 0 Hours 0 Minutes 4 Seconds

============================================================================
2/2 Starting processing com.socialquantum.acityint-1.apk ......
Getting apk info from https://play.google.com/store/apps/details?id=com.socialquantum.acityint ......
Success to get info from Play Store
The lastest version of com.socialquantum.acityint-1.apk is  1.71  
Done processing com.socialquantum.acityint-1.apk
Time Spent:   0 Days 0 Hours 0 Minutes 7 Seconds

============================================================================


**************************************************************
All Done
Total Time:   0 Days 0 Hours 0 Minutes 7 Seconds
Result Location:               /srv/www/htdocs/CV2/app/admin/scan_apk_version//results/AppInfo_2014-01-21-13-12-16.csv
**************************************************************
