Start processing app in list /share/Git-Apk/Updated_list from /share/Git-Apk/All_Apk  ......

============================================================================
1/3 Starting processing com.airwatch.email-1.apk ......
Getting apk info from https://play.google.com/store/apps/details?id=com.airwatch.email ......
Success to get info from Play Store
The lastest version of com.airwatch.email-1.apk is  1.4.1.894  
Done processing com.airwatch.email-1.apk
Time Spent:   0 Days 0 Hours 0 Minutes 2 Seconds

============================================================================
2/3 Starting processing com.taobao.taobao-1.apk ......
Getting apk info from https://play.google.com/store/apps/details?id=com.taobao.taobao ......
Success to get info from Play Store
The lastest version of com.taobao.taobao-1.apk is  4.2.2  
Done processing com.taobao.taobao-1.apk
Time Spent:   0 Days 0 Hours 0 Minutes 3 Seconds

============================================================================
3/3 Starting processing pooh2.opengl-1.apk ......
Getting apk info from https://play.google.com/store/apps/details?id=pooh2.opengl ......
Success to get info from Play Store
The lastest version of pooh2.opengl-1.apk is  1.0.1  
Done processing pooh2.opengl-1.apk
Time Spent:   0 Days 0 Hours 0 Minutes 5 Seconds

============================================================================


**************************************************************
All Done
Total Time:   0 Days 0 Hours 0 Minutes 5 Seconds
Result Location:               /var/www/CV2/app/admin/scan_apk_version//results/AppInfo_2014-05-13-18-00-38.csv
**************************************************************
