Start processing app in list /share/Git-Apk/Updated_list from /share/Git-Apk/All_Apk  ......

============================================================================
1/2 Starting processing com.mtvn.sbmigoogleplay-1.apk ......
Getting apk info from https://play.google.com/store/apps/details?id=com.mtvn.sbmigoogleplay ......
Success to get info from Play Store
The lastest version of com.mtvn.sbmigoogleplay-1.apk is  1.02.00  
Done processing com.mtvn.sbmigoogleplay-1.apk
Time Spent:   0 Days 0 Hours 0 Minutes 5 Seconds

============================================================================
2/2 Starting processing com.turner.cardwars-1.apk ......
Getting apk info from https://play.google.com/store/apps/details?id=com.turner.cardwars ......
Success to get info from Play Store
The lastest version of com.turner.cardwars-1.apk is  1.0.4  
Done processing com.turner.cardwars-1.apk
Time Spent:   0 Days 0 Hours 0 Minutes 10 Seconds

============================================================================


**************************************************************
All Done
Total Time:   0 Days 0 Hours 0 Minutes 10 Seconds
Result Location:               /srv/www/htdocs/CV2/app/admin/scan_apk_version//results/AppInfo_2014-03-28-10-48-46.csv
**************************************************************
