Start processing app in list /home/Git-Apk/Updated_list from /home/Git-Apk/Baidu  ......

============================================================================
1/34 Starting processing air.com.freshplanet.games.WaM-1.apk ......
Getting apk info from https://play.google.com/store/apps/details?id=air.com.freshplanet.games.WaM ......
Success to get info from Play Store
The lastest version of air.com.freshplanet.games.WaM-1.apk is  1.24.04  
Done processing air.com.freshplanet.games.WaM-1.apk
Time Spent:   0 Days 0 Hours 0 Minutes 5 Seconds

============================================================================
2/34 Starting processing air.com.sgn.cookiejam.gp-1.apk ......
Getting apk info from https://play.google.com/store/apps/details?id=air.com.sgn.cookiejam.gp ......
Success to get info from Play Store
The lastest version of air.com.sgn.cookiejam.gp-1.apk is  2.90.107  
Done processing air.com.sgn.cookiejam.gp-1.apk
Time Spent:   0 Days 0 Hours 0 Minutes 7 Seconds

============================================================================
3/34 Starting processing au.com.shiftyjelly.pocketcasts-1.apk ......
Getting apk info from https://play.google.com/store/apps/details?id=au.com.shiftyjelly.pocketcasts ......
Success to get info from Play Store
The lastest version of au.com.shiftyjelly.pocketcasts-1.apk is  4.8  
Done processing au.com.shiftyjelly.pocketcasts-1.apk
Time Spent:   0 Days 0 Hours 0 Minutes 9 Seconds

============================================================================
4/34 Starting processing br.com.beholdstudios.knightspp-1.apk ......
Getting apk info from https://play.google.com/store/apps/details?id=br.com.beholdstudios.knightspp ......
Success to get info from Play Store
The lastest version of br.com.beholdstudios.knightspp-1.apk is  2.21  
Done processing br.com.beholdstudios.knightspp-1.apk
Time Spent:   0 Days 0 Hours 0 Minutes 11 Seconds

============================================================================
5/34 Starting processing com.NamcoNetworks.MsPacMan-1.apk ......
Getting apk info from https://play.google.com/store/apps/details?id=com.NamcoNetworks.MsPacMan ......
Success to get info from Play Store
The lastest version of com.NamcoNetworks.MsPacMan-1.apk is  2.0.3  
Done processing com.NamcoNetworks.MsPacMan-1.apk
Time Spent:   0 Days 0 Hours 0 Minutes 15 Seconds

============================================================================
6/34 Starting processing com.ammonite.blockops2Free-1.apk ......
Getting apk info from https://play.google.com/store/apps/details?id=com.ammonite.blockops2Free ......
Success to get info from Play Store
The lastest version of com.ammonite.blockops2Free-1.apk is  2.03  
Done processing com.ammonite.blockops2Free-1.apk
Time Spent:   0 Days 0 Hours 0 Minutes 18 Seconds

============================================================================
7/34 Starting processing com.and.games505.TerrariaPaid-1.apk ......
Getting apk info from https://play.google.com/store/apps/details?id=com.and.games505.TerrariaPaid ......
Success to get info from Play Store
The lastest version of com.and.games505.TerrariaPaid-1.apk is  1.1.6299  
Done processing com.and.games505.TerrariaPaid-1.apk
Time Spent:   0 Days 0 Hours 0 Minutes 22 Seconds

============================================================================
8/34 Starting processing com.asobimo.avabel_gp_b3-1.apk ......
Getting apk info from https://play.google.com/store/apps/details?id=com.asobimo.avabel_gp_b3 ......
Success to get info from Play Store
The lastest version of com.asobimo.avabel_gp_b3-1.apk is  3.5.9  
Done processing com.asobimo.avabel_gp_b3-1.apk
Time Spent:   0 Days 0 Hours 0 Minutes 26 Seconds

============================================================================
9/34 Starting processing com.chaozh.iReaderFree15-1.apk ......
Getting apk info from https://play.google.com/store/apps/details?id=com.chaozh.iReaderFree15 ......
[ERROR] : Cannot find info of com.chaozh.iReaderFree15-1.apk on https://play.google.com/store/apps/details?id=com.chaozh.iReaderFree15 !!!
Done processing com.chaozh.iReaderFree15-1.apk
Time Spent:   0 Days 0 Hours 0 Minutes 27 Seconds

============================================================================
10/34 Starting processing com.ea.BejeweledBlitz_na-1.apk ......
Getting apk info from https://play.google.com/store/apps/details?id=com.ea.BejeweledBlitz_na ......
Success to get info from Play Store
The lastest version of com.ea.BejeweledBlitz_na-1.apk is  1.6.0.7  
Done processing com.ea.BejeweledBlitz_na-1.apk
Time Spent:   0 Days 0 Hours 0 Minutes 32 Seconds

============================================================================
11/34 Starting processing com.ea.game.tetris2011_na-1.apk ......
Getting apk info from https://play.google.com/store/apps/details?id=com.ea.game.tetris2011_na ......
Success to get info from Play Store
The lastest version of com.ea.game.tetris2011_na-1.apk is  1.4.07  
Done processing com.ea.game.tetris2011_na-1.apk
Time Spent:   0 Days 0 Hours 0 Minutes 36 Seconds

============================================================================
12/34 Starting processing com.estrongs.android.pop-1.apk ......
Getting apk info from https://play.google.com/store/apps/details?id=com.estrongs.android.pop ......
Success to get info from Play Store
The lastest version of com.estrongs.android.pop-1.apk is    Varies with device  
Done processing com.estrongs.android.pop-1.apk
Time Spent:   0 Days 0 Hours 0 Minutes 39 Seconds

============================================================================
13/34 Starting processing com.gamehivecorp.kicktheboss2-1.apk ......
Getting apk info from https://play.google.com/store/apps/details?id=com.gamehivecorp.kicktheboss2 ......
Success to get info from Play Store
The lastest version of com.gamehivecorp.kicktheboss2-1.apk is  2.7.6  
Done processing com.gamehivecorp.kicktheboss2-1.apk
Time Spent:   0 Days 0 Hours 0 Minutes 43 Seconds

============================================================================
14/34 Starting processing com.jb.gosms-1.apk ......
Getting apk info from https://play.google.com/store/apps/details?id=com.jb.gosms ......
Success to get info from Play Store
The lastest version of com.jb.gosms-1.apk is    Varies with device  
Done processing com.jb.gosms-1.apk
Time Spent:   0 Days 0 Hours 0 Minutes 47 Seconds

============================================================================
15/34 Starting processing com.kabam.ff6android-1.apk ......
Getting apk info from https://play.google.com/store/apps/details?id=com.kabam.ff6android ......
Success to get info from Play Store
The lastest version of com.kabam.ff6android-1.apk is  4.1.2  
Done processing com.kabam.ff6android-1.apk
Time Spent:   0 Days 0 Hours 0 Minutes 51 Seconds

============================================================================
16/34 Starting processing com.kii.safe-1.apk ......
Getting apk info from https://play.google.com/store/apps/details?id=com.kii.safe ......
Success to get info from Play Store
The lastest version of com.kii.safe-1.apk is    Varies with device  
Done processing com.kii.safe-1.apk
Time Spent:   0 Days 0 Hours 0 Minutes 54 Seconds

============================================================================
17/34 Starting processing com.king.pyramidsolitairesaga-1.apk ......
Getting apk info from https://play.google.com/store/apps/details?id=com.king.pyramidsolitairesaga ......
Success to get info from Play Store
The lastest version of com.king.pyramidsolitairesaga-1.apk is  1.10.5  
Done processing com.king.pyramidsolitairesaga-1.apk
Time Spent:   0 Days 0 Hours 0 Minutes 58 Seconds

============================================================================
18/34 Starting processing com.mobage.ww.a759.Blood_Brothers_Android-1.apk ......
Getting apk info from https://play.google.com/store/apps/details?id=com.mobage.ww.a759.Blood_Brothers_Android ......
Success to get info from Play Store
The lastest version of com.mobage.ww.a759.Blood_Brothers_Android-1.apk is  2.0.1.2.0  
Done processing com.mobage.ww.a759.Blood_Brothers_Android-1.apk
Time Spent:   0 Days 0 Hours 1 Minutes 2 Seconds

============================================================================
19/34 Starting processing com.picadelic.fxguru-1.apk ......
Getting apk info from https://play.google.com/store/apps/details?id=com.picadelic.fxguru ......
Success to get info from Play Store
The lastest version of com.picadelic.fxguru-1.apk is  2.7.0  
Done processing com.picadelic.fxguru-1.apk
Time Spent:   0 Days 0 Hours 1 Minutes 6 Seconds

============================================================================
20/34 Starting processing com.pocketgems.android.animalvoyage-1.apk ......
Getting apk info from https://play.google.com/store/apps/details?id=com.pocketgems.android.animalvoyage ......
Success to get info from Play Store
The lastest version of com.pocketgems.android.animalvoyage-1.apk is    Varies with device  
Done processing com.pocketgems.android.animalvoyage-1.apk
Time Spent:   0 Days 0 Hours 1 Minutes 10 Seconds

============================================================================
21/34 Starting processing com.qqgame.happymj-1.apk ......
Getting apk info from https://play.google.com/store/apps/details?id=com.qqgame.happymj ......
[ERROR] : Cannot find info of com.qqgame.happymj-1.apk on https://play.google.com/store/apps/details?id=com.qqgame.happymj !!!
Done processing com.qqgame.happymj-1.apk
Time Spent:   0 Days 0 Hours 1 Minutes 11 Seconds

============================================================================
22/34 Starting processing com.sgn.pandapop.gp-1.apk ......
Getting apk info from https://play.google.com/store/apps/details?id=com.sgn.pandapop.gp ......
Success to get info from Play Store
The lastest version of com.sgn.pandapop.gp-1.apk is  2.2.1  
Done processing com.sgn.pandapop.gp-1.apk
Time Spent:   0 Days 0 Hours 1 Minutes 15 Seconds

============================================================================
23/34 Starting processing com.spacegame.dessert-1.apk ......
Getting apk info from https://play.google.com/store/apps/details?id=com.spacegame.dessert ......
Success to get info from Play Store
The lastest version of com.spacegame.dessert-1.apk is  1.8  
Done processing com.spacegame.dessert-1.apk
Time Spent:   0 Days 0 Hours 1 Minutes 19 Seconds

============================================================================
24/34 Starting processing com.tencent.castleclash-1.apk ......
Getting apk info from https://play.google.com/store/apps/details?id=com.tencent.castleclash ......
[ERROR] : Cannot find info of com.tencent.castleclash-1.apk on https://play.google.com/store/apps/details?id=com.tencent.castleclash !!!
Done processing com.tencent.castleclash-1.apk
Time Spent:   0 Days 0 Hours 1 Minutes 21 Seconds

============================================================================
25/34 Starting processing com.tencent.feiji-1.apk ......
Getting apk info from https://play.google.com/store/apps/details?id=com.tencent.feiji ......
[ERROR] : Cannot find info of com.tencent.feiji-1.apk on https://play.google.com/store/apps/details?id=com.tencent.feiji !!!
Done processing com.tencent.feiji-1.apk
Time Spent:   0 Days 0 Hours 1 Minutes 22 Seconds

============================================================================
26/34 Starting processing com.tencent.game.SSGame-1.apk ......
Getting apk info from https://play.google.com/store/apps/details?id=com.tencent.game.SSGame ......
[ERROR] : Cannot find info of com.tencent.game.SSGame-1.apk on https://play.google.com/store/apps/details?id=com.tencent.game.SSGame !!!
Done processing com.tencent.game.SSGame-1.apk
Time Spent:   0 Days 0 Hours 1 Minutes 24 Seconds

============================================================================
27/34 Starting processing com.tencent.game.rhythmmaster-1.apk ......
Getting apk info from https://play.google.com/store/apps/details?id=com.tencent.game.rhythmmaster ......
[ERROR] : Cannot find info of com.tencent.game.rhythmmaster-1.apk on https://play.google.com/store/apps/details?id=com.tencent.game.rhythmmaster !!!
Done processing com.tencent.game.rhythmmaster-1.apk
Time Spent:   0 Days 0 Hours 1 Minutes 25 Seconds

============================================================================
28/34 Starting processing com.tencent.qqgame.qqTexaswvga-1.apk ......
Getting apk info from https://play.google.com/store/apps/details?id=com.tencent.qqgame.qqTexaswvga ......
Success to get info from Play Store
The lastest version of com.tencent.qqgame.qqTexaswvga-1.apk is  v3.1  
Done processing com.tencent.qqgame.qqTexaswvga-1.apk
Time Spent:   0 Days 0 Hours 1 Minutes 29 Seconds

============================================================================
29/34 Starting processing com.tencent.qqpim-1.apk ......
Getting apk info from https://play.google.com/store/apps/details?id=com.tencent.qqpim ......
Success to get info from Play Store
The lastest version of com.tencent.qqpim-1.apk is  5.0.5  
Done processing com.tencent.qqpim-1.apk
Time Spent:   0 Days 0 Hours 1 Minutes 33 Seconds

============================================================================
30/34 Starting processing com.tencent.tmgp.madhead.tos-1.apk ......
Getting apk info from https://play.google.com/store/apps/details?id=com.tencent.tmgp.madhead.tos ......
[ERROR] : Cannot find info of com.tencent.tmgp.madhead.tos-1.apk on https://play.google.com/store/apps/details?id=com.tencent.tmgp.madhead.tos !!!
Done processing com.tencent.tmgp.madhead.tos-1.apk
Time Spent:   0 Days 0 Hours 1 Minutes 34 Seconds

============================================================================
31/34 Starting processing com.twitter.android-1.apk ......
Getting apk info from https://play.google.com/store/apps/details?id=com.twitter.android ......
Success to get info from Play Store
The lastest version of com.twitter.android-1.apk is    Varies with device  
Done processing com.twitter.android-1.apk
Time Spent:   0 Days 0 Hours 1 Minutes 39 Seconds

============================================================================
32/34 Starting processing com.wooga.jelly_splash-1.apk ......
Getting apk info from https://play.google.com/store/apps/details?id=com.wooga.jelly_splash ......
Success to get info from Play Store
The lastest version of com.wooga.jelly_splash-1.apk is    Varies with device  
Done processing com.wooga.jelly_splash-1.apk
Time Spent:   0 Days 0 Hours 1 Minutes 42 Seconds

============================================================================
33/34 Starting processing com.worms3.app-1.apk ......
Getting apk info from https://play.google.com/store/apps/details?id=com.worms3.app ......
Success to get info from Play Store
The lastest version of com.worms3.app-1.apk is  1.98  
Done processing com.worms3.app-1.apk
Time Spent:   0 Days 0 Hours 1 Minutes 46 Seconds

============================================================================
34/34 Starting processing jp.gungho.padEN-1.apk ......
Getting apk info from https://play.google.com/store/apps/details?id=jp.gungho.padEN ......
Success to get info from Play Store
The lastest version of jp.gungho.padEN-1.apk is  7.2.1  
Done processing jp.gungho.padEN-1.apk
Time Spent:   0 Days 0 Hours 1 Minutes 50 Seconds

============================================================================


**************************************************************
All Done
Total Time:   0 Days 0 Hours 1 Minutes 50 Seconds
Result Location:               /home/Git-Apk/code_resource/script_hooks/scan_apk/scan_apk_version/results/AppInfo_2014-11-19-10-08-59.csv
**************************************************************
