Start processing app in list /home/Git-Apk/Updated_list from /home/Git-Apk/All_Apk  ......

============================================================================
1/189 Starting processing air.BRFree-1.apk ......
Getting apk info from https://play.google.com/store/apps/details?id=air.BRFree ......
Success to get info from Play Store
The lastest version of air.BRFree-1.apk is  1.720  
Done processing air.BRFree-1.apk
Time Spent:   0 Days 0 Hours 0 Minutes 2 Seconds

============================================================================
2/189 Starting processing air.com.bitrhymes.bingo-1.apk ......
Getting apk info from https://play.google.com/store/apps/details?id=air.com.bitrhymes.bingo ......
Success to get info from Play Store
The lastest version of air.com.bitrhymes.bingo-1.apk is    Varies with device  
Done processing air.com.bitrhymes.bingo-1.apk
Time Spent:   0 Days 0 Hours 0 Minutes 4 Seconds

============================================================================
3/189 Starting processing air.com.buffalo_studios.newflashbingo-1.apk ......
Getting apk info from https://play.google.com/store/apps/details?id=air.com.buffalo_studios.newflashbingo ......
Success to get info from Play Store
The lastest version of air.com.buffalo_studios.newflashbingo-1.apk is  2.76.0  
Done processing air.com.buffalo_studios.newflashbingo-1.apk
Time Spent:   0 Days 0 Hours 0 Minutes 6 Seconds

============================================================================
4/189 Starting processing air.com.differencegames.hosummergardenfree-1.apk ......
Getting apk info from https://play.google.com/store/apps/details?id=air.com.differencegames.hosummergardenfree ......
Success to get info from Play Store
The lastest version of air.com.differencegames.hosummergardenfree-1.apk is  1.0.13  
Done processing air.com.differencegames.hosummergardenfree-1.apk
Time Spent:   0 Days 0 Hours 0 Minutes 7 Seconds

============================================================================
5/189 Starting processing air.com.ea.game.monopolyslots_na-1.apk ......
Getting apk info from https://play.google.com/store/apps/details?id=air.com.ea.game.monopolyslots_na ......
Success to get info from Play Store
The lastest version of air.com.ea.game.monopolyslots_na-1.apk is  5.7.4  
Done processing air.com.ea.game.monopolyslots_na-1.apk
Time Spent:   0 Days 0 Hours 0 Minutes 9 Seconds

============================================================================
6/189 Starting processing air.com.freshplanet.games.WaM-1.apk ......
Getting apk info from https://play.google.com/store/apps/details?id=air.com.freshplanet.games.WaM ......
Success to get info from Play Store
The lastest version of air.com.freshplanet.games.WaM-1.apk is  1.22.107  
Done processing air.com.freshplanet.games.WaM-1.apk
Time Spent:   0 Days 0 Hours 0 Minutes 13 Seconds

============================================================================
7/189 Starting processing air.com.goodgamestudios.shadowkings-1.apk ......
Getting apk info from https://play.google.com/store/apps/details?id=air.com.goodgamestudios.shadowkings ......
Success to get info from Play Store
The lastest version of air.com.goodgamestudios.shadowkings-1.apk is  1.6.8  
Done processing air.com.goodgamestudios.shadowkings-1.apk
Time Spent:   0 Days 0 Hours 0 Minutes 14 Seconds

============================================================================
8/189 Starting processing air.com.playtika.slotomania-1.apk ......
Getting apk info from https://play.google.com/store/apps/details?id=air.com.playtika.slotomania ......
Success to get info from Play Store
The lastest version of air.com.playtika.slotomania-1.apk is    Varies with device  
Done processing air.com.playtika.slotomania-1.apk
Time Spent:   0 Days 0 Hours 0 Minutes 16 Seconds

============================================================================
9/189 Starting processing air.kr.fivethirty.LetsFold-1.apk ......
Getting apk info from https://play.google.com/store/apps/details?id=air.kr.fivethirty.LetsFold ......
Success to get info from Play Store
The lastest version of air.kr.fivethirty.LetsFold-1.apk is  1.7.0  
Done processing air.kr.fivethirty.LetsFold-1.apk
Time Spent:   0 Days 0 Hours 0 Minutes 19 Seconds

============================================================================
10/189 Starting processing air.yepi.BouncingBalls-1.apk ......
Getting apk info from https://play.google.com/store/apps/details?id=air.yepi.BouncingBalls ......
Success to get info from Play Store
The lastest version of air.yepi.BouncingBalls-1.apk is  With  
Done processing air.yepi.BouncingBalls-1.apk
Time Spent:   0 Days 0 Hours 0 Minutes 22 Seconds

============================================================================
11/189 Starting processing aiy.lwh.games.mine-1.apk ......
Getting apk info from https://play.google.com/store/apps/details?id=aiy.lwh.games.mine ......
Success to get info from Play Store
The lastest version of aiy.lwh.games.mine-1.apk is  1.12  
Done processing aiy.lwh.games.mine-1.apk
Time Spent:   0 Days 0 Hours 0 Minutes 25 Seconds

============================================================================
12/189 Starting processing casinogamestudios.dolphincasino-1.apk ......
Getting apk info from https://play.google.com/store/apps/details?id=casinogamestudios.dolphincasino ......
Success to get info from Play Store
The lastest version of casinogamestudios.dolphincasino-1.apk is  1.2.1  
Done processing casinogamestudios.dolphincasino-1.apk
Time Spent:   0 Days 0 Hours 0 Minutes 28 Seconds

============================================================================
13/189 Starting processing casinogamestudios.farmslots-1.apk ......
Getting apk info from https://play.google.com/store/apps/details?id=casinogamestudios.farmslots ......
Success to get info from Play Store
The lastest version of casinogamestudios.farmslots-1.apk is  1.1.35  
Done processing casinogamestudios.farmslots-1.apk
Time Spent:   0 Days 0 Hours 0 Minutes 32 Seconds

============================================================================
14/189 Starting processing com.VariousGames.HardDismount-1.apk ......
Getting apk info from https://play.google.com/store/apps/details?id=com.VariousGames.HardDismount ......
Success to get info from Play Store
The lastest version of com.VariousGames.HardDismount-1.apk is  2.8.2  
Done processing com.VariousGames.HardDismount-1.apk
Time Spent:   0 Days 0 Hours 0 Minutes 35 Seconds

============================================================================
15/189 Starting processing com.acmeaom.android.myradar-1.apk ......
Getting apk info from https://play.google.com/store/apps/details?id=com.acmeaom.android.myradar ......
Success to get info from Play Store
The lastest version of com.acmeaom.android.myradar-1.apk is    Varies with device  
Done processing com.acmeaom.android.myradar-1.apk
Time Spent:   0 Days 0 Hours 0 Minutes 39 Seconds

============================================================================
16/189 Starting processing com.ahzs.burningblade-1.apk ......
Getting apk info from https://play.google.com/store/apps/details?id=com.ahzs.burningblade ......
Success to get info from Play Store
The lastest version of com.ahzs.burningblade-1.apk is  1.0.0.8  
Done processing com.ahzs.burningblade-1.apk
Time Spent:   0 Days 0 Hours 0 Minutes 43 Seconds

============================================================================
17/189 Starting processing com.alarmclock.xtreme.free-1.apk ......
Getting apk info from https://play.google.com/store/apps/details?id=com.alarmclock.xtreme.free ......
Success to get info from Play Store
The lastest version of com.alarmclock.xtreme.free-1.apk is    Varies with device  
Done processing com.alarmclock.xtreme.free-1.apk
Time Spent:   0 Days 0 Hours 0 Minutes 47 Seconds

============================================================================
18/189 Starting processing com.amazon.kindle-1.apk ......
Getting apk info from https://play.google.com/store/apps/details?id=com.amazon.kindle ......
Success to get info from Play Store
The lastest version of com.amazon.kindle-1.apk is    Varies with device  
Done processing com.amazon.kindle-1.apk
Time Spent:   0 Days 0 Hours 0 Minutes 52 Seconds

============================================================================
19/189 Starting processing com.avast.android.mobilesecurity-1.apk ......
Getting apk info from https://play.google.com/store/apps/details?id=com.avast.android.mobilesecurity ......
Success to get info from Play Store
The lastest version of com.avast.android.mobilesecurity-1.apk is  3.0.7801  
Done processing com.avast.android.mobilesecurity-1.apk
Time Spent:   0 Days 0 Hours 0 Minutes 56 Seconds

============================================================================
20/189 Starting processing com.badoo.mobile-1.apk ......
Getting apk info from https://play.google.com/store/apps/details?id=com.badoo.mobile ......
Success to get info from Play Store
The lastest version of com.badoo.mobile-1.apk is    Varies with device  
Done processing com.badoo.mobile-1.apk
Time Spent:   0 Days 0 Hours 1 Minutes 0 Seconds

============================================================================
21/189 Starting processing com.bamnetworks.mobile.android.gameday.atbat-1.apk ......
Getting apk info from https://play.google.com/store/apps/details?id=com.bamnetworks.mobile.android.gameday.atbat ......
Success to get info from Play Store
The lastest version of com.bamnetworks.mobile.android.gameday.atbat-1.apk is    Varies with device  
Done processing com.bamnetworks.mobile.android.gameday.atbat-1.apk
Time Spent:   0 Days 0 Hours 1 Minutes 4 Seconds

============================================================================
22/189 Starting processing com.bandainamcogames.pacfriends-1.apk ......
Getting apk info from https://play.google.com/store/apps/details?id=com.bandainamcogames.pacfriends ......
Success to get info from Play Store
The lastest version of com.bandainamcogames.pacfriends-1.apk is  1.0.1  
Done processing com.bandainamcogames.pacfriends-1.apk
Time Spent:   0 Days 0 Hours 1 Minutes 8 Seconds

============================================================================
23/189 Starting processing com.berobo.android.scanner-1.apk ......
Getting apk info from https://play.google.com/store/apps/details?id=com.berobo.android.scanner ......
Success to get info from Play Store
The lastest version of com.berobo.android.scanner-1.apk is  12.3  
Done processing com.berobo.android.scanner-1.apk
Time Spent:   0 Days 0 Hours 1 Minutes 11 Seconds

============================================================================
24/189 Starting processing com.bluedragon.dragonball-1.apk ......
Getting apk info from https://play.google.com/store/apps/details?id=com.bluedragon.dragonball ......
Success to get info from Play Store
The lastest version of com.bluedragon.dragonball-1.apk is  6.1  
Done processing com.bluedragon.dragonball-1.apk
Time Spent:   0 Days 0 Hours 1 Minutes 15 Seconds

============================================================================
25/189 Starting processing com.brokenscreen.crackscreen-1.apk ......
Getting apk info from https://play.google.com/store/apps/details?id=com.brokenscreen.crackscreen ......
Success to get info from Play Store
The lastest version of com.brokenscreen.crackscreen-1.apk is  8.0  
Done processing com.brokenscreen.crackscreen-1.apk
Time Spent:   0 Days 0 Hours 1 Minutes 19 Seconds

============================================================================
26/189 Starting processing com.byscout.whitetiles4And-1.apk ......
Getting apk info from https://play.google.com/store/apps/details?id=com.byscout.whitetiles4And ......
Success to get info from Play Store
The lastest version of com.byscout.whitetiles4And-1.apk is  3.1.6  
Done processing com.byscout.whitetiles4And-1.apk
Time Spent:   0 Days 0 Hours 1 Minutes 23 Seconds

============================================================================
27/189 Starting processing com.cardinalblue.piccollage.google-1.apk ......
Getting apk info from https://play.google.com/store/apps/details?id=com.cardinalblue.piccollage.google ......
Success to get info from Play Store
The lastest version of com.cardinalblue.piccollage.google-1.apk is    Varies with device  
Done processing com.cardinalblue.piccollage.google-1.apk
Time Spent:   0 Days 0 Hours 1 Minutes 27 Seconds

============================================================================
28/189 Starting processing com.chase.sig.android-1.apk ......
Getting apk info from https://play.google.com/store/apps/details?id=com.chase.sig.android ......
Success to get info from Play Store
The lastest version of com.chase.sig.android-1.apk is  3.18  
Done processing com.chase.sig.android-1.apk
Time Spent:   0 Days 0 Hours 1 Minutes 32 Seconds

============================================================================
29/189 Starting processing com.cheerfulinc.flipagram-1.apk ......
Getting apk info from https://play.google.com/store/apps/details?id=com.cheerfulinc.flipagram ......
Success to get info from Play Store
The lastest version of com.cheerfulinc.flipagram-1.apk is    Varies with device  
Done processing com.cheerfulinc.flipagram-1.apk
Time Spent:   0 Days 0 Hours 1 Minutes 36 Seconds

============================================================================
30/189 Starting processing com.ciegames.RacingRivals-1.apk ......
Getting apk info from https://play.google.com/store/apps/details?id=com.ciegames.RacingRivals ......
Success to get info from Play Store
The lastest version of com.ciegames.RacingRivals-1.apk is  2.0.0  
Done processing com.ciegames.RacingRivals-1.apk
Time Spent:   0 Days 0 Hours 1 Minutes 40 Seconds

============================================================================
31/189 Starting processing com.classdojo.android-1.apk ......
Getting apk info from https://play.google.com/store/apps/details?id=com.classdojo.android ......
Success to get info from Play Store
The lastest version of com.classdojo.android-1.apk is  2.6.1  
Done processing com.classdojo.android-1.apk
Time Spent:   0 Days 0 Hours 1 Minutes 44 Seconds

============================================================================
32/189 Starting processing com.cleanmaster.mguard-1.apk ......
Getting apk info from https://play.google.com/store/apps/details?id=com.cleanmaster.mguard ......
Success to get info from Play Store
The lastest version of com.cleanmaster.mguard-1.apk is    Varies with device  
Done processing com.cleanmaster.mguard-1.apk
Time Spent:   0 Days 0 Hours 1 Minutes 48 Seconds

============================================================================
33/189 Starting processing com.clearchannel.iheartradio.controller-1.apk ......
Getting apk info from https://play.google.com/store/apps/details?id=com.clearchannel.iheartradio.controller ......
Success to get info from Play Store
The lastest version of com.clearchannel.iheartradio.controller-1.apk is    Varies with device  
Done processing com.clearchannel.iheartradio.controller-1.apk
Time Spent:   0 Days 0 Hours 1 Minutes 52 Seconds

============================================================================
34/189 Starting processing com.cootek.smartinputv5-1.apk ......
Getting apk info from https://play.google.com/store/apps/details?id=com.cootek.smartinputv5 ......
Success to get info from Play Store
The lastest version of com.cootek.smartinputv5-1.apk is    Varies with device  
Done processing com.cootek.smartinputv5-1.apk
Time Spent:   0 Days 0 Hours 1 Minutes 58 Seconds

============================================================================
35/189 Starting processing com.creativemobile.dr4x4-1.apk ......
Getting apk info from https://play.google.com/store/apps/details?id=com.creativemobile.dr4x4 ......
Success to get info from Play Store
The lastest version of com.creativemobile.dr4x4-1.apk is    Varies with device  
Done processing com.creativemobile.dr4x4-1.apk
Time Spent:   0 Days 0 Hours 2 Minutes 2 Seconds

============================================================================
36/189 Starting processing com.creativemobile.nno-1.apk ......
Getting apk info from https://play.google.com/store/apps/details?id=com.creativemobile.nno ......
Success to get info from Play Store
The lastest version of com.creativemobile.nno-1.apk is  3.2.4  
Done processing com.creativemobile.nno-1.apk
Time Spent:   0 Days 0 Hours 2 Minutes 7 Seconds

============================================================================
37/189 Starting processing com.crimsonpine.stayinline-1.apk ......
Getting apk info from https://play.google.com/store/apps/details?id=com.crimsonpine.stayinline ......
Success to get info from Play Store
The lastest version of com.crimsonpine.stayinline-1.apk is  1.22  
Done processing com.crimsonpine.stayinline-1.apk
Time Spent:   0 Days 0 Hours 2 Minutes 11 Seconds

============================================================================
38/189 Starting processing com.criticalhitsoftware.policescanner50free-1.apk ......
Getting apk info from https://play.google.com/store/apps/details?id=com.criticalhitsoftware.policescanner50free ......
Success to get info from Play Store
The lastest version of com.criticalhitsoftware.policescanner50free-1.apk is  2.2  
Done processing com.criticalhitsoftware.policescanner50free-1.apk
Time Spent:   0 Days 0 Hours 2 Minutes 16 Seconds

============================================================================
39/189 Starting processing com.crowdstar.covetfashion-1.apk ......
Getting apk info from https://play.google.com/store/apps/details?id=com.crowdstar.covetfashion ......
Success to get info from Play Store
The lastest version of com.crowdstar.covetfashion-1.apk is  2.14.40  
Done processing com.crowdstar.covetfashion-1.apk
Time Spent:   0 Days 0 Hours 2 Minutes 20 Seconds

============================================================================
40/189 Starting processing com.degoo.android.makeupsalon-1.apk ......
Getting apk info from https://play.google.com/store/apps/details?id=com.degoo.android.makeupsalon ......
Success to get info from Play Store
The lastest version of com.degoo.android.makeupsalon-1.apk is  1.0.7  
Done processing com.degoo.android.makeupsalon-1.apk
Time Spent:   0 Days 0 Hours 2 Minutes 24 Seconds

============================================================================
41/189 Starting processing com.degoo.android.washpet-1.apk ......
Getting apk info from https://play.google.com/store/apps/details?id=com.degoo.android.washpet ......
Success to get info from Play Store
The lastest version of com.degoo.android.washpet-1.apk is  1.1.8  
Done processing com.degoo.android.washpet-1.apk
Time Spent:   0 Days 0 Hours 2 Minutes 29 Seconds

============================================================================
42/189 Starting processing com.dominospizza-1.apk ......
Getting apk info from https://play.google.com/store/apps/details?id=com.dominospizza ......
Success to get info from Play Store
The lastest version of com.dominospizza-1.apk is  2.2.1  
Done processing com.dominospizza-1.apk
Time Spent:   0 Days 0 Hours 2 Minutes 32 Seconds

============================================================================
43/189 Starting processing com.dotgears.swing-1.apk ......
Getting apk info from https://play.google.com/store/apps/details?id=com.dotgears.swing ......
Success to get info from Play Store
The lastest version of com.dotgears.swing-1.apk is  1.2.1  
Done processing com.dotgears.swing-1.apk
Time Spent:   0 Days 0 Hours 2 Minutes 35 Seconds

============================================================================
44/189 Starting processing com.doubleugames.DoubleUCasino-1.apk ......
Getting apk info from https://play.google.com/store/apps/details?id=com.doubleugames.DoubleUCasino ......
Success to get info from Play Store
The lastest version of com.doubleugames.DoubleUCasino-1.apk is  2.9.0  
Done processing com.doubleugames.DoubleUCasino-1.apk
Time Spent:   0 Days 0 Hours 2 Minutes 39 Seconds

============================================================================
45/189 Starting processing com.dragonplay.liveholdempro-1.apk ......
Getting apk info from https://play.google.com/store/apps/details?id=com.dragonplay.liveholdempro ......
Success to get info from Play Store
The lastest version of com.dragonplay.liveholdempro-1.apk is    Varies with device  
Done processing com.dragonplay.liveholdempro-1.apk
Time Spent:   0 Days 0 Hours 2 Minutes 43 Seconds

============================================================================
46/189 Starting processing com.dragonplay.slotcity-1.apk ......
Getting apk info from https://play.google.com/store/apps/details?id=com.dragonplay.slotcity ......
Success to get info from Play Store
The lastest version of com.dragonplay.slotcity-1.apk is    Varies with device  
Done processing com.dragonplay.slotcity-1.apk
Time Spent:   0 Days 0 Hours 2 Minutes 47 Seconds

============================================================================
47/189 Starting processing com.droidhen.game.speedhiker-1.apk ......
Getting apk info from https://play.google.com/store/apps/details?id=com.droidhen.game.speedhiker ......
Success to get info from Play Store
The lastest version of com.droidhen.game.speedhiker-1.apk is  1.0.6  
Done processing com.droidhen.game.speedhiker-1.apk
Time Spent:   0 Days 0 Hours 2 Minutes 51 Seconds

============================================================================
48/189 Starting processing com.ea.game.pvz2_na-1.apk ......
Getting apk info from https://play.google.com/store/apps/details?id=com.ea.game.pvz2_na ......
Success to get info from Play Store
The lastest version of com.ea.game.pvz2_na-1.apk is  2.7.1  
Done processing com.ea.game.pvz2_na-1.apk
Time Spent:   0 Days 0 Hours 2 Minutes 56 Seconds

============================================================================
49/189 Starting processing com.ea.game.simpsons4_na-1.apk ......
Getting apk info from https://play.google.com/store/apps/details?id=com.ea.game.simpsons4_na ......
Success to get info from Play Store
The lastest version of com.ea.game.simpsons4_na-1.apk is  4.10.3  
Done processing com.ea.game.simpsons4_na-1.apk
Time Spent:   0 Days 0 Hours 3 Minutes 0 Seconds

============================================================================
50/189 Starting processing com.enflick.android.TextNow-1.apk ......
Getting apk info from https://play.google.com/store/apps/details?id=com.enflick.android.TextNow ......
Success to get info from Play Store
The lastest version of com.enflick.android.TextNow-1.apk is    Varies with device  
Done processing com.enflick.android.TextNow-1.apk
Time Spent:   0 Days 0 Hours 3 Minutes 3 Seconds

============================================================================
51/189 Starting processing com.episodeinteractive.android.catalog-1.apk ......
Getting apk info from https://play.google.com/store/apps/details?id=com.episodeinteractive.android.catalog ......
Success to get info from Play Store
The lastest version of com.episodeinteractive.android.catalog-1.apk is  1.29.5+g  
Done processing com.episodeinteractive.android.catalog-1.apk
Time Spent:   0 Days 0 Hours 3 Minutes 7 Seconds

============================================================================
52/189 Starting processing com.estrongs.android.pop-1.apk ......
Getting apk info from https://play.google.com/store/apps/details?id=com.estrongs.android.pop ......
Success to get info from Play Store
The lastest version of com.estrongs.android.pop-1.apk is    Varies with device  
Done processing com.estrongs.android.pop-1.apk
Time Spent:   0 Days 0 Hours 3 Minutes 11 Seconds

============================================================================
53/189 Starting processing com.evernote-1.apk ......
Getting apk info from https://play.google.com/store/apps/details?id=com.evernote ......
Success to get info from Play Store
The lastest version of com.evernote-1.apk is    Varies with device  
Done processing com.evernote-1.apk
Time Spent:   0 Days 0 Hours 3 Minutes 15 Seconds

============================================================================
54/189 Starting processing com.facebook.orca-1.apk ......
Getting apk info from https://play.google.com/store/apps/details?id=com.facebook.orca ......
Success to get info from Play Store
The lastest version of com.facebook.orca-1.apk is    Varies with device  
Done processing com.facebook.orca-1.apk
Time Spent:   0 Days 0 Hours 3 Minutes 19 Seconds

============================================================================
55/189 Starting processing com.facebook.pages.app-1.apk ......
Getting apk info from https://play.google.com/store/apps/details?id=com.facebook.pages.app ......
Success to get info from Play Store
The lastest version of com.facebook.pages.app-1.apk is    Varies with device  
Done processing com.facebook.pages.app-1.apk
Time Spent:   0 Days 0 Hours 3 Minutes 23 Seconds

============================================================================
56/189 Starting processing com.fatchicken007.headsupcharades2-1.apk ......
Getting apk info from https://play.google.com/store/apps/details?id=com.fatchicken007.headsupcharades2 ......
Success to get info from Play Store
The lastest version of com.fatchicken007.headsupcharades2-1.apk is  2.3  
Done processing com.fatchicken007.headsupcharades2-1.apk
Time Spent:   0 Days 0 Hours 3 Minutes 26 Seconds

============================================================================
57/189 Starting processing com.feelingtouch.slotgame2-1.apk ......
Getting apk info from https://play.google.com/store/apps/details?id=com.feelingtouch.slotgame2 ......
Success to get info from Play Store
The lastest version of com.feelingtouch.slotgame2-1.apk is  1.53  
Done processing com.feelingtouch.slotgame2-1.apk
Time Spent:   0 Days 0 Hours 3 Minutes 30 Seconds

============================================================================
58/189 Starting processing com.feelingtouch.zombiex-1.apk ......
Getting apk info from https://play.google.com/store/apps/details?id=com.feelingtouch.zombiex ......
Success to get info from Play Store
The lastest version of com.feelingtouch.zombiex-1.apk is  2.3  
Done processing com.feelingtouch.zombiex-1.apk
Time Spent:   0 Days 0 Hours 3 Minutes 34 Seconds

============================================================================
59/189 Starting processing com.fingerdance.empire-1.apk ......
Getting apk info from https://play.google.com/store/apps/details?id=com.fingerdance.empire ......
Success to get info from Play Store
The lastest version of com.fingerdance.empire-1.apk is  1.0.6  
Done processing com.fingerdance.empire-1.apk
Time Spent:   0 Days 0 Hours 3 Minutes 37 Seconds

============================================================================
60/189 Starting processing com.fitbit.FitbitMobile-1.apk ......
Getting apk info from https://play.google.com/store/apps/details?id=com.fitbit.FitbitMobile ......
Success to get info from Play Store
The lastest version of com.fitbit.FitbitMobile-1.apk is    Varies with device  
Done processing com.fitbit.FitbitMobile-1.apk
Time Spent:   0 Days 0 Hours 3 Minutes 41 Seconds

============================================================================
61/189 Starting processing com.fivestargames.slots-1.apk ......
Getting apk info from https://play.google.com/store/apps/details?id=com.fivestargames.slots ......
Success to get info from Play Store
The lastest version of com.fivestargames.slots-1.apk is  1.09  
Done processing com.fivestargames.slots-1.apk
Time Spent:   0 Days 0 Hours 3 Minutes 44 Seconds

============================================================================
62/189 Starting processing com.forshared-1.apk ......
Getting apk info from https://play.google.com/store/apps/details?id=com.forshared ......
Success to get info from Play Store
The lastest version of com.forshared-1.apk is  2.5.5  
Done processing com.forshared-1.apk
Time Spent:   0 Days 0 Hours 3 Minutes 48 Seconds

============================================================================
63/189 Starting processing com.fusionprojects.edmodo-1.apk ......
Getting apk info from https://play.google.com/store/apps/details?id=com.fusionprojects.edmodo ......
Success to get info from Play Store
The lastest version of com.fusionprojects.edmodo-1.apk is  3.2.5  
Done processing com.fusionprojects.edmodo-1.apk
Time Spent:   0 Days 0 Hours 3 Minutes 51 Seconds

============================================================================
64/189 Starting processing com.g5e.cursedship.android-1.apk ......
Getting apk info from https://play.google.com/store/apps/details?id=com.g5e.cursedship.android ......
Success to get info from Play Store
The lastest version of com.g5e.cursedship.android-1.apk is    Varies with device  
Done processing com.g5e.cursedship.android-1.apk
Time Spent:   0 Days 0 Hours 3 Minutes 56 Seconds

============================================================================
65/189 Starting processing com.g6677.android.phairsalon-1.apk ......
Getting apk info from https://play.google.com/store/apps/details?id=com.g6677.android.phairsalon ......
Success to get info from Play Store
The lastest version of com.g6677.android.phairsalon-1.apk is  1.0.6  
Done processing com.g6677.android.phairsalon-1.apk
Time Spent:   0 Days 0 Hours 4 Minutes 0 Seconds

============================================================================
66/189 Starting processing com.g6677.android.pnailspa-1.apk ......
Getting apk info from https://play.google.com/store/apps/details?id=com.g6677.android.pnailspa ......
Success to get info from Play Store
The lastest version of com.g6677.android.pnailspa-1.apk is  1.0.3  
Done processing com.g6677.android.pnailspa-1.apk
Time Spent:   0 Days 0 Hours 4 Minutes 5 Seconds

============================================================================
67/189 Starting processing com.game.BubbleShooter-1.apk ......
Getting apk info from https://play.google.com/store/apps/details?id=com.game.BubbleShooter ......
Success to get info from Play Store
The lastest version of com.game.BubbleShooter-1.apk is  2.2  
Done processing com.game.BubbleShooter-1.apk
Time Spent:   0 Days 0 Hours 4 Minutes 9 Seconds

============================================================================
68/189 Starting processing com.gamelion.cleopatra-1.apk ......
Getting apk info from https://play.google.com/store/apps/details?id=com.gamelion.cleopatra ......
Success to get info from Play Store
The lastest version of com.gamelion.cleopatra-1.apk is  1.0.110  
Done processing com.gamelion.cleopatra-1.apk
Time Spent:   0 Days 0 Hours 4 Minutes 14 Seconds

============================================================================
69/189 Starting processing com.gameloft.android.ANMP.GloftA8HM-1.apk ......
Getting apk info from https://play.google.com/store/apps/details?id=com.gameloft.android.ANMP.GloftA8HM ......
Success to get info from Play Store
The lastest version of com.gameloft.android.ANMP.GloftA8HM-1.apk is    Varies with device  
Done processing com.gameloft.android.ANMP.GloftA8HM-1.apk
Time Spent:   0 Days 0 Hours 4 Minutes 19 Seconds

============================================================================
70/189 Starting processing com.gameloft.android.ANMP.GloftNJHM-1.apk ......
Getting apk info from https://play.google.com/store/apps/details?id=com.gameloft.android.ANMP.GloftNJHM ......
Success to get info from Play Store
The lastest version of com.gameloft.android.ANMP.GloftNJHM-1.apk is  1.0.0o  
Done processing com.gameloft.android.ANMP.GloftNJHM-1.apk
Time Spent:   0 Days 0 Hours 4 Minutes 23 Seconds

============================================================================
71/189 Starting processing com.gamestar.perfectpiano-1.apk ......
Getting apk info from https://play.google.com/store/apps/details?id=com.gamestar.perfectpiano ......
Success to get info from Play Store
The lastest version of com.gamestar.perfectpiano-1.apk is    Varies with device  
Done processing com.gamestar.perfectpiano-1.apk
Time Spent:   0 Days 0 Hours 4 Minutes 27 Seconds

============================================================================
72/189 Starting processing com.gamevil.kritikamobile.android.google.global.normal-1.apk ......
Getting apk info from https://play.google.com/store/apps/details?id=com.gamevil.kritikamobile.android.google.global.normal ......
Success to get info from Play Store
The lastest version of com.gamevil.kritikamobile.android.google.global.normal-1.apk is  2.4.6  
Done processing com.gamevil.kritikamobile.android.google.global.normal-1.apk
Time Spent:   0 Days 0 Hours 4 Minutes 31 Seconds

============================================================================
73/189 Starting processing com.gamevil.monster.global-1.apk ......
Getting apk info from https://play.google.com/store/apps/details?id=com.gamevil.monster.global ......
Success to get info from Play Store
The lastest version of com.gamevil.monster.global-1.apk is  1.3.2  
Done processing com.gamevil.monster.global-1.apk
Time Spent:   0 Days 0 Hours 4 Minutes 36 Seconds

============================================================================
74/189 Starting processing com.gau.go.launcherex-1.apk ......
Getting apk info from https://play.google.com/store/apps/details?id=com.gau.go.launcherex ......
Success to get info from Play Store
The lastest version of com.gau.go.launcherex-1.apk is    Varies with device  
Done processing com.gau.go.launcherex-1.apk
Time Spent:   0 Days 0 Hours 4 Minutes 40 Seconds

============================================================================
75/189 Starting processing com.geaxgame.pokerkingpro-1.apk ......
Getting apk info from https://play.google.com/store/apps/details?id=com.geaxgame.pokerkingpro ......
Success to get info from Play Store
The lastest version of com.geaxgame.pokerkingpro-1.apk is  4.2.5  
Done processing com.geaxgame.pokerkingpro-1.apk
Time Spent:   0 Days 0 Hours 4 Minutes 44 Seconds

============================================================================
76/189 Starting processing com.generamobile.zhunter.gp-1.apk ......
Getting apk info from https://play.google.com/store/apps/details?id=com.generamobile.zhunter.gp ......
Success to get info from Play Store
The lastest version of com.generamobile.zhunter.gp-1.apk is  1.3  
Done processing com.generamobile.zhunter.gp-1.apk
Time Spent:   0 Days 0 Hours 4 Minutes 49 Seconds

============================================================================
77/189 Starting processing com.gipnetix.escapeaction-1.apk ......
Getting apk info from https://play.google.com/store/apps/details?id=com.gipnetix.escapeaction ......
Success to get info from Play Store
The lastest version of com.gipnetix.escapeaction-1.apk is  1.4.6  
Done processing com.gipnetix.escapeaction-1.apk
Time Spent:   0 Days 0 Hours 4 Minutes 53 Seconds

============================================================================
78/189 Starting processing com.glu.stardomkim-1.apk ......
Getting apk info from https://play.google.com/store/apps/details?id=com.glu.stardomkim ......
Success to get info from Play Store
The lastest version of com.glu.stardomkim-1.apk is  1.4.6  
Done processing com.glu.stardomkim-1.apk
Time Spent:   0 Days 0 Hours 5 Minutes 48 Seconds

============================================================================
79/189 Starting processing com.goodgame.mm.pianotiles-1.apk ......
Getting apk info from https://play.google.com/store/apps/details?id=com.goodgame.mm.pianotiles ......
Success to get info from Play Store
The lastest version of com.goodgame.mm.pianotiles-1.apk is  1.0.2  
Done processing com.goodgame.mm.pianotiles-1.apk
Time Spent:   0 Days 0 Hours 5 Minutes 50 Seconds

============================================================================
80/189 Starting processing com.google.android.apps.translate-1.apk ......
Getting apk info from https://play.google.com/store/apps/details?id=com.google.android.apps.translate ......
Success to get info from Play Store
The lastest version of com.google.android.apps.translate-1.apk is    Varies with device  
Done processing com.google.android.apps.translate-1.apk
Time Spent:   0 Days 0 Hours 5 Minutes 51 Seconds

============================================================================
81/189 Starting processing com.gotv.nflgamecenter.us.lite-1.apk ......
Getting apk info from https://play.google.com/store/apps/details?id=com.gotv.nflgamecenter.us.lite ......
Success to get info from Play Store
The lastest version of com.gotv.nflgamecenter.us.lite-1.apk is    Varies with device  
Done processing com.gotv.nflgamecenter.us.lite-1.apk
Time Spent:   0 Days 0 Hours 5 Minutes 53 Seconds

============================================================================
82/189 Starting processing com.grillgames.guitarrockhero-1.apk ......
Getting apk info from https://play.google.com/store/apps/details?id=com.grillgames.guitarrockhero ......
Success to get info from Play Store
The lastest version of com.grillgames.guitarrockhero-1.apk is  1.0.8  
Done processing com.grillgames.guitarrockhero-1.apk
Time Spent:   0 Days 0 Hours 5 Minutes 54 Seconds

============================================================================
83/189 Starting processing com.groupme.android-1.apk ......
Getting apk info from https://play.google.com/store/apps/details?id=com.groupme.android ......
Success to get info from Play Store
The lastest version of com.groupme.android-1.apk is    Varies with device  
Done processing com.groupme.android-1.apk
Time Spent:   0 Days 0 Hours 5 Minutes 55 Seconds

============================================================================
84/189 Starting processing com.groupon-1.apk ......
Getting apk info from https://play.google.com/store/apps/details?id=com.groupon ......
Success to get info from Play Store
The lastest version of com.groupon-1.apk is    Varies with device  
Done processing com.groupon-1.apk
Time Spent:   0 Days 0 Hours 5 Minutes 57 Seconds

============================================================================
85/189 Starting processing com.gsn.android.tripeaks-1.apk ......
Getting apk info from https://play.google.com/store/apps/details?id=com.gsn.android.tripeaks ......
Success to get info from Play Store
The lastest version of com.gsn.android.tripeaks-1.apk is  1.0.14313  
Done processing com.gsn.android.tripeaks-1.apk
Time Spent:   0 Days 0 Hours 5 Minutes 58 Seconds

============================================================================
86/189 Starting processing com.h5g.high5casino-1.apk ......
Getting apk info from https://play.google.com/store/apps/details?id=com.h5g.high5casino ......
Success to get info from Play Store
The lastest version of com.h5g.high5casino-1.apk is  1.1.1  
Done processing com.h5g.high5casino-1.apk
Time Spent:   0 Days 0 Hours 5 Minutes 59 Seconds

============================================================================
87/189 Starting processing com.handmark.expressweather-1.apk ......
Getting apk info from https://play.google.com/store/apps/details?id=com.handmark.expressweather ......
Success to get info from Play Store
The lastest version of com.handmark.expressweather-1.apk is    Varies with device  
Done processing com.handmark.expressweather-1.apk
Time Spent:   0 Days 0 Hours 6 Minutes 1 Seconds

============================================================================
88/189 Starting processing com.herman.ringtone-1.apk ......
Getting apk info from https://play.google.com/store/apps/details?id=com.herman.ringtone ......
Success to get info from Play Store
The lastest version of com.herman.ringtone-1.apk is    Varies with device  
Done processing com.herman.ringtone-1.apk
Time Spent:   0 Days 0 Hours 6 Minutes 3 Seconds

============================================================================
89/189 Starting processing com.hotornot.app-1.apk ......
Getting apk info from https://play.google.com/store/apps/details?id=com.hotornot.app ......
Success to get info from Play Store
The lastest version of com.hotornot.app-1.apk is    Varies with device  
Done processing com.hotornot.app-1.apk
Time Spent:   0 Days 0 Hours 6 Minutes 4 Seconds

============================================================================
90/189 Starting processing com.igg.bzbee.bingobyigg-1.apk ......
Getting apk info from https://play.google.com/store/apps/details?id=com.igg.bzbee.bingobyigg ......
Success to get info from Play Store
The lastest version of com.igg.bzbee.bingobyigg-1.apk is  1.4.1  
Done processing com.igg.bzbee.bingobyigg-1.apk
Time Spent:   0 Days 0 Hours 6 Minutes 6 Seconds

============================================================================
91/189 Starting processing com.igg.clashoflords2-1.apk ......
Getting apk info from https://play.google.com/store/apps/details?id=com.igg.clashoflords2 ......
Success to get info from Play Store
The lastest version of com.igg.clashoflords2-1.apk is  1.0.157  
Done processing com.igg.clashoflords2-1.apk
Time Spent:   0 Days 0 Hours 6 Minutes 7 Seconds

============================================================================
92/189 Starting processing com.ijinshan.kbatterydoctor_en-1.apk ......
Getting apk info from https://play.google.com/store/apps/details?id=com.ijinshan.kbatterydoctor_en ......
Success to get info from Play Store
The lastest version of com.ijinshan.kbatterydoctor_en-1.apk is  4.12  
Done processing com.ijinshan.kbatterydoctor_en-1.apk
Time Spent:   0 Days 0 Hours 6 Minutes 9 Seconds

============================================================================
93/189 Starting processing com.indeed.android.jobsearch-1.apk ......
Getting apk info from https://play.google.com/store/apps/details?id=com.indeed.android.jobsearch ......
Success to get info from Play Store
The lastest version of com.indeed.android.jobsearch-1.apk is    Varies with device  
Done processing com.indeed.android.jobsearch-1.apk
Time Spent:   0 Days 0 Hours 6 Minutes 10 Seconds

============================================================================
94/189 Starting processing com.iugome.lilknights-1.apk ......
Getting apk info from https://play.google.com/store/apps/details?id=com.iugome.lilknights ......
Success to get info from Play Store
The lastest version of com.iugome.lilknights-1.apk is    Varies with device  
Done processing com.iugome.lilknights-1.apk
Time Spent:   0 Days 0 Hours 6 Minutes 11 Seconds

============================================================================
95/189 Starting processing com.jb.gokeyboard-1.apk ......
Getting apk info from https://play.google.com/store/apps/details?id=com.jb.gokeyboard ......
Success to get info from Play Store
The lastest version of com.jb.gokeyboard-1.apk is    Varies with device  
Done processing com.jb.gokeyboard-1.apk
Time Spent:   0 Days 0 Hours 6 Minutes 15 Seconds

============================================================================
96/189 Starting processing com.jb.gosms.emoji-1.apk ......
Getting apk info from https://play.google.com/store/apps/details?id=com.jb.gosms.emoji ......
Success to get info from Play Store
The lastest version of com.jb.gosms.emoji-1.apk is    Varies with device  
Done processing com.jb.gosms.emoji-1.apk
Time Spent:   0 Days 0 Hours 6 Minutes 17 Seconds

============================================================================
97/189 Starting processing com.kabam.doamobile-1.apk ......
Getting apk info from https://play.google.com/store/apps/details?id=com.kabam.doamobile ......
Success to get info from Play Store
The lastest version of com.kabam.doamobile-1.apk is    Varies with device  
Done processing com.kabam.doamobile-1.apk
Time Spent:   0 Days 0 Hours 6 Minutes 19 Seconds

============================================================================
98/189 Starting processing com.kakao.talk-1.apk ......
Getting apk info from https://play.google.com/store/apps/details?id=com.kakao.talk ......
Success to get info from Play Store
The lastest version of com.kakao.talk-1.apk is  4.6.5  
Done processing com.kakao.talk-1.apk
Time Spent:   0 Days 0 Hours 6 Minutes 22 Seconds

============================================================================
99/189 Starting processing com.king.farmheroessaga-1.apk ......
Getting apk info from https://play.google.com/store/apps/details?id=com.king.farmheroessaga ......
Success to get info from Play Store
The lastest version of com.king.farmheroessaga-1.apk is  2.11.9  
Done processing com.king.farmheroessaga-1.apk
Time Spent:   0 Days 0 Hours 6 Minutes 25 Seconds

============================================================================
100/189 Starting processing com.kitkatandroid.keyboard-1.apk ......
Getting apk info from https://play.google.com/store/apps/details?id=com.kitkatandroid.keyboard ......
Success to get info from Play Store
The lastest version of com.kitkatandroid.keyboard-1.apk is  2.1.4  
Done processing com.kitkatandroid.keyboard-1.apk
Time Spent:   0 Days 0 Hours 6 Minutes 28 Seconds

============================================================================
101/189 Starting processing com.kroger.mobile-1.apk ......
Getting apk info from https://play.google.com/store/apps/details?id=com.kroger.mobile ......
Success to get info from Play Store
The lastest version of com.kroger.mobile-1.apk is  9.7  
Done processing com.kroger.mobile-1.apk
Time Spent:   0 Days 0 Hours 6 Minutes 31 Seconds

============================================================================
102/189 Starting processing com.ksmobile.cb-1.apk ......
Getting apk info from https://play.google.com/store/apps/details?id=com.ksmobile.cb ......
Success to get info from Play Store
The lastest version of com.ksmobile.cb-1.apk is  5.0.72  
Done processing com.ksmobile.cb-1.apk
Time Spent:   0 Days 0 Hours 6 Minutes 33 Seconds

============================================================================
103/189 Starting processing com.lezhi.princessbeautyspasalon-1.apk ......
Getting apk info from https://play.google.com/store/apps/details?id=com.lezhi.princessbeautyspasalon ......
Success to get info from Play Store
The lastest version of com.lezhi.princessbeautyspasalon-1.apk is  1.0.2  
Done processing com.lezhi.princessbeautyspasalon-1.apk
Time Spent:   0 Days 0 Hours 6 Minutes 36 Seconds

============================================================================
104/189 Starting processing com.ludia.familyfeudblitz-1.apk ......
Getting apk info from https://play.google.com/store/apps/details?id=com.ludia.familyfeudblitz ......
Success to get info from Play Store
The lastest version of com.ludia.familyfeudblitz-1.apk is  1.3.8  
Done processing com.ludia.familyfeudblitz-1.apk
Time Spent:   0 Days 0 Hours 6 Minutes 38 Seconds

============================================================================
105/189 Starting processing com.madfingergames.deadtrigger2-1.apk ......
Getting apk info from https://play.google.com/store/apps/details?id=com.madfingergames.deadtrigger2 ......
Success to get info from Play Store
The lastest version of com.madfingergames.deadtrigger2-1.apk is    Varies with device  
Done processing com.madfingergames.deadtrigger2-1.apk
Time Spent:   0 Days 0 Hours 6 Minutes 41 Seconds

============================================================================
106/189 Starting processing com.magisto-1.apk ......
Getting apk info from https://play.google.com/store/apps/details?id=com.magisto ......
Success to get info from Play Store
The lastest version of com.magisto-1.apk is    Varies with device  
Done processing com.magisto-1.apk
Time Spent:   0 Days 0 Hours 6 Minutes 44 Seconds

============================================================================
107/189 Starting processing com.mastercomlimited.unrollit-1.apk ......
Getting apk info from https://play.google.com/store/apps/details?id=com.mastercomlimited.unrollit ......
Success to get info from Play Store
The lastest version of com.mastercomlimited.unrollit-1.apk is  1.0.3  
Done processing com.mastercomlimited.unrollit-1.apk
Time Spent:   0 Days 0 Hours 6 Minutes 47 Seconds

============================================================================
108/189 Starting processing com.mavenhut.solitaire-1.apk ......
Getting apk info from https://play.google.com/store/apps/details?id=com.mavenhut.solitaire ......
Success to get info from Play Store
The lastest version of com.mavenhut.solitaire-1.apk is  1.0.18  
Done processing com.mavenhut.solitaire-1.apk
Time Spent:   0 Days 0 Hours 6 Minutes 49 Seconds

============================================================================
109/189 Starting processing com.miantan.myoface-1.apk ......
Getting apk info from https://play.google.com/store/apps/details?id=com.miantan.myoface ......
Success to get info from Play Store
The lastest version of com.miantan.myoface-1.apk is  3.3.0  
Done processing com.miantan.myoface-1.apk
Time Spent:   0 Days 0 Hours 6 Minutes 52 Seconds

============================================================================
110/189 Starting processing com.midasplayer.apps.bubblewitchsaga2-1.apk ......
Getting apk info from https://play.google.com/store/apps/details?id=com.midasplayer.apps.bubblewitchsaga2 ......
Success to get info from Play Store
The lastest version of com.midasplayer.apps.bubblewitchsaga2-1.apk is    Varies with device  
Done processing com.midasplayer.apps.bubblewitchsaga2-1.apk
Time Spent:   0 Days 0 Hours 6 Minutes 55 Seconds

============================================================================
111/189 Starting processing com.miniclip.soccerstars-1.apk ......
Getting apk info from https://play.google.com/store/apps/details?id=com.miniclip.soccerstars ......
Success to get info from Play Store
The lastest version of com.miniclip.soccerstars-1.apk is  1.1.2  
Done processing com.miniclip.soccerstars-1.apk
Time Spent:   0 Days 0 Hours 6 Minutes 58 Seconds

============================================================================
112/189 Starting processing com.mobage.ww.a1933.Super_Battle_Tactics_Android-1.apk ......
Getting apk info from https://play.google.com/store/apps/details?id=com.mobage.ww.a1933.Super_Battle_Tactics_Android ......
Success to get info from Play Store
The lastest version of com.mobage.ww.a1933.Super_Battle_Tactics_Android-1.apk is  1.0.4  
Done processing com.mobage.ww.a1933.Super_Battle_Tactics_Android-1.apk
Time Spent:   0 Days 0 Hours 7 Minutes 1 Seconds

============================================================================
113/189 Starting processing com.mobirix.playmaze-1.apk ......
Getting apk info from https://play.google.com/store/apps/details?id=com.mobirix.playmaze ......
Success to get info from Play Store
The lastest version of com.mobirix.playmaze-1.apk is  1.1.2  
Done processing com.mobirix.playmaze-1.apk
Time Spent:   0 Days 0 Hours 7 Minutes 5 Seconds

============================================================================
114/189 Starting processing com.move.realtor-1.apk ......
Getting apk info from https://play.google.com/store/apps/details?id=com.move.realtor ......
Success to get info from Play Store
The lastest version of com.move.realtor-1.apk is    Varies with device  
Done processing com.move.realtor-1.apk
Time Spent:   0 Days 0 Hours 7 Minutes 8 Seconds

============================================================================
115/189 Starting processing com.namcobandaigames.pacmankart-1.apk ......
Getting apk info from https://play.google.com/store/apps/details?id=com.namcobandaigames.pacmankart ......
Success to get info from Play Store
The lastest version of com.namcobandaigames.pacmankart-1.apk is  1.3.0  
Done processing com.namcobandaigames.pacmankart-1.apk
Time Spent:   0 Days 0 Hours 7 Minutes 12 Seconds

============================================================================
116/189 Starting processing com.naturalmotion.csrclassics-1.apk ......
Getting apk info from https://play.google.com/store/apps/details?id=com.naturalmotion.csrclassics ......
Success to get info from Play Store
The lastest version of com.naturalmotion.csrclassics-1.apk is  1.4.0  
Done processing com.naturalmotion.csrclassics-1.apk
Time Spent:   0 Days 0 Hours 7 Minutes 16 Seconds

============================================================================
117/189 Starting processing com.nfl.fantasy.core.android-1.apk ......
Getting apk info from https://play.google.com/store/apps/details?id=com.nfl.fantasy.core.android ......
Success to get info from Play Store
The lastest version of com.nfl.fantasy.core.android-1.apk is  1.2.2  
Done processing com.nfl.fantasy.core.android-1.apk
Time Spent:   0 Days 0 Hours 7 Minutes 20 Seconds

============================================================================
118/189 Starting processing com.ninjajumprun.android-1.apk ......
Getting apk info from https://play.google.com/store/apps/details?id=com.ninjajumprun.android ......
Success to get info from Play Store
The lastest version of com.ninjajumprun.android-1.apk is  1.0.1  
Done processing com.ninjajumprun.android-1.apk
Time Spent:   0 Days 0 Hours 7 Minutes 24 Seconds

============================================================================
119/189 Starting processing com.ninjakiwi.bloonstdbattles-1.apk ......
Getting apk info from https://play.google.com/store/apps/details?id=com.ninjakiwi.bloonstdbattles ......
Success to get info from Play Store
The lastest version of com.ninjakiwi.bloonstdbattles-1.apk is  2.0.2  
Done processing com.ninjakiwi.bloonstdbattles-1.apk
Time Spent:   0 Days 0 Hours 7 Minutes 28 Seconds

============================================================================
120/189 Starting processing com.noodlecake.blockheads-1.apk ......
Getting apk info from https://play.google.com/store/apps/details?id=com.noodlecake.blockheads ......
Success to get info from Play Store
The lastest version of com.noodlecake.blockheads-1.apk is    Varies with device  
Done processing com.noodlecake.blockheads-1.apk
Time Spent:   0 Days 0 Hours 7 Minutes 32 Seconds

============================================================================
121/189 Starting processing com.outfit7.talkingtom2free-1.apk ......
Getting apk info from https://play.google.com/store/apps/details?id=com.outfit7.talkingtom2free ......
Success to get info from Play Store
The lastest version of com.outfit7.talkingtom2free-1.apk is    Varies with device  
Done processing com.outfit7.talkingtom2free-1.apk
Time Spent:   0 Days 0 Hours 7 Minutes 36 Seconds

============================================================================
122/189 Starting processing com.perblue.greedforglory-1.apk ......
Getting apk info from https://play.google.com/store/apps/details?id=com.perblue.greedforglory ......
Success to get info from Play Store
The lastest version of com.perblue.greedforglory-1.apk is    Varies with device  
Done processing com.perblue.greedforglory-1.apk
Time Spent:   0 Days 0 Hours 7 Minutes 40 Seconds

============================================================================
123/189 Starting processing com.pinger.textfree-1.apk ......
Getting apk info from https://play.google.com/store/apps/details?id=com.pinger.textfree ......
Success to get info from Play Store
The lastest version of com.pinger.textfree-1.apk is    Varies with device  
Done processing com.pinger.textfree-1.apk
Time Spent:   0 Days 0 Hours 7 Minutes 44 Seconds

============================================================================
124/189 Starting processing com.pinger.textfree.call-1.apk ......
Getting apk info from https://play.google.com/store/apps/details?id=com.pinger.textfree.call ......
Success to get info from Play Store
The lastest version of com.pinger.textfree.call-1.apk is  2.3.6  
Done processing com.pinger.textfree.call-1.apk
Time Spent:   0 Days 0 Hours 7 Minutes 48 Seconds

============================================================================
125/189 Starting processing com.pinterest-1.apk ......
Getting apk info from https://play.google.com/store/apps/details?id=com.pinterest ......
Success to get info from Play Store
The lastest version of com.pinterest-1.apk is    Varies with device  
Done processing com.pinterest-1.apk
Time Spent:   0 Days 0 Hours 7 Minutes 52 Seconds

============================================================================
126/189 Starting processing com.pocketgems.android.animalvoyage-1.apk ......
Getting apk info from https://play.google.com/store/apps/details?id=com.pocketgems.android.animalvoyage ......
Success to get info from Play Store
The lastest version of com.pocketgems.android.animalvoyage-1.apk is  1.26.1+g  
Done processing com.pocketgems.android.animalvoyage-1.apk
Time Spent:   0 Days 0 Hours 7 Minutes 57 Seconds

============================================================================
127/189 Starting processing com.pof.android-1.apk ......
Getting apk info from https://play.google.com/store/apps/details?id=com.pof.android ......
Success to get info from Play Store
The lastest version of com.pof.android-1.apk is    Varies with device  
Done processing com.pof.android-1.apk
Time Spent:   0 Days 0 Hours 8 Minutes 1 Seconds

============================================================================
128/189 Starting processing com.progrestar.bft-1.apk ......
Getting apk info from https://play.google.com/store/apps/details?id=com.progrestar.bft ......
Success to get info from Play Store
The lastest version of com.progrestar.bft-1.apk is    Varies with device  
Done processing com.progrestar.bft-1.apk
Time Spent:   0 Days 0 Hours 8 Minutes 5 Seconds

============================================================================
129/189 Starting processing com.qihoo.security-1.apk ......
Getting apk info from https://play.google.com/store/apps/details?id=com.qihoo.security ......
Success to get info from Play Store
The lastest version of com.qihoo.security-1.apk is    Varies with device  
Done processing com.qihoo.security-1.apk
Time Spent:   0 Days 0 Hours 8 Minutes 10 Seconds

============================================================================
130/189 Starting processing com.qisiemoji.inputmethod-1.apk ......
Getting apk info from https://play.google.com/store/apps/details?id=com.qisiemoji.inputmethod ......
Success to get info from Play Store
The lastest version of com.qisiemoji.inputmethod-1.apk is  2.3  
Done processing com.qisiemoji.inputmethod-1.apk
Time Spent:   0 Days 0 Hours 8 Minutes 14 Seconds

============================================================================
131/189 Starting processing com.quizup.core-1.apk ......
Getting apk info from https://play.google.com/store/apps/details?id=com.quizup.core ......
Success to get info from Play Store
The lastest version of com.quizup.core-1.apk is  1.3.8  
Done processing com.quizup.core-1.apk
Time Spent:   0 Days 0 Hours 8 Minutes 19 Seconds

============================================================================
132/189 Starting processing com.rainforgiveprobable.proposal-1.apk ......
Getting apk info from https://play.google.com/store/apps/details?id=com.rainforgiveprobable.proposal ......
Success to get info from Play Store
The lastest version of com.rainforgiveprobable.proposal-1.apk is  2.0  
Done processing com.rainforgiveprobable.proposal-1.apk
Time Spent:   0 Days 0 Hours 8 Minutes 23 Seconds

============================================================================
133/189 Starting processing com.rdio.android.ui-1.apk ......
Getting apk info from https://play.google.com/store/apps/details?id=com.rdio.android.ui ......
Success to get info from Play Store
The lastest version of com.rdio.android.ui-1.apk is    Varies with device  
Done processing com.rdio.android.ui-1.apk
Time Spent:   0 Days 0 Hours 8 Minutes 27 Seconds

============================================================================
134/189 Starting processing com.remind101-1.apk ......
Getting apk info from https://play.google.com/store/apps/details?id=com.remind101 ......
Success to get info from Play Store
The lastest version of com.remind101-1.apk is    Varies with device  
Done processing com.remind101-1.apk
Time Spent:   0 Days 0 Hours 8 Minutes 31 Seconds

============================================================================
135/189 Starting processing com.roblox.client-1.apk ......
Getting apk info from https://play.google.com/store/apps/details?id=com.roblox.client ......
Success to get info from Play Store
The lastest version of com.roblox.client-1.apk is  2.166.50996  
Done processing com.roblox.client-1.apk
Time Spent:   0 Days 0 Hours 8 Minutes 34 Seconds

============================================================================
136/189 Starting processing com.rovio.gold-1.apk ......
Getting apk info from https://play.google.com/store/apps/details?id=com.rovio.gold ......
Success to get info from Play Store
The lastest version of com.rovio.gold-1.apk is  1.0.14  
Done processing com.rovio.gold-1.apk
Time Spent:   0 Days 0 Hours 8 Minutes 41 Seconds

============================================================================
137/189 Starting processing com.sec.android.easyMover-1.apk ......
Getting apk info from https://play.google.com/store/apps/details?id=com.sec.android.easyMover ......
Success to get info from Play Store
The lastest version of com.sec.android.easyMover-1.apk is  2.0.140829_03  
Done processing com.sec.android.easyMover-1.apk
Time Spent:   0 Days 0 Hours 8 Minutes 45 Seconds

============================================================================
138/189 Starting processing com.selfawaregames.acecasino-1.apk ......
Getting apk info from https://play.google.com/store/apps/details?id=com.selfawaregames.acecasino ......
Success to get info from Play Store
The lastest version of com.selfawaregames.acecasino-1.apk is  5.0.4  
Done processing com.selfawaregames.acecasino-1.apk
Time Spent:   0 Days 0 Hours 8 Minutes 50 Seconds

============================================================================
139/189 Starting processing com.shazam.android-1.apk ......
Getting apk info from https://play.google.com/store/apps/details?id=com.shazam.android ......
Success to get info from Play Store
The lastest version of com.shazam.android-1.apk is    Varies with device  
Done processing com.shazam.android-1.apk
Time Spent:   0 Days 0 Hours 8 Minutes 53 Seconds

============================================================================
140/189 Starting processing com.soundcloud.android-1.apk ......
Getting apk info from https://play.google.com/store/apps/details?id=com.soundcloud.android ......
Success to get info from Play Store
The lastest version of com.soundcloud.android-1.apk is    Varies with device  
Done processing com.soundcloud.android-1.apk
Time Spent:   0 Days 0 Hours 8 Minutes 58 Seconds

============================================================================
141/189 Starting processing com.spotify.music-1.apk ......
Getting apk info from https://play.google.com/store/apps/details?id=com.spotify.music ......
Success to get info from Play Store
The lastest version of com.spotify.music-1.apk is    Varies with device  
Done processing com.spotify.music-1.apk
Time Spent:   0 Days 0 Hours 9 Minutes 2 Seconds

============================================================================
142/189 Starting processing com.squareup-1.apk ......
Getting apk info from https://play.google.com/store/apps/details?id=com.squareup ......
Success to get info from Play Store
The lastest version of com.squareup-1.apk is    Varies with device  
Done processing com.squareup-1.apk
Time Spent:   0 Days 0 Hours 9 Minutes 5 Seconds

============================================================================
143/189 Starting processing com.stac.empire.main-1.apk ......
Getting apk info from https://play.google.com/store/apps/details?id=com.stac.empire.main ......
Success to get info from Play Store
The lastest version of com.stac.empire.main-1.apk is  2.3.35  
Done processing com.stac.empire.main-1.apk
Time Spent:   0 Days 0 Hours 9 Minutes 9 Seconds

============================================================================
144/189 Starting processing com.sydneyapps.remotecontrol-1.apk ......
Getting apk info from https://play.google.com/store/apps/details?id=com.sydneyapps.remotecontrol ......
Success to get info from Play Store
The lastest version of com.sydneyapps.remotecontrol-1.apk is  2.2.6.09.03.2014  
Done processing com.sydneyapps.remotecontrol-1.apk
Time Spent:   0 Days 0 Hours 9 Minutes 22 Seconds

============================================================================
145/189 Starting processing com.tabtale.babyairport-1.apk ......
Getting apk info from https://play.google.com/store/apps/details?id=com.tabtale.babyairport ......
Success to get info from Play Store
The lastest version of com.tabtale.babyairport-1.apk is  1.0.0  
Done processing com.tabtale.babyairport-1.apk
Time Spent:   0 Days 0 Hours 9 Minutes 27 Seconds

============================================================================
146/189 Starting processing com.tap4fun.rosandroid-1.apk ......
Getting apk info from https://play.google.com/store/apps/details?id=com.tap4fun.rosandroid ......
Success to get info from Play Store
The lastest version of com.tap4fun.rosandroid-1.apk is  1.6.0  
Done processing com.tap4fun.rosandroid-1.apk
Time Spent:   0 Days 0 Hours 9 Minutes 31 Seconds

============================================================================
147/189 Starting processing com.teamlava.farmthree-1.apk ......
Getting apk info from https://play.google.com/store/apps/details?id=com.teamlava.farmthree ......
Success to get info from Play Store
The lastest version of com.teamlava.farmthree-1.apk is  1.7.3.9g  
Done processing com.teamlava.farmthree-1.apk
Time Spent:   0 Days 0 Hours 9 Minutes 35 Seconds

============================================================================
148/189 Starting processing com.teamlava.matchbakery-1.apk ......
Getting apk info from https://play.google.com/store/apps/details?id=com.teamlava.matchbakery ......
Success to get info from Play Store
The lastest version of com.teamlava.matchbakery-1.apk is  1.3.1.4g  
Done processing com.teamlava.matchbakery-1.apk
Time Spent:   0 Days 0 Hours 9 Minutes 40 Seconds

============================================================================
149/189 Starting processing com.tencent.mm-1.apk ......
Getting apk info from https://play.google.com/store/apps/details?id=com.tencent.mm ......
Success to get info from Play Store
The lastest version of com.tencent.mm-1.apk is    Varies with device  
Done processing com.tencent.mm-1.apk
Time Spent:   0 Days 0 Hours 9 Minutes 46 Seconds

============================================================================
150/189 Starting processing com.timehop-1.apk ......
Getting apk info from https://play.google.com/store/apps/details?id=com.timehop ......
Success to get info from Play Store
The lastest version of com.timehop-1.apk is  1.3.35  
Done processing com.timehop-1.apk
Time Spent:   0 Days 0 Hours 9 Minutes 49 Seconds

============================================================================
151/189 Starting processing com.touchtype.swiftkey-1.apk ......
Getting apk info from https://play.google.com/store/apps/details?id=com.touchtype.swiftkey ......
Success to get info from Play Store
The lastest version of com.touchtype.swiftkey-1.apk is    Varies with device  
Done processing com.touchtype.swiftkey-1.apk
Time Spent:   0 Days 0 Hours 9 Minutes 53 Seconds

============================================================================
152/189 Starting processing com.tumblr-1.apk ......
Getting apk info from https://play.google.com/store/apps/details?id=com.tumblr ......
Success to get info from Play Store
The lastest version of com.tumblr-1.apk is    Varies with device  
Done processing com.tumblr-1.apk
Time Spent:   0 Days 0 Hours 9 Minutes 57 Seconds

============================================================================
153/189 Starting processing com.turtle.stair.eject-1.apk ......
Getting apk info from https://play.google.com/store/apps/details?id=com.turtle.stair.eject ......
Success to get info from Play Store
The lastest version of com.turtle.stair.eject-1.apk is  1.5  
Done processing com.turtle.stair.eject-1.apk
Time Spent:   0 Days 0 Hours 10 Minutes 1 Seconds

============================================================================
154/189 Starting processing com.twitter.android-1.apk ......
Getting apk info from https://play.google.com/store/apps/details?id=com.twitter.android ......
Success to get info from Play Store
The lastest version of com.twitter.android-1.apk is    Varies with device  
Done processing com.twitter.android-1.apk
Time Spent:   0 Days 0 Hours 10 Minutes 6 Seconds

============================================================================
155/189 Starting processing com.ubercab-1.apk ......
Getting apk info from https://play.google.com/store/apps/details?id=com.ubercab ......
Success to get info from Play Store
The lastest version of com.ubercab-1.apk is    Varies with device  
Done processing com.ubercab-1.apk
Time Spent:   0 Days 0 Hours 10 Minutes 9 Seconds

============================================================================
156/189 Starting processing com.umonistudio.color-1.apk ......
Getting apk info from https://play.google.com/store/apps/details?id=com.umonistudio.color ......
Success to get info from Play Store
The lastest version of com.umonistudio.color-1.apk is  1.1  
Done processing com.umonistudio.color-1.apk
Time Spent:   0 Days 0 Hours 10 Minutes 13 Seconds

============================================================================
157/189 Starting processing com.usaa.mobile.android.usaa-1.apk ......
Getting apk info from https://play.google.com/store/apps/details?id=com.usaa.mobile.android.usaa ......
Success to get info from Play Store
The lastest version of com.usaa.mobile.android.usaa-1.apk is    Varies with device  
Done processing com.usaa.mobile.android.usaa-1.apk
Time Spent:   0 Days 0 Hours 10 Minutes 17 Seconds

============================================================================
158/189 Starting processing com.utorrent.client-1.apk ......
Getting apk info from https://play.google.com/store/apps/details?id=com.utorrent.client ......
Success to get info from Play Store
The lastest version of com.utorrent.client-1.apk is    Varies with device  
Done processing com.utorrent.client-1.apk
Time Spent:   0 Days 0 Hours 10 Minutes 21 Seconds

============================================================================
159/189 Starting processing com.vevo-1.apk ......
Getting apk info from https://play.google.com/store/apps/details?id=com.vevo ......
Success to get info from Play Store
The lastest version of com.vevo-1.apk is    Varies with device  
Done processing com.vevo-1.apk
Time Spent:   0 Days 0 Hours 10 Minutes 25 Seconds

============================================================================
160/189 Starting processing com.vg.CarTransporterParkingExtended-1.apk ......
Getting apk info from https://play.google.com/store/apps/details?id=com.vg.CarTransporterParkingExtended ......
Success to get info from Play Store
The lastest version of com.vg.CarTransporterParkingExtended-1.apk is  1.1  
Done processing com.vg.CarTransporterParkingExtended-1.apk
Time Spent:   0 Days 0 Hours 10 Minutes 29 Seconds

============================================================================
161/189 Starting processing com.weather.Weather-1.apk ......
Getting apk info from https://play.google.com/store/apps/details?id=com.weather.Weather ......
Success to get info from Play Store
The lastest version of com.weather.Weather-1.apk is    Varies with device  
Done processing com.weather.Weather-1.apk
Time Spent:   0 Days 0 Hours 10 Minutes 33 Seconds

============================================================================
162/189 Starting processing com.workpail.inkpad.notepad.notes-1.apk ......
Getting apk info from https://play.google.com/store/apps/details?id=com.workpail.inkpad.notepad.notes ......
Success to get info from Play Store
The lastest version of com.workpail.inkpad.notepad.notes-1.apk is  2.4.7  
Done processing com.workpail.inkpad.notepad.notes-1.apk
Time Spent:   0 Days 0 Hours 10 Minutes 36 Seconds

============================================================================
163/189 Starting processing com.wowgames.labyrinth-1.apk ......
Getting apk info from https://play.google.com/store/apps/details?id=com.wowgames.labyrinth ......
Success to get info from Play Store
The lastest version of com.wowgames.labyrinth-1.apk is  1.17  
Done processing com.wowgames.labyrinth-1.apk
Time Spent:   0 Days 0 Hours 10 Minutes 40 Seconds

============================================================================
164/189 Starting processing com.xbubble.bubbleisland2-1.apk ......
Getting apk info from https://play.google.com/store/apps/details?id=com.xbubble.bubbleisland2 ......
Success to get info from Play Store
The lastest version of com.xbubble.bubbleisland2-1.apk is  1.0.4  
Done processing com.xbubble.bubbleisland2-1.apk
Time Spent:   0 Days 0 Hours 10 Minutes 43 Seconds

============================================================================
165/189 Starting processing com.yahoo.mobile.client.android.fantasyfootball-1.apk ......
Getting apk info from https://play.google.com/store/apps/details?id=com.yahoo.mobile.client.android.fantasyfootball ......
Success to get info from Play Store
The lastest version of com.yahoo.mobile.client.android.fantasyfootball-1.apk is  4.8.3  
Done processing com.yahoo.mobile.client.android.fantasyfootball-1.apk
Time Spent:   0 Days 0 Hours 10 Minutes 47 Seconds

============================================================================
166/189 Starting processing com.yelp.android-1.apk ......
Getting apk info from https://play.google.com/store/apps/details?id=com.yelp.android ......
Success to get info from Play Store
The lastest version of com.yelp.android-1.apk is    Varies with device  
Done processing com.yelp.android-1.apk
Time Spent:   0 Days 0 Hours 10 Minutes 50 Seconds

============================================================================
167/189 Starting processing com.zentertain.photocollage-1.apk ......
Getting apk info from https://play.google.com/store/apps/details?id=com.zentertain.photocollage ......
Success to get info from Play Store
The lastest version of com.zentertain.photocollage-1.apk is  1.9  
Done processing com.zentertain.photocollage-1.apk
Time Spent:   0 Days 0 Hours 10 Minutes 54 Seconds

============================================================================
168/189 Starting processing com.zillow.android.zillowmap-1.apk ......
Getting apk info from https://play.google.com/store/apps/details?id=com.zillow.android.zillowmap ......
Success to get info from Play Store
The lastest version of com.zillow.android.zillowmap-1.apk is    Varies with device  
Done processing com.zillow.android.zillowmap-1.apk
Time Spent:   0 Days 0 Hours 10 Minutes 59 Seconds

============================================================================
169/189 Starting processing com.zombie.road.racing-1.apk ......
Getting apk info from https://play.google.com/store/apps/details?id=com.zombie.road.racing ......
Success to get info from Play Store
The lastest version of com.zombie.road.racing-1.apk is    Varies with device  
Done processing com.zombie.road.racing-1.apk
Time Spent:   0 Days 0 Hours 11 Minutes 2 Seconds

============================================================================
170/189 Starting processing com.zynga.FarmVille2CountryEscape-1.apk ......
Getting apk info from https://play.google.com/store/apps/details?id=com.zynga.FarmVille2CountryEscape ......
Success to get info from Play Store
The lastest version of com.zynga.FarmVille2CountryEscape-1.apk is  1.9.112  
Done processing com.zynga.FarmVille2CountryEscape-1.apk
Time Spent:   0 Days 0 Hours 11 Minutes 7 Seconds

============================================================================
171/189 Starting processing com.zynga.livepoker-1.apk ......
Getting apk info from https://play.google.com/store/apps/details?id=com.zynga.livepoker ......
Success to get info from Play Store
The lastest version of com.zynga.livepoker-1.apk is    Varies with device  
Done processing com.zynga.livepoker-1.apk
Time Spent:   0 Days 0 Hours 11 Minutes 12 Seconds

============================================================================
172/189 Starting processing com.zynga.words-1.apk ......
Getting apk info from https://play.google.com/store/apps/details?id=com.zynga.words ......
Success to get info from Play Store
The lastest version of com.zynga.words-1.apk is  7.4.0  
Done processing com.zynga.words-1.apk
Time Spent:   0 Days 0 Hours 11 Minutes 17 Seconds

============================================================================
173/189 Starting processing de.bigbyte.games.pickastick-1.apk ......
Getting apk info from https://play.google.com/store/apps/details?id=de.bigbyte.games.pickastick ......
Success to get info from Play Store
The lastest version of de.bigbyte.games.pickastick-1.apk is  1.9.6  
Done processing de.bigbyte.games.pickastick-1.apk
Time Spent:   0 Days 0 Hours 11 Minutes 20 Seconds

============================================================================
174/189 Starting processing gbis.gbandroid-1.apk ......
Getting apk info from https://play.google.com/store/apps/details?id=gbis.gbandroid ......
Success to get info from Play Store
The lastest version of gbis.gbandroid-1.apk is    Varies with device  
Done processing gbis.gbandroid-1.apk
Time Spent:   0 Days 0 Hours 11 Minutes 23 Seconds

============================================================================
175/189 Starting processing jp.gree.warofnationsbeta-1.apk ......
Getting apk info from https://play.google.com/store/apps/details?id=jp.gree.warofnationsbeta ......
Success to get info from Play Store
The lastest version of jp.gree.warofnationsbeta-1.apk is  1.8.4  
Done processing jp.gree.warofnationsbeta-1.apk
Time Spent:   0 Days 0 Hours 11 Minutes 27 Seconds

============================================================================
176/189 Starting processing jp.naver.linecamera.android-1.apk ......
Getting apk info from https://play.google.com/store/apps/details?id=jp.naver.linecamera.android ......
Success to get info from Play Store
The lastest version of jp.naver.linecamera.android-1.apk is  8.5.0  
Done processing jp.naver.linecamera.android-1.apk
Time Spent:   0 Days 0 Hours 11 Minutes 33 Seconds

============================================================================
177/189 Starting processing kik.android-1.apk ......
Getting apk info from https://play.google.com/store/apps/details?id=kik.android ......
Success to get info from Play Store
The lastest version of kik.android-1.apk is  7.4.0.116  
Done processing kik.android-1.apk
Time Spent:   0 Days 0 Hours 11 Minutes 38 Seconds

============================================================================
178/189 Starting processing laser.pointer.freegames-1.apk ......
Getting apk info from https://play.google.com/store/apps/details?id=laser.pointer.freegames ......
Success to get info from Play Store
The lastest version of laser.pointer.freegames-1.apk is  2.1.4  
Done processing laser.pointer.freegames-1.apk
Time Spent:   0 Days 0 Hours 11 Minutes 42 Seconds

============================================================================
179/189 Starting processing laser.pointer.laser.simulator.laserpointersimulator.laser-1.apk ......
Getting apk info from https://play.google.com/store/apps/details?id=laser.pointer.laser.simulator.laserpointersimulator.laser ......
Success to get info from Play Store
The lastest version of laser.pointer.laser.simulator.laserpointersimulator.laser-1.apk is  1.9.1  
Done processing laser.pointer.laser.simulator.laserpointersimulator.laser-1.apk
Time Spent:   0 Days 0 Hours 11 Minutes 45 Seconds

============================================================================
180/189 Starting processing laser.pointer.laserpointer-1.apk ......
Getting apk info from https://play.google.com/store/apps/details?id=laser.pointer.laserpointer ......
Success to get info from Play Store
The lastest version of laser.pointer.laserpointer-1.apk is  1.8.3  
Done processing laser.pointer.laserpointer-1.apk
Time Spent:   0 Days 0 Hours 11 Minutes 49 Seconds

============================================================================
181/189 Starting processing me.tango.roadriot-1.apk ......
Getting apk info from https://play.google.com/store/apps/details?id=me.tango.roadriot ......
Success to get info from Play Store
The lastest version of me.tango.roadriot-1.apk is  1.16.13  
Done processing me.tango.roadriot-1.apk
Time Spent:   0 Days 0 Hours 11 Minutes 52 Seconds

============================================================================
182/189 Starting processing net.adesignstudio.connectfour-1.apk ......
Getting apk info from https://play.google.com/store/apps/details?id=net.adesignstudio.connectfour ......
Success to get info from Play Store
The lastest version of net.adesignstudio.connectfour-1.apk is  1.7  
Done processing net.adesignstudio.connectfour-1.apk
Time Spent:   0 Days 0 Hours 11 Minutes 56 Seconds

============================================================================
183/189 Starting processing net.flixster.android-1.apk ......
Getting apk info from https://play.google.com/store/apps/details?id=net.flixster.android ......
Success to get info from Play Store
The lastest version of net.flixster.android-1.apk is    Varies with device  
Done processing net.flixster.android-1.apk
Time Spent:   0 Days 0 Hours 12 Minutes 0 Seconds

============================================================================
184/189 Starting processing no.dirtybit.funrun-1.apk ......
Getting apk info from https://play.google.com/store/apps/details?id=no.dirtybit.funrun ......
Success to get info from Play Store
The lastest version of no.dirtybit.funrun-1.apk is    Varies with device  
Done processing no.dirtybit.funrun-1.apk
Time Spent:   0 Days 0 Hours 12 Minutes 4 Seconds

============================================================================
185/189 Starting processing org.mozilla.firefox-1.apk ......
Getting apk info from https://play.google.com/store/apps/details?id=org.mozilla.firefox ......
Success to get info from Play Store
The lastest version of org.mozilla.firefox-1.apk is    Varies with device  
Done processing org.mozilla.firefox-1.apk
Time Spent:   0 Days 0 Hours 12 Minutes 9 Seconds

============================================================================
186/189 Starting processing quess.song.music.pop.quiz-1.apk ......
Getting apk info from https://play.google.com/store/apps/details?id=quess.song.music.pop.quiz ......
Success to get info from Play Store
The lastest version of quess.song.music.pop.quiz-1.apk is    Varies with device  
Done processing quess.song.music.pop.quiz-1.apk
Time Spent:   0 Days 0 Hours 12 Minutes 13 Seconds

============================================================================
187/189 Starting processing tv.twitch.android.viewer-1.apk ......
Getting apk info from https://play.google.com/store/apps/details?id=tv.twitch.android.viewer ......
Success to get info from Play Store
The lastest version of tv.twitch.android.viewer-1.apk is  3.0.3  
Done processing tv.twitch.android.viewer-1.apk
Time Spent:   0 Days 0 Hours 12 Minutes 17 Seconds

============================================================================
188/189 Starting processing uk.co.aifactory.chessfree-1.apk ......
Getting apk info from https://play.google.com/store/apps/details?id=uk.co.aifactory.chessfree ......
Success to get info from Play Store
The lastest version of uk.co.aifactory.chessfree-1.apk is  2.12  
Done processing uk.co.aifactory.chessfree-1.apk
Time Spent:   0 Days 0 Hours 12 Minutes 21 Seconds

============================================================================
189/189 Starting processing wp.wattpad-1.apk ......
Getting apk info from https://play.google.com/store/apps/details?id=wp.wattpad ......
Success to get info from Play Store
The lastest version of wp.wattpad-1.apk is    Varies with device  
Done processing wp.wattpad-1.apk
Time Spent:   0 Days 0 Hours 12 Minutes 25 Seconds

============================================================================


**************************************************************
All Done
Total Time:   0 Days 0 Hours 12 Minutes 25 Seconds
Result Location:               /srv/www/htdocs/CV2/app/admin/scan_apk_version//results/AppInfo_2014-09-07-00-23-43.csv
**************************************************************
