Start processing app in list /home/Git-Apk/Updated_list from /home/Git-Apk/All_Apk  ......

============================================================================
1/51 Starting processing cmccwm.mobilemusic-1.apk ......
Getting apk info from https://play.google.com/store/apps/details?id=cmccwm.mobilemusic ......
[ERROR] : Cannot find info of cmccwm.mobilemusic-1.apk on https://play.google.com/store/apps/details?id=cmccwm.mobilemusic !!!
Done processing cmccwm.mobilemusic-1.apk
Time Spent:   0 Days 0 Hours 0 Minutes 1 Seconds

============================================================================
2/51 Starting processing cn.jingling.motu.photowonder-1.apk ......
Getting apk info from https://play.google.com/store/apps/details?id=cn.jingling.motu.photowonder ......
Success to get info from Play Store
The lastest version of cn.jingling.motu.photowonder-1.apk is  3.1.9  
Done processing cn.jingling.motu.photowonder-1.apk
Time Spent:   0 Days 0 Hours 0 Minutes 4 Seconds

============================================================================
3/51 Starting processing cn.kuwo.player-1.apk ......
Getting apk info from https://play.google.com/store/apps/details?id=cn.kuwo.player ......
Success to get info from Play Store
The lastest version of cn.kuwo.player-1.apk is  6.3.2.0  
Done processing cn.kuwo.player-1.apk
Time Spent:   0 Days 0 Hours 0 Minutes 7 Seconds

============================================================================
4/51 Starting processing com.Qunar-1.apk ......
Getting apk info from https://play.google.com/store/apps/details?id=com.Qunar ......
Success to get info from Play Store
The lastest version of com.Qunar-1.apk is  7.2.6  
Done processing com.Qunar-1.apk
Time Spent:   0 Days 0 Hours 0 Minutes 9 Seconds

============================================================================
5/51 Starting processing com.androidesk-1.apk ......
Getting apk info from https://play.google.com/store/apps/details?id=com.androidesk ......
Success to get info from Play Store
The lastest version of com.androidesk-1.apk is  4.0.2  
Done processing com.androidesk-1.apk
Time Spent:   0 Days 0 Hours 0 Minutes 11 Seconds

============================================================================
6/51 Starting processing com.anguanjia.safe-1.apk ......
Getting apk info from https://play.google.com/store/apps/details?id=com.anguanjia.safe ......
Success to get info from Play Store
The lastest version of com.anguanjia.safe-1.apk is  4.8.5  
Done processing com.anguanjia.safe-1.apk
Time Spent:   0 Days 0 Hours 0 Minutes 14 Seconds

============================================================================
7/51 Starting processing com.autonavi.minimap-1.apk ......
Getting apk info from https://play.google.com/store/apps/details?id=com.autonavi.minimap ......
Success to get info from Play Store
The lastest version of com.autonavi.minimap-1.apk is  6.5.1  
Done processing com.autonavi.minimap-1.apk
Time Spent:   0 Days 0 Hours 0 Minutes 17 Seconds

============================================================================
8/51 Starting processing com.baidu.input-1.apk ......
Getting apk info from https://play.google.com/store/apps/details?id=com.baidu.input ......
[ERROR] : Cannot find info of com.baidu.input-1.apk on https://play.google.com/store/apps/details?id=com.baidu.input !!!
Done processing com.baidu.input-1.apk
Time Spent:   0 Days 0 Hours 0 Minutes 18 Seconds

============================================================================
9/51 Starting processing com.baidu.video-1.apk ......
Getting apk info from https://play.google.com/store/apps/details?id=com.baidu.video ......
[ERROR] : Cannot find info of com.baidu.video-1.apk on https://play.google.com/store/apps/details?id=com.baidu.video !!!
Done processing com.baidu.video-1.apk
Time Spent:   0 Days 0 Hours 0 Minutes 20 Seconds

============================================================================
10/51 Starting processing com.blovestorm-1.apk ......
Getting apk info from https://play.google.com/store/apps/details?id=com.blovestorm ......
Success to get info from Play Store
The lastest version of com.blovestorm-1.apk is  5.3.10  
Done processing com.blovestorm-1.apk
Time Spent:   0 Days 0 Hours 0 Minutes 23 Seconds

============================================================================
11/51 Starting processing com.chaozh.iReaderFree-1.apk ......
Getting apk info from https://play.google.com/store/apps/details?id=com.chaozh.iReaderFree ......
Success to get info from Play Store
The lastest version of com.chaozh.iReaderFree-1.apk is  3.2.0  
Done processing com.chaozh.iReaderFree-1.apk
Time Spent:   0 Days 0 Hours 0 Minutes 25 Seconds

============================================================================
12/51 Starting processing com.cleanmaster.mguard_cn-1.apk ......
Getting apk info from https://play.google.com/store/apps/details?id=com.cleanmaster.mguard_cn ......
Success to get info from Play Store
The lastest version of com.cleanmaster.mguard_cn-1.apk is  5.7.0  
Done processing com.cleanmaster.mguard_cn-1.apk
Time Spent:   0 Days 0 Hours 0 Minutes 29 Seconds

============================================================================
13/51 Starting processing com.corp21cn.mail189-1.apk ......
Getting apk info from https://play.google.com/store/apps/details?id=com.corp21cn.mail189 ......
Success to get info from Play Store
The lastest version of com.corp21cn.mail189-1.apk is  4.2.3  
Done processing com.corp21cn.mail189-1.apk
Time Spent:   0 Days 0 Hours 0 Minutes 31 Seconds

============================================================================
14/51 Starting processing com.duomi.android-1.apk ......
Getting apk info from https://play.google.com/store/apps/details?id=com.duomi.android ......
[ERROR] : Cannot find info of com.duomi.android-1.apk on https://play.google.com/store/apps/details?id=com.duomi.android !!!
Done processing com.duomi.android-1.apk
Time Spent:   0 Days 0 Hours 0 Minutes 33 Seconds

============================================================================
15/51 Starting processing com.funshion.video.mobile-1.apk ......
Getting apk info from https://play.google.com/store/apps/details?id=com.funshion.video.mobile ......
[ERROR] : Cannot find info of com.funshion.video.mobile-1.apk on https://play.google.com/store/apps/details?id=com.funshion.video.mobile !!!
Done processing com.funshion.video.mobile-1.apk
Time Spent:   0 Days 0 Hours 0 Minutes 34 Seconds

============================================================================
16/51 Starting processing com.imangi.templerunzh-1.apk ......
Getting apk info from https://play.google.com/store/apps/details?id=com.imangi.templerunzh ......
[ERROR] : Cannot find info of com.imangi.templerunzh-1.apk on https://play.google.com/store/apps/details?id=com.imangi.templerunzh !!!
Done processing com.imangi.templerunzh-1.apk
Time Spent:   0 Days 0 Hours 0 Minutes 36 Seconds

============================================================================
17/51 Starting processing com.intsig.BizCardReader-1.apk ......
Getting apk info from https://play.google.com/store/apps/details?id=com.intsig.BizCardReader ......
Success to get info from Play Store
The lastest version of com.intsig.BizCardReader-1.apk is  5.1.2.20140617  
Done processing com.intsig.BizCardReader-1.apk
Time Spent:   0 Days 0 Hours 0 Minutes 39 Seconds

============================================================================
18/51 Starting processing com.jingdong.app.mall-1.apk ......
Getting apk info from https://play.google.com/store/apps/details?id=com.jingdong.app.mall ......
Success to get info from Play Store
The lastest version of com.jingdong.app.mall-1.apk is  3.4.6  
Done processing com.jingdong.app.mall-1.apk
Time Spent:   0 Days 0 Hours 0 Minutes 42 Seconds

============================================================================
19/51 Starting processing com.kingsoft-1.apk ......
Getting apk info from https://play.google.com/store/apps/details?id=com.kingsoft ......
Success to get info from Play Store
The lastest version of com.kingsoft-1.apk is  6.3.2  
Done processing com.kingsoft-1.apk
Time Spent:   0 Days 0 Hours 0 Minutes 45 Seconds

============================================================================
20/51 Starting processing com.kunpo.baba91-1.apk ......
Getting apk info from https://play.google.com/store/apps/details?id=com.kunpo.baba91 ......
[ERROR] : Cannot find info of com.kunpo.baba91-1.apk on https://play.google.com/store/apps/details?id=com.kunpo.baba91 !!!
Done processing com.kunpo.baba91-1.apk
Time Spent:   0 Days 0 Hours 0 Minutes 47 Seconds

============================================================================
21/51 Starting processing com.lingdong.client.android-1.apk ......
Getting apk info from https://play.google.com/store/apps/details?id=com.lingdong.client.android ......
Success to get info from Play Store
The lastest version of com.lingdong.client.android-1.apk is  2.23  
Done processing com.lingdong.client.android-1.apk
Time Spent:   0 Days 0 Hours 0 Minutes 50 Seconds

============================================================================
22/51 Starting processing com.moxiu.launcher-1.apk ......
Getting apk info from https://play.google.com/store/apps/details?id=com.moxiu.launcher ......
[ERROR] : Cannot find info of com.moxiu.launcher-1.apk on https://play.google.com/store/apps/details?id=com.moxiu.launcher !!!
Done processing com.moxiu.launcher-1.apk
Time Spent:   0 Days 0 Hours 0 Minutes 51 Seconds

============================================================================
23/51 Starting processing com.ophone.reader.ui-1.apk ......
Getting apk info from https://play.google.com/store/apps/details?id=com.ophone.reader.ui ......
[ERROR] : Cannot find info of com.ophone.reader.ui-1.apk on https://play.google.com/store/apps/details?id=com.ophone.reader.ui !!!
Done processing com.ophone.reader.ui-1.apk
Time Spent:   0 Days 0 Hours 0 Minutes 53 Seconds

============================================================================
24/51 Starting processing com.oupeng.mini.android-1.apk ......
Getting apk info from https://play.google.com/store/apps/details?id=com.oupeng.mini.android ......
Success to get info from Play Store
The lastest version of com.oupeng.mini.android-1.apk is  7.7.2  
Done processing com.oupeng.mini.android-1.apk
Time Spent:   0 Days 0 Hours 0 Minutes 55 Seconds

============================================================================
25/51 Starting processing com.pdager-1.apk ......
Getting apk info from https://play.google.com/store/apps/details?id=com.pdager ......
Success to get info from Play Store
The lastest version of com.pdager-1.apk is  3.2.0.131014  
Done processing com.pdager-1.apk
Time Spent:   0 Days 0 Hours 0 Minutes 58 Seconds

============================================================================
26/51 Starting processing com.qihoo360.launcher-1.apk ......
Getting apk info from https://play.google.com/store/apps/details?id=com.qihoo360.launcher ......
Success to get info from Play Store
The lastest version of com.qihoo360.launcher-1.apk is  5.5.3  
Done processing com.qihoo360.launcher-1.apk
Time Spent:   0 Days 0 Hours 1 Minutes 2 Seconds

============================================================================
27/51 Starting processing com.renren.mobile.android-1.apk ......
Getting apk info from https://play.google.com/store/apps/details?id=com.renren.mobile.android ......
[ERROR] : Cannot find info of com.renren.mobile.android-1.apk on https://play.google.com/store/apps/details?id=com.renren.mobile.android !!!
Done processing com.renren.mobile.android-1.apk
Time Spent:   0 Days 0 Hours 1 Minutes 4 Seconds

============================================================================
28/51 Starting processing com.sdu.didi.psnger-1.apk ......
Getting apk info from https://play.google.com/store/apps/details?id=com.sdu.didi.psnger ......
Success to get info from Play Store
The lastest version of com.sdu.didi.psnger-1.apk is  2.8.3  
Done processing com.sdu.didi.psnger-1.apk
Time Spent:   0 Days 0 Hours 1 Minutes 7 Seconds

============================================================================
29/51 Starting processing com.shuqi.controller-1.apk ......
Getting apk info from https://play.google.com/store/apps/details?id=com.shuqi.controller ......
[ERROR] : Cannot find info of com.shuqi.controller-1.apk on https://play.google.com/store/apps/details?id=com.shuqi.controller !!!
Done processing com.shuqi.controller-1.apk
Time Spent:   0 Days 0 Hours 1 Minutes 8 Seconds

============================================================================
30/51 Starting processing com.sina.weibo-1.apk ......
Getting apk info from https://play.google.com/store/apps/details?id=com.sina.weibo ......
Success to get info from Play Store
The lastest version of com.sina.weibo-1.apk is  4.4.1  
Done processing com.sina.weibo-1.apk
Time Spent:   0 Days 0 Hours 1 Minutes 12 Seconds

============================================================================
31/51 Starting processing com.sinovatech.unicom.ui-1.apk ......
Getting apk info from https://play.google.com/store/apps/details?id=com.sinovatech.unicom.ui ......
Success to get info from Play Store
The lastest version of com.sinovatech.unicom.ui-1.apk is  1.1  
Done processing com.sinovatech.unicom.ui-1.apk
Time Spent:   0 Days 0 Hours 1 Minutes 15 Seconds

============================================================================
32/51 Starting processing com.snda.wifilocating-1.apk ......
Getting apk info from https://play.google.com/store/apps/details?id=com.snda.wifilocating ......
[ERROR] : Cannot find info of com.snda.wifilocating-1.apk on https://play.google.com/store/apps/details?id=com.snda.wifilocating !!!
Done processing com.snda.wifilocating-1.apk
Time Spent:   0 Days 0 Hours 1 Minutes 16 Seconds

============================================================================
33/51 Starting processing com.sogou.map.android.maps-1.apk ......
Getting apk info from https://play.google.com/store/apps/details?id=com.sogou.map.android.maps ......
Success to get info from Play Store
The lastest version of com.sogou.map.android.maps-1.apk is  5.1.0  
Done processing com.sogou.map.android.maps-1.apk
Time Spent:   0 Days 0 Hours 1 Minutes 20 Seconds

============================================================================
34/51 Starting processing com.ss.android.article.news-1.apk ......
Getting apk info from https://play.google.com/store/apps/details?id=com.ss.android.article.news ......
Success to get info from Play Store
The lastest version of com.ss.android.article.news-1.apk is  3.5.4  
Done processing com.ss.android.article.news-1.apk
Time Spent:   0 Days 0 Hours 1 Minutes 23 Seconds

============================================================================
35/51 Starting processing com.tencent.WBlog-1.apk ......
Getting apk info from https://play.google.com/store/apps/details?id=com.tencent.WBlog ......
Success to get info from Play Store
The lastest version of com.tencent.WBlog-1.apk is  4.4.4  
Done processing com.tencent.WBlog-1.apk
Time Spent:   0 Days 0 Hours 1 Minutes 26 Seconds

============================================================================
36/51 Starting processing com.tencent.qqlite-1.apk ......
Getting apk info from https://play.google.com/store/apps/details?id=com.tencent.qqlite ......
Success to get info from Play Store
The lastest version of com.tencent.qqlite-1.apk is  2.1.0  
Done processing com.tencent.qqlite-1.apk
Time Spent:   0 Days 0 Hours 1 Minutes 30 Seconds

============================================================================
37/51 Starting processing com.tencent.qqmusic-1.apk ......
Getting apk info from https://play.google.com/store/apps/details?id=com.tencent.qqmusic ......
Success to get info from Play Store
The lastest version of com.tencent.qqmusic-1.apk is  4.0.0.26  
Done processing com.tencent.qqmusic-1.apk
Time Spent:   0 Days 0 Hours 1 Minutes 33 Seconds

============================================================================
38/51 Starting processing com.tigerknows-1.apk ......
Getting apk info from https://play.google.com/store/apps/details?id=com.tigerknows ......
Success to get info from Play Store
The lastest version of com.tigerknows-1.apk is  5.8.5.20140530A  
Done processing com.tigerknows-1.apk
Time Spent:   0 Days 0 Hours 1 Minutes 36 Seconds

============================================================================
39/51 Starting processing com.ting.mp3.android-1.apk ......
Getting apk info from https://play.google.com/store/apps/details?id=com.ting.mp3.android ......
[ERROR] : Cannot find info of com.ting.mp3.android-1.apk on https://play.google.com/store/apps/details?id=com.ting.mp3.android !!!
Done processing com.ting.mp3.android-1.apk
Time Spent:   0 Days 0 Hours 1 Minutes 38 Seconds

============================================================================
40/51 Starting processing com.tudou.android-1.apk ......
Getting apk info from https://play.google.com/store/apps/details?id=com.tudou.android ......
Success to get info from Play Store
The lastest version of com.tudou.android-1.apk is  4.2  
Done processing com.tudou.android-1.apk
Time Spent:   0 Days 0 Hours 1 Minutes 42 Seconds

============================================================================
41/51 Starting processing com.wochacha-1.apk ......
Getting apk info from https://play.google.com/store/apps/details?id=com.wochacha ......
Success to get info from Play Store
The lastest version of com.wochacha-1.apk is  6.7.5  
Done processing com.wochacha-1.apk
Time Spent:   0 Days 0 Hours 1 Minutes 46 Seconds

============================================================================
42/51 Starting processing com.wuba-1.apk ......
Getting apk info from https://play.google.com/store/apps/details?id=com.wuba ......
[ERROR] : Cannot find info of com.wuba-1.apk on https://play.google.com/store/apps/details?id=com.wuba !!!
Done processing com.wuba-1.apk
Time Spent:   0 Days 0 Hours 1 Minutes 47 Seconds

============================================================================
43/51 Starting processing com.xunlei.kankan-1.apk ......
Getting apk info from https://play.google.com/store/apps/details?id=com.xunlei.kankan ......
[ERROR] : Cannot find info of com.xunlei.kankan-1.apk on https://play.google.com/store/apps/details?id=com.xunlei.kankan !!!
Done processing com.xunlei.kankan-1.apk
Time Spent:   0 Days 0 Hours 1 Minutes 49 Seconds

============================================================================
44/51 Starting processing com.youdao.dict-1.apk ......
Getting apk info from https://play.google.com/store/apps/details?id=com.youdao.dict ......
Success to get info from Play Store
The lastest version of com.youdao.dict-1.apk is  4.3.1  
Done processing com.youdao.dict-1.apk
Time Spent:   0 Days 0 Hours 1 Minutes 53 Seconds

============================================================================
45/51 Starting processing com.zdworks.android.zdclock-1.apk ......
Getting apk info from https://play.google.com/store/apps/details?id=com.zdworks.android.zdclock ......
Success to get info from Play Store
The lastest version of com.zdworks.android.zdclock-1.apk is  4.8.498  
Done processing com.zdworks.android.zdclock-1.apk
Time Spent:   0 Days 0 Hours 1 Minutes 57 Seconds

============================================================================
46/51 Starting processing im.yixin-1.apk ......
Getting apk info from https://play.google.com/store/apps/details?id=im.yixin ......
Success to get info from Play Store
The lastest version of im.yixin-1.apk is  2.7.0  
Done processing im.yixin-1.apk
Time Spent:   0 Days 0 Hours 2 Minutes 0 Seconds

============================================================================
47/51 Starting processing me.papa-1.apk ......
Getting apk info from https://play.google.com/store/apps/details?id=me.papa ......
Success to get info from Play Store
The lastest version of me.papa-1.apk is  4.2.1  
Done processing me.papa-1.apk
Time Spent:   0 Days 0 Hours 2 Minutes 4 Seconds

============================================================================
48/51 Starting processing org.cocos2dx.FishingJoy2-1.apk ......
Getting apk info from https://play.google.com/store/apps/details?id=org.cocos2dx.FishingJoy2 ......
[ERROR] : Cannot find info of org.cocos2dx.FishingJoy2-1.apk on https://play.google.com/store/apps/details?id=org.cocos2dx.FishingJoy2 !!!
Done processing org.cocos2dx.FishingJoy2-1.apk
Time Spent:   0 Days 0 Hours 2 Minutes 5 Seconds

============================================================================
49/51 Starting processing org.funship.findsomething.withRK-1.apk ......
Getting apk info from https://play.google.com/store/apps/details?id=org.funship.findsomething.withRK ......
[ERROR] : Cannot find info of org.funship.findsomething.withRK-1.apk on https://play.google.com/store/apps/details?id=org.funship.findsomething.withRK !!!
Done processing org.funship.findsomething.withRK-1.apk
Time Spent:   0 Days 0 Hours 2 Minutes 7 Seconds

============================================================================
50/51 Starting processing tv.pps.mobile-1.apk ......
Getting apk info from https://play.google.com/store/apps/details?id=tv.pps.mobile ......
Success to get info from Play Store
The lastest version of tv.pps.mobile-1.apk is  3.0.2  
Done processing tv.pps.mobile-1.apk
Time Spent:   0 Days 0 Hours 2 Minutes 11 Seconds

============================================================================
51/51 Starting processing viva.reader-1.apk ......
Getting apk info from https://play.google.com/store/apps/details?id=viva.reader ......
Success to get info from Play Store
The lastest version of viva.reader-1.apk is  5.1.3  
Done processing viva.reader-1.apk
Time Spent:   0 Days 0 Hours 2 Minutes 14 Seconds

============================================================================


**************************************************************
All Done
Total Time:   0 Days 0 Hours 2 Minutes 14 Seconds
Result Location:               /srv/www/htdocs/CV2/app/admin/scan_apk_version//results/AppInfo_2014-07-18-15-04-16.csv
**************************************************************
