Start processing app in list /share/Git-Apk/Updated_list from /share/Git-Apk/All_Apk  ......

============================================================================
1/2 Starting processing com.angrymobgames.guerrillabob-1.apk ......
Getting apk info from https://play.google.com/store/apps/details?id=com.angrymobgames.guerrillabob ......
Success to get info from Play Store
The lastest version of com.angrymobgames.guerrillabob-1.apk is  1.4  
Done processing com.angrymobgames.guerrillabob-1.apk
Time Spent:   0 Days 0 Hours 0 Minutes 1 Seconds

============================================================================
2/2 Starting processing com.redphx.deviceid-1.apk ......
Getting apk info from https://play.google.com/store/apps/details?id=com.redphx.deviceid ......
Success to get info from Play Store
The lastest version of com.redphx.deviceid-1.apk is  1.1  
Done processing com.redphx.deviceid-1.apk
Time Spent:   0 Days 0 Hours 0 Minutes 3 Seconds

============================================================================


**************************************************************
All Done
Total Time:   0 Days 0 Hours 0 Minutes 3 Seconds
Result Location:               /var/www/CV2/app/admin/scan_apk_version//results/AppInfo_2014-05-15-16-33-37.csv
**************************************************************
