Start processing app in list /home/Git-Apk/Updated_list from /home/Git-Apk/All_Apk  ......

============================================================================
1/3 Starting processing com.gamevil.bb2013.global-1.apk ......
Getting apk info from https://play.google.com/store/apps/details?id=com.gamevil.bb2013.global ......
Success to get info from Play Store
The lastest version of com.gamevil.bb2013.global-1.apk is  1.1.6  
Done processing com.gamevil.bb2013.global-1.apk
Time Spent:   0 Days 0 Hours 0 Minutes 3 Seconds

============================================================================
2/3 Starting processing com.libiitech.nailsalon-1.apk ......
Getting apk info from https://play.google.com/store/apps/details?id=com.libiitech.nailsalon ......
Success to get info from Play Store
The lastest version of com.libiitech.nailsalon-1.apk is  1.0.2  
Done processing com.libiitech.nailsalon-1.apk
Time Spent:   0 Days 0 Hours 0 Minutes 5 Seconds

============================================================================
3/3 Starting processing com.naquatic.GunCollector-1.apk ......
Getting apk info from https://play.google.com/store/apps/details?id=com.naquatic.GunCollector ......
Success to get info from Play Store
The lastest version of com.naquatic.GunCollector-1.apk is  1.1  
Done processing com.naquatic.GunCollector-1.apk
Time Spent:   0 Days 0 Hours 0 Minutes 8 Seconds

============================================================================


**************************************************************
All Done
Total Time:   0 Days 0 Hours 0 Minutes 8 Seconds
Result Location:               /srv/www/htdocs/CV2/app/admin/scan_apk_version//results/AppInfo_2014-05-29-09-22-05.csv
**************************************************************
