Start processing app in list /share/Git-Apk/Updated_list from /share/Git-Apk/All_Apk  ......

============================================================================
1/18 Starting processing air.com.bitrhymes.bingo-1.apk ......
Getting apk info from https://play.google.com/store/apps/details?id=air.com.bitrhymes.bingo ......
Success to get info from Play Store
The lastest version of air.com.bitrhymes.bingo-1.apk is    Varies with device  
Done processing air.com.bitrhymes.bingo-1.apk
Time Spent:   0 Days 0 Hours 0 Minutes 3 Seconds

============================================================================
2/18 Starting processing co.vine.android-1.apk ......
Getting apk info from https://play.google.com/store/apps/details?id=co.vine.android ......
Success to get info from Play Store
The lastest version of co.vine.android-1.apk is    Varies with device  
Done processing co.vine.android-1.apk
Time Spent:   0 Days 0 Hours 0 Minutes 7 Seconds

============================================================================
3/18 Starting processing com.bigeyes0x0.trickstermod-1.apk ......
Getting apk info from https://play.google.com/store/apps/details?id=com.bigeyes0x0.trickstermod ......
Success to get info from Play Store
The lastest version of com.bigeyes0x0.trickstermod-1.apk is  2.9.832  
Done processing com.bigeyes0x0.trickstermod-1.apk
Time Spent:   0 Days 0 Hours 0 Minutes 11 Seconds

============================================================================
4/18 Starting processing com.bigeyes0x0.trickstermod.premium-1.apk ......
Getting apk info from https://play.google.com/store/apps/details?id=com.bigeyes0x0.trickstermod.premium ......
Success to get info from Play Store
The lastest version of com.bigeyes0x0.trickstermod.premium-1.apk is  1.2.2  
Done processing com.bigeyes0x0.trickstermod.premium-1.apk
Time Spent:   0 Days 0 Hours 0 Minutes 15 Seconds

============================================================================
5/18 Starting processing com.doubleTwist.androidPlayer-1.apk ......
Getting apk info from https://play.google.com/store/apps/details?id=com.doubleTwist.androidPlayer ......
Success to get info from Play Store
The lastest version of com.doubleTwist.androidPlayer-1.apk is    Varies with device  
Done processing com.doubleTwist.androidPlayer-1.apk
Time Spent:   0 Days 0 Hours 0 Minutes 19 Seconds

============================================================================
6/18 Starting processing com.doubleTwist.androidPlayerProKey-1.apk ......
Getting apk info from https://play.google.com/store/apps/details?id=com.doubleTwist.androidPlayerProKey ......
Success to get info from Play Store
The lastest version of com.doubleTwist.androidPlayerProKey-1.apk is  2.3.0  
Done processing com.doubleTwist.androidPlayerProKey-1.apk
Time Spent:   0 Days 0 Hours 0 Minutes 23 Seconds

============================================================================
7/18 Starting processing com.eamobile.monopoly_na_wf-1.apk ......
Getting apk info from https://play.google.com/store/apps/details?id=com.eamobile.monopoly_na_wf ......
Success to get info from Play Store
The lastest version of com.eamobile.monopoly_na_wf-1.apk is    Varies with device  
Done processing com.eamobile.monopoly_na_wf-1.apk
Time Spent:   0 Days 0 Hours 0 Minutes 28 Seconds

============================================================================
8/18 Starting processing com.foxfi-1.apk ......
Getting apk info from https://play.google.com/store/apps/details?id=com.foxfi ......
Success to get info from Play Store
The lastest version of com.foxfi-1.apk is  2.15  
Done processing com.foxfi-1.apk
Time Spent:   0 Days 0 Hours 0 Minutes 31 Seconds

============================================================================
9/18 Starting processing com.gau.go.launcherex-1.apk ......
Getting apk info from https://play.google.com/store/apps/details?id=com.gau.go.launcherex ......
Success to get info from Play Store
The lastest version of com.gau.go.launcherex-1.apk is  4.13  
Done processing com.gau.go.launcherex-1.apk
Time Spent:   0 Days 0 Hours 0 Minutes 36 Seconds

============================================================================
10/18 Starting processing com.gau.go.launcherex.key-1.apk ......
Getting apk info from https://play.google.com/store/apps/details?id=com.gau.go.launcherex.key ......
Success to get info from Play Store
The lastest version of com.gau.go.launcherex.key-1.apk is  1.8  
Done processing com.gau.go.launcherex.key-1.apk
Time Spent:   0 Days 0 Hours 0 Minutes 40 Seconds

============================================================================
11/18 Starting processing com.giantssoftware.fs14-1.apk ......
Getting apk info from https://play.google.com/store/apps/details?id=com.giantssoftware.fs14 ......
Success to get info from Play Store
The lastest version of com.giantssoftware.fs14-1.apk is    Varies with device  
Done processing com.giantssoftware.fs14-1.apk
Time Spent:   0 Days 0 Hours 0 Minutes 44 Seconds

============================================================================
12/18 Starting processing com.pikpok.turbo-1.apk ......
Getting apk info from https://play.google.com/store/apps/details?id=com.pikpok.turbo ......
Success to get info from Play Store
The lastest version of com.pikpok.turbo-1.apk is  1.06.3  
Done processing com.pikpok.turbo-1.apk
Time Spent:   0 Days 0 Hours 0 Minutes 48 Seconds

============================================================================
13/18 Starting processing com.scannerradio_pro-1.apk ......
Getting apk info from https://play.google.com/store/apps/details?id=com.scannerradio_pro ......
Success to get info from Play Store
The lastest version of com.scannerradio_pro-1.apk is    Varies with device  
Done processing com.scannerradio_pro-1.apk
Time Spent:   0 Days 0 Hours 0 Minutes 52 Seconds

============================================================================
14/18 Starting processing com.sega.sonic2-1.apk ......
Getting apk info from https://play.google.com/store/apps/details?id=com.sega.sonic2 ......
Success to get info from Play Store
The lastest version of com.sega.sonic2-1.apk is  3.0.9  
Done processing com.sega.sonic2-1.apk
Time Spent:   0 Days 0 Hours 0 Minutes 56 Seconds

============================================================================
15/18 Starting processing com.touchtype.swiftkey-1.apk ......
Getting apk info from https://play.google.com/store/apps/details?id=com.touchtype.swiftkey ......
Success to get info from Play Store
The lastest version of com.touchtype.swiftkey-1.apk is    Varies with device  
Done processing com.touchtype.swiftkey-1.apk
Time Spent:   0 Days 0 Hours 1 Minutes 0 Seconds

============================================================================
16/18 Starting processing kov.theme.lumos-1.apk ......
Getting apk info from https://play.google.com/store/apps/details?id=kov.theme.lumos ......
Success to get info from Play Store
The lastest version of kov.theme.lumos-1.apk is  2.2.0.1  
Done processing kov.theme.lumos-1.apk
Time Spent:   0 Days 0 Hours 1 Minutes 5 Seconds

============================================================================
17/18 Starting processing me.timos.busyboxonrails-1.apk ......
Getting apk info from https://play.google.com/store/apps/details?id=me.timos.busyboxonrails ......
Success to get info from Play Store
The lastest version of me.timos.busyboxonrails-1.apk is  2.2.11  
Done processing me.timos.busyboxonrails-1.apk
Time Spent:   0 Days 0 Hours 1 Minutes 8 Seconds

============================================================================
18/18 Starting processing ru.mail.games.android.JungleHeat-1.apk ......
Getting apk info from https://play.google.com/store/apps/details?id=ru.mail.games.android.JungleHeat ......
Success to get info from Play Store
The lastest version of ru.mail.games.android.JungleHeat-1.apk is  1.4.7  
Done processing ru.mail.games.android.JungleHeat-1.apk
Time Spent:   0 Days 0 Hours 1 Minutes 12 Seconds

============================================================================


**************************************************************
All Done
Total Time:   0 Days 0 Hours 1 Minutes 12 Seconds
Result Location:               /srv/www/htdocs/CV2/app/admin/scan_apk_version//results/AppInfo_2014-03-05-16-41-14.csv
**************************************************************
