Start processing app in list /share/Git-Apk/Updated_list from /share/Git-Apk/All_Apk  ......

============================================================================
1/5 Starting processing com.midasplayer.apps.papapearsaga-1.apk ......
Getting apk info from https://play.google.com/store/apps/details?id=com.midasplayer.apps.papapearsaga ......
Success to get info from Play Store
The lastest version of com.midasplayer.apps.papapearsaga-1.apk is    Varies with device  
Done processing com.midasplayer.apps.papapearsaga-1.apk
Time Spent:   0 Days 0 Hours 0 Minutes 7 Seconds

============================================================================
2/5 Starting processing com.miniclip.eightballpool-1.apk ......
Getting apk info from https://play.google.com/store/apps/details?id=com.miniclip.eightballpool ......
Success to get info from Play Store
The lastest version of com.miniclip.eightballpool-1.apk is  2.4.1  
Done processing com.miniclip.eightballpool-1.apk
Time Spent:   0 Days 0 Hours 0 Minutes 17 Seconds

============================================================================
3/5 Starting processing com.randomlogicgames.guessthe90s-1.apk ......
Getting apk info from https://play.google.com/store/apps/details?id=com.randomlogicgames.guessthe90s ......
Success to get info from Play Store
The lastest version of com.randomlogicgames.guessthe90s-1.apk is  2.3  
Done processing com.randomlogicgames.guessthe90s-1.apk
Time Spent:   0 Days 0 Hours 0 Minutes 25 Seconds

============================================================================
4/5 Starting processing com.spotify.mobile.android.ui-1.apk ......
Getting apk info from https://play.google.com/store/apps/details?id=com.spotify.mobile.android.ui ......
Success to get info from Play Store
The lastest version of com.spotify.mobile.android.ui-1.apk is    Varies with device  
Done processing com.spotify.mobile.android.ui-1.apk
Time Spent:   0 Days 0 Hours 0 Minutes 32 Seconds

============================================================================
5/5 Starting processing ppl.unity.JuiceCubesBeta-1.apk ......
Getting apk info from https://play.google.com/store/apps/details?id=ppl.unity.JuiceCubesBeta ......
Success to get info from Play Store
The lastest version of ppl.unity.JuiceCubesBeta-1.apk is  1.18.05  
Done processing ppl.unity.JuiceCubesBeta-1.apk
Time Spent:   0 Days 0 Hours 0 Minutes 37 Seconds

============================================================================


**************************************************************
All Done
Total Time:   0 Days 0 Hours 0 Minutes 37 Seconds
Result Location:               /srv/www/htdocs/CV2/app/admin/scan_apk_version//results/AppInfo_2014-04-16-16-28-23.csv
**************************************************************
