Start processing app in list /share/Git-Apk/Updated_list from /share/Git-Apk/All_Apk  ......

============================================================================
1/18 Starting processing com.google.android.calendar-1.apk ......
Getting apk info from https://play.google.com/store/apps/details?id=com.google.android.calendar ......
Success to get info from Play Store
The lastest version of com.google.android.calendar-1.apk is  201308023  
Done processing com.google.android.calendar-1.apk
Time Spent:   0 Days 0 Hours 0 Minutes 5 Seconds

============================================================================
2/18 Starting processing com.tbig.playerpro-1.apk ......
Getting apk info from https://play.google.com/store/apps/details?id=com.tbig.playerpro ......
Success to get info from Play Store
The lastest version of com.tbig.playerpro-1.apk is  2.86  
Done processing com.tbig.playerpro-1.apk
Time Spent:   0 Days 0 Hours 0 Minutes 11 Seconds

============================================================================
3/18 Starting processing com.topfreegames.bikeracefreeworld-1.apk ......
Getting apk info from https://play.google.com/store/apps/details?id=com.topfreegames.bikeracefreeworld ......
Success to get info from Play Store
The lastest version of com.topfreegames.bikeracefreeworld-1.apk is  3.3  
Done processing com.topfreegames.bikeracefreeworld-1.apk
Time Spent:   0 Days 0 Hours 0 Minutes 15 Seconds

============================================================================
4/18 Starting processing com.venan.boh-1.apk ......
Getting apk info from https://play.google.com/store/apps/details?id=com.venan.boh ......
Success to get info from Play Store
The lastest version of com.venan.boh-1.apk is  2.0.4  
Done processing com.venan.boh-1.apk
Time Spent:   0 Days 0 Hours 0 Minutes 19 Seconds

============================================================================
5/18 Starting processing com.yahoo.mobile.client.android.mail-1.apk ......
Getting apk info from https://play.google.com/store/apps/details?id=com.yahoo.mobile.client.android.mail ......
Success to get info from Play Store
The lastest version of com.yahoo.mobile.client.android.mail-1.apk is  3.0.25  
Done processing com.yahoo.mobile.client.android.mail-1.apk
Time Spent:   0 Days 0 Hours 0 Minutes 24 Seconds

============================================================================
6/18 Starting processing de.lotum.whatsinthefoto.us-1.apk ......
Getting apk info from https://play.google.com/store/apps/details?id=de.lotum.whatsinthefoto.us ......
Success to get info from Play Store
The lastest version of de.lotum.whatsinthefoto.us-1.apk is  3.7  
Done processing de.lotum.whatsinthefoto.us-1.apk
Time Spent:   0 Days 0 Hours 0 Minutes 29 Seconds

============================================================================
7/18 Starting processing itembox.crayfish.x-1.apk ......
Getting apk info from https://play.google.com/store/apps/details?id=itembox.crayfish.x ......
Success to get info from Play Store
The lastest version of itembox.crayfish.x-1.apk is  1.28  
Done processing itembox.crayfish.x-1.apk
Time Spent:   0 Days 0 Hours 0 Minutes 34 Seconds

============================================================================
8/18 Starting processing kik.android-1.apk ......
Getting apk info from https://play.google.com/store/apps/details?id=kik.android ......
Success to get info from Play Store
The lastest version of kik.android-1.apk is  7.1.0.83  
Done processing kik.android-1.apk
Time Spent:   0 Days 0 Hours 0 Minutes 38 Seconds

============================================================================
9/18 Starting processing kr.aboy.tools-1.apk ......
Getting apk info from https://play.google.com/store/apps/details?id=kr.aboy.tools ......
Success to get info from Play Store
The lastest version of kr.aboy.tools-1.apk is  1.6.6  
Done processing kr.aboy.tools-1.apk
Time Spent:   0 Days 0 Hours 0 Minutes 43 Seconds

============================================================================
10/18 Starting processing mindware.mindgames-1.apk ......
Getting apk info from https://play.google.com/store/apps/details?id=mindware.mindgames ......
Success to get info from Play Store
The lastest version of mindware.mindgames-1.apk is  1.6.6  
Done processing mindware.mindgames-1.apk
Time Spent:   0 Days 0 Hours 0 Minutes 48 Seconds

============================================================================
11/18 Starting processing net.kairosoft.android.gamedev3en-1.apk ......
Getting apk info from https://play.google.com/store/apps/details?id=net.kairosoft.android.gamedev3en ......
Success to get info from Play Store
The lastest version of net.kairosoft.android.gamedev3en-1.apk is  1.1.4  
Done processing net.kairosoft.android.gamedev3en-1.apk
Time Spent:   0 Days 0 Hours 0 Minutes 53 Seconds

============================================================================
12/18 Starting processing net.lazybeez.flappypig-1.apk ......
Getting apk info from https://play.google.com/store/apps/details?id=net.lazybeez.flappypig ......
Success to get info from Play Store
The lastest version of net.lazybeez.flappypig-1.apk is  2.0.1  
Done processing net.lazybeez.flappypig-1.apk
Time Spent:   0 Days 0 Hours 0 Minutes 57 Seconds

============================================================================
13/18 Starting processing net.zedge.android-1.apk ......
Getting apk info from https://play.google.com/store/apps/details?id=net.zedge.android ......
Success to get info from Play Store
The lastest version of net.zedge.android-1.apk is  4.2.1  
Done processing net.zedge.android-1.apk
Time Spent:   0 Days 0 Hours 1 Minutes 1 Seconds

============================================================================
14/18 Starting processing no.dirtybit.funrun-1.apk ......
Getting apk info from https://play.google.com/store/apps/details?id=no.dirtybit.funrun ......
Success to get info from Play Store
The lastest version of no.dirtybit.funrun-1.apk is  2.3  
Done processing no.dirtybit.funrun-1.apk
Time Spent:   0 Days 0 Hours 1 Minutes 6 Seconds

============================================================================
15/18 Starting processing org.prowl.torque-1.apk ......
Getting apk info from https://play.google.com/store/apps/details?id=org.prowl.torque ......
Success to get info from Play Store
The lastest version of org.prowl.torque-1.apk is  1.8.24  
Done processing org.prowl.torque-1.apk
Time Spent:   0 Days 0 Hours 1 Minutes 11 Seconds

============================================================================
16/18 Starting processing org.zooper.zwpro-1.apk ......
Getting apk info from https://play.google.com/store/apps/details?id=org.zooper.zwpro ......
Success to get info from Play Store
The lastest version of org.zooper.zwpro-1.apk is  2.46  
Done processing org.zooper.zwpro-1.apk
Time Spent:   0 Days 0 Hours 1 Minutes 16 Seconds

============================================================================
17/18 Starting processing se.maginteractive.rumble-1.apk ......
Getting apk info from https://play.google.com/store/apps/details?id=se.maginteractive.rumble ......
Success to get info from Play Store
The lastest version of se.maginteractive.rumble-1.apk is  1.6.16  
Done processing se.maginteractive.rumble-1.apk
Time Spent:   0 Days 0 Hours 1 Minutes 20 Seconds

============================================================================
18/18 Starting processing udk.android.reader-1.apk ......
Getting apk info from https://play.google.com/store/apps/details?id=udk.android.reader ......
Success to get info from Play Store
The lastest version of udk.android.reader-1.apk is  2.5.2.0  
Done processing udk.android.reader-1.apk
Time Spent:   0 Days 0 Hours 1 Minutes 25 Seconds

============================================================================


**************************************************************
All Done
Total Time:   0 Days 0 Hours 1 Minutes 25 Seconds
Result Location:               /srv/www/htdocs/CV2/app/admin/scan_apk_version//results/AppInfo_2014-04-08-15-22-11.csv
**************************************************************
