Start processing app in list /home/Git-Apk/Updated_list from /home/Git-Apk/All_Apk  ......

============================================================================
1/17 Starting processing air.com.freshplanet.games.SongPopPremium-1.apk ......
Getting apk info from https://play.google.com/store/apps/details?id=air.com.freshplanet.games.SongPopPremium ......
Success to get info from Play Store
The lastest version of air.com.freshplanet.games.SongPopPremium-1.apk is  1.21.1  
Done processing air.com.freshplanet.games.SongPopPremium-1.apk
Time Spent:   0 Days 0 Hours 0 Minutes 2 Seconds

============================================================================
2/17 Starting processing com.androvidpro-1.apk ......
Getting apk info from https://play.google.com/store/apps/details?id=com.androvidpro ......
Success to get info from Play Store
The lastest version of com.androvidpro-1.apk is  2.4.7.2  
Done processing com.androvidpro-1.apk
Time Spent:   0 Days 0 Hours 0 Minutes 3 Seconds

============================================================================
3/17 Starting processing com.basevelocity.radarscope-1.apk ......
Getting apk info from https://play.google.com/store/apps/details?id=com.basevelocity.radarscope ......
Success to get info from Play Store
The lastest version of com.basevelocity.radarscope-1.apk is  2.2.4  
Done processing com.basevelocity.radarscope-1.apk
Time Spent:   0 Days 0 Hours 0 Minutes 5 Seconds

============================================================================
4/17 Starting processing com.frederator.catbug-1.apk ......
Getting apk info from https://play.google.com/store/apps/details?id=com.frederator.catbug ......
Success to get info from Play Store
The lastest version of com.frederator.catbug-1.apk is  1.1.0  
Done processing com.frederator.catbug-1.apk
Time Spent:   0 Days 0 Hours 0 Minutes 7 Seconds

============================================================================
5/17 Starting processing com.gamelion.Jeopardy_HTCMyTouch3G_EN-1.apk ......
Getting apk info from https://play.google.com/store/apps/details?id=com.gamelion.Jeopardy_HTCMyTouch3G_EN ......
Success to get info from Play Store
The lastest version of com.gamelion.Jeopardy_HTCMyTouch3G_EN-1.apk is  2.6.5  
Done processing com.gamelion.Jeopardy_HTCMyTouch3G_EN-1.apk
Time Spent:   0 Days 0 Hours 0 Minutes 8 Seconds

============================================================================
6/17 Starting processing com.jumpgames.RealSteel-1.apk ......
Getting apk info from https://play.google.com/store/apps/details?id=com.jumpgames.RealSteel ......
Success to get info from Play Store
The lastest version of com.jumpgames.RealSteel-1.apk is  1.5.9  
Done processing com.jumpgames.RealSteel-1.apk
Time Spent:   0 Days 0 Hours 0 Minutes 10 Seconds

============================================================================
7/17 Starting processing com.jumpgames.pacificrim-1.apk ......
Getting apk info from https://play.google.com/store/apps/details?id=com.jumpgames.pacificrim ......
Success to get info from Play Store
The lastest version of com.jumpgames.pacificrim-1.apk is  1.9.4  
Done processing com.jumpgames.pacificrim-1.apk
Time Spent:   0 Days 0 Hours 0 Minutes 12 Seconds

============================================================================
8/17 Starting processing com.leosfortune-1.apk ......
Getting apk info from https://play.google.com/store/apps/details?id=com.leosfortune ......
Success to get info from Play Store
The lastest version of com.leosfortune-1.apk is  1.0.1  
Done processing com.leosfortune-1.apk
Time Spent:   0 Days 0 Hours 0 Minutes 14 Seconds

============================================================================
9/17 Starting processing com.mvasiliy.dragracing3d-1.apk ......
Getting apk info from https://play.google.com/store/apps/details?id=com.mvasiliy.dragracing3d ......
Success to get info from Play Store
The lastest version of com.mvasiliy.dragracing3d-1.apk is  1.7.3  
Done processing com.mvasiliy.dragracing3d-1.apk
Time Spent:   0 Days 0 Hours 0 Minutes 15 Seconds

============================================================================
10/17 Starting processing com.strawdogstudios.peppapig_hmc-1.apk ......
Getting apk info from https://play.google.com/store/apps/details?id=com.strawdogstudios.peppapig_hmc ......
Success to get info from Play Store
The lastest version of com.strawdogstudios.peppapig_hmc-1.apk is  3.0  
Done processing com.strawdogstudios.peppapig_hmc-1.apk
Time Spent:   0 Days 0 Hours 0 Minutes 17 Seconds

============================================================================
11/17 Starting processing com.ubisoft.rayman.fiestarun-1.apk ......
Getting apk info from https://play.google.com/store/apps/details?id=com.ubisoft.rayman.fiestarun ......
Success to get info from Play Store
The lastest version of com.ubisoft.rayman.fiestarun-1.apk is  1.2.2  
Done processing com.ubisoft.rayman.fiestarun-1.apk
Time Spent:   0 Days 0 Hours 0 Minutes 19 Seconds

============================================================================
12/17 Starting processing com.ultimateguitar.tabs-1.apk ......
Getting apk info from https://play.google.com/store/apps/details?id=com.ultimateguitar.tabs ......
Success to get info from Play Store
The lastest version of com.ultimateguitar.tabs-1.apk is    Varies with device  
Done processing com.ultimateguitar.tabs-1.apk
Time Spent:   0 Days 0 Hours 0 Minutes 21 Seconds

============================================================================
13/17 Starting processing com.zynga.gswfpaid-1.apk ......
Getting apk info from https://play.google.com/store/apps/details?id=com.zynga.gswfpaid ......
Success to get info from Play Store
The lastest version of com.zynga.gswfpaid-1.apk is  1.27  
Done processing com.zynga.gswfpaid-1.apk
Time Spent:   0 Days 0 Hours 0 Minutes 23 Seconds

============================================================================
14/17 Starting processing jp.gungho.dokuro-1.apk ......
Getting apk info from https://play.google.com/store/apps/details?id=jp.gungho.dokuro ......
Success to get info from Play Store
The lastest version of jp.gungho.dokuro-1.apk is  1.2.4  
Done processing jp.gungho.dokuro-1.apk
Time Spent:   0 Days 0 Hours 0 Minutes 26 Seconds

============================================================================
15/17 Starting processing kemco.execreate.alphadiagenesis-1.apk ......
Getting apk info from https://play.google.com/store/apps/details?id=kemco.execreate.alphadiagenesis ......
Success to get info from Play Store
The lastest version of kemco.execreate.alphadiagenesis-1.apk is    Varies with device  
Done processing kemco.execreate.alphadiagenesis-1.apk
Time Spent:   0 Days 0 Hours 0 Minutes 30 Seconds

============================================================================
16/17 Starting processing net.zhuoweizhang.mcpelauncher.pro-1.apk ......
Getting apk info from https://play.google.com/store/apps/details?id=net.zhuoweizhang.mcpelauncher.pro ......
Success to get info from Play Store
The lastest version of net.zhuoweizhang.mcpelauncher.pro-1.apk is  1.7.7  
Done processing net.zhuoweizhang.mcpelauncher.pro-1.apk
Time Spent:   0 Days 0 Hours 0 Minutes 33 Seconds

============================================================================
17/17 Starting processing slide.cameraZoom-1.apk ......
Getting apk info from https://play.google.com/store/apps/details?id=slide.cameraZoom ......
Success to get info from Play Store
The lastest version of slide.cameraZoom-1.apk is  5.3.7  
Done processing slide.cameraZoom-1.apk
Time Spent:   0 Days 0 Hours 0 Minutes 37 Seconds

============================================================================


**************************************************************
All Done
Total Time:   0 Days 0 Hours 0 Minutes 37 Seconds
Result Location:               /srv/www/htdocs/CV2/app/admin/scan_apk_version//results/AppInfo_2014-07-31-17-07-52.csv
**************************************************************
