Start processing app in list /home/Git-Apk/Updated_list from /home/Git-Apk/All_Apk  ......

============================================================================
1/2 Starting processing com.mfp.frozen.playgame.disney.wdj-1.apk ......
Getting apk info from https://play.google.com/store/apps/details?id=com.mfp.frozen.playgame.disney.wdj ......
[ERROR] : Cannot find info of com.mfp.frozen.playgame.disney.wdj-1.apk on https://play.google.com/store/apps/details?id=com.mfp.frozen.playgame.disney.wdj !!!
Done processing com.mfp.frozen.playgame.disney.wdj-1.apk
Time Spent:   0 Days 0 Hours 0 Minutes 2 Seconds

============================================================================
2/2 Starting processing jp.co.applibot.legend.android-1.apk ......
Getting apk info from https://play.google.com/store/apps/details?id=jp.co.applibot.legend.android ......
Success to get info from Play Store
The lastest version of jp.co.applibot.legend.android-1.apk is  7.3  
Done processing jp.co.applibot.legend.android-1.apk
Time Spent:   0 Days 0 Hours 0 Minutes 4 Seconds

============================================================================


**************************************************************
All Done
Total Time:   0 Days 0 Hours 0 Minutes 4 Seconds
Result Location:               /srv/www/htdocs/CV2/app/admin/scan_apk_version//results/AppInfo_2014-06-05-16-29-56.csv
**************************************************************
