Start processing app in list /home/Git-Apk/Updated_list from /home/Git-Apk/All_Apk  ......

============================================================================
1/13 Starting processing com.accuweather.paid.android-1.apk ......
Getting apk info from https://play.google.com/store/apps/details?id=com.accuweather.paid.android ......
Success to get info from Play Store
The lastest version of com.accuweather.paid.android-1.apk is    Varies with device  
Done processing com.accuweather.paid.android-1.apk
Time Spent:   0 Days 0 Hours 0 Minutes 2 Seconds

============================================================================
2/13 Starting processing com.asus.LogTool-1.apk ......
Getting apk info from https://play.google.com/store/apps/details?id=com.asus.LogTool ......
[ERROR] : Cannot find info of com.asus.LogTool-1.apk on https://play.google.com/store/apps/details?id=com.asus.LogTool !!!
Done processing com.asus.LogTool-1.apk
Time Spent:   0 Days 0 Hours 0 Minutes 3 Seconds

============================================================================
3/13 Starting processing com.dataviz.docstogo-1.apk ......
Getting apk info from https://play.google.com/store/apps/details?id=com.dataviz.docstogo ......
Success to get info from Play Store
The lastest version of com.dataviz.docstogo-1.apk is    Varies with device  
Done processing com.dataviz.docstogo-1.apk
Time Spent:   0 Days 0 Hours 0 Minutes 5 Seconds

============================================================================
4/13 Starting processing com.dynamixsoftware.printershare-1.apk ......
Getting apk info from https://play.google.com/store/apps/details?id=com.dynamixsoftware.printershare ......
Success to get info from Play Store
The lastest version of com.dynamixsoftware.printershare-1.apk is  10.3.7  
Done processing com.dynamixsoftware.printershare-1.apk
Time Spent:   0 Days 0 Hours 0 Minutes 7 Seconds

============================================================================
5/13 Starting processing com.ecareme.asuswebstorage-1.apk ......
Getting apk info from https://play.google.com/store/apps/details?id=com.ecareme.asuswebstorage ......
Success to get info from Play Store
The lastest version of com.ecareme.asuswebstorage-1.apk is  2.1.24.8110  
Done processing com.ecareme.asuswebstorage-1.apk
Time Spent:   0 Days 0 Hours 0 Minutes 9 Seconds

============================================================================
6/13 Starting processing com.epsxe.ePSXe-1.apk ......
Getting apk info from https://play.google.com/store/apps/details?id=com.epsxe.ePSXe ......
Success to get info from Play Store
The lastest version of com.epsxe.ePSXe-1.apk is  1.9.24  
Done processing com.epsxe.ePSXe-1.apk
Time Spent:   0 Days 0 Hours 0 Minutes 11 Seconds

============================================================================
7/13 Starting processing com.gameloft.android.ANMP.GloftM5HM-1.apk ......
Getting apk info from https://play.google.com/store/apps/details?id=com.gameloft.android.ANMP.GloftM5HM ......
Success to get info from Play Store
The lastest version of com.gameloft.android.ANMP.GloftM5HM-1.apk is    Varies with device  
Done processing com.gameloft.android.ANMP.GloftM5HM-1.apk
Time Spent:   0 Days 0 Hours 0 Minutes 13 Seconds

============================================================================
8/13 Starting processing com.gtp.nextlauncher-1.apk ......
Getting apk info from https://play.google.com/store/apps/details?id=com.gtp.nextlauncher ......
Success to get info from Play Store
The lastest version of com.gtp.nextlauncher-1.apk is  3.20.2  
Done processing com.gtp.nextlauncher-1.apk
Time Spent:   0 Days 0 Hours 0 Minutes 15 Seconds

============================================================================
9/13 Starting processing com.halfbrick.fruitninja-1.apk ......
Getting apk info from https://play.google.com/store/apps/details?id=com.halfbrick.fruitninja ......
Success to get info from Play Store
The lastest version of com.halfbrick.fruitninja-1.apk is  2.1.2  
Done processing com.halfbrick.fruitninja-1.apk
Time Spent:   0 Days 0 Hours 0 Minutes 17 Seconds

============================================================================
10/13 Starting processing com.nuance.swype.dtc-1.apk ......
Getting apk info from https://play.google.com/store/apps/details?id=com.nuance.swype.dtc ......
Success to get info from Play Store
The lastest version of com.nuance.swype.dtc-1.apk is    Varies with device  
Done processing com.nuance.swype.dtc-1.apk
Time Spent:   0 Days 0 Hours 0 Minutes 19 Seconds

============================================================================
11/13 Starting processing com.shinycore.picsaypro-1.apk ......
Getting apk info from https://play.google.com/store/apps/details?id=com.shinycore.picsaypro ......
Success to get info from Play Store
The lastest version of com.shinycore.picsaypro-1.apk is    Varies with device  
Done processing com.shinycore.picsaypro-1.apk
Time Spent:   0 Days 0 Hours 0 Minutes 21 Seconds

============================================================================
12/13 Starting processing com.zeptolab.ctr.paid-1.apk ......
Getting apk info from https://play.google.com/store/apps/details?id=com.zeptolab.ctr.paid ......
Success to get info from Play Store
The lastest version of com.zeptolab.ctr.paid-1.apk is    Varies with device  
Done processing com.zeptolab.ctr.paid-1.apk
Time Spent:   0 Days 0 Hours 0 Minutes 23 Seconds

============================================================================
13/13 Starting processing net.dinglisch.android.taskerm-1.apk ......
Getting apk info from https://play.google.com/store/apps/details?id=net.dinglisch.android.taskerm ......
Success to get info from Play Store
The lastest version of net.dinglisch.android.taskerm-1.apk is    Varies with device  
Done processing net.dinglisch.android.taskerm-1.apk
Time Spent:   0 Days 0 Hours 0 Minutes 25 Seconds

============================================================================


**************************************************************
All Done
Total Time:   0 Days 0 Hours 0 Minutes 25 Seconds
Result Location:               /home/Git-Apk/code_resource/script_hooks/scan_apk/scan_apk_version/results/AppInfo_2014-12-09-16-29-42.csv
**************************************************************
