Start processing app in list /home/Git-Apk/Updated_list from /home/Git-Apk/All_Apk  ......

============================================================================
1/4 Starting processing com.square_enix.android_googleplay.ffl_gp-1.apk ......
Getting apk info from https://play.google.com/store/apps/details?id=com.square_enix.android_googleplay.ffl_gp ......
Success to get info from Play Store
The lastest version of com.square_enix.android_googleplay.ffl_gp-1.apk is  1.1.1  
Done processing com.square_enix.android_googleplay.ffl_gp-1.apk
Time Spent:   0 Days 0 Hours 0 Minutes 9 Seconds

============================================================================
2/4 Starting processing com.tinyco.familyguy-1.apk ......
Getting apk info from https://play.google.com/store/apps/details?id=com.tinyco.familyguy ......
Success to get info from Play Store
The lastest version of com.tinyco.familyguy-1.apk is    Varies with device  
Done processing com.tinyco.familyguy-1.apk
Time Spent:   0 Days 0 Hours 0 Minutes 19 Seconds

============================================================================
3/4 Starting processing com.umonistudio.tile-1.apk ......
Getting apk info from https://play.google.com/store/apps/details?id=com.umonistudio.tile ......
Success to get info from Play Store
The lastest version of com.umonistudio.tile-1.apk is  2.4.0  
Done processing com.umonistudio.tile-1.apk
Time Spent:   0 Days 0 Hours 0 Minutes 26 Seconds

============================================================================
4/4 Starting processing com.zenstudios.StarWarsPinball-1.apk ......
Getting apk info from https://play.google.com/store/apps/details?id=com.zenstudios.StarWarsPinball ......
Success to get info from Play Store
The lastest version of com.zenstudios.StarWarsPinball-1.apk is  3.0  
Done processing com.zenstudios.StarWarsPinball-1.apk
Time Spent:   0 Days 0 Hours 0 Minutes 33 Seconds

============================================================================


**************************************************************
All Done
Total Time:   0 Days 0 Hours 0 Minutes 33 Seconds
Result Location:               /srv/www/htdocs/CV2/app/admin/scan_apk_version//results/AppInfo_2014-06-18-09-26-45.csv
**************************************************************
