Start processing app in list /share/Git-Apk/Updated_list from /share/Git-Apk/All_Apk  ......

============================================================================
1/2 Starting processing air.com.adobe.pstouchphone-1.apk ......
Getting apk info from https://play.google.com/store/apps/details?id=air.com.adobe.pstouchphone ......
Success to get info from Play Store
The lastest version of air.com.adobe.pstouchphone-1.apk is  1.1.3  
Done processing air.com.adobe.pstouchphone-1.apk
Time Spent:   0 Days 0 Hours 0 Minutes 5 Seconds

============================================================================
2/2 Starting processing air.com.freshplanet.games.MoviePopPlus-1.apk ......
Getting apk info from https://play.google.com/store/apps/details?id=air.com.freshplanet.games.MoviePopPlus ......
Success to get info from Play Store
The lastest version of air.com.freshplanet.games.MoviePopPlus-1.apk is  1.0.14  
Done processing air.com.freshplanet.games.MoviePopPlus-1.apk
Time Spent:   0 Days 0 Hours 0 Minutes 8 Seconds

============================================================================


**************************************************************
All Done
Total Time:   0 Days 0 Hours 0 Minutes 8 Seconds
Result Location:               /srv/www/htdocs/CV2/app/admin/scan_apk_version//results/AppInfo_2014-01-17-15-11-08.csv
**************************************************************
