Start processing app in list /home/Git-Apk/Updated_list from /home/Git-Apk/All_Apk  ......

============================================================================
1/14 Starting processing air.com.freshplanet.games.SongPopPremium-1.apk ......
Getting apk info from https://play.google.com/store/apps/details?id=air.com.freshplanet.games.SongPopPremium ......
Success to get info from Play Store
The lastest version of air.com.freshplanet.games.SongPopPremium-1.apk is  1.23.08  
Done processing air.com.freshplanet.games.SongPopPremium-1.apk
Time Spent:   0 Days 0 Hours 0 Minutes 2 Seconds

============================================================================
2/14 Starting processing block.city.game-1.apk ......
Getting apk info from https://play.google.com/store/apps/details?id=block.city.game ......
Success to get info from Play Store
The lastest version of block.city.game-1.apk is  1.26  
Done processing block.city.game-1.apk
Time Spent:   0 Days 0 Hours 0 Minutes 3 Seconds

============================================================================
3/14 Starting processing com.acmeaom.android.myradar-1.apk ......
Getting apk info from https://play.google.com/store/apps/details?id=com.acmeaom.android.myradar ......
Success to get info from Play Store
The lastest version of com.acmeaom.android.myradar-1.apk is    Varies with device  
Done processing com.acmeaom.android.myradar-1.apk
Time Spent:   0 Days 0 Hours 0 Minutes 5 Seconds

============================================================================
4/14 Starting processing com.actoz.mb-1.apk ......
Getting apk info from https://play.google.com/store/apps/details?id=com.actoz.mb ......
Success to get info from Play Store
The lastest version of com.actoz.mb-1.apk is  1.2.2  
Done processing com.actoz.mb-1.apk
Time Spent:   0 Days 0 Hours 0 Minutes 7 Seconds

============================================================================
5/14 Starting processing com.androidesk.livewallpaper-1.apk ......
Getting apk info from https://play.google.com/store/apps/details?id=com.androidesk.livewallpaper ......
Success to get info from Play Store
The lastest version of com.androidesk.livewallpaper-1.apk is  3.1.2  
Done processing com.androidesk.livewallpaper-1.apk
Time Spent:   0 Days 0 Hours 0 Minutes 8 Seconds

============================================================================
6/14 Starting processing com.aviary.android.feather-1.apk ......
Getting apk info from https://play.google.com/store/apps/details?id=com.aviary.android.feather ......
Success to get info from Play Store
The lastest version of com.aviary.android.feather-1.apk is    Varies with device  
Done processing com.aviary.android.feather-1.apk
Time Spent:   0 Days 0 Hours 0 Minutes 10 Seconds

============================================================================
7/14 Starting processing com.bungieinc.bungiemobile-1.apk ......
Getting apk info from https://play.google.com/store/apps/details?id=com.bungieinc.bungiemobile ......
Success to get info from Play Store
The lastest version of com.bungieinc.bungiemobile-1.apk is  3.0.6  
Done processing com.bungieinc.bungiemobile-1.apk
Time Spent:   0 Days 0 Hours 0 Minutes 12 Seconds

============================================================================
8/14 Starting processing com.chinamobile.cmccwifi-1.apk ......
Getting apk info from https://play.google.com/store/apps/details?id=com.chinamobile.cmccwifi ......
Success to get info from Play Store
The lastest version of com.chinamobile.cmccwifi-1.apk is    Varies with device  
Done processing com.chinamobile.cmccwifi-1.apk
Time Spent:   0 Days 0 Hours 0 Minutes 13 Seconds

============================================================================
9/14 Starting processing com.gamecircus.PrizeClaw-1.apk ......
Getting apk info from https://play.google.com/store/apps/details?id=com.gamecircus.PrizeClaw ......
Success to get info from Play Store
The lastest version of com.gamecircus.PrizeClaw-1.apk is  3.21  
Done processing com.gamecircus.PrizeClaw-1.apk
Time Spent:   0 Days 0 Hours 0 Minutes 16 Seconds

============================================================================
10/14 Starting processing com.gamehivecorp.kicktheboss2-1.apk ......
Getting apk info from https://play.google.com/store/apps/details?id=com.gamehivecorp.kicktheboss2 ......
Success to get info from Play Store
The lastest version of com.gamehivecorp.kicktheboss2-1.apk is  2.7  
Done processing com.gamehivecorp.kicktheboss2-1.apk
Time Spent:   0 Days 0 Hours 0 Minutes 19 Seconds

============================================================================
11/14 Starting processing com.mohitdev.minebuild-1.apk ......
Getting apk info from https://play.google.com/store/apps/details?id=com.mohitdev.minebuild ......
Success to get info from Play Store
The lastest version of com.mohitdev.minebuild-1.apk is  3.1  
Done processing com.mohitdev.minebuild-1.apk
Time Spent:   0 Days 0 Hours 0 Minutes 22 Seconds

============================================================================
12/14 Starting processing com.zqgame.ec.en.androidgp-1.apk ......
Getting apk info from https://play.google.com/store/apps/details?id=com.zqgame.ec.en.androidgp ......
Success to get info from Play Store
The lastest version of com.zqgame.ec.en.androidgp-1.apk is  1.1.11  
Done processing com.zqgame.ec.en.androidgp-1.apk
Time Spent:   0 Days 0 Hours 0 Minutes 25 Seconds

============================================================================
13/14 Starting processing im.yixin-1.apk ......
Getting apk info from https://play.google.com/store/apps/details?id=im.yixin ......
Success to get info from Play Store
The lastest version of im.yixin-1.apk is  2.9.6  
Done processing im.yixin-1.apk
Time Spent:   0 Days 0 Hours 0 Minutes 29 Seconds

============================================================================
14/14 Starting processing jp.co.beeworks.mushroomDX-1.apk ......
Getting apk info from https://play.google.com/store/apps/details?id=jp.co.beeworks.mushroomDX ......
Success to get info from Play Store
The lastest version of jp.co.beeworks.mushroomDX-1.apk is  1.17.0  
Done processing jp.co.beeworks.mushroomDX-1.apk
Time Spent:   0 Days 0 Hours 0 Minutes 33 Seconds

============================================================================


**************************************************************
All Done
Total Time:   0 Days 0 Hours 0 Minutes 33 Seconds
Result Location:               /srv/www/htdocs/CV2/app/admin/scan_apk_version//results/AppInfo_2014-09-23-08-19-07.csv
**************************************************************
