Start processing app in list /home/Git-Apk/Updated_list from /home/Git-Apk/All_Apk  ......

============================================================================
1/4 Starting processing com.crimsonpine.stayinline-1.apk ......
Getting apk info from https://play.google.com/store/apps/details?id=com.crimsonpine.stayinline ......
Success to get info from Play Store
The lastest version of com.crimsonpine.stayinline-1.apk is  1.16  
Done processing com.crimsonpine.stayinline-1.apk
Time Spent:   0 Days 0 Hours 0 Minutes 3 Seconds

============================================================================
2/4 Starting processing com.duduapps.craigslistfree-1.apk ......
Getting apk info from https://play.google.com/store/apps/details?id=com.duduapps.craigslistfree ......
Success to get info from Play Store
The lastest version of com.duduapps.craigslistfree-1.apk is  1.62  
Done processing com.duduapps.craigslistfree-1.apk
Time Spent:   0 Days 0 Hours 0 Minutes 5 Seconds

============================================================================
3/4 Starting processing com.intsig.camscanner-1.apk ......
Getting apk info from https://play.google.com/store/apps/details?id=com.intsig.camscanner ......
Success to get info from Play Store
The lastest version of com.intsig.camscanner-1.apk is  3.4.0.20140624  
Done processing com.intsig.camscanner-1.apk
Time Spent:   0 Days 0 Hours 0 Minutes 7 Seconds

============================================================================
4/4 Starting processing com.pacificinteractive.HouseOfFun-1.apk ......
Getting apk info from https://play.google.com/store/apps/details?id=com.pacificinteractive.HouseOfFun ......
Success to get info from Play Store
The lastest version of com.pacificinteractive.HouseOfFun-1.apk is    Varies with device  
Done processing com.pacificinteractive.HouseOfFun-1.apk
Time Spent:   0 Days 0 Hours 0 Minutes 9 Seconds

============================================================================


**************************************************************
All Done
Total Time:   0 Days 0 Hours 0 Minutes 9 Seconds
Result Location:               /srv/www/htdocs/CV2/app/admin/scan_apk_version//results/AppInfo_2014-07-01-12-51-55.csv
**************************************************************
