Start processing app in list /share/Git-Apk/Updated_list from /share/Git-Apk/All_Apk  ......

============================================================================
1/2 Starting processing air.com.ea.game.monopolyslots_na-1.apk ......
Getting apk info from https://play.google.com/store/apps/details?id=air.com.ea.game.monopolyslots_na ......
Success to get info from Play Store
The lastest version of air.com.ea.game.monopolyslots_na-1.apk is  3.0.21  
Done processing air.com.ea.game.monopolyslots_na-1.apk
Time Spent:   0 Days 0 Hours 0 Minutes 4 Seconds

============================================================================
2/2 Starting processing com.williamsinteractive.jackpotparty-1.apk ......
Getting apk info from https://play.google.com/store/apps/details?id=com.williamsinteractive.jackpotparty ......
Success to get info from Play Store
The lastest version of com.williamsinteractive.jackpotparty-1.apk is  1.20  
Done processing com.williamsinteractive.jackpotparty-1.apk
Time Spent:   0 Days 0 Hours 0 Minutes 8 Seconds

============================================================================


**************************************************************
All Done
Total Time:   0 Days 0 Hours 0 Minutes 8 Seconds
Result Location:               /srv/www/htdocs/CV2/app/admin/scan_apk_version//results/AppInfo_2014-02-13-17-02-36.csv
**************************************************************
