Start processing app in list /share/Git-Apk/Updated_list from /share/Git-Apk/All_Apk  ......

============================================================================
1/2 Starting processing com.square_enix.android_googleplay.FFVI-1.apk ......
Getting apk info from https://play.google.com/store/apps/details?id=com.square_enix.android_googleplay.FFVI ......
Success to get info from Play Store
The lastest version of com.square_enix.android_googleplay.FFVI-1.apk is  1.0.5  
Done processing com.square_enix.android_googleplay.FFVI-1.apk
Time Spent:   0 Days 0 Hours 0 Minutes 3 Seconds

============================================================================
2/2 Starting processing com.square_enix.android_googleplay.finalfantasy2-1.apk ......
Getting apk info from https://play.google.com/store/apps/details?id=com.square_enix.android_googleplay.finalfantasy2 ......
Success to get info from Play Store
The lastest version of com.square_enix.android_googleplay.finalfantasy2-1.apk is  4.0  
Done processing com.square_enix.android_googleplay.finalfantasy2-1.apk
Time Spent:   0 Days 0 Hours 0 Minutes 5 Seconds

============================================================================


**************************************************************
All Done
Total Time:   0 Days 0 Hours 0 Minutes 5 Seconds
Result Location:               /var/www/CV2/app/admin/scan_apk_version//results/AppInfo_2014-05-13-09-33-08.csv
**************************************************************
