Start processing app in list /home/Git-Apk/Updated_list from /home/Git-Apk/All_Apk  ......

============================================================================
1/3 Starting processing com.opera.mini.android-1.apk ......
Getting apk info from https://play.google.com/store/apps/details?id=com.opera.mini.android ......
Success to get info from Play Store
The lastest version of com.opera.mini.android-1.apk is  7.6.2  
Done processing com.opera.mini.android-1.apk
Time Spent:   0 Days 0 Hours 0 Minutes 3 Seconds

============================================================================
2/3 Starting processing com.skype.raider-1.apk ......
Getting apk info from https://play.google.com/store/apps/details?id=com.skype.raider ......
Success to get info from Play Store
The lastest version of com.skype.raider-1.apk is    Varies with device  
Done processing com.skype.raider-1.apk
Time Spent:   0 Days 0 Hours 0 Minutes 7 Seconds

============================================================================
3/3 Starting processing tv.pps.mobile-1.apk ......
Getting apk info from https://play.google.com/store/apps/details?id=tv.pps.mobile ......
Success to get info from Play Store
The lastest version of tv.pps.mobile-1.apk is  3.5.1  
Done processing tv.pps.mobile-1.apk
Time Spent:   0 Days 0 Hours 0 Minutes 11 Seconds

============================================================================


**************************************************************
All Done
Total Time:   0 Days 0 Hours 0 Minutes 11 Seconds
Result Location:               /home/Git-Apk/code_resource/script_hooks/scan_apk/scan_apk_version/results/AppInfo_2014-11-25-13-48-14.csv
**************************************************************
