Start processing app in list /home/Git-Apk/Updated_list from /home/Git-Apk/All_Apk  ......

============================================================================
1/106 Starting processing air.au.com.metro.DumbWaysToDie-1.apk ......
Getting apk info from https://play.google.com/store/apps/details?id=air.au.com.metro.DumbWaysToDie ......
Success to get info from Play Store
The lastest version of air.au.com.metro.DumbWaysToDie-1.apk is    Varies with device  
Done processing air.au.com.metro.DumbWaysToDie-1.apk
Time Spent:   0 Days 0 Hours 0 Minutes 2 Seconds

============================================================================
2/106 Starting processing air.com.buffalo_studios.bingorush2-1.apk ......
Getting apk info from https://play.google.com/store/apps/details?id=air.com.buffalo_studios.bingorush2 ......
Success to get info from Play Store
The lastest version of air.com.buffalo_studios.bingorush2-1.apk is  2.16.1  
Done processing air.com.buffalo_studios.bingorush2-1.apk
Time Spent:   0 Days 0 Hours 0 Minutes 4 Seconds

============================================================================
3/106 Starting processing com.ImaginationUnlimited.instaframe-1.apk ......
Getting apk info from https://play.google.com/store/apps/details?id=com.ImaginationUnlimited.instaframe ......
Success to get info from Play Store
The lastest version of com.ImaginationUnlimited.instaframe-1.apk is  1.2.3  
Done processing com.ImaginationUnlimited.instaframe-1.apk
Time Spent:   0 Days 0 Hours 0 Minutes 6 Seconds

============================================================================
4/106 Starting processing com.ScnStudios.TrafficPoliceCarDriving-1.apk ......
Getting apk info from https://play.google.com/store/apps/details?id=com.ScnStudios.TrafficPoliceCarDriving ......
Success to get info from Play Store
The lastest version of com.ScnStudios.TrafficPoliceCarDriving-1.apk is  1.0.6  
Done processing com.ScnStudios.TrafficPoliceCarDriving-1.apk
Time Spent:   0 Days 0 Hours 0 Minutes 7 Seconds

============================================================================
5/106 Starting processing com.acmeaom.android.myradar-1.apk ......
Getting apk info from https://play.google.com/store/apps/details?id=com.acmeaom.android.myradar ......
Success to get info from Play Store
The lastest version of com.acmeaom.android.myradar-1.apk is    Varies with device  
Done processing com.acmeaom.android.myradar-1.apk
Time Spent:   0 Days 0 Hours 0 Minutes 9 Seconds

============================================================================
6/106 Starting processing com.actoz.mb-1.apk ......
Getting apk info from https://play.google.com/store/apps/details?id=com.actoz.mb ......
Success to get info from Play Store
The lastest version of com.actoz.mb-1.apk is  1.2.1  
Done processing com.actoz.mb-1.apk
Time Spent:   0 Days 0 Hours 0 Minutes 11 Seconds

============================================================================
7/106 Starting processing com.amazon.mp3-1.apk ......
Getting apk info from https://play.google.com/store/apps/details?id=com.amazon.mp3 ......
Success to get info from Play Store
The lastest version of com.amazon.mp3-1.apk is    Varies with device  
Done processing com.amazon.mp3-1.apk
Time Spent:   0 Days 0 Hours 0 Minutes 13 Seconds

============================================================================
8/106 Starting processing com.ansangha.drdriving-1.apk ......
Getting apk info from https://play.google.com/store/apps/details?id=com.ansangha.drdriving ......
Success to get info from Play Store
The lastest version of com.ansangha.drdriving-1.apk is  1.35  
Done processing com.ansangha.drdriving-1.apk
Time Spent:   0 Days 0 Hours 0 Minutes 15 Seconds

============================================================================
9/106 Starting processing com.appgame7.candyfrenzy-1.apk ......
Getting apk info from https://play.google.com/store/apps/details?id=com.appgame7.candyfrenzy ......
Success to get info from Play Store
The lastest version of com.appgame7.candyfrenzy-1.apk is  1.9.023  
Done processing com.appgame7.candyfrenzy-1.apk
Time Spent:   0 Days 0 Hours 0 Minutes 19 Seconds

============================================================================
10/106 Starting processing com.badoo.mobile-1.apk ......
Getting apk info from https://play.google.com/store/apps/details?id=com.badoo.mobile ......
Success to get info from Play Store
The lastest version of com.badoo.mobile-1.apk is    Varies with device  
Done processing com.badoo.mobile-1.apk
Time Spent:   0 Days 0 Hours 0 Minutes 22 Seconds

============================================================================
11/106 Starting processing com.bleacherreport.android.teamstream-1.apk ......
Getting apk info from https://play.google.com/store/apps/details?id=com.bleacherreport.android.teamstream ......
Success to get info from Play Store
The lastest version of com.bleacherreport.android.teamstream-1.apk is    Varies with device  
Done processing com.bleacherreport.android.teamstream-1.apk
Time Spent:   0 Days 0 Hours 0 Minutes 26 Seconds

============================================================================
12/106 Starting processing com.brokenscreen.crackscreen-1.apk ......
Getting apk info from https://play.google.com/store/apps/details?id=com.brokenscreen.crackscreen ......
Success to get info from Play Store
The lastest version of com.brokenscreen.crackscreen-1.apk is  7.0  
Done processing com.brokenscreen.crackscreen-1.apk
Time Spent:   0 Days 0 Hours 0 Minutes 29 Seconds

============================================================================
13/106 Starting processing com.calfordcn.gu-1.apk ......
Getting apk info from https://play.google.com/store/apps/details?id=com.calfordcn.gu ......
Success to get info from Play Store
The lastest version of com.calfordcn.gu-1.apk is  1.88  
Done processing com.calfordcn.gu-1.apk
Time Spent:   0 Days 0 Hours 0 Minutes 33 Seconds

============================================================================
14/106 Starting processing com.cardinalblue.piccollage.google-1.apk ......
Getting apk info from https://play.google.com/store/apps/details?id=com.cardinalblue.piccollage.google ......
Success to get info from Play Store
The lastest version of com.cardinalblue.piccollage.google-1.apk is    Varies with device  
Done processing com.cardinalblue.piccollage.google-1.apk
Time Spent:   0 Days 0 Hours 0 Minutes 37 Seconds

============================================================================
15/106 Starting processing com.clearchannel.iheartradio.controller-1.apk ......
Getting apk info from https://play.google.com/store/apps/details?id=com.clearchannel.iheartradio.controller ......
Success to get info from Play Store
The lastest version of com.clearchannel.iheartradio.controller-1.apk is    Varies with device  
Done processing com.clearchannel.iheartradio.controller-1.apk
Time Spent:   0 Days 0 Hours 0 Minutes 40 Seconds

============================================================================
16/106 Starting processing com.crazylabs.cheatingtomfull-1.apk ......
Getting apk info from https://play.google.com/store/apps/details?id=com.crazylabs.cheatingtomfull ......
Success to get info from Play Store
The lastest version of com.crazylabs.cheatingtomfull-1.apk is  1.0.6  
Done processing com.crazylabs.cheatingtomfull-1.apk
Time Spent:   0 Days 0 Hours 0 Minutes 44 Seconds

============================================================================
17/106 Starting processing com.d3p.mpq-1.apk ......
Getting apk info from https://play.google.com/store/apps/details?id=com.d3p.mpq ......
Success to get info from Play Store
The lastest version of com.d3p.mpq-1.apk is  59.229492  
Done processing com.d3p.mpq-1.apk
Time Spent:   0 Days 0 Hours 0 Minutes 47 Seconds

============================================================================
18/106 Starting processing com.degoo.android.makeupsalon-1.apk ......
Getting apk info from https://play.google.com/store/apps/details?id=com.degoo.android.makeupsalon ......
Success to get info from Play Store
The lastest version of com.degoo.android.makeupsalon-1.apk is  1.0.6  
Done processing com.degoo.android.makeupsalon-1.apk
Time Spent:   0 Days 0 Hours 0 Minutes 50 Seconds

============================================================================
19/106 Starting processing com.devuni.flashlight-1.apk ......
Getting apk info from https://play.google.com/store/apps/details?id=com.devuni.flashlight ......
Success to get info from Play Store
The lastest version of com.devuni.flashlight-1.apk is  5.1.1  
Done processing com.devuni.flashlight-1.apk
Time Spent:   0 Days 0 Hours 0 Minutes 53 Seconds

============================================================================
20/106 Starting processing com.dominospizza-1.apk ......
Getting apk info from https://play.google.com/store/apps/details?id=com.dominospizza ......
Success to get info from Play Store
The lastest version of com.dominospizza-1.apk is  2.2.0  
Done processing com.dominospizza-1.apk
Time Spent:   0 Days 0 Hours 0 Minutes 56 Seconds

============================================================================
21/106 Starting processing com.doubleugames.DoubleUCasino-1.apk ......
Getting apk info from https://play.google.com/store/apps/details?id=com.doubleugames.DoubleUCasino ......
Success to get info from Play Store
The lastest version of com.doubleugames.DoubleUCasino-1.apk is  2.8.0  
Done processing com.doubleugames.DoubleUCasino-1.apk
Time Spent:   0 Days 0 Hours 0 Minutes 59 Seconds

============================================================================
22/106 Starting processing com.droidhen.game.poker-1.apk ......
Getting apk info from https://play.google.com/store/apps/details?id=com.droidhen.game.poker ......
Success to get info from Play Store
The lastest version of com.droidhen.game.poker-1.apk is  1.7.3  
Done processing com.droidhen.game.poker-1.apk
Time Spent:   0 Days 0 Hours 1 Minutes 4 Seconds

============================================================================
23/106 Starting processing com.dropbox.android-1.apk ......
Getting apk info from https://play.google.com/store/apps/details?id=com.dropbox.android ......
Success to get info from Play Store
The lastest version of com.dropbox.android-1.apk is    Varies with device  
Done processing com.dropbox.android-1.apk
Time Spent:   0 Days 0 Hours 1 Minutes 7 Seconds

============================================================================
24/106 Starting processing com.duolingo-1.apk ......
Getting apk info from https://play.google.com/store/apps/details?id=com.duolingo ......
Success to get info from Play Store
The lastest version of com.duolingo-1.apk is    Varies with device  
Done processing com.duolingo-1.apk
Time Spent:   0 Days 0 Hours 1 Minutes 11 Seconds

============================================================================
25/106 Starting processing com.enflick.android.TextNow-1.apk ......
Getting apk info from https://play.google.com/store/apps/details?id=com.enflick.android.TextNow ......
Success to get info from Play Store
The lastest version of com.enflick.android.TextNow-1.apk is    Varies with device  
Done processing com.enflick.android.TextNow-1.apk
Time Spent:   0 Days 0 Hours 1 Minutes 15 Seconds

============================================================================
26/106 Starting processing com.espn.fantasy.lm.football-1.apk ......
Getting apk info from https://play.google.com/store/apps/details?id=com.espn.fantasy.lm.football ......
Success to get info from Play Store
The lastest version of com.espn.fantasy.lm.football-1.apk is  1.1.0  
Done processing com.espn.fantasy.lm.football-1.apk
Time Spent:   0 Days 0 Hours 1 Minutes 19 Seconds

============================================================================
27/106 Starting processing com.fdgentertainment.paperama-1.apk ......
Getting apk info from https://play.google.com/store/apps/details?id=com.fdgentertainment.paperama ......
Success to get info from Play Store
The lastest version of com.fdgentertainment.paperama-1.apk is  1.3.6  
Done processing com.fdgentertainment.paperama-1.apk
Time Spent:   0 Days 0 Hours 1 Minutes 23 Seconds

============================================================================
28/106 Starting processing com.feelingtouch.zombiex-1.apk ......
Getting apk info from https://play.google.com/store/apps/details?id=com.feelingtouch.zombiex ......
Success to get info from Play Store
The lastest version of com.feelingtouch.zombiex-1.apk is  2.2  
Done processing com.feelingtouch.zombiex-1.apk
Time Spent:   0 Days 0 Hours 1 Minutes 27 Seconds

============================================================================
29/106 Starting processing com.fingerdance.empire-1.apk ......
Getting apk info from https://play.google.com/store/apps/details?id=com.fingerdance.empire ......
Success to get info from Play Store
The lastest version of com.fingerdance.empire-1.apk is  1.0.4  
Done processing com.fingerdance.empire-1.apk
Time Spent:   0 Days 0 Hours 1 Minutes 30 Seconds

============================================================================
30/106 Starting processing com.fingersoft.benjibananasadventures-1.apk ......
Getting apk info from https://play.google.com/store/apps/details?id=com.fingersoft.benjibananasadventures ......
Success to get info from Play Store
The lastest version of com.fingersoft.benjibananasadventures-1.apk is  1.6  
Done processing com.fingersoft.benjibananasadventures-1.apk
Time Spent:   0 Days 0 Hours 1 Minutes 34 Seconds

============================================================================
31/106 Starting processing com.fitbit.FitbitMobile-1.apk ......
Getting apk info from https://play.google.com/store/apps/details?id=com.fitbit.FitbitMobile ......
Success to get info from Play Store
The lastest version of com.fitbit.FitbitMobile-1.apk is    Varies with device  
Done processing com.fitbit.FitbitMobile-1.apk
Time Spent:   0 Days 0 Hours 1 Minutes 38 Seconds

============================================================================
32/106 Starting processing com.gamestar.perfectpiano-1.apk ......
Getting apk info from https://play.google.com/store/apps/details?id=com.gamestar.perfectpiano ......
Success to get info from Play Store
The lastest version of com.gamestar.perfectpiano-1.apk is    Varies with device  
Done processing com.gamestar.perfectpiano-1.apk
Time Spent:   0 Days 0 Hours 1 Minutes 42 Seconds

============================================================================
33/106 Starting processing com.gamevil.kritikamobile.android.google.global.normal-1.apk ......
Getting apk info from https://play.google.com/store/apps/details?id=com.gamevil.kritikamobile.android.google.global.normal ......
Success to get info from Play Store
The lastest version of com.gamevil.kritikamobile.android.google.global.normal-1.apk is  2.3.1  
Done processing com.gamevil.kritikamobile.android.google.global.normal-1.apk
Time Spent:   0 Days 0 Hours 1 Minutes 46 Seconds

============================================================================
34/106 Starting processing com.ggee.vividruntime.gg_1666-1.apk ......
Getting apk info from https://play.google.com/store/apps/details?id=com.ggee.vividruntime.gg_1666 ......
Success to get info from Play Store
The lastest version of com.ggee.vividruntime.gg_1666-1.apk is  3.0.10  
Done processing com.ggee.vividruntime.gg_1666-1.apk
Time Spent:   0 Days 0 Hours 1 Minutes 50 Seconds

============================================================================
35/106 Starting processing com.gipnetix.escapeaction-1.apk ......
Getting apk info from https://play.google.com/store/apps/details?id=com.gipnetix.escapeaction ......
Success to get info from Play Store
The lastest version of com.gipnetix.escapeaction-1.apk is  1.4.4  
Done processing com.gipnetix.escapeaction-1.apk
Time Spent:   0 Days 0 Hours 1 Minutes 54 Seconds

============================================================================
36/106 Starting processing com.glu.dino-1.apk ......
Getting apk info from https://play.google.com/store/apps/details?id=com.glu.dino ......
Success to get info from Play Store
The lastest version of com.glu.dino-1.apk is  1.1.0  
Done processing com.glu.dino-1.apk
Time Spent:   0 Days 0 Hours 1 Minutes 58 Seconds

============================================================================
37/106 Starting processing com.google.android.apps.docs.editors.sheets-1.apk ......
Getting apk info from https://play.google.com/store/apps/details?id=com.google.android.apps.docs.editors.sheets ......
Success to get info from Play Store
The lastest version of com.google.android.apps.docs.editors.sheets-1.apk is    Varies with device  
Done processing com.google.android.apps.docs.editors.sheets-1.apk
Time Spent:   0 Days 0 Hours 2 Minutes 2 Seconds

============================================================================
38/106 Starting processing com.grillgames.guitarrockhero-1.apk ......
Getting apk info from https://play.google.com/store/apps/details?id=com.grillgames.guitarrockhero ......
Success to get info from Play Store
The lastest version of com.grillgames.guitarrockhero-1.apk is  1.0.6  
Done processing com.grillgames.guitarrockhero-1.apk
Time Spent:   0 Days 0 Hours 2 Minutes 6 Seconds

============================================================================
39/106 Starting processing com.groupme.android-1.apk ......
Getting apk info from https://play.google.com/store/apps/details?id=com.groupme.android ......
Success to get info from Play Store
The lastest version of com.groupme.android-1.apk is    Varies with device  
Done processing com.groupme.android-1.apk
Time Spent:   0 Days 0 Hours 2 Minutes 9 Seconds

============================================================================
40/106 Starting processing com.gsn.android.casino-1.apk ......
Getting apk info from https://play.google.com/store/apps/details?id=com.gsn.android.casino ......
Success to get info from Play Store
The lastest version of com.gsn.android.casino-1.apk is  3.8.0.88.47  
Done processing com.gsn.android.casino-1.apk
Time Spent:   0 Days 0 Hours 2 Minutes 13 Seconds

============================================================================
41/106 Starting processing com.hotornot.app-1.apk ......
Getting apk info from https://play.google.com/store/apps/details?id=com.hotornot.app ......
Success to get info from Play Store
The lastest version of com.hotornot.app-1.apk is    Varies with device  
Done processing com.hotornot.app-1.apk
Time Spent:   0 Days 0 Hours 2 Minutes 16 Seconds

============================================================================
42/106 Starting processing com.hulu.plus-1.apk ......
Getting apk info from https://play.google.com/store/apps/details?id=com.hulu.plus ......
Success to get info from Play Store
The lastest version of com.hulu.plus-1.apk is  2.15.0.201802  
Done processing com.hulu.plus-1.apk
Time Spent:   0 Days 0 Hours 2 Minutes 20 Seconds

============================================================================
43/106 Starting processing com.igg.bravetrials-1.apk ......
Getting apk info from https://play.google.com/store/apps/details?id=com.igg.bravetrials ......
Success to get info from Play Store
The lastest version of com.igg.bravetrials-1.apk is  1.0.1  
Done processing com.igg.bravetrials-1.apk
Time Spent:   0 Days 0 Hours 2 Minutes 25 Seconds

============================================================================
44/106 Starting processing com.instagram.android-1.apk ......
Getting apk info from https://play.google.com/store/apps/details?id=com.instagram.android ......
Success to get info from Play Store
The lastest version of com.instagram.android-1.apk is    Varies with device  
Done processing com.instagram.android-1.apk
Time Spent:   0 Days 0 Hours 2 Minutes 28 Seconds

============================================================================
45/106 Starting processing com.iugome.dawn-1.apk ......
Getting apk info from https://play.google.com/store/apps/details?id=com.iugome.dawn ......
Success to get info from Play Store
The lastest version of com.iugome.dawn-1.apk is    Varies with device  
Done processing com.iugome.dawn-1.apk
Time Spent:   0 Days 0 Hours 2 Minutes 32 Seconds

============================================================================
46/106 Starting processing com.iugome.lilknights-1.apk ......
Getting apk info from https://play.google.com/store/apps/details?id=com.iugome.lilknights ......
Success to get info from Play Store
The lastest version of com.iugome.lilknights-1.apk is    Varies with device  
Done processing com.iugome.lilknights-1.apk
Time Spent:   0 Days 0 Hours 2 Minutes 36 Seconds

============================================================================
47/106 Starting processing com.iwin.dond-1.apk ......
Getting apk info from https://play.google.com/store/apps/details?id=com.iwin.dond ......
Success to get info from Play Store
The lastest version of com.iwin.dond-1.apk is  1.10  
Done processing com.iwin.dond-1.apk
Time Spent:   0 Days 0 Hours 2 Minutes 39 Seconds

============================================================================
48/106 Starting processing com.jb.gokeyboard-1.apk ......
Getting apk info from https://play.google.com/store/apps/details?id=com.jb.gokeyboard ......
Success to get info from Play Store
The lastest version of com.jb.gokeyboard-1.apk is    Varies with device  
Done processing com.jb.gokeyboard-1.apk
Time Spent:   0 Days 0 Hours 2 Minutes 43 Seconds

============================================================================
49/106 Starting processing com.ksmobile.cb-1.apk ......
Getting apk info from https://play.google.com/store/apps/details?id=com.ksmobile.cb ......
Success to get info from Play Store
The lastest version of com.ksmobile.cb-1.apk is  5.0.62  
Done processing com.ksmobile.cb-1.apk
Time Spent:   0 Days 0 Hours 2 Minutes 47 Seconds

============================================================================
50/106 Starting processing com.lookout-1.apk ......
Getting apk info from https://play.google.com/store/apps/details?id=com.lookout ......
Success to get info from Play Store
The lastest version of com.lookout-1.apk is    Varies with device  
Done processing com.lookout-1.apk
Time Spent:   0 Days 0 Hours 2 Minutes 51 Seconds

============================================================================
51/106 Starting processing com.lucktastic.scratch-1.apk ......
Getting apk info from https://play.google.com/store/apps/details?id=com.lucktastic.scratch ......
Success to get info from Play Store
The lastest version of com.lucktastic.scratch-1.apk is  1.2.5  
Done processing com.lucktastic.scratch-1.apk
Time Spent:   0 Days 0 Hours 2 Minutes 54 Seconds

============================================================================
52/106 Starting processing com.lumoslabs.lumosity-1.apk ......
Getting apk info from https://play.google.com/store/apps/details?id=com.lumoslabs.lumosity ......
Success to get info from Play Store
The lastest version of com.lumoslabs.lumosity-1.apk is  1.0.169  
Done processing com.lumoslabs.lumosity-1.apk
Time Spent:   0 Days 0 Hours 2 Minutes 58 Seconds

============================================================================
53/106 Starting processing com.mapfactor.navigator-1.apk ......
Getting apk info from https://play.google.com/store/apps/details?id=com.mapfactor.navigator ......
Success to get info from Play Store
The lastest version of com.mapfactor.navigator-1.apk is  1.2.50  
Done processing com.mapfactor.navigator-1.apk
Time Spent:   0 Days 0 Hours 3 Minutes 2 Seconds

============================================================================
54/106 Starting processing com.mobage.ww.a1817.GhostRunner_Android-1.apk ......
Getting apk info from https://play.google.com/store/apps/details?id=com.mobage.ww.a1817.GhostRunner_Android ......
Success to get info from Play Store
The lastest version of com.mobage.ww.a1817.GhostRunner_Android-1.apk is  1.1.0  
Done processing com.mobage.ww.a1817.GhostRunner_Android-1.apk
Time Spent:   0 Days 0 Hours 3 Minutes 6 Seconds

============================================================================
55/106 Starting processing com.mobilityware.solitaire-1.apk ......
Getting apk info from https://play.google.com/store/apps/details?id=com.mobilityware.solitaire ......
Success to get info from Play Store
The lastest version of com.mobilityware.solitaire-1.apk is  3.1.0  
Done processing com.mobilityware.solitaire-1.apk
Time Spent:   0 Days 0 Hours 3 Minutes 9 Seconds

============================================================================
56/106 Starting processing com.mobilityware.spider-1.apk ......
Getting apk info from https://play.google.com/store/apps/details?id=com.mobilityware.spider ......
Success to get info from Play Store
The lastest version of com.mobilityware.spider-1.apk is  3.0.3  
Done processing com.mobilityware.spider-1.apk
Time Spent:   0 Days 0 Hours 3 Minutes 13 Seconds

============================================================================
57/106 Starting processing com.mobirix.playmaze-1.apk ......
Getting apk info from https://play.google.com/store/apps/details?id=com.mobirix.playmaze ......
Success to get info from Play Store
The lastest version of com.mobirix.playmaze-1.apk is  1.1.1  
Done processing com.mobirix.playmaze-1.apk
Time Spent:   0 Days 0 Hours 3 Minutes 17 Seconds

============================================================================
58/106 Starting processing com.move.realtor-1.apk ......
Getting apk info from https://play.google.com/store/apps/details?id=com.move.realtor ......
Success to get info from Play Store
The lastest version of com.move.realtor-1.apk is    Varies with device  
Done processing com.move.realtor-1.apk
Time Spent:   0 Days 0 Hours 3 Minutes 20 Seconds

============================================================================
59/106 Starting processing com.natenai.glowhockey2-1.apk ......
Getting apk info from https://play.google.com/store/apps/details?id=com.natenai.glowhockey2 ......
Success to get info from Play Store
The lastest version of com.natenai.glowhockey2-1.apk is  1.0.5  
Done processing com.natenai.glowhockey2-1.apk
Time Spent:   0 Days 0 Hours 3 Minutes 24 Seconds

============================================================================
60/106 Starting processing com.nekki.shadowfight-1.apk ......
Getting apk info from https://play.google.com/store/apps/details?id=com.nekki.shadowfight ......
Success to get info from Play Store
The lastest version of com.nekki.shadowfight-1.apk is  1.7.1  
Done processing com.nekki.shadowfight-1.apk
Time Spent:   0 Days 0 Hours 3 Minutes 28 Seconds

============================================================================
61/106 Starting processing com.ninjakiwi.bloonstdbattles-1.apk ......
Getting apk info from https://play.google.com/store/apps/details?id=com.ninjakiwi.bloonstdbattles ......
Success to get info from Play Store
The lastest version of com.ninjakiwi.bloonstdbattles-1.apk is  2.0.1  
Done processing com.ninjakiwi.bloonstdbattles-1.apk
Time Spent:   0 Days 0 Hours 3 Minutes 31 Seconds

============================================================================
62/106 Starting processing com.numbthumb.nolimit-1.apk ......
Getting apk info from https://play.google.com/store/apps/details?id=com.numbthumb.nolimit ......
Success to get info from Play Store
The lastest version of com.numbthumb.nolimit-1.apk is  1.19  
Done processing com.numbthumb.nolimit-1.apk
Time Spent:   0 Days 0 Hours 3 Minutes 35 Seconds

============================================================================
63/106 Starting processing com.omgpop.dstfree-1.apk ......
Getting apk info from https://play.google.com/store/apps/details?id=com.omgpop.dstfree ......
Success to get info from Play Store
The lastest version of com.omgpop.dstfree-1.apk is  2.333.226  
Done processing com.omgpop.dstfree-1.apk
Time Spent:   0 Days 0 Hours 3 Minutes 38 Seconds

============================================================================
64/106 Starting processing com.pinger.textfree-1.apk ......
Getting apk info from https://play.google.com/store/apps/details?id=com.pinger.textfree ......
Success to get info from Play Store
The lastest version of com.pinger.textfree-1.apk is    Varies with device  
Done processing com.pinger.textfree-1.apk
Time Spent:   0 Days 0 Hours 3 Minutes 41 Seconds

============================================================================
65/106 Starting processing com.purplekiwii.mb-1.apk ......
Getting apk info from https://play.google.com/store/apps/details?id=com.purplekiwii.mb ......
Success to get info from Play Store
The lastest version of com.purplekiwii.mb-1.apk is  1.0.53  
Done processing com.purplekiwii.mb-1.apk
Time Spent:   0 Days 0 Hours 3 Minutes 44 Seconds

============================================================================
66/106 Starting processing com.rebelvox.voxer-1.apk ......
Getting apk info from https://play.google.com/store/apps/details?id=com.rebelvox.voxer ......
Success to get info from Play Store
The lastest version of com.rebelvox.voxer-1.apk is  1.9.0.0017  
Done processing com.rebelvox.voxer-1.apk
Time Spent:   0 Days 0 Hours 3 Minutes 47 Seconds

============================================================================
67/106 Starting processing com.redbox.android.activity-1.apk ......
Getting apk info from https://play.google.com/store/apps/details?id=com.redbox.android.activity ......
Success to get info from Play Store
The lastest version of com.redbox.android.activity-1.apk is  4.7  
Done processing com.redbox.android.activity-1.apk
Time Spent:   0 Days 0 Hours 3 Minutes 51 Seconds

============================================================================
68/106 Starting processing com.roblox.client-1.apk ......
Getting apk info from https://play.google.com/store/apps/details?id=com.roblox.client ......
Success to get info from Play Store
The lastest version of com.roblox.client-1.apk is  2.164.50577.1  
Done processing com.roblox.client-1.apk
Time Spent:   0 Days 0 Hours 3 Minutes 54 Seconds

============================================================================
69/106 Starting processing com.scoompa.collagemaker-1.apk ......
Getting apk info from https://play.google.com/store/apps/details?id=com.scoompa.collagemaker ......
Success to get info from Play Store
The lastest version of com.scoompa.collagemaker-1.apk is    Varies with device  
Done processing com.scoompa.collagemaker-1.apk
Time Spent:   0 Days 0 Hours 3 Minutes 59 Seconds

============================================================================
70/106 Starting processing com.sega.sonicdash-1.apk ......
Getting apk info from https://play.google.com/store/apps/details?id=com.sega.sonicdash ......
Success to get info from Play Store
The lastest version of com.sega.sonicdash-1.apk is  1.14.2.Go  
Done processing com.sega.sonicdash-1.apk
Time Spent:   0 Days 0 Hours 4 Minutes 2 Seconds

============================================================================
71/106 Starting processing com.sgn.pandapop.gp-1.apk ......
Getting apk info from https://play.google.com/store/apps/details?id=com.sgn.pandapop.gp ......
Success to get info from Play Store
The lastest version of com.sgn.pandapop.gp-1.apk is  2.0.2  
Done processing com.sgn.pandapop.gp-1.apk
Time Spent:   0 Days 0 Hours 4 Minutes 6 Seconds

============================================================================
72/106 Starting processing com.skout.android-1.apk ......
Getting apk info from https://play.google.com/store/apps/details?id=com.skout.android ......
Success to get info from Play Store
The lastest version of com.skout.android-1.apk is    Varies with device  
Done processing com.skout.android-1.apk
Time Spent:   0 Days 0 Hours 4 Minutes 10 Seconds

============================================================================
73/106 Starting processing com.soundcloud.android-1.apk ......
Getting apk info from https://play.google.com/store/apps/details?id=com.soundcloud.android ......
Success to get info from Play Store
The lastest version of com.soundcloud.android-1.apk is    Varies with device  
Done processing com.soundcloud.android-1.apk
Time Spent:   0 Days 0 Hours 4 Minutes 13 Seconds

============================================================================
74/106 Starting processing com.spacegame.dessert-1.apk ......
Getting apk info from https://play.google.com/store/apps/details?id=com.spacegame.dessert ......
Success to get info from Play Store
The lastest version of com.spacegame.dessert-1.apk is  1.4  
Done processing com.spacegame.dessert-1.apk
Time Spent:   0 Days 0 Hours 4 Minutes 17 Seconds

============================================================================
75/106 Starting processing com.sparklingsociety.cityislandairport2-1.apk ......
Getting apk info from https://play.google.com/store/apps/details?id=com.sparklingsociety.cityislandairport2 ......
Success to get info from Play Store
The lastest version of com.sparklingsociety.cityislandairport2-1.apk is  1.1.1  
Done processing com.sparklingsociety.cityislandairport2-1.apk
Time Spent:   0 Days 0 Hours 4 Minutes 21 Seconds

============================================================================
76/106 Starting processing com.squareup-1.apk ......
Getting apk info from https://play.google.com/store/apps/details?id=com.squareup ......
Success to get info from Play Store
The lastest version of com.squareup-1.apk is    Varies with device  
Done processing com.squareup-1.apk
Time Spent:   0 Days 0 Hours 4 Minutes 24 Seconds

============================================================================
77/106 Starting processing com.symantec.mobilesecurity-1.apk ......
Getting apk info from https://play.google.com/store/apps/details?id=com.symantec.mobilesecurity ......
Success to get info from Play Store
The lastest version of com.symantec.mobilesecurity-1.apk is  3.8.8.1727  
Done processing com.symantec.mobilesecurity-1.apk
Time Spent:   0 Days 0 Hours 4 Minutes 29 Seconds

============================================================================
78/106 Starting processing com.tap4fun.kings_empire-1.apk ......
Getting apk info from https://play.google.com/store/apps/details?id=com.tap4fun.kings_empire ......
Success to get info from Play Store
The lastest version of com.tap4fun.kings_empire-1.apk is  1.8.4  
Done processing com.tap4fun.kings_empire-1.apk
Time Spent:   0 Days 0 Hours 4 Minutes 32 Seconds

============================================================================
79/106 Starting processing com.target.ui-1.apk ......
Getting apk info from https://play.google.com/store/apps/details?id=com.target.ui ......
Success to get info from Play Store
The lastest version of com.target.ui-1.apk is    Varies with device  
Done processing com.target.ui-1.apk
Time Spent:   0 Days 0 Hours 4 Minutes 36 Seconds

============================================================================
80/106 Starting processing com.teamlava.farmthree-1.apk ......
Getting apk info from https://play.google.com/store/apps/details?id=com.teamlava.farmthree ......
Success to get info from Play Store
The lastest version of com.teamlava.farmthree-1.apk is  1.7.3.8g  
Done processing com.teamlava.farmthree-1.apk
Time Spent:   0 Days 0 Hours 4 Minutes 40 Seconds

============================================================================
81/106 Starting processing com.telltalegames.walkingdead200-1.apk ......
Getting apk info from https://play.google.com/store/apps/details?id=com.telltalegames.walkingdead200 ......
Success to get info from Play Store
The lastest version of com.telltalegames.walkingdead200-1.apk is    Varies with device  
Done processing com.telltalegames.walkingdead200-1.apk
Time Spent:   0 Days 0 Hours 4 Minutes 44 Seconds

============================================================================
82/106 Starting processing com.textmeinc.textme-1.apk ......
Getting apk info from https://play.google.com/store/apps/details?id=com.textmeinc.textme ......
Success to get info from Play Store
The lastest version of com.textmeinc.textme-1.apk is    Varies with device  
Done processing com.textmeinc.textme-1.apk
Time Spent:   0 Days 0 Hours 4 Minutes 48 Seconds

============================================================================
83/106 Starting processing com.timehop-1.apk ......
Getting apk info from https://play.google.com/store/apps/details?id=com.timehop ......
Success to get info from Play Store
The lastest version of com.timehop-1.apk is  1.3.30  
Done processing com.timehop-1.apk
Time Spent:   0 Days 0 Hours 4 Minutes 51 Seconds

============================================================================
84/106 Starting processing com.topfreegames.bikeracefreeworld-1.apk ......
Getting apk info from https://play.google.com/store/apps/details?id=com.topfreegames.bikeracefreeworld ......
Success to get info from Play Store
The lastest version of com.topfreegames.bikeracefreeworld-1.apk is  4.0  
Done processing com.topfreegames.bikeracefreeworld-1.apk
Time Spent:   0 Days 0 Hours 4 Minutes 55 Seconds

============================================================================
85/106 Starting processing com.twodoor.hurry-1.apk ......
Getting apk info from https://play.google.com/store/apps/details?id=com.twodoor.hurry ......
Success to get info from Play Store
The lastest version of com.twodoor.hurry-1.apk is  1.3.2  
Done processing com.twodoor.hurry-1.apk
Time Spent:   0 Days 0 Hours 4 Minutes 58 Seconds

============================================================================
86/106 Starting processing com.ubisoft.redlynx.trialsfrontier.ggp-1.apk ......
Getting apk info from https://play.google.com/store/apps/details?id=com.ubisoft.redlynx.trialsfrontier.ggp ......
Success to get info from Play Store
The lastest version of com.ubisoft.redlynx.trialsfrontier.ggp-1.apk is  2.0.2  
Done processing com.ubisoft.redlynx.trialsfrontier.ggp-1.apk
Time Spent:   0 Days 0 Hours 5 Minutes 3 Seconds

============================================================================
87/106 Starting processing com.usablenet.mobile.walgreen-1.apk ......
Getting apk info from https://play.google.com/store/apps/details?id=com.usablenet.mobile.walgreen ......
Success to get info from Play Store
The lastest version of com.usablenet.mobile.walgreen-1.apk is    Varies with device  
Done processing com.usablenet.mobile.walgreen-1.apk
Time Spent:   0 Days 0 Hours 5 Minutes 7 Seconds

============================================================================
88/106 Starting processing com.wb.goog.batman.brawler2013-1.apk ......
Getting apk info from https://play.google.com/store/apps/details?id=com.wb.goog.batman.brawler2013 ......
Success to get info from Play Store
The lastest version of com.wb.goog.batman.brawler2013-1.apk is    Varies with device  
Done processing com.wb.goog.batman.brawler2013-1.apk
Time Spent:   0 Days 0 Hours 5 Minutes 11 Seconds

============================================================================
89/106 Starting processing com.wjp.zombie-1.apk ......
Getting apk info from https://play.google.com/store/apps/details?id=com.wjp.zombie ......
Success to get info from Play Store
The lastest version of com.wjp.zombie-1.apk is    Varies with device  
Done processing com.wjp.zombie-1.apk
Time Spent:   0 Days 0 Hours 5 Minutes 14 Seconds

============================================================================
90/106 Starting processing com.wlwx.ma_explore-1.apk ......
Getting apk info from https://play.google.com/store/apps/details?id=com.wlwx.ma_explore ......
Success to get info from Play Store
The lastest version of com.wlwx.ma_explore-1.apk is  0.9.6  
Done processing com.wlwx.ma_explore-1.apk
Time Spent:   0 Days 0 Hours 5 Minutes 18 Seconds

============================================================================
91/106 Starting processing com.wooga.diamonddash-1.apk ......
Getting apk info from https://play.google.com/store/apps/details?id=com.wooga.diamonddash ......
Success to get info from Play Store
The lastest version of com.wooga.diamonddash-1.apk is    Varies with device  
Done processing com.wooga.diamonddash-1.apk
Time Spent:   0 Days 0 Hours 5 Minutes 21 Seconds

============================================================================
92/106 Starting processing com.yahoo.mobile.client.android.im-1.apk ......
Getting apk info from https://play.google.com/store/apps/details?id=com.yahoo.mobile.client.android.im ......
Success to get info from Play Store
The lastest version of com.yahoo.mobile.client.android.im-1.apk is  1.8.7  
Done processing com.yahoo.mobile.client.android.im-1.apk
Time Spent:   0 Days 0 Hours 5 Minutes 25 Seconds

============================================================================
93/106 Starting processing com.zeptolab.ctr2.f2p.google-1.apk ......
Getting apk info from https://play.google.com/store/apps/details?id=com.zeptolab.ctr2.f2p.google ......
Success to get info from Play Store
The lastest version of com.zeptolab.ctr2.f2p.google-1.apk is    Varies with device  
Done processing com.zeptolab.ctr2.f2p.google-1.apk
Time Spent:   0 Days 0 Hours 5 Minutes 29 Seconds

============================================================================
94/106 Starting processing com.zoosk.zoosk-1.apk ......
Getting apk info from https://play.google.com/store/apps/details?id=com.zoosk.zoosk ......
Success to get info from Play Store
The lastest version of com.zoosk.zoosk-1.apk is    Varies with device  
Done processing com.zoosk.zoosk-1.apk
Time Spent:   0 Days 0 Hours 5 Minutes 33 Seconds

============================================================================
95/106 Starting processing com.zynga.livepoker-1.apk ......
Getting apk info from https://play.google.com/store/apps/details?id=com.zynga.livepoker ......
Success to get info from Play Store
The lastest version of com.zynga.livepoker-1.apk is    Varies with device  
Done processing com.zynga.livepoker-1.apk
Time Spent:   0 Days 0 Hours 5 Minutes 37 Seconds

============================================================================
96/106 Starting processing gbis.gbandroid-1.apk ......
Getting apk info from https://play.google.com/store/apps/details?id=gbis.gbandroid ......
Success to get info from Play Store
The lastest version of gbis.gbandroid-1.apk is    Varies with device  
Done processing gbis.gbandroid-1.apk
Time Spent:   0 Days 0 Hours 5 Minutes 40 Seconds

============================================================================
97/106 Starting processing laser.pointer.laser.simulator.laserpointersimulator.laser-1.apk ......
Getting apk info from https://play.google.com/store/apps/details?id=laser.pointer.laser.simulator.laserpointersimulator.laser ......
Success to get info from Play Store
The lastest version of laser.pointer.laser.simulator.laserpointersimulator.laser-1.apk is  1.7  
Done processing laser.pointer.laser.simulator.laserpointersimulator.laser-1.apk
Time Spent:   0 Days 0 Hours 5 Minutes 44 Seconds

============================================================================
98/106 Starting processing logos.quiz.companies.game-1.apk ......
Getting apk info from https://play.google.com/store/apps/details?id=logos.quiz.companies.game ......
Success to get info from Play Store
The lastest version of logos.quiz.companies.game-1.apk is  15.7  
Done processing logos.quiz.companies.game-1.apk
Time Spent:   0 Days 0 Hours 5 Minutes 48 Seconds

============================================================================
99/106 Starting processing me.pou.app-1.apk ......
Getting apk info from https://play.google.com/store/apps/details?id=me.pou.app ......
Success to get info from Play Store
The lastest version of me.pou.app-1.apk is  1.4.54  
Done processing me.pou.app-1.apk
Time Spent:   0 Days 0 Hours 5 Minutes 51 Seconds

============================================================================
100/106 Starting processing mindware.mindgames-1.apk ......
Getting apk info from https://play.google.com/store/apps/details?id=mindware.mindgames ......
Success to get info from Play Store
The lastest version of mindware.mindgames-1.apk is  1.8.5  
Done processing mindware.mindgames-1.apk
Time Spent:   0 Days 0 Hours 5 Minutes 56 Seconds

============================================================================
101/106 Starting processing net.ReferyGames.FCT-1.apk ......
Getting apk info from https://play.google.com/store/apps/details?id=net.ReferyGames.FCT ......
Success to get info from Play Store
The lastest version of net.ReferyGames.FCT-1.apk is  1.5.0  
Done processing net.ReferyGames.FCT-1.apk
Time Spent:   0 Days 0 Hours 5 Minutes 59 Seconds

============================================================================
102/106 Starting processing org.pbskids.video-1.apk ......
Getting apk info from https://play.google.com/store/apps/details?id=org.pbskids.video ......
Success to get info from Play Store
The lastest version of org.pbskids.video-1.apk is  1.0.2  
Done processing org.pbskids.video-1.apk
Time Spent:   0 Days 0 Hours 6 Minutes 4 Seconds

============================================================================
103/106 Starting processing ru.crazybit.experiment-1.apk ......
Getting apk info from https://play.google.com/store/apps/details?id=ru.crazybit.experiment ......
Success to get info from Play Store
The lastest version of ru.crazybit.experiment-1.apk is  2.162  
Done processing ru.crazybit.experiment-1.apk
Time Spent:   0 Days 0 Hours 6 Minutes 7 Seconds

============================================================================
104/106 Starting processing uk.co.aifactory.chessfree-1.apk ......
Getting apk info from https://play.google.com/store/apps/details?id=uk.co.aifactory.chessfree ......
Success to get info from Play Store
The lastest version of uk.co.aifactory.chessfree-1.apk is  2.11  
Done processing uk.co.aifactory.chessfree-1.apk
Time Spent:   0 Days 0 Hours 6 Minutes 11 Seconds

============================================================================
105/106 Starting processing uk.co.aifactory.spadesfree-1.apk ......
Getting apk info from https://play.google.com/store/apps/details?id=uk.co.aifactory.spadesfree ......
Success to get info from Play Store
The lastest version of uk.co.aifactory.spadesfree-1.apk is  1.401  
Done processing uk.co.aifactory.spadesfree-1.apk
Time Spent:   0 Days 0 Hours 6 Minutes 16 Seconds

============================================================================
106/106 Starting processing wp.wattpad-1.apk ......
Getting apk info from https://play.google.com/store/apps/details?id=wp.wattpad ......
Success to get info from Play Store
The lastest version of wp.wattpad-1.apk is    Varies with device  
Done processing wp.wattpad-1.apk
Time Spent:   0 Days 0 Hours 6 Minutes 19 Seconds

============================================================================


**************************************************************
All Done
Total Time:   0 Days 0 Hours 6 Minutes 19 Seconds
Result Location:               /srv/www/htdocs/CV2/app/admin/scan_apk_version//results/AppInfo_2014-08-23-23-03-57.csv
**************************************************************
