Start processing app in list /home/Git-Apk/Updated_list from /home/Git-Apk/All_Apk  ......

============================================================================
1/11 Starting processing com.blovestorm-1.apk ......
Getting apk info from https://play.google.com/store/apps/details?id=com.blovestorm ......
Success to get info from Play Store
The lastest version of com.blovestorm-1.apk is  5.3.10  
Done processing com.blovestorm-1.apk
Time Spent:   0 Days 0 Hours 0 Minutes 7 Seconds

============================================================================
2/11 Starting processing com.elex.ram-1.apk ......
Getting apk info from https://play.google.com/store/apps/details?id=com.elex.ram ......
Success to get info from Play Store
The lastest version of com.elex.ram-1.apk is  4.5.0  
Done processing com.elex.ram-1.apk
Time Spent:   0 Days 0 Hours 0 Minutes 15 Seconds

============================================================================
3/11 Starting processing com.lightricks.facetune-1.apk ......
Getting apk info from https://play.google.com/store/apps/details?id=com.lightricks.facetune ......
Success to get info from Play Store
The lastest version of com.lightricks.facetune-1.apk is  1.0.9  
Done processing com.lightricks.facetune-1.apk
Time Spent:   0 Days 0 Hours 0 Minutes 21 Seconds

============================================================================
4/11 Starting processing com.midasplayer.apps.bubblewitch-1.apk ......
Getting apk info from https://play.google.com/store/apps/details?id=com.midasplayer.apps.bubblewitch ......
Success to get info from Play Store
The lastest version of com.midasplayer.apps.bubblewitch-1.apk is  3.1.11  
Done processing com.midasplayer.apps.bubblewitch-1.apk
Time Spent:   0 Days 0 Hours 0 Minutes 29 Seconds

============================================================================
5/11 Starting processing com.netease.rz.wdj-1.apk ......
Getting apk info from https://play.google.com/store/apps/details?id=com.netease.rz.wdj ......
[ERROR] : Cannot find info of com.netease.rz.wdj-1.apk on https://play.google.com/store/apps/details?id=com.netease.rz.wdj !!!
Done processing com.netease.rz.wdj-1.apk
Time Spent:   0 Days 0 Hours 0 Minutes 30 Seconds

============================================================================
6/11 Starting processing com.realdrift.sipon-1.apk ......
Getting apk info from https://play.google.com/store/apps/details?id=com.realdrift.sipon ......
Success to get info from Play Store
The lastest version of com.realdrift.sipon-1.apk is  2.3  
Done processing com.realdrift.sipon-1.apk
Time Spent:   0 Days 0 Hours 0 Minutes 36 Seconds

============================================================================
7/11 Starting processing com.snda.wifilocating-1.apk ......
Getting apk info from https://play.google.com/store/apps/details?id=com.snda.wifilocating ......
[ERROR] : Cannot find info of com.snda.wifilocating-1.apk on https://play.google.com/store/apps/details?id=com.snda.wifilocating !!!
Done processing com.snda.wifilocating-1.apk
Time Spent:   0 Days 0 Hours 0 Minutes 37 Seconds

============================================================================
8/11 Starting processing com.tap4fun.galaxyempire2_android-1.apk ......
Getting apk info from https://play.google.com/store/apps/details?id=com.tap4fun.galaxyempire2_android ......
Success to get info from Play Store
The lastest version of com.tap4fun.galaxyempire2_android-1.apk is  1.4.2  
Done processing com.tap4fun.galaxyempire2_android-1.apk
Time Spent:   0 Days 0 Hours 0 Minutes 47 Seconds

============================================================================
9/11 Starting processing com.youdao.dict-1.apk ......
Getting apk info from https://play.google.com/store/apps/details?id=com.youdao.dict ......
Success to get info from Play Store
The lastest version of com.youdao.dict-1.apk is  5.1.3  
Done processing com.youdao.dict-1.apk
Time Spent:   0 Days 0 Hours 0 Minutes 52 Seconds

============================================================================
10/11 Starting processing com.yx-1.apk ......
Getting apk info from https://play.google.com/store/apps/details?id=com.yx ......
Success to get info from Play Store
The lastest version of com.yx-1.apk is  2.22.0  
Done processing com.yx-1.apk
Time Spent:   0 Days 0 Hours 1 Minutes 0 Seconds

============================================================================
11/11 Starting processing jp.co.applibot.legend.android-1.apk ......
Getting apk info from https://play.google.com/store/apps/details?id=jp.co.applibot.legend.android ......
Success to get info from Play Store
The lastest version of jp.co.applibot.legend.android-1.apk is  8.0  
Done processing jp.co.applibot.legend.android-1.apk
Time Spent:   0 Days 0 Hours 1 Minutes 8 Seconds

============================================================================


**************************************************************
All Done
Total Time:   0 Days 0 Hours 1 Minutes 8 Seconds
Result Location:               /srv/www/htdocs/CV2/app/admin/scan_apk_version//results/AppInfo_2014-09-19-16-08-04.csv
**************************************************************
