Start processing app in list /home/Git-Apk/Updated_list from /home/Git-Apk/All_Apk  ......

============================================================================
1/8 Starting processing au.com.shiftyjelly.pocketcasts-1.apk ......
Getting apk info from https://play.google.com/store/apps/details?id=au.com.shiftyjelly.pocketcasts ......
Success to get info from Play Store
The lastest version of au.com.shiftyjelly.pocketcasts-1.apk is  4.7.1  
Done processing au.com.shiftyjelly.pocketcasts-1.apk
Time Spent:   0 Days 0 Hours 0 Minutes 2 Seconds

============================================================================
2/8 Starting processing com.daysofwonder.tt.android-1.apk ......
Getting apk info from https://play.google.com/store/apps/details?id=com.daysofwonder.tt.android ......
Success to get info from Play Store
The lastest version of com.daysofwonder.tt.android-1.apk is  1.6.3-511-88f7b351  
Done processing com.daysofwonder.tt.android-1.apk
Time Spent:   0 Days 0 Hours 0 Minutes 3 Seconds

============================================================================
3/8 Starting processing com.emulator.fpse-1.apk ......
Getting apk info from https://play.google.com/store/apps/details?id=com.emulator.fpse ......
Success to get info from Play Store
The lastest version of com.emulator.fpse-1.apk is  0.11.138  
Done processing com.emulator.fpse-1.apk
Time Spent:   0 Days 0 Hours 0 Minutes 5 Seconds

============================================================================
4/8 Starting processing com.mindblocks.blocks-1.apk ......
Getting apk info from https://play.google.com/store/apps/details?id=com.mindblocks.blocks ......
Success to get info from Play Store
The lastest version of com.mindblocks.blocks-1.apk is  9.1  
Done processing com.mindblocks.blocks-1.apk
Time Spent:   0 Days 0 Hours 0 Minutes 7 Seconds

============================================================================
5/8 Starting processing com.sigames.fmh2014-1.apk ......
Getting apk info from https://play.google.com/store/apps/details?id=com.sigames.fmh2014 ......
Success to get info from Play Store
The lastest version of com.sigames.fmh2014-1.apk is  9.1  
Done processing com.sigames.fmh2014-1.apk
Time Spent:   0 Days 0 Hours 0 Minutes 7 Seconds

============================================================================
6/8 Starting processing com.snkplaymore.android009-1.apk ......
Getting apk info from https://play.google.com/store/apps/details?id=com.snkplaymore.android009 ......
Success to get info from Play Store
The lastest version of com.snkplaymore.android009-1.apk is  1.2.0  
Done processing com.snkplaymore.android009-1.apk
Time Spent:   0 Days 0 Hours 0 Minutes 9 Seconds

============================================================================
7/8 Starting processing com.square_enix.android_googleplay.FFIV_GP-1.apk ......
Getting apk info from https://play.google.com/store/apps/details?id=com.square_enix.android_googleplay.FFIV_GP ......
Success to get info from Play Store
The lastest version of com.square_enix.android_googleplay.FFIV_GP-1.apk is  1.3.1  
Done processing com.square_enix.android_googleplay.FFIV_GP-1.apk
Time Spent:   0 Days 0 Hours 0 Minutes 10 Seconds

============================================================================
8/8 Starting processing com.zenstudios.MarvelPinball-1.apk ......
Getting apk info from https://play.google.com/store/apps/details?id=com.zenstudios.MarvelPinball ......
Success to get info from Play Store
The lastest version of com.zenstudios.MarvelPinball-1.apk is  1.2.1  
Done processing com.zenstudios.MarvelPinball-1.apk
Time Spent:   0 Days 0 Hours 0 Minutes 12 Seconds

============================================================================


**************************************************************
All Done
Total Time:   0 Days 0 Hours 0 Minutes 12 Seconds
Result Location:               /srv/www/htdocs/CV2/app/admin/scan_apk_version//results/AppInfo_2014-07-31-16-18-10.csv
**************************************************************
