Start processing app in list /home/Git-Apk/Updated_list from /home/Git-Apk/All_Apk  ......

============================================================================
1/5 Starting processing com.bushiroad.bushidora-1.apk ......
Getting apk info from https://play.google.com/store/apps/details?id=com.bushiroad.bushidora ......
Success to get info from Play Store
The lastest version of com.bushiroad.bushidora-1.apk is  2.11  
Done processing com.bushiroad.bushidora-1.apk
Time Spent:   0 Days 0 Hours 0 Minutes 2 Seconds

============================================================================
2/5 Starting processing com.eightyeightgames.tenmillion-1.apk ......
Getting apk info from https://play.google.com/store/apps/details?id=com.eightyeightgames.tenmillion ......
Success to get info from Play Store
The lastest version of com.eightyeightgames.tenmillion-1.apk is  1.6.0  
Done processing com.eightyeightgames.tenmillion-1.apk
Time Spent:   0 Days 0 Hours 0 Minutes 6 Seconds

============================================================================
3/5 Starting processing com.tencent.qqlive-1.apk ......
Getting apk info from https://play.google.com/store/apps/details?id=com.tencent.qqlive ......
Success to get info from Play Store
The lastest version of com.tencent.qqlive-1.apk is  3.7.1.6106  
Done processing com.tencent.qqlive-1.apk
Time Spent:   0 Days 0 Hours 0 Minutes 11 Seconds

============================================================================
4/5 Starting processing jp.co.beeworks.mushroomDX-1.apk ......
Getting apk info from https://play.google.com/store/apps/details?id=jp.co.beeworks.mushroomDX ......
Success to get info from Play Store
The lastest version of jp.co.beeworks.mushroomDX-1.apk is  1.21.0  
Done processing jp.co.beeworks.mushroomDX-1.apk
Time Spent:   0 Days 0 Hours 0 Minutes 15 Seconds

============================================================================
5/5 Starting processing jp.naver.SJLGWR-1.apk ......
Getting apk info from https://play.google.com/store/apps/details?id=jp.naver.SJLGWR ......
Success to get info from Play Store
The lastest version of jp.naver.SJLGWR-1.apk is  3.1.0  
Done processing jp.naver.SJLGWR-1.apk
Time Spent:   0 Days 0 Hours 0 Minutes 19 Seconds

============================================================================


**************************************************************
All Done
Total Time:   0 Days 0 Hours 0 Minutes 19 Seconds
Result Location:               /home/Git-Apk/code_resource/script_hooks/scan_apk/scan_apk_version/results/AppInfo_2014-11-17-11-30-24.csv
**************************************************************
