Start processing app in list /share/Git-Apk/Updated_list from /share/Git-Apk/All_Apk  ......

============================================================================
1/4 Starting processing air.com.hitf.crazysquares-1.apk ......
Getting apk info from https://play.google.com/store/apps/details?id=air.com.hitf.crazysquares ......
Success to get info from Play Store
The lastest version of air.com.hitf.crazysquares-1.apk is  2.0.4  
Done processing air.com.hitf.crazysquares-1.apk
Time Spent:   0 Days 0 Hours 0 Minutes 3 Seconds

============================================================================
2/4 Starting processing com.kabam.fortress-1.apk ......
Getting apk info from https://play.google.com/store/apps/details?id=com.kabam.fortress ......
Success to get info from Play Store
The lastest version of com.kabam.fortress-1.apk is    Varies with device  
Done processing com.kabam.fortress-1.apk
Time Spent:   0 Days 0 Hours 0 Minutes 8 Seconds

============================================================================
3/4 Starting processing com.legend.dragon-1.apk ......
Getting apk info from https://play.google.com/store/apps/details?id=com.legend.dragon ......
Success to get info from Play Store
The lastest version of com.legend.dragon-1.apk is  3.5.0  
Done processing com.legend.dragon-1.apk
Time Spent:   0 Days 0 Hours 0 Minutes 12 Seconds

============================================================================
4/4 Starting processing com.mobage.ww.a1431.Puzzles_Android-1.apk ......
Getting apk info from https://play.google.com/store/apps/details?id=com.mobage.ww.a1431.Puzzles_Android ......
Success to get info from Play Store
The lastest version of com.mobage.ww.a1431.Puzzles_Android-1.apk is  1.11.3.3.2  
Done processing com.mobage.ww.a1431.Puzzles_Android-1.apk
Time Spent:   0 Days 0 Hours 0 Minutes 17 Seconds

============================================================================


**************************************************************
All Done
Total Time:   0 Days 0 Hours 0 Minutes 17 Seconds
Result Location:               /srv/www/htdocs/CV2/app/admin/scan_apk_version//results/AppInfo_2014-03-11-09-29-52.csv
**************************************************************
