Start processing app in list /home/Git-Apk/Updated_list from /home/Git-Apk/All_Apk  ......

============================================================================
1/25 Starting processing air.com.goda.games.closeupcharacter-1.apk ......
Getting apk info from https://play.google.com/store/apps/details?id=air.com.goda.games.closeupcharacter ......
Success to get info from Play Store
The lastest version of air.com.goda.games.closeupcharacter-1.apk is  1.1.2  
Done processing air.com.goda.games.closeupcharacter-1.apk
Time Spent:   0 Days 0 Hours 0 Minutes 2 Seconds

============================================================================
2/25 Starting processing com.NRG.PathToLuma-1.apk ......
Getting apk info from https://play.google.com/store/apps/details?id=com.NRG.PathToLuma ......
Success to get info from Play Store
The lastest version of com.NRG.PathToLuma-1.apk is  0.1.967  
Done processing com.NRG.PathToLuma-1.apk
Time Spent:   0 Days 0 Hours 0 Minutes 4 Seconds

============================================================================
3/25 Starting processing com.Studio17.drawriderplus-1.apk ......
Getting apk info from https://play.google.com/store/apps/details?id=com.Studio17.drawriderplus ......
Success to get info from Play Store
The lastest version of com.Studio17.drawriderplus-1.apk is  6.1.2  
Done processing com.Studio17.drawriderplus-1.apk
Time Spent:   0 Days 0 Hours 0 Minutes 6 Seconds

============================================================================
4/25 Starting processing com.androvidpro-1.apk ......
Getting apk info from https://play.google.com/store/apps/details?id=com.androvidpro ......
Success to get info from Play Store
The lastest version of com.androvidpro-1.apk is  2.7.0  
Done processing com.androvidpro-1.apk
Time Spent:   0 Days 0 Hours 0 Minutes 8 Seconds

============================================================================
5/25 Starting processing com.aryuthere.visionplus-1.apk ......
Getting apk info from https://play.google.com/store/apps/details?id=com.aryuthere.visionplus ......
Success to get info from Play Store
The lastest version of com.aryuthere.visionplus-1.apk is  2.6.3  
Done processing com.aryuthere.visionplus-1.apk
Time Spent:   0 Days 0 Hours 0 Minutes 9 Seconds

============================================================================
6/25 Starting processing com.boltgames.cookiesmash-1.apk ......
Getting apk info from https://play.google.com/store/apps/details?id=com.boltgames.cookiesmash ......
Success to get info from Play Store
The lastest version of com.boltgames.cookiesmash-1.apk is  4.5.2  
Done processing com.boltgames.cookiesmash-1.apk
Time Spent:   0 Days 0 Hours 0 Minutes 11 Seconds

============================================================================
7/25 Starting processing com.cleanmaster.mguard-1.apk ......
Getting apk info from https://play.google.com/store/apps/details?id=com.cleanmaster.mguard ......
Success to get info from Play Store
The lastest version of com.cleanmaster.mguard-1.apk is    Varies with device  
Done processing com.cleanmaster.mguard-1.apk
Time Spent:   0 Days 0 Hours 0 Minutes 14 Seconds

============================================================================
8/25 Starting processing com.ea.game.pvz2_na-1.apk ......
Getting apk info from https://play.google.com/store/apps/details?id=com.ea.game.pvz2_na ......
Success to get info from Play Store
The lastest version of com.ea.game.pvz2_na-1.apk is  4.2.1  
Done processing com.ea.game.pvz2_na-1.apk
Time Spent:   0 Days 0 Hours 0 Minutes 16 Seconds

============================================================================
9/25 Starting processing com.glu.deerhunt16-1.apk ......
Getting apk info from https://play.google.com/store/apps/details?id=com.glu.deerhunt16 ......
Success to get info from Play Store
The lastest version of com.glu.deerhunt16-1.apk is  1.2.1  
Done processing com.glu.deerhunt16-1.apk
Time Spent:   0 Days 0 Hours 0 Minutes 18 Seconds

============================================================================
10/25 Starting processing com.glu.stardomkim-1.apk ......
Getting apk info from https://play.google.com/store/apps/details?id=com.glu.stardomkim ......
Success to get info from Play Store
The lastest version of com.glu.stardomkim-1.apk is  4.3.0  
Done processing com.glu.stardomkim-1.apk
Time Spent:   0 Days 0 Hours 0 Minutes 20 Seconds

============================================================================
11/25 Starting processing com.google.android.apps.gmoney-1.apk ......
Getting apk info from https://play.google.com/store/apps/details?id=com.google.android.apps.gmoney ......
Success to get info from Play Store
The lastest version of com.google.android.apps.gmoney-1.apk is  11.0-R234-v13  
Done processing com.google.android.apps.gmoney-1.apk
Time Spent:   0 Days 0 Hours 0 Minutes 22 Seconds

============================================================================
12/25 Starting processing com.intellijoy.abc.trains-1.apk ......
Getting apk info from https://play.google.com/store/apps/details?id=com.intellijoy.abc.trains ......
Success to get info from Play Store
The lastest version of com.intellijoy.abc.trains-1.apk is  1.6.3  
Done processing com.intellijoy.abc.trains-1.apk
Time Spent:   0 Days 0 Hours 0 Minutes 24 Seconds

============================================================================
13/25 Starting processing com.limasky.doodlejumpdc-1.apk ......
Getting apk info from https://play.google.com/store/apps/details?id=com.limasky.doodlejumpdc ......
Success to get info from Play Store
The lastest version of com.limasky.doodlejumpdc-1.apk is  1.4.0  
Done processing com.limasky.doodlejumpdc-1.apk
Time Spent:   0 Days 0 Hours 0 Minutes 26 Seconds

============================================================================
14/25 Starting processing com.midasplayer.apps.bubblewitchsaga2-1.apk ......
Getting apk info from https://play.google.com/store/apps/details?id=com.midasplayer.apps.bubblewitchsaga2 ......
Success to get info from Play Store
The lastest version of com.midasplayer.apps.bubblewitchsaga2-1.apk is 
Done processing com.midasplayer.apps.bubblewitchsaga2-1.apk
Time Spent:   0 Days 0 Hours 0 Minutes 28 Seconds

============================================================================
15/25 Starting processing com.my.might.glory.fantasy.strategy-1.apk ......
Getting apk info from https://play.google.com/store/apps/details?id=com.my.might.glory.fantasy.strategy ......
Success to get info from Play Store
The lastest version of com.my.might.glory.fantasy.strategy-1.apk is  1.0.5  
Done processing com.my.might.glory.fantasy.strategy-1.apk
Time Spent:   0 Days 0 Hours 0 Minutes 30 Seconds

============================================================================
16/25 Starting processing com.piksoft.turboscan-1.apk ......
Getting apk info from https://play.google.com/store/apps/details?id=com.piksoft.turboscan ......
Success to get info from Play Store
The lastest version of com.piksoft.turboscan-1.apk is  1.2.7  
Done processing com.piksoft.turboscan-1.apk
Time Spent:   0 Days 0 Hours 0 Minutes 33 Seconds

============================================================================
17/25 Starting processing com.productmadness.hovmobile-1.apk ......
Getting apk info from https://play.google.com/store/apps/details?id=com.productmadness.hovmobile ......
Success to get info from Play Store
The lastest version of com.productmadness.hovmobile-1.apk is  2.7.44  
Done processing com.productmadness.hovmobile-1.apk
Time Spent:   0 Days 0 Hours 0 Minutes 34 Seconds

============================================================================
18/25 Starting processing com.smule.magicpiano-1.apk ......
Getting apk info from https://play.google.com/store/apps/details?id=com.smule.magicpiano ......
Success to get info from Play Store
The lastest version of com.smule.magicpiano-1.apk is  2.3.6  
Done processing com.smule.magicpiano-1.apk
Time Spent:   0 Days 0 Hours 0 Minutes 36 Seconds

============================================================================
19/25 Starting processing com.spacegame.mania.solitaire-1.apk ......
Getting apk info from https://play.google.com/store/apps/details?id=com.spacegame.mania.solitaire ......
Success to get info from Play Store
The lastest version of com.spacegame.mania.solitaire-1.apk is  2.1.2  
Done processing com.spacegame.mania.solitaire-1.apk
Time Spent:   0 Days 0 Hours 0 Minutes 38 Seconds

============================================================================
20/25 Starting processing com.tabtale.poolpartyvip-1.apk ......
Getting apk info from https://play.google.com/store/apps/details?id=com.tabtale.poolpartyvip ......
Success to get info from Play Store
The lastest version of com.tabtale.poolpartyvip-1.apk is  1.0.2  
Done processing com.tabtale.poolpartyvip-1.apk
Time Spent:   0 Days 0 Hours 0 Minutes 41 Seconds

============================================================================
21/25 Starting processing com.tencent.Alice-1.apk ......
Getting apk info from https://play.google.com/store/apps/details?id=com.tencent.Alice ......
[ERROR] : Cannot find info of com.tencent.Alice-1.apk on https://play.google.com/store/apps/details?id=com.tencent.Alice !!!
Done processing com.tencent.Alice-1.apk
Time Spent:   0 Days 0 Hours 0 Minutes 43 Seconds

============================================================================
22/25 Starting processing com.tinyco.familyguy-1.apk ......
Getting apk info from https://play.google.com/store/apps/details?id=com.tinyco.familyguy ......
Success to get info from Play Store
The lastest version of com.tinyco.familyguy-1.apk is 
Done processing com.tinyco.familyguy-1.apk
Time Spent:   0 Days 0 Hours 0 Minutes 45 Seconds

============================================================================
23/25 Starting processing com.turner.cnvideoapp-1.apk ......
Getting apk info from https://play.google.com/store/apps/details?id=com.turner.cnvideoapp ......
Success to get info from Play Store
The lastest version of com.turner.cnvideoapp-1.apk is  3.1.20151001  
Done processing com.turner.cnvideoapp-1.apk
Time Spent:   0 Days 0 Hours 0 Minutes 49 Seconds

============================================================================
24/25 Starting processing hu.appcoder.solitaire-1.apk ......
Getting apk info from https://play.google.com/store/apps/details?id=hu.appcoder.solitaire ......
Success to get info from Play Store
The lastest version of hu.appcoder.solitaire-1.apk is  2.4.0  
Done processing hu.appcoder.solitaire-1.apk
Time Spent:   0 Days 0 Hours 0 Minutes 52 Seconds

============================================================================
25/25 Starting processing kr.co.tictocplus-1.apk ......
Getting apk info from https://play.google.com/store/apps/details?id=kr.co.tictocplus ......
Success to get info from Play Store
The lastest version of kr.co.tictocplus-1.apk is  4.0.13  
Done processing kr.co.tictocplus-1.apk
Time Spent:   0 Days 0 Hours 0 Minutes 53 Seconds

============================================================================


**************************************************************
All Done
Total Time:   0 Days 0 Hours 0 Minutes 53 Seconds
Result Location:               /home/Git-Apk/code_resource/script_hooks/scan_apk/scan_apk_version/results/AppInfo_2015-11-25-23-22-15.csv
**************************************************************
