Start processing app in list /home/Git-Apk/Updated_list from /home/Git-Apk/All_Apk  ......

============================================================================
1/115 Starting processing air.com.bigfishgames.fairwayrevengegooguniversalf2p-1.apk ......
Getting apk info from https://play.google.com/store/apps/details?id=air.com.bigfishgames.fairwayrevengegooguniversalf2p ......
Success to get info from Play Store
The lastest version of air.com.bigfishgames.fairwayrevengegooguniversalf2p-1.apk is  1.8.21  
Done processing air.com.bigfishgames.fairwayrevengegooguniversalf2p-1.apk
Time Spent:   0 Days 0 Hours 0 Minutes 4 Seconds

============================================================================
2/115 Starting processing air.com.buffalo_studios.newflashbingo-1.apk ......
Getting apk info from https://play.google.com/store/apps/details?id=air.com.buffalo_studios.newflashbingo ......
Success to get info from Play Store
The lastest version of air.com.buffalo_studios.newflashbingo-1.apk is  3.16.0  
Done processing air.com.buffalo_studios.newflashbingo-1.apk
Time Spent:   0 Days 0 Hours 0 Minutes 8 Seconds

============================================================================
3/115 Starting processing air.com.pearsoned.poptropica-1.apk ......
Getting apk info from https://play.google.com/store/apps/details?id=air.com.pearsoned.poptropica ......
Success to get info from Play Store
The lastest version of air.com.pearsoned.poptropica-1.apk is  2.13.12  
Done processing air.com.pearsoned.poptropica-1.apk
Time Spent:   0 Days 0 Hours 0 Minutes 11 Seconds

============================================================================
4/115 Starting processing air.com.tutotoons.app.babycare2-1.apk ......
Getting apk info from https://play.google.com/store/apps/details?id=air.com.tutotoons.app.babycare2 ......
Success to get info from Play Store
The lastest version of air.com.tutotoons.app.babycare2-1.apk is  1.2.2  
Done processing air.com.tutotoons.app.babycare2-1.apk
Time Spent:   0 Days 0 Hours 0 Minutes 16 Seconds

============================================================================
5/115 Starting processing air.com.tutotoons.app.babyhouse-1.apk ......
Getting apk info from https://play.google.com/store/apps/details?id=air.com.tutotoons.app.babyhouse ......
Success to get info from Play Store
The lastest version of air.com.tutotoons.app.babyhouse-1.apk is  2.2.3  
Done processing air.com.tutotoons.app.babyhouse-1.apk
Time Spent:   0 Days 0 Hours 0 Minutes 20 Seconds

============================================================================
6/115 Starting processing air.com.tutotoons.app.newbornbabycare-1.apk ......
Getting apk info from https://play.google.com/store/apps/details?id=air.com.tutotoons.app.newbornbabycare ......
Success to get info from Play Store
The lastest version of air.com.tutotoons.app.newbornbabycare-1.apk is  1.3.3  
Done processing air.com.tutotoons.app.newbornbabycare-1.apk
Time Spent:   0 Days 0 Hours 0 Minutes 23 Seconds

============================================================================
7/115 Starting processing air.com.tutotoons.app.sweetbabygirlcleanup3-1.apk ......
Getting apk info from https://play.google.com/store/apps/details?id=air.com.tutotoons.app.sweetbabygirlcleanup3 ......
Success to get info from Play Store
The lastest version of air.com.tutotoons.app.sweetbabygirlcleanup3-1.apk is  1.2.5  
Done processing air.com.tutotoons.app.sweetbabygirlcleanup3-1.apk
Time Spent:   0 Days 0 Hours 0 Minutes 27 Seconds

============================================================================
8/115 Starting processing com.Manse.PropHunt-1.apk ......
Getting apk info from https://play.google.com/store/apps/details?id=com.Manse.PropHunt ......
Success to get info from Play Store
The lastest version of com.Manse.PropHunt-1.apk is  1.025b  
Done processing com.Manse.PropHunt-1.apk
Time Spent:   0 Days 0 Hours 0 Minutes 30 Seconds

============================================================================
9/115 Starting processing com.RetrostyleGames.SpiritRun-1.apk ......
Getting apk info from https://play.google.com/store/apps/details?id=com.RetrostyleGames.SpiritRun ......
Success to get info from Play Store
The lastest version of com.RetrostyleGames.SpiritRun-1.apk is  1.307  
Done processing com.RetrostyleGames.SpiritRun-1.apk
Time Spent:   0 Days 0 Hours 0 Minutes 32 Seconds

============================================================================
10/115 Starting processing com.TinyLabProductions.FunKidRacing-1.apk ......
Getting apk info from https://play.google.com/store/apps/details?id=com.TinyLabProductions.FunKidRacing ......
Success to get info from Play Store
The lastest version of com.TinyLabProductions.FunKidRacing-1.apk is 
Done processing com.TinyLabProductions.FunKidRacing-1.apk
Time Spent:   0 Days 0 Hours 0 Minutes 36 Seconds

============================================================================
11/115 Starting processing com.abto.glownails-1.apk ......
Getting apk info from https://play.google.com/store/apps/details?id=com.abto.glownails ......
Success to get info from Play Store
The lastest version of com.abto.glownails-1.apk is  3.0  
Done processing com.abto.glownails-1.apk
Time Spent:   0 Days 0 Hours 0 Minutes 40 Seconds

============================================================================
12/115 Starting processing com.aim.multiplayer-1.apk ......
Getting apk info from https://play.google.com/store/apps/details?id=com.aim.multiplayer ......
Success to get info from Play Store
The lastest version of com.aim.multiplayer-1.apk is 
Done processing com.aim.multiplayer-1.apk
Time Spent:   0 Days 0 Hours 0 Minutes 45 Seconds

============================================================================
13/115 Starting processing com.aim.rallyhum-1.apk ......
Getting apk info from https://play.google.com/store/apps/details?id=com.aim.rallyhum ......
Success to get info from Play Store
The lastest version of com.aim.rallyhum-1.apk is 
Done processing com.aim.rallyhum-1.apk
Time Spent:   0 Days 0 Hours 0 Minutes 49 Seconds

============================================================================
14/115 Starting processing com.backflipstudios.android.dragonvale-1.apk ......
Getting apk info from https://play.google.com/store/apps/details?id=com.backflipstudios.android.dragonvale ......
Success to get info from Play Store
The lastest version of com.backflipstudios.android.dragonvale-1.apk is  3.1.1  
Done processing com.backflipstudios.android.dragonvale-1.apk
Time Spent:   0 Days 0 Hours 0 Minutes 53 Seconds

============================================================================
15/115 Starting processing com.backflipstudios.android.gijoe-1.apk ......
Getting apk info from https://play.google.com/store/apps/details?id=com.backflipstudios.android.gijoe ......
Success to get info from Play Store
The lastest version of com.backflipstudios.android.gijoe-1.apk is  1.0.6  
Done processing com.backflipstudios.android.gijoe-1.apk
Time Spent:   0 Days 0 Hours 0 Minutes 56 Seconds

============================================================================
16/115 Starting processing com.bandainamcogames.namcoarcade-1.apk ......
Getting apk info from https://play.google.com/store/apps/details?id=com.bandainamcogames.namcoarcade ......
Success to get info from Play Store
The lastest version of com.bandainamcogames.namcoarcade-1.apk is  1.1.0  
Done processing com.bandainamcogames.namcoarcade-1.apk
Time Spent:   0 Days 0 Hours 1 Minutes 0 Seconds

============================================================================
17/115 Starting processing com.bhvr.homejam-1.apk ......
Getting apk info from https://play.google.com/store/apps/details?id=com.bhvr.homejam ......
Success to get info from Play Store
The lastest version of com.bhvr.homejam-1.apk is  2.1.2  
Done processing com.bhvr.homejam-1.apk
Time Spent:   0 Days 0 Hours 1 Minutes 2 Seconds

============================================================================
18/115 Starting processing com.blockycars.online-1.apk ......
Getting apk info from https://play.google.com/store/apps/details?id=com.blockycars.online ......
Success to get info from Play Store
The lastest version of com.blockycars.online-1.apk is  2.5.6  
Done processing com.blockycars.online-1.apk
Time Spent:   0 Days 0 Hours 1 Minutes 6 Seconds

============================================================================
19/115 Starting processing com.boombit.Spider-1.apk ......
Getting apk info from https://play.google.com/store/apps/details?id=com.boombit.Spider ......
Success to get info from Play Store
The lastest version of com.boombit.Spider-1.apk is  1.1  
Done processing com.boombit.Spider-1.apk
Time Spent:   0 Days 0 Hours 1 Minutes 8 Seconds

============================================================================
20/115 Starting processing com.brainium.sudoku.free-1.apk ......
Getting apk info from https://play.google.com/store/apps/details?id=com.brainium.sudoku.free ......
Success to get info from Play Store
The lastest version of com.brainium.sudoku.free-1.apk is  2.3.6  
Done processing com.brainium.sudoku.free-1.apk
Time Spent:   0 Days 0 Hours 1 Minutes 12 Seconds

============================================================================
21/115 Starting processing com.bungieinc.bungiemobile-1.apk ......
Getting apk info from https://play.google.com/store/apps/details?id=com.bungieinc.bungiemobile ......
Success to get info from Play Store
The lastest version of com.bungieinc.bungiemobile-1.apk is 
Done processing com.bungieinc.bungiemobile-1.apk
Time Spent:   0 Days 0 Hours 1 Minutes 15 Seconds

============================================================================
22/115 Starting processing com.cervomedia.spw-1.apk ......
Getting apk info from https://play.google.com/store/apps/details?id=com.cervomedia.spw ......
Success to get info from Play Store
The lastest version of com.cervomedia.spw-1.apk is  5.11.0  
Done processing com.cervomedia.spw-1.apk
Time Spent:   0 Days 0 Hours 1 Minutes 18 Seconds

============================================================================
23/115 Starting processing com.com2us.acefishing.normal.freefull.google.global.android.common-1.apk ......
Getting apk info from https://play.google.com/store/apps/details?id=com.com2us.acefishing.normal.freefull.google.global.android.common ......
Success to get info from Play Store
The lastest version of com.com2us.acefishing.normal.freefull.google.global.android.common-1.apk is  2.0.5  
Done processing com.com2us.acefishing.normal.freefull.google.global.android.common-1.apk
Time Spent:   0 Days 0 Hours 1 Minutes 23 Seconds

============================================================================
24/115 Starting processing com.concretesoftware.pbachallenge_androidmarket-1.apk ......
Getting apk info from https://play.google.com/store/apps/details?id=com.concretesoftware.pbachallenge_androidmarket ......
Success to get info from Play Store
The lastest version of com.concretesoftware.pbachallenge_androidmarket-1.apk is  2.4.0  
Done processing com.concretesoftware.pbachallenge_androidmarket-1.apk
Time Spent:   0 Days 0 Hours 1 Minutes 27 Seconds

============================================================================
25/115 Starting processing com.degoo.android.icecreammaker-1.apk ......
Getting apk info from https://play.google.com/store/apps/details?id=com.degoo.android.icecreammaker ......
Success to get info from Play Store
The lastest version of com.degoo.android.icecreammaker-1.apk is  1.1.10  
Done processing com.degoo.android.icecreammaker-1.apk
Time Spent:   0 Days 0 Hours 1 Minutes 32 Seconds

============================================================================
26/115 Starting processing com.degoo.android.maternitydoctor2-1.apk ......
Getting apk info from https://play.google.com/store/apps/details?id=com.degoo.android.maternitydoctor2 ......
Success to get info from Play Store
The lastest version of com.degoo.android.maternitydoctor2-1.apk is  1.0.9  
Done processing com.degoo.android.maternitydoctor2-1.apk
Time Spent:   0 Days 0 Hours 1 Minutes 36 Seconds

============================================================================
27/115 Starting processing com.djinnworks.StickmanBasketball-1.apk ......
Getting apk info from https://play.google.com/store/apps/details?id=com.djinnworks.StickmanBasketball ......
Success to get info from Play Store
The lastest version of com.djinnworks.StickmanBasketball-1.apk is  1.5  
Done processing com.djinnworks.StickmanBasketball-1.apk
Time Spent:   0 Days 0 Hours 1 Minutes 38 Seconds

============================================================================
28/115 Starting processing com.dobsoftstudios.gunfustickman2-1.apk ......
Getting apk info from https://play.google.com/store/apps/details?id=com.dobsoftstudios.gunfustickman2 ......
Success to get info from Play Store
The lastest version of com.dobsoftstudios.gunfustickman2-1.apk is  1.4.0  
Done processing com.dobsoftstudios.gunfustickman2-1.apk
Time Spent:   0 Days 0 Hours 1 Minutes 41 Seconds

============================================================================
29/115 Starting processing com.fast.motorcycle.driver-1.apk ......
Getting apk info from https://play.google.com/store/apps/details?id=com.fast.motorcycle.driver ......
Success to get info from Play Store
The lastest version of com.fast.motorcycle.driver-1.apk is  3.0  
Done processing com.fast.motorcycle.driver-1.apk
Time Spent:   0 Days 0 Hours 1 Minutes 43 Seconds

============================================================================
30/115 Starting processing com.fdgentertainment.paperama-1.apk ......
Getting apk info from https://play.google.com/store/apps/details?id=com.fdgentertainment.paperama ......
Success to get info from Play Store
The lastest version of com.fdgentertainment.paperama-1.apk is  1.5.3  
Done processing com.fdgentertainment.paperama-1.apk
Time Spent:   0 Days 0 Hours 1 Minutes 46 Seconds

============================================================================
31/115 Starting processing com.feelingtouch.gnz.realistic-1.apk ......
Getting apk info from https://play.google.com/store/apps/details?id=com.feelingtouch.gnz.realistic ......
Success to get info from Play Store
The lastest version of com.feelingtouch.gnz.realistic-1.apk is  1.22  
Done processing com.feelingtouch.gnz.realistic-1.apk
Time Spent:   0 Days 0 Hours 1 Minutes 50 Seconds

============================================================================
32/115 Starting processing com.gamegou.PerfectKick.google-1.apk ......
Getting apk info from https://play.google.com/store/apps/details?id=com.gamegou.PerfectKick.google ......
Success to get info from Play Store
The lastest version of com.gamegou.PerfectKick.google-1.apk is  1.5.5  
Done processing com.gamegou.PerfectKick.google-1.apk
Time Spent:   0 Days 0 Hours 1 Minutes 52 Seconds

============================================================================
33/115 Starting processing com.gameloft.android.ANMP.GloftDOHM-1.apk ......
Getting apk info from https://play.google.com/store/apps/details?id=com.gameloft.android.ANMP.GloftDOHM ......
Success to get info from Play Store
The lastest version of com.gameloft.android.ANMP.GloftDOHM-1.apk is  1.4.1a  
Done processing com.gameloft.android.ANMP.GloftDOHM-1.apk
Time Spent:   0 Days 0 Hours 1 Minutes 54 Seconds

============================================================================
34/115 Starting processing com.gameloft.android.ANMP.GloftGGHM-1.apk ......
Getting apk info from https://play.google.com/store/apps/details?id=com.gameloft.android.ANMP.GloftGGHM ......
Success to get info from Play Store
The lastest version of com.gameloft.android.ANMP.GloftGGHM-1.apk is  2.0.1b  
Done processing com.gameloft.android.ANMP.GloftGGHM-1.apk
Time Spent:   0 Days 0 Hours 1 Minutes 57 Seconds

============================================================================
35/115 Starting processing com.gameloft.android.ANMP.GloftIVHM-1.apk ......
Getting apk info from https://play.google.com/store/apps/details?id=com.gameloft.android.ANMP.GloftIVHM ......
Success to get info from Play Store
The lastest version of com.gameloft.android.ANMP.GloftIVHM-1.apk is  1.7.1a  
Done processing com.gameloft.android.ANMP.GloftIVHM-1.apk
Time Spent:   0 Days 0 Hours 2 Minutes 1 Seconds

============================================================================
36/115 Starting processing com.gameresort.sz2google-1.apk ......
Getting apk info from https://play.google.com/store/apps/details?id=com.gameresort.sz2google ......
Success to get info from Play Store
The lastest version of com.gameresort.sz2google-1.apk is  1.3.5  
Done processing com.gameresort.sz2google-1.apk
Time Spent:   0 Days 0 Hours 2 Minutes 4 Seconds

============================================================================
37/115 Starting processing com.gamevilusa.mlbpi15.android.google.global.normal-1.apk ......
Getting apk info from https://play.google.com/store/apps/details?id=com.gamevilusa.mlbpi15.android.google.global.normal ......
Success to get info from Play Store
The lastest version of com.gamevilusa.mlbpi15.android.google.global.normal-1.apk is  3.1.0  
Done processing com.gamevilusa.mlbpi15.android.google.global.normal-1.apk
Time Spent:   0 Days 0 Hours 2 Minutes 8 Seconds

============================================================================
38/115 Starting processing com.gsn.android.casino-1.apk ......
Getting apk info from https://play.google.com/store/apps/details?id=com.gsn.android.casino ......
Success to get info from Play Store
The lastest version of com.gsn.android.casino-1.apk is  3.16.1  
Done processing com.gsn.android.casino-1.apk
Time Spent:   0 Days 0 Hours 2 Minutes 11 Seconds

============================================================================
39/115 Starting processing com.gtarcade.loa.ph-1.apk ......
Getting apk info from https://play.google.com/store/apps/details?id=com.gtarcade.loa.ph ......
Success to get info from Play Store
The lastest version of com.gtarcade.loa.ph-1.apk is  1.9.22.7  
Done processing com.gtarcade.loa.ph-1.apk
Time Spent:   0 Days 0 Hours 2 Minutes 14 Seconds

============================================================================
40/115 Starting processing com.hammerhead.furious7-1.apk ......
Getting apk info from https://play.google.com/store/apps/details?id=com.hammerhead.furious7 ......
Success to get info from Play Store
The lastest version of com.hammerhead.furious7-1.apk is  5.5  
Done processing com.hammerhead.furious7-1.apk
Time Spent:   0 Days 0 Hours 2 Minutes 17 Seconds

============================================================================
41/115 Starting processing com.happymeal.mcplay-1.apk ......
Getting apk info from https://play.google.com/store/apps/details?id=com.happymeal.mcplay ......
Success to get info from Play Store
The lastest version of com.happymeal.mcplay-1.apk is  2.24.0  
Done processing com.happymeal.mcplay-1.apk
Time Spent:   0 Days 0 Hours 2 Minutes 21 Seconds

============================================================================
42/115 Starting processing com.happyuniverse.pub.zjdg-1.apk ......
Getting apk info from https://play.google.com/store/apps/details?id=com.happyuniverse.pub.zjdg ......
Success to get info from Play Store
The lastest version of com.happyuniverse.pub.zjdg-1.apk is  1.0.06  
Done processing com.happyuniverse.pub.zjdg-1.apk
Time Spent:   0 Days 0 Hours 2 Minutes 23 Seconds

============================================================================
43/115 Starting processing com.i6.extreme_motorbike_drivind_3d-1.apk ......
Getting apk info from https://play.google.com/store/apps/details?id=com.i6.extreme_motorbike_drivind_3d ......
Success to get info from Play Store
The lastest version of com.i6.extreme_motorbike_drivind_3d-1.apk is  1.1  
Done processing com.i6.extreme_motorbike_drivind_3d-1.apk
Time Spent:   0 Days 0 Hours 2 Minutes 27 Seconds

============================================================================
44/115 Starting processing com.iwin.dond-1.apk ......
Getting apk info from https://play.google.com/store/apps/details?id=com.iwin.dond ......
Success to get info from Play Store
The lastest version of com.iwin.dond-1.apk is  1.30  
Done processing com.iwin.dond-1.apk
Time Spent:   0 Days 0 Hours 2 Minutes 30 Seconds

============================================================================
45/115 Starting processing com.jellybtn.cashkingmobile-1.apk ......
Getting apk info from https://play.google.com/store/apps/details?id=com.jellybtn.cashkingmobile ......
Success to get info from Play Store
The lastest version of com.jellybtn.cashkingmobile-1.apk is  2.2.4  
Done processing com.jellybtn.cashkingmobile-1.apk
Time Spent:   0 Days 0 Hours 2 Minutes 33 Seconds

============================================================================
46/115 Starting processing com.kabam.ff7-1.apk ......
Getting apk info from https://play.google.com/store/apps/details?id=com.kabam.ff7 ......
Success to get info from Play Store
The lastest version of com.kabam.ff7-1.apk is  2.1.1  
Done processing com.kabam.ff7-1.apk
Time Spent:   0 Days 0 Hours 2 Minutes 35 Seconds

============================================================================
47/115 Starting processing com.keplerians.crossycreeper-1.apk ......
Getting apk info from https://play.google.com/store/apps/details?id=com.keplerians.crossycreeper ......
Success to get info from Play Store
The lastest version of com.keplerians.crossycreeper-1.apk is  1.9  
Done processing com.keplerians.crossycreeper-1.apk
Time Spent:   0 Days 0 Hours 2 Minutes 37 Seconds

============================================================================
48/115 Starting processing com.kidsfoodinc.android_make_streetfoodkf-1.apk ......
Getting apk info from https://play.google.com/store/apps/details?id=com.kidsfoodinc.android_make_streetfoodkf ......
Success to get info from Play Store
The lastest version of com.kidsfoodinc.android_make_streetfoodkf-1.apk is  1.0  
Done processing com.kidsfoodinc.android_make_streetfoodkf-1.apk
Time Spent:   0 Days 0 Hours 2 Minutes 41 Seconds

============================================================================
49/115 Starting processing com.kiwi.goldrush-1.apk ......
Getting apk info from https://play.google.com/store/apps/details?id=com.kiwi.goldrush ......
Success to get info from Play Store
The lastest version of com.kiwi.goldrush-1.apk is 
Done processing com.kiwi.goldrush-1.apk
Time Spent:   0 Days 0 Hours 2 Minutes 45 Seconds

============================================================================
50/115 Starting processing com.kiwi.shipwrecked-1.apk ......
Getting apk info from https://play.google.com/store/apps/details?id=com.kiwi.shipwrecked ......
Success to get info from Play Store
The lastest version of com.kiwi.shipwrecked-1.apk is 
Done processing com.kiwi.shipwrecked-1.apk
Time Spent:   0 Days 0 Hours 2 Minutes 48 Seconds

============================================================================
51/115 Starting processing com.kiwi.skullislandexplorers-1.apk ......
Getting apk info from https://play.google.com/store/apps/details?id=com.kiwi.skullislandexplorers ......
Success to get info from Play Store
The lastest version of com.kiwi.skullislandexplorers-1.apk is 
Done processing com.kiwi.skullislandexplorers-1.apk
Time Spent:   0 Days 0 Hours 2 Minutes 52 Seconds

============================================================================
52/115 Starting processing com.kiwi.westbound-1.apk ......
Getting apk info from https://play.google.com/store/apps/details?id=com.kiwi.westbound ......
Success to get info from Play Store
The lastest version of com.kiwi.westbound-1.apk is 
Done processing com.kiwi.westbound-1.apk
Time Spent:   0 Days 0 Hours 2 Minutes 56 Seconds

============================================================================
53/115 Starting processing com.kixeye.vegaconflict-1.apk ......
Getting apk info from https://play.google.com/store/apps/details?id=com.kixeye.vegaconflict ......
Success to get info from Play Store
The lastest version of com.kixeye.vegaconflict-1.apk is 
Done processing com.kixeye.vegaconflict-1.apk
Time Spent:   0 Days 0 Hours 3 Minutes 0 Seconds

============================================================================
54/115 Starting processing com.koenigz.KittenCatSimulator-1.apk ......
Getting apk info from https://play.google.com/store/apps/details?id=com.koenigz.KittenCatSimulator ......
Success to get info from Play Store
The lastest version of com.koenigz.KittenCatSimulator-1.apk is  1.5  
Done processing com.koenigz.KittenCatSimulator-1.apk
Time Spent:   0 Days 0 Hours 3 Minutes 4 Seconds

============================================================================
55/115 Starting processing com.kongregate.mobile.run.google-1.apk ......
Getting apk info from https://play.google.com/store/apps/details?id=com.kongregate.mobile.run.google ......
Success to get info from Play Store
The lastest version of com.kongregate.mobile.run.google-1.apk is  1.9.9  
Done processing com.kongregate.mobile.run.google-1.apk
Time Spent:   0 Days 0 Hours 3 Minutes 7 Seconds

============================================================================
56/115 Starting processing com.kristanix.android.jigsawpuzzleepic-1.apk ......
Getting apk info from https://play.google.com/store/apps/details?id=com.kristanix.android.jigsawpuzzleepic ......
Success to get info from Play Store
The lastest version of com.kristanix.android.jigsawpuzzleepic-1.apk is  1.1.5  
Done processing com.kristanix.android.jigsawpuzzleepic-1.apk
Time Spent:   0 Days 0 Hours 3 Minutes 9 Seconds

============================================================================
57/115 Starting processing com.ledun.zombiegamenew-1.apk ......
Getting apk info from https://play.google.com/store/apps/details?id=com.ledun.zombiegamenew ......
Success to get info from Play Store
The lastest version of com.ledun.zombiegamenew-1.apk is  1.22  
Done processing com.ledun.zombiegamenew-1.apk
Time Spent:   0 Days 0 Hours 3 Minutes 11 Seconds

============================================================================
58/115 Starting processing com.libii.kidsfacepaint-1.apk ......
Getting apk info from https://play.google.com/store/apps/details?id=com.libii.kidsfacepaint ......
Success to get info from Play Store
The lastest version of com.libii.kidsfacepaint-1.apk is  1.1  
Done processing com.libii.kidsfacepaint-1.apk
Time Spent:   0 Days 0 Hours 3 Minutes 12 Seconds

============================================================================
59/115 Starting processing com.libii.princessnewbaby-1.apk ......
Getting apk info from https://play.google.com/store/apps/details?id=com.libii.princessnewbaby ......
Success to get info from Play Store
The lastest version of com.libii.princessnewbaby-1.apk is  1.0  
Done processing com.libii.princessnewbaby-1.apk
Time Spent:   0 Days 0 Hours 3 Minutes 16 Seconds

============================================================================
60/115 Starting processing com.linecorp.LGTMTMG-1.apk ......
Getting apk info from https://play.google.com/store/apps/details?id=com.linecorp.LGTMTMG ......
Success to get info from Play Store
The lastest version of com.linecorp.LGTMTMG-1.apk is  1.14.1  
Done processing com.linecorp.LGTMTMG-1.apk
Time Spent:   0 Days 0 Hours 3 Minutes 19 Seconds

============================================================================
61/115 Starting processing com.lockwoodpublishing.avakinlife-1.apk ......
Getting apk info from https://play.google.com/store/apps/details?id=com.lockwoodpublishing.avakinlife ......
Success to get info from Play Store
The lastest version of com.lockwoodpublishing.avakinlife-1.apk is  1.006.000  
Done processing com.lockwoodpublishing.avakinlife-1.apk
Time Spent:   0 Days 0 Hours 3 Minutes 23 Seconds

============================================================================
62/115 Starting processing com.lsgames.grandtheauto-1.apk ......
Getting apk info from https://play.google.com/store/apps/details?id=com.lsgames.grandtheauto ......
Success to get info from Play Store
The lastest version of com.lsgames.grandtheauto-1.apk is  2.3  
Done processing com.lsgames.grandtheauto-1.apk
Time Spent:   0 Days 0 Hours 3 Minutes 26 Seconds

============================================================================
63/115 Starting processing com.ludia.fgx-1.apk ......
Getting apk info from https://play.google.com/store/apps/details?id=com.ludia.fgx ......
Success to get info from Play Store
The lastest version of com.ludia.fgx-1.apk is  1.0.5  
Done processing com.ludia.fgx-1.apk
Time Spent:   0 Days 0 Hours 3 Minutes 30 Seconds

============================================================================
64/115 Starting processing com.mg.cartellegendcrimeoverkill-1.apk ......
Getting apk info from https://play.google.com/store/apps/details?id=com.mg.cartellegendcrimeoverkill ......
Success to get info from Play Store
The lastest version of com.mg.cartellegendcrimeoverkill-1.apk is  1.5  
Done processing com.mg.cartellegendcrimeoverkill-1.apk
Time Spent:   0 Days 0 Hours 3 Minutes 34 Seconds

============================================================================
65/115 Starting processing com.mgc.miami.crime.simulator.two-1.apk ......
Getting apk info from https://play.google.com/store/apps/details?id=com.mgc.miami.crime.simulator.two ......
Success to get info from Play Store
The lastest version of com.mgc.miami.crime.simulator.two-1.apk is  1.0  
Done processing com.mgc.miami.crime.simulator.two-1.apk
Time Spent:   0 Days 0 Hours 3 Minutes 36 Seconds

============================================================================
66/115 Starting processing com.mgc.russian.crime.simulator.two-1.apk ......
Getting apk info from https://play.google.com/store/apps/details?id=com.mgc.russian.crime.simulator.two ......
Success to get info from Play Store
The lastest version of com.mgc.russian.crime.simulator.two-1.apk is  1.11  
Done processing com.mgc.russian.crime.simulator.two-1.apk
Time Spent:   0 Days 0 Hours 3 Minutes 40 Seconds

============================================================================
67/115 Starting processing com.midasplayer.apps.papapearsaga-1.apk ......
Getting apk info from https://play.google.com/store/apps/details?id=com.midasplayer.apps.papapearsaga ......
Success to get info from Play Store
The lastest version of com.midasplayer.apps.papapearsaga-1.apk is 
Done processing com.midasplayer.apps.papapearsaga-1.apk
Time Spent:   0 Days 0 Hours 3 Minutes 44 Seconds

============================================================================
68/115 Starting processing com.mobirix.onepunch-1.apk ......
Getting apk info from https://play.google.com/store/apps/details?id=com.mobirix.onepunch ......
Success to get info from Play Store
The lastest version of com.mobirix.onepunch-1.apk is  4.1  
Done processing com.mobirix.onepunch-1.apk
Time Spent:   0 Days 0 Hours 3 Minutes 46 Seconds

============================================================================
69/115 Starting processing com.mp.sanandreas-1.apk ......
Getting apk info from https://play.google.com/store/apps/details?id=com.mp.sanandreas ......
Success to get info from Play Store
The lastest version of com.mp.sanandreas-1.apk is  1.7  
Done processing com.mp.sanandreas-1.apk
Time Spent:   0 Days 0 Hours 3 Minutes 49 Seconds

============================================================================
70/115 Starting processing com.mystylinglounge.android_barbie-1.apk ......
Getting apk info from https://play.google.com/store/apps/details?id=com.mystylinglounge.android_barbie ......
Success to get info from Play Store
The lastest version of com.mystylinglounge.android_barbie-1.apk is  1.3  
Done processing com.mystylinglounge.android_barbie-1.apk
Time Spent:   0 Days 0 Hours 3 Minutes 51 Seconds

============================================================================
71/115 Starting processing com.mystylinglounge.android_glamdoll-1.apk ......
Getting apk info from https://play.google.com/store/apps/details?id=com.mystylinglounge.android_glamdoll ......
Success to get info from Play Store
The lastest version of com.mystylinglounge.android_glamdoll-1.apk is  1.2  
Done processing com.mystylinglounge.android_glamdoll-1.apk
Time Spent:   0 Days 0 Hours 3 Minutes 57 Seconds

============================================================================
72/115 Starting processing com.mytalkingdogvirtualpet.puppygames-1.apk ......
Getting apk info from https://play.google.com/store/apps/details?id=com.mytalkingdogvirtualpet.puppygames ......
Success to get info from Play Store
The lastest version of com.mytalkingdogvirtualpet.puppygames-1.apk is  1.7  
Done processing com.mytalkingdogvirtualpet.puppygames-1.apk
Time Spent:   0 Days 0 Hours 3 Minutes 59 Seconds

============================================================================
73/115 Starting processing com.namcobandaigames.pacmantournaments-1.apk ......
Getting apk info from https://play.google.com/store/apps/details?id=com.namcobandaigames.pacmantournaments ......
Success to get info from Play Store
The lastest version of com.namcobandaigames.pacmantournaments-1.apk is  2.0.1  
Done processing com.namcobandaigames.pacmantournaments-1.apk
Time Spent:   0 Days 0 Hours 4 Minutes 2 Seconds

============================================================================
74/115 Starting processing com.naquatic.guncraft-1.apk ......
Getting apk info from https://play.google.com/store/apps/details?id=com.naquatic.guncraft ......
Success to get info from Play Store
The lastest version of com.naquatic.guncraft-1.apk is  1.9  
Done processing com.naquatic.guncraft-1.apk
Time Spent:   0 Days 0 Hours 4 Minutes 6 Seconds

============================================================================
75/115 Starting processing com.nhnent.SK10360-1.apk ......
Getting apk info from https://play.google.com/store/apps/details?id=com.nhnent.SK10360 ......
Success to get info from Play Store
The lastest version of com.nhnent.SK10360-1.apk is  1.1.3.00  
Done processing com.nhnent.SK10360-1.apk
Time Spent:   0 Days 0 Hours 4 Minutes 10 Seconds

============================================================================
76/115 Starting processing com.ovilex.bussimulator2015-1.apk ......
Getting apk info from https://play.google.com/store/apps/details?id=com.ovilex.bussimulator2015 ......
Success to get info from Play Store
The lastest version of com.ovilex.bussimulator2015-1.apk is  1.8.2  
Done processing com.ovilex.bussimulator2015-1.apk
Time Spent:   0 Days 0 Hours 4 Minutes 14 Seconds

============================================================================
77/115 Starting processing com.plabs.planetofc-1.apk ......
Getting apk info from https://play.google.com/store/apps/details?id=com.plabs.planetofc ......
Success to get info from Play Store
The lastest version of com.plabs.planetofc-1.apk is  1.5.3  
Done processing com.plabs.planetofc-1.apk
Time Spent:   0 Days 0 Hours 4 Minutes 19 Seconds

============================================================================
78/115 Starting processing com.playmobil.luxusvilla-1.apk ......
Getting apk info from https://play.google.com/store/apps/details?id=com.playmobil.luxusvilla ......
Success to get info from Play Store
The lastest version of com.playmobil.luxusvilla-1.apk is  1.1  
Done processing com.playmobil.luxusvilla-1.apk
Time Spent:   0 Days 0 Hours 4 Minutes 23 Seconds

============================================================================
79/115 Starting processing com.poa_media.android.stickyballs-1.apk ......
Getting apk info from https://play.google.com/store/apps/details?id=com.poa_media.android.stickyballs ......
Success to get info from Play Store
The lastest version of com.poa_media.android.stickyballs-1.apk is  1.2.4  
Done processing com.poa_media.android.stickyballs-1.apk
Time Spent:   0 Days 0 Hours 4 Minutes 26 Seconds

============================================================================
80/115 Starting processing com.quizup.core-1.apk ......
Getting apk info from https://play.google.com/store/apps/details?id=com.quizup.core ......
Success to get info from Play Store
The lastest version of com.quizup.core-1.apk is  2.0.7  
Done processing com.quizup.core-1.apk
Time Spent:   0 Days 0 Hours 4 Minutes 30 Seconds

============================================================================
81/115 Starting processing com.qwiboo.ballking-1.apk ......
Getting apk info from https://play.google.com/store/apps/details?id=com.qwiboo.ballking ......
Success to get info from Play Store
The lastest version of com.qwiboo.ballking-1.apk is  1.7.5  
Done processing com.qwiboo.ballking-1.apk
Time Spent:   0 Days 0 Hours 4 Minutes 33 Seconds

============================================================================
82/115 Starting processing com.rexetstudio.deathrunportable-1.apk ......
Getting apk info from https://play.google.com/store/apps/details?id=com.rexetstudio.deathrunportable ......
Success to get info from Play Store
The lastest version of com.rexetstudio.deathrunportable-1.apk is  1.6.9  
Done processing com.rexetstudio.deathrunportable-1.apk
Time Spent:   0 Days 0 Hours 4 Minutes 38 Seconds

============================================================================
83/115 Starting processing com.rexetstudio.prophuntportable-1.apk ......
Getting apk info from https://play.google.com/store/apps/details?id=com.rexetstudio.prophuntportable ......
Success to get info from Play Store
The lastest version of com.rexetstudio.prophuntportable-1.apk is  1.2.7  
Done processing com.rexetstudio.prophuntportable-1.apk
Time Spent:   0 Days 0 Hours 4 Minutes 43 Seconds

============================================================================
84/115 Starting processing com.rovio.ABstellapop-1.apk ......
Getting apk info from https://play.google.com/store/apps/details?id=com.rovio.ABstellapop ......
Success to get info from Play Store
The lastest version of com.rovio.ABstellapop-1.apk is 
Done processing com.rovio.ABstellapop-1.apk
Time Spent:   0 Days 0 Hours 4 Minutes 47 Seconds

============================================================================
85/115 Starting processing com.rovio.BadPiggiesHD-1.apk ......
Getting apk info from https://play.google.com/store/apps/details?id=com.rovio.BadPiggiesHD ......
Success to get info from Play Store
The lastest version of com.rovio.BadPiggiesHD-1.apk is  1.6.1  
Done processing com.rovio.BadPiggiesHD-1.apk
Time Spent:   0 Days 0 Hours 4 Minutes 51 Seconds

============================================================================
86/115 Starting processing com.rovio.angrybirdsseasons-1.apk ......
Getting apk info from https://play.google.com/store/apps/details?id=com.rovio.angrybirdsseasons ......
Success to get info from Play Store
The lastest version of com.rovio.angrybirdsseasons-1.apk is  5.2.5  
Done processing com.rovio.angrybirdsseasons-1.apk
Time Spent:   0 Days 0 Hours 4 Minutes 55 Seconds

============================================================================
87/115 Starting processing com.rovio.angrybirdsspace.ads-1.apk ......
Getting apk info from https://play.google.com/store/apps/details?id=com.rovio.angrybirdsspace.ads ......
Success to get info from Play Store
The lastest version of com.rovio.angrybirdsspace.ads-1.apk is  2.2.1  
Done processing com.rovio.angrybirdsspace.ads-1.apk
Time Spent:   0 Days 0 Hours 4 Minutes 59 Seconds

============================================================================
88/115 Starting processing com.rovio.gold-1.apk ......
Getting apk info from https://play.google.com/store/apps/details?id=com.rovio.gold ......
Success to get info from Play Store
The lastest version of com.rovio.gold-1.apk is  1.2.9  
Done processing com.rovio.gold-1.apk
Time Spent:   0 Days 0 Hours 5 Minutes 3 Seconds

============================================================================
89/115 Starting processing com.sidheinteractive.sif.DR-1.apk ......
Getting apk info from https://play.google.com/store/apps/details?id=com.sidheinteractive.sif.DR ......
Success to get info from Play Store
The lastest version of com.sidheinteractive.sif.DR-1.apk is  1.16.0  
Done processing com.sidheinteractive.sif.DR-1.apk
Time Spent:   0 Days 0 Hours 5 Minutes 7 Seconds

============================================================================
90/115 Starting processing com.sinyee.babybus.care-1.apk ......
Getting apk info from https://play.google.com/store/apps/details?id=com.sinyee.babybus.care ......
Success to get info from Play Store
The lastest version of com.sinyee.babybus.care-1.apk is  8.2  
Done processing com.sinyee.babybus.care-1.apk
Time Spent:   0 Days 0 Hours 5 Minutes 11 Seconds

============================================================================
91/115 Starting processing com.slotsfavorites.slots.android-1.apk ......
Getting apk info from https://play.google.com/store/apps/details?id=com.slotsfavorites.slots.android ......
Success to get info from Play Store
The lastest version of com.slotsfavorites.slots.android-1.apk is  1.115  
Done processing com.slotsfavorites.slots.android-1.apk
Time Spent:   0 Days 0 Hours 5 Minutes 15 Seconds

============================================================================
92/115 Starting processing com.survival.game-1.apk ......
Getting apk info from https://play.google.com/store/apps/details?id=com.survival.game ......
Success to get info from Play Store
The lastest version of com.survival.game-1.apk is  3.6.5  
Done processing com.survival.game-1.apk
Time Spent:   0 Days 0 Hours 5 Minutes 18 Seconds

============================================================================
93/115 Starting processing com.tabtale.crazycatsalon-1.apk ......
Getting apk info from https://play.google.com/store/apps/details?id=com.tabtale.crazycatsalon ......
Success to get info from Play Store
The lastest version of com.tabtale.crazycatsalon-1.apk is  1.0.2  
Done processing com.tabtale.crazycatsalon-1.apk
Time Spent:   0 Days 0 Hours 5 Minutes 23 Seconds

============================================================================
94/115 Starting processing com.tabtale.fairytale-1.apk ......
Getting apk info from https://play.google.com/store/apps/details?id=com.tabtale.fairytale ......
Success to get info from Play Store
The lastest version of com.tabtale.fairytale-1.apk is  1.0.0  
Done processing com.tabtale.fairytale-1.apk
Time Spent:   0 Days 0 Hours 5 Minutes 29 Seconds

============================================================================
95/115 Starting processing com.tabtale.pjparty-1.apk ......
Getting apk info from https://play.google.com/store/apps/details?id=com.tabtale.pjparty ......
Success to get info from Play Store
The lastest version of com.tabtale.pjparty-1.apk is  1.0.3  
Done processing com.tabtale.pjparty-1.apk
Time Spent:   0 Days 0 Hours 5 Minutes 33 Seconds

============================================================================
96/115 Starting processing com.tapinator.crocodile.simulator.crocs-1.apk ......
Getting apk info from https://play.google.com/store/apps/details?id=com.tapinator.crocodile.simulator.crocs ......
Success to get info from Play Store
The lastest version of com.tapinator.crocodile.simulator.crocs-1.apk is  1.5  
Done processing com.tapinator.crocodile.simulator.crocs-1.apk
Time Spent:   0 Days 0 Hours 5 Minutes 37 Seconds

============================================================================
97/115 Starting processing com.tapinator.smash.carwar3d-1.apk ......
Getting apk info from https://play.google.com/store/apps/details?id=com.tapinator.smash.carwar3d ......
Success to get info from Play Store
The lastest version of com.tapinator.smash.carwar3d-1.apk is  1.3  
Done processing com.tapinator.smash.carwar3d-1.apk
Time Spent:   0 Days 0 Hours 5 Minutes 42 Seconds

============================================================================
98/115 Starting processing com.technull.stickfight-1.apk ......
Getting apk info from https://play.google.com/store/apps/details?id=com.technull.stickfight ......
Success to get info from Play Store
The lastest version of com.technull.stickfight-1.apk is  1.2  
Done processing com.technull.stickfight-1.apk
Time Spent:   0 Days 0 Hours 5 Minutes 47 Seconds

============================================================================
99/115 Starting processing com.turborocketgames.cheetahsim-1.apk ......
Getting apk info from https://play.google.com/store/apps/details?id=com.turborocketgames.cheetahsim ......
Success to get info from Play Store
The lastest version of com.turborocketgames.cheetahsim-1.apk is  1.3  
Done processing com.turborocketgames.cheetahsim-1.apk
Time Spent:   0 Days 0 Hours 5 Minutes 55 Seconds

============================================================================
100/115 Starting processing com.ubisoft.dance.JustDance-1.apk ......
Getting apk info from https://play.google.com/store/apps/details?id=com.ubisoft.dance.JustDance ......
Success to get info from Play Store
The lastest version of com.ubisoft.dance.JustDance-1.apk is  1.2.11  
Done processing com.ubisoft.dance.JustDance-1.apk
Time Spent:   0 Days 0 Hours 5 Minutes 59 Seconds

============================================================================
101/115 Starting processing com.upbeatgames.witchpuzzle-1.apk ......
Getting apk info from https://play.google.com/store/apps/details?id=com.upbeatgames.witchpuzzle ......
Success to get info from Play Store
The lastest version of com.upbeatgames.witchpuzzle-1.apk is  1.9.8.0  
Done processing com.upbeatgames.witchpuzzle-1.apk
Time Spent:   0 Days 0 Hours 6 Minutes 3 Seconds

============================================================================
102/115 Starting processing com.vg.crimgametest1-1.apk ......
Getting apk info from https://play.google.com/store/apps/details?id=com.vg.crimgametest1 ......
Success to get info from Play Store
The lastest version of com.vg.crimgametest1-1.apk is  2.2  
Done processing com.vg.crimgametest1-1.apk
Time Spent:   0 Days 0 Hours 6 Minutes 6 Seconds

============================================================================
103/115 Starting processing com.vg.russiancrimecartelgenesis-1.apk ......
Getting apk info from https://play.google.com/store/apps/details?id=com.vg.russiancrimecartelgenesis ......
Success to get info from Play Store
The lastest version of com.vg.russiancrimecartelgenesis-1.apk is  1.0  
Done processing com.vg.russiancrimecartelgenesis-1.apk
Time Spent:   0 Days 0 Hours 6 Minutes 8 Seconds

============================================================================
104/115 Starting processing com.wegoone.followway-1.apk ......
Getting apk info from https://play.google.com/store/apps/details?id=com.wegoone.followway ......
Success to get info from Play Store
The lastest version of com.wegoone.followway-1.apk is  1.1.2  
Done processing com.wegoone.followway-1.apk
Time Spent:   0 Days 0 Hours 6 Minutes 11 Seconds

============================================================================
105/115 Starting processing com.williamsinteractive.goldfish-1.apk ......
Getting apk info from https://play.google.com/store/apps/details?id=com.williamsinteractive.goldfish ......
Success to get info from Play Store
The lastest version of com.williamsinteractive.goldfish-1.apk is  10.00  
Done processing com.williamsinteractive.goldfish-1.apk
Time Spent:   0 Days 0 Hours 6 Minutes 15 Seconds

============================================================================
106/115 Starting processing com.wooga.jelly_splash-1.apk ......
Getting apk info from https://play.google.com/store/apps/details?id=com.wooga.jelly_splash ......
Success to get info from Play Store
The lastest version of com.wooga.jelly_splash-1.apk is    Varies with device  
Done processing com.wooga.jelly_splash-1.apk
Time Spent:   0 Days 0 Hours 6 Minutes 19 Seconds

============================================================================
107/115 Starting processing com.works.timeglass.logoquiz-1.apk ......
Getting apk info from https://play.google.com/store/apps/details?id=com.works.timeglass.logoquiz ......
Success to get info from Play Store
The lastest version of com.works.timeglass.logoquiz-1.apk is    Varies with device  
Done processing com.works.timeglass.logoquiz-1.apk
Time Spent:   0 Days 0 Hours 6 Minutes 21 Seconds

============================================================================
108/115 Starting processing com.zeptolab.ctrexperiments.ads-1.apk ......
Getting apk info from https://play.google.com/store/apps/details?id=com.zeptolab.ctrexperiments.ads ......
Success to get info from Play Store
The lastest version of com.zeptolab.ctrexperiments.ads-1.apk is  1.7.9  
Done processing com.zeptolab.ctrexperiments.ads-1.apk
Time Spent:   0 Days 0 Hours 6 Minutes 23 Seconds

============================================================================
109/115 Starting processing com.zeptolab.thieves.google-1.apk ......
Getting apk info from https://play.google.com/store/apps/details?id=com.zeptolab.thieves.google ......
Success to get info from Play Store
The lastest version of com.zeptolab.thieves.google-1.apk is    Varies with device  
Done processing com.zeptolab.thieves.google-1.apk
Time Spent:   0 Days 0 Hours 6 Minutes 27 Seconds

============================================================================
110/115 Starting processing com.zindagigames.yummygummy-1.apk ......
Getting apk info from https://play.google.com/store/apps/details?id=com.zindagigames.yummygummy ......
Success to get info from Play Store
The lastest version of com.zindagigames.yummygummy-1.apk is 
Done processing com.zindagigames.yummygummy-1.apk
Time Spent:   0 Days 0 Hours 6 Minutes 28 Seconds

============================================================================
111/115 Starting processing com.zuuks.city.driving-1.apk ......
Getting apk info from https://play.google.com/store/apps/details?id=com.zuuks.city.driving ......
Success to get info from Play Store
The lastest version of com.zuuks.city.driving-1.apk is 
Done processing com.zuuks.city.driving-1.apk
Time Spent:   0 Days 0 Hours 6 Minutes 32 Seconds

============================================================================
112/115 Starting processing com.zynga.livepoker-1.apk ......
Getting apk info from https://play.google.com/store/apps/details?id=com.zynga.livepoker ......
Success to get info from Play Store
The lastest version of com.zynga.livepoker-1.apk is    Varies with device  
Done processing com.zynga.livepoker-1.apk
Time Spent:   0 Days 0 Hours 6 Minutes 34 Seconds

============================================================================
113/115 Starting processing net.beautyincorporated.android_facepaint-1.apk ......
Getting apk info from https://play.google.com/store/apps/details?id=net.beautyincorporated.android_facepaint ......
Success to get info from Play Store
The lastest version of net.beautyincorporated.android_facepaint-1.apk is  1.1  
Done processing net.beautyincorporated.android_facepaint-1.apk
Time Spent:   0 Days 0 Hours 6 Minutes 36 Seconds

============================================================================
114/115 Starting processing net.fashiondollinc.android_shoppingsalon-1.apk ......
Getting apk info from https://play.google.com/store/apps/details?id=net.fashiondollinc.android_shoppingsalon ......
Success to get info from Play Store
The lastest version of net.fashiondollinc.android_shoppingsalon-1.apk is  1.0  
Done processing net.fashiondollinc.android_shoppingsalon-1.apk
Time Spent:   0 Days 0 Hours 6 Minutes 40 Seconds

============================================================================
115/115 Starting processing slots.oncrstudio.fantasticslots-1.apk ......
Getting apk info from https://play.google.com/store/apps/details?id=slots.oncrstudio.fantasticslots ......
Success to get info from Play Store
The lastest version of slots.oncrstudio.fantasticslots-1.apk is  1.04  
Done processing slots.oncrstudio.fantasticslots-1.apk
Time Spent:   0 Days 0 Hours 6 Minutes 44 Seconds

============================================================================


**************************************************************
All Done
Total Time:   0 Days 0 Hours 6 Minutes 44 Seconds
Result Location:               /home/Git-Apk/code_resource/script_hooks/scan_apk/scan_apk_version/results/AppInfo_2015-08-06-17-34-03.csv
**************************************************************
