Start processing app in list /home/Git-Apk/Updated_list from /home/Git-Apk/Baidu  ......

============================================================================
1/180 Starting processing air.com.ifree.mfjs.cardCHS-1.apk ......
Getting apk info from https://play.google.com/store/apps/details?id=air.com.ifree.mfjs.cardCHS ......
[ERROR] : Cannot find info of air.com.ifree.mfjs.cardCHS-1.apk on https://play.google.com/store/apps/details?id=air.com.ifree.mfjs.cardCHS !!!
Done processing air.com.ifree.mfjs.cardCHS-1.apk
Time Spent:   0 Days 0 Hours 0 Minutes 1 Seconds

============================================================================
2/180 Starting processing air.com.tencent.qqpasture-1.apk ......
Getting apk info from https://play.google.com/store/apps/details?id=air.com.tencent.qqpasture ......
[ERROR] : Cannot find info of air.com.tencent.qqpasture-1.apk on https://play.google.com/store/apps/details?id=air.com.tencent.qqpasture !!!
Done processing air.com.tencent.qqpasture-1.apk
Time Spent:   0 Days 0 Hours 0 Minutes 1 Seconds

============================================================================
3/180 Starting processing all.parttimeguidesystem-1.apk ......
Getting apk info from https://play.google.com/store/apps/details?id=all.parttimeguidesystem ......
[ERROR] : Cannot find info of all.parttimeguidesystem-1.apk on https://play.google.com/store/apps/details?id=all.parttimeguidesystem !!!
Done processing all.parttimeguidesystem-1.apk
Time Spent:   0 Days 0 Hours 0 Minutes 2 Seconds

============================================================================
4/180 Starting processing and.engine-1.apk ......
Getting apk info from https://play.google.com/store/apps/details?id=and.engine ......
[ERROR] : Cannot find info of and.engine-1.apk on https://play.google.com/store/apps/details?id=and.engine !!!
Done processing and.engine-1.apk
Time Spent:   0 Days 0 Hours 0 Minutes 3 Seconds

============================================================================
5/180 Starting processing android.zhibo8-1.apk ......
Getting apk info from https://play.google.com/store/apps/details?id=android.zhibo8 ......
[ERROR] : Cannot find info of android.zhibo8-1.apk on https://play.google.com/store/apps/details?id=android.zhibo8 !!!
Done processing android.zhibo8-1.apk
Time Spent:   0 Days 0 Hours 0 Minutes 4 Seconds

============================================================================
6/180 Starting processing beauty.chat.my0713.app02-1.apk ......
Getting apk info from https://play.google.com/store/apps/details?id=beauty.chat.my0713.app02 ......
[ERROR] : Cannot find info of beauty.chat.my0713.app02-1.apk on https://play.google.com/store/apps/details?id=beauty.chat.my0713.app02 !!!
Done processing beauty.chat.my0713.app02-1.apk
Time Spent:   0 Days 0 Hours 0 Minutes 5 Seconds

============================================================================
7/180 Starting processing cgtz.com.cgtz-1.apk ......
Getting apk info from https://play.google.com/store/apps/details?id=cgtz.com.cgtz ......
[ERROR] : Cannot find info of cgtz.com.cgtz-1.apk on https://play.google.com/store/apps/details?id=cgtz.com.cgtz !!!
Done processing cgtz.com.cgtz-1.apk
Time Spent:   0 Days 0 Hours 0 Minutes 6 Seconds

============================================================================
8/180 Starting processing clock.alarm.com89109-1.apk ......
Getting apk info from https://play.google.com/store/apps/details?id=clock.alarm.com89109 ......
[ERROR] : Cannot find info of clock.alarm.com89109-1.apk on https://play.google.com/store/apps/details?id=clock.alarm.com89109 !!!
Done processing clock.alarm.com89109-1.apk
Time Spent:   0 Days 0 Hours 0 Minutes 7 Seconds

============================================================================
9/180 Starting processing cn.am321.android.am321-1.apk ......
Getting apk info from https://play.google.com/store/apps/details?id=cn.am321.android.am321 ......
[ERROR] : Cannot find info of cn.am321.android.am321-1.apk on https://play.google.com/store/apps/details?id=cn.am321.android.am321 !!!
Done processing cn.am321.android.am321-1.apk
Time Spent:   0 Days 0 Hours 0 Minutes 8 Seconds

============================================================================
10/180 Starting processing cn.amazon.mShop.android-1.apk ......
Getting apk info from https://play.google.com/store/apps/details?id=cn.amazon.mShop.android ......
Success to get info from Play Store
The lastest version of cn.amazon.mShop.android-1.apk is  5.2.4  
Done processing cn.amazon.mShop.android-1.apk
Time Spent:   0 Days 0 Hours 0 Minutes 13 Seconds

============================================================================
11/180 Starting processing cn.cntv-1.apk ......
Getting apk info from https://play.google.com/store/apps/details?id=cn.cntv ......
Success to get info from Play Store
The lastest version of cn.cntv-1.apk is  5.3.2  
Done processing cn.cntv-1.apk
Time Spent:   0 Days 0 Hours 0 Minutes 17 Seconds

============================================================================
12/180 Starting processing cn.com.chinatelecom.account-1.apk ......
Getting apk info from https://play.google.com/store/apps/details?id=cn.com.chinatelecom.account ......
[ERROR] : Cannot find info of cn.com.chinatelecom.account-1.apk on https://play.google.com/store/apps/details?id=cn.com.chinatelecom.account !!!
Done processing cn.com.chinatelecom.account-1.apk
Time Spent:   0 Days 0 Hours 0 Minutes 18 Seconds

============================================================================
13/180 Starting processing cn.com.jjjm.aus-1.apk ......
Getting apk info from https://play.google.com/store/apps/details?id=cn.com.jjjm.aus ......
[ERROR] : Cannot find info of cn.com.jjjm.aus-1.apk on https://play.google.com/store/apps/details?id=cn.com.jjjm.aus !!!
Done processing cn.com.jjjm.aus-1.apk
Time Spent:   0 Days 0 Hours 0 Minutes 19 Seconds

============================================================================
14/180 Starting processing cn.com.sina.sports-1.apk ......
Getting apk info from https://play.google.com/store/apps/details?id=cn.com.sina.sports ......
Success to get info from Play Store
The lastest version of cn.com.sina.sports-1.apk is  2.5.1.8  
Done processing cn.com.sina.sports-1.apk
Time Spent:   0 Days 0 Hours 0 Minutes 20 Seconds

============================================================================
15/180 Starting processing cn.com.tiros.android.navidog-1.apk ......
Getting apk info from https://play.google.com/store/apps/details?id=cn.com.tiros.android.navidog ......
[ERROR] : Cannot find info of cn.com.tiros.android.navidog-1.apk on https://play.google.com/store/apps/details?id=cn.com.tiros.android.navidog !!!
Done processing cn.com.tiros.android.navidog-1.apk
Time Spent:   0 Days 0 Hours 0 Minutes 21 Seconds

============================================================================
16/180 Starting processing cn.dict.android.pro-1.apk ......
Getting apk info from https://play.google.com/store/apps/details?id=cn.dict.android.pro ......
Success to get info from Play Store
The lastest version of cn.dict.android.pro-1.apk is  5.5.3  
Done processing cn.dict.android.pro-1.apk
Time Spent:   0 Days 0 Hours 0 Minutes 23 Seconds

============================================================================
17/180 Starting processing cn.eclicks.wzsearch-1.apk ......
Getting apk info from https://play.google.com/store/apps/details?id=cn.eclicks.wzsearch ......
Success to get info from Play Store
The lastest version of cn.eclicks.wzsearch-1.apk is  4.3.5  
Done processing cn.eclicks.wzsearch-1.apk
Time Spent:   0 Days 0 Hours 0 Minutes 25 Seconds

============================================================================
18/180 Starting processing cn.etouch.ecalendar-1.apk ......
Getting apk info from https://play.google.com/store/apps/details?id=cn.etouch.ecalendar ......
[ERROR] : Cannot find info of cn.etouch.ecalendar-1.apk on https://play.google.com/store/apps/details?id=cn.etouch.ecalendar !!!
Done processing cn.etouch.ecalendar-1.apk
Time Spent:   0 Days 0 Hours 0 Minutes 25 Seconds

============================================================================
19/180 Starting processing cn.htjyb.reader-1.apk ......
Getting apk info from https://play.google.com/store/apps/details?id=cn.htjyb.reader ......
[ERROR] : Cannot find info of cn.htjyb.reader-1.apk on https://play.google.com/store/apps/details?id=cn.htjyb.reader !!!
Done processing cn.htjyb.reader-1.apk
Time Spent:   0 Days 0 Hours 0 Minutes 26 Seconds

============================================================================
20/180 Starting processing cn.jj-1.apk ......
Getting apk info from https://play.google.com/store/apps/details?id=cn.jj ......
[ERROR] : Cannot find info of cn.jj-1.apk on https://play.google.com/store/apps/details?id=cn.jj !!!
Done processing cn.jj-1.apk
Time Spent:   0 Days 0 Hours 0 Minutes 27 Seconds

============================================================================
21/180 Starting processing cn.kuwo.player-1.apk ......
Getting apk info from https://play.google.com/store/apps/details?id=cn.kuwo.player ......
Success to get info from Play Store
The lastest version of cn.kuwo.player-1.apk is  6.7.5.0  
Done processing cn.kuwo.player-1.apk
Time Spent:   0 Days 0 Hours 0 Minutes 29 Seconds

============================================================================
22/180 Starting processing cn.mc.sq-1.apk ......
Getting apk info from https://play.google.com/store/apps/details?id=cn.mc.sq ......
[ERROR] : Cannot find info of cn.mc.sq-1.apk on https://play.google.com/store/apps/details?id=cn.mc.sq !!!
Done processing cn.mc.sq-1.apk
Time Spent:   0 Days 0 Hours 0 Minutes 30 Seconds

============================================================================
23/180 Starting processing cn.opda.a.phonoalbumshoushou-1.apk ......
Getting apk info from https://play.google.com/store/apps/details?id=cn.opda.a.phonoalbumshoushou ......
[ERROR] : Cannot find info of cn.opda.a.phonoalbumshoushou-1.apk on https://play.google.com/store/apps/details?id=cn.opda.a.phonoalbumshoushou !!!
Done processing cn.opda.a.phonoalbumshoushou-1.apk
Time Spent:   0 Days 0 Hours 0 Minutes 31 Seconds

============================================================================
24/180 Starting processing cn.wps.moffice_eng-1.apk ......
Getting apk info from https://play.google.com/store/apps/details?id=cn.wps.moffice_eng ......
Success to get info from Play Store
The lastest version of cn.wps.moffice_eng-1.apk is  7.1.1  
Done processing cn.wps.moffice_eng-1.apk
Time Spent:   0 Days 0 Hours 0 Minutes 33 Seconds

============================================================================
25/180 Starting processing com.ArtInGames.AirAttackHDLitegcl-1.apk ......
Getting apk info from https://play.google.com/store/apps/details?id=com.ArtInGames.AirAttackHDLitegcl ......
[ERROR] : Cannot find info of com.ArtInGames.AirAttackHDLitegcl-1.apk on https://play.google.com/store/apps/details?id=com.ArtInGames.AirAttackHDLitegcl !!!
Done processing com.ArtInGames.AirAttackHDLitegcl-1.apk
Time Spent:   0 Days 0 Hours 0 Minutes 34 Seconds

============================================================================
26/180 Starting processing com.HappyAlliance.ClassicFruit-1.apk ......
Getting apk info from https://play.google.com/store/apps/details?id=com.HappyAlliance.ClassicFruit ......
[ERROR] : Cannot find info of com.HappyAlliance.ClassicFruit-1.apk on https://play.google.com/store/apps/details?id=com.HappyAlliance.ClassicFruit !!!
Done processing com.HappyAlliance.ClassicFruit-1.apk
Time Spent:   0 Days 0 Hours 0 Minutes 35 Seconds

============================================================================
27/180 Starting processing com.achievo.vipshop-1.apk ......
Getting apk info from https://play.google.com/store/apps/details?id=com.achievo.vipshop ......
[ERROR] : Cannot find info of com.achievo.vipshop-1.apk on https://play.google.com/store/apps/details?id=com.achievo.vipshop !!!
Done processing com.achievo.vipshop-1.apk
Time Spent:   0 Days 0 Hours 0 Minutes 36 Seconds

============================================================================
28/180 Starting processing com.adsk.sketchbookhd.galaxy.oem-1.apk ......
Getting apk info from https://play.google.com/store/apps/details?id=com.adsk.sketchbookhd.galaxy.oem ......
[ERROR] : Cannot find info of com.adsk.sketchbookhd.galaxy.oem-1.apk on https://play.google.com/store/apps/details?id=com.adsk.sketchbookhd.galaxy.oem !!!
Done processing com.adsk.sketchbookhd.galaxy.oem-1.apk
Time Spent:   0 Days 0 Hours 0 Minutes 37 Seconds

============================================================================
29/180 Starting processing com.aicheng2199-1.apk ......
Getting apk info from https://play.google.com/store/apps/details?id=com.aicheng2199 ......
[ERROR] : Cannot find info of com.aicheng2199-1.apk on https://play.google.com/store/apps/details?id=com.aicheng2199 !!!
Done processing com.aicheng2199-1.apk
Time Spent:   0 Days 0 Hours 0 Minutes 38 Seconds

============================================================================
30/180 Starting processing com.ailiaoicall-1.apk ......
Getting apk info from https://play.google.com/store/apps/details?id=com.ailiaoicall ......
[ERROR] : Cannot find info of com.ailiaoicall-1.apk on https://play.google.com/store/apps/details?id=com.ailiaoicall !!!
Done processing com.ailiaoicall-1.apk
Time Spent:   0 Days 0 Hours 0 Minutes 39 Seconds

============================================================================
31/180 Starting processing com.alicall.androidzb-1.apk ......
Getting apk info from https://play.google.com/store/apps/details?id=com.alicall.androidzb ......
Success to get info from Play Store
The lastest version of com.alicall.androidzb-1.apk is  4.1.6  
Done processing com.alicall.androidzb-1.apk
Time Spent:   0 Days 0 Hours 0 Minutes 42 Seconds

============================================================================
32/180 Starting processing com.amazing.magicage.ow-1.apk ......
Getting apk info from https://play.google.com/store/apps/details?id=com.amazing.magicage.ow ......
[ERROR] : Cannot find info of com.amazing.magicage.ow-1.apk on https://play.google.com/store/apps/details?id=com.amazing.magicage.ow !!!
Done processing com.amazing.magicage.ow-1.apk
Time Spent:   0 Days 0 Hours 0 Minutes 43 Seconds

============================================================================
33/180 Starting processing com.android.ccalb.kkk-1.apk ......
Getting apk info from https://play.google.com/store/apps/details?id=com.android.ccalb.kkk ......
[ERROR] : Cannot find info of com.android.ccalb.kkk-1.apk on https://play.google.com/store/apps/details?id=com.android.ccalb.kkk !!!
Done processing com.android.ccalb.kkk-1.apk
Time Spent:   0 Days 0 Hours 0 Minutes 44 Seconds

============================================================================
34/180 Starting processing com.android.cheyooh.vb-1.apk ......
Getting apk info from https://play.google.com/store/apps/details?id=com.android.cheyooh.vb ......
[ERROR] : Cannot find info of com.android.cheyooh.vb-1.apk on https://play.google.com/store/apps/details?id=com.android.cheyooh.vb !!!
Done processing com.android.cheyooh.vb-1.apk
Time Spent:   0 Days 0 Hours 0 Minutes 45 Seconds

============================================================================
35/180 Starting processing com.android.coolwind-1.apk ......
Getting apk info from https://play.google.com/store/apps/details?id=com.android.coolwind ......
[ERROR] : Cannot find info of com.android.coolwind-1.apk on https://play.google.com/store/apps/details?id=com.android.coolwind !!!
Done processing com.android.coolwind-1.apk
Time Spent:   0 Days 0 Hours 0 Minutes 46 Seconds

============================================================================
36/180 Starting processing com.apigcanflys.flypig-1.apk ......
Getting apk info from https://play.google.com/store/apps/details?id=com.apigcanflys.flypig ......
[ERROR] : Cannot find info of com.apigcanflys.flypig-1.apk on https://play.google.com/store/apps/details?id=com.apigcanflys.flypig !!!
Done processing com.apigcanflys.flypig-1.apk
Time Spent:   0 Days 0 Hours 0 Minutes 47 Seconds

============================================================================
37/180 Starting processing com.app.hero.ui-1.apk ......
Getting apk info from https://play.google.com/store/apps/details?id=com.app.hero.ui ......
Success to get info from Play Store
The lastest version of com.app.hero.ui-1.apk is  5.1.7.3  
Done processing com.app.hero.ui-1.apk
Time Spent:   0 Days 0 Hours 0 Minutes 51 Seconds

============================================================================
38/180 Starting processing com.audiocn.kalaok-1.apk ......
Getting apk info from https://play.google.com/store/apps/details?id=com.audiocn.kalaok ......
Success to get info from Play Store
The lastest version of com.audiocn.kalaok-1.apk is  3.0.8.6  
Done processing com.audiocn.kalaok-1.apk
Time Spent:   0 Days 0 Hours 0 Minutes 53 Seconds

============================================================================
39/180 Starting processing com.autoconnectwifi.app-1.apk ......
Getting apk info from https://play.google.com/store/apps/details?id=com.autoconnectwifi.app ......
Success to get info from Play Store
The lastest version of com.autoconnectwifi.app-1.apk is  3.0.1  
Done processing com.autoconnectwifi.app-1.apk
Time Spent:   0 Days 0 Hours 0 Minutes 57 Seconds

============================================================================
40/180 Starting processing com.autohome.mycar-1.apk ......
Getting apk info from https://play.google.com/store/apps/details?id=com.autohome.mycar ......
Success to get info from Play Store
The lastest version of com.autohome.mycar-1.apk is  1.4.0  
Done processing com.autohome.mycar-1.apk
Time Spent:   0 Days 0 Hours 1 Minutes 0 Seconds

============================================================================
41/180 Starting processing com.babytree.apps.pregnancy-1.apk ......
Getting apk info from https://play.google.com/store/apps/details?id=com.babytree.apps.pregnancy ......
Success to get info from Play Store
The lastest version of com.babytree.apps.pregnancy-1.apk is  5.0.2  
Done processing com.babytree.apps.pregnancy-1.apk
Time Spent:   0 Days 0 Hours 1 Minutes 4 Seconds

============================================================================
42/180 Starting processing com.baidu.iknow-1.apk ......
Getting apk info from https://play.google.com/store/apps/details?id=com.baidu.iknow ......
Success to get info from Play Store
The lastest version of com.baidu.iknow-1.apk is  5.4.1  
Done processing com.baidu.iknow-1.apk
Time Spent:   0 Days 0 Hours 1 Minutes 7 Seconds

============================================================================
43/180 Starting processing com.baidu.mbaby-1.apk ......
Getting apk info from https://play.google.com/store/apps/details?id=com.baidu.mbaby ......
Success to get info from Play Store
The lastest version of com.baidu.mbaby-1.apk is  4.6.3  
Done processing com.baidu.mbaby-1.apk
Time Spent:   0 Days 0 Hours 1 Minutes 10 Seconds

============================================================================
44/180 Starting processing com.baidu.wenku-1.apk ......
Getting apk info from https://play.google.com/store/apps/details?id=com.baidu.wenku ......
[ERROR] : Cannot find info of com.baidu.wenku-1.apk on https://play.google.com/store/apps/details?id=com.baidu.wenku !!!
Done processing com.baidu.wenku-1.apk
Time Spent:   0 Days 0 Hours 1 Minutes 11 Seconds

============================================================================
45/180 Starting processing com.baoruan.launcher2-1.apk ......
Getting apk info from https://play.google.com/store/apps/details?id=com.baoruan.launcher2 ......
[ERROR] : Cannot find info of com.baoruan.launcher2-1.apk on https://play.google.com/store/apps/details?id=com.baoruan.launcher2 !!!
Done processing com.baoruan.launcher2-1.apk
Time Spent:   0 Days 0 Hours 1 Minutes 13 Seconds

============================================================================
46/180 Starting processing com.bf.sgs.hdexp.duoku-1.apk ......
Getting apk info from https://play.google.com/store/apps/details?id=com.bf.sgs.hdexp.duoku ......
[ERROR] : Cannot find info of com.bf.sgs.hdexp.duoku-1.apk on https://play.google.com/store/apps/details?id=com.bf.sgs.hdexp.duoku !!!
Done processing com.bf.sgs.hdexp.duoku-1.apk
Time Spent:   0 Days 0 Hours 1 Minutes 14 Seconds

============================================================================
47/180 Starting processing com.bgffshjku.vchtth.juoip.game-1.apk ......
Getting apk info from https://play.google.com/store/apps/details?id=com.bgffshjku.vchtth.juoip.game ......
[ERROR] : Cannot find info of com.bgffshjku.vchtth.juoip.game-1.apk on https://play.google.com/store/apps/details?id=com.bgffshjku.vchtth.juoip.game !!!
Done processing com.bgffshjku.vchtth.juoip.game-1.apk
Time Spent:   0 Days 0 Hours 1 Minutes 15 Seconds

============================================================================
48/180 Starting processing com.bilin.huijiao.activity-1.apk ......
Getting apk info from https://play.google.com/store/apps/details?id=com.bilin.huijiao.activity ......
Success to get info from Play Store
The lastest version of com.bilin.huijiao.activity-1.apk is  3.7.3.1  
Done processing com.bilin.huijiao.activity-1.apk
Time Spent:   0 Days 0 Hours 1 Minutes 20 Seconds

============================================================================
49/180 Starting processing com.bingtonggril.w825-1.apk ......
Getting apk info from https://play.google.com/store/apps/details?id=com.bingtonggril.w825 ......
[ERROR] : Cannot find info of com.bingtonggril.w825-1.apk on https://play.google.com/store/apps/details?id=com.bingtonggril.w825 !!!
Done processing com.bingtonggril.w825-1.apk
Time Spent:   0 Days 0 Hours 1 Minutes 21 Seconds

============================================================================
50/180 Starting processing com.blood.yidong-1.apk ......
Getting apk info from https://play.google.com/store/apps/details?id=com.blood.yidong ......
[ERROR] : Cannot find info of com.blood.yidong-1.apk on https://play.google.com/store/apps/details?id=com.blood.yidong !!!
Done processing com.blood.yidong-1.apk
Time Spent:   0 Days 0 Hours 1 Minutes 22 Seconds

============================================================================
51/180 Starting processing com.bmmballance.wofewor-1.apk ......
Getting apk info from https://play.google.com/store/apps/details?id=com.bmmballance.wofewor ......
[ERROR] : Cannot find info of com.bmmballance.wofewor-1.apk on https://play.google.com/store/apps/details?id=com.bmmballance.wofewor !!!
Done processing com.bmmballance.wofewor-1.apk
Time Spent:   0 Days 0 Hours 1 Minutes 23 Seconds

============================================================================
52/180 Starting processing com.bofunct.mazhutkingdom-1.apk ......
Getting apk info from https://play.google.com/store/apps/details?id=com.bofunct.mazhutkingdom ......
Success to get info from Play Store
The lastest version of com.bofunct.mazhutkingdom-1.apk is  1.8.8  
Done processing com.bofunct.mazhutkingdom-1.apk
Time Spent:   0 Days 0 Hours 1 Minutes 28 Seconds

============================================================================
53/180 Starting processing com.breadtrip-1.apk ......
Getting apk info from https://play.google.com/store/apps/details?id=com.breadtrip ......
[ERROR] : Cannot find info of com.breadtrip-1.apk on https://play.google.com/store/apps/details?id=com.breadtrip !!!
Done processing com.breadtrip-1.apk
Time Spent:   0 Days 0 Hours 1 Minutes 29 Seconds

============================================================================
54/180 Starting processing com.browser2345-1.apk ......
Getting apk info from https://play.google.com/store/apps/details?id=com.browser2345 ......
[ERROR] : Cannot find info of com.browser2345-1.apk on https://play.google.com/store/apps/details?id=com.browser2345 !!!
Done processing com.browser2345-1.apk
Time Spent:   0 Days 0 Hours 1 Minutes 29 Seconds

============================================================================
55/180 Starting processing com.bunghu.flyingpic-1.apk ......
Getting apk info from https://play.google.com/store/apps/details?id=com.bunghu.flyingpic ......
Success to get info from Play Store
The lastest version of com.bunghu.flyingpic-1.apk is  1.2.4  
Done processing com.bunghu.flyingpic-1.apk
Time Spent:   0 Days 0 Hours 1 Minutes 32 Seconds

============================================================================
56/180 Starting processing com.buntsnvgame.brikjmp-1.apk ......
Getting apk info from https://play.google.com/store/apps/details?id=com.buntsnvgame.brikjmp ......
[ERROR] : Cannot find info of com.buntsnvgame.brikjmp-1.apk on https://play.google.com/store/apps/details?id=com.buntsnvgame.brikjmp !!!
Done processing com.buntsnvgame.brikjmp-1.apk
Time Spent:   0 Days 0 Hours 1 Minutes 33 Seconds

============================================================================
57/180 Starting processing com.calendar727.waco1-1.apk ......
Getting apk info from https://play.google.com/store/apps/details?id=com.calendar727.waco1 ......
[ERROR] : Cannot find info of com.calendar727.waco1-1.apk on https://play.google.com/store/apps/details?id=com.calendar727.waco1 !!!
Done processing com.calendar727.waco1-1.apk
Time Spent:   0 Days 0 Hours 1 Minutes 34 Seconds

============================================================================
58/180 Starting processing com.carrot.iceworld-1.apk ......
Getting apk info from https://play.google.com/store/apps/details?id=com.carrot.iceworld ......
Success to get info from Play Store
The lastest version of com.carrot.iceworld-1.apk is  1.0.1  
Done processing com.carrot.iceworld-1.apk
Time Spent:   0 Days 0 Hours 1 Minutes 38 Seconds

============================================================================
59/180 Starting processing com.ceapon.fire.smzhcq-1.apk ......
Getting apk info from https://play.google.com/store/apps/details?id=com.ceapon.fire.smzhcq ......
[ERROR] : Cannot find info of com.ceapon.fire.smzhcq-1.apk on https://play.google.com/store/apps/details?id=com.ceapon.fire.smzhcq !!!
Done processing com.ceapon.fire.smzhcq-1.apk
Time Spent:   0 Days 0 Hours 1 Minutes 39 Seconds

============================================================================
60/180 Starting processing com.changmeng.glgs-1.apk ......
Getting apk info from https://play.google.com/store/apps/details?id=com.changmeng.glgs ......
[ERROR] : Cannot find info of com.changmeng.glgs-1.apk on https://play.google.com/store/apps/details?id=com.changmeng.glgs !!!
Done processing com.changmeng.glgs-1.apk
Time Spent:   0 Days 0 Hours 1 Minutes 41 Seconds

============================================================================
61/180 Starting processing com.chinatelecom.bestpayclient-1.apk ......
Getting apk info from https://play.google.com/store/apps/details?id=com.chinatelecom.bestpayclient ......
[ERROR] : Cannot find info of com.chinatelecom.bestpayclient-1.apk on https://play.google.com/store/apps/details?id=com.chinatelecom.bestpayclient !!!
Done processing com.chinatelecom.bestpayclient-1.apk
Time Spent:   0 Days 0 Hours 1 Minutes 42 Seconds

============================================================================
62/180 Starting processing com.chinatelecom.pim-1.apk ......
Getting apk info from https://play.google.com/store/apps/details?id=com.chinatelecom.pim ......
[ERROR] : Cannot find info of com.chinatelecom.pim-1.apk on https://play.google.com/store/apps/details?id=com.chinatelecom.pim !!!
Done processing com.chinatelecom.pim-1.apk
Time Spent:   0 Days 0 Hours 1 Minutes 43 Seconds

============================================================================
63/180 Starting processing com.cjwifi-1.apk ......
Getting apk info from https://play.google.com/store/apps/details?id=com.cjwifi ......
[ERROR] : Cannot find info of com.cjwifi-1.apk on https://play.google.com/store/apps/details?id=com.cjwifi !!!
Done processing com.cjwifi-1.apk
Time Spent:   0 Days 0 Hours 1 Minutes 44 Seconds

============================================================================
64/180 Starting processing com.clov4r.android.nil-1.apk ......
Getting apk info from https://play.google.com/store/apps/details?id=com.clov4r.android.nil ......
[ERROR] : Cannot find info of com.clov4r.android.nil-1.apk on https://play.google.com/store/apps/details?id=com.clov4r.android.nil !!!
Done processing com.clov4r.android.nil-1.apk
Time Spent:   0 Days 0 Hours 1 Minutes 45 Seconds

============================================================================
65/180 Starting processing com.cmcc.mobilevideo-1.apk ......
Getting apk info from https://play.google.com/store/apps/details?id=com.cmcc.mobilevideo ......
[ERROR] : Cannot find info of com.cmcc.mobilevideo-1.apk on https://play.google.com/store/apps/details?id=com.cmcc.mobilevideo !!!
Done processing com.cmcc.mobilevideo-1.apk
Time Spent:   0 Days 0 Hours 1 Minutes 46 Seconds

============================================================================
66/180 Starting processing com.cnvcs.junqi-1.apk ......
Getting apk info from https://play.google.com/store/apps/details?id=com.cnvcs.junqi ......
Success to get info from Play Store
The lastest version of com.cnvcs.junqi-1.apk is  1.48  
Done processing com.cnvcs.junqi-1.apk
Time Spent:   0 Days 0 Hours 1 Minutes 48 Seconds

============================================================================
67/180 Starting processing com.cp9188.Activity-1.apk ......
Getting apk info from https://play.google.com/store/apps/details?id=com.cp9188.Activity ......
[ERROR] : Cannot find info of com.cp9188.Activity-1.apk on https://play.google.com/store/apps/details?id=com.cp9188.Activity !!!
Done processing com.cp9188.Activity-1.apk
Time Spent:   0 Days 0 Hours 1 Minutes 49 Seconds

============================================================================
68/180 Starting processing com.cpbao.lottery-1.apk ......
Getting apk info from https://play.google.com/store/apps/details?id=com.cpbao.lottery ......
[ERROR] : Cannot find info of com.cpbao.lottery-1.apk on https://play.google.com/store/apps/details?id=com.cpbao.lottery !!!
Done processing com.cpbao.lottery-1.apk
Time Spent:   0 Days 0 Hours 1 Minutes 50 Seconds

============================================================================
69/180 Starting processing com.cplatform.surfdesktop-1.apk ......
Getting apk info from https://play.google.com/store/apps/details?id=com.cplatform.surfdesktop ......
[ERROR] : Cannot find info of com.cplatform.surfdesktop-1.apk on https://play.google.com/store/apps/details?id=com.cplatform.surfdesktop !!!
Done processing com.cplatform.surfdesktop-1.apk
Time Spent:   0 Days 0 Hours 1 Minutes 51 Seconds

============================================================================
70/180 Starting processing com.crisisfire.android.baidu-1.apk ......
Getting apk info from https://play.google.com/store/apps/details?id=com.crisisfire.android.baidu ......
[ERROR] : Cannot find info of com.crisisfire.android.baidu-1.apk on https://play.google.com/store/apps/details?id=com.crisisfire.android.baidu !!!
Done processing com.crisisfire.android.baidu-1.apk
Time Spent:   0 Days 0 Hours 1 Minutes 53 Seconds

============================================================================
71/180 Starting processing com.dajingjie.catdisappear-1.apk ......
Getting apk info from https://play.google.com/store/apps/details?id=com.dajingjie.catdisappear ......
[ERROR] : Cannot find info of com.dajingjie.catdisappear-1.apk on https://play.google.com/store/apps/details?id=com.dajingjie.catdisappear !!!
Done processing com.dajingjie.catdisappear-1.apk
Time Spent:   0 Days 0 Hours 1 Minutes 53 Seconds

============================================================================
72/180 Starting processing com.dajingjie.zombie-1.apk ......
Getting apk info from https://play.google.com/store/apps/details?id=com.dajingjie.zombie ......
[ERROR] : Cannot find info of com.dajingjie.zombie-1.apk on https://play.google.com/store/apps/details?id=com.dajingjie.zombie !!!
Done processing com.dajingjie.zombie-1.apk
Time Spent:   0 Days 0 Hours 1 Minutes 54 Seconds

============================================================================
73/180 Starting processing com.dajj.dujiaoshuo-1.apk ......
Getting apk info from https://play.google.com/store/apps/details?id=com.dajj.dujiaoshuo ......
[ERROR] : Cannot find info of com.dajj.dujiaoshuo-1.apk on https://play.google.com/store/apps/details?id=com.dajj.dujiaoshuo !!!
Done processing com.dajj.dujiaoshuo-1.apk
Time Spent:   0 Days 0 Hours 1 Minutes 55 Seconds

============================================================================
74/180 Starting processing com.dandanzaiyiqi1021.xiuxian-1.apk ......
Getting apk info from https://play.google.com/store/apps/details?id=com.dandanzaiyiqi1021.xiuxian ......
[ERROR] : Cannot find info of com.dandanzaiyiqi1021.xiuxian-1.apk on https://play.google.com/store/apps/details?id=com.dandanzaiyiqi1021.xiuxian !!!
Done processing com.dandanzaiyiqi1021.xiuxian-1.apk
Time Spent:   0 Days 0 Hours 1 Minutes 56 Seconds

============================================================================
75/180 Starting processing com.dangdang.reader-1.apk ......
Getting apk info from https://play.google.com/store/apps/details?id=com.dangdang.reader ......
Success to get info from Play Store
The lastest version of com.dangdang.reader-1.apk is  3.5.0  
Done processing com.dangdang.reader-1.apk
Time Spent:   0 Days 0 Hours 1 Minutes 59 Seconds

============================================================================
76/180 Starting processing com.daywin.ttqjh-1.apk ......
Getting apk info from https://play.google.com/store/apps/details?id=com.daywin.ttqjh ......
Success to get info from Play Store
The lastest version of com.daywin.ttqjh-1.apk is  1.1.9  
Done processing com.daywin.ttqjh-1.apk
Time Spent:   0 Days 0 Hours 2 Minutes 1 Seconds

============================================================================
77/180 Starting processing com.derlang.snakes-1.apk ......
Getting apk info from https://play.google.com/store/apps/details?id=com.derlang.snakes ......
[ERROR] : Cannot find info of com.derlang.snakes-1.apk on https://play.google.com/store/apps/details?id=com.derlang.snakes !!!
Done processing com.derlang.snakes-1.apk
Time Spent:   0 Days 0 Hours 2 Minutes 2 Seconds

============================================================================
78/180 Starting processing com.disney.chukong.WMW-1.apk ......
Getting apk info from https://play.google.com/store/apps/details?id=com.disney.chukong.WMW ......
[ERROR] : Cannot find info of com.disney.chukong.WMW-1.apk on https://play.google.com/store/apps/details?id=com.disney.chukong.WMW !!!
Done processing com.disney.chukong.WMW-1.apk
Time Spent:   0 Days 0 Hours 2 Minutes 3 Seconds

============================================================================
79/180 Starting processing com.djj.qcfl-1.apk ......
Getting apk info from https://play.google.com/store/apps/details?id=com.djj.qcfl ......
[ERROR] : Cannot find info of com.djj.qcfl-1.apk on https://play.google.com/store/apps/details?id=com.djj.qcfl !!!
Done processing com.djj.qcfl-1.apk
Time Spent:   0 Days 0 Hours 2 Minutes 4 Seconds

============================================================================
80/180 Starting processing com.doding.bubblebear-1.apk ......
Getting apk info from https://play.google.com/store/apps/details?id=com.doding.bubblebear ......
[ERROR] : Cannot find info of com.doding.bubblebear-1.apk on https://play.google.com/store/apps/details?id=com.doding.bubblebear !!!
Done processing com.doding.bubblebear-1.apk
Time Spent:   0 Days 0 Hours 2 Minutes 5 Seconds

============================================================================
81/180 Starting processing com.doding.farmmania2-1.apk ......
Getting apk info from https://play.google.com/store/apps/details?id=com.doding.farmmania2 ......
[ERROR] : Cannot find info of com.doding.farmmania2-1.apk on https://play.google.com/store/apps/details?id=com.doding.farmmania2 !!!
Done processing com.doding.farmmania2-1.apk
Time Spent:   0 Days 0 Hours 2 Minutes 6 Seconds

============================================================================
82/180 Starting processing com.dotalk-1.apk ......
Getting apk info from https://play.google.com/store/apps/details?id=com.dotalk ......
[ERROR] : Cannot find info of com.dotalk-1.apk on https://play.google.com/store/apps/details?id=com.dotalk !!!
Done processing com.dotalk-1.apk
Time Spent:   0 Days 0 Hours 2 Minutes 7 Seconds

============================================================================
83/180 Starting processing com.dotools.weather-1.apk ......
Getting apk info from https://play.google.com/store/apps/details?id=com.dotools.weather ......
Success to get info from Play Store
The lastest version of com.dotools.weather-1.apk is  1.0  
Done processing com.dotools.weather-1.apk
Time Spent:   0 Days 0 Hours 2 Minutes 9 Seconds

============================================================================
84/180 Starting processing com.doublesmith.headless.android-1.apk ......
Getting apk info from https://play.google.com/store/apps/details?id=com.doublesmith.headless.android ......
Success to get info from Play Store
The lastest version of com.doublesmith.headless.android-1.apk is  0.1.9  
Done processing com.doublesmith.headless.android-1.apk
Time Spent:   0 Days 0 Hours 2 Minutes 11 Seconds

============================================================================
85/180 Starting processing com.duokan.reader-1.apk ......
Getting apk info from https://play.google.com/store/apps/details?id=com.duokan.reader ......
Success to get info from Play Store
The lastest version of com.duokan.reader-1.apk is  3.4.7  
Done processing com.duokan.reader-1.apk
Time Spent:   0 Days 0 Hours 2 Minutes 13 Seconds

============================================================================
86/180 Starting processing com.duomi.android-1.apk ......
Getting apk info from https://play.google.com/store/apps/details?id=com.duomi.android ......
[ERROR] : Cannot find info of com.duomi.android-1.apk on https://play.google.com/store/apps/details?id=com.duomi.android !!!
Done processing com.duomi.android-1.apk
Time Spent:   0 Days 0 Hours 2 Minutes 14 Seconds

============================================================================
87/180 Starting processing com.dzjgame.snowbubble-1.apk ......
Getting apk info from https://play.google.com/store/apps/details?id=com.dzjgame.snowbubble ......
[ERROR] : Cannot find info of com.dzjgame.snowbubble-1.apk on https://play.google.com/store/apps/details?id=com.dzjgame.snowbubble !!!
Done processing com.dzjgame.snowbubble-1.apk
Time Spent:   0 Days 0 Hours 2 Minutes 15 Seconds

============================================================================
88/180 Starting processing com.endwar.yidong-1.apk ......
Getting apk info from https://play.google.com/store/apps/details?id=com.endwar.yidong ......
[ERROR] : Cannot find info of com.endwar.yidong-1.apk on https://play.google.com/store/apps/details?id=com.endwar.yidong !!!
Done processing com.endwar.yidong-1.apk
Time Spent:   0 Days 0 Hours 2 Minutes 16 Seconds

============================================================================
89/180 Starting processing com.erlinyou.worldlist-1.apk ......
Getting apk info from https://play.google.com/store/apps/details?id=com.erlinyou.worldlist ......
[ERROR] : Cannot find info of com.erlinyou.worldlist-1.apk on https://play.google.com/store/apps/details?id=com.erlinyou.worldlist !!!
Done processing com.erlinyou.worldlist-1.apk
Time Spent:   0 Days 0 Hours 2 Minutes 17 Seconds

============================================================================
90/180 Starting processing com.esvideo-1.apk ......
Getting apk info from https://play.google.com/store/apps/details?id=com.esvideo ......
[ERROR] : Cannot find info of com.esvideo-1.apk on https://play.google.com/store/apps/details?id=com.esvideo !!!
Done processing com.esvideo-1.apk
Time Spent:   0 Days 0 Hours 2 Minutes 18 Seconds

============================================================================
91/180 Starting processing com.ewrfdg.erg.bghfgud.bjhghgfhi.hgfhkh-1.apk ......
Getting apk info from https://play.google.com/store/apps/details?id=com.ewrfdg.erg.bghfgud.bjhghgfhi.hgfhkh ......
[ERROR] : Cannot find info of com.ewrfdg.erg.bghfgud.bjhghgfhi.hgfhkh-1.apk on https://play.google.com/store/apps/details?id=com.ewrfdg.erg.bghfgud.bjhghgfhi.hgfhkh !!!
Done processing com.ewrfdg.erg.bghfgud.bjhghgfhi.hgfhkh-1.apk
Time Spent:   0 Days 0 Hours 2 Minutes 19 Seconds

============================================================================
92/180 Starting processing com.example.drawdemo02.wmt001-1.apk ......
Getting apk info from https://play.google.com/store/apps/details?id=com.example.drawdemo02.wmt001 ......
[ERROR] : Cannot find info of com.example.drawdemo02.wmt001-1.apk on https://play.google.com/store/apps/details?id=com.example.drawdemo02.wmt001 !!!
Done processing com.example.drawdemo02.wmt001-1.apk
Time Spent:   0 Days 0 Hours 2 Minutes 19 Seconds

============================================================================
93/180 Starting processing com.face.facescore0712.bai01-1.apk ......
Getting apk info from https://play.google.com/store/apps/details?id=com.face.facescore0712.bai01 ......
[ERROR] : Cannot find info of com.face.facescore0712.bai01-1.apk on https://play.google.com/store/apps/details?id=com.face.facescore0712.bai01 !!!
Done processing com.face.facescore0712.bai01-1.apk
Time Spent:   0 Days 0 Hours 2 Minutes 20 Seconds

============================================================================
94/180 Starting processing com.facebook.katana-1.apk ......
Getting apk info from https://play.google.com/store/apps/details?id=com.facebook.katana ......
Success to get info from Play Store
The lastest version of com.facebook.katana-1.apk is    Varies with device  
Done processing com.facebook.katana-1.apk
Time Spent:   0 Days 0 Hours 2 Minutes 24 Seconds

============================================================================
95/180 Starting processing com.fan.newluckcalculate-1.apk ......
Getting apk info from https://play.google.com/store/apps/details?id=com.fan.newluckcalculate ......
[ERROR] : Cannot find info of com.fan.newluckcalculate-1.apk on https://play.google.com/store/apps/details?id=com.fan.newluckcalculate !!!
Done processing com.fan.newluckcalculate-1.apk
Time Spent:   0 Days 0 Hours 2 Minutes 25 Seconds

============================================================================
96/180 Starting processing com.fan.newtimer03-1.apk ......
Getting apk info from https://play.google.com/store/apps/details?id=com.fan.newtimer03 ......
[ERROR] : Cannot find info of com.fan.newtimer03-1.apk on https://play.google.com/store/apps/details?id=com.fan.newtimer03 !!!
Done processing com.fan.newtimer03-1.apk
Time Spent:   0 Days 0 Hours 2 Minutes 26 Seconds

============================================================================
97/180 Starting processing com.fanren.jxy2.chs.paojiao.cn-1.apk ......
Getting apk info from https://play.google.com/store/apps/details?id=com.fanren.jxy2.chs.paojiao.cn ......
[ERROR] : Cannot find info of com.fanren.jxy2.chs.paojiao.cn-1.apk on https://play.google.com/store/apps/details?id=com.fanren.jxy2.chs.paojiao.cn !!!
Done processing com.fanren.jxy2.chs.paojiao.cn-1.apk
Time Spent:   0 Days 0 Hours 2 Minutes 27 Seconds

============================================================================
98/180 Starting processing com.feixiang.doors.hundred.hardest-1.apk ......
Getting apk info from https://play.google.com/store/apps/details?id=com.feixiang.doors.hundred.hardest ......
[ERROR] : Cannot find info of com.feixiang.doors.hundred.hardest-1.apk on https://play.google.com/store/apps/details?id=com.feixiang.doors.hundred.hardest !!!
Done processing com.feixiang.doors.hundred.hardest-1.apk
Time Spent:   0 Days 0 Hours 2 Minutes 28 Seconds

============================================================================
99/180 Starting processing com.feixiang.floor.hundred-1.apk ......
Getting apk info from https://play.google.com/store/apps/details?id=com.feixiang.floor.hundred ......
[ERROR] : Cannot find info of com.feixiang.floor.hundred-1.apk on https://play.google.com/store/apps/details?id=com.feixiang.floor.hundred !!!
Done processing com.feixiang.floor.hundred-1.apk
Time Spent:   0 Days 0 Hours 2 Minutes 29 Seconds

============================================================================
100/180 Starting processing com.fighter.butterfly-1.apk ......
Getting apk info from https://play.google.com/store/apps/details?id=com.fighter.butterfly ......
[ERROR] : Cannot find info of com.fighter.butterfly-1.apk on https://play.google.com/store/apps/details?id=com.fighter.butterfly !!!
Done processing com.fighter.butterfly-1.apk
Time Spent:   0 Days 0 Hours 2 Minutes 30 Seconds

============================================================================
101/180 Starting processing com.fish.freewifi-1.apk ......
Getting apk info from https://play.google.com/store/apps/details?id=com.fish.freewifi ......
Success to get info from Play Store
The lastest version of com.fish.freewifi-1.apk is  1.1.0  
Done processing com.fish.freewifi-1.apk
Time Spent:   0 Days 0 Hours 2 Minutes 31 Seconds

============================================================================
102/180 Starting processing com.fmmatch.tata-1.apk ......
Getting apk info from https://play.google.com/store/apps/details?id=com.fmmatch.tata ......
[ERROR] : Cannot find info of com.fmmatch.tata-1.apk on https://play.google.com/store/apps/details?id=com.fmmatch.tata !!!
Done processing com.fmmatch.tata-1.apk
Time Spent:   0 Days 0 Hours 2 Minutes 32 Seconds

============================================================================
103/180 Starting processing com.font.manag0709.c03-1.apk ......
Getting apk info from https://play.google.com/store/apps/details?id=com.font.manag0709.c03 ......
[ERROR] : Cannot find info of com.font.manag0709.c03-1.apk on https://play.google.com/store/apps/details?id=com.font.manag0709.c03 !!!
Done processing com.font.manag0709.c03-1.apk
Time Spent:   0 Days 0 Hours 2 Minutes 33 Seconds

============================================================================
104/180 Starting processing com.fontmst0810.w01-1.apk ......
Getting apk info from https://play.google.com/store/apps/details?id=com.fontmst0810.w01 ......
[ERROR] : Cannot find info of com.fontmst0810.w01-1.apk on https://play.google.com/store/apps/details?id=com.fontmst0810.w01 !!!
Done processing com.fontmst0810.w01-1.apk
Time Spent:   0 Days 0 Hours 2 Minutes 34 Seconds

============================================================================
105/180 Starting processing com.fourcall-1.apk ......
Getting apk info from https://play.google.com/store/apps/details?id=com.fourcall ......
[ERROR] : Cannot find info of com.fourcall-1.apk on https://play.google.com/store/apps/details?id=com.fourcall !!!
Done processing com.fourcall-1.apk
Time Spent:   0 Days 0 Hours 2 Minutes 35 Seconds

============================================================================
106/180 Starting processing com.gangqingskkejd2014.ha-1.apk ......
Getting apk info from https://play.google.com/store/apps/details?id=com.gangqingskkejd2014.ha ......
[ERROR] : Cannot find info of com.gangqingskkejd2014.ha-1.apk on https://play.google.com/store/apps/details?id=com.gangqingskkejd2014.ha !!!
Done processing com.gangqingskkejd2014.ha-1.apk
Time Spent:   0 Days 0 Hours 2 Minutes 36 Seconds

============================================================================
107/180 Starting processing com.ganji.android-1.apk ......
Getting apk info from https://play.google.com/store/apps/details?id=com.ganji.android ......
Success to get info from Play Store
The lastest version of com.ganji.android-1.apk is  6.2.0  
Done processing com.ganji.android-1.apk
Time Spent:   0 Days 0 Hours 2 Minutes 38 Seconds

============================================================================
108/180 Starting processing com.geili.koudai-1.apk ......
Getting apk info from https://play.google.com/store/apps/details?id=com.geili.koudai ......
Success to get info from Play Store
The lastest version of com.geili.koudai-1.apk is  3.8.0  
Done processing com.geili.koudai-1.apk
Time Spent:   0 Days 0 Hours 2 Minutes 39 Seconds

============================================================================
109/180 Starting processing com.geniuseoe2012.demo.wmt01-1.apk ......
Getting apk info from https://play.google.com/store/apps/details?id=com.geniuseoe2012.demo.wmt01 ......
[ERROR] : Cannot find info of com.geniuseoe2012.demo.wmt01-1.apk on https://play.google.com/store/apps/details?id=com.geniuseoe2012.demo.wmt01 !!!
Done processing com.geniuseoe2012.demo.wmt01-1.apk
Time Spent:   0 Days 0 Hours 2 Minutes 40 Seconds

============================================================================
110/180 Starting processing com.gh.wifi.share11.wmt150-1.apk ......
Getting apk info from https://play.google.com/store/apps/details?id=com.gh.wifi.share11.wmt150 ......
[ERROR] : Cannot find info of com.gh.wifi.share11.wmt150-1.apk on https://play.google.com/store/apps/details?id=com.gh.wifi.share11.wmt150 !!!
Done processing com.gh.wifi.share11.wmt150-1.apk
Time Spent:   0 Days 0 Hours 2 Minutes 41 Seconds

============================================================================
111/180 Starting processing com.google.android.apps.maps-1.apk ......
Getting apk info from https://play.google.com/store/apps/details?id=com.google.android.apps.maps ......
Success to get info from Play Store
The lastest version of com.google.android.apps.maps-1.apk is    Varies with device  
Done processing com.google.android.apps.maps-1.apk
Time Spent:   0 Days 0 Hours 2 Minutes 45 Seconds

============================================================================
112/180 Starting processing com.google.android.gms-1.apk ......
Getting apk info from https://play.google.com/store/apps/details?id=com.google.android.gms ......
Success to get info from Play Store
The lastest version of com.google.android.gms-1.apk is    Varies with device  
Done processing com.google.android.gms-1.apk
Time Spent:   0 Days 0 Hours 2 Minutes 47 Seconds

============================================================================
113/180 Starting processing com.greenpoint.android.mc10086.activity-1.apk ......
Getting apk info from https://play.google.com/store/apps/details?id=com.greenpoint.android.mc10086.activity ......
[ERROR] : Cannot find info of com.greenpoint.android.mc10086.activity-1.apk on https://play.google.com/store/apps/details?id=com.greenpoint.android.mc10086.activity !!!
Done processing com.greenpoint.android.mc10086.activity-1.apk
Time Spent:   0 Days 0 Hours 2 Minutes 48 Seconds

============================================================================
114/180 Starting processing com.gtgj.view-1.apk ......
Getting apk info from https://play.google.com/store/apps/details?id=com.gtgj.view ......
Success to get info from Play Store
The lastest version of com.gtgj.view-1.apk is  2.8  
Done processing com.gtgj.view-1.apk
Time Spent:   0 Days 0 Hours 2 Minutes 52 Seconds

============================================================================
115/180 Starting processing com.guangtouqiang1013.tafang-1.apk ......
Getting apk info from https://play.google.com/store/apps/details?id=com.guangtouqiang1013.tafang ......
[ERROR] : Cannot find info of com.guangtouqiang1013.tafang-1.apk on https://play.google.com/store/apps/details?id=com.guangtouqiang1013.tafang !!!
Done processing com.guangtouqiang1013.tafang-1.apk
Time Spent:   0 Days 0 Hours 2 Minutes 53 Seconds

============================================================================
116/180 Starting processing com.guhuntgs.chickenpeggs-1.apk ......
Getting apk info from https://play.google.com/store/apps/details?id=com.guhuntgs.chickenpeggs ......
[ERROR] : Cannot find info of com.guhuntgs.chickenpeggs-1.apk on https://play.google.com/store/apps/details?id=com.guhuntgs.chickenpeggs !!!
Done processing com.guhuntgs.chickenpeggs-1.apk
Time Spent:   0 Days 0 Hours 2 Minutes 54 Seconds

============================================================================
117/180 Starting processing com.hcsql.shengqiandianhua-1.apk ......
Getting apk info from https://play.google.com/store/apps/details?id=com.hcsql.shengqiandianhua ......
[ERROR] : Cannot find info of com.hcsql.shengqiandianhua-1.apk on https://play.google.com/store/apps/details?id=com.hcsql.shengqiandianhua !!!
Done processing com.hcsql.shengqiandianhua-1.apk
Time Spent:   0 Days 0 Hours 2 Minutes 55 Seconds

============================================================================
118/180 Starting processing com.heitao.glqxz.ouxd-1.apk ......
Getting apk info from https://play.google.com/store/apps/details?id=com.heitao.glqxz.ouxd ......
[ERROR] : Cannot find info of com.heitao.glqxz.ouxd-1.apk on https://play.google.com/store/apps/details?id=com.heitao.glqxz.ouxd !!!
Done processing com.heitao.glqxz.ouxd-1.apk
Time Spent:   0 Days 0 Hours 2 Minutes 55 Seconds

============================================================================
119/180 Starting processing com.hisunflytone.android-1.apk ......
Getting apk info from https://play.google.com/store/apps/details?id=com.hisunflytone.android ......
[ERROR] : Cannot find info of com.hisunflytone.android-1.apk on https://play.google.com/store/apps/details?id=com.hisunflytone.android !!!
Done processing com.hisunflytone.android-1.apk
Time Spent:   0 Days 0 Hours 2 Minutes 57 Seconds

============================================================================
120/180 Starting processing com.hitunob.fruitshoot-1.apk ......
Getting apk info from https://play.google.com/store/apps/details?id=com.hitunob.fruitshoot ......
[ERROR] : Cannot find info of com.hitunob.fruitshoot-1.apk on https://play.google.com/store/apps/details?id=com.hitunob.fruitshoot !!!
Done processing com.hitunob.fruitshoot-1.apk
Time Spent:   0 Days 0 Hours 2 Minutes 57 Seconds

============================================================================
121/180 Starting processing com.htc.album-1.apk ......
Getting apk info from https://play.google.com/store/apps/details?id=com.htc.album ......
Success to get info from Play Store
The lastest version of com.htc.album-1.apk is 
Done processing com.htc.album-1.apk
Time Spent:   0 Days 0 Hours 3 Minutes 2 Seconds

============================================================================
122/180 Starting processing com.huawei.phoneservice-1.apk ......
Getting apk info from https://play.google.com/store/apps/details?id=com.huawei.phoneservice ......
Success to get info from Play Store
The lastest version of com.huawei.phoneservice-1.apk is  1.30.211.I  
Done processing com.huawei.phoneservice-1.apk
Time Spent:   0 Days 0 Hours 3 Minutes 5 Seconds

============================================================================
123/180 Starting processing com.huawei.pisa.activity-1.apk ......
Getting apk info from https://play.google.com/store/apps/details?id=com.huawei.pisa.activity ......
[ERROR] : Cannot find info of com.huawei.pisa.activity-1.apk on https://play.google.com/store/apps/details?id=com.huawei.pisa.activity !!!
Done processing com.huawei.pisa.activity-1.apk
Time Spent:   0 Days 0 Hours 3 Minutes 6 Seconds

============================================================================
124/180 Starting processing com.huizheng.lasq-1.apk ......
Getting apk info from https://play.google.com/store/apps/details?id=com.huizheng.lasq ......
[ERROR] : Cannot find info of com.huizheng.lasq-1.apk on https://play.google.com/store/apps/details?id=com.huizheng.lasq !!!
Done processing com.huizheng.lasq-1.apk
Time Spent:   0 Days 0 Hours 3 Minutes 7 Seconds

============================================================================
125/180 Starting processing com.hukunart.superplumber-1.apk ......
Getting apk info from https://play.google.com/store/apps/details?id=com.hukunart.superplumber ......
[ERROR] : Cannot find info of com.hukunart.superplumber-1.apk on https://play.google.com/store/apps/details?id=com.hukunart.superplumber !!!
Done processing com.hukunart.superplumber-1.apk
Time Spent:   0 Days 0 Hours 3 Minutes 8 Seconds

============================================================================
126/180 Starting processing com.hummingbird.wuhujiang.dgjwz.fivegames-1.apk ......
Getting apk info from https://play.google.com/store/apps/details?id=com.hummingbird.wuhujiang.dgjwz.fivegames ......
Success to get info from Play Store
The lastest version of com.hummingbird.wuhujiang.dgjwz.fivegames-1.apk is  1.7.6.1  
Done processing com.hummingbird.wuhujiang.dgjwz.fivegames-1.apk
Time Spent:   0 Days 0 Hours 3 Minutes 11 Seconds

============================================================================
127/180 Starting processing com.hunantv.imgo.activity-1.apk ......
Getting apk info from https://play.google.com/store/apps/details?id=com.hunantv.imgo.activity ......
[ERROR] : Cannot find info of com.hunantv.imgo.activity-1.apk on https://play.google.com/store/apps/details?id=com.hunantv.imgo.activity !!!
Done processing com.hunantv.imgo.activity-1.apk
Time Spent:   0 Days 0 Hours 3 Minutes 12 Seconds

============================================================================
128/180 Starting processing com.hunqoue.shootfruits-1.apk ......
Getting apk info from https://play.google.com/store/apps/details?id=com.hunqoue.shootfruits ......
[ERROR] : Cannot find info of com.hunqoue.shootfruits-1.apk on https://play.google.com/store/apps/details?id=com.hunqoue.shootfruits !!!
Done processing com.hunqoue.shootfruits-1.apk
Time Spent:   0 Days 0 Hours 3 Minutes 12 Seconds

============================================================================
129/180 Starting processing com.huyong.client.yaojiecao-1.apk ......
Getting apk info from https://play.google.com/store/apps/details?id=com.huyong.client.yaojiecao ......
[ERROR] : Cannot find info of com.huyong.client.yaojiecao-1.apk on https://play.google.com/store/apps/details?id=com.huyong.client.yaojiecao !!!
Done processing com.huyong.client.yaojiecao-1.apk
Time Spent:   0 Days 0 Hours 3 Minutes 13 Seconds

============================================================================
130/180 Starting processing com.iBookStar.activity-1.apk ......
Getting apk info from https://play.google.com/store/apps/details?id=com.iBookStar.activity ......
[ERROR] : Cannot find info of com.iBookStar.activity-1.apk on https://play.google.com/store/apps/details?id=com.iBookStar.activity !!!
Done processing com.iBookStar.activity-1.apk
Time Spent:   0 Days 0 Hours 3 Minutes 14 Seconds

============================================================================
131/180 Starting processing com.ifeng.newvideo-1.apk ......
Getting apk info from https://play.google.com/store/apps/details?id=com.ifeng.newvideo ......
Success to get info from Play Store
The lastest version of com.ifeng.newvideo-1.apk is  5.4.3  
Done processing com.ifeng.newvideo-1.apk
Time Spent:   0 Days 0 Hours 3 Minutes 18 Seconds

============================================================================
132/180 Starting processing com.iflytek.cmcc-1.apk ......
Getting apk info from https://play.google.com/store/apps/details?id=com.iflytek.cmcc ......
[ERROR] : Cannot find info of com.iflytek.cmcc-1.apk on https://play.google.com/store/apps/details?id=com.iflytek.cmcc !!!
Done processing com.iflytek.cmcc-1.apk
Time Spent:   0 Days 0 Hours 3 Minutes 19 Seconds

============================================================================
133/180 Starting processing com.imaginationstudionew-1.apk ......
Getting apk info from https://play.google.com/store/apps/details?id=com.imaginationstudionew ......
[ERROR] : Cannot find info of com.imaginationstudionew-1.apk on https://play.google.com/store/apps/details?id=com.imaginationstudionew !!!
Done processing com.imaginationstudionew-1.apk
Time Spent:   0 Days 0 Hours 3 Minutes 20 Seconds

============================================================================
134/180 Starting processing com.instamag.activity-1.apk ......
Getting apk info from https://play.google.com/store/apps/details?id=com.instamag.activity ......
Success to get info from Play Store
The lastest version of com.instamag.activity-1.apk is  3.5.5  
Done processing com.instamag.activity-1.apk
Time Spent:   0 Days 0 Hours 3 Minutes 24 Seconds

============================================================================
135/180 Starting processing com.intsig.BizCardReader-1.apk ......
Getting apk info from https://play.google.com/store/apps/details?id=com.intsig.BizCardReader ......
Success to get info from Play Store
The lastest version of com.intsig.BizCardReader-1.apk is    Varies with device  
Done processing com.intsig.BizCardReader-1.apk
Time Spent:   0 Days 0 Hours 3 Minutes 27 Seconds

============================================================================
136/180 Starting processing com.iokungti.eatfood-1.apk ......
Getting apk info from https://play.google.com/store/apps/details?id=com.iokungti.eatfood ......
[ERROR] : Cannot find info of com.iokungti.eatfood-1.apk on https://play.google.com/store/apps/details?id=com.iokungti.eatfood !!!
Done processing com.iokungti.eatfood-1.apk
Time Spent:   0 Days 0 Hours 3 Minutes 27 Seconds

============================================================================
137/180 Starting processing com.ishugui-1.apk ......
Getting apk info from https://play.google.com/store/apps/details?id=com.ishugui ......
Success to get info from Play Store
The lastest version of com.ishugui-1.apk is  1.3.02.01  
Done processing com.ishugui-1.apk
Time Spent:   0 Days 0 Hours 3 Minutes 31 Seconds

============================================================================
138/180 Starting processing com.izhenxin-1.apk ......
Getting apk info from https://play.google.com/store/apps/details?id=com.izhenxin ......
[ERROR] : Cannot find info of com.izhenxin-1.apk on https://play.google.com/store/apps/details?id=com.izhenxin !!!
Done processing com.izhenxin-1.apk
Time Spent:   0 Days 0 Hours 3 Minutes 31 Seconds

============================================================================
139/180 Starting processing com.jhss.youguu-1.apk ......
Getting apk info from https://play.google.com/store/apps/details?id=com.jhss.youguu ......
Success to get info from Play Store
The lastest version of com.jhss.youguu-1.apk is  5.0  
Done processing com.jhss.youguu-1.apk
Time Spent:   0 Days 0 Hours 3 Minutes 33 Seconds

============================================================================
140/180 Starting processing com.jiami.mahjong.yilan3-1.apk ......
Getting apk info from https://play.google.com/store/apps/details?id=com.jiami.mahjong.yilan3 ......
[ERROR] : Cannot find info of com.jiami.mahjong.yilan3-1.apk on https://play.google.com/store/apps/details?id=com.jiami.mahjong.yilan3 !!!
Done processing com.jiami.mahjong.yilan3-1.apk
Time Spent:   0 Days 0 Hours 3 Minutes 34 Seconds

============================================================================
141/180 Starting processing com.jiami.mahjong.yilan4-1.apk ......
Getting apk info from https://play.google.com/store/apps/details?id=com.jiami.mahjong.yilan4 ......
[ERROR] : Cannot find info of com.jiami.mahjong.yilan4-1.apk on https://play.google.com/store/apps/details?id=com.jiami.mahjong.yilan4 !!!
Done processing com.jiami.mahjong.yilan4-1.apk
Time Spent:   0 Days 0 Hours 3 Minutes 35 Seconds

============================================================================
142/180 Starting processing com.jiubang.goscreenlock-1.apk ......
Getting apk info from https://play.google.com/store/apps/details?id=com.jiubang.goscreenlock ......
Success to get info from Play Store
The lastest version of com.jiubang.goscreenlock-1.apk is    Varies with device  
Done processing com.jiubang.goscreenlock-1.apk
Time Spent:   0 Days 0 Hours 3 Minutes 38 Seconds

============================================================================
143/180 Starting processing com.jiubusana.dnt-1.apk ......
Getting apk info from https://play.google.com/store/apps/details?id=com.jiubusana.dnt ......
[ERROR] : Cannot find info of com.jiubusana.dnt-1.apk on https://play.google.com/store/apps/details?id=com.jiubusana.dnt !!!
Done processing com.jiubusana.dnt-1.apk
Time Spent:   0 Days 0 Hours 3 Minutes 39 Seconds

============================================================================
144/180 Starting processing com.joynow.hy-1.apk ......
Getting apk info from https://play.google.com/store/apps/details?id=com.joynow.hy ......
[ERROR] : Cannot find info of com.joynow.hy-1.apk on https://play.google.com/store/apps/details?id=com.joynow.hy !!!
Done processing com.joynow.hy-1.apk
Time Spent:   0 Days 0 Hours 3 Minutes 40 Seconds

============================================================================
145/180 Starting processing com.kingroot.kinguser-1.apk ......
Getting apk info from https://play.google.com/store/apps/details?id=com.kingroot.kinguser ......
[ERROR] : Cannot find info of com.kingroot.kinguser-1.apk on https://play.google.com/store/apps/details?id=com.kingroot.kinguser !!!
Done processing com.kingroot.kinguser-1.apk
Time Spent:   0 Days 0 Hours 3 Minutes 40 Seconds

============================================================================
146/180 Starting processing com.koudai.weishop-1.apk ......
Getting apk info from https://play.google.com/store/apps/details?id=com.koudai.weishop ......
Success to get info from Play Store
The lastest version of com.koudai.weishop-1.apk is  4.0.2  
Done processing com.koudai.weishop-1.apk
Time Spent:   0 Days 0 Hours 3 Minutes 43 Seconds

============================================================================
147/180 Starting processing com.kugou.android-1.apk ......
Getting apk info from https://play.google.com/store/apps/details?id=com.kugou.android ......
Success to get info from Play Store
The lastest version of com.kugou.android-1.apk is    Varies with device  
Done processing com.kugou.android-1.apk
Time Spent:   0 Days 0 Hours 3 Minutes 46 Seconds

============================================================================
148/180 Starting processing com.laba.wcs-1.apk ......
Getting apk info from https://play.google.com/store/apps/details?id=com.laba.wcs ......
[ERROR] : Cannot find info of com.laba.wcs-1.apk on https://play.google.com/store/apps/details?id=com.laba.wcs !!!
Done processing com.laba.wcs-1.apk
Time Spent:   0 Days 0 Hours 3 Minutes 47 Seconds

============================================================================
149/180 Starting processing com.lbe.security-1.apk ......
Getting apk info from https://play.google.com/store/apps/details?id=com.lbe.security ......
Success to get info from Play Store
The lastest version of com.lbe.security-1.apk is  6.1.1504  
Done processing com.lbe.security-1.apk
Time Spent:   0 Days 0 Hours 3 Minutes 51 Seconds

============================================================================
150/180 Starting processing com.lemoncats.fish.xzy2015-1.apk ......
Getting apk info from https://play.google.com/store/apps/details?id=com.lemoncats.fish.xzy2015 ......
[ERROR] : Cannot find info of com.lemoncats.fish.xzy2015-1.apk on https://play.google.com/store/apps/details?id=com.lemoncats.fish.xzy2015 !!!
Done processing com.lemoncats.fish.xzy2015-1.apk
Time Spent:   0 Days 0 Hours 3 Minutes 52 Seconds

============================================================================
151/180 Starting processing com.leo.car.zxy2017-1.apk ......
Getting apk info from https://play.google.com/store/apps/details?id=com.leo.car.zxy2017 ......
[ERROR] : Cannot find info of com.leo.car.zxy2017-1.apk on https://play.google.com/store/apps/details?id=com.leo.car.zxy2017 !!!
Done processing com.leo.car.zxy2017-1.apk
Time Spent:   0 Days 0 Hours 3 Minutes 53 Seconds

============================================================================
152/180 Starting processing com.ljmobile.yjb.root.uninstall-1.apk ......
Getting apk info from https://play.google.com/store/apps/details?id=com.ljmobile.yjb.root.uninstall ......
[ERROR] : Cannot find info of com.ljmobile.yjb.root.uninstall-1.apk on https://play.google.com/store/apps/details?id=com.ljmobile.yjb.root.uninstall !!!
Done processing com.ljmobile.yjb.root.uninstall-1.apk
Time Spent:   0 Days 0 Hours 3 Minutes 54 Seconds

============================================================================
153/180 Starting processing com.locojoy.baidu.immt_a_chs-1.apk ......
Getting apk info from https://play.google.com/store/apps/details?id=com.locojoy.baidu.immt_a_chs ......
[ERROR] : Cannot find info of com.locojoy.baidu.immt_a_chs-1.apk on https://play.google.com/store/apps/details?id=com.locojoy.baidu.immt_a_chs !!!
Done processing com.locojoy.baidu.immt_a_chs-1.apk
Time Spent:   0 Days 0 Hours 3 Minutes 56 Seconds

============================================================================
154/180 Starting processing com.loveplay.plane011_tm.CPS.PlaneActivity.ztjt220-1.apk ......
Getting apk info from https://play.google.com/store/apps/details?id=com.loveplay.plane011_tm.CPS.PlaneActivity.ztjt220 ......
[ERROR] : Cannot find info of com.loveplay.plane011_tm.CPS.PlaneActivity.ztjt220-1.apk on https://play.google.com/store/apps/details?id=com.loveplay.plane011_tm.CPS.PlaneActivity.ztjt220 !!!
Done processing com.loveplay.plane011_tm.CPS.PlaneActivity.ztjt220-1.apk
Time Spent:   0 Days 0 Hours 3 Minutes 56 Seconds

============================================================================
155/180 Starting processing com.lt.parkour2014_df-1.apk ......
Getting apk info from https://play.google.com/store/apps/details?id=com.lt.parkour2014_df ......
[ERROR] : Cannot find info of com.lt.parkour2014_df-1.apk on https://play.google.com/store/apps/details?id=com.lt.parkour2014_df !!!
Done processing com.lt.parkour2014_df-1.apk
Time Spent:   0 Days 0 Hours 3 Minutes 57 Seconds

============================================================================
156/180 Starting processing com.mahjong.danji-1.apk ......
Getting apk info from https://play.google.com/store/apps/details?id=com.mahjong.danji ......
Success to get info from Play Store
The lastest version of com.mahjong.danji-1.apk is  3.37  
Done processing com.mahjong.danji-1.apk
Time Spent:   0 Days 0 Hours 3 Minutes 59 Seconds

============================================================================
157/180 Starting processing com.main.gm30.xzy2015113-1.apk ......
Getting apk info from https://play.google.com/store/apps/details?id=com.main.gm30.xzy2015113 ......
[ERROR] : Cannot find info of com.main.gm30.xzy2015113-1.apk on https://play.google.com/store/apps/details?id=com.main.gm30.xzy2015113 !!!
Done processing com.main.gm30.xzy2015113-1.apk
Time Spent:   0 Days 0 Hours 4 Minutes 0 Seconds

============================================================================
158/180 Starting processing com.manhua1105.huoyingrenzhe-1.apk ......
Getting apk info from https://play.google.com/store/apps/details?id=com.manhua1105.huoyingrenzhe ......
[ERROR] : Cannot find info of com.manhua1105.huoyingrenzhe-1.apk on https://play.google.com/store/apps/details?id=com.manhua1105.huoyingrenzhe !!!
Done processing com.manhua1105.huoyingrenzhe-1.apk
Time Spent:   0 Days 0 Hours 4 Minutes 1 Seconds

============================================================================
159/180 Starting processing com.manshen.dmbj.ouwy-1.apk ......
Getting apk info from https://play.google.com/store/apps/details?id=com.manshen.dmbj.ouwy ......
[ERROR] : Cannot find info of com.manshen.dmbj.ouwy-1.apk on https://play.google.com/store/apps/details?id=com.manshen.dmbj.ouwy !!!
Done processing com.manshen.dmbj.ouwy-1.apk
Time Spent:   0 Days 0 Hours 4 Minutes 2 Seconds

============================================================================
160/180 Starting processing com.manwei.dhhsd2040.hodo.fivegames-1.apk ......
Getting apk info from https://play.google.com/store/apps/details?id=com.manwei.dhhsd2040.hodo.fivegames ......
[ERROR] : Cannot find info of com.manwei.dhhsd2040.hodo.fivegames-1.apk on https://play.google.com/store/apps/details?id=com.manwei.dhhsd2040.hodo.fivegames !!!
Done processing com.manwei.dhhsd2040.hodo.fivegames-1.apk
Time Spent:   0 Days 0 Hours 4 Minutes 3 Seconds

============================================================================
161/180 Starting processing com.mas.wawagame.qmjjlordMMS-1.apk ......
Getting apk info from https://play.google.com/store/apps/details?id=com.mas.wawagame.qmjjlordMMS ......
[ERROR] : Cannot find info of com.mas.wawagame.qmjjlordMMS-1.apk on https://play.google.com/store/apps/details?id=com.mas.wawagame.qmjjlordMMS !!!
Done processing com.mas.wawagame.qmjjlordMMS-1.apk
Time Spent:   0 Days 0 Hours 4 Minutes 4 Seconds

============================================================================
162/180 Starting processing com.math.birdescape-1.apk ......
Getting apk info from https://play.google.com/store/apps/details?id=com.math.birdescape ......
[ERROR] : Cannot find info of com.math.birdescape-1.apk on https://play.google.com/store/apps/details?id=com.math.birdescape !!!
Done processing com.math.birdescape-1.apk
Time Spent:   0 Days 0 Hours 4 Minutes 4 Seconds

============================================================================
163/180 Starting processing com.meike.hjzsjzq-1.apk ......
Getting apk info from https://play.google.com/store/apps/details?id=com.meike.hjzsjzq ......
[ERROR] : Cannot find info of com.meike.hjzsjzq-1.apk on https://play.google.com/store/apps/details?id=com.meike.hjzsjzq !!!
Done processing com.meike.hjzsjzq-1.apk
Time Spent:   0 Days 0 Hours 4 Minutes 5 Seconds

============================================================================
164/180 Starting processing com.melot.meshow-1.apk ......
Getting apk info from https://play.google.com/store/apps/details?id=com.melot.meshow ......
[ERROR] : Cannot find info of com.melot.meshow-1.apk on https://play.google.com/store/apps/details?id=com.melot.meshow !!!
Done processing com.melot.meshow-1.apk
Time Spent:   0 Days 0 Hours 4 Minutes 6 Seconds

============================================================================
165/180 Starting processing com.memezhibo.android-1.apk ......
Getting apk info from https://play.google.com/store/apps/details?id=com.memezhibo.android ......
[ERROR] : Cannot find info of com.memezhibo.android-1.apk on https://play.google.com/store/apps/details?id=com.memezhibo.android !!!
Done processing com.memezhibo.android-1.apk
Time Spent:   0 Days 0 Hours 4 Minutes 7 Seconds

============================================================================
166/180 Starting processing com.mgyun.shua.su-1.apk ......
Getting apk info from https://play.google.com/store/apps/details?id=com.mgyun.shua.su ......
[ERROR] : Cannot find info of com.mgyun.shua.su-1.apk on https://play.google.com/store/apps/details?id=com.mgyun.shua.su !!!
Done processing com.mgyun.shua.su-1.apk
Time Spent:   0 Days 0 Hours 4 Minutes 8 Seconds

============================================================================
167/180 Starting processing com.micsulf.complanys-1.apk ......
Getting apk info from https://play.google.com/store/apps/details?id=com.micsulf.complanys ......
[ERROR] : Cannot find info of com.micsulf.complanys-1.apk on https://play.google.com/store/apps/details?id=com.micsulf.complanys !!!
Done processing com.micsulf.complanys-1.apk
Time Spent:   0 Days 0 Hours 4 Minutes 9 Seconds

============================================================================
168/180 Starting processing com.miyi.qmsj2.szydcl-1.apk ......
Getting apk info from https://play.google.com/store/apps/details?id=com.miyi.qmsj2.szydcl ......
[ERROR] : Cannot find info of com.miyi.qmsj2.szydcl-1.apk on https://play.google.com/store/apps/details?id=com.miyi.qmsj2.szydcl !!!
Done processing com.miyi.qmsj2.szydcl-1.apk
Time Spent:   0 Days 0 Hours 4 Minutes 10 Seconds

============================================================================
169/180 Starting processing com.miyou.cocosfishingsjxy315-1.apk ......
Getting apk info from https://play.google.com/store/apps/details?id=com.miyou.cocosfishingsjxy315 ......
[ERROR] : Cannot find info of com.miyou.cocosfishingsjxy315-1.apk on https://play.google.com/store/apps/details?id=com.miyou.cocosfishingsjxy315 !!!
Done processing com.miyou.cocosfishingsjxy315-1.apk
Time Spent:   0 Days 0 Hours 4 Minutes 11 Seconds

============================================================================
170/180 Starting processing com.mobilephones.circlesrun-1.apk ......
Getting apk info from https://play.google.com/store/apps/details?id=com.mobilephones.circlesrun ......
[ERROR] : Cannot find info of com.mobilephones.circlesrun-1.apk on https://play.google.com/store/apps/details?id=com.mobilephones.circlesrun !!!
Done processing com.mobilephones.circlesrun-1.apk
Time Spent:   0 Days 0 Hours 4 Minutes 11 Seconds

============================================================================
171/180 Starting processing com.mobstar.popstarlegend-1.apk ......
Getting apk info from https://play.google.com/store/apps/details?id=com.mobstar.popstarlegend ......
[ERROR] : Cannot find info of com.mobstar.popstarlegend-1.apk on https://play.google.com/store/apps/details?id=com.mobstar.popstarlegend !!!
Done processing com.mobstar.popstarlegend-1.apk
Time Spent:   0 Days 0 Hours 4 Minutes 12 Seconds

============================================================================
172/180 Starting processing com.ms.ezqx2014-1.apk ......
Getting apk info from https://play.google.com/store/apps/details?id=com.ms.ezqx2014 ......
[ERROR] : Cannot find info of com.ms.ezqx2014-1.apk on https://play.google.com/store/apps/details?id=com.ms.ezqx2014 !!!
Done processing com.ms.ezqx2014-1.apk
Time Spent:   0 Days 0 Hours 4 Minutes 13 Seconds

============================================================================
173/180 Starting processing com.ms.xxl2014-1.apk ......
Getting apk info from https://play.google.com/store/apps/details?id=com.ms.xxl2014 ......
[ERROR] : Cannot find info of com.ms.xxl2014-1.apk on https://play.google.com/store/apps/details?id=com.ms.xxl2014 !!!
Done processing com.ms.xxl2014-1.apk
Time Spent:   0 Days 0 Hours 4 Minutes 14 Seconds

============================================================================
174/180 Starting processing com.ms.xxlxzy2015-1.apk ......
Getting apk info from https://play.google.com/store/apps/details?id=com.ms.xxlxzy2015 ......
[ERROR] : Cannot find info of com.ms.xxlxzy2015-1.apk on https://play.google.com/store/apps/details?id=com.ms.xxlxzy2015 !!!
Done processing com.ms.xxlxzy2015-1.apk
Time Spent:   0 Days 0 Hours 4 Minutes 15 Seconds

============================================================================
175/180 Starting processing com.mseedgames.ArcaneSoul-1.apk ......
Getting apk info from https://play.google.com/store/apps/details?id=com.mseedgames.ArcaneSoul ......
Success to get info from Play Store
The lastest version of com.mseedgames.ArcaneSoul-1.apk is  1.0.6  
Done processing com.mseedgames.ArcaneSoul-1.apk
Time Spent:   0 Days 0 Hours 4 Minutes 18 Seconds

============================================================================
176/180 Starting processing com.mt.mttt-1.apk ......
Getting apk info from https://play.google.com/store/apps/details?id=com.mt.mttt ......
Success to get info from Play Store
The lastest version of com.mt.mttt-1.apk is  2.6.0  
Done processing com.mt.mttt-1.apk
Time Spent:   0 Days 0 Hours 4 Minutes 22 Seconds

============================================================================
177/180 Starting processing com1118.wifibreak.wifipassword-1.apk ......
Getting apk info from https://play.google.com/store/apps/details?id=com1118.wifibreak.wifipassword ......
[ERROR] : Cannot find info of com1118.wifibreak.wifipassword-1.apk on https://play.google.com/store/apps/details?id=com1118.wifibreak.wifipassword !!!
Done processing com1118.wifibreak.wifipassword-1.apk
Time Spent:   0 Days 0 Hours 4 Minutes 23 Seconds

============================================================================
178/180 Starting processing com1119.filebrowser.pro-1.apk ......
Getting apk info from https://play.google.com/store/apps/details?id=com1119.filebrowser.pro ......
[ERROR] : Cannot find info of com1119.filebrowser.pro-1.apk on https://play.google.com/store/apps/details?id=com1119.filebrowser.pro !!!
Done processing com1119.filebrowser.pro-1.apk
Time Spent:   0 Days 0 Hours 4 Minutes 24 Seconds

============================================================================
179/180 Starting processing com12665.picture.photograph-1.apk ......
Getting apk info from https://play.google.com/store/apps/details?id=com12665.picture.photograph ......
[ERROR] : Cannot find info of com12665.picture.photograph-1.apk on https://play.google.com/store/apps/details?id=com12665.picture.photograph !!!
Done processing com12665.picture.photograph-1.apk
Time Spent:   0 Days 0 Hours 4 Minutes 25 Seconds

============================================================================
180/180 Starting processing com1290.run.crazyrun-1.apk ......
Getting apk info from https://play.google.com/store/apps/details?id=com1290.run.crazyrun ......
[ERROR] : Cannot find info of com1290.run.crazyrun-1.apk on https://play.google.com/store/apps/details?id=com1290.run.crazyrun !!!
Done processing com1290.run.crazyrun-1.apk
Time Spent:   0 Days 0 Hours 4 Minutes 26 Seconds

============================================================================


**************************************************************
All Done
Total Time:   0 Days 0 Hours 4 Minutes 26 Seconds
Result Location:               /home/Git-Apk/code_resource/script_hooks/scan_apk/scan_apk_version/results/AppInfo_2015-05-05-14-03-00.csv
**************************************************************
