Start processing app in list /home/Git-Apk/Updated_list from /home/Git-Apk/All_Apk  ......

============================================================================
1/17 Starting processing com.alawar.treasuresofmontezuma4.gplay.premium-1.apk ......
Getting apk info from https://play.google.com/store/apps/details?id=com.alawar.treasuresofmontezuma4.gplay.premium ......
Success to get info from Play Store
The lastest version of com.alawar.treasuresofmontezuma4.gplay.premium-1.apk is 
Done processing com.alawar.treasuresofmontezuma4.gplay.premium-1.apk
Time Spent:   0 Days 0 Hours 0 Minutes 3 Seconds

============================================================================
2/17 Starting processing com.aryuthere.visionplus-1.apk ......
Getting apk info from https://play.google.com/store/apps/details?id=com.aryuthere.visionplus ......
Success to get info from Play Store
The lastest version of com.aryuthere.visionplus-1.apk is  2.4.2  
Done processing com.aryuthere.visionplus-1.apk
Time Spent:   0 Days 0 Hours 0 Minutes 7 Seconds

============================================================================
3/17 Starting processing com.bigfishgames.hetcosgoogfull-1.apk ......
Getting apk info from https://play.google.com/store/apps/details?id=com.bigfishgames.hetcosgoogfull ......
Success to get info from Play Store
The lastest version of com.bigfishgames.hetcosgoogfull-1.apk is  1.0  
Done processing com.bigfishgames.hetcosgoogfull-1.apk
Time Spent:   0 Days 0 Hours 0 Minutes 14 Seconds

============================================================================
4/17 Starting processing com.bitcount.cleartune-1.apk ......
Getting apk info from https://play.google.com/store/apps/details?id=com.bitcount.cleartune ......
Success to get info from Play Store
The lastest version of com.bitcount.cleartune-1.apk is    Varies with device  
Done processing com.bitcount.cleartune-1.apk
Time Spent:   0 Days 0 Hours 0 Minutes 17 Seconds

============================================================================
5/17 Starting processing com.chopperkhan.invadersinc-1.apk ......
Getting apk info from https://play.google.com/store/apps/details?id=com.chopperkhan.invadersinc ......
Success to get info from Play Store
The lastest version of com.chopperkhan.invadersinc-1.apk is  1.2  
Done processing com.chopperkhan.invadersinc-1.apk
Time Spent:   0 Days 0 Hours 0 Minutes 20 Seconds

============================================================================
6/17 Starting processing com.daysofwonder.Splendor.gp-1.apk ......
Getting apk info from https://play.google.com/store/apps/details?id=com.daysofwonder.Splendor.gp ......
Success to get info from Play Store
The lastest version of com.daysofwonder.Splendor.gp-1.apk is  1.0.304  
Done processing com.daysofwonder.Splendor.gp-1.apk
Time Spent:   0 Days 0 Hours 0 Minutes 23 Seconds

============================================================================
7/17 Starting processing com.intellijoy.android.phonics-1.apk ......
Getting apk info from https://play.google.com/store/apps/details?id=com.intellijoy.android.phonics ......
Success to get info from Play Store
The lastest version of com.intellijoy.android.phonics-1.apk is 
Done processing com.intellijoy.android.phonics-1.apk
Time Spent:   0 Days 0 Hours 0 Minutes 25 Seconds

============================================================================
8/17 Starting processing com.kevinbradford.games.theguidescompendium-1.apk ......
Getting apk info from https://play.google.com/store/apps/details?id=com.kevinbradford.games.theguidescompendium ......
Success to get info from Play Store
The lastest version of com.kevinbradford.games.theguidescompendium-1.apk is  1.1  
Done processing com.kevinbradford.games.theguidescompendium-1.apk
Time Spent:   0 Days 0 Hours 0 Minutes 27 Seconds

============================================================================
9/17 Starting processing com.massimobiolcati.irealb-1.apk ......
Getting apk info from https://play.google.com/store/apps/details?id=com.massimobiolcati.irealb ......
Success to get info from Play Store
The lastest version of com.massimobiolcati.irealb-1.apk is  6.3  
Done processing com.massimobiolcati.irealb-1.apk
Time Spent:   0 Days 0 Hours 0 Minutes 30 Seconds

============================================================================
10/17 Starting processing com.noodlecake.infestor-1.apk ......
Getting apk info from https://play.google.com/store/apps/details?id=com.noodlecake.infestor ......
Success to get info from Play Store
The lastest version of com.noodlecake.infestor-1.apk is  1.3  
Done processing com.noodlecake.infestor-1.apk
Time Spent:   0 Days 0 Hours 0 Minutes 33 Seconds

============================================================================
11/17 Starting processing com.sirnic.gravityblocks-1.apk ......
Getting apk info from https://play.google.com/store/apps/details?id=com.sirnic.gravityblocks ......
Success to get info from Play Store
The lastest version of com.sirnic.gravityblocks-1.apk is  1.21  
Done processing com.sirnic.gravityblocks-1.apk
Time Spent:   0 Days 0 Hours 0 Minutes 35 Seconds

============================================================================
12/17 Starting processing com.starfall.StarfallABCs-1.apk ......
Getting apk info from https://play.google.com/store/apps/details?id=com.starfall.StarfallABCs ......
Success to get info from Play Store
The lastest version of com.starfall.StarfallABCs-1.apk is  3.09  
Done processing com.starfall.StarfallABCs-1.apk
Time Spent:   0 Days 0 Hours 0 Minutes 37 Seconds

============================================================================
13/17 Starting processing com.turner.mixelrush-1.apk ......
Getting apk info from https://play.google.com/store/apps/details?id=com.turner.mixelrush ......
Success to get info from Play Store
The lastest version of com.turner.mixelrush-1.apk is  1.1  
Done processing com.turner.mixelrush-1.apk
Time Spent:   0 Days 0 Hours 0 Minutes 39 Seconds

============================================================================
14/17 Starting processing com.windoweduniverse.dirtracingmobile3d-1.apk ......
Getting apk info from https://play.google.com/store/apps/details?id=com.windoweduniverse.dirtracingmobile3d ......
Success to get info from Play Store
The lastest version of com.windoweduniverse.dirtracingmobile3d-1.apk is  1.01  
Done processing com.windoweduniverse.dirtracingmobile3d-1.apk
Time Spent:   0 Days 0 Hours 0 Minutes 41 Seconds

============================================================================
15/17 Starting processing de.stollenmayer.philipp.SometimesYouDie-1.apk ......
Getting apk info from https://play.google.com/store/apps/details?id=de.stollenmayer.philipp.SometimesYouDie ......
Success to get info from Play Store
The lastest version of de.stollenmayer.philipp.SometimesYouDie-1.apk is  1.0  
Done processing de.stollenmayer.philipp.SometimesYouDie-1.apk
Time Spent:   0 Days 0 Hours 0 Minutes 43 Seconds

============================================================================
16/17 Starting processing hb.doom_and_destiny_advanced-1.apk ......
Getting apk info from https://play.google.com/store/apps/details?id=hb.doom_and_destiny_advanced ......
Success to get info from Play Store
The lastest version of hb.doom_and_destiny_advanced-1.apk is  1.3.9.0  
Done processing hb.doom_and_destiny_advanced-1.apk
Time Spent:   0 Days 0 Hours 0 Minutes 46 Seconds

============================================================================
17/17 Starting processing net.lonewolfgames.games.thelostship-1.apk ......
Getting apk info from https://play.google.com/store/apps/details?id=net.lonewolfgames.games.thelostship ......
Success to get info from Play Store
The lastest version of net.lonewolfgames.games.thelostship-1.apk is  2.8  
Done processing net.lonewolfgames.games.thelostship-1.apk
Time Spent:   0 Days 0 Hours 0 Minutes 48 Seconds

============================================================================


**************************************************************
All Done
Total Time:   0 Days 0 Hours 0 Minutes 48 Seconds
Result Location:               /home/Git-Apk/code_resource/script_hooks/scan_apk/scan_apk_version/results/AppInfo_2015-10-20-17-24-59.csv
**************************************************************
