Start processing app in list /home/Git-Apk/Updated_list from /home/Git-Apk/Baidu  ......

============================================================================
1/7 Starting processing com.DBGame.DiabloLOL.baidu-1.apk ......
Getting apk info from https://play.google.com/store/apps/details?id=com.DBGame.DiabloLOL.baidu ......
[ERROR] : Cannot find info of com.DBGame.DiabloLOL.baidu-1.apk on https://play.google.com/store/apps/details?id=com.DBGame.DiabloLOL.baidu !!!
Done processing com.DBGame.DiabloLOL.baidu-1.apk
Time Spent:   0 Days 0 Hours 0 Minutes 2 Seconds

============================================================================
2/7 Starting processing com.gameloft.android.ANMP.GloftDMCN-1.apk ......
Getting apk info from https://play.google.com/store/apps/details?id=com.gameloft.android.ANMP.GloftDMCN ......
[ERROR] : Cannot find info of com.gameloft.android.ANMP.GloftDMCN-1.apk on https://play.google.com/store/apps/details?id=com.gameloft.android.ANMP.GloftDMCN !!!
Done processing com.gameloft.android.ANMP.GloftDMCN-1.apk
Time Spent:   0 Days 0 Hours 0 Minutes 3 Seconds

============================================================================
3/7 Starting processing com.hlgames.raiden.baidu-1.apk ......
Getting apk info from https://play.google.com/store/apps/details?id=com.hlgames.raiden.baidu ......
[ERROR] : Cannot find info of com.hlgames.raiden.baidu-1.apk on https://play.google.com/store/apps/details?id=com.hlgames.raiden.baidu !!!
Done processing com.hlgames.raiden.baidu-1.apk
Time Spent:   0 Days 0 Hours 0 Minutes 4 Seconds

============================================================================
4/7 Starting processing com.imangi.templerun2-1.apk ......
Getting apk info from https://play.google.com/store/apps/details?id=com.imangi.templerun2 ......
Success to get info from Play Store
The lastest version of com.imangi.templerun2-1.apk is 
Done processing com.imangi.templerun2-1.apk
Time Spent:   0 Days 0 Hours 0 Minutes 10 Seconds

============================================================================
5/7 Starting processing com.kiloo.subwaysurf-1.apk ......
Getting apk info from https://play.google.com/store/apps/details?id=com.kiloo.subwaysurf ......
Success to get info from Play Store
The lastest version of com.kiloo.subwaysurf-1.apk is  1.44.0  
Done processing com.kiloo.subwaysurf-1.apk
Time Spent:   0 Days 0 Hours 0 Minutes 15 Seconds

============================================================================
6/7 Starting processing com.soco.veggiesseason_baidu2-1.apk ......
Getting apk info from https://play.google.com/store/apps/details?id=com.soco.veggiesseason_baidu2 ......
[ERROR] : Cannot find info of com.soco.veggiesseason_baidu2-1.apk on https://play.google.com/store/apps/details?id=com.soco.veggiesseason_baidu2 !!!
Done processing com.soco.veggiesseason_baidu2-1.apk
Time Spent:   0 Days 0 Hours 0 Minutes 16 Seconds

============================================================================
7/7 Starting processing com.yodo1.ctr2.BAIDU_02-1.apk ......
Getting apk info from https://play.google.com/store/apps/details?id=com.yodo1.ctr2.BAIDU_02 ......
[ERROR] : Cannot find info of com.yodo1.ctr2.BAIDU_02-1.apk on https://play.google.com/store/apps/details?id=com.yodo1.ctr2.BAIDU_02 !!!
Done processing com.yodo1.ctr2.BAIDU_02-1.apk
Time Spent:   0 Days 0 Hours 0 Minutes 17 Seconds

============================================================================


**************************************************************
All Done
Total Time:   0 Days 0 Hours 0 Minutes 17 Seconds
Result Location:               /home/Git-Apk/code_resource/script_hooks/scan_apk/scan_apk_version/results/AppInfo_2015-09-08-15-39-33.csv
**************************************************************
