Start processing app in list /home/Git-Apk/Updated_list from /home/Git-Apk/All_Apk  ......

============================================================================
1/22 Starting processing air.WR3DFree-1.apk ......
Getting apk info from https://play.google.com/store/apps/details?id=air.WR3DFree ......
Success to get info from Play Store
The lastest version of air.WR3DFree-1.apk is  1.520  
Done processing air.WR3DFree-1.apk
Time Spent:   0 Days 0 Hours 0 Minutes 3 Seconds

============================================================================
2/22 Starting processing air.com.sgn.juicejam.gp-1.apk ......
Getting apk info from https://play.google.com/store/apps/details?id=air.com.sgn.juicejam.gp ......
Success to get info from Play Store
The lastest version of air.com.sgn.juicejam.gp-1.apk is  1.12.7  
Done processing air.com.sgn.juicejam.gp-1.apk
Time Spent:   0 Days 0 Hours 0 Minutes 5 Seconds

============================================================================
3/22 Starting processing com.alensw.PicFolder-1.apk ......
Getting apk info from https://play.google.com/store/apps/details?id=com.alensw.PicFolder ......
Success to get info from Play Store
The lastest version of com.alensw.PicFolder-1.apk is  4.6.5.1317  
Done processing com.alensw.PicFolder-1.apk
Time Spent:   0 Days 0 Hours 0 Minutes 8 Seconds

============================================================================
4/22 Starting processing com.aryuthere.visionplus-1.apk ......
Getting apk info from https://play.google.com/store/apps/details?id=com.aryuthere.visionplus ......
Success to get info from Play Store
The lastest version of com.aryuthere.visionplus-1.apk is  2.6.3  
Done processing com.aryuthere.visionplus-1.apk
Time Spent:   0 Days 0 Hours 0 Minutes 10 Seconds

============================================================================
5/22 Starting processing com.ea.scrabblefree_na-1.apk ......
Getting apk info from https://play.google.com/store/apps/details?id=com.ea.scrabblefree_na ......
Success to get info from Play Store
The lastest version of com.ea.scrabblefree_na-1.apk is  5.0.3.723118  
Done processing com.ea.scrabblefree_na-1.apk
Time Spent:   0 Days 0 Hours 0 Minutes 12 Seconds

============================================================================
6/22 Starting processing com.emoji.coolkeyboard-1.apk ......
Getting apk info from https://play.google.com/store/apps/details?id=com.emoji.coolkeyboard ......
Success to get info from Play Store
The lastest version of com.emoji.coolkeyboard-1.apk is    Varies with device  
Done processing com.emoji.coolkeyboard-1.apk
Time Spent:   0 Days 0 Hours 0 Minutes 15 Seconds

============================================================================
7/22 Starting processing com.errorsevendev.games.laserBreakPaid-1.apk ......
Getting apk info from https://play.google.com/store/apps/details?id=com.errorsevendev.games.laserBreakPaid ......
Success to get info from Play Store
The lastest version of com.errorsevendev.games.laserBreakPaid-1.apk is  1.05  
Done processing com.errorsevendev.games.laserBreakPaid-1.apk
Time Spent:   0 Days 0 Hours 0 Minutes 17 Seconds

============================================================================
8/22 Starting processing com.google.android.apps.inbox-1.apk ......
Getting apk info from https://play.google.com/store/apps/details?id=com.google.android.apps.inbox ......
Success to get info from Play Store
The lastest version of com.google.android.apps.inbox-1.apk is 
Done processing com.google.android.apps.inbox-1.apk
Time Spent:   0 Days 0 Hours 0 Minutes 20 Seconds

============================================================================
9/22 Starting processing com.google.android.apps.plus-1.apk ......
Getting apk info from https://play.google.com/store/apps/details?id=com.google.android.apps.plus ......
Success to get info from Play Store
The lastest version of com.google.android.apps.plus-1.apk is    Varies with device  
Done processing com.google.android.apps.plus-1.apk
Time Spent:   0 Days 0 Hours 0 Minutes 23 Seconds

============================================================================
10/22 Starting processing com.google.android.talk-1.apk ......
Getting apk info from https://play.google.com/store/apps/details?id=com.google.android.talk ......
Success to get info from Play Store
The lastest version of com.google.android.talk-1.apk is    Varies with device  
Done processing com.google.android.talk-1.apk
Time Spent:   0 Days 0 Hours 0 Minutes 25 Seconds

============================================================================
11/22 Starting processing com.google.android.videos-1.apk ......
Getting apk info from https://play.google.com/store/apps/details?id=com.google.android.videos ......
Success to get info from Play Store
The lastest version of com.google.android.videos-1.apk is    Varies with device  
Done processing com.google.android.videos-1.apk
Time Spent:   0 Days 0 Hours 0 Minutes 27 Seconds

============================================================================
12/22 Starting processing com.iUnity.angryBots2-1.apk ......
Getting apk info from https://play.google.com/store/apps/details?id=com.iUnity.angryBots2 ......
Success to get info from Play Store
The lastest version of com.iUnity.angryBots2-1.apk is  2.15  
Done processing com.iUnity.angryBots2-1.apk
Time Spent:   0 Days 0 Hours 0 Minutes 29 Seconds

============================================================================
13/22 Starting processing com.kiloo.subwaysurf-1.apk ......
Getting apk info from https://play.google.com/store/apps/details?id=com.kiloo.subwaysurf ......
Success to get info from Play Store
The lastest version of com.kiloo.subwaysurf-1.apk is  1.47.1  
Done processing com.kiloo.subwaysurf-1.apk
Time Spent:   0 Days 0 Hours 0 Minutes 31 Seconds

============================================================================
14/22 Starting processing com.pastagames.ro1mobile-1.apk ......
Getting apk info from https://play.google.com/store/apps/details?id=com.pastagames.ro1mobile ......
Success to get info from Play Store
The lastest version of com.pastagames.ro1mobile-1.apk is  2.3.2  
Done processing com.pastagames.ro1mobile-1.apk
Time Spent:   0 Days 0 Hours 0 Minutes 34 Seconds

============================================================================
15/22 Starting processing com.pipcamera.activity-1.apk ......
Getting apk info from https://play.google.com/store/apps/details?id=com.pipcamera.activity ......
Success to get info from Play Store
The lastest version of com.pipcamera.activity-1.apk is  3.4.1  
Done processing com.pipcamera.activity-1.apk
Time Spent:   0 Days 0 Hours 0 Minutes 37 Seconds

============================================================================
16/22 Starting processing com.qihoo.security-1.apk ......
Getting apk info from https://play.google.com/store/apps/details?id=com.qihoo.security ......
Success to get info from Play Store
The lastest version of com.qihoo.security-1.apk is  3.4.1  
Done processing com.qihoo.security-1.apk
Time Spent:   0 Days 0 Hours 0 Minutes 39 Seconds

============================================================================
17/22 Starting processing com.sgiggle.production-1.apk ......
Getting apk info from https://play.google.com/store/apps/details?id=com.sgiggle.production ......
Success to get info from Play Store
The lastest version of com.sgiggle.production-1.apk is    Varies with device  
Done processing com.sgiggle.production-1.apk
Time Spent:   0 Days 0 Hours 0 Minutes 42 Seconds

============================================================================
18/22 Starting processing com.skype.raider-1.apk ......
Getting apk info from https://play.google.com/store/apps/details?id=com.skype.raider ......
Success to get info from Play Store
The lastest version of com.skype.raider-1.apk is    Varies with device  
Done processing com.skype.raider-1.apk
Time Spent:   0 Days 0 Hours 0 Minutes 44 Seconds

============================================================================
19/22 Starting processing com.smule.singandroid-1.apk ......
Getting apk info from https://play.google.com/store/apps/details?id=com.smule.singandroid ......
Success to get info from Play Store
The lastest version of com.smule.singandroid-1.apk is  3.2.0  
Done processing com.smule.singandroid-1.apk
Time Spent:   0 Days 0 Hours 0 Minutes 46 Seconds

============================================================================
20/22 Starting processing com.spacegame.solitaire1-1.apk ......
Getting apk info from https://play.google.com/store/apps/details?id=com.spacegame.solitaire1 ......
Success to get info from Play Store
The lastest version of com.spacegame.solitaire1-1.apk is  1.2.3  
Done processing com.spacegame.solitaire1-1.apk
Time Spent:   0 Days 0 Hours 0 Minutes 48 Seconds

============================================================================
21/22 Starting processing com.zynga.wwf2.free-1.apk ......
Getting apk info from https://play.google.com/store/apps/details?id=com.zynga.wwf2.free ......
Success to get info from Play Store
The lastest version of com.zynga.wwf2.free-1.apk is    Varies with device  
Done processing com.zynga.wwf2.free-1.apk
Time Spent:   0 Days 0 Hours 1 Minutes 4 Seconds

============================================================================
22/22 Starting processing jp.pokemon.poketoru-1.apk ......
Getting apk info from https://play.google.com/store/apps/details?id=jp.pokemon.poketoru ......
Success to get info from Play Store
The lastest version of jp.pokemon.poketoru-1.apk is  1.2.0  
Done processing jp.pokemon.poketoru-1.apk
Time Spent:   0 Days 0 Hours 1 Minutes 6 Seconds

============================================================================


**************************************************************
All Done
Total Time:   0 Days 0 Hours 1 Minutes 6 Seconds
Result Location:               /home/Git-Apk/code_resource/script_hooks/scan_apk/scan_apk_version/results/AppInfo_2015-11-27-23-22-04.csv
**************************************************************
