Start processing app in list /home/Git-Apk/Updated_list from /home/Git-Apk/All_Apk  ......

============================================================================
1/10 Starting processing com.backflipstudios.android.dragonvale-1.apk ......
Getting apk info from https://play.google.com/store/apps/details?id=com.backflipstudios.android.dragonvale ......
Success to get info from Play Store
The lastest version of com.backflipstudios.android.dragonvale-1.apk is  3.4.0  
Done processing com.backflipstudios.android.dragonvale-1.apk
Time Spent:   0 Days 0 Hours 0 Minutes 2 Seconds

============================================================================
2/10 Starting processing com.bigbluebubble.msm2-1.apk ......
Getting apk info from https://play.google.com/store/apps/details?id=com.bigbluebubble.msm2 ......
Success to get info from Play Store
The lastest version of com.bigbluebubble.msm2-1.apk is  1.3.0  
Done processing com.bigbluebubble.msm2-1.apk
Time Spent:   0 Days 0 Hours 0 Minutes 4 Seconds

============================================================================
3/10 Starting processing com.ea.game.nfs14_row-1.apk ......
Getting apk info from https://play.google.com/store/apps/details?id=com.ea.game.nfs14_row ......
Success to get info from Play Store
The lastest version of com.ea.game.nfs14_row-1.apk is 
Done processing com.ea.game.nfs14_row-1.apk
Time Spent:   0 Days 0 Hours 0 Minutes 6 Seconds

============================================================================
4/10 Starting processing com.imageline.FLM-1.apk ......
Getting apk info from https://play.google.com/store/apps/details?id=com.imageline.FLM ......
Success to get info from Play Store
The lastest version of com.imageline.FLM-1.apk is  2.0.4  
Done processing com.imageline.FLM-1.apk
Time Spent:   0 Days 0 Hours 0 Minutes 8 Seconds

============================================================================
5/10 Starting processing com.jellybtn.cashkingmobile-1.apk ......
Getting apk info from https://play.google.com/store/apps/details?id=com.jellybtn.cashkingmobile ......
Success to get info from Play Store
The lastest version of com.jellybtn.cashkingmobile-1.apk is  2.3.0  
Done processing com.jellybtn.cashkingmobile-1.apk
Time Spent:   0 Days 0 Hours 0 Minutes 11 Seconds

============================================================================
6/10 Starting processing com.pipcamera.activity-1.apk ......
Getting apk info from https://play.google.com/store/apps/details?id=com.pipcamera.activity ......
Success to get info from Play Store
The lastest version of com.pipcamera.activity-1.apk is    Varies with device  
Done processing com.pipcamera.activity-1.apk
Time Spent:   0 Days 0 Hours 0 Minutes 13 Seconds

============================================================================
7/10 Starting processing com.productmadness.hovmobile-1.apk ......
Getting apk info from https://play.google.com/store/apps/details?id=com.productmadness.hovmobile ......
Success to get info from Play Store
The lastest version of com.productmadness.hovmobile-1.apk is  2.8.50  
Done processing com.productmadness.hovmobile-1.apk
Time Spent:   0 Days 0 Hours 0 Minutes 15 Seconds

============================================================================
8/10 Starting processing com.tabtale.supermarkettwo-1.apk ......
Getting apk info from https://play.google.com/store/apps/details?id=com.tabtale.supermarkettwo ......
Success to get info from Play Store
The lastest version of com.tabtale.supermarkettwo-1.apk is  1.0.3  
Done processing com.tabtale.supermarkettwo-1.apk
Time Spent:   0 Days 0 Hours 0 Minutes 17 Seconds

============================================================================
9/10 Starting processing com.wwe.universe-1.apk ......
Getting apk info from https://play.google.com/store/apps/details?id=com.wwe.universe ......
Success to get info from Play Store
The lastest version of com.wwe.universe-1.apk is  3.8.0  
Done processing com.wwe.universe-1.apk
Time Spent:   0 Days 0 Hours 0 Minutes 19 Seconds

============================================================================
10/10 Starting processing net.playq.charmking-1.apk ......
Getting apk info from https://play.google.com/store/apps/details?id=net.playq.charmking ......
Success to get info from Play Store
The lastest version of net.playq.charmking-1.apk is  2.14.0  
Done processing net.playq.charmking-1.apk
Time Spent:   0 Days 0 Hours 0 Minutes 21 Seconds

============================================================================


**************************************************************
All Done
Total Time:   0 Days 0 Hours 0 Minutes 21 Seconds
Result Location:               /home/Git-Apk/code_resource/script_hooks/scan_apk/scan_apk_version/results/AppInfo_2015-12-11-23-18-44.csv
**************************************************************
