Start processing app in list /home/Git-Apk/Updated_list from /home/Git-Apk/All_Apk  ......

============================================================================
1/49 Starting processing air.WR3DFree-1.apk ......
Getting apk info from https://play.google.com/store/apps/details?id=air.WR3DFree ......
Success to get info from Play Store
The lastest version of air.WR3DFree-1.apk is 
Done processing air.WR3DFree-1.apk
Time Spent:   0 Days 0 Hours 0 Minutes 0 Seconds

============================================================================
2/49 Starting processing air.com.gamesys.mobile.slots.jpj-1.apk ......
Getting apk info from https://play.google.com/store/apps/details?id=air.com.gamesys.mobile.slots.jpj ......
Success to get info from Play Store
The lastest version of air.com.gamesys.mobile.slots.jpj-1.apk is 
Done processing air.com.gamesys.mobile.slots.jpj-1.apk
Time Spent:   0 Days 0 Hours 0 Minutes 0 Seconds

============================================================================
3/49 Starting processing air.com.ubisoft.csi.HiddenCrimes-1.apk ......
Getting apk info from https://play.google.com/store/apps/details?id=air.com.ubisoft.csi.HiddenCrimes ......
Success to get info from Play Store
The lastest version of air.com.ubisoft.csi.HiddenCrimes-1.apk is 
Done processing air.com.ubisoft.csi.HiddenCrimes-1.apk
Time Spent:   0 Days 0 Hours 0 Minutes 0 Seconds

============================================================================
4/49 Starting processing com.NelsonStudios.Jungle-1.apk ......
Getting apk info from https://play.google.com/store/apps/details?id=com.NelsonStudios.Jungle ......
Success to get info from Play Store
The lastest version of com.NelsonStudios.Jungle-1.apk is 
Done processing com.NelsonStudios.Jungle-1.apk
Time Spent:   0 Days 0 Hours 0 Minutes 0 Seconds

============================================================================
5/49 Starting processing com.UCMobile-1.apk ......
Getting apk info from https://play.google.com/store/apps/details?id=com.UCMobile ......
Success to get info from Play Store
The lastest version of com.UCMobile-1.apk is 
Done processing com.UCMobile-1.apk
Time Spent:   0 Days 0 Hours 0 Minutes 1 Seconds

============================================================================
6/49 Starting processing com.VexGames.Fallopio-1.apk ......
Getting apk info from https://play.google.com/store/apps/details?id=com.VexGames.Fallopio ......
Success to get info from Play Store
The lastest version of com.VexGames.Fallopio-1.apk is 
Done processing com.VexGames.Fallopio-1.apk
Time Spent:   0 Days 0 Hours 0 Minutes 1 Seconds

============================================================================
7/49 Starting processing com.activision.callofduty.heroes-1.apk ......
Getting apk info from https://play.google.com/store/apps/details?id=com.activision.callofduty.heroes ......
Success to get info from Play Store
The lastest version of com.activision.callofduty.heroes-1.apk is 
Done processing com.activision.callofduty.heroes-1.apk
Time Spent:   0 Days 0 Hours 0 Minutes 1 Seconds

============================================================================
8/49 Starting processing com.android.chrome-1.apk ......
Getting apk info from https://play.google.com/store/apps/details?id=com.android.chrome ......
Success to get info from Play Store
The lastest version of com.android.chrome-1.apk is 
Done processing com.android.chrome-1.apk
Time Spent:   0 Days 0 Hours 0 Minutes 2 Seconds

============================================================================
9/49 Starting processing com.asobimo.avabel_gp_b3-1.apk ......
Getting apk info from https://play.google.com/store/apps/details?id=com.asobimo.avabel_gp_b3 ......
Success to get info from Play Store
The lastest version of com.asobimo.avabel_gp_b3-1.apk is 
Done processing com.asobimo.avabel_gp_b3-1.apk
Time Spent:   0 Days 0 Hours 0 Minutes 2 Seconds

============================================================================
10/49 Starting processing com.avidionmedia.iGunHD-1.apk ......
Getting apk info from https://play.google.com/store/apps/details?id=com.avidionmedia.iGunHD ......
Success to get info from Play Store
The lastest version of com.avidionmedia.iGunHD-1.apk is 
Done processing com.avidionmedia.iGunHD-1.apk
Time Spent:   0 Days 0 Hours 0 Minutes 2 Seconds

============================================================================
11/49 Starting processing com.com2us.smon.normal.freefull.google.kr.android.common-1.apk ......
Getting apk info from https://play.google.com/store/apps/details?id=com.com2us.smon.normal.freefull.google.kr.android.common ......
Success to get info from Play Store
The lastest version of com.com2us.smon.normal.freefull.google.kr.android.common-1.apk is 
Done processing com.com2us.smon.normal.freefull.google.kr.android.common-1.apk
Time Spent:   0 Days 0 Hours 0 Minutes 2 Seconds

============================================================================
12/49 Starting processing com.ct.client-1.apk ......
Getting apk info from https://play.google.com/store/apps/details?id=com.ct.client ......
Success to get info from Play Store
The lastest version of com.ct.client-1.apk is 
Done processing com.ct.client-1.apk
Time Spent:   0 Days 0 Hours 0 Minutes 3 Seconds

============================================================================
13/49 Starting processing com.ea.games.simsfreeplay_na-1.apk ......
Getting apk info from https://play.google.com/store/apps/details?id=com.ea.games.simsfreeplay_na ......
Success to get info from Play Store
The lastest version of com.ea.games.simsfreeplay_na-1.apk is 
Done processing com.ea.games.simsfreeplay_na-1.apk
Time Spent:   0 Days 0 Hours 0 Minutes 3 Seconds

============================================================================
14/49 Starting processing com.facebook.katana-1.apk ......
Getting apk info from https://play.google.com/store/apps/details?id=com.facebook.katana ......
Success to get info from Play Store
The lastest version of com.facebook.katana-1.apk is 
Done processing com.facebook.katana-1.apk
Time Spent:   0 Days 0 Hours 0 Minutes 4 Seconds

============================================================================
15/49 Starting processing com.foxugame.us-1.apk ......
Getting apk info from https://play.google.com/store/apps/details?id=com.foxugame.us ......
Success to get info from Play Store
The lastest version of com.foxugame.us-1.apk is 
Done processing com.foxugame.us-1.apk
Time Spent:   0 Days 0 Hours 0 Minutes 4 Seconds

============================================================================
16/49 Starting processing com.g6677.android.cdentist-1.apk ......
Getting apk info from https://play.google.com/store/apps/details?id=com.g6677.android.cdentist ......
Success to get info from Play Store
The lastest version of com.g6677.android.cdentist-1.apk is 
Done processing com.g6677.android.cdentist-1.apk
Time Spent:   0 Days 0 Hours 0 Minutes 4 Seconds

============================================================================
17/49 Starting processing com.gamevil.elunesaga.android.google.global.normal-1.apk ......
Getting apk info from https://play.google.com/store/apps/details?id=com.gamevil.elunesaga.android.google.global.normal ......
Success to get info from Play Store
The lastest version of com.gamevil.elunesaga.android.google.global.normal-1.apk is 
Done processing com.gamevil.elunesaga.android.google.global.normal-1.apk
Time Spent:   0 Days 0 Hours 0 Minutes 5 Seconds

============================================================================
18/49 Starting processing com.glu.contractkiller3-1.apk ......
Getting apk info from https://play.google.com/store/apps/details?id=com.glu.contractkiller3 ......
Success to get info from Play Store
The lastest version of com.glu.contractkiller3-1.apk is 
Done processing com.glu.contractkiller3-1.apk
Time Spent:   0 Days 0 Hours 0 Minutes 5 Seconds

============================================================================
19/49 Starting processing com.glutenfreegames.owlsimulator-1.apk ......
Getting apk info from https://play.google.com/store/apps/details?id=com.glutenfreegames.owlsimulator ......
Success to get info from Play Store
The lastest version of com.glutenfreegames.owlsimulator-1.apk is 
Done processing com.glutenfreegames.owlsimulator-1.apk
Time Spent:   0 Days 0 Hours 0 Minutes 5 Seconds

============================================================================
20/49 Starting processing com.google.android.apps.maps-1.apk ......
Getting apk info from https://play.google.com/store/apps/details?id=com.google.android.apps.maps ......
Success to get info from Play Store
The lastest version of com.google.android.apps.maps-1.apk is 
Done processing com.google.android.apps.maps-1.apk
Time Spent:   0 Days 0 Hours 0 Minutes 5 Seconds

============================================================================
21/49 Starting processing com.google.android.music-1.apk ......
Getting apk info from https://play.google.com/store/apps/details?id=com.google.android.music ......
Success to get info from Play Store
The lastest version of com.google.android.music-1.apk is 
Done processing com.google.android.music-1.apk
Time Spent:   0 Days 0 Hours 0 Minutes 5 Seconds

============================================================================
22/49 Starting processing com.greatplayer.hairstylesgirls-1.apk ......
Getting apk info from https://play.google.com/store/apps/details?id=com.greatplayer.hairstylesgirls ......
Success to get info from Play Store
The lastest version of com.greatplayer.hairstylesgirls-1.apk is 
Done processing com.greatplayer.hairstylesgirls-1.apk
Time Spent:   0 Days 0 Hours 0 Minutes 6 Seconds

============================================================================
23/49 Starting processing com.iflytek.ringdiyclient-1.apk ......
Getting apk info from https://play.google.com/store/apps/details?id=com.iflytek.ringdiyclient ......
Success to get info from Play Store
The lastest version of com.iflytek.ringdiyclient-1.apk is 
Done processing com.iflytek.ringdiyclient-1.apk
Time Spent:   0 Days 0 Hours 0 Minutes 6 Seconds

============================================================================
24/49 Starting processing com.immomo.momo-1.apk ......
Getting apk info from https://play.google.com/store/apps/details?id=com.immomo.momo ......
Success to get info from Play Store
The lastest version of com.immomo.momo-1.apk is 
Done processing com.immomo.momo-1.apk
Time Spent:   0 Days 0 Hours 0 Minutes 6 Seconds

============================================================================
25/49 Starting processing com.king.farmheroessaga-1.apk ......
Getting apk info from https://play.google.com/store/apps/details?id=com.king.farmheroessaga ......
Success to get info from Play Store
The lastest version of com.king.farmheroessaga-1.apk is 
Done processing com.king.farmheroessaga-1.apk
Time Spent:   0 Days 0 Hours 0 Minutes 7 Seconds

============================================================================
26/49 Starting processing com.kongregate.mobile.epicskater.google-1.apk ......
Getting apk info from https://play.google.com/store/apps/details?id=com.kongregate.mobile.epicskater.google ......
Success to get info from Play Store
The lastest version of com.kongregate.mobile.epicskater.google-1.apk is 
Done processing com.kongregate.mobile.epicskater.google-1.apk
Time Spent:   0 Days 0 Hours 0 Minutes 7 Seconds

============================================================================
27/49 Starting processing com.kongregate.mobile.run.google-1.apk ......
Getting apk info from https://play.google.com/store/apps/details?id=com.kongregate.mobile.run.google ......
Success to get info from Play Store
The lastest version of com.kongregate.mobile.run.google-1.apk is 
Done processing com.kongregate.mobile.run.google-1.apk
Time Spent:   0 Days 0 Hours 0 Minutes 7 Seconds

============================================================================
28/49 Starting processing com.lenovo.anyshare-1.apk ......
Getting apk info from https://play.google.com/store/apps/details?id=com.lenovo.anyshare ......
Success to get info from Play Store
The lastest version of com.lenovo.anyshare-1.apk is 
Done processing com.lenovo.anyshare-1.apk
Time Spent:   0 Days 0 Hours 0 Minutes 7 Seconds

============================================================================
29/49 Starting processing com.lima.doodlejump-1.apk ......
Getting apk info from https://play.google.com/store/apps/details?id=com.lima.doodlejump ......
Success to get info from Play Store
The lastest version of com.lima.doodlejump-1.apk is 
Done processing com.lima.doodlejump-1.apk
Time Spent:   0 Days 0 Hours 0 Minutes 7 Seconds

============================================================================
30/49 Starting processing com.midasplayer.apps.bubblewitch-1.apk ......
Getting apk info from https://play.google.com/store/apps/details?id=com.midasplayer.apps.bubblewitch ......
Success to get info from Play Store
The lastest version of com.midasplayer.apps.bubblewitch-1.apk is 
Done processing com.midasplayer.apps.bubblewitch-1.apk
Time Spent:   0 Days 0 Hours 0 Minutes 8 Seconds

============================================================================
31/49 Starting processing com.netmarble.chachachaf-1.apk ......
Getting apk info from https://play.google.com/store/apps/details?id=com.netmarble.chachachaf ......
Success to get info from Play Store
The lastest version of com.netmarble.chachachaf-1.apk is 
Done processing com.netmarble.chachachaf-1.apk
Time Spent:   0 Days 0 Hours 0 Minutes 8 Seconds

============================================================================
32/49 Starting processing com.pennypop.monsters.live-1.apk ......
Getting apk info from https://play.google.com/store/apps/details?id=com.pennypop.monsters.live ......
Success to get info from Play Store
The lastest version of com.pennypop.monsters.live-1.apk is 
Done processing com.pennypop.monsters.live-1.apk
Time Spent:   0 Days 0 Hours 0 Minutes 8 Seconds

============================================================================
33/49 Starting processing com.playstudios.myvegas-1.apk ......
Getting apk info from https://play.google.com/store/apps/details?id=com.playstudios.myvegas ......
Success to get info from Play Store
The lastest version of com.playstudios.myvegas-1.apk is 
Done processing com.playstudios.myvegas-1.apk
Time Spent:   0 Days 0 Hours 0 Minutes 9 Seconds

============================================================================
34/49 Starting processing com.promedia.fishingparadise-1.apk ......
Getting apk info from https://play.google.com/store/apps/details?id=com.promedia.fishingparadise ......
Success to get info from Play Store
The lastest version of com.promedia.fishingparadise-1.apk is 
Done processing com.promedia.fishingparadise-1.apk
Time Spent:   0 Days 0 Hours 0 Minutes 9 Seconds

============================================================================
35/49 Starting processing com.purplekiwii.mb-1.apk ......
Getting apk info from https://play.google.com/store/apps/details?id=com.purplekiwii.mb ......
Success to get info from Play Store
The lastest version of com.purplekiwii.mb-1.apk is 
Done processing com.purplekiwii.mb-1.apk
Time Spent:   0 Days 0 Hours 0 Minutes 9 Seconds

============================================================================
36/49 Starting processing com.rovio.angrybirdsgo-1.apk ......
Getting apk info from https://play.google.com/store/apps/details?id=com.rovio.angrybirdsgo ......
Success to get info from Play Store
The lastest version of com.rovio.angrybirdsgo-1.apk is 
Done processing com.rovio.angrybirdsgo-1.apk
Time Spent:   0 Days 0 Hours 0 Minutes 9 Seconds

============================================================================
37/49 Starting processing com.smile.gifmaker-1.apk ......
Getting apk info from https://play.google.com/store/apps/details?id=com.smile.gifmaker ......
Success to get info from Play Store
The lastest version of com.smile.gifmaker-1.apk is 
Done processing com.smile.gifmaker-1.apk
Time Spent:   0 Days 0 Hours 0 Minutes 10 Seconds

============================================================================
38/49 Starting processing com.smosh.foodbattle-1.apk ......
Getting apk info from https://play.google.com/store/apps/details?id=com.smosh.foodbattle ......
Success to get info from Play Store
The lastest version of com.smosh.foodbattle-1.apk is 
Done processing com.smosh.foodbattle-1.apk
Time Spent:   0 Days 0 Hours 0 Minutes 10 Seconds

============================================================================
39/49 Starting processing com.sonicjump.sonicjump-1.apk ......
Getting apk info from https://play.google.com/store/apps/details?id=com.sonicjump.sonicjump ......
Success to get info from Play Store
The lastest version of com.sonicjump.sonicjump-1.apk is 
Done processing com.sonicjump.sonicjump-1.apk
Time Spent:   0 Days 0 Hours 0 Minutes 10 Seconds

============================================================================
40/49 Starting processing com.stac.empire.main-1.apk ......
Getting apk info from https://play.google.com/store/apps/details?id=com.stac.empire.main ......
Success to get info from Play Store
The lastest version of com.stac.empire.main-1.apk is 
Done processing com.stac.empire.main-1.apk
Time Spent:   0 Days 0 Hours 0 Minutes 10 Seconds

============================================================================
41/49 Starting processing com.tabtale.eyedoctor-1.apk ......
Getting apk info from https://play.google.com/store/apps/details?id=com.tabtale.eyedoctor ......
Success to get info from Play Store
The lastest version of com.tabtale.eyedoctor-1.apk is 
Done processing com.tabtale.eyedoctor-1.apk
Time Spent:   0 Days 0 Hours 0 Minutes 11 Seconds

============================================================================
42/49 Starting processing com.teamlava.candy-1.apk ......
Getting apk info from https://play.google.com/store/apps/details?id=com.teamlava.candy ......
Success to get info from Play Store
The lastest version of com.teamlava.candy-1.apk is 
Done processing com.teamlava.candy-1.apk
Time Spent:   0 Days 0 Hours 0 Minutes 11 Seconds

============================================================================
43/49 Starting processing com.teamlava.farmthree41-1.apk ......
Getting apk info from https://play.google.com/store/apps/details?id=com.teamlava.farmthree41 ......
Success to get info from Play Store
The lastest version of com.teamlava.farmthree41-1.apk is 
Done processing com.teamlava.farmthree41-1.apk
Time Spent:   0 Days 0 Hours 0 Minutes 11 Seconds

============================================================================
44/49 Starting processing com.tencent.Qfarm-1.apk ......
Getting apk info from https://play.google.com/store/apps/details?id=com.tencent.Qfarm ......
Success to get info from Play Store
The lastest version of com.tencent.Qfarm-1.apk is 
Done processing com.tencent.Qfarm-1.apk
Time Spent:   0 Days 0 Hours 0 Minutes 11 Seconds

============================================================================
45/49 Starting processing com.tocaboca.tocaboo-1.apk ......
Getting apk info from https://play.google.com/store/apps/details?id=com.tocaboca.tocaboo ......
Success to get info from Play Store
The lastest version of com.tocaboca.tocaboo-1.apk is 
Done processing com.tocaboca.tocaboo-1.apk
Time Spent:   0 Days 0 Hours 0 Minutes 11 Seconds

============================================================================
46/49 Starting processing com.wb.goog.starwars.microfighters-1.apk ......
Getting apk info from https://play.google.com/store/apps/details?id=com.wb.goog.starwars.microfighters ......
Success to get info from Play Store
The lastest version of com.wb.goog.starwars.microfighters-1.apk is 
Done processing com.wb.goog.starwars.microfighters-1.apk
Time Spent:   0 Days 0 Hours 0 Minutes 12 Seconds

============================================================================
47/49 Starting processing kemco.magitec.letoile-1.apk ......
Getting apk info from https://play.google.com/store/apps/details?id=kemco.magitec.letoile ......
Success to get info from Play Store
The lastest version of kemco.magitec.letoile-1.apk is 
Done processing kemco.magitec.letoile-1.apk
Time Spent:   0 Days 0 Hours 0 Minutes 12 Seconds

============================================================================
48/49 Starting processing kr.co.tictocplus-1.apk ......
Getting apk info from https://play.google.com/store/apps/details?id=kr.co.tictocplus ......
Success to get info from Play Store
The lastest version of kr.co.tictocplus-1.apk is 
Done processing kr.co.tictocplus-1.apk
Time Spent:   0 Days 0 Hours 0 Minutes 12 Seconds

============================================================================
49/49 Starting processing uk.co.pixelspill.katatak.android-1.apk ......
Getting apk info from https://play.google.com/store/apps/details?id=uk.co.pixelspill.katatak.android ......
Success to get info from Play Store
The lastest version of uk.co.pixelspill.katatak.android-1.apk is 
Done processing uk.co.pixelspill.katatak.android-1.apk
Time Spent:   0 Days 0 Hours 0 Minutes 12 Seconds

============================================================================


**************************************************************
All Done
Total Time:   0 Days 0 Hours 0 Minutes 12 Seconds
Result Location:               /home/Git-Apk/code_resource/script_hooks/scan_apk/scan_apk_version/results/AppInfo_2015-02-09-15-23-39.csv
**************************************************************
