Start processing app in list /home/Git-Apk/Updated_list from /home/Git-Apk/All_Apk  ......

============================================================================
1/25 Starting processing air.WR3DFree-1.apk ......
Getting apk info from https://play.google.com/store/apps/details?id=air.WR3DFree ......
Success to get info from Play Store
The lastest version of air.WR3DFree-1.apk is  1.500  
Done processing air.WR3DFree-1.apk
Time Spent:   0 Days 0 Hours 0 Minutes 2 Seconds

============================================================================
2/25 Starting processing air.com.toystudio.casinotower-1.apk ......
Getting apk info from https://play.google.com/store/apps/details?id=air.com.toystudio.casinotower ......
Success to get info from Play Store
The lastest version of air.com.toystudio.casinotower-1.apk is  3.2.1  
Done processing air.com.toystudio.casinotower-1.apk
Time Spent:   0 Days 0 Hours 0 Minutes 8 Seconds

============================================================================
3/25 Starting processing com.alensw.PicFolder-1.apk ......
Getting apk info from https://play.google.com/store/apps/details?id=com.alensw.PicFolder ......
Success to get info from Play Store
The lastest version of com.alensw.PicFolder-1.apk is  4.6.4.1252  
Done processing com.alensw.PicFolder-1.apk
Time Spent:   0 Days 0 Hours 0 Minutes 10 Seconds

============================================================================
4/25 Starting processing com.aryuthere.visionplus-1.apk ......
Getting apk info from https://play.google.com/store/apps/details?id=com.aryuthere.visionplus ......
Success to get info from Play Store
The lastest version of com.aryuthere.visionplus-1.apk is  2.5.1  
Done processing com.aryuthere.visionplus-1.apk
Time Spent:   0 Days 0 Hours 0 Minutes 12 Seconds

============================================================================
5/25 Starting processing com.cardinalblue.piccollage.google-1.apk ......
Getting apk info from https://play.google.com/store/apps/details?id=com.cardinalblue.piccollage.google ......
Success to get info from Play Store
The lastest version of com.cardinalblue.piccollage.google-1.apk is    Varies with device  
Done processing com.cardinalblue.piccollage.google-1.apk
Time Spent:   0 Days 0 Hours 0 Minutes 15 Seconds

============================================================================
6/25 Starting processing com.dupigame.copsnrobbers-1.apk ......
Getting apk info from https://play.google.com/store/apps/details?id=com.dupigame.copsnrobbers ......
Success to get info from Play Store
The lastest version of com.dupigame.copsnrobbers-1.apk is  1.0.1  
Done processing com.dupigame.copsnrobbers-1.apk
Time Spent:   0 Days 0 Hours 0 Minutes 17 Seconds

============================================================================
7/25 Starting processing com.emoji.ikeyboard-1.apk ......
Getting apk info from https://play.google.com/store/apps/details?id=com.emoji.ikeyboard ......
Success to get info from Play Store
The lastest version of com.emoji.ikeyboard-1.apk is 
Done processing com.emoji.ikeyboard-1.apk
Time Spent:   0 Days 0 Hours 0 Minutes 20 Seconds

============================================================================
8/25 Starting processing com.google.android.apps.translate-1.apk ......
Getting apk info from https://play.google.com/store/apps/details?id=com.google.android.apps.translate ......
Success to get info from Play Store
The lastest version of com.google.android.apps.translate-1.apk is    Varies with device  
Done processing com.google.android.apps.translate-1.apk
Time Spent:   0 Days 0 Hours 0 Minutes 22 Seconds

============================================================================
9/25 Starting processing com.hotheadgames.google.bbfootball-1.apk ......
Getting apk info from https://play.google.com/store/apps/details?id=com.hotheadgames.google.bbfootball ......
Success to get info from Play Store
The lastest version of com.hotheadgames.google.bbfootball-1.apk is  1.2  
Done processing com.hotheadgames.google.bbfootball-1.apk
Time Spent:   0 Days 0 Hours 0 Minutes 26 Seconds

============================================================================
10/25 Starting processing com.jb.zcamera-1.apk ......
Getting apk info from https://play.google.com/store/apps/details?id=com.jb.zcamera ......
Success to get info from Play Store
The lastest version of com.jb.zcamera-1.apk is  2.03  
Done processing com.jb.zcamera-1.apk
Time Spent:   0 Days 0 Hours 0 Minutes 30 Seconds

============================================================================
11/25 Starting processing com.kx.box-1.apk ......
Getting apk info from https://play.google.com/store/apps/details?id=com.kx.box ......
Success to get info from Play Store
The lastest version of com.kx.box-1.apk is  1.0.4  
Done processing com.kx.box-1.apk
Time Spent:   0 Days 0 Hours 0 Minutes 35 Seconds

============================================================================
12/25 Starting processing com.lonewolfgames.blackthorncastle-1.apk ......
Getting apk info from https://play.google.com/store/apps/details?id=com.lonewolfgames.blackthorncastle ......
Success to get info from Play Store
The lastest version of com.lonewolfgames.blackthorncastle-1.apk is  3.1  
Done processing com.lonewolfgames.blackthorncastle-1.apk
Time Spent:   0 Days 0 Hours 0 Minutes 39 Seconds

============================================================================
13/25 Starting processing com.magiccubegames.barcodeknight-1.apk ......
Getting apk info from https://play.google.com/store/apps/details?id=com.magiccubegames.barcodeknight ......
Success to get info from Play Store
The lastest version of com.magiccubegames.barcodeknight-1.apk is  1.74  
Done processing com.magiccubegames.barcodeknight-1.apk
Time Spent:   0 Days 0 Hours 0 Minutes 43 Seconds

============================================================================
14/25 Starting processing com.meitu.meipaimv-1.apk ......
Getting apk info from https://play.google.com/store/apps/details?id=com.meitu.meipaimv ......
Success to get info from Play Store
The lastest version of com.meitu.meipaimv-1.apk is  4.1.0  
Done processing com.meitu.meipaimv-1.apk
Time Spent:   0 Days 0 Hours 0 Minutes 47 Seconds

============================================================================
15/25 Starting processing com.mgstudio.bg-1.apk ......
Getting apk info from https://play.google.com/store/apps/details?id=com.mgstudio.bg ......
Success to get info from Play Store
The lastest version of com.mgstudio.bg-1.apk is  3.25  
Done processing com.mgstudio.bg-1.apk
Time Spent:   0 Days 0 Hours 0 Minutes 52 Seconds

============================================================================
16/25 Starting processing com.mobirix.playmaze-1.apk ......
Getting apk info from https://play.google.com/store/apps/details?id=com.mobirix.playmaze ......
Success to get info from Play Store
The lastest version of com.mobirix.playmaze-1.apk is  1.3.1  
Done processing com.mobirix.playmaze-1.apk
Time Spent:   0 Days 0 Hours 0 Minutes 56 Seconds

============================================================================
17/25 Starting processing com.my.might.glory.fantasy.strategy-1.apk ......
Getting apk info from https://play.google.com/store/apps/details?id=com.my.might.glory.fantasy.strategy ......
Success to get info from Play Store
The lastest version of com.my.might.glory.fantasy.strategy-1.apk is  1.0.4  
Done processing com.my.might.glory.fantasy.strategy-1.apk
Time Spent:   0 Days 0 Hours 1 Minutes 0 Seconds

============================================================================
18/25 Starting processing com.nobstudio.chengshuwan.prisonLifeRPG-1.apk ......
Getting apk info from https://play.google.com/store/apps/details?id=com.nobstudio.chengshuwan.prisonLifeRPG ......
Success to get info from Play Store
The lastest version of com.nobstudio.chengshuwan.prisonLifeRPG-1.apk is  1.4.0  
Done processing com.nobstudio.chengshuwan.prisonLifeRPG-1.apk
Time Spent:   0 Days 0 Hours 1 Minutes 4 Seconds

============================================================================
19/25 Starting processing com.nostalgiaemulators.nesfull-1.apk ......
Getting apk info from https://play.google.com/store/apps/details?id=com.nostalgiaemulators.nesfull ......
Success to get info from Play Store
The lastest version of com.nostalgiaemulators.nesfull-1.apk is  1.12.2  
Done processing com.nostalgiaemulators.nesfull-1.apk
Time Spent:   0 Days 0 Hours 1 Minutes 7 Seconds

============================================================================
20/25 Starting processing com.pennypop.monsters.live-1.apk ......
Getting apk info from https://play.google.com/store/apps/details?id=com.pennypop.monsters.live ......
Success to get info from Play Store
The lastest version of com.pennypop.monsters.live-1.apk is  3.2.4  
Done processing com.pennypop.monsters.live-1.apk
Time Spent:   0 Days 0 Hours 1 Minutes 12 Seconds

============================================================================
21/25 Starting processing com.playhome.school-1.apk ......
Getting apk info from https://play.google.com/store/apps/details?id=com.playhome.school ......
Success to get info from Play Store
The lastest version of com.playhome.school-1.apk is  1.2.0.9  
Done processing com.playhome.school-1.apk
Time Spent:   0 Days 0 Hours 1 Minutes 16 Seconds

============================================================================
22/25 Starting processing com.square_enix.android_googleplay.dq4-1.apk ......
Getting apk info from https://play.google.com/store/apps/details?id=com.square_enix.android_googleplay.dq4 ......
Success to get info from Play Store
The lastest version of com.square_enix.android_googleplay.dq4-1.apk is  1.0.2  
Done processing com.square_enix.android_googleplay.dq4-1.apk
Time Spent:   0 Days 0 Hours 1 Minutes 21 Seconds

============================================================================
23/25 Starting processing com.vl.infotrax.doterra-1.apk ......
Getting apk info from https://play.google.com/store/apps/details?id=com.vl.infotrax.doterra ......
Success to get info from Play Store
The lastest version of com.vl.infotrax.doterra-1.apk is  1.5  
Done processing com.vl.infotrax.doterra-1.apk
Time Spent:   0 Days 0 Hours 1 Minutes 25 Seconds

============================================================================
24/25 Starting processing jp.naver.line.android-1.apk ......
Getting apk info from https://play.google.com/store/apps/details?id=jp.naver.line.android ......
Success to get info from Play Store
The lastest version of jp.naver.line.android-1.apk is    Varies with device  
Done processing jp.naver.line.android-1.apk
Time Spent:   0 Days 0 Hours 1 Minutes 29 Seconds

============================================================================
25/25 Starting processing me.dingtone.app.im-1.apk ......
Getting apk info from https://play.google.com/store/apps/details?id=me.dingtone.app.im ......
Success to get info from Play Store
The lastest version of me.dingtone.app.im-1.apk is  2.5.11  
Done processing me.dingtone.app.im-1.apk
Time Spent:   0 Days 0 Hours 1 Minutes 33 Seconds

============================================================================


**************************************************************
All Done
Total Time:   0 Days 0 Hours 1 Minutes 33 Seconds
Result Location:               /home/Git-Apk/code_resource/script_hooks/scan_apk/scan_apk_version/results/AppInfo_2015-11-04-23-29-06.csv
**************************************************************
