Start processing app in list /home/Git-Apk/Updated_list from /home/Git-Apk/All_Apk  ......

============================================================================
1/12 Starting processing air.com.paplusint.GhostsOfMemoriesFull-1.apk ......
Getting apk info from https://play.google.com/store/apps/details?id=air.com.paplusint.GhostsOfMemoriesFull ......
Success to get info from Play Store
The lastest version of air.com.paplusint.GhostsOfMemoriesFull-1.apk is  1.0.4  
Done processing air.com.paplusint.GhostsOfMemoriesFull-1.apk
Time Spent:   0 Days 0 Hours 0 Minutes 2 Seconds

============================================================================
2/12 Starting processing com.adt.pulse-1.apk ......
Getting apk info from https://play.google.com/store/apps/details?id=com.adt.pulse ......
Success to get info from Play Store
The lastest version of com.adt.pulse-1.apk is  7.3.0  
Done processing com.adt.pulse-1.apk
Time Spent:   0 Days 0 Hours 0 Minutes 4 Seconds

============================================================================
3/12 Starting processing com.hola.launcher-1.apk ......
Getting apk info from https://play.google.com/store/apps/details?id=com.hola.launcher ......
Success to get info from Play Store
The lastest version of com.hola.launcher-1.apk is  2.1.0  
Done processing com.hola.launcher-1.apk
Time Spent:   0 Days 0 Hours 0 Minutes 8 Seconds

============================================================================
4/12 Starting processing com.hugsnhearts.android_beard_salon-1.apk ......
Getting apk info from https://play.google.com/store/apps/details?id=com.hugsnhearts.android_beard_salon ......
Success to get info from Play Store
The lastest version of com.hugsnhearts.android_beard_salon-1.apk is  1.0.4.0  
Done processing com.hugsnhearts.android_beard_salon-1.apk
Time Spent:   0 Days 0 Hours 0 Minutes 9 Seconds

============================================================================
5/12 Starting processing com.imo.android.imoim-1.apk ......
Getting apk info from https://play.google.com/store/apps/details?id=com.imo.android.imoim ......
Success to get info from Play Store
The lastest version of com.imo.android.imoim-1.apk is  9.8.00000000025  
Done processing com.imo.android.imoim-1.apk
Time Spent:   0 Days 0 Hours 0 Minutes 11 Seconds

============================================================================
6/12 Starting processing com.namcobandaigames.pacmantournaments-1.apk ......
Getting apk info from https://play.google.com/store/apps/details?id=com.namcobandaigames.pacmantournaments ......
Success to get info from Play Store
The lastest version of com.namcobandaigames.pacmantournaments-1.apk is  2.0.7  
Done processing com.namcobandaigames.pacmantournaments-1.apk
Time Spent:   0 Days 0 Hours 0 Minutes 13 Seconds

============================================================================
7/12 Starting processing com.perplelab.hod-1.apk ......
Getting apk info from https://play.google.com/store/apps/details?id=com.perplelab.hod ......
Success to get info from Play Store
The lastest version of com.perplelab.hod-1.apk is  1.0.8  
Done processing com.perplelab.hod-1.apk
Time Spent:   0 Days 0 Hours 0 Minutes 15 Seconds

============================================================================
8/12 Starting processing com.psafe.msuite-1.apk ......
Getting apk info from https://play.google.com/store/apps/details?id=com.psafe.msuite ......
Success to get info from Play Store
The lastest version of com.psafe.msuite-1.apk is    Varies with device  
Done processing com.psafe.msuite-1.apk
Time Spent:   0 Days 0 Hours 0 Minutes 17 Seconds

============================================================================
9/12 Starting processing com.skype.raider-1.apk ......
Getting apk info from https://play.google.com/store/apps/details?id=com.skype.raider ......
Success to get info from Play Store
The lastest version of com.skype.raider-1.apk is    Varies with device  
Done processing com.skype.raider-1.apk
Time Spent:   0 Days 0 Hours 0 Minutes 19 Seconds

============================================================================
10/12 Starting processing com.smule.singandroid-1.apk ......
Getting apk info from https://play.google.com/store/apps/details?id=com.smule.singandroid ......
Success to get info from Play Store
The lastest version of com.smule.singandroid-1.apk is  3.3.2  
Done processing com.smule.singandroid-1.apk
Time Spent:   0 Days 0 Hours 0 Minutes 21 Seconds

============================================================================
11/12 Starting processing es.socialpoint.MonsterLegends-1.apk ......
Getting apk info from https://play.google.com/store/apps/details?id=es.socialpoint.MonsterLegends ......
Success to get info from Play Store
The lastest version of es.socialpoint.MonsterLegends-1.apk is 
Done processing es.socialpoint.MonsterLegends-1.apk
Time Spent:   0 Days 0 Hours 0 Minutes 23 Seconds

============================================================================
12/12 Starting processing net.apex_designs.payback2-1.apk ......
Getting apk info from https://play.google.com/store/apps/details?id=net.apex_designs.payback2 ......
Success to get info from Play Store
The lastest version of net.apex_designs.payback2-1.apk is  2.90.3  
Done processing net.apex_designs.payback2-1.apk
Time Spent:   0 Days 0 Hours 0 Minutes 25 Seconds

============================================================================


**************************************************************
All Done
Total Time:   0 Days 0 Hours 0 Minutes 25 Seconds
Result Location:               /home/Git-Apk/code_resource/script_hooks/scan_apk/scan_apk_version/results/AppInfo_2015-12-21-23-19-29.csv
**************************************************************
