Start processing app in list /home/Git-Apk/Updated_list from /home/Git-Apk/All_Apk  ......

============================================================================
1/22 Starting processing air.Airship2-1.apk ......
Getting apk info from https://play.google.com/store/apps/details?id=air.Airship2 ......
Success to get info from Play Store
The lastest version of air.Airship2-1.apk is 
Done processing air.Airship2-1.apk
Time Spent:   0 Days 0 Hours 0 Minutes 0 Seconds

============================================================================
2/22 Starting processing air.com.sgn.bookoflife.gp-1.apk ......
Getting apk info from https://play.google.com/store/apps/details?id=air.com.sgn.bookoflife.gp ......
Success to get info from Play Store
The lastest version of air.com.sgn.bookoflife.gp-1.apk is 
Done processing air.com.sgn.bookoflife.gp-1.apk
Time Spent:   0 Days 0 Hours 0 Minutes 0 Seconds

============================================================================
3/22 Starting processing air.mwe.cookingcuteheartcupcakes-1.apk ......
Getting apk info from https://play.google.com/store/apps/details?id=air.mwe.cookingcuteheartcupcakes ......
Success to get info from Play Store
The lastest version of air.mwe.cookingcuteheartcupcakes-1.apk is 
Done processing air.mwe.cookingcuteheartcupcakes-1.apk
Time Spent:   0 Days 0 Hours 0 Minutes 1 Seconds

============================================================================
4/22 Starting processing com.DisneyDigitalBooks.SevenDMineTrain-1.apk ......
Getting apk info from https://play.google.com/store/apps/details?id=com.DisneyDigitalBooks.SevenDMineTrain ......
Success to get info from Play Store
The lastest version of com.DisneyDigitalBooks.SevenDMineTrain-1.apk is 
Done processing com.DisneyDigitalBooks.SevenDMineTrain-1.apk
Time Spent:   0 Days 0 Hours 0 Minutes 1 Seconds

============================================================================
5/22 Starting processing com.SM.TDD-1.apk ......
Getting apk info from https://play.google.com/store/apps/details?id=com.SM.TDD ......
Success to get info from Play Store
The lastest version of com.SM.TDD-1.apk is 
Done processing com.SM.TDD-1.apk
Time Spent:   0 Days 0 Hours 0 Minutes 1 Seconds

============================================================================
6/22 Starting processing com.bennettracingsimulations.dirttrackin-1.apk ......
Getting apk info from https://play.google.com/store/apps/details?id=com.bennettracingsimulations.dirttrackin ......
Success to get info from Play Store
The lastest version of com.bennettracingsimulations.dirttrackin-1.apk is 
Done processing com.bennettracingsimulations.dirttrackin-1.apk
Time Spent:   0 Days 0 Hours 0 Minutes 1 Seconds

============================================================================
7/22 Starting processing com.disney.WMWLite-1.apk ......
Getting apk info from https://play.google.com/store/apps/details?id=com.disney.WMWLite ......
Success to get info from Play Store
The lastest version of com.disney.WMWLite-1.apk is 
Done processing com.disney.WMWLite-1.apk
Time Spent:   0 Days 0 Hours 0 Minutes 2 Seconds

============================================================================
8/22 Starting processing com.disney.cpcompanion_goo-1.apk ......
Getting apk info from https://play.google.com/store/apps/details?id=com.disney.cpcompanion_goo ......
Success to get info from Play Store
The lastest version of com.disney.cpcompanion_goo-1.apk is 
Done processing com.disney.cpcompanion_goo-1.apk
Time Spent:   0 Days 0 Hours 0 Minutes 2 Seconds

============================================================================
9/22 Starting processing com.ea.gp.bej3-1.apk ......
Getting apk info from https://play.google.com/store/apps/details?id=com.ea.gp.bej3 ......
Success to get info from Play Store
The lastest version of com.ea.gp.bej3-1.apk is 
Done processing com.ea.gp.bej3-1.apk
Time Spent:   0 Days 0 Hours 0 Minutes 2 Seconds

============================================================================
10/22 Starting processing com.episodeinteractive.android.catalog-1.apk ......
Getting apk info from https://play.google.com/store/apps/details?id=com.episodeinteractive.android.catalog ......
Success to get info from Play Store
The lastest version of com.episodeinteractive.android.catalog-1.apk is 
Done processing com.episodeinteractive.android.catalog-1.apk
Time Spent:   0 Days 0 Hours 0 Minutes 2 Seconds

============================================================================
11/22 Starting processing com.firerabbit.games.fmc.gw.full-1.apk ......
Getting apk info from https://play.google.com/store/apps/details?id=com.firerabbit.games.fmc.gw.full ......
Success to get info from Play Store
The lastest version of com.firerabbit.games.fmc.gw.full-1.apk is 
Done processing com.firerabbit.games.fmc.gw.full-1.apk
Time Spent:   0 Days 0 Hours 0 Minutes 3 Seconds

============================================================================
12/22 Starting processing com.fullfat.android.quarterback15-1.apk ......
Getting apk info from https://play.google.com/store/apps/details?id=com.fullfat.android.quarterback15 ......
Success to get info from Play Store
The lastest version of com.fullfat.android.quarterback15-1.apk is 
Done processing com.fullfat.android.quarterback15-1.apk
Time Spent:   0 Days 0 Hours 0 Minutes 3 Seconds

============================================================================
13/22 Starting processing com.inkle.eightydays-1.apk ......
Getting apk info from https://play.google.com/store/apps/details?id=com.inkle.eightydays ......
Success to get info from Play Store
The lastest version of com.inkle.eightydays-1.apk is 
Done processing com.inkle.eightydays-1.apk
Time Spent:   0 Days 0 Hours 0 Minutes 3 Seconds

============================================================================
14/22 Starting processing com.inkle.sorcery1-1.apk ......
Getting apk info from https://play.google.com/store/apps/details?id=com.inkle.sorcery1 ......
Success to get info from Play Store
The lastest version of com.inkle.sorcery1-1.apk is 
Done processing com.inkle.sorcery1-1.apk
Time Spent:   0 Days 0 Hours 0 Minutes 3 Seconds

============================================================================
15/22 Starting processing com.ketchapp.ninja-1.apk ......
Getting apk info from https://play.google.com/store/apps/details?id=com.ketchapp.ninja ......
Success to get info from Play Store
The lastest version of com.ketchapp.ninja-1.apk is 
Done processing com.ketchapp.ninja-1.apk
Time Spent:   0 Days 0 Hours 0 Minutes 3 Seconds

============================================================================
16/22 Starting processing com.lightbot.lightbot-1.apk ......
Getting apk info from https://play.google.com/store/apps/details?id=com.lightbot.lightbot ......
Success to get info from Play Store
The lastest version of com.lightbot.lightbot-1.apk is 
Done processing com.lightbot.lightbot-1.apk
Time Spent:   0 Days 0 Hours 0 Minutes 4 Seconds

============================================================================
17/22 Starting processing com.lucasarts.starts_goo-1.apk ......
Getting apk info from https://play.google.com/store/apps/details?id=com.lucasarts.starts_goo ......
Success to get info from Play Store
The lastest version of com.lucasarts.starts_goo-1.apk is 
Done processing com.lucasarts.starts_goo-1.apk
Time Spent:   0 Days 0 Hours 0 Minutes 4 Seconds

============================================================================
18/22 Starting processing com.pacificinteractive.HouseOfFun-1.apk ......
Getting apk info from https://play.google.com/store/apps/details?id=com.pacificinteractive.HouseOfFun ......
Success to get info from Play Store
The lastest version of com.pacificinteractive.HouseOfFun-1.apk is 
Done processing com.pacificinteractive.HouseOfFun-1.apk
Time Spent:   0 Days 0 Hours 0 Minutes 4 Seconds

============================================================================
19/22 Starting processing com.roblox.client-1.apk ......
Getting apk info from https://play.google.com/store/apps/details?id=com.roblox.client ......
Success to get info from Play Store
The lastest version of com.roblox.client-1.apk is 
Done processing com.roblox.client-1.apk
Time Spent:   0 Days 0 Hours 0 Minutes 4 Seconds

============================================================================
20/22 Starting processing com.square_enix.android_googleplay.FFV_GP-1.apk ......
Getting apk info from https://play.google.com/store/apps/details?id=com.square_enix.android_googleplay.FFV_GP ......
Success to get info from Play Store
The lastest version of com.square_enix.android_googleplay.FFV_GP-1.apk is 
Done processing com.square_enix.android_googleplay.FFV_GP-1.apk
Time Spent:   0 Days 0 Hours 0 Minutes 4 Seconds

============================================================================
21/22 Starting processing com.zynga.FarmVille2CountryEscape-1.apk ......
Getting apk info from https://play.google.com/store/apps/details?id=com.zynga.FarmVille2CountryEscape ......
Success to get info from Play Store
The lastest version of com.zynga.FarmVille2CountryEscape-1.apk is 
Done processing com.zynga.FarmVille2CountryEscape-1.apk
Time Spent:   0 Days 0 Hours 0 Minutes 5 Seconds

============================================================================
22/22 Starting processing es.socialpoint.MonsterLegends-1.apk ......
Getting apk info from https://play.google.com/store/apps/details?id=es.socialpoint.MonsterLegends ......
Success to get info from Play Store
The lastest version of es.socialpoint.MonsterLegends-1.apk is 
Done processing es.socialpoint.MonsterLegends-1.apk
Time Spent:   0 Days 0 Hours 0 Minutes 5 Seconds

============================================================================


**************************************************************
All Done
Total Time:   0 Days 0 Hours 0 Minutes 5 Seconds
Result Location:               /home/Git-Apk/code_resource/script_hooks/scan_apk/scan_apk_version/results/AppInfo_2015-02-06-15-34-04.csv
**************************************************************
