Start processing app in list /home/Git-Apk/Updated_list from /home/Git-Apk/Baidu  ......

============================================================================
1/3 Starting processing com.android.vending-1.apk ......
Getting apk info from https://play.google.com/store/apps/details?id=com.android.vending ......
[ERROR] : Cannot find info of com.android.vending-1.apk on https://play.google.com/store/apps/details?id=com.android.vending !!!
Done processing com.android.vending-1.apk
Time Spent:   0 Days 0 Hours 0 Minutes 1 Seconds

============================================================================
2/3 Starting processing com.tencent.feiji-1.apk ......
Getting apk info from https://play.google.com/store/apps/details?id=com.tencent.feiji ......
[ERROR] : Cannot find info of com.tencent.feiji-1.apk on https://play.google.com/store/apps/details?id=com.tencent.feiji !!!
Done processing com.tencent.feiji-1.apk
Time Spent:   0 Days 0 Hours 0 Minutes 3 Seconds

============================================================================
3/3 Starting processing com.tencent.game.VXDGame-1.apk ......
Getting apk info from https://play.google.com/store/apps/details?id=com.tencent.game.VXDGame ......
[ERROR] : Cannot find info of com.tencent.game.VXDGame-1.apk on https://play.google.com/store/apps/details?id=com.tencent.game.VXDGame !!!
Done processing com.tencent.game.VXDGame-1.apk
Time Spent:   0 Days 0 Hours 0 Minutes 4 Seconds

============================================================================


**************************************************************
All Done
Total Time:   0 Days 0 Hours 0 Minutes 4 Seconds
Result Location:               /home/Git-Apk/code_resource/script_hooks/scan_apk/scan_apk_version/results/AppInfo_2015-07-21-23-44-07.csv
**************************************************************
