Start processing app in list /home/Git-Apk/Updated_list from /home/Git-Apk/All_Apk  ......

============================================================================
1/61 Starting processing air.com.differencegames.hoegghuntfree-1.apk ......
Getting apk info from https://play.google.com/store/apps/details?id=air.com.differencegames.hoegghuntfree ......
Success to get info from Play Store
The lastest version of air.com.differencegames.hoegghuntfree-1.apk is  1.0.18  
Done processing air.com.differencegames.hoegghuntfree-1.apk
Time Spent:   0 Days 0 Hours 0 Minutes 5 Seconds

============================================================================
2/61 Starting processing air.com.oranginalplan.weaphonesantiques-1.apk ......
Getting apk info from https://play.google.com/store/apps/details?id=air.com.oranginalplan.weaphonesantiques ......
Success to get info from Play Store
The lastest version of air.com.oranginalplan.weaphonesantiques-1.apk is  1.0.0  
Done processing air.com.oranginalplan.weaphonesantiques-1.apk
Time Spent:   0 Days 0 Hours 0 Minutes 9 Seconds

============================================================================
3/61 Starting processing air.com.peppapig.paintbox-1.apk ......
Getting apk info from https://play.google.com/store/apps/details?id=air.com.peppapig.paintbox ......
Success to get info from Play Store
The lastest version of air.com.peppapig.paintbox-1.apk is  1.1.4  
Done processing air.com.peppapig.paintbox-1.apk
Time Spent:   0 Days 0 Hours 0 Minutes 15 Seconds

============================================================================
4/61 Starting processing air.com.shirogames.evoland12-1.apk ......
Getting apk info from https://play.google.com/store/apps/details?id=air.com.shirogames.evoland12 ......
Success to get info from Play Store
The lastest version of air.com.shirogames.evoland12-1.apk is  1.2.14  
Done processing air.com.shirogames.evoland12-1.apk
Time Spent:   0 Days 0 Hours 0 Minutes 19 Seconds

============================================================================
5/61 Starting processing air.com.sublinet.tastytale-1.apk ......
Getting apk info from https://play.google.com/store/apps/details?id=air.com.sublinet.tastytale ......
Success to get info from Play Store
The lastest version of air.com.sublinet.tastytale-1.apk is  2.3  
Done processing air.com.sublinet.tastytale-1.apk
Time Spent:   0 Days 0 Hours 0 Minutes 21 Seconds

============================================================================
6/61 Starting processing air.sina.rocketPets-1.apk ......
Getting apk info from https://play.google.com/store/apps/details?id=air.sina.rocketPets ......
Success to get info from Play Store
The lastest version of air.sina.rocketPets-1.apk is  1.0  
Done processing air.sina.rocketPets-1.apk
Time Spent:   0 Days 0 Hours 0 Minutes 23 Seconds

============================================================================
7/61 Starting processing com.MultiCraft.Beta.Elite-1.apk ......
Getting apk info from https://play.google.com/store/apps/details?id=com.MultiCraft.Beta.Elite ......
Success to get info from Play Store
The lastest version of com.MultiCraft.Beta.Elite-1.apk is  1.0.0  
Done processing com.MultiCraft.Beta.Elite-1.apk
Time Spent:   0 Days 0 Hours 0 Minutes 25 Seconds

============================================================================
8/61 Starting processing com.amazon.mShop.android.shopping-1.apk ......
Getting apk info from https://play.google.com/store/apps/details?id=com.amazon.mShop.android.shopping ......
Success to get info from Play Store
The lastest version of com.amazon.mShop.android.shopping-1.apk is 
Done processing com.amazon.mShop.android.shopping-1.apk
Time Spent:   0 Days 0 Hours 0 Minutes 27 Seconds

============================================================================
9/61 Starting processing com.and.games505.chimpact2-1.apk ......
Getting apk info from https://play.google.com/store/apps/details?id=com.and.games505.chimpact2 ......
Success to get info from Play Store
The lastest version of com.and.games505.chimpact2-1.apk is  3.0316.1  
Done processing com.and.games505.chimpact2-1.apk
Time Spent:   0 Days 0 Hours 0 Minutes 29 Seconds

============================================================================
10/61 Starting processing com.appgame7.fruitrivals-1.apk ......
Getting apk info from https://play.google.com/store/apps/details?id=com.appgame7.fruitrivals ......
Success to get info from Play Store
The lastest version of com.appgame7.fruitrivals-1.apk is  2.0.056  
Done processing com.appgame7.fruitrivals-1.apk
Time Spent:   0 Days 0 Hours 0 Minutes 32 Seconds

============================================================================
11/61 Starting processing com.auxbrain.zh2-1.apk ......
Getting apk info from https://play.google.com/store/apps/details?id=com.auxbrain.zh2 ......
Success to get info from Play Store
The lastest version of com.auxbrain.zh2-1.apk is 
Done processing com.auxbrain.zh2-1.apk
Time Spent:   0 Days 0 Hours 0 Minutes 34 Seconds

============================================================================
12/61 Starting processing com.bhvr.homejam-1.apk ......
Getting apk info from https://play.google.com/store/apps/details?id=com.bhvr.homejam ......
Success to get info from Play Store
The lastest version of com.bhvr.homejam-1.apk is  2.1.0  
Done processing com.bhvr.homejam-1.apk
Time Spent:   0 Days 0 Hours 0 Minutes 36 Seconds

============================================================================
13/61 Starting processing com.budgestudios.BarbieMagicalFashion-1.apk ......
Getting apk info from https://play.google.com/store/apps/details?id=com.budgestudios.BarbieMagicalFashion ......
Success to get info from Play Store
The lastest version of com.budgestudios.BarbieMagicalFashion-1.apk is  2.0  
Done processing com.budgestudios.BarbieMagicalFashion-1.apk
Time Spent:   0 Days 0 Hours 0 Minutes 39 Seconds

============================================================================
14/61 Starting processing com.budgestudios.CrayolaNailParty-1.apk ......
Getting apk info from https://play.google.com/store/apps/details?id=com.budgestudios.CrayolaNailParty ......
Success to get info from Play Store
The lastest version of com.budgestudios.CrayolaNailParty-1.apk is  1.2  
Done processing com.budgestudios.CrayolaNailParty-1.apk
Time Spent:   0 Days 0 Hours 0 Minutes 41 Seconds

============================================================================
15/61 Starting processing com.dancingcatdev.spacebountiesinc-1.apk ......
Getting apk info from https://play.google.com/store/apps/details?id=com.dancingcatdev.spacebountiesinc ......
Success to get info from Play Store
The lastest version of com.dancingcatdev.spacebountiesinc-1.apk is  2.1  
Done processing com.dancingcatdev.spacebountiesinc-1.apk
Time Spent:   0 Days 0 Hours 0 Minutes 43 Seconds

============================================================================
16/61 Starting processing com.degoo.android.maternitydoctor2-1.apk ......
Getting apk info from https://play.google.com/store/apps/details?id=com.degoo.android.maternitydoctor2 ......
Success to get info from Play Store
The lastest version of com.degoo.android.maternitydoctor2-1.apk is  1.0.5  
Done processing com.degoo.android.maternitydoctor2-1.apk
Time Spent:   0 Days 0 Hours 0 Minutes 45 Seconds

============================================================================
17/61 Starting processing com.dena.west.FFRK-1.apk ......
Getting apk info from https://play.google.com/store/apps/details?id=com.dena.west.FFRK ......
Success to get info from Play Store
The lastest version of com.dena.west.FFRK-1.apk is  3.3.8  
Done processing com.dena.west.FFRK-1.apk
Time Spent:   0 Days 0 Hours 0 Minutes 48 Seconds

============================================================================
18/61 Starting processing com.disney.starwarsrebels_goo-1.apk ......
Getting apk info from https://play.google.com/store/apps/details?id=com.disney.starwarsrebels_goo ......
Success to get info from Play Store
The lastest version of com.disney.starwarsrebels_goo-1.apk is  1.1.0  
Done processing com.disney.starwarsrebels_goo-1.apk
Time Spent:   0 Days 0 Hours 0 Minutes 50 Seconds

============================================================================
19/61 Starting processing com.emoji.coolkeyboard-1.apk ......
Getting apk info from https://play.google.com/store/apps/details?id=com.emoji.coolkeyboard ......
Success to get info from Play Store
The lastest version of com.emoji.coolkeyboard-1.apk is  2.6.5  
Done processing com.emoji.coolkeyboard-1.apk
Time Spent:   0 Days 0 Hours 0 Minutes 53 Seconds

============================================================================
20/61 Starting processing com.fingerprintplay.bysbasketball2015B-1.apk ......
Getting apk info from https://play.google.com/store/apps/details?id=com.fingerprintplay.bysbasketball2015B ......
Success to get info from Play Store
The lastest version of com.fingerprintplay.bysbasketball2015B-1.apk is  1.22.0  
Done processing com.fingerprintplay.bysbasketball2015B-1.apk
Time Spent:   0 Days 0 Hours 0 Minutes 54 Seconds

============================================================================
21/61 Starting processing com.foosegames.motolokohd-1.apk ......
Getting apk info from https://play.google.com/store/apps/details?id=com.foosegames.motolokohd ......
Success to get info from Play Store
The lastest version of com.foosegames.motolokohd-1.apk is  2  
Done processing com.foosegames.motolokohd-1.apk
Time Spent:   0 Days 0 Hours 0 Minutes 57 Seconds

============================================================================
22/61 Starting processing com.gamecircus.prizeclaw2-1.apk ......
Getting apk info from https://play.google.com/store/apps/details?id=com.gamecircus.prizeclaw2 ......
Success to get info from Play Store
The lastest version of com.gamecircus.prizeclaw2-1.apk is  1.2  
Done processing com.gamecircus.prizeclaw2-1.apk
Time Spent:   0 Days 0 Hours 0 Minutes 59 Seconds

============================================================================
23/61 Starting processing com.glitchsoft.xmen1-1.apk ......
Getting apk info from https://play.google.com/store/apps/details?id=com.glitchsoft.xmen1 ......
Success to get info from Play Store
The lastest version of com.glitchsoft.xmen1-1.apk is  1.1.137  
Done processing com.glitchsoft.xmen1-1.apk
Time Spent:   0 Days 0 Hours 1 Minutes 1 Seconds

============================================================================
24/61 Starting processing com.glutenfreegames.polarbearsimulator-1.apk ......
Getting apk info from https://play.google.com/store/apps/details?id=com.glutenfreegames.polarbearsimulator ......
Success to get info from Play Store
The lastest version of com.glutenfreegames.polarbearsimulator-1.apk is  1  
Done processing com.glutenfreegames.polarbearsimulator-1.apk
Time Spent:   0 Days 0 Hours 1 Minutes 3 Seconds

============================================================================
25/61 Starting processing com.google.android.apps.youtube.kids-1.apk ......
Getting apk info from https://play.google.com/store/apps/details?id=com.google.android.apps.youtube.kids ......
Success to get info from Play Store
The lastest version of com.google.android.apps.youtube.kids-1.apk is  1.12.5  
Done processing com.google.android.apps.youtube.kids-1.apk
Time Spent:   0 Days 0 Hours 1 Minutes 5 Seconds

============================================================================
26/61 Starting processing com.gravitysoftware.religionsimulator-1.apk ......
Getting apk info from https://play.google.com/store/apps/details?id=com.gravitysoftware.religionsimulator ......
Success to get info from Play Store
The lastest version of com.gravitysoftware.religionsimulator-1.apk is  14  
Done processing com.gravitysoftware.religionsimulator-1.apk
Time Spent:   0 Days 0 Hours 1 Minutes 8 Seconds

============================================================================
27/61 Starting processing com.jellyblast.cmcm-1.apk ......
Getting apk info from https://play.google.com/store/apps/details?id=com.jellyblast.cmcm ......
Success to get info from Play Store
The lastest version of com.jellyblast.cmcm-1.apk is  1.8.0  
Done processing com.jellyblast.cmcm-1.apk
Time Spent:   0 Days 0 Hours 1 Minutes 10 Seconds

============================================================================
28/61 Starting processing com.ketchapp.jellyjump-1.apk ......
Getting apk info from https://play.google.com/store/apps/details?id=com.ketchapp.jellyjump ......
Success to get info from Play Store
The lastest version of com.ketchapp.jellyjump-1.apk is  1.2  
Done processing com.ketchapp.jellyjump-1.apk
Time Spent:   0 Days 0 Hours 1 Minutes 12 Seconds

============================================================================
29/61 Starting processing com.ketchapp.skyward-1.apk ......
Getting apk info from https://play.google.com/store/apps/details?id=com.ketchapp.skyward ......
Success to get info from Play Store
The lastest version of com.ketchapp.skyward-1.apk is  1.3.3  
Done processing com.ketchapp.skyward-1.apk
Time Spent:   0 Days 0 Hours 1 Minutes 14 Seconds

============================================================================
30/61 Starting processing com.kiwi.goldrush-1.apk ......
Getting apk info from https://play.google.com/store/apps/details?id=com.kiwi.goldrush ......
Success to get info from Play Store
The lastest version of com.kiwi.goldrush-1.apk is 
Done processing com.kiwi.goldrush-1.apk
Time Spent:   0 Days 0 Hours 1 Minutes 16 Seconds

============================================================================
31/61 Starting processing com.kiwi.volcanoisland-1.apk ......
Getting apk info from https://play.google.com/store/apps/details?id=com.kiwi.volcanoisland ......
Success to get info from Play Store
The lastest version of com.kiwi.volcanoisland-1.apk is 
Done processing com.kiwi.volcanoisland-1.apk
Time Spent:   0 Days 0 Hours 1 Minutes 19 Seconds

============================================================================
32/61 Starting processing com.lonewolfgames.blackthorncastle-1.apk ......
Getting apk info from https://play.google.com/store/apps/details?id=com.lonewolfgames.blackthorncastle ......
Success to get info from Play Store
The lastest version of com.lonewolfgames.blackthorncastle-1.apk is  3.0  
Done processing com.lonewolfgames.blackthorncastle-1.apk
Time Spent:   0 Days 0 Hours 1 Minutes 21 Seconds

============================================================================
33/61 Starting processing com.mediacitygames.games.lostfountain-1.apk ......
Getting apk info from https://play.google.com/store/apps/details?id=com.mediacitygames.games.lostfountain ......
Success to get info from Play Store
The lastest version of com.mediacitygames.games.lostfountain-1.apk is  1.0  
Done processing com.mediacitygames.games.lostfountain-1.apk
Time Spent:   0 Days 0 Hours 1 Minutes 27 Seconds

============================================================================
34/61 Starting processing com.mtvn.SBmoviegame-1.apk ......
Getting apk info from https://play.google.com/store/apps/details?id=com.mtvn.SBmoviegame ......
Success to get info from Play Store
The lastest version of com.mtvn.SBmoviegame-1.apk is  1.4  
Done processing com.mtvn.SBmoviegame-1.apk
Time Spent:   0 Days 0 Hours 1 Minutes 35 Seconds

============================================================================
35/61 Starting processing com.nexonm.monstersquad-1.apk ......
Getting apk info from https://play.google.com/store/apps/details?id=com.nexonm.monstersquad ......
Success to get info from Play Store
The lastest version of com.nexonm.monstersquad-1.apk is  2.00.15030  
Done processing com.nexonm.monstersquad-1.apk
Time Spent:   0 Days 0 Hours 1 Minutes 43 Seconds

============================================================================
36/61 Starting processing com.nightanddaystudios.peekabooSesameStreet-1.apk ......
Getting apk info from https://play.google.com/store/apps/details?id=com.nightanddaystudios.peekabooSesameStreet ......
Success to get info from Play Store
The lastest version of com.nightanddaystudios.peekabooSesameStreet-1.apk is  1.0.4  
Done processing com.nightanddaystudios.peekabooSesameStreet-1.apk
Time Spent:   0 Days 0 Hours 1 Minutes 46 Seconds

============================================================================
37/61 Starting processing com.ovilex.bussimulator2015-1.apk ......
Getting apk info from https://play.google.com/store/apps/details?id=com.ovilex.bussimulator2015 ......
Success to get info from Play Store
The lastest version of com.ovilex.bussimulator2015-1.apk is  1.8.0  
Done processing com.ovilex.bussimulator2015-1.apk
Time Spent:   0 Days 0 Hours 1 Minutes 51 Seconds

============================================================================
38/61 Starting processing com.playhome.school-1.apk ......
Getting apk info from https://play.google.com/store/apps/details?id=com.playhome.school ......
Success to get info from Play Store
The lastest version of com.playhome.school-1.apk is  1.1.3.8  
Done processing com.playhome.school-1.apk
Time Spent:   0 Days 0 Hours 1 Minutes 56 Seconds

============================================================================
39/61 Starting processing com.pointclickgames.mysteryofhauntedhollow-1.apk ......
Getting apk info from https://play.google.com/store/apps/details?id=com.pointclickgames.mysteryofhauntedhollow ......
Success to get info from Play Store
The lastest version of com.pointclickgames.mysteryofhauntedhollow-1.apk is  1.01  
Done processing com.pointclickgames.mysteryofhauntedhollow-1.apk
Time Spent:   0 Days 0 Hours 1 Minutes 58 Seconds

============================================================================
40/61 Starting processing com.rockonflash.SavePinky-1.apk ......
Getting apk info from https://play.google.com/store/apps/details?id=com.rockonflash.SavePinky ......
Success to get info from Play Store
The lastest version of com.rockonflash.SavePinky-1.apk is  2.9  
Done processing com.rockonflash.SavePinky-1.apk
Time Spent:   0 Days 0 Hours 2 Minutes 0 Seconds

============================================================================
41/61 Starting processing com.snailgameusa.tp-1.apk ......
Getting apk info from https://play.google.com/store/apps/details?id=com.snailgameusa.tp ......
Success to get info from Play Store
The lastest version of com.snailgameusa.tp-1.apk is  2.0  
Done processing com.snailgameusa.tp-1.apk
Time Spent:   0 Days 0 Hours 2 Minutes 2 Seconds

============================================================================
42/61 Starting processing com.spinmaster.sickbricks-1.apk ......
Getting apk info from https://play.google.com/store/apps/details?id=com.spinmaster.sickbricks ......
Success to get info from Play Store
The lastest version of com.spinmaster.sickbricks-1.apk is  1.07  
Done processing com.spinmaster.sickbricks-1.apk
Time Spent:   0 Days 0 Hours 2 Minutes 3 Seconds

============================================================================
43/61 Starting processing com.stickmansl1.killchamber-1.apk ......
Getting apk info from https://play.google.com/store/apps/details?id=com.stickmansl1.killchamber ......
Success to get info from Play Store
The lastest version of com.stickmansl1.killchamber-1.apk is  1.0  
Done processing com.stickmansl1.killchamber-1.apk
Time Spent:   0 Days 0 Hours 2 Minutes 5 Seconds

============================================================================
44/61 Starting processing com.tabtale.campingfiasco-1.apk ......
Getting apk info from https://play.google.com/store/apps/details?id=com.tabtale.campingfiasco ......
Success to get info from Play Store
The lastest version of com.tabtale.campingfiasco-1.apk is  1.0.1  
Done processing com.tabtale.campingfiasco-1.apk
Time Spent:   0 Days 0 Hours 2 Minutes 8 Seconds

============================================================================
45/61 Starting processing com.tabtale.newbornsister-1.apk ......
Getting apk info from https://play.google.com/store/apps/details?id=com.tabtale.newbornsister ......
Success to get info from Play Store
The lastest version of com.tabtale.newbornsister-1.apk is  1.0.1  
Done processing com.tabtale.newbornsister-1.apk
Time Spent:   0 Days 0 Hours 2 Minutes 10 Seconds

============================================================================
46/61 Starting processing com.teamlava.bakerystory43-1.apk ......
Getting apk info from https://play.google.com/store/apps/details?id=com.teamlava.bakerystory43 ......
Success to get info from Play Store
The lastest version of com.teamlava.bakerystory43-1.apk is  1.5.5.9  
Done processing com.teamlava.bakerystory43-1.apk
Time Spent:   0 Days 0 Hours 2 Minutes 13 Seconds

============================================================================
47/61 Starting processing com.teamlava.restaurantstory42-1.apk ......
Getting apk info from https://play.google.com/store/apps/details?id=com.teamlava.restaurantstory42 ......
Success to get info from Play Store
The lastest version of com.teamlava.restaurantstory42-1.apk is  1.5.5.7.9  
Done processing com.teamlava.restaurantstory42-1.apk
Time Spent:   0 Days 0 Hours 2 Minutes 16 Seconds

============================================================================
48/61 Starting processing com.tp.android.mermaidnewborn-1.apk ......
Getting apk info from https://play.google.com/store/apps/details?id=com.tp.android.mermaidnewborn ......
Success to get info from Play Store
The lastest version of com.tp.android.mermaidnewborn-1.apk is  1.0.2  
Done processing com.tp.android.mermaidnewborn-1.apk
Time Spent:   0 Days 0 Hours 2 Minutes 18 Seconds

============================================================================
49/61 Starting processing com.tp.android.surgerysim-1.apk ......
Getting apk info from https://play.google.com/store/apps/details?id=com.tp.android.surgerysim ......
Success to get info from Play Store
The lastest version of com.tp.android.surgerysim-1.apk is  1.0.4  
Done processing com.tp.android.surgerysim-1.apk
Time Spent:   0 Days 0 Hours 2 Minutes 21 Seconds

============================================================================
50/61 Starting processing com.tribeplay.swimmingpool-1.apk ......
Getting apk info from https://play.google.com/store/apps/details?id=com.tribeplay.swimmingpool ......
Success to get info from Play Store
The lastest version of com.tribeplay.swimmingpool-1.apk is  1.01  
Done processing com.tribeplay.swimmingpool-1.apk
Time Spent:   0 Days 0 Hours 2 Minutes 23 Seconds

============================================================================
51/61 Starting processing com.turner.grudgeball-1.apk ......
Getting apk info from https://play.google.com/store/apps/details?id=com.turner.grudgeball ......
Success to get info from Play Store
The lastest version of com.turner.grudgeball-1.apk is  1.0.3  
Done processing com.turner.grudgeball-1.apk
Time Spent:   0 Days 0 Hours 2 Minutes 25 Seconds

============================================================================
52/61 Starting processing com.wb.wwe.brawler2014-1.apk ......
Getting apk info from https://play.google.com/store/apps/details?id=com.wb.wwe.brawler2014 ......
Success to get info from Play Store
The lastest version of com.wb.wwe.brawler2014-1.apk is  1.3.1  
Done processing com.wb.wwe.brawler2014-1.apk
Time Spent:   0 Days 0 Hours 2 Minutes 31 Seconds

============================================================================
53/61 Starting processing com.x3m.tx4-1.apk ......
Getting apk info from https://play.google.com/store/apps/details?id=com.x3m.tx4 ......
Success to get info from Play Store
The lastest version of com.x3m.tx4-1.apk is  1.5.1  
Done processing com.x3m.tx4-1.apk
Time Spent:   0 Days 0 Hours 2 Minutes 35 Seconds

============================================================================
54/61 Starting processing com.zynga.wordsontour-1.apk ......
Getting apk info from https://play.google.com/store/apps/details?id=com.zynga.wordsontour ......
Success to get info from Play Store
The lastest version of com.zynga.wordsontour-1.apk is  1.42  
Done processing com.zynga.wordsontour-1.apk
Time Spent:   0 Days 0 Hours 2 Minutes 42 Seconds

============================================================================
55/61 Starting processing cz.cfc.androidgp.sightwords-1.apk ......
Getting apk info from https://play.google.com/store/apps/details?id=cz.cfc.androidgp.sightwords ......
Success to get info from Play Store
The lastest version of cz.cfc.androidgp.sightwords-1.apk is  2.23  
Done processing cz.cfc.androidgp.sightwords-1.apk
Time Spent:   0 Days 0 Hours 2 Minutes 47 Seconds

============================================================================
56/61 Starting processing de.kamibox.and.pancake-1.apk ......
Getting apk info from https://play.google.com/store/apps/details?id=de.kamibox.and.pancake ......
Success to get info from Play Store
The lastest version of de.kamibox.and.pancake-1.apk is  1.0  
Done processing de.kamibox.and.pancake-1.apk
Time Spent:   0 Days 0 Hours 2 Minutes 51 Seconds

============================================================================
57/61 Starting processing emoji.keyboard.emoticonkeyboard-1.apk ......
Getting apk info from https://play.google.com/store/apps/details?id=emoji.keyboard.emoticonkeyboard ......
Success to get info from Play Store
The lastest version of emoji.keyboard.emoticonkeyboard-1.apk is  1.1.2.0  
Done processing emoji.keyboard.emoticonkeyboard-1.apk
Time Spent:   0 Days 0 Hours 2 Minutes 57 Seconds

============================================================================
58/61 Starting processing net.SandStormEarl.MC2-1.apk ......
Getting apk info from https://play.google.com/store/apps/details?id=net.SandStormEarl.MC2 ......
Success to get info from Play Store
The lastest version of net.SandStormEarl.MC2-1.apk is  1.0.3  
Done processing net.SandStormEarl.MC2-1.apk
Time Spent:   0 Days 0 Hours 3 Minutes 2 Seconds

============================================================================
59/61 Starting processing net.SandStormEarl.WC3-1.apk ......
Getting apk info from https://play.google.com/store/apps/details?id=net.SandStormEarl.WC3 ......
Success to get info from Play Store
The lastest version of net.SandStormEarl.WC3-1.apk is  1.1.5  
Done processing net.SandStormEarl.WC3-1.apk
Time Spent:   0 Days 0 Hours 3 Minutes 8 Seconds

============================================================================
60/61 Starting processing nl.palatamedia.miner-1.apk ......
Getting apk info from https://play.google.com/store/apps/details?id=nl.palatamedia.miner ......
Success to get info from Play Store
The lastest version of nl.palatamedia.miner-1.apk is  1.5.1  
Done processing nl.palatamedia.miner-1.apk
Time Spent:   0 Days 0 Hours 3 Minutes 14 Seconds

============================================================================
61/61 Starting processing org.TapMyGame.ComboQueen-1.apk ......
Getting apk info from https://play.google.com/store/apps/details?id=org.TapMyGame.ComboQueen ......
Success to get info from Play Store
The lastest version of org.TapMyGame.ComboQueen-1.apk is  1.0.3  
Done processing org.TapMyGame.ComboQueen-1.apk
Time Spent:   0 Days 0 Hours 3 Minutes 18 Seconds

============================================================================


**************************************************************
All Done
Total Time:   0 Days 0 Hours 3 Minutes 18 Seconds
Result Location:               /home/Git-Apk/code_resource/script_hooks/scan_apk/scan_apk_version/results/AppInfo_2015-05-14-11-11-50.csv
**************************************************************
