Start processing app in list /home/Git-Apk/Updated_list from /home/Git-Apk/All_Apk  ......

============================================================================
1/87 Starting processing air.WR3DFree-1.apk ......
Getting apk info from https://play.google.com/store/apps/details?id=air.WR3DFree ......
Success to get info from Play Store
The lastest version of air.WR3DFree-1.apk is 
Done processing air.WR3DFree-1.apk
Time Spent:   0 Days 0 Hours 0 Minutes 0 Seconds

============================================================================
2/87 Starting processing air.com.sgn.cookiejam.gp-1.apk ......
Getting apk info from https://play.google.com/store/apps/details?id=air.com.sgn.cookiejam.gp ......
Success to get info from Play Store
The lastest version of air.com.sgn.cookiejam.gp-1.apk is 
Done processing air.com.sgn.cookiejam.gp-1.apk
Time Spent:   0 Days 0 Hours 0 Minutes 0 Seconds

============================================================================
3/87 Starting processing com.MoNTE48.MultiCraft2-1.apk ......
Getting apk info from https://play.google.com/store/apps/details?id=com.MoNTE48.MultiCraft2 ......
Success to get info from Play Store
The lastest version of com.MoNTE48.MultiCraft2-1.apk is 
Done processing com.MoNTE48.MultiCraft2-1.apk
Time Spent:   0 Days 0 Hours 0 Minutes 1 Seconds

============================================================================
4/87 Starting processing com.ZeroTransform.ProtonPulse-1.apk ......
Getting apk info from https://play.google.com/store/apps/details?id=com.ZeroTransform.ProtonPulse ......
Success to get info from Play Store
The lastest version of com.ZeroTransform.ProtonPulse-1.apk is 
Done processing com.ZeroTransform.ProtonPulse-1.apk
Time Spent:   0 Days 0 Hours 0 Minutes 1 Seconds

============================================================================
5/87 Starting processing com.apalon.weatherlive-1.apk ......
Getting apk info from https://play.google.com/store/apps/details?id=com.apalon.weatherlive ......
Success to get info from Play Store
The lastest version of com.apalon.weatherlive-1.apk is 
Done processing com.apalon.weatherlive-1.apk
Time Spent:   0 Days 0 Hours 0 Minutes 1 Seconds

============================================================================
6/87 Starting processing com.autobattle.and.eternal-1.apk ......
Getting apk info from https://play.google.com/store/apps/details?id=com.autobattle.and.eternal ......
Success to get info from Play Store
The lastest version of com.autobattle.and.eternal-1.apk is 
Done processing com.autobattle.and.eternal-1.apk
Time Spent:   0 Days 0 Hours 0 Minutes 1 Seconds

============================================================================
7/87 Starting processing com.ciegames.RacingRivals-1.apk ......
Getting apk info from https://play.google.com/store/apps/details?id=com.ciegames.RacingRivals ......
Success to get info from Play Store
The lastest version of com.ciegames.RacingRivals-1.apk is 
Done processing com.ciegames.RacingRivals-1.apk
Time Spent:   0 Days 0 Hours 0 Minutes 1 Seconds

============================================================================
8/87 Starting processing com.cleanmaster.security-1.apk ......
Getting apk info from https://play.google.com/store/apps/details?id=com.cleanmaster.security ......
Success to get info from Play Store
The lastest version of com.cleanmaster.security-1.apk is 
Done processing com.cleanmaster.security-1.apk
Time Spent:   0 Days 0 Hours 0 Minutes 2 Seconds

============================================================================
9/87 Starting processing com.com2us.smon.normal.freefull.google.kr.android.common-1.apk ......
Getting apk info from https://play.google.com/store/apps/details?id=com.com2us.smon.normal.freefull.google.kr.android.common ......
Success to get info from Play Store
The lastest version of com.com2us.smon.normal.freefull.google.kr.android.common-1.apk is 
Done processing com.com2us.smon.normal.freefull.google.kr.android.common-1.apk
Time Spent:   0 Days 0 Hours 0 Minutes 2 Seconds

============================================================================
10/87 Starting processing com.contextlogic.wish-1.apk ......
Getting apk info from https://play.google.com/store/apps/details?id=com.contextlogic.wish ......
Success to get info from Play Store
The lastest version of com.contextlogic.wish-1.apk is 
Done processing com.contextlogic.wish-1.apk
Time Spent:   0 Days 0 Hours 0 Minutes 2 Seconds

============================================================================
11/87 Starting processing com.cootek.smartinputv5-1.apk ......
Getting apk info from https://play.google.com/store/apps/details?id=com.cootek.smartinputv5 ......
Success to get info from Play Store
The lastest version of com.cootek.smartinputv5-1.apk is 
Done processing com.cootek.smartinputv5-1.apk
Time Spent:   0 Days 0 Hours 0 Minutes 2 Seconds

============================================================================
12/87 Starting processing com.crowdstar.covetfashion-1.apk ......
Getting apk info from https://play.google.com/store/apps/details?id=com.crowdstar.covetfashion ......
Success to get info from Play Store
The lastest version of com.crowdstar.covetfashion-1.apk is 
Done processing com.crowdstar.covetfashion-1.apk
Time Spent:   0 Days 0 Hours 0 Minutes 3 Seconds

============================================================================
13/87 Starting processing com.dirtybit.funrun2-1.apk ......
Getting apk info from https://play.google.com/store/apps/details?id=com.dirtybit.funrun2 ......
Success to get info from Play Store
The lastest version of com.dirtybit.funrun2-1.apk is 
Done processing com.dirtybit.funrun2-1.apk
Time Spent:   0 Days 0 Hours 0 Minutes 3 Seconds

============================================================================
14/87 Starting processing com.disney.disneymoviesanywhere_goo-1.apk ......
Getting apk info from https://play.google.com/store/apps/details?id=com.disney.disneymoviesanywhere_goo ......
Success to get info from Play Store
The lastest version of com.disney.disneymoviesanywhere_goo-1.apk is 
Done processing com.disney.disneymoviesanywhere_goo-1.apk
Time Spent:   0 Days 0 Hours 0 Minutes 4 Seconds

============================================================================
15/87 Starting processing com.ea.game.pegglex_row-1.apk ......
Getting apk info from https://play.google.com/store/apps/details?id=com.ea.game.pegglex_row ......
Success to get info from Play Store
The lastest version of com.ea.game.pegglex_row-1.apk is 
Done processing com.ea.game.pegglex_row-1.apk
Time Spent:   0 Days 0 Hours 0 Minutes 4 Seconds

============================================================================
16/87 Starting processing com.ea.game.simpsons4_na-1.apk ......
Getting apk info from https://play.google.com/store/apps/details?id=com.ea.game.simpsons4_na ......
Success to get info from Play Store
The lastest version of com.ea.game.simpsons4_na-1.apk is 
Done processing com.ea.game.simpsons4_na-1.apk
Time Spent:   0 Days 0 Hours 0 Minutes 4 Seconds

============================================================================
17/87 Starting processing com.emoji.Smart.Keyboard-1.apk ......
Getting apk info from https://play.google.com/store/apps/details?id=com.emoji.Smart.Keyboard ......
Success to get info from Play Store
The lastest version of com.emoji.Smart.Keyboard-1.apk is 
Done processing com.emoji.Smart.Keyboard-1.apk
Time Spent:   0 Days 0 Hours 0 Minutes 4 Seconds

============================================================================
18/87 Starting processing com.epsxe.ePSXe-1.apk ......
Getting apk info from https://play.google.com/store/apps/details?id=com.epsxe.ePSXe ......
Success to get info from Play Store
The lastest version of com.epsxe.ePSXe-1.apk is 
Done processing com.epsxe.ePSXe-1.apk
Time Spent:   0 Days 0 Hours 0 Minutes 4 Seconds

============================================================================
19/87 Starting processing com.explorationbase.Exploration-1.apk ......
Getting apk info from https://play.google.com/store/apps/details?id=com.explorationbase.Exploration ......
Success to get info from Play Store
The lastest version of com.explorationbase.Exploration-1.apk is 
Done processing com.explorationbase.Exploration-1.apk
Time Spent:   0 Days 0 Hours 0 Minutes 4 Seconds

============================================================================
20/87 Starting processing com.fgol.HungrySharkEvolution-1.apk ......
Getting apk info from https://play.google.com/store/apps/details?id=com.fgol.HungrySharkEvolution ......
Success to get info from Play Store
The lastest version of com.fgol.HungrySharkEvolution-1.apk is 
Done processing com.fgol.HungrySharkEvolution-1.apk
Time Spent:   0 Days 0 Hours 0 Minutes 5 Seconds

============================================================================
21/87 Starting processing com.fingersoft.hillclimb-1.apk ......
Getting apk info from https://play.google.com/store/apps/details?id=com.fingersoft.hillclimb ......
Success to get info from Play Store
The lastest version of com.fingersoft.hillclimb-1.apk is 
Done processing com.fingersoft.hillclimb-1.apk
Time Spent:   0 Days 0 Hours 0 Minutes 5 Seconds

============================================================================
22/87 Starting processing com.flyersoft.moonreaderp-1.apk ......
Getting apk info from https://play.google.com/store/apps/details?id=com.flyersoft.moonreaderp ......
Success to get info from Play Store
The lastest version of com.flyersoft.moonreaderp-1.apk is 
Done processing com.flyersoft.moonreaderp-1.apk
Time Spent:   0 Days 0 Hours 0 Minutes 5 Seconds

============================================================================
23/87 Starting processing com.gameloft.android.ANMP.GloftDMHM-1.apk ......
Getting apk info from https://play.google.com/store/apps/details?id=com.gameloft.android.ANMP.GloftDMHM ......
Success to get info from Play Store
The lastest version of com.gameloft.android.ANMP.GloftDMHM-1.apk is 
Done processing com.gameloft.android.ANMP.GloftDMHM-1.apk
Time Spent:   0 Days 0 Hours 0 Minutes 5 Seconds

============================================================================
24/87 Starting processing com.gameloft.android.ANMP.GloftSIHM-1.apk ......
Getting apk info from https://play.google.com/store/apps/details?id=com.gameloft.android.ANMP.GloftSIHM ......
Success to get info from Play Store
The lastest version of com.gameloft.android.ANMP.GloftSIHM-1.apk is 
Done processing com.gameloft.android.ANMP.GloftSIHM-1.apk
Time Spent:   0 Days 0 Hours 0 Minutes 5 Seconds

============================================================================
25/87 Starting processing com.gamevil.darknessreborn2.android.google.global.normal-1.apk ......
Getting apk info from https://play.google.com/store/apps/details?id=com.gamevil.darknessreborn2.android.google.global.normal ......
Success to get info from Play Store
The lastest version of com.gamevil.darknessreborn2.android.google.global.normal-1.apk is 
Done processing com.gamevil.darknessreborn2.android.google.global.normal-1.apk
Time Spent:   0 Days 0 Hours 0 Minutes 6 Seconds

============================================================================
26/87 Starting processing com.glu.deerhunt2-1.apk ......
Getting apk info from https://play.google.com/store/apps/details?id=com.glu.deerhunt2 ......
Success to get info from Play Store
The lastest version of com.glu.deerhunt2-1.apk is 
Done processing com.glu.deerhunt2-1.apk
Time Spent:   0 Days 0 Hours 0 Minutes 6 Seconds

============================================================================
27/87 Starting processing com.google.android.youtube-1.apk ......
Getting apk info from https://play.google.com/store/apps/details?id=com.google.android.youtube ......
Success to get info from Play Store
The lastest version of com.google.android.youtube-1.apk is 
Done processing com.google.android.youtube-1.apk
Time Spent:   0 Days 0 Hours 0 Minutes 6 Seconds

============================================================================
28/87 Starting processing com.gravitysensation.sumotori-1.apk ......
Getting apk info from https://play.google.com/store/apps/details?id=com.gravitysensation.sumotori ......
Success to get info from Play Store
The lastest version of com.gravitysensation.sumotori-1.apk is 
Done processing com.gravitysensation.sumotori-1.apk
Time Spent:   0 Days 0 Hours 0 Minutes 7 Seconds

============================================================================
29/87 Starting processing com.halfbrick.jetpackjoyride-1.apk ......
Getting apk info from https://play.google.com/store/apps/details?id=com.halfbrick.jetpackjoyride ......
Success to get info from Play Store
The lastest version of com.halfbrick.jetpackjoyride-1.apk is 
Done processing com.halfbrick.jetpackjoyride-1.apk
Time Spent:   0 Days 0 Hours 0 Minutes 7 Seconds

============================================================================
30/87 Starting processing com.halfbrick.monsterdash-1.apk ......
Getting apk info from https://play.google.com/store/apps/details?id=com.halfbrick.monsterdash ......
Success to get info from Play Store
The lastest version of com.halfbrick.monsterdash-1.apk is 
Done processing com.halfbrick.monsterdash-1.apk
Time Spent:   0 Days 0 Hours 0 Minutes 7 Seconds

============================================================================
31/87 Starting processing com.hotheadgames.google.free.rawsniper-1.apk ......
Getting apk info from https://play.google.com/store/apps/details?id=com.hotheadgames.google.free.rawsniper ......
Success to get info from Play Store
The lastest version of com.hotheadgames.google.free.rawsniper-1.apk is 
Done processing com.hotheadgames.google.free.rawsniper-1.apk
Time Spent:   0 Days 0 Hours 0 Minutes 7 Seconds

============================================================================
32/87 Starting processing com.igg.bzbee.slotsdeluxe-1.apk ......
Getting apk info from https://play.google.com/store/apps/details?id=com.igg.bzbee.slotsdeluxe ......
Success to get info from Play Store
The lastest version of com.igg.bzbee.slotsdeluxe-1.apk is 
Done processing com.igg.bzbee.slotsdeluxe-1.apk
Time Spent:   0 Days 0 Hours 0 Minutes 7 Seconds

============================================================================
33/87 Starting processing com.inxile.BardTale-1.apk ......
Getting apk info from https://play.google.com/store/apps/details?id=com.inxile.BardTale ......
Success to get info from Play Store
The lastest version of com.inxile.BardTale-1.apk is 
Done processing com.inxile.BardTale-1.apk
Time Spent:   0 Days 0 Hours 0 Minutes 8 Seconds

============================================================================
34/87 Starting processing com.ironhidegames.android.kingdomrushfrontiers-1.apk ......
Getting apk info from https://play.google.com/store/apps/details?id=com.ironhidegames.android.kingdomrushfrontiers ......
Success to get info from Play Store
The lastest version of com.ironhidegames.android.kingdomrushfrontiers-1.apk is 
Done processing com.ironhidegames.android.kingdomrushfrontiers-1.apk
Time Spent:   0 Days 0 Hours 0 Minutes 8 Seconds

============================================================================
35/87 Starting processing com.ironhidegames.android.kingdomrushorigins-1.apk ......
Getting apk info from https://play.google.com/store/apps/details?id=com.ironhidegames.android.kingdomrushorigins ......
Success to get info from Play Store
The lastest version of com.ironhidegames.android.kingdomrushorigins-1.apk is 
Done processing com.ironhidegames.android.kingdomrushorigins-1.apk
Time Spent:   0 Days 0 Hours 0 Minutes 8 Seconds

============================================================================
36/87 Starting processing com.jeremysteckling.facerrel-1.apk ......
Getting apk info from https://play.google.com/store/apps/details?id=com.jeremysteckling.facerrel ......
Success to get info from Play Store
The lastest version of com.jeremysteckling.facerrel-1.apk is 
Done processing com.jeremysteckling.facerrel-1.apk
Time Spent:   0 Days 0 Hours 0 Minutes 8 Seconds

============================================================================
37/87 Starting processing com.jumpgames.RealSteel-1.apk ......
Getting apk info from https://play.google.com/store/apps/details?id=com.jumpgames.RealSteel ......
Success to get info from Play Store
The lastest version of com.jumpgames.RealSteel-1.apk is 
Done processing com.jumpgames.RealSteel-1.apk
Time Spent:   0 Days 0 Hours 0 Minutes 8 Seconds

============================================================================
38/87 Starting processing com.kiloo.subwaysurf-1.apk ......
Getting apk info from https://play.google.com/store/apps/details?id=com.kiloo.subwaysurf ......
Success to get info from Play Store
The lastest version of com.kiloo.subwaysurf-1.apk is 
Done processing com.kiloo.subwaysurf-1.apk
Time Spent:   0 Days 0 Hours 0 Minutes 8 Seconds

============================================================================
39/87 Starting processing com.kiwi.westbound-1.apk ......
Getting apk info from https://play.google.com/store/apps/details?id=com.kiwi.westbound ......
Success to get info from Play Store
The lastest version of com.kiwi.westbound-1.apk is 
Done processing com.kiwi.westbound-1.apk
Time Spent:   0 Days 0 Hours 0 Minutes 9 Seconds

============================================================================
40/87 Starting processing com.machinezone.gow-1.apk ......
Getting apk info from https://play.google.com/store/apps/details?id=com.machinezone.gow ......
Success to get info from Play Store
The lastest version of com.machinezone.gow-1.apk is 
Done processing com.machinezone.gow-1.apk
Time Spent:   0 Days 0 Hours 0 Minutes 9 Seconds

============================================================================
41/87 Starting processing com.mgstudio.bg-1.apk ......
Getting apk info from https://play.google.com/store/apps/details?id=com.mgstudio.bg ......
Success to get info from Play Store
The lastest version of com.mgstudio.bg-1.apk is 
Done processing com.mgstudio.bg-1.apk
Time Spent:   0 Days 0 Hours 0 Minutes 9 Seconds

============================================================================
42/87 Starting processing com.midasplayer.apps.bubblewitchsaga2-1.apk ......
Getting apk info from https://play.google.com/store/apps/details?id=com.midasplayer.apps.bubblewitchsaga2 ......
Success to get info from Play Store
The lastest version of com.midasplayer.apps.bubblewitchsaga2-1.apk is 
Done processing com.midasplayer.apps.bubblewitchsaga2-1.apk
Time Spent:   0 Days 0 Hours 0 Minutes 10 Seconds

============================================================================
43/87 Starting processing com.midasplayer.apps.diamonddiggersaga-1.apk ......
Getting apk info from https://play.google.com/store/apps/details?id=com.midasplayer.apps.diamonddiggersaga ......
Success to get info from Play Store
The lastest version of com.midasplayer.apps.diamonddiggersaga-1.apk is 
Done processing com.midasplayer.apps.diamonddiggersaga-1.apk
Time Spent:   0 Days 0 Hours 0 Minutes 10 Seconds

============================================================================
44/87 Starting processing com.midasplayer.apps.papapearsaga-1.apk ......
Getting apk info from https://play.google.com/store/apps/details?id=com.midasplayer.apps.papapearsaga ......
Success to get info from Play Store
The lastest version of com.midasplayer.apps.papapearsaga-1.apk is 
Done processing com.midasplayer.apps.papapearsaga-1.apk
Time Spent:   0 Days 0 Hours 0 Minutes 10 Seconds

============================================================================
45/87 Starting processing com.monster.pix-1.apk ......
Getting apk info from https://play.google.com/store/apps/details?id=com.monster.pix ......
Success to get info from Play Store
The lastest version of com.monster.pix-1.apk is 
Done processing com.monster.pix-1.apk
Time Spent:   0 Days 0 Hours 0 Minutes 10 Seconds

============================================================================
46/87 Starting processing com.mtvn.sbmigoogleplay-1.apk ......
Getting apk info from https://play.google.com/store/apps/details?id=com.mtvn.sbmigoogleplay ......
Success to get info from Play Store
The lastest version of com.mtvn.sbmigoogleplay-1.apk is 
Done processing com.mtvn.sbmigoogleplay-1.apk
Time Spent:   0 Days 0 Hours 0 Minutes 10 Seconds

============================================================================
47/87 Starting processing com.nekki.vector.paid-1.apk ......
Getting apk info from https://play.google.com/store/apps/details?id=com.nekki.vector.paid ......
Success to get info from Play Store
The lastest version of com.nekki.vector.paid-1.apk is 
Done processing com.nekki.vector.paid-1.apk
Time Spent:   0 Days 0 Hours 0 Minutes 11 Seconds

============================================================================
48/87 Starting processing com.nhnent.SKQUEST-1.apk ......
Getting apk info from https://play.google.com/store/apps/details?id=com.nhnent.SKQUEST ......
Success to get info from Play Store
The lastest version of com.nhnent.SKQUEST-1.apk is 
Done processing com.nhnent.SKQUEST-1.apk
Time Spent:   0 Days 0 Hours 0 Minutes 11 Seconds

============================================================================
49/87 Starting processing com.ninjakiwi.bloonstd5-1.apk ......
Getting apk info from https://play.google.com/store/apps/details?id=com.ninjakiwi.bloonstd5 ......
Success to get info from Play Store
The lastest version of com.ninjakiwi.bloonstd5-1.apk is 
Done processing com.ninjakiwi.bloonstd5-1.apk
Time Spent:   0 Days 0 Hours 0 Minutes 11 Seconds

============================================================================
50/87 Starting processing com.northcube.sleepcycle-1.apk ......
Getting apk info from https://play.google.com/store/apps/details?id=com.northcube.sleepcycle ......
Success to get info from Play Store
The lastest version of com.northcube.sleepcycle-1.apk is 
Done processing com.northcube.sleepcycle-1.apk
Time Spent:   0 Days 0 Hours 0 Minutes 12 Seconds

============================================================================
51/87 Starting processing com.nuance.swype.dtc-1.apk ......
Getting apk info from https://play.google.com/store/apps/details?id=com.nuance.swype.dtc ......
Success to get info from Play Store
The lastest version of com.nuance.swype.dtc-1.apk is 
Done processing com.nuance.swype.dtc-1.apk
Time Spent:   0 Days 0 Hours 0 Minutes 12 Seconds

============================================================================
52/87 Starting processing com.oovoo-1.apk ......
Getting apk info from https://play.google.com/store/apps/details?id=com.oovoo ......
Success to get info from Play Store
The lastest version of com.oovoo-1.apk is 
Done processing com.oovoo-1.apk
Time Spent:   0 Days 0 Hours 0 Minutes 13 Seconds

============================================================================
53/87 Starting processing com.pacificinteractive.HouseOfFun-1.apk ......
Getting apk info from https://play.google.com/store/apps/details?id=com.pacificinteractive.HouseOfFun ......
Success to get info from Play Store
The lastest version of com.pacificinteractive.HouseOfFun-1.apk is 
Done processing com.pacificinteractive.HouseOfFun-1.apk
Time Spent:   0 Days 0 Hours 0 Minutes 13 Seconds

============================================================================
54/87 Starting processing com.plexapp.android-1.apk ......
Getting apk info from https://play.google.com/store/apps/details?id=com.plexapp.android ......
Success to get info from Play Store
The lastest version of com.plexapp.android-1.apk is 
Done processing com.plexapp.android-1.apk
Time Spent:   0 Days 0 Hours 0 Minutes 13 Seconds

============================================================================
55/87 Starting processing com.quelaba.sopaletras-1.apk ......
Getting apk info from https://play.google.com/store/apps/details?id=com.quelaba.sopaletras ......
Success to get info from Play Store
The lastest version of com.quelaba.sopaletras-1.apk is 
Done processing com.quelaba.sopaletras-1.apk
Time Spent:   0 Days 0 Hours 0 Minutes 13 Seconds

============================================================================
56/87 Starting processing com.ratrodstudio.snowparty-1.apk ......
Getting apk info from https://play.google.com/store/apps/details?id=com.ratrodstudio.snowparty ......
Success to get info from Play Store
The lastest version of com.ratrodstudio.snowparty-1.apk is 
Done processing com.ratrodstudio.snowparty-1.apk
Time Spent:   0 Days 0 Hours 0 Minutes 14 Seconds

============================================================================
57/87 Starting processing com.rockstargames.gtactw-1.apk ......
Getting apk info from https://play.google.com/store/apps/details?id=com.rockstargames.gtactw ......
Success to get info from Play Store
The lastest version of com.rockstargames.gtactw-1.apk is 
Done processing com.rockstargames.gtactw-1.apk
Time Spent:   0 Days 0 Hours 0 Minutes 14 Seconds

============================================================================
58/87 Starting processing com.sabzira.PianoTiles-1.apk ......
Getting apk info from https://play.google.com/store/apps/details?id=com.sabzira.PianoTiles ......
Success to get info from Play Store
The lastest version of com.sabzira.PianoTiles-1.apk is 
Done processing com.sabzira.PianoTiles-1.apk
Time Spent:   0 Days 0 Hours 0 Minutes 14 Seconds

============================================================================
59/87 Starting processing com.sgiggle.production-1.apk ......
Getting apk info from https://play.google.com/store/apps/details?id=com.sgiggle.production ......
Success to get info from Play Store
The lastest version of com.sgiggle.production-1.apk is 
Done processing com.sgiggle.production-1.apk
Time Spent:   0 Days 0 Hours 0 Minutes 14 Seconds

============================================================================
60/87 Starting processing com.skype.raider-1.apk ......
Getting apk info from https://play.google.com/store/apps/details?id=com.skype.raider ......
Success to get info from Play Store
The lastest version of com.skype.raider-1.apk is 
Done processing com.skype.raider-1.apk
Time Spent:   0 Days 0 Hours 0 Minutes 15 Seconds

============================================================================
61/87 Starting processing com.soundcloud.android-1.apk ......
Getting apk info from https://play.google.com/store/apps/details?id=com.soundcloud.android ......
Success to get info from Play Store
The lastest version of com.soundcloud.android-1.apk is 
Done processing com.soundcloud.android-1.apk
Time Spent:   0 Days 0 Hours 0 Minutes 15 Seconds

============================================================================
62/87 Starting processing com.square_enix.android_googleplay.finalfantasy-1.apk ......
Getting apk info from https://play.google.com/store/apps/details?id=com.square_enix.android_googleplay.finalfantasy ......
Success to get info from Play Store
The lastest version of com.square_enix.android_googleplay.finalfantasy-1.apk is 
Done processing com.square_enix.android_googleplay.finalfantasy-1.apk
Time Spent:   0 Days 0 Hours 0 Minutes 15 Seconds

============================================================================
63/87 Starting processing com.tap4fun.reignofwar-1.apk ......
Getting apk info from https://play.google.com/store/apps/details?id=com.tap4fun.reignofwar ......
Success to get info from Play Store
The lastest version of com.tap4fun.reignofwar-1.apk is 
Done processing com.tap4fun.reignofwar-1.apk
Time Spent:   0 Days 0 Hours 0 Minutes 15 Seconds

============================================================================
64/87 Starting processing com.tdr3.hs.android-1.apk ......
Getting apk info from https://play.google.com/store/apps/details?id=com.tdr3.hs.android ......
Success to get info from Play Store
The lastest version of com.tdr3.hs.android-1.apk is 
Done processing com.tdr3.hs.android-1.apk
Time Spent:   0 Days 0 Hours 0 Minutes 16 Seconds

============================================================================
65/87 Starting processing com.teamlava.bubble-1.apk ......
Getting apk info from https://play.google.com/store/apps/details?id=com.teamlava.bubble ......
Success to get info from Play Store
The lastest version of com.teamlava.bubble-1.apk is 
Done processing com.teamlava.bubble-1.apk
Time Spent:   0 Days 0 Hours 0 Minutes 16 Seconds

============================================================================
66/87 Starting processing com.tencent.androidqqmail-1.apk ......
Getting apk info from https://play.google.com/store/apps/details?id=com.tencent.androidqqmail ......
Success to get info from Play Store
The lastest version of com.tencent.androidqqmail-1.apk is 
Done processing com.tencent.androidqqmail-1.apk
Time Spent:   0 Days 0 Hours 0 Minutes 16 Seconds

============================================================================
67/87 Starting processing com.teslacoilsw.launcher.prime-1.apk ......
Getting apk info from https://play.google.com/store/apps/details?id=com.teslacoilsw.launcher.prime ......
Success to get info from Play Store
The lastest version of com.teslacoilsw.launcher.prime-1.apk is 
Done processing com.teslacoilsw.launcher.prime-1.apk
Time Spent:   0 Days 0 Hours 0 Minutes 16 Seconds

============================================================================
68/87 Starting processing com.trueaxis.trueskate-1.apk ......
Getting apk info from https://play.google.com/store/apps/details?id=com.trueaxis.trueskate ......
Success to get info from Play Store
The lastest version of com.trueaxis.trueskate-1.apk is 
Done processing com.trueaxis.trueskate-1.apk
Time Spent:   0 Days 0 Hours 0 Minutes 16 Seconds

============================================================================
69/87 Starting processing com.twitter.android-1.apk ......
Getting apk info from https://play.google.com/store/apps/details?id=com.twitter.android ......
Success to get info from Play Store
The lastest version of com.twitter.android-1.apk is 
Done processing com.twitter.android-1.apk
Time Spent:   0 Days 0 Hours 0 Minutes 17 Seconds

============================================================================
70/87 Starting processing com.ultimateguitar.tabs-1.apk ......
Getting apk info from https://play.google.com/store/apps/details?id=com.ultimateguitar.tabs ......
Success to get info from Play Store
The lastest version of com.ultimateguitar.tabs-1.apk is 
Done processing com.ultimateguitar.tabs-1.apk
Time Spent:   0 Days 0 Hours 0 Minutes 17 Seconds

============================================================================
71/87 Starting processing com.umonistudio.tile-1.apk ......
Getting apk info from https://play.google.com/store/apps/details?id=com.umonistudio.tile ......
Success to get info from Play Store
The lastest version of com.umonistudio.tile-1.apk is 
Done processing com.umonistudio.tile-1.apk
Time Spent:   0 Days 0 Hours 0 Minutes 17 Seconds

============================================================================
72/87 Starting processing com.walmart.android-1.apk ......
Getting apk info from https://play.google.com/store/apps/details?id=com.walmart.android ......
Success to get info from Play Store
The lastest version of com.walmart.android-1.apk is 
Done processing com.walmart.android-1.apk
Time Spent:   0 Days 0 Hours 0 Minutes 18 Seconds

============================================================================
73/87 Starting processing com.wb.headsup-1.apk ......
Getting apk info from https://play.google.com/store/apps/details?id=com.wb.headsup ......
Success to get info from Play Store
The lastest version of com.wb.headsup-1.apk is 
Done processing com.wb.headsup-1.apk
Time Spent:   0 Days 0 Hours 0 Minutes 18 Seconds

============================================================================
74/87 Starting processing com.weather.Weather-1.apk ......
Getting apk info from https://play.google.com/store/apps/details?id=com.weather.Weather ......
Success to get info from Play Store
The lastest version of com.weather.Weather-1.apk is 
Done processing com.weather.Weather-1.apk
Time Spent:   0 Days 0 Hours 0 Minutes 18 Seconds

============================================================================
75/87 Starting processing com.whatsapp-1.apk ......
Getting apk info from https://play.google.com/store/apps/details?id=com.whatsapp ......
Success to get info from Play Store
The lastest version of com.whatsapp-1.apk is 
Done processing com.whatsapp-1.apk
Time Spent:   0 Days 0 Hours 0 Minutes 19 Seconds

============================================================================
76/87 Starting processing com.xunlei.downloadprovider-1.apk ......
Getting apk info from https://play.google.com/store/apps/details?id=com.xunlei.downloadprovider ......
Success to get info from Play Store
The lastest version of com.xunlei.downloadprovider-1.apk is 
Done processing com.xunlei.downloadprovider-1.apk
Time Spent:   0 Days 0 Hours 0 Minutes 19 Seconds

============================================================================
77/87 Starting processing com.yahoo.mobile.client.android.mail-1.apk ......
Getting apk info from https://play.google.com/store/apps/details?id=com.yahoo.mobile.client.android.mail ......
Success to get info from Play Store
The lastest version of com.yahoo.mobile.client.android.mail-1.apk is 
Done processing com.yahoo.mobile.client.android.mail-1.apk
Time Spent:   0 Days 0 Hours 0 Minutes 19 Seconds

============================================================================
78/87 Starting processing com.yx.boxinghero-1.apk ......
Getting apk info from https://play.google.com/store/apps/details?id=com.yx.boxinghero ......
Success to get info from Play Store
The lastest version of com.yx.boxinghero-1.apk is 
Done processing com.yx.boxinghero-1.apk
Time Spent:   0 Days 0 Hours 0 Minutes 19 Seconds

============================================================================
79/87 Starting processing com.zynga.looney-1.apk ......
Getting apk info from https://play.google.com/store/apps/details?id=com.zynga.looney ......
Success to get info from Play Store
The lastest version of com.zynga.looney-1.apk is 
Done processing com.zynga.looney-1.apk
Time Spent:   0 Days 0 Hours 0 Minutes 20 Seconds

============================================================================
80/87 Starting processing it.navionics.singleAppUsa-1.apk ......
Getting apk info from https://play.google.com/store/apps/details?id=it.navionics.singleAppUsa ......
Success to get info from Play Store
The lastest version of it.navionics.singleAppUsa-1.apk is 
Done processing it.navionics.singleAppUsa-1.apk
Time Spent:   0 Days 0 Hours 0 Minutes 20 Seconds

============================================================================
81/87 Starting processing itembox.crayfish.playhouse-1.apk ......
Getting apk info from https://play.google.com/store/apps/details?id=itembox.crayfish.playhouse ......
Success to get info from Play Store
The lastest version of itembox.crayfish.playhouse-1.apk is 
Done processing itembox.crayfish.playhouse-1.apk
Time Spent:   0 Days 0 Hours 0 Minutes 20 Seconds

============================================================================
82/87 Starting processing jp.gocro.smartnews.android-1.apk ......
Getting apk info from https://play.google.com/store/apps/details?id=jp.gocro.smartnews.android ......
Success to get info from Play Store
The lastest version of jp.gocro.smartnews.android-1.apk is 
Done processing jp.gocro.smartnews.android-1.apk
Time Spent:   0 Days 0 Hours 0 Minutes 20 Seconds

============================================================================
83/87 Starting processing jp.gree.warofnationsbeta-1.apk ......
Getting apk info from https://play.google.com/store/apps/details?id=jp.gree.warofnationsbeta ......
Success to get info from Play Store
The lastest version of jp.gree.warofnationsbeta-1.apk is 
Done processing jp.gree.warofnationsbeta-1.apk
Time Spent:   0 Days 0 Hours 0 Minutes 20 Seconds

============================================================================
84/87 Starting processing net.dinglisch.android.taskerm-1.apk ......
Getting apk info from https://play.google.com/store/apps/details?id=net.dinglisch.android.taskerm ......
Success to get info from Play Store
The lastest version of net.dinglisch.android.taskerm-1.apk is 
Done processing net.dinglisch.android.taskerm-1.apk
Time Spent:   0 Days 0 Hours 0 Minutes 21 Seconds

============================================================================
85/87 Starting processing net.kairosoft.android.gamedev3en-1.apk ......
Getting apk info from https://play.google.com/store/apps/details?id=net.kairosoft.android.gamedev3en ......
Success to get info from Play Store
The lastest version of net.kairosoft.android.gamedev3en-1.apk is 
Done processing net.kairosoft.android.gamedev3en-1.apk
Time Spent:   0 Days 0 Hours 0 Minutes 21 Seconds

============================================================================
86/87 Starting processing net.zhuoweizhang.mcpelauncher.pro-1.apk ......
Getting apk info from https://play.google.com/store/apps/details?id=net.zhuoweizhang.mcpelauncher.pro ......
Success to get info from Play Store
The lastest version of net.zhuoweizhang.mcpelauncher.pro-1.apk is 
Done processing net.zhuoweizhang.mcpelauncher.pro-1.apk
Time Spent:   0 Days 0 Hours 0 Minutes 21 Seconds

============================================================================
87/87 Starting processing slide.watchFrenzy.premium-1.apk ......
Getting apk info from https://play.google.com/store/apps/details?id=slide.watchFrenzy.premium ......
Success to get info from Play Store
The lastest version of slide.watchFrenzy.premium-1.apk is 
Done processing slide.watchFrenzy.premium-1.apk
Time Spent:   0 Days 0 Hours 0 Minutes 21 Seconds

============================================================================


**************************************************************
All Done
Total Time:   0 Days 0 Hours 0 Minutes 21 Seconds
Result Location:               /home/Git-Apk/code_resource/script_hooks/scan_apk/scan_apk_version/results/AppInfo_2015-03-04-14-39-02.csv
**************************************************************
