Start processing app in list /home/Git-Apk/Updated_list from /home/Git-Apk/Baidu  ......

============================================================================
1/3 Starting processing com.meitu.meiyancamera-1.apk ......
Getting apk info from https://play.google.com/store/apps/details?id=com.meitu.meiyancamera ......
Success to get info from Play Store
The lastest version of com.meitu.meiyancamera-1.apk is  3.3.0  
Done processing com.meitu.meiyancamera-1.apk
Time Spent:   0 Days 0 Hours 0 Minutes 5 Seconds

============================================================================
2/3 Starting processing com.sohu.newsclient-1.apk ......
Getting apk info from https://play.google.com/store/apps/details?id=com.sohu.newsclient ......
Success to get info from Play Store
The lastest version of com.sohu.newsclient-1.apk is  5.2.1  
Done processing com.sohu.newsclient-1.apk
Time Spent:   0 Days 0 Hours 0 Minutes 9 Seconds

============================================================================
3/3 Starting processing com.tencent.news-1.apk ......
Getting apk info from https://play.google.com/store/apps/details?id=com.tencent.news ......
Success to get info from Play Store
The lastest version of com.tencent.news-1.apk is  4.6.6  
Done processing com.tencent.news-1.apk
Time Spent:   0 Days 0 Hours 0 Minutes 14 Seconds

============================================================================


**************************************************************
All Done
Total Time:   0 Days 0 Hours 0 Minutes 14 Seconds
Result Location:               /home/Git-Apk/code_resource/script_hooks/scan_apk/scan_apk_version/results/AppInfo_2015-06-04-10-52-09.csv
**************************************************************
