Start processing app in list /home/Git-Apk/Updated_list from /home/Git-Apk/All_Apk  ......

============================================================================
1/16 Starting processing air.com.pixelfederation.TrainStationGame-1.apk ......
Getting apk info from https://play.google.com/store/apps/details?id=air.com.pixelfederation.TrainStationGame ......
Success to get info from Play Store
The lastest version of air.com.pixelfederation.TrainStationGame-1.apk is  1.0.12.14  
Done processing air.com.pixelfederation.TrainStationGame-1.apk
Time Spent:   0 Days 0 Hours 0 Minutes 8 Seconds

============================================================================
2/16 Starting processing com.ballytechnologies.quickhitslots-1.apk ......
Getting apk info from https://play.google.com/store/apps/details?id=com.ballytechnologies.quickhitslots ......
Success to get info from Play Store
The lastest version of com.ballytechnologies.quickhitslots-1.apk is  2.1.5  
Done processing com.ballytechnologies.quickhitslots-1.apk
Time Spent:   0 Days 0 Hours 0 Minutes 16 Seconds

============================================================================
3/16 Starting processing com.bhvr.homejam-1.apk ......
Getting apk info from https://play.google.com/store/apps/details?id=com.bhvr.homejam ......
Success to get info from Play Store
The lastest version of com.bhvr.homejam-1.apk is  2.2.0  
Done processing com.bhvr.homejam-1.apk
Time Spent:   0 Days 0 Hours 0 Minutes 23 Seconds

============================================================================
4/16 Starting processing com.budgestudios.ThomasAndFriendsGoGoThomas-1.apk ......
Getting apk info from https://play.google.com/store/apps/details?id=com.budgestudios.ThomasAndFriendsGoGoThomas ......
Success to get info from Play Store
The lastest version of com.budgestudios.ThomasAndFriendsGoGoThomas-1.apk is  1.2  
Done processing com.budgestudios.ThomasAndFriendsGoGoThomas-1.apk
Time Spent:   0 Days 0 Hours 0 Minutes 29 Seconds

============================================================================
5/16 Starting processing com.chopperkhan.asylum-1.apk ......
Getting apk info from https://play.google.com/store/apps/details?id=com.chopperkhan.asylum ......
Success to get info from Play Store
The lastest version of com.chopperkhan.asylum-1.apk is  1.6  
Done processing com.chopperkhan.asylum-1.apk
Time Spent:   0 Days 0 Hours 0 Minutes 35 Seconds

============================================================================
6/16 Starting processing com.daysofwonder.tt.android-1.apk ......
Getting apk info from https://play.google.com/store/apps/details?id=com.daysofwonder.tt.android ......
Success to get info from Play Store
The lastest version of com.daysofwonder.tt.android-1.apk is  2.0.2-3328-3001bfaf  
Done processing com.daysofwonder.tt.android-1.apk
Time Spent:   0 Days 0 Hours 0 Minutes 38 Seconds

============================================================================
7/16 Starting processing com.directv.dvrscheduler-1.apk ......
Getting apk info from https://play.google.com/store/apps/details?id=com.directv.dvrscheduler ......
Success to get info from Play Store
The lastest version of com.directv.dvrscheduler-1.apk is  4.3.008  
Done processing com.directv.dvrscheduler-1.apk
Time Spent:   0 Days 0 Hours 0 Minutes 41 Seconds

============================================================================
8/16 Starting processing com.disney.cpcompanion_goo-1.apk ......
Getting apk info from https://play.google.com/store/apps/details?id=com.disney.cpcompanion_goo ......
Success to get info from Play Store
The lastest version of com.disney.cpcompanion_goo-1.apk is  1.6.12  
Done processing com.disney.cpcompanion_goo-1.apk
Time Spent:   0 Days 0 Hours 0 Minutes 46 Seconds

============================================================================
9/16 Starting processing com.fgol.HungrySharkEvolution-1.apk ......
Getting apk info from https://play.google.com/store/apps/details?id=com.fgol.HungrySharkEvolution ......
Success to get info from Play Store
The lastest version of com.fgol.HungrySharkEvolution-1.apk is 
Done processing com.fgol.HungrySharkEvolution-1.apk
Time Spent:   0 Days 0 Hours 0 Minutes 49 Seconds

============================================================================
10/16 Starting processing com.giantssoftware.fs14-1.apk ......
Getting apk info from https://play.google.com/store/apps/details?id=com.giantssoftware.fs14 ......
Success to get info from Play Store
The lastest version of com.giantssoftware.fs14-1.apk is    Varies with device  
Done processing com.giantssoftware.fs14-1.apk
Time Spent:   0 Days 0 Hours 0 Minutes 52 Seconds

============================================================================
11/16 Starting processing com.mindblocks.blocks-1.apk ......
Getting apk info from https://play.google.com/store/apps/details?id=com.mindblocks.blocks ......
Success to get info from Play Store
The lastest version of com.mindblocks.blocks-1.apk is  10.4.15  
Done processing com.mindblocks.blocks-1.apk
Time Spent:   0 Days 0 Hours 0 Minutes 54 Seconds

============================================================================
12/16 Starting processing com.ninjakiwi.bloonstdbattles-1.apk ......
Getting apk info from https://play.google.com/store/apps/details?id=com.ninjakiwi.bloonstdbattles ......
Success to get info from Play Store
The lastest version of com.ninjakiwi.bloonstdbattles-1.apk is  3.2.1  
Done processing com.ninjakiwi.bloonstdbattles-1.apk
Time Spent:   0 Days 0 Hours 0 Minutes 57 Seconds

============================================================================
13/16 Starting processing com.risingtidegames.blackdiamondslots.beta-1.apk ......
Getting apk info from https://play.google.com/store/apps/details?id=com.risingtidegames.blackdiamondslots.beta ......
Success to get info from Play Store
The lastest version of com.risingtidegames.blackdiamondslots.beta-1.apk is  1.2.14  
Done processing com.risingtidegames.blackdiamondslots.beta-1.apk
Time Spent:   0 Days 0 Hours 0 Minutes 59 Seconds

============================================================================
14/16 Starting processing com.starfall.StarfallABCs-1.apk ......
Getting apk info from https://play.google.com/store/apps/details?id=com.starfall.StarfallABCs ......
Success to get info from Play Store
The lastest version of com.starfall.StarfallABCs-1.apk is  3.13  
Done processing com.starfall.StarfallABCs-1.apk
Time Spent:   0 Days 0 Hours 1 Minutes 1 Seconds

============================================================================
15/16 Starting processing net.HypercraftSarl.JC-1.apk ......
Getting apk info from https://play.google.com/store/apps/details?id=net.HypercraftSarl.JC ......
Success to get info from Play Store
The lastest version of net.HypercraftSarl.JC-1.apk is  1.0.1  
Done processing net.HypercraftSarl.JC-1.apk
Time Spent:   0 Days 0 Hours 1 Minutes 4 Seconds

============================================================================
16/16 Starting processing net.SandStormEarl.WC3-1.apk ......
Getting apk info from https://play.google.com/store/apps/details?id=net.SandStormEarl.WC3 ......
Success to get info from Play Store
The lastest version of net.SandStormEarl.WC3-1.apk is  1.2.6  
Done processing net.SandStormEarl.WC3-1.apk
Time Spent:   0 Days 0 Hours 1 Minutes 6 Seconds

============================================================================


**************************************************************
All Done
Total Time:   0 Days 0 Hours 1 Minutes 6 Seconds
Result Location:               /home/Git-Apk/code_resource/script_hooks/scan_apk/scan_apk_version/results/AppInfo_2015-11-25-15-43-13.csv
**************************************************************
