Start processing app in list /home/Git-Apk/Updated_list from /home/Git-Apk/All_Apk  ......

============================================================================
1/67 Starting processing air.au.com.metro.DumbWaysToDie2-1.apk ......
Getting apk info from https://play.google.com/store/apps/details?id=air.au.com.metro.DumbWaysToDie2 ......
Success to get info from Play Store
The lastest version of air.au.com.metro.DumbWaysToDie2-1.apk is  1.4  
Done processing air.au.com.metro.DumbWaysToDie2-1.apk
Time Spent:   0 Days 0 Hours 0 Minutes 2 Seconds

============================================================================
2/67 Starting processing air.com.pearsoned.poptropica-1.apk ......
Getting apk info from https://play.google.com/store/apps/details?id=air.com.pearsoned.poptropica ......
Success to get info from Play Store
The lastest version of air.com.pearsoned.poptropica-1.apk is  2.19.26  
Done processing air.com.pearsoned.poptropica-1.apk
Time Spent:   0 Days 0 Hours 0 Minutes 4 Seconds

============================================================================
3/67 Starting processing com.alegrium.billionaire-1.apk ......
Getting apk info from https://play.google.com/store/apps/details?id=com.alegrium.billionaire ......
Success to get info from Play Store
The lastest version of com.alegrium.billionaire-1.apk is  1.1.1  
Done processing com.alegrium.billionaire-1.apk
Time Spent:   0 Days 0 Hours 0 Minutes 6 Seconds

============================================================================
4/67 Starting processing com.bxapps.PrincessNailSalon-1.apk ......
Getting apk info from https://play.google.com/store/apps/details?id=com.bxapps.PrincessNailSalon ......
Success to get info from Play Store
The lastest version of com.bxapps.PrincessNailSalon-1.apk is  2.5  
Done processing com.bxapps.PrincessNailSalon-1.apk
Time Spent:   0 Days 0 Hours 0 Minutes 9 Seconds

============================================================================
5/67 Starting processing com.cardinalblue.piccollage.google-1.apk ......
Getting apk info from https://play.google.com/store/apps/details?id=com.cardinalblue.piccollage.google ......
Success to get info from Play Store
The lastest version of com.cardinalblue.piccollage.google-1.apk is    Varies with device  
Done processing com.cardinalblue.piccollage.google-1.apk
Time Spent:   0 Days 0 Hours 0 Minutes 11 Seconds

============================================================================
6/67 Starting processing com.cleanmaster.security-1.apk ......
Getting apk info from https://play.google.com/store/apps/details?id=com.cleanmaster.security ......
Success to get info from Play Store
The lastest version of com.cleanmaster.security-1.apk is    Varies with device  
Done processing com.cleanmaster.security-1.apk
Time Spent:   0 Days 0 Hours 0 Minutes 13 Seconds

============================================================================
7/67 Starting processing com.com2us.smon.normal.freefull.google.kr.android.common-1.apk ......
Getting apk info from https://play.google.com/store/apps/details?id=com.com2us.smon.normal.freefull.google.kr.android.common ......
Success to get info from Play Store
The lastest version of com.com2us.smon.normal.freefull.google.kr.android.common-1.apk is  2.0.2  
Done processing com.com2us.smon.normal.freefull.google.kr.android.common-1.apk
Time Spent:   0 Days 0 Hours 0 Minutes 18 Seconds

============================================================================
8/67 Starting processing com.crowdstar.covetfashion-1.apk ......
Getting apk info from https://play.google.com/store/apps/details?id=com.crowdstar.covetfashion ......
Success to get info from Play Store
The lastest version of com.crowdstar.covetfashion-1.apk is  2.21.39  
Done processing com.crowdstar.covetfashion-1.apk
Time Spent:   0 Days 0 Hours 0 Minutes 22 Seconds

============================================================================
9/67 Starting processing com.d3p.mpq-1.apk ......
Getting apk info from https://play.google.com/store/apps/details?id=com.d3p.mpq ......
Success to get info from Play Store
The lastest version of com.d3p.mpq-1.apk is  90.315429  
Done processing com.d3p.mpq-1.apk
Time Spent:   0 Days 0 Hours 0 Minutes 25 Seconds

============================================================================
10/67 Starting processing com.dirtybit.funrun2-1.apk ......
Getting apk info from https://play.google.com/store/apps/details?id=com.dirtybit.funrun2 ......
Success to get info from Play Store
The lastest version of com.dirtybit.funrun2-1.apk is  3.1  
Done processing com.dirtybit.funrun2-1.apk
Time Spent:   0 Days 0 Hours 0 Minutes 27 Seconds

============================================================================
11/67 Starting processing com.disney.cpcompanion_goo-1.apk ......
Getting apk info from https://play.google.com/store/apps/details?id=com.disney.cpcompanion_goo ......
Success to get info from Play Store
The lastest version of com.disney.cpcompanion_goo-1.apk is  1.6.13  
Done processing com.disney.cpcompanion_goo-1.apk
Time Spent:   0 Days 0 Hours 0 Minutes 30 Seconds

============================================================================
12/67 Starting processing com.dobsoftstudios.gunfustickman2-1.apk ......
Getting apk info from https://play.google.com/store/apps/details?id=com.dobsoftstudios.gunfustickman2 ......
Success to get info from Play Store
The lastest version of com.dobsoftstudios.gunfustickman2-1.apk is  1.7.2  
Done processing com.dobsoftstudios.gunfustickman2-1.apk
Time Spent:   0 Days 0 Hours 0 Minutes 32 Seconds

============================================================================
13/67 Starting processing com.dodreams.driveahead-1.apk ......
Getting apk info from https://play.google.com/store/apps/details?id=com.dodreams.driveahead ......
Success to get info from Play Store
The lastest version of com.dodreams.driveahead-1.apk is  1.16.1  
Done processing com.dodreams.driveahead-1.apk
Time Spent:   0 Days 0 Hours 0 Minutes 35 Seconds

============================================================================
14/67 Starting processing com.ea.game.fifa15_row-1.apk ......
Getting apk info from https://play.google.com/store/apps/details?id=com.ea.game.fifa15_row ......
Success to get info from Play Store
The lastest version of com.ea.game.fifa15_row-1.apk is  1.6.1  
Done processing com.ea.game.fifa15_row-1.apk
Time Spent:   0 Days 0 Hours 0 Minutes 39 Seconds

============================================================================
15/67 Starting processing com.ea.game.pvz2_na-1.apk ......
Getting apk info from https://play.google.com/store/apps/details?id=com.ea.game.pvz2_na ......
Success to get info from Play Store
The lastest version of com.ea.game.pvz2_na-1.apk is  4.3.1  
Done processing com.ea.game.pvz2_na-1.apk
Time Spent:   0 Days 0 Hours 0 Minutes 41 Seconds

============================================================================
16/67 Starting processing com.ea.game.simcitymobile_row-1.apk ......
Getting apk info from https://play.google.com/store/apps/details?id=com.ea.game.simcitymobile_row ......
Success to get info from Play Store
The lastest version of com.ea.game.simcitymobile_row-1.apk is  1.9.9.38138  
Done processing com.ea.game.simcitymobile_row-1.apk
Time Spent:   0 Days 0 Hours 0 Minutes 43 Seconds

============================================================================
17/67 Starting processing com.emoji.ikeyboard-1.apk ......
Getting apk info from https://play.google.com/store/apps/details?id=com.emoji.ikeyboard ......
Success to get info from Play Store
The lastest version of com.emoji.ikeyboard-1.apk is    Varies with device  
Done processing com.emoji.ikeyboard-1.apk
Time Spent:   0 Days 0 Hours 0 Minutes 46 Seconds

============================================================================
18/67 Starting processing com.episodeinteractive.android.catalog-1.apk ......
Getting apk info from https://play.google.com/store/apps/details?id=com.episodeinteractive.android.catalog ......
Success to get info from Play Store
The lastest version of com.episodeinteractive.android.catalog-1.apk is    Varies with device  
Done processing com.episodeinteractive.android.catalog-1.apk
Time Spent:   0 Days 0 Hours 0 Minutes 48 Seconds

============================================================================
19/67 Starting processing com.etermax.kingdoms-1.apk ......
Getting apk info from https://play.google.com/store/apps/details?id=com.etermax.kingdoms ......
Success to get info from Play Store
The lastest version of com.etermax.kingdoms-1.apk is  1.0.10  
Done processing com.etermax.kingdoms-1.apk
Time Spent:   0 Days 0 Hours 0 Minutes 52 Seconds

============================================================================
20/67 Starting processing com.facebook.katana-1.apk ......
Getting apk info from https://play.google.com/store/apps/details?id=com.facebook.katana ......
Success to get info from Play Store
The lastest version of com.facebook.katana-1.apk is    Varies with device  
Done processing com.facebook.katana-1.apk
Time Spent:   0 Days 0 Hours 0 Minutes 55 Seconds

============================================================================
21/67 Starting processing com.glu.sniperx-1.apk ......
Getting apk info from https://play.google.com/store/apps/details?id=com.glu.sniperx ......
Success to get info from Play Store
The lastest version of com.glu.sniperx-1.apk is  1.2.1  
Done processing com.glu.sniperx-1.apk
Time Spent:   0 Days 0 Hours 0 Minutes 57 Seconds

============================================================================
22/67 Starting processing com.google.android.apps.docs-1.apk ......
Getting apk info from https://play.google.com/store/apps/details?id=com.google.android.apps.docs ......
Success to get info from Play Store
The lastest version of com.google.android.apps.docs-1.apk is    Varies with device  
Done processing com.google.android.apps.docs-1.apk
Time Spent:   0 Days 0 Hours 1 Minutes 0 Seconds

============================================================================
23/67 Starting processing com.google.android.apps.gmoney-1.apk ......
Getting apk info from https://play.google.com/store/apps/details?id=com.google.android.apps.gmoney ......
Success to get info from Play Store
The lastest version of com.google.android.apps.gmoney-1.apk is  12.0-R240-v5  
Done processing com.google.android.apps.gmoney-1.apk
Time Spent:   0 Days 0 Hours 1 Minutes 2 Seconds

============================================================================
24/67 Starting processing com.google.android.apps.plus-1.apk ......
Getting apk info from https://play.google.com/store/apps/details?id=com.google.android.apps.plus ......
Success to get info from Play Store
The lastest version of com.google.android.apps.plus-1.apk is    Varies with device  
Done processing com.google.android.apps.plus-1.apk
Time Spent:   0 Days 0 Hours 1 Minutes 4 Seconds

============================================================================
25/67 Starting processing com.google.android.googlequicksearchbox-1.apk ......
Getting apk info from https://play.google.com/store/apps/details?id=com.google.android.googlequicksearchbox ......
Success to get info from Play Store
The lastest version of com.google.android.googlequicksearchbox-1.apk is    Varies with device  
Done processing com.google.android.googlequicksearchbox-1.apk
Time Spent:   0 Days 0 Hours 1 Minutes 7 Seconds

============================================================================
26/67 Starting processing com.google.android.tts-1.apk ......
Getting apk info from https://play.google.com/store/apps/details?id=com.google.android.tts ......
Success to get info from Play Store
The lastest version of com.google.android.tts-1.apk is    Varies with device  
Done processing com.google.android.tts-1.apk
Time Spent:   0 Days 0 Hours 1 Minutes 9 Seconds

============================================================================
27/67 Starting processing com.google.android.videos-1.apk ......
Getting apk info from https://play.google.com/store/apps/details?id=com.google.android.videos ......
Success to get info from Play Store
The lastest version of com.google.android.videos-1.apk is    Varies with device  
Done processing com.google.android.videos-1.apk
Time Spent:   0 Days 0 Hours 1 Minutes 11 Seconds

============================================================================
28/67 Starting processing com.gotv.nflgamecenter.us.lite-1.apk ......
Getting apk info from https://play.google.com/store/apps/details?id=com.gotv.nflgamecenter.us.lite ......
Success to get info from Play Store
The lastest version of com.gotv.nflgamecenter.us.lite-1.apk is  12.1.113  
Done processing com.gotv.nflgamecenter.us.lite-1.apk
Time Spent:   0 Days 0 Hours 1 Minutes 14 Seconds

============================================================================
29/67 Starting processing com.halfbrick.fruitninjafree-1.apk ......
Getting apk info from https://play.google.com/store/apps/details?id=com.halfbrick.fruitninjafree ......
Success to get info from Play Store
The lastest version of com.halfbrick.fruitninjafree-1.apk is  2.3.2.5  
Done processing com.halfbrick.fruitninjafree-1.apk
Time Spent:   0 Days 0 Hours 1 Minutes 17 Seconds

============================================================================
30/67 Starting processing com.happymeal.mcplay-1.apk ......
Getting apk info from https://play.google.com/store/apps/details?id=com.happymeal.mcplay ......
Success to get info from Play Store
The lastest version of com.happymeal.mcplay-1.apk is  3.0.0  
Done processing com.happymeal.mcplay-1.apk
Time Spent:   0 Days 0 Hours 1 Minutes 19 Seconds

============================================================================
31/67 Starting processing com.hcg.cok.gp-1.apk ......
Getting apk info from https://play.google.com/store/apps/details?id=com.hcg.cok.gp ......
Success to get info from Play Store
The lastest version of com.hcg.cok.gp-1.apk is  2.0.3  
Done processing com.hcg.cok.gp-1.apk
Time Spent:   0 Days 0 Hours 1 Minutes 22 Seconds

============================================================================
32/67 Starting processing com.hugsnhearts.android_petvet2-1.apk ......
Getting apk info from https://play.google.com/store/apps/details?id=com.hugsnhearts.android_petvet2 ......
Success to get info from Play Store
The lastest version of com.hugsnhearts.android_petvet2-1.apk is  1.2  
Done processing com.hugsnhearts.android_petvet2-1.apk
Time Spent:   0 Days 0 Hours 1 Minutes 24 Seconds

============================================================================
33/67 Starting processing com.igg.clashoflords2-1.apk ......
Getting apk info from https://play.google.com/store/apps/details?id=com.igg.clashoflords2 ......
Success to get info from Play Store
The lastest version of com.igg.clashoflords2-1.apk is  1.0.197  
Done processing com.igg.clashoflords2-1.apk
Time Spent:   0 Days 0 Hours 1 Minutes 27 Seconds

============================================================================
34/67 Starting processing com.imo.android.imoim-1.apk ......
Getting apk info from https://play.google.com/store/apps/details?id=com.imo.android.imoim ......
Success to get info from Play Store
The lastest version of com.imo.android.imoim-1.apk is  9.8.00000000025  
Done processing com.imo.android.imoim-1.apk
Time Spent:   0 Days 0 Hours 1 Minutes 30 Seconds

============================================================================
35/67 Starting processing com.jb.gosms-1.apk ......
Getting apk info from https://play.google.com/store/apps/details?id=com.jb.gosms ......
Success to get info from Play Store
The lastest version of com.jb.gosms-1.apk is    Varies with device  
Done processing com.jb.gosms-1.apk
Time Spent:   0 Days 0 Hours 1 Minutes 32 Seconds

============================================================================
36/67 Starting processing com.king.candycrushsaga-1.apk ......
Getting apk info from https://play.google.com/store/apps/details?id=com.king.candycrushsaga ......
Success to get info from Play Store
The lastest version of com.king.candycrushsaga-1.apk is  1.66.0.8  
Done processing com.king.candycrushsaga-1.apk
Time Spent:   0 Days 0 Hours 1 Minutes 34 Seconds

============================================================================
37/67 Starting processing com.king.petrescuesaga-1.apk ......
Getting apk info from https://play.google.com/store/apps/details?id=com.king.petrescuesaga ......
Success to get info from Play Store
The lastest version of com.king.petrescuesaga-1.apk is  1.59.10  
Done processing com.king.petrescuesaga-1.apk
Time Spent:   0 Days 0 Hours 1 Minutes 37 Seconds

============================================================================
38/67 Starting processing com.koenigz.KittenCatSimulator-1.apk ......
Getting apk info from https://play.google.com/store/apps/details?id=com.koenigz.KittenCatSimulator ......
Success to get info from Play Store
The lastest version of com.koenigz.KittenCatSimulator-1.apk is  1.5.6  
Done processing com.koenigz.KittenCatSimulator-1.apk
Time Spent:   0 Days 0 Hours 1 Minutes 39 Seconds

============================================================================
39/67 Starting processing com.ksmobile.launcher-1.apk ......
Getting apk info from https://play.google.com/store/apps/details?id=com.ksmobile.launcher ......
Success to get info from Play Store
The lastest version of com.ksmobile.launcher-1.apk is  1.33.2  
Done processing com.ksmobile.launcher-1.apk
Time Spent:   0 Days 0 Hours 1 Minutes 41 Seconds

============================================================================
40/67 Starting processing com.leftover.CoinDozer-1.apk ......
Getting apk info from https://play.google.com/store/apps/details?id=com.leftover.CoinDozer ......
Success to get info from Play Store
The lastest version of com.leftover.CoinDozer-1.apk is    Varies with device  
Done processing com.leftover.CoinDozer-1.apk
Time Spent:   0 Days 0 Hours 1 Minutes 44 Seconds

============================================================================
41/67 Starting processing com.lionmobi.battery-1.apk ......
Getting apk info from https://play.google.com/store/apps/details?id=com.lionmobi.battery ......
Success to get info from Play Store
The lastest version of com.lionmobi.battery-1.apk is  1.2.9  
Done processing com.lionmobi.battery-1.apk
Time Spent:   0 Days 0 Hours 1 Minutes 46 Seconds

============================================================================
42/67 Starting processing com.miniclip.agar.io-1.apk ......
Getting apk info from https://play.google.com/store/apps/details?id=com.miniclip.agar.io ......
Success to get info from Play Store
The lastest version of com.miniclip.agar.io-1.apk is  1.2.2  
Done processing com.miniclip.agar.io-1.apk
Time Spent:   0 Days 0 Hours 1 Minutes 48 Seconds

============================================================================
43/67 Starting processing com.moonton.magicrush-1.apk ......
Getting apk info from https://play.google.com/store/apps/details?id=com.moonton.magicrush ......
Success to get info from Play Store
The lastest version of com.moonton.magicrush-1.apk is  1.1.40  
Done processing com.moonton.magicrush-1.apk
Time Spent:   0 Days 0 Hours 1 Minutes 50 Seconds

============================================================================
44/67 Starting processing com.morecast.weather-1.apk ......
Getting apk info from https://play.google.com/store/apps/details?id=com.morecast.weather ......
Success to get info from Play Store
The lastest version of com.morecast.weather-1.apk is  2.1.7  
Done processing com.morecast.weather-1.apk
Time Spent:   0 Days 0 Hours 1 Minutes 53 Seconds

============================================================================
45/67 Starting processing com.mss.zombie.dozer.coin.monster.google-1.apk ......
Getting apk info from https://play.google.com/store/apps/details?id=com.mss.zombie.dozer.coin.monster.google ......
Success to get info from Play Store
The lastest version of com.mss.zombie.dozer.coin.monster.google-1.apk is  1.0.3  
Done processing com.mss.zombie.dozer.coin.monster.google-1.apk
Time Spent:   0 Days 0 Hours 1 Minutes 55 Seconds

============================================================================
46/67 Starting processing com.murka.scatterslots-1.apk ......
Getting apk info from https://play.google.com/store/apps/details?id=com.murka.scatterslots ......
Success to get info from Play Store
The lastest version of com.murka.scatterslots-1.apk is  1.10.1  
Done processing com.murka.scatterslots-1.apk
Time Spent:   0 Days 0 Hours 1 Minutes 58 Seconds

============================================================================
47/67 Starting processing com.netmarble.sknightsgb-1.apk ......
Getting apk info from https://play.google.com/store/apps/details?id=com.netmarble.sknightsgb ......
Success to get info from Play Store
The lastest version of com.netmarble.sknightsgb-1.apk is  1.0.22  
Done processing com.netmarble.sknightsgb-1.apk
Time Spent:   0 Days 0 Hours 2 Minutes 3 Seconds

============================================================================
48/67 Starting processing com.ninjakiwi.bloonstdbattles-1.apk ......
Getting apk info from https://play.google.com/store/apps/details?id=com.ninjakiwi.bloonstdbattles ......
Success to get info from Play Store
The lastest version of com.ninjakiwi.bloonstdbattles-1.apk is  3.3.2  
Done processing com.ninjakiwi.bloonstdbattles-1.apk
Time Spent:   0 Days 0 Hours 2 Minutes 5 Seconds

============================================================================
49/67 Starting processing com.pinger.textfree.call-1.apk ......
Getting apk info from https://play.google.com/store/apps/details?id=com.pinger.textfree.call ......
Success to get info from Play Store
The lastest version of com.pinger.textfree.call-1.apk is    Varies with device  
Done processing com.pinger.textfree.call-1.apk
Time Spent:   0 Days 0 Hours 2 Minutes 7 Seconds

============================================================================
50/67 Starting processing com.playrix.township-1.apk ......
Getting apk info from https://play.google.com/store/apps/details?id=com.playrix.township ......
Success to get info from Play Store
The lastest version of com.playrix.township-1.apk is  3.4.1  
Done processing com.playrix.township-1.apk
Time Spent:   0 Days 0 Hours 2 Minutes 9 Seconds

============================================================================
51/67 Starting processing com.playstudios.myvegas-1.apk ......
Getting apk info from https://play.google.com/store/apps/details?id=com.playstudios.myvegas ......
Success to get info from Play Store
The lastest version of com.playstudios.myvegas-1.apk is  1.25.1  
Done processing com.playstudios.myvegas-1.apk
Time Spent:   0 Days 0 Hours 2 Minutes 12 Seconds

============================================================================
52/67 Starting processing com.qihoo.security.lite-1.apk ......
Getting apk info from https://play.google.com/store/apps/details?id=com.qihoo.security.lite ......
Success to get info from Play Store
The lastest version of com.qihoo.security.lite-1.apk is  1.1.2  
Done processing com.qihoo.security.lite-1.apk
Time Spent:   0 Days 0 Hours 2 Minutes 14 Seconds

============================================================================
53/67 Starting processing com.quvideo.xiaoying-1.apk ......
Getting apk info from https://play.google.com/store/apps/details?id=com.quvideo.xiaoying ......
Success to get info from Play Store
The lastest version of com.quvideo.xiaoying-1.apk is  4.5.6  
Done processing com.quvideo.xiaoying-1.apk
Time Spent:   0 Days 0 Hours 2 Minutes 16 Seconds

============================================================================
54/67 Starting processing com.rungames.footballheroespro-1.apk ......
Getting apk info from https://play.google.com/store/apps/details?id=com.rungames.footballheroespro ......
Success to get info from Play Store
The lastest version of com.rungames.footballheroespro-1.apk is  1.4  
Done processing com.rungames.footballheroespro-1.apk
Time Spent:   0 Days 0 Hours 2 Minutes 18 Seconds

============================================================================
55/67 Starting processing com.smule.magicpiano-1.apk ......
Getting apk info from https://play.google.com/store/apps/details?id=com.smule.magicpiano ......
Success to get info from Play Store
The lastest version of com.smule.magicpiano-1.apk is  2.3.7  
Done processing com.smule.magicpiano-1.apk
Time Spent:   0 Days 0 Hours 2 Minutes 20 Seconds

============================================================================
56/67 Starting processing com.smule.singandroid-1.apk ......
Getting apk info from https://play.google.com/store/apps/details?id=com.smule.singandroid ......
Success to get info from Play Store
The lastest version of com.smule.singandroid-1.apk is  3.3.2  
Done processing com.smule.singandroid-1.apk
Time Spent:   0 Days 0 Hours 2 Minutes 23 Seconds

============================================================================
57/67 Starting processing com.spacegame.solitaire.landscape-1.apk ......
Getting apk info from https://play.google.com/store/apps/details?id=com.spacegame.solitaire.landscape ......
Success to get info from Play Store
The lastest version of com.spacegame.solitaire.landscape-1.apk is  2.1.200  
Done processing com.spacegame.solitaire.landscape-1.apk
Time Spent:   0 Days 0 Hours 2 Minutes 25 Seconds

============================================================================
58/67 Starting processing com.spacegame.solitaire1-1.apk ......
Getting apk info from https://play.google.com/store/apps/details?id=com.spacegame.solitaire1 ......
Success to get info from Play Store
The lastest version of com.spacegame.solitaire1-1.apk is  1.3.1  
Done processing com.spacegame.solitaire1-1.apk
Time Spent:   0 Days 0 Hours 2 Minutes 27 Seconds

============================================================================
59/67 Starting processing com.walmart.android-1.apk ......
Getting apk info from https://play.google.com/store/apps/details?id=com.walmart.android ......
Success to get info from Play Store
The lastest version of com.walmart.android-1.apk is  3.2.3  
Done processing com.walmart.android-1.apk
Time Spent:   0 Days 0 Hours 2 Minutes 30 Seconds

============================================================================
60/67 Starting processing com.zynga.wizardofoz-1.apk ......
Getting apk info from https://play.google.com/store/apps/details?id=com.zynga.wizardofoz ......
Success to get info from Play Store
The lastest version of com.zynga.wizardofoz-1.apk is  24.0.277  
Done processing com.zynga.wizardofoz-1.apk
Time Spent:   0 Days 0 Hours 2 Minutes 32 Seconds

============================================================================
61/67 Starting processing me.dreamsky.leagueofstickman-1.apk ......
Getting apk info from https://play.google.com/store/apps/details?id=me.dreamsky.leagueofstickman ......
Success to get info from Play Store
The lastest version of me.dreamsky.leagueofstickman-1.apk is  1.4.0  
Done processing me.dreamsky.leagueofstickman-1.apk
Time Spent:   0 Days 0 Hours 2 Minutes 34 Seconds

============================================================================
62/67 Starting processing net.HypercraftSarl.BC-1.apk ......
Getting apk info from https://play.google.com/store/apps/details?id=net.HypercraftSarl.BC ......
Success to get info from Play Store
The lastest version of net.HypercraftSarl.BC-1.apk is  1.0.4  
Done processing net.HypercraftSarl.BC-1.apk
Time Spent:   0 Days 0 Hours 2 Minutes 38 Seconds

============================================================================
63/67 Starting processing net.HypercraftSarl.JC-1.apk ......
Getting apk info from https://play.google.com/store/apps/details?id=net.HypercraftSarl.JC ......
Success to get info from Play Store
The lastest version of net.HypercraftSarl.JC-1.apk is  1.0.2  
Done processing net.HypercraftSarl.JC-1.apk
Time Spent:   0 Days 0 Hours 2 Minutes 42 Seconds

============================================================================
64/67 Starting processing net.flixster.android-1.apk ......
Getting apk info from https://play.google.com/store/apps/details?id=net.flixster.android ......
Success to get info from Play Store
The lastest version of net.flixster.android-1.apk is    Varies with device  
Done processing net.flixster.android-1.apk
Time Spent:   0 Days 0 Hours 2 Minutes 44 Seconds

============================================================================
65/67 Starting processing net.playq.charmking-1.apk ......
Getting apk info from https://play.google.com/store/apps/details?id=net.playq.charmking ......
Success to get info from Play Store
The lastest version of net.playq.charmking-1.apk is  2.15.0  
Done processing net.playq.charmking-1.apk
Time Spent:   0 Days 0 Hours 2 Minutes 47 Seconds

============================================================================
66/67 Starting processing slide.watchFrenzy.premium-1.apk ......
Getting apk info from https://play.google.com/store/apps/details?id=slide.watchFrenzy.premium ......
Success to get info from Play Store
The lastest version of slide.watchFrenzy.premium-1.apk is  3.9.6  
Done processing slide.watchFrenzy.premium-1.apk
Time Spent:   0 Days 0 Hours 2 Minutes 49 Seconds

============================================================================
67/67 Starting processing tunein.player-1.apk ......
Getting apk info from https://play.google.com/store/apps/details?id=tunein.player ......
Success to get info from Play Store
The lastest version of tunein.player-1.apk is    Varies with device  
Done processing tunein.player-1.apk
Time Spent:   0 Days 0 Hours 2 Minutes 51 Seconds

============================================================================


**************************************************************
All Done
Total Time:   0 Days 0 Hours 2 Minutes 51 Seconds
Result Location:               /home/Git-Apk/code_resource/script_hooks/scan_apk/scan_apk_version/results/AppInfo_2015-12-22-17-11-48.csv
**************************************************************
