Start processing app in list /home/Git-Apk/Updated_list from /home/Git-Apk/Baidu  ......

============================================================================
1/20 Starting processing InternetRadio.all-1.apk ......
Getting apk info from https://play.google.com/store/apps/details?id=InternetRadio.all ......
Success to get info from Play Store
The lastest version of InternetRadio.all-1.apk is  3.5.0.3324  
Done processing InternetRadio.all-1.apk
Time Spent:   0 Days 0 Hours 0 Minutes 3 Seconds

============================================================================
2/20 Starting processing com.MoScreen-1.apk ......
Getting apk info from https://play.google.com/store/apps/details?id=com.MoScreen ......
[ERROR] : Cannot find info of com.MoScreen-1.apk on https://play.google.com/store/apps/details?id=com.MoScreen !!!
Done processing com.MoScreen-1.apk
Time Spent:   0 Days 0 Hours 0 Minutes 5 Seconds

============================================================================
3/20 Starting processing com.bobof-1.apk ......
Getting apk info from https://play.google.com/store/apps/details?id=com.bobof ......
[ERROR] : Cannot find info of com.bobof-1.apk on https://play.google.com/store/apps/details?id=com.bobof !!!
Done processing com.bobof-1.apk
Time Spent:   0 Days 0 Hours 0 Minutes 6 Seconds

============================================================================
4/20 Starting processing com.cleanmaster.mguard-1.apk ......
Getting apk info from https://play.google.com/store/apps/details?id=com.cleanmaster.mguard ......
Success to get info from Play Store
The lastest version of com.cleanmaster.mguard-1.apk is    Varies with device  
Done processing com.cleanmaster.mguard-1.apk
Time Spent:   0 Days 0 Hours 0 Minutes 9 Seconds

============================================================================
5/20 Starting processing com.duoduo.passenger-1.apk ......
Getting apk info from https://play.google.com/store/apps/details?id=com.duoduo.passenger ......
Success to get info from Play Store
The lastest version of com.duoduo.passenger-1.apk is  4.3.0  
Done processing com.duoduo.passenger-1.apk
Time Spent:   0 Days 0 Hours 0 Minutes 10 Seconds

============================================================================
6/20 Starting processing com.fenbi.android.solar-1.apk ......
Getting apk info from https://play.google.com/store/apps/details?id=com.fenbi.android.solar ......
Success to get info from Play Store
The lastest version of com.fenbi.android.solar-1.apk is  2.6.0  
Done processing com.fenbi.android.solar-1.apk
Time Spent:   0 Days 0 Hours 0 Minutes 14 Seconds

============================================================================
7/20 Starting processing com.huimao.bobo-1.apk ......
Getting apk info from https://play.google.com/store/apps/details?id=com.huimao.bobo ......
[ERROR] : Cannot find info of com.huimao.bobo-1.apk on https://play.google.com/store/apps/details?id=com.huimao.bobo !!!
Done processing com.huimao.bobo-1.apk
Time Spent:   0 Days 0 Hours 0 Minutes 16 Seconds

============================================================================
8/20 Starting processing com.job.android-1.apk ......
Getting apk info from https://play.google.com/store/apps/details?id=com.job.android ......
Success to get info from Play Store
The lastest version of com.job.android-1.apk is  2.9.3  
Done processing com.job.android-1.apk
Time Spent:   0 Days 0 Hours 0 Minutes 18 Seconds

============================================================================
9/20 Starting processing com.kunpeng.babyting-1.apk ......
Getting apk info from https://play.google.com/store/apps/details?id=com.kunpeng.babyting ......
Success to get info from Play Store
The lastest version of com.kunpeng.babyting-1.apk is    Varies with device  
Done processing com.kunpeng.babyting-1.apk
Time Spent:   0 Days 0 Hours 0 Minutes 22 Seconds

============================================================================
10/20 Starting processing com.mobileann.MobileAnn-1.apk ......
Getting apk info from https://play.google.com/store/apps/details?id=com.mobileann.MobileAnn ......
[ERROR] : Cannot find info of com.mobileann.MobileAnn-1.apk on https://play.google.com/store/apps/details?id=com.mobileann.MobileAnn !!!
Done processing com.mobileann.MobileAnn-1.apk
Time Spent:   0 Days 0 Hours 0 Minutes 23 Seconds

============================================================================
11/20 Starting processing com.tencent.clover-1.apk ......
Getting apk info from https://play.google.com/store/apps/details?id=com.tencent.clover ......
[ERROR] : Cannot find info of com.tencent.clover-1.apk on https://play.google.com/store/apps/details?id=com.tencent.clover !!!
Done processing com.tencent.clover-1.apk
Time Spent:   0 Days 0 Hours 0 Minutes 24 Seconds

============================================================================
12/20 Starting processing com.tencent.qqlive-1.apk ......
Getting apk info from https://play.google.com/store/apps/details?id=com.tencent.qqlive ......
Success to get info from Play Store
The lastest version of com.tencent.qqlive-1.apk is  4.0.0.8136  
Done processing com.tencent.qqlive-1.apk
Time Spent:   0 Days 0 Hours 0 Minutes 28 Seconds

============================================================================
13/20 Starting processing com.tencent.west-1.apk ......
Getting apk info from https://play.google.com/store/apps/details?id=com.tencent.west ......
[ERROR] : Cannot find info of com.tencent.west-1.apk on https://play.google.com/store/apps/details?id=com.tencent.west !!!
Done processing com.tencent.west-1.apk
Time Spent:   0 Days 0 Hours 0 Minutes 31 Seconds

============================================================================
14/20 Starting processing com.wlanplus.chang-1.apk ......
Getting apk info from https://play.google.com/store/apps/details?id=com.wlanplus.chang ......
Success to get info from Play Store
The lastest version of com.wlanplus.chang-1.apk is  3.2.1  
Done processing com.wlanplus.chang-1.apk
Time Spent:   0 Days 0 Hours 0 Minutes 34 Seconds

============================================================================
15/20 Starting processing com.wumii.android.mimi-1.apk ......
Getting apk info from https://play.google.com/store/apps/details?id=com.wumii.android.mimi ......
Success to get info from Play Store
The lastest version of com.wumii.android.mimi-1.apk is  3.5.1  
Done processing com.wumii.android.mimi-1.apk
Time Spent:   0 Days 0 Hours 0 Minutes 37 Seconds

============================================================================
16/20 Starting processing com.ymall.presentshop-1.apk ......
Getting apk info from https://play.google.com/store/apps/details?id=com.ymall.presentshop ......
Success to get info from Play Store
The lastest version of com.ymall.presentshop-1.apk is  4.1.0  
Done processing com.ymall.presentshop-1.apk
Time Spent:   0 Days 0 Hours 0 Minutes 38 Seconds

============================================================================
17/20 Starting processing com.yoloho.dayima-1.apk ......
Getting apk info from https://play.google.com/store/apps/details?id=com.yoloho.dayima ......
[ERROR] : Cannot find info of com.yoloho.dayima-1.apk on https://play.google.com/store/apps/details?id=com.yoloho.dayima !!!
Done processing com.yoloho.dayima-1.apk
Time Spent:   0 Days 0 Hours 0 Minutes 39 Seconds

============================================================================
18/20 Starting processing com.zzenglish.client-1.apk ......
Getting apk info from https://play.google.com/store/apps/details?id=com.zzenglish.client ......
Success to get info from Play Store
The lastest version of com.zzenglish.client-1.apk is  3.3.2.140627  
Done processing com.zzenglish.client-1.apk
Time Spent:   0 Days 0 Hours 0 Minutes 42 Seconds

============================================================================
19/20 Starting processing jp.naver.linecamera.android-1.apk ......
Getting apk info from https://play.google.com/store/apps/details?id=jp.naver.linecamera.android ......
Success to get info from Play Store
The lastest version of jp.naver.linecamera.android-1.apk is    Varies with device  
Done processing jp.naver.linecamera.android-1.apk
Time Spent:   0 Days 0 Hours 0 Minutes 44 Seconds

============================================================================
20/20 Starting processing org.fungo.fungolive-1.apk ......
Getting apk info from https://play.google.com/store/apps/details?id=org.fungo.fungolive ......
[ERROR] : Cannot find info of org.fungo.fungolive-1.apk on https://play.google.com/store/apps/details?id=org.fungo.fungolive !!!
Done processing org.fungo.fungolive-1.apk
Time Spent:   0 Days 0 Hours 0 Minutes 45 Seconds

============================================================================


**************************************************************
All Done
Total Time:   0 Days 0 Hours 0 Minutes 45 Seconds
Result Location:               /home/Git-Apk/code_resource/script_hooks/scan_apk/scan_apk_version/results/AppInfo_2015-07-02-11-51-34.csv
**************************************************************
