Start processing app in list /home/Git-Apk/Updated_list from /home/Git-Apk/Baidu  ......

============================================================================
1/81 Starting processing air.tv.douyu.android-1.apk ......
Getting apk info from https://play.google.com/store/apps/details?id=air.tv.douyu.android ......
[ERROR] : Cannot find info of air.tv.douyu.android-1.apk on https://play.google.com/store/apps/details?id=air.tv.douyu.android !!!
Done processing air.tv.douyu.android-1.apk
Time Spent:   0 Days 0 Hours 0 Minutes 1 Seconds

============================================================================
2/81 Starting processing bubei.tingshu-1.apk ......
Getting apk info from https://play.google.com/store/apps/details?id=bubei.tingshu ......
Success to get info from Play Store
The lastest version of bubei.tingshu-1.apk is  5.4.4  
Done processing bubei.tingshu-1.apk
Time Spent:   0 Days 0 Hours 0 Minutes 5 Seconds

============================================================================
3/81 Starting processing cmb.pb-1.apk ......
Getting apk info from https://play.google.com/store/apps/details?id=cmb.pb ......
Success to get info from Play Store
The lastest version of cmb.pb-1.apk is  3.3.0  
Done processing cmb.pb-1.apk
Time Spent:   0 Days 0 Hours 0 Minutes 8 Seconds

============================================================================
4/81 Starting processing cn.am321.android.am321-1.apk ......
Getting apk info from https://play.google.com/store/apps/details?id=cn.am321.android.am321 ......
[ERROR] : Cannot find info of cn.am321.android.am321-1.apk on https://play.google.com/store/apps/details?id=cn.am321.android.am321 !!!
Done processing cn.am321.android.am321-1.apk
Time Spent:   0 Days 0 Hours 0 Minutes 10 Seconds

============================================================================
5/81 Starting processing cn.com.sina.sports-1.apk ......
Getting apk info from https://play.google.com/store/apps/details?id=cn.com.sina.sports ......
Success to get info from Play Store
The lastest version of cn.com.sina.sports-1.apk is  2.5.1.8  
Done processing cn.com.sina.sports-1.apk
Time Spent:   0 Days 0 Hours 0 Minutes 13 Seconds

============================================================================
6/81 Starting processing cn.relian99-1.apk ......
Getting apk info from https://play.google.com/store/apps/details?id=cn.relian99 ......
[ERROR] : Cannot find info of cn.relian99-1.apk on https://play.google.com/store/apps/details?id=cn.relian99 !!!
Done processing cn.relian99-1.apk
Time Spent:   0 Days 0 Hours 0 Minutes 14 Seconds

============================================================================
7/81 Starting processing cn.shuangshuangfei-1.apk ......
Getting apk info from https://play.google.com/store/apps/details?id=cn.shuangshuangfei ......
[ERROR] : Cannot find info of cn.shuangshuangfei-1.apk on https://play.google.com/store/apps/details?id=cn.shuangshuangfei !!!
Done processing cn.shuangshuangfei-1.apk
Time Spent:   0 Days 0 Hours 0 Minutes 16 Seconds

============================================================================
8/81 Starting processing cn.xianglianai-1.apk ......
Getting apk info from https://play.google.com/store/apps/details?id=cn.xianglianai ......
[ERROR] : Cannot find info of cn.xianglianai-1.apk on https://play.google.com/store/apps/details?id=cn.xianglianai !!!
Done processing cn.xianglianai-1.apk
Time Spent:   0 Days 0 Hours 0 Minutes 17 Seconds

============================================================================
9/81 Starting processing com.DefiantDev.SkiSafari-1.apk ......
Getting apk info from https://play.google.com/store/apps/details?id=com.DefiantDev.SkiSafari ......
Success to get info from Play Store
The lastest version of com.DefiantDev.SkiSafari-1.apk is    Varies with device  
Done processing com.DefiantDev.SkiSafari-1.apk
Time Spent:   0 Days 0 Hours 0 Minutes 20 Seconds

============================================================================
10/81 Starting processing com.alibaba.android.babylon-1.apk ......
Getting apk info from https://play.google.com/store/apps/details?id=com.alibaba.android.babylon ......
Success to get info from Play Store
The lastest version of com.alibaba.android.babylon-1.apk is  6.0.0  
Done processing com.alibaba.android.babylon-1.apk
Time Spent:   0 Days 0 Hours 0 Minutes 25 Seconds

============================================================================
11/81 Starting processing com.alibaba.mobileim-1.apk ......
Getting apk info from https://play.google.com/store/apps/details?id=com.alibaba.mobileim ......
Success to get info from Play Store
The lastest version of com.alibaba.mobileim-1.apk is  3.7.5  
Done processing com.alibaba.mobileim-1.apk
Time Spent:   0 Days 0 Hours 0 Minutes 29 Seconds

============================================================================
12/81 Starting processing com.android.comicsisland.activity-1.apk ......
Getting apk info from https://play.google.com/store/apps/details?id=com.android.comicsisland.activity ......
[ERROR] : Cannot find info of com.android.comicsisland.activity-1.apk on https://play.google.com/store/apps/details?id=com.android.comicsisland.activity !!!
Done processing com.android.comicsisland.activity-1.apk
Time Spent:   0 Days 0 Hours 0 Minutes 31 Seconds

============================================================================
13/81 Starting processing com.anysoft.tyyd-1.apk ......
Getting apk info from https://play.google.com/store/apps/details?id=com.anysoft.tyyd ......
[ERROR] : Cannot find info of com.anysoft.tyyd-1.apk on https://play.google.com/store/apps/details?id=com.anysoft.tyyd !!!
Done processing com.anysoft.tyyd-1.apk
Time Spent:   0 Days 0 Hours 0 Minutes 32 Seconds

============================================================================
14/81 Starting processing com.baidu.searchbox-1.apk ......
Getting apk info from https://play.google.com/store/apps/details?id=com.baidu.searchbox ......
Success to get info from Play Store
The lastest version of com.baidu.searchbox-1.apk is  6.9.1  
Done processing com.baidu.searchbox-1.apk
Time Spent:   0 Days 0 Hours 0 Minutes 37 Seconds

============================================================================
15/81 Starting processing com.baozoumanhua.android-1.apk ......
Getting apk info from https://play.google.com/store/apps/details?id=com.baozoumanhua.android ......
Success to get info from Play Store
The lastest version of com.baozoumanhua.android-1.apk is    Varies with device  
Done processing com.baozoumanhua.android-1.apk
Time Spent:   0 Days 0 Hours 0 Minutes 39 Seconds

============================================================================
16/81 Starting processing com.bilin.huijiao.activity-1.apk ......
Getting apk info from https://play.google.com/store/apps/details?id=com.bilin.huijiao.activity ......
Success to get info from Play Store
The lastest version of com.bilin.huijiao.activity-1.apk is  3.7.3.1  
Done processing com.bilin.huijiao.activity-1.apk
Time Spent:   0 Days 0 Hours 0 Minutes 43 Seconds

============================================================================
17/81 Starting processing com.blackbean.paopao-1.apk ......
Getting apk info from https://play.google.com/store/apps/details?id=com.blackbean.paopao ......
Success to get info from Play Store
The lastest version of com.blackbean.paopao-1.apk is  1.0.5  
Done processing com.blackbean.paopao-1.apk
Time Spent:   0 Days 0 Hours 0 Minutes 46 Seconds

============================================================================
18/81 Starting processing com.blswycn.flashlight-1.apk ......
Getting apk info from https://play.google.com/store/apps/details?id=com.blswycn.flashlight ......
[ERROR] : Cannot find info of com.blswycn.flashlight-1.apk on https://play.google.com/store/apps/details?id=com.blswycn.flashlight !!!
Done processing com.blswycn.flashlight-1.apk
Time Spent:   0 Days 0 Hours 0 Minutes 47 Seconds

============================================================================
19/81 Starting processing com.centurysoft.fruityrobo-1.apk ......
Getting apk info from https://play.google.com/store/apps/details?id=com.centurysoft.fruityrobo ......
[ERROR] : Cannot find info of com.centurysoft.fruityrobo-1.apk on https://play.google.com/store/apps/details?id=com.centurysoft.fruityrobo !!!
Done processing com.centurysoft.fruityrobo-1.apk
Time Spent:   0 Days 0 Hours 0 Minutes 49 Seconds

============================================================================
20/81 Starting processing com.cleanmaster.mguard_cn-1.apk ......
Getting apk info from https://play.google.com/store/apps/details?id=com.cleanmaster.mguard_cn ......
[ERROR] : Cannot find info of com.cleanmaster.mguard_cn-1.apk on https://play.google.com/store/apps/details?id=com.cleanmaster.mguard_cn !!!
Done processing com.cleanmaster.mguard_cn-1.apk
Time Spent:   0 Days 0 Hours 0 Minutes 51 Seconds

============================================================================
21/81 Starting processing com.cubic.autohome-1.apk ......
Getting apk info from https://play.google.com/store/apps/details?id=com.cubic.autohome ......
Success to get info from Play Store
The lastest version of com.cubic.autohome-1.apk is  5.0.1  
Done processing com.cubic.autohome-1.apk
Time Spent:   0 Days 0 Hours 0 Minutes 55 Seconds

============================================================================
22/81 Starting processing com.cubic.choosecar-1.apk ......
Getting apk info from https://play.google.com/store/apps/details?id=com.cubic.choosecar ......
Success to get info from Play Store
The lastest version of com.cubic.choosecar-1.apk is  3.9.11  
Done processing com.cubic.choosecar-1.apk
Time Spent:   0 Days 0 Hours 0 Minutes 58 Seconds

============================================================================
23/81 Starting processing com.culiukeji.huanletao-1.apk ......
Getting apk info from https://play.google.com/store/apps/details?id=com.culiukeji.huanletao ......
[ERROR] : Cannot find info of com.culiukeji.huanletao-1.apk on https://play.google.com/store/apps/details?id=com.culiukeji.huanletao !!!
Done processing com.culiukeji.huanletao-1.apk
Time Spent:   0 Days 0 Hours 0 Minutes 59 Seconds

============================================================================
24/81 Starting processing com.dianxinos.dxhome-1.apk ......
Getting apk info from https://play.google.com/store/apps/details?id=com.dianxinos.dxhome ......
[ERROR] : Cannot find info of com.dianxinos.dxhome-1.apk on https://play.google.com/store/apps/details?id=com.dianxinos.dxhome !!!
Done processing com.dianxinos.dxhome-1.apk
Time Spent:   0 Days 0 Hours 1 Minutes 1 Seconds

============================================================================
25/81 Starting processing com.dianxinos.superuser-1.apk ......
Getting apk info from https://play.google.com/store/apps/details?id=com.dianxinos.superuser ......
[ERROR] : Cannot find info of com.dianxinos.superuser-1.apk on https://play.google.com/store/apps/details?id=com.dianxinos.superuser !!!
Done processing com.dianxinos.superuser-1.apk
Time Spent:   0 Days 0 Hours 1 Minutes 2 Seconds

============================================================================
26/81 Starting processing com.eg.android.AlipayGphone-1.apk ......
Getting apk info from https://play.google.com/store/apps/details?id=com.eg.android.AlipayGphone ......
[ERROR] : Cannot find info of com.eg.android.AlipayGphone-1.apk on https://play.google.com/store/apps/details?id=com.eg.android.AlipayGphone !!!
Done processing com.eg.android.AlipayGphone-1.apk
Time Spent:   0 Days 0 Hours 1 Minutes 4 Seconds

============================================================================
27/81 Starting processing com.erdo.android.FJDXCartoon-1.apk ......
Getting apk info from https://play.google.com/store/apps/details?id=com.erdo.android.FJDXCartoon ......
[ERROR] : Cannot find info of com.erdo.android.FJDXCartoon-1.apk on https://play.google.com/store/apps/details?id=com.erdo.android.FJDXCartoon !!!
Done processing com.erdo.android.FJDXCartoon-1.apk
Time Spent:   0 Days 0 Hours 1 Minutes 5 Seconds

============================================================================
28/81 Starting processing com.google.zxing.client.android-1.apk ......
Getting apk info from https://play.google.com/store/apps/details?id=com.google.zxing.client.android ......
Success to get info from Play Store
The lastest version of com.google.zxing.client.android-1.apk is    Varies with device  
Done processing com.google.zxing.client.android-1.apk
Time Spent:   0 Days 0 Hours 1 Minutes 10 Seconds

============================================================================
29/81 Starting processing com.gwsoft.imusic.controller-1.apk ......
Getting apk info from https://play.google.com/store/apps/details?id=com.gwsoft.imusic.controller ......
[ERROR] : Cannot find info of com.gwsoft.imusic.controller-1.apk on https://play.google.com/store/apps/details?id=com.gwsoft.imusic.controller !!!
Done processing com.gwsoft.imusic.controller-1.apk
Time Spent:   0 Days 0 Hours 1 Minutes 11 Seconds

============================================================================
30/81 Starting processing com.halfbrick.fruitninja-1.apk ......
Getting apk info from https://play.google.com/store/apps/details?id=com.halfbrick.fruitninja ......
Success to get info from Play Store
The lastest version of com.halfbrick.fruitninja-1.apk is  2.3.2  
Done processing com.halfbrick.fruitninja-1.apk
Time Spent:   0 Days 0 Hours 1 Minutes 16 Seconds

============================================================================
31/81 Starting processing com.haobao.wardrobe-1.apk ......
Getting apk info from https://play.google.com/store/apps/details?id=com.haobao.wardrobe ......
[ERROR] : Cannot find info of com.haobao.wardrobe-1.apk on https://play.google.com/store/apps/details?id=com.haobao.wardrobe !!!
Done processing com.haobao.wardrobe-1.apk
Time Spent:   0 Days 0 Hours 1 Minutes 18 Seconds

============================================================================
32/81 Starting processing com.hjwordgames-1.apk ......
Getting apk info from https://play.google.com/store/apps/details?id=com.hjwordgames ......
[ERROR] : Cannot find info of com.hjwordgames-1.apk on https://play.google.com/store/apps/details?id=com.hjwordgames !!!
Done processing com.hjwordgames-1.apk
Time Spent:   0 Days 0 Hours 1 Minutes 19 Seconds

============================================================================
33/81 Starting processing com.huizheng.lasq-1.apk ......
Getting apk info from https://play.google.com/store/apps/details?id=com.huizheng.lasq ......
[ERROR] : Cannot find info of com.huizheng.lasq-1.apk on https://play.google.com/store/apps/details?id=com.huizheng.lasq !!!
Done processing com.huizheng.lasq-1.apk
Time Spent:   0 Days 0 Hours 1 Minutes 20 Seconds

============================================================================
34/81 Starting processing com.icoolme.android.weather-1.apk ......
Getting apk info from https://play.google.com/store/apps/details?id=com.icoolme.android.weather ......
Success to get info from Play Store
The lastest version of com.icoolme.android.weather-1.apk is  3.02.013.20141214  
Done processing com.icoolme.android.weather-1.apk
Time Spent:   0 Days 0 Hours 1 Minutes 23 Seconds

============================================================================
35/81 Starting processing com.iflytek.cmcc-1.apk ......
Getting apk info from https://play.google.com/store/apps/details?id=com.iflytek.cmcc ......
[ERROR] : Cannot find info of com.iflytek.cmcc-1.apk on https://play.google.com/store/apps/details?id=com.iflytek.cmcc !!!
Done processing com.iflytek.cmcc-1.apk
Time Spent:   0 Days 0 Hours 1 Minutes 24 Seconds

============================================================================
36/81 Starting processing com.ijinshan.browser_fast-1.apk ......
Getting apk info from https://play.google.com/store/apps/details?id=com.ijinshan.browser_fast ......
Success to get info from Play Store
The lastest version of com.ijinshan.browser_fast-1.apk is  3.14.3  
Done processing com.ijinshan.browser_fast-1.apk
Time Spent:   0 Days 0 Hours 1 Minutes 28 Seconds

============================================================================
37/81 Starting processing com.imusic.iting-1.apk ......
Getting apk info from https://play.google.com/store/apps/details?id=com.imusic.iting ......
Success to get info from Play Store
The lastest version of com.imusic.iting-1.apk is  V2.007.003.696ctch1  
Done processing com.imusic.iting-1.apk
Time Spent:   0 Days 0 Hours 1 Minutes 32 Seconds

============================================================================
38/81 Starting processing com.instamag.activity-1.apk ......
Getting apk info from https://play.google.com/store/apps/details?id=com.instamag.activity ......
Success to get info from Play Store
The lastest version of com.instamag.activity-1.apk is  3.7  
Done processing com.instamag.activity-1.apk
Time Spent:   0 Days 0 Hours 1 Minutes 34 Seconds

============================================================================
39/81 Starting processing com.intsig.camscanner-1.apk ......
Getting apk info from https://play.google.com/store/apps/details?id=com.intsig.camscanner ......
Success to get info from Play Store
The lastest version of com.intsig.camscanner-1.apk is 
Done processing com.intsig.camscanner-1.apk
Time Spent:   0 Days 0 Hours 1 Minutes 37 Seconds

============================================================================
40/81 Starting processing com.jsmcc-1.apk ......
Getting apk info from https://play.google.com/store/apps/details?id=com.jsmcc ......
[ERROR] : Cannot find info of com.jsmcc-1.apk on https://play.google.com/store/apps/details?id=com.jsmcc !!!
Done processing com.jsmcc-1.apk
Time Spent:   0 Days 0 Hours 1 Minutes 38 Seconds

============================================================================
41/81 Starting processing com.lovebizhi.wallpaper-1.apk ......
Getting apk info from https://play.google.com/store/apps/details?id=com.lovebizhi.wallpaper ......
[ERROR] : Cannot find info of com.lovebizhi.wallpaper-1.apk on https://play.google.com/store/apps/details?id=com.lovebizhi.wallpaper !!!
Done processing com.lovebizhi.wallpaper-1.apk
Time Spent:   0 Days 0 Hours 1 Minutes 39 Seconds

============================================================================
42/81 Starting processing com.miniclip.angerofstick2-1.apk ......
Getting apk info from https://play.google.com/store/apps/details?id=com.miniclip.angerofstick2 ......
Success to get info from Play Store
The lastest version of com.miniclip.angerofstick2-1.apk is  1.1.2  
Done processing com.miniclip.angerofstick2-1.apk
Time Spent:   0 Days 0 Hours 1 Minutes 43 Seconds

============================================================================
43/81 Starting processing com.mygolbs.mybus-1.apk ......
Getting apk info from https://play.google.com/store/apps/details?id=com.mygolbs.mybus ......
[ERROR] : Cannot find info of com.mygolbs.mybus-1.apk on https://play.google.com/store/apps/details?id=com.mygolbs.mybus !!!
Done processing com.mygolbs.mybus-1.apk
Time Spent:   0 Days 0 Hours 1 Minutes 45 Seconds

============================================================================
44/81 Starting processing com.p1.mobile.putong-1.apk ......
Getting apk info from https://play.google.com/store/apps/details?id=com.p1.mobile.putong ......
Success to get info from Play Store
The lastest version of com.p1.mobile.putong-1.apk is  1.8.5  
Done processing com.p1.mobile.putong-1.apk
Time Spent:   0 Days 0 Hours 1 Minutes 49 Seconds

============================================================================
45/81 Starting processing com.pdragon.new2048-1.apk ......
Getting apk info from https://play.google.com/store/apps/details?id=com.pdragon.new2048 ......
[ERROR] : Cannot find info of com.pdragon.new2048-1.apk on https://play.google.com/store/apps/details?id=com.pdragon.new2048 !!!
Done processing com.pdragon.new2048-1.apk
Time Spent:   0 Days 0 Hours 1 Minutes 50 Seconds

============================================================================
46/81 Starting processing com.pfu.candy-1.apk ......
Getting apk info from https://play.google.com/store/apps/details?id=com.pfu.candy ......
[ERROR] : Cannot find info of com.pfu.candy-1.apk on https://play.google.com/store/apps/details?id=com.pfu.candy !!!
Done processing com.pfu.candy-1.apk
Time Spent:   0 Days 0 Hours 1 Minutes 52 Seconds

============================================================================
47/81 Starting processing com.pokercity.lobby-1.apk ......
Getting apk info from https://play.google.com/store/apps/details?id=com.pokercity.lobby ......
[ERROR] : Cannot find info of com.pokercity.lobby-1.apk on https://play.google.com/store/apps/details?id=com.pokercity.lobby !!!
Done processing com.pokercity.lobby-1.apk
Time Spent:   0 Days 0 Hours 1 Minutes 53 Seconds

============================================================================
48/81 Starting processing com.qiyi.video-1.apk ......
Getting apk info from https://play.google.com/store/apps/details?id=com.qiyi.video ......
[ERROR] : Cannot find info of com.qiyi.video-1.apk on https://play.google.com/store/apps/details?id=com.qiyi.video !!!
Done processing com.qiyi.video-1.apk
Time Spent:   0 Days 0 Hours 1 Minutes 55 Seconds

============================================================================
49/81 Starting processing com.sg.sledog-1.apk ......
Getting apk info from https://play.google.com/store/apps/details?id=com.sg.sledog ......
Success to get info from Play Store
The lastest version of com.sg.sledog-1.apk is  3.8.0.39757  
Done processing com.sg.sledog-1.apk
Time Spent:   0 Days 0 Hours 1 Minutes 59 Seconds

============================================================================
50/81 Starting processing com.sina.news-1.apk ......
Getting apk info from https://play.google.com/store/apps/details?id=com.sina.news ......
Success to get info from Play Store
The lastest version of com.sina.news-1.apk is  4.8.2  
Done processing com.sina.news-1.apk
Time Spent:   0 Days 0 Hours 2 Minutes 1 Seconds

============================================================================
51/81 Starting processing com.sina.show-1.apk ......
Getting apk info from https://play.google.com/store/apps/details?id=com.sina.show ......
Success to get info from Play Store
The lastest version of com.sina.show-1.apk is  2.9.6  
Done processing com.sina.show-1.apk
Time Spent:   0 Days 0 Hours 2 Minutes 5 Seconds

============================================================================
52/81 Starting processing com.sina.weibo-1.apk ......
Getting apk info from https://play.google.com/store/apps/details?id=com.sina.weibo ......
Success to get info from Play Store
The lastest version of com.sina.weibo-1.apk is  5.5.0  
Done processing com.sina.weibo-1.apk
Time Spent:   0 Days 0 Hours 2 Minutes 10 Seconds

============================================================================
53/81 Starting processing com.sogou.map.android.maps-1.apk ......
Getting apk info from https://play.google.com/store/apps/details?id=com.sogou.map.android.maps ......
Success to get info from Play Store
The lastest version of com.sogou.map.android.maps-1.apk is  5.1.0  
Done processing com.sogou.map.android.maps-1.apk
Time Spent:   0 Days 0 Hours 2 Minutes 14 Seconds

============================================================================
54/81 Starting processing com.sogou.novel-1.apk ......
Getting apk info from https://play.google.com/store/apps/details?id=com.sogou.novel ......
Success to get info from Play Store
The lastest version of com.sogou.novel-1.apk is  1.5.21  
Done processing com.sogou.novel-1.apk
Time Spent:   0 Days 0 Hours 2 Minutes 19 Seconds

============================================================================
55/81 Starting processing com.sohu.inputmethod.sogou-1.apk ......
Getting apk info from https://play.google.com/store/apps/details?id=com.sohu.inputmethod.sogou ......
Success to get info from Play Store
The lastest version of com.sohu.inputmethod.sogou-1.apk is  7.10  
Done processing com.sohu.inputmethod.sogou-1.apk
Time Spent:   0 Days 0 Hours 2 Minutes 23 Seconds

============================================================================
56/81 Starting processing com.sohu.newsclient-1.apk ......
Getting apk info from https://play.google.com/store/apps/details?id=com.sohu.newsclient ......
Success to get info from Play Store
The lastest version of com.sohu.newsclient-1.apk is  5.3.0  
Done processing com.sohu.newsclient-1.apk
Time Spent:   0 Days 0 Hours 2 Minutes 29 Seconds

============================================================================
57/81 Starting processing com.sohu.sohuvideo-1.apk ......
Getting apk info from https://play.google.com/store/apps/details?id=com.sohu.sohuvideo ......
Success to get info from Play Store
The lastest version of com.sohu.sohuvideo-1.apk is  4.3.5  
Done processing com.sohu.sohuvideo-1.apk
Time Spent:   0 Days 0 Hours 2 Minutes 33 Seconds

============================================================================
58/81 Starting processing com.soufun.app-1.apk ......
Getting apk info from https://play.google.com/store/apps/details?id=com.soufun.app ......
[ERROR] : Cannot find info of com.soufun.app-1.apk on https://play.google.com/store/apps/details?id=com.soufun.app !!!
Done processing com.soufun.app-1.apk
Time Spent:   0 Days 0 Hours 2 Minutes 35 Seconds

============================================================================
59/81 Starting processing com.storm.smart-1.apk ......
Getting apk info from https://play.google.com/store/apps/details?id=com.storm.smart ......
[ERROR] : Cannot find info of com.storm.smart-1.apk on https://play.google.com/store/apps/details?id=com.storm.smart !!!
Done processing com.storm.smart-1.apk
Time Spent:   0 Days 0 Hours 2 Minutes 37 Seconds

============================================================================
60/81 Starting processing com.taobao.apad-1.apk ......
Getting apk info from https://play.google.com/store/apps/details?id=com.taobao.apad ......
Success to get info from Play Store
The lastest version of com.taobao.apad-1.apk is  2.6.4  
Done processing com.taobao.apad-1.apk
Time Spent:   0 Days 0 Hours 2 Minutes 44 Seconds

============================================================================
61/81 Starting processing com.telecom.video.ikan4g-1.apk ......
Getting apk info from https://play.google.com/store/apps/details?id=com.telecom.video.ikan4g ......
[ERROR] : Cannot find info of com.telecom.video.ikan4g-1.apk on https://play.google.com/store/apps/details?id=com.telecom.video.ikan4g !!!
Done processing com.telecom.video.ikan4g-1.apk
Time Spent:   0 Days 0 Hours 2 Minutes 45 Seconds

============================================================================
62/81 Starting processing com.tuan800.tao800-1.apk ......
Getting apk info from https://play.google.com/store/apps/details?id=com.tuan800.tao800 ......
Success to get info from Play Store
The lastest version of com.tuan800.tao800-1.apk is  3.6.2  
Done processing com.tuan800.tao800-1.apk
Time Spent:   0 Days 0 Hours 2 Minutes 49 Seconds

============================================================================
63/81 Starting processing com.uu.uunavi-1.apk ......
Getting apk info from https://play.google.com/store/apps/details?id=com.uu.uunavi ......
Success to get info from Play Store
The lastest version of com.uu.uunavi-1.apk is  2.3.33.1  
Done processing com.uu.uunavi-1.apk
Time Spent:   0 Days 0 Hours 2 Minutes 53 Seconds

============================================================================
64/81 Starting processing com.wacai365-1.apk ......
Getting apk info from https://play.google.com/store/apps/details?id=com.wacai365 ......
Success to get info from Play Store
The lastest version of com.wacai365-1.apk is  10.1.3.1  
Done processing com.wacai365-1.apk
Time Spent:   0 Days 0 Hours 2 Minutes 57 Seconds

============================================================================
65/81 Starting processing com.wochacha-1.apk ......
Getting apk info from https://play.google.com/store/apps/details?id=com.wochacha ......
[ERROR] : Cannot find info of com.wochacha-1.apk on https://play.google.com/store/apps/details?id=com.wochacha !!!
Done processing com.wochacha-1.apk
Time Spent:   0 Days 0 Hours 2 Minutes 59 Seconds

============================================================================
66/81 Starting processing com.yiche.price-1.apk ......
Getting apk info from https://play.google.com/store/apps/details?id=com.yiche.price ......
[ERROR] : Cannot find info of com.yiche.price-1.apk on https://play.google.com/store/apps/details?id=com.yiche.price !!!
Done processing com.yiche.price-1.apk
Time Spent:   0 Days 0 Hours 3 Minutes 0 Seconds

============================================================================
67/81 Starting processing com.yipiao-1.apk ......
Getting apk info from https://play.google.com/store/apps/details?id=com.yipiao ......
Success to get info from Play Store
The lastest version of com.yipiao-1.apk is  2.6.3  
Done processing com.yipiao-1.apk
Time Spent:   0 Days 0 Hours 3 Minutes 5 Seconds

============================================================================
68/81 Starting processing com.youdao.note-1.apk ......
Getting apk info from https://play.google.com/store/apps/details?id=com.youdao.note ......
Success to get info from Play Store
The lastest version of com.youdao.note-1.apk is  4.6.1  
Done processing com.youdao.note-1.apk
Time Spent:   0 Days 0 Hours 3 Minutes 10 Seconds

============================================================================
69/81 Starting processing com.youyuan.yyhl-1.apk ......
Getting apk info from https://play.google.com/store/apps/details?id=com.youyuan.yyhl ......
[ERROR] : Cannot find info of com.youyuan.yyhl-1.apk on https://play.google.com/store/apps/details?id=com.youyuan.yyhl !!!
Done processing com.youyuan.yyhl-1.apk
Time Spent:   0 Days 0 Hours 3 Minutes 11 Seconds

============================================================================
70/81 Starting processing com.yx-1.apk ......
Getting apk info from https://play.google.com/store/apps/details?id=com.yx ......
[ERROR] : Cannot find info of com.yx-1.apk on https://play.google.com/store/apps/details?id=com.yx !!!
Done processing com.yx-1.apk
Time Spent:   0 Days 0 Hours 3 Minutes 13 Seconds

============================================================================
71/81 Starting processing com.zdworks.android.zdclock-1.apk ......
Getting apk info from https://play.google.com/store/apps/details?id=com.zdworks.android.zdclock ......
Success to get info from Play Store
The lastest version of com.zdworks.android.zdclock-1.apk is  4.9.552  
Done processing com.zdworks.android.zdclock-1.apk
Time Spent:   0 Days 0 Hours 3 Minutes 16 Seconds

============================================================================
72/81 Starting processing com.zte.heartyservice-1.apk ......
Getting apk info from https://play.google.com/store/apps/details?id=com.zte.heartyservice ......
Success to get info from Play Store
The lastest version of com.zte.heartyservice-1.apk is  1.0.0  
Done processing com.zte.heartyservice-1.apk
Time Spent:   0 Days 0 Hours 3 Minutes 20 Seconds

============================================================================
73/81 Starting processing com.zzenglish.client-1.apk ......
Getting apk info from https://play.google.com/store/apps/details?id=com.zzenglish.client ......
Success to get info from Play Store
The lastest version of com.zzenglish.client-1.apk is  3.3.2.140627  
Done processing com.zzenglish.client-1.apk
Time Spent:   0 Days 0 Hours 3 Minutes 24 Seconds

============================================================================
74/81 Starting processing ctrip.android.view-1.apk ......
Getting apk info from https://play.google.com/store/apps/details?id=ctrip.android.view ......
Success to get info from Play Store
The lastest version of ctrip.android.view-1.apk is  6.10.0  
Done processing ctrip.android.view-1.apk
Time Spent:   0 Days 0 Hours 3 Minutes 27 Seconds

============================================================================
75/81 Starting processing dopool.player-1.apk ......
Getting apk info from https://play.google.com/store/apps/details?id=dopool.player ......
[ERROR] : Cannot find info of dopool.player-1.apk on https://play.google.com/store/apps/details?id=dopool.player !!!
Done processing dopool.player-1.apk
Time Spent:   0 Days 0 Hours 3 Minutes 29 Seconds

============================================================================
76/81 Starting processing im.yixin-1.apk ......
Getting apk info from https://play.google.com/store/apps/details?id=im.yixin ......
Success to get info from Play Store
The lastest version of im.yixin-1.apk is  4.0.0  
Done processing im.yixin-1.apk
Time Spent:   0 Days 0 Hours 3 Minutes 34 Seconds

============================================================================
77/81 Starting processing me.chunyu.ChunyuDoctor-1.apk ......
Getting apk info from https://play.google.com/store/apps/details?id=me.chunyu.ChunyuDoctor ......
Success to get info from Play Store
The lastest version of me.chunyu.ChunyuDoctor-1.apk is  7.4.0  
Done processing me.chunyu.ChunyuDoctor-1.apk
Time Spent:   0 Days 0 Hours 3 Minutes 37 Seconds

============================================================================
78/81 Starting processing mobi.thinkchange.android.fingerscannercn-1.apk ......
Getting apk info from https://play.google.com/store/apps/details?id=mobi.thinkchange.android.fingerscannercn ......
[ERROR] : Cannot find info of mobi.thinkchange.android.fingerscannercn-1.apk on https://play.google.com/store/apps/details?id=mobi.thinkchange.android.fingerscannercn !!!
Done processing mobi.thinkchange.android.fingerscannercn-1.apk
Time Spent:   0 Days 0 Hours 3 Minutes 39 Seconds

============================================================================
79/81 Starting processing net.hybz-1.apk ......
Getting apk info from https://play.google.com/store/apps/details?id=net.hybz ......
Success to get info from Play Store
The lastest version of net.hybz-1.apk is  10.1.3  
Done processing net.hybz-1.apk
Time Spent:   0 Days 0 Hours 3 Minutes 42 Seconds

============================================================================
80/81 Starting processing telecom.mdesk-1.apk ......
Getting apk info from https://play.google.com/store/apps/details?id=telecom.mdesk ......
[ERROR] : Cannot find info of telecom.mdesk-1.apk on https://play.google.com/store/apps/details?id=telecom.mdesk !!!
Done processing telecom.mdesk-1.apk
Time Spent:   0 Days 0 Hours 3 Minutes 44 Seconds

============================================================================
81/81 Starting processing tv.pps.mobile-1.apk ......
Getting apk info from https://play.google.com/store/apps/details?id=tv.pps.mobile ......
Success to get info from Play Store
The lastest version of tv.pps.mobile-1.apk is  4.5.1  
Done processing tv.pps.mobile-1.apk
Time Spent:   0 Days 0 Hours 3 Minutes 48 Seconds

============================================================================


**************************************************************
All Done
Total Time:   0 Days 0 Hours 3 Minutes 48 Seconds
Result Location:               /home/Git-Apk/code_resource/script_hooks/scan_apk/scan_apk_version/results/AppInfo_2015-11-13-10-15-34.csv
**************************************************************
