Start processing app in list /home/Git-Apk/Updated_list from /home/Git-Apk/All_Apk  ......

============================================================================
1/9 Starting processing com.casino.slotpharaoh-1.apk ......
Getting apk info from https://play.google.com/store/apps/details?id=com.casino.slotpharaoh ......
Success to get info from Play Store
The lastest version of com.casino.slotpharaoh-1.apk is  1.0.4  
Done processing com.casino.slotpharaoh-1.apk
Time Spent:   0 Days 0 Hours 0 Minutes 3 Seconds

============================================================================
2/9 Starting processing com.directv.dvrscheduler-1.apk ......
Getting apk info from https://play.google.com/store/apps/details?id=com.directv.dvrscheduler ......
Success to get info from Play Store
The lastest version of com.directv.dvrscheduler-1.apk is  4.3.107  
Done processing com.directv.dvrscheduler-1.apk
Time Spent:   0 Days 0 Hours 0 Minutes 7 Seconds

============================================================================
3/9 Starting processing com.fotoable.fotobeauty-1.apk ......
Getting apk info from https://play.google.com/store/apps/details?id=com.fotoable.fotobeauty ......
Success to get info from Play Store
The lastest version of com.fotoable.fotobeauty-1.apk is  3.8.3  
Done processing com.fotoable.fotobeauty-1.apk
Time Spent:   0 Days 0 Hours 0 Minutes 11 Seconds

============================================================================
4/9 Starting processing com.halo.wifikey.wifilocating-1.apk ......
Getting apk info from https://play.google.com/store/apps/details?id=com.halo.wifikey.wifilocating ......
Success to get info from Play Store
The lastest version of com.halo.wifikey.wifilocating-1.apk is  4.0.10  
Done processing com.halo.wifikey.wifilocating-1.apk
Time Spent:   0 Days 0 Hours 0 Minutes 15 Seconds

============================================================================
5/9 Starting processing com.lionmobi.powerclean-1.apk ......
Getting apk info from https://play.google.com/store/apps/details?id=com.lionmobi.powerclean ......
Success to get info from Play Store
The lastest version of com.lionmobi.powerclean-1.apk is  2.7.18  
Done processing com.lionmobi.powerclean-1.apk
Time Spent:   0 Days 0 Hours 0 Minutes 18 Seconds

============================================================================
6/9 Starting processing com.locojoy.buriedtown-1.apk ......
Getting apk info from https://play.google.com/store/apps/details?id=com.locojoy.buriedtown ......
Success to get info from Play Store
The lastest version of com.locojoy.buriedtown-1.apk is  1.1.16  
Done processing com.locojoy.buriedtown-1.apk
Time Spent:   0 Days 0 Hours 0 Minutes 22 Seconds

============================================================================
7/9 Starting processing com.qihoo.security.lite-1.apk ......
Getting apk info from https://play.google.com/store/apps/details?id=com.qihoo.security.lite ......
Success to get info from Play Store
The lastest version of com.qihoo.security.lite-1.apk is  1.1.3  
Done processing com.qihoo.security.lite-1.apk
Time Spent:   0 Days 0 Hours 0 Minutes 28 Seconds

============================================================================
8/9 Starting processing com.spacegame.solitaire1-1.apk ......
Getting apk info from https://play.google.com/store/apps/details?id=com.spacegame.solitaire1 ......
Success to get info from Play Store
The lastest version of com.spacegame.solitaire1-1.apk is  1.3.2  
Done processing com.spacegame.solitaire1-1.apk
Time Spent:   0 Days 0 Hours 0 Minutes 33 Seconds

============================================================================
9/9 Starting processing com.ubercab-1.apk ......
Getting apk info from https://play.google.com/store/apps/details?id=com.ubercab ......
Success to get info from Play Store
The lastest version of com.ubercab-1.apk is  3.82.3  
Done processing com.ubercab-1.apk
Time Spent:   0 Days 0 Hours 0 Minutes 36 Seconds

============================================================================


**************************************************************
All Done
Total Time:   0 Days 0 Hours 0 Minutes 36 Seconds
Result Location:               /home/Git-Apk/code_resource/script_hooks/scan_apk/scan_apk_version/results/AppInfo_2015-12-30-14-34-50.csv
**************************************************************
