Start processing app in list /home/Git-Apk/Updated_list from /home/Git-Apk/ARM-V8  ......

============================================================================
1/132 Starting processing com.NoonDate-1.apk ......
Getting apk info from https://play.google.com/store/apps/details?id=com.NoonDate ......
Success to get info from Play Store
The lastest version of com.NoonDate-1.apk is  3.045  
Done processing com.NoonDate-1.apk
Time Spent:   0 Days 0 Hours 0 Minutes 3 Seconds

============================================================================
2/132 Starting processing com.PrankRiot-1.apk ......
Getting apk info from https://play.google.com/store/apps/details?id=com.PrankRiot ......
Success to get info from Play Store
The lastest version of com.PrankRiot-1.apk is    Varies with device  
Done processing com.PrankRiot-1.apk
Time Spent:   0 Days 0 Hours 0 Minutes 7 Seconds

============================================================================
3/132 Starting processing com.RITLLC.HUDWAY-1.apk ......
Getting apk info from https://play.google.com/store/apps/details?id=com.RITLLC.HUDWAY ......
Success to get info from Play Store
The lastest version of com.RITLLC.HUDWAY-1.apk is  1.5.3  
Done processing com.RITLLC.HUDWAY-1.apk
Time Spent:   0 Days 0 Hours 0 Minutes 9 Seconds

============================================================================
4/132 Starting processing com.ShpagaGames.GoblinDefenders2GP-1.apk ......
Getting apk info from https://play.google.com/store/apps/details?id=com.ShpagaGames.GoblinDefenders2GP ......
Success to get info from Play Store
The lastest version of com.ShpagaGames.GoblinDefenders2GP-1.apk is 
Done processing com.ShpagaGames.GoblinDefenders2GP-1.apk
Time Spent:   0 Days 0 Hours 0 Minutes 11 Seconds

============================================================================
5/132 Starting processing com.WhistlePhoneLocator-1.apk ......
Getting apk info from https://play.google.com/store/apps/details?id=com.WhistlePhoneLocator ......
Success to get info from Play Store
The lastest version of com.WhistlePhoneLocator-1.apk is  4.17  
Done processing com.WhistlePhoneLocator-1.apk
Time Spent:   0 Days 0 Hours 0 Minutes 13 Seconds

============================================================================
6/132 Starting processing com.news.on-1.apk ......
Getting apk info from https://play.google.com/store/apps/details?id=com.news.on ......
Success to get info from Play Store
The lastest version of com.news.on-1.apk is  2.47  
Done processing com.news.on-1.apk
Time Spent:   0 Days 0 Hours 0 Minutes 15 Seconds

============================================================================
7/132 Starting processing com.newsroom.bulgaria-1.apk ......
Getting apk info from https://play.google.com/store/apps/details?id=com.newsroom.bulgaria ......
Success to get info from Play Store
The lastest version of com.newsroom.bulgaria-1.apk is  2.3.6  
Done processing com.newsroom.bulgaria-1.apk
Time Spent:   0 Days 0 Hours 0 Minutes 17 Seconds

============================================================================
8/132 Starting processing com.nextmedia-1.apk ......
Getting apk info from https://play.google.com/store/apps/details?id=com.nextmedia ......
Success to get info from Play Store
The lastest version of com.nextmedia-1.apk is  3.1.23  
Done processing com.nextmedia-1.apk
Time Spent:   0 Days 0 Hours 0 Minutes 18 Seconds

============================================================================
9/132 Starting processing com.nhn.android.blog-1.apk ......
Getting apk info from https://play.google.com/store/apps/details?id=com.nhn.android.blog ......
Success to get info from Play Store
The lastest version of com.nhn.android.blog-1.apk is    Varies with device  
Done processing com.nhn.android.blog-1.apk
Time Spent:   0 Days 0 Hours 0 Minutes 21 Seconds

============================================================================
10/132 Starting processing com.ninegag.android.app-1.apk ......
Getting apk info from https://play.google.com/store/apps/details?id=com.ninegag.android.app ......
Success to get info from Play Store
The lastest version of com.ninegag.android.app-1.apk is    Varies with device  
Done processing com.ninegag.android.app-1.apk
Time Spent:   0 Days 0 Hours 0 Minutes 22 Seconds

============================================================================
11/132 Starting processing com.nll.asr-1.apk ......
Getting apk info from https://play.google.com/store/apps/details?id=com.nll.asr ......
Success to get info from Play Store
The lastest version of com.nll.asr-1.apk is  53  
Done processing com.nll.asr-1.apk
Time Spent:   0 Days 0 Hours 0 Minutes 24 Seconds

============================================================================
12/132 Starting processing com.nomoc.colorwolf-1.apk ......
Getting apk info from https://play.google.com/store/apps/details?id=com.nomoc.colorwolf ......
Success to get info from Play Store
The lastest version of com.nomoc.colorwolf-1.apk is  1.4  
Done processing com.nomoc.colorwolf-1.apk
Time Spent:   0 Days 0 Hours 0 Minutes 26 Seconds

============================================================================
13/132 Starting processing com.novapontocom.casasbahia-1.apk ......
Getting apk info from https://play.google.com/store/apps/details?id=com.novapontocom.casasbahia ......
Success to get info from Play Store
The lastest version of com.novapontocom.casasbahia-1.apk is    Varies with device  
Done processing com.novapontocom.casasbahia-1.apk
Time Spent:   0 Days 0 Hours 0 Minutes 28 Seconds

============================================================================
14/132 Starting processing com.nttbp.jfw-1.apk ......
Getting apk info from https://play.google.com/store/apps/details?id=com.nttbp.jfw ......
Success to get info from Play Store
The lastest version of com.nttbp.jfw-1.apk is  1.11.0  
Done processing com.nttbp.jfw-1.apk
Time Spent:   0 Days 0 Hours 0 Minutes 30 Seconds

============================================================================
15/132 Starting processing com.nubleer.android-1.apk ......
Getting apk info from https://play.google.com/store/apps/details?id=com.nubleer.android ......
Success to get info from Play Store
The lastest version of com.nubleer.android-1.apk is  1.5.7  
Done processing com.nubleer.android-1.apk
Time Spent:   0 Days 0 Hours 0 Minutes 32 Seconds

============================================================================
16/132 Starting processing com.nzn.tdg-1.apk ......
Getting apk info from https://play.google.com/store/apps/details?id=com.nzn.tdg ......
Success to get info from Play Store
The lastest version of com.nzn.tdg-1.apk is    Varies with device  
Done processing com.nzn.tdg-1.apk
Time Spent:   0 Days 0 Hours 0 Minutes 34 Seconds

============================================================================
17/132 Starting processing com.odeskarab.yemenews-1.apk ......
Getting apk info from https://play.google.com/store/apps/details?id=com.odeskarab.yemenews ......
Success to get info from Play Store
The lastest version of com.odeskarab.yemenews-1.apk is  1.0  
Done processing com.odeskarab.yemenews-1.apk
Time Spent:   0 Days 0 Hours 0 Minutes 36 Seconds

============================================================================
18/132 Starting processing com.offerup-1.apk ......
Getting apk info from https://play.google.com/store/apps/details?id=com.offerup ......
Success to get info from Play Store
The lastest version of com.offerup-1.apk is    Varies with device  
Done processing com.offerup-1.apk
Time Spent:   0 Days 0 Hours 0 Minutes 38 Seconds

============================================================================
19/132 Starting processing com.onenewsnow.app-1.apk ......
Getting apk info from https://play.google.com/store/apps/details?id=com.onenewsnow.app ......
Success to get info from Play Store
The lastest version of com.onenewsnow.app-1.apk is  2.0.4  
Done processing com.onenewsnow.app-1.apk
Time Spent:   0 Days 0 Hours 0 Minutes 40 Seconds

============================================================================
20/132 Starting processing com.openbusiness.Business_calculations_rus-1.apk ......
Getting apk info from https://play.google.com/store/apps/details?id=com.openbusiness.Business_calculations_rus ......
Success to get info from Play Store
The lastest version of com.openbusiness.Business_calculations_rus-1.apk is  2.01  
Done processing com.openbusiness.Business_calculations_rus-1.apk
Time Spent:   0 Days 0 Hours 0 Minutes 42 Seconds

============================================================================
21/132 Starting processing com.opentecheng.paginegialle.dream-1.apk ......
Getting apk info from https://play.google.com/store/apps/details?id=com.opentecheng.paginegialle.dream ......
Success to get info from Play Store
The lastest version of com.opentecheng.paginegialle.dream-1.apk is  4.4.0  
Done processing com.opentecheng.paginegialle.dream-1.apk
Time Spent:   0 Days 0 Hours 0 Minutes 44 Seconds

============================================================================
22/132 Starting processing com.orbitz-1.apk ......
Getting apk info from https://play.google.com/store/apps/details?id=com.orbitz ......
Success to get info from Play Store
The lastest version of com.orbitz-1.apk is    Varies with device  
Done processing com.orbitz-1.apk
Time Spent:   0 Days 0 Hours 0 Minutes 46 Seconds

============================================================================
23/132 Starting processing com.oryza.myairquality-1.apk ......
Getting apk info from https://play.google.com/store/apps/details?id=com.oryza.myairquality ......
Success to get info from Play Store
The lastest version of com.oryza.myairquality-1.apk is  1.3.5  
Done processing com.oryza.myairquality-1.apk
Time Spent:   0 Days 0 Hours 0 Minutes 47 Seconds

============================================================================
24/132 Starting processing com.oshare.app-1.apk ......
Getting apk info from https://play.google.com/store/apps/details?id=com.oshare.app ......
Success to get info from Play Store
The lastest version of com.oshare.app-1.apk is  2.10.1  
Done processing com.oshare.app-1.apk
Time Spent:   0 Days 0 Hours 0 Minutes 50 Seconds

============================================================================
25/132 Starting processing com.osolve.part-1.apk ......
Getting apk info from https://play.google.com/store/apps/details?id=com.osolve.part ......
Success to get info from Play Store
The lastest version of com.osolve.part-1.apk is  1.1.73  
Done processing com.osolve.part-1.apk
Time Spent:   0 Days 0 Hours 0 Minutes 51 Seconds

============================================================================
26/132 Starting processing com.paktor-1.apk ......
Getting apk info from https://play.google.com/store/apps/details?id=com.paktor ......
Success to get info from Play Store
The lastest version of com.paktor-1.apk is    Varies with device  
Done processing com.paktor-1.apk
Time Spent:   0 Days 0 Hours 0 Minutes 53 Seconds

============================================================================
27/132 Starting processing com.peatix.android.Azuki-1.apk ......
Getting apk info from https://play.google.com/store/apps/details?id=com.peatix.android.Azuki ......
Success to get info from Play Store
The lastest version of com.peatix.android.Azuki-1.apk is  2.0.45  
Done processing com.peatix.android.Azuki-1.apk
Time Spent:   0 Days 0 Hours 0 Minutes 55 Seconds

============================================================================
28/132 Starting processing com.perk.scratchandwin.aphone-1.apk ......
Getting apk info from https://play.google.com/store/apps/details?id=com.perk.scratchandwin.aphone ......
Success to get info from Play Store
The lastest version of com.perk.scratchandwin.aphone-1.apk is  1.5.8  
Done processing com.perk.scratchandwin.aphone-1.apk
Time Spent:   0 Days 0 Hours 0 Minutes 57 Seconds

============================================================================
29/132 Starting processing com.photocraftminecrafteffects2-1.apk ......
Getting apk info from https://play.google.com/store/apps/details?id=com.photocraftminecrafteffects2 ......
Success to get info from Play Store
The lastest version of com.photocraftminecrafteffects2-1.apk is  1.0  
Done processing com.photocraftminecrafteffects2-1.apk
Time Spent:   0 Days 0 Hours 0 Minutes 59 Seconds

============================================================================
30/132 Starting processing com.phyora.apps.reddit_now-1.apk ......
Getting apk info from https://play.google.com/store/apps/details?id=com.phyora.apps.reddit_now ......
Success to get info from Play Store
The lastest version of com.phyora.apps.reddit_now-1.apk is    Varies with device  
Done processing com.phyora.apps.reddit_now-1.apk
Time Spent:   0 Days 0 Hours 1 Minutes 2 Seconds

============================================================================
31/132 Starting processing com.pingtank.fbmessenger-1.apk ......
Getting apk info from https://play.google.com/store/apps/details?id=com.pingtank.fbmessenger ......
Success to get info from Play Store
The lastest version of com.pingtank.fbmessenger-1.apk is  1.3  
Done processing com.pingtank.fbmessenger-1.apk
Time Spent:   0 Days 0 Hours 1 Minutes 4 Seconds

============================================================================
32/132 Starting processing com.pinkfroot.planefinder-1.apk ......
Getting apk info from https://play.google.com/store/apps/details?id=com.pinkfroot.planefinder ......
Success to get info from Play Store
The lastest version of com.pinkfroot.planefinder-1.apk is    Varies with device  
Done processing com.pinkfroot.planefinder-1.apk
Time Spent:   0 Days 0 Hours 1 Minutes 7 Seconds

============================================================================
33/132 Starting processing com.pixign.premiumwallpapers-1.apk ......
Getting apk info from https://play.google.com/store/apps/details?id=com.pixign.premiumwallpapers ......
Success to get info from Play Store
The lastest version of com.pixign.premiumwallpapers-1.apk is  4.3.2  
Done processing com.pixign.premiumwallpapers-1.apk
Time Spent:   0 Days 0 Hours 1 Minutes 10 Seconds

============================================================================
34/132 Starting processing com.pixwords-1.apk ......
Getting apk info from https://play.google.com/store/apps/details?id=com.pixwords ......
Success to get info from Play Store
The lastest version of com.pixwords-1.apk is  1.75  
Done processing com.pixwords-1.apk
Time Spent:   0 Days 0 Hours 1 Minutes 12 Seconds

============================================================================
35/132 Starting processing com.plokia.ClassUp-1.apk ......
Getting apk info from https://play.google.com/store/apps/details?id=com.plokia.ClassUp ......
Success to get info from Play Store
The lastest version of com.plokia.ClassUp-1.apk is  5.6.0  
Done processing com.plokia.ClassUp-1.apk
Time Spent:   0 Days 0 Hours 1 Minutes 15 Seconds

============================================================================
36/132 Starting processing com.poker.clubs.wallpapers.cute.anime.girl-1.apk ......
Getting apk info from https://play.google.com/store/apps/details?id=com.poker.clubs.wallpapers.cute.anime.girl ......
Success to get info from Play Store
The lastest version of com.poker.clubs.wallpapers.cute.anime.girl-1.apk is  1.0  
Done processing com.poker.clubs.wallpapers.cute.anime.girl-1.apk
Time Spent:   0 Days 0 Hours 1 Minutes 17 Seconds

============================================================================
37/132 Starting processing com.polyglotmobile.vkontakte-1.apk ......
Getting apk info from https://play.google.com/store/apps/details?id=com.polyglotmobile.vkontakte ......
Success to get info from Play Store
The lastest version of com.polyglotmobile.vkontakte-1.apk is  2.08  
Done processing com.polyglotmobile.vkontakte-1.apk
Time Spent:   0 Days 0 Hours 1 Minutes 20 Seconds

============================================================================
38/132 Starting processing com.pomotodo-1.apk ......
Getting apk info from https://play.google.com/store/apps/details?id=com.pomotodo ......
Success to get info from Play Store
The lastest version of com.pomotodo-1.apk is  1.15  
Done processing com.pomotodo-1.apk
Time Spent:   0 Days 0 Hours 1 Minutes 22 Seconds

============================================================================
39/132 Starting processing com.primatelabs.geekbench-1.apk ......
Getting apk info from https://play.google.com/store/apps/details?id=com.primatelabs.geekbench ......
Success to get info from Play Store
The lastest version of com.primatelabs.geekbench-1.apk is  3.3.2  
Done processing com.primatelabs.geekbench-1.apk
Time Spent:   0 Days 0 Hours 1 Minutes 25 Seconds

============================================================================
40/132 Starting processing com.protrade.sportacular-1.apk ......
Getting apk info from https://play.google.com/store/apps/details?id=com.protrade.sportacular ......
Success to get info from Play Store
The lastest version of com.protrade.sportacular-1.apk is    Varies with device  
Done processing com.protrade.sportacular-1.apk
Time Spent:   0 Days 0 Hours 1 Minutes 28 Seconds

============================================================================
41/132 Starting processing com.ps.bt-1.apk ......
Getting apk info from https://play.google.com/store/apps/details?id=com.ps.bt ......
Success to get info from Play Store
The lastest version of com.ps.bt-1.apk is  3.3.3  
Done processing com.ps.bt-1.apk
Time Spent:   0 Days 0 Hours 1 Minutes 30 Seconds

============================================================================
42/132 Starting processing com.publicfeed.android-1.apk ......
Getting apk info from https://play.google.com/store/apps/details?id=com.publicfeed.android ......
Success to get info from Play Store
The lastest version of com.publicfeed.android-1.apk is  1.122  
Done processing com.publicfeed.android-1.apk
Time Spent:   0 Days 0 Hours 1 Minutes 33 Seconds

============================================================================
43/132 Starting processing com.puzzlesocial-1.apk ......
Getting apk info from https://play.google.com/store/apps/details?id=com.puzzlesocial ......
Success to get info from Play Store
The lastest version of com.puzzlesocial-1.apk is  4.11  
Done processing com.puzzlesocial-1.apk
Time Spent:   0 Days 0 Hours 1 Minutes 35 Seconds

============================================================================
44/132 Starting processing com.quapoo.ligaportalUnterhausLiveTicker-1.apk ......
Getting apk info from https://play.google.com/store/apps/details?id=com.quapoo.ligaportalUnterhausLiveTicker ......
Success to get info from Play Store
The lastest version of com.quapoo.ligaportalUnterhausLiveTicker-1.apk is    Varies with device  
Done processing com.quapoo.ligaportalUnterhausLiveTicker-1.apk
Time Spent:   0 Days 0 Hours 1 Minutes 37 Seconds

============================================================================
45/132 Starting processing com.qxmd.calculate-1.apk ......
Getting apk info from https://play.google.com/store/apps/details?id=com.qxmd.calculate ......
Success to get info from Play Store
The lastest version of com.qxmd.calculate-1.apk is    Varies with device  
Done processing com.qxmd.calculate-1.apk
Time Spent:   0 Days 0 Hours 1 Minutes 40 Seconds

============================================================================
46/132 Starting processing com.radiofrance.radio.francebleu.android-1.apk ......
Getting apk info from https://play.google.com/store/apps/details?id=com.radiofrance.radio.francebleu.android ......
Success to get info from Play Store
The lastest version of com.radiofrance.radio.francebleu.android-1.apk is  4.1.0  
Done processing com.radiofrance.radio.francebleu.android-1.apk
Time Spent:   0 Days 0 Hours 1 Minutes 42 Seconds

============================================================================
47/132 Starting processing com.riffsy.FBMGIFApp-1.apk ......
Getting apk info from https://play.google.com/store/apps/details?id=com.riffsy.FBMGIFApp ......
Success to get info from Play Store
The lastest version of com.riffsy.FBMGIFApp-1.apk is  1.7.22  
Done processing com.riffsy.FBMGIFApp-1.apk
Time Spent:   0 Days 0 Hours 1 Minutes 45 Seconds

============================================================================
48/132 Starting processing com.roamingsoft.manager-1.apk ......
Getting apk info from https://play.google.com/store/apps/details?id=com.roamingsoft.manager ......
Success to get info from Play Store
The lastest version of com.roamingsoft.manager-1.apk is  1.5.8.1  
Done processing com.roamingsoft.manager-1.apk
Time Spent:   0 Days 0 Hours 1 Minutes 47 Seconds

============================================================================
49/132 Starting processing com.royin.readandwrite-1.apk ......
Getting apk info from https://play.google.com/store/apps/details?id=com.royin.readandwrite ......
Success to get info from Play Store
The lastest version of com.royin.readandwrite-1.apk is  1.0.10  
Done processing com.royin.readandwrite-1.apk
Time Spent:   0 Days 0 Hours 1 Minutes 49 Seconds

============================================================================
50/132 Starting processing com.ryanair.cheapflights-1.apk ......
Getting apk info from https://play.google.com/store/apps/details?id=com.ryanair.cheapflights ......
Success to get info from Play Store
The lastest version of com.ryanair.cheapflights-1.apk is  3.8  
Done processing com.ryanair.cheapflights-1.apk
Time Spent:   0 Days 0 Hours 1 Minutes 52 Seconds

============================================================================
51/132 Starting processing com.scribd.app.reader0-1.apk ......
Getting apk info from https://play.google.com/store/apps/details?id=com.scribd.app.reader0 ......
Success to get info from Play Store
The lastest version of com.scribd.app.reader0-1.apk is  3.13  
Done processing com.scribd.app.reader0-1.apk
Time Spent:   0 Days 0 Hours 1 Minutes 55 Seconds

============================================================================
52/132 Starting processing com.sec.android.app.shealth-1.apk ......
Getting apk info from https://play.google.com/store/apps/details?id=com.sec.android.app.shealth ......
Success to get info from Play Store
The lastest version of com.sec.android.app.shealth-1.apk is  4.5.1.0011  
Done processing com.sec.android.app.shealth-1.apk
Time Spent:   0 Days 0 Hours 1 Minutes 58 Seconds

============================================================================
53/132 Starting processing com.shinsegae.mobile.froyo-1.apk ......
Getting apk info from https://play.google.com/store/apps/details?id=com.shinsegae.mobile.froyo ......
Success to get info from Play Store
The lastest version of com.shinsegae.mobile.froyo-1.apk is    Varies with device  
Done processing com.shinsegae.mobile.froyo-1.apk
Time Spent:   0 Days 0 Hours 2 Minutes 0 Seconds

============================================================================
54/132 Starting processing com.shoecakedroid.RandomMahjong-1.apk ......
Getting apk info from https://play.google.com/store/apps/details?id=com.shoecakedroid.RandomMahjong ......
Success to get info from Play Store
The lastest version of com.shoecakedroid.RandomMahjong-1.apk is    Varies with device  
Done processing com.shoecakedroid.RandomMahjong-1.apk
Time Spent:   0 Days 0 Hours 2 Minutes 2 Seconds

============================================================================
55/132 Starting processing com.shopcade.app-1.apk ......
Getting apk info from https://play.google.com/store/apps/details?id=com.shopcade.app ......
Success to get info from Play Store
The lastest version of com.shopcade.app-1.apk is  5.0.0.151027  
Done processing com.shopcade.app-1.apk
Time Spent:   0 Days 0 Hours 2 Minutes 5 Seconds

============================================================================
56/132 Starting processing com.shotzoom.golfshot2-1.apk ......
Getting apk info from https://play.google.com/store/apps/details?id=com.shotzoom.golfshot2 ......
Success to get info from Play Store
The lastest version of com.shotzoom.golfshot2-1.apk is  1.17.0  
Done processing com.shotzoom.golfshot2-1.apk
Time Spent:   0 Days 0 Hours 2 Minutes 7 Seconds

============================================================================
57/132 Starting processing com.skysoft.kkbox.android-1.apk ......
Getting apk info from https://play.google.com/store/apps/details?id=com.skysoft.kkbox.android ......
Success to get info from Play Store
The lastest version of com.skysoft.kkbox.android-1.apk is    Varies with device  
Done processing com.skysoft.kkbox.android-1.apk
Time Spent:   0 Days 0 Hours 2 Minutes 10 Seconds

============================================================================
58/132 Starting processing com.smartboxtv.filacerocr-1.apk ......
Getting apk info from https://play.google.com/store/apps/details?id=com.smartboxtv.filacerocr ......
Success to get info from Play Store
The lastest version of com.smartboxtv.filacerocr-1.apk is  1.0.1  
Done processing com.smartboxtv.filacerocr-1.apk
Time Spent:   0 Days 0 Hours 2 Minutes 12 Seconds

============================================================================
59/132 Starting processing com.smzdm.client.android-1.apk ......
Getting apk info from https://play.google.com/store/apps/details?id=com.smzdm.client.android ......
Success to get info from Play Store
The lastest version of com.smzdm.client.android-1.apk is  6.0.1  
Done processing com.smzdm.client.android-1.apk
Time Spent:   0 Days 0 Hours 2 Minutes 15 Seconds

============================================================================
60/132 Starting processing com.snapporder.sumosushi-1.apk ......
Getting apk info from https://play.google.com/store/apps/details?id=com.snapporder.sumosushi ......
Success to get info from Play Store
The lastest version of com.snapporder.sumosushi-1.apk is  3.7.1  
Done processing com.snapporder.sumosushi-1.apk
Time Spent:   0 Days 0 Hours 2 Minutes 16 Seconds

============================================================================
61/132 Starting processing com.softissimo.reverso.context-1.apk ......
Getting apk info from https://play.google.com/store/apps/details?id=com.softissimo.reverso.context ......
Success to get info from Play Store
The lastest version of com.softissimo.reverso.context-1.apk is  2.0.1  
Done processing com.softissimo.reverso.context-1.apk
Time Spent:   0 Days 0 Hours 2 Minutes 19 Seconds

============================================================================
62/132 Starting processing com.sohag.egapp-1.apk ......
Getting apk info from https://play.google.com/store/apps/details?id=com.sohag.egapp ......
Success to get info from Play Store
The lastest version of com.sohag.egapp-1.apk is  1.0  
Done processing com.sohag.egapp-1.apk
Time Spent:   0 Days 0 Hours 2 Minutes 22 Seconds

============================================================================
63/132 Starting processing com.sohu.newsclient-1.apk ......
Getting apk info from https://play.google.com/store/apps/details?id=com.sohu.newsclient ......
Success to get info from Play Store
The lastest version of com.sohu.newsclient-1.apk is  5.3.0  
Done processing com.sohu.newsclient-1.apk
Time Spent:   0 Days 0 Hours 2 Minutes 25 Seconds

============================================================================
64/132 Starting processing com.son.haber.wluvzf_axltpginrpa-1.apk ......
Getting apk info from https://play.google.com/store/apps/details?id=com.son.haber.wluvzf_axltpginrpa ......
Success to get info from Play Store
The lastest version of com.son.haber.wluvzf_axltpginrpa-1.apk is  3.1.21  
Done processing com.son.haber.wluvzf_axltpginrpa-1.apk
Time Spent:   0 Days 0 Hours 2 Minutes 28 Seconds

============================================================================
65/132 Starting processing com.sparkslab.dcardreader-1.apk ......
Getting apk info from https://play.google.com/store/apps/details?id=com.sparkslab.dcardreader ......
Success to get info from Play Store
The lastest version of com.sparkslab.dcardreader-1.apk is  3.8.10  
Done processing com.sparkslab.dcardreader-1.apk
Time Spent:   0 Days 0 Hours 2 Minutes 31 Seconds

============================================================================
66/132 Starting processing com.sph.bhandroid-1.apk ......
Getting apk info from https://play.google.com/store/apps/details?id=com.sph.bhandroid ......
Success to get info from Play Store
The lastest version of com.sph.bhandroid-1.apk is  6.8.9  
Done processing com.sph.bhandroid-1.apk
Time Spent:   0 Days 0 Hours 2 Minutes 35 Seconds

============================================================================
67/132 Starting processing com.sph.catsclassified-1.apk ......
Getting apk info from https://play.google.com/store/apps/details?id=com.sph.catsclassified ......
Success to get info from Play Store
The lastest version of com.sph.catsclassified-1.apk is  1.2.7  
Done processing com.sph.catsclassified-1.apk
Time Spent:   0 Days 0 Hours 2 Minutes 37 Seconds

============================================================================
68/132 Starting processing com.squareup-1.apk ......
Getting apk info from https://play.google.com/store/apps/details?id=com.squareup ......
Success to get info from Play Store
The lastest version of com.squareup-1.apk is    Varies with device  
Done processing com.squareup-1.apk
Time Spent:   0 Days 0 Hours 2 Minutes 44 Seconds

============================================================================
69/132 Starting processing com.stiri.cool-1.apk ......
Getting apk info from https://play.google.com/store/apps/details?id=com.stiri.cool ......
Success to get info from Play Store
The lastest version of com.stiri.cool-1.apk is  1.43  
Done processing com.stiri.cool-1.apk
Time Spent:   0 Days 0 Hours 2 Minutes 49 Seconds

============================================================================
70/132 Starting processing com.stream.cz.app-1.apk ......
Getting apk info from https://play.google.com/store/apps/details?id=com.stream.cz.app ......
Success to get info from Play Store
The lastest version of com.stream.cz.app-1.apk is  2.2.1  
Done processing com.stream.cz.app-1.apk
Time Spent:   0 Days 0 Hours 2 Minutes 52 Seconds

============================================================================
71/132 Starting processing com.studiosol.palcomp3-1.apk ......
Getting apk info from https://play.google.com/store/apps/details?id=com.studiosol.palcomp3 ......
Success to get info from Play Store
The lastest version of com.studiosol.palcomp3-1.apk is  3.2.3  
Done processing com.studiosol.palcomp3-1.apk
Time Spent:   0 Days 0 Hours 2 Minutes 54 Seconds

============================================================================
72/132 Starting processing com.styleshare.android-1.apk ......
Getting apk info from https://play.google.com/store/apps/details?id=com.styleshare.android ......
Success to get info from Play Store
The lastest version of com.styleshare.android-1.apk is  2.6.3  
Done processing com.styleshare.android-1.apk
Time Spent:   0 Days 0 Hours 2 Minutes 56 Seconds

============================================================================
73/132 Starting processing com.stylight.app-1.apk ......
Getting apk info from https://play.google.com/store/apps/details?id=com.stylight.app ......
Success to get info from Play Store
The lastest version of com.stylight.app-1.apk is  1.3.23.5  
Done processing com.stylight.app-1.apk
Time Spent:   0 Days 0 Hours 2 Minutes 59 Seconds

============================================================================
74/132 Starting processing com.surfeasy-1.apk ......
Getting apk info from https://play.google.com/store/apps/details?id=com.surfeasy ......
Success to get info from Play Store
The lastest version of com.surfeasy-1.apk is  3.10.1  
Done processing com.surfeasy-1.apk
Time Spent:   0 Days 0 Hours 3 Minutes 2 Seconds

============================================================================
75/132 Starting processing com.tayu.tau.pedometer-1.apk ......
Getting apk info from https://play.google.com/store/apps/details?id=com.tayu.tau.pedometer ......
Success to get info from Play Store
The lastest version of com.tayu.tau.pedometer-1.apk is  5.14  
Done processing com.tayu.tau.pedometer-1.apk
Time Spent:   0 Days 0 Hours 3 Minutes 5 Seconds

============================================================================
76/132 Starting processing com.tenbis.tbapp-1.apk ......
Getting apk info from https://play.google.com/store/apps/details?id=com.tenbis.tbapp ......
Success to get info from Play Store
The lastest version of com.tenbis.tbapp-1.apk is  1.7.4  
Done processing com.tenbis.tbapp-1.apk
Time Spent:   0 Days 0 Hours 3 Minutes 7 Seconds

============================================================================
77/132 Starting processing com.ternopil.fingerpaintfree-1.apk ......
Getting apk info from https://play.google.com/store/apps/details?id=com.ternopil.fingerpaintfree ......
Success to get info from Play Store
The lastest version of com.ternopil.fingerpaintfree-1.apk is  3.3.7  
Done processing com.ternopil.fingerpaintfree-1.apk
Time Spent:   0 Days 0 Hours 3 Minutes 11 Seconds

============================================================================
78/132 Starting processing com.thecarousell.Carousell-1.apk ......
Getting apk info from https://play.google.com/store/apps/details?id=com.thecarousell.Carousell ......
Success to get info from Play Store
The lastest version of com.thecarousell.Carousell-1.apk is    Varies with device  
Done processing com.thecarousell.Carousell-1.apk
Time Spent:   0 Days 0 Hours 3 Minutes 14 Seconds

============================================================================
79/132 Starting processing com.thefuntasty.restu-1.apk ......
Getting apk info from https://play.google.com/store/apps/details?id=com.thefuntasty.restu ......
Success to get info from Play Store
The lastest version of com.thefuntasty.restu-1.apk is  2.8.0  
Done processing com.thefuntasty.restu-1.apk
Time Spent:   0 Days 0 Hours 3 Minutes 17 Seconds

============================================================================
80/132 Starting processing com.theinitium.news-1.apk ......
Getting apk info from https://play.google.com/store/apps/details?id=com.theinitium.news ......
Success to get info from Play Store
The lastest version of com.theinitium.news-1.apk is  1.1.0  
Done processing com.theinitium.news-1.apk
Time Spent:   0 Days 0 Hours 3 Minutes 20 Seconds

============================================================================
81/132 Starting processing com.themobilecompany.delijn-1.apk ......
Getting apk info from https://play.google.com/store/apps/details?id=com.themobilecompany.delijn ......
Success to get info from Play Store
The lastest version of com.themobilecompany.delijn-1.apk is  3.0  
Done processing com.themobilecompany.delijn-1.apk
Time Spent:   0 Days 0 Hours 3 Minutes 28 Seconds

============================================================================
82/132 Starting processing com.thisisglobal.player.xfm-1.apk ......
Getting apk info from https://play.google.com/store/apps/details?id=com.thisisglobal.player.xfm ......
Success to get info from Play Store
The lastest version of com.thisisglobal.player.xfm-1.apk is    Varies with device  
Done processing com.thisisglobal.player.xfm-1.apk
Time Spent:   0 Days 0 Hours 3 Minutes 31 Seconds

============================================================================
83/132 Starting processing com.ticketmaster.mobile.android.na-1.apk ......
Getting apk info from https://play.google.com/store/apps/details?id=com.ticketmaster.mobile.android.na ......
Success to get info from Play Store
The lastest version of com.ticketmaster.mobile.android.na-1.apk is    Varies with device  
Done processing com.ticketmaster.mobile.android.na-1.apk
Time Spent:   0 Days 0 Hours 3 Minutes 35 Seconds

============================================================================
84/132 Starting processing com.tms-1.apk ......
Getting apk info from https://play.google.com/store/apps/details?id=com.tms ......
Success to get info from Play Store
The lastest version of com.tms-1.apk is  10.2  
Done processing com.tms-1.apk
Time Spent:   0 Days 0 Hours 3 Minutes 37 Seconds

============================================================================
85/132 Starting processing com.tomosware.currency.RealCurrencyCalc-1.apk ......
Getting apk info from https://play.google.com/store/apps/details?id=com.tomosware.currency.RealCurrencyCalc ......
Success to get info from Play Store
The lastest version of com.tomosware.currency.RealCurrencyCalc-1.apk is  1.6.3  
Done processing com.tomosware.currency.RealCurrencyCalc-1.apk
Time Spent:   0 Days 0 Hours 3 Minutes 42 Seconds

============================================================================
86/132 Starting processing com.tourscrap.wishbeen-1.apk ......
Getting apk info from https://play.google.com/store/apps/details?id=com.tourscrap.wishbeen ......
Success to get info from Play Store
The lastest version of com.tourscrap.wishbeen-1.apk is  2.1.6  
Done processing com.tourscrap.wishbeen-1.apk
Time Spent:   0 Days 0 Hours 3 Minutes 45 Seconds

============================================================================
87/132 Starting processing com.trafi.android.tr-1.apk ......
Getting apk info from https://play.google.com/store/apps/details?id=com.trafi.android.tr ......
Success to get info from Play Store
The lastest version of com.trafi.android.tr-1.apk is 
Done processing com.trafi.android.tr-1.apk
Time Spent:   0 Days 0 Hours 3 Minutes 47 Seconds

============================================================================
88/132 Starting processing com.trello-1.apk ......
Getting apk info from https://play.google.com/store/apps/details?id=com.trello ......
Success to get info from Play Store
The lastest version of com.trello-1.apk is  3.5.1.1143  
Done processing com.trello-1.apk
Time Spent:   0 Days 0 Hours 3 Minutes 50 Seconds

============================================================================
89/132 Starting processing com.trtf.blue-1.apk ......
Getting apk info from https://play.google.com/store/apps/details?id=com.trtf.blue ......
Success to get info from Play Store
The lastest version of com.trtf.blue-1.apk is  1.8.0.6  
Done processing com.trtf.blue-1.apk
Time Spent:   0 Days 0 Hours 3 Minutes 53 Seconds

============================================================================
90/132 Starting processing com.tul.aviate-1.apk ......
Getting apk info from https://play.google.com/store/apps/details?id=com.tul.aviate ......
Success to get info from Play Store
The lastest version of com.tul.aviate-1.apk is    Varies with device  
Done processing com.tul.aviate-1.apk
Time Spent:   0 Days 0 Hours 3 Minutes 55 Seconds

============================================================================
91/132 Starting processing com.tumblr-1.apk ......
Getting apk info from https://play.google.com/store/apps/details?id=com.tumblr ......
Success to get info from Play Store
The lastest version of com.tumblr-1.apk is    Varies with device  
Done processing com.tumblr-1.apk
Time Spent:   0 Days 0 Hours 3 Minutes 58 Seconds

============================================================================
92/132 Starting processing com.tunnelbear.android-1.apk ......
Getting apk info from https://play.google.com/store/apps/details?id=com.tunnelbear.android ......
Success to get info from Play Store
The lastest version of com.tunnelbear.android-1.apk is  v127  
Done processing com.tunnelbear.android-1.apk
Time Spent:   0 Days 0 Hours 4 Minutes 0 Seconds

============================================================================
93/132 Starting processing com.turkey.news.in.arabic-1.apk ......
Getting apk info from https://play.google.com/store/apps/details?id=com.turkey.news.in.arabic ......
Success to get info from Play Store
The lastest version of com.turkey.news.in.arabic-1.apk is  1.0  
Done processing com.turkey.news.in.arabic-1.apk
Time Spent:   0 Days 0 Hours 4 Minutes 2 Seconds

============================================================================
94/132 Starting processing com.umjjal.gif.maker-1.apk ......
Getting apk info from https://play.google.com/store/apps/details?id=com.umjjal.gif.maker ......
Success to get info from Play Store
The lastest version of com.umjjal.gif.maker-1.apk is  2.2.1  
Done processing com.umjjal.gif.maker-1.apk
Time Spent:   0 Days 0 Hours 4 Minutes 5 Seconds

============================================================================
95/132 Starting processing com.united.mobile.android-1.apk ......
Getting apk info from https://play.google.com/store/apps/details?id=com.united.mobile.android ......
Success to get info from Play Store
The lastest version of com.united.mobile.android-1.apk is    Varies with device  
Done processing com.united.mobile.android-1.apk
Time Spent:   0 Days 0 Hours 4 Minutes 8 Seconds

============================================================================
96/132 Starting processing com.upwork.android-1.apk ......
Getting apk info from https://play.google.com/store/apps/details?id=com.upwork.android ......
Success to get info from Play Store
The lastest version of com.upwork.android-1.apk is  2.2.0  
Done processing com.upwork.android-1.apk
Time Spent:   0 Days 0 Hours 4 Minutes 10 Seconds

============================================================================
97/132 Starting processing com.veooz-1.apk ......
Getting apk info from https://play.google.com/store/apps/details?id=com.veooz ......
Success to get info from Play Store
The lastest version of com.veooz-1.apk is  2.0  
Done processing com.veooz-1.apk
Time Spent:   0 Days 0 Hours 4 Minutes 13 Seconds

============================================================================
98/132 Starting processing com.viadeo.android-1.apk ......
Getting apk info from https://play.google.com/store/apps/details?id=com.viadeo.android ......
Success to get info from Play Store
The lastest version of com.viadeo.android-1.apk is    Varies with device  
Done processing com.viadeo.android-1.apk
Time Spent:   0 Days 0 Hours 4 Minutes 15 Seconds

============================================================================
99/132 Starting processing com.viadeo.letsmeet-1.apk ......
Getting apk info from https://play.google.com/store/apps/details?id=com.viadeo.letsmeet ......
Success to get info from Play Store
The lastest version of com.viadeo.letsmeet-1.apk is  1.4.3  
Done processing com.viadeo.letsmeet-1.apk
Time Spent:   0 Days 0 Hours 4 Minutes 18 Seconds

============================================================================
100/132 Starting processing com.vicky.allure-1.apk ......
Getting apk info from https://play.google.com/store/apps/details?id=com.vicky.allure ......
Success to get info from Play Store
The lastest version of com.vicky.allure-1.apk is  1.2  
Done processing com.vicky.allure-1.apk
Time Spent:   0 Days 0 Hours 4 Minutes 22 Seconds

============================================================================
101/132 Starting processing com.vinted-1.apk ......
Getting apk info from https://play.google.com/store/apps/details?id=com.vinted ......
Success to get info from Play Store
The lastest version of com.vinted-1.apk is  5.6.4.0  
Done processing com.vinted-1.apk
Time Spent:   0 Days 0 Hours 4 Minutes 24 Seconds

============================================================================
102/132 Starting processing com.virgla.global-1.apk ......
Getting apk info from https://play.google.com/store/apps/details?id=com.virgla.global ......
Success to get info from Play Store
The lastest version of com.virgla.global-1.apk is  1.1.7  
Done processing com.virgla.global-1.apk
Time Spent:   0 Days 0 Hours 4 Minutes 26 Seconds

============================================================================
103/132 Starting processing com.vpnoneclick.android-1.apk ......
Getting apk info from https://play.google.com/store/apps/details?id=com.vpnoneclick.android ......
Success to get info from Play Store
The lastest version of com.vpnoneclick.android-1.apk is    Varies with device  
Done processing com.vpnoneclick.android-1.apk
Time Spent:   0 Days 0 Hours 4 Minutes 29 Seconds

============================================================================
104/132 Starting processing com.vsco.cam-1.apk ......
Getting apk info from https://play.google.com/store/apps/details?id=com.vsco.cam ......
Success to get info from Play Store
The lastest version of com.vsco.cam-1.apk is  3.5  
Done processing com.vsco.cam-1.apk
Time Spent:   0 Days 0 Hours 4 Minutes 32 Seconds

============================================================================
105/132 Starting processing com.vysionapps.nicehair-1.apk ......
Getting apk info from https://play.google.com/store/apps/details?id=com.vysionapps.nicehair ......
Success to get info from Play Store
The lastest version of com.vysionapps.nicehair-1.apk is    Varies with device  
Done processing com.vysionapps.nicehair-1.apk
Time Spent:   0 Days 0 Hours 4 Minutes 36 Seconds

============================================================================
106/132 Starting processing com.wacompany.mydol-1.apk ......
Getting apk info from https://play.google.com/store/apps/details?id=com.wacompany.mydol ......
Success to get info from Play Store
The lastest version of com.wacompany.mydol-1.apk is  2.6.6  
Done processing com.wacompany.mydol-1.apk
Time Spent:   0 Days 0 Hours 4 Minutes 39 Seconds

============================================================================
107/132 Starting processing com.weebly.android-1.apk ......
Getting apk info from https://play.google.com/store/apps/details?id=com.weebly.android ......
Success to get info from Play Store
The lastest version of com.weebly.android-1.apk is  4.0.5  
Done processing com.weebly.android-1.apk
Time Spent:   0 Days 0 Hours 4 Minutes 41 Seconds

============================================================================
108/132 Starting processing com.weheartit-1.apk ......
Getting apk info from https://play.google.com/store/apps/details?id=com.weheartit ......
Success to get info from Play Store
The lastest version of com.weheartit-1.apk is    Varies with device  
Done processing com.weheartit-1.apk
Time Spent:   0 Days 0 Hours 4 Minutes 46 Seconds

============================================================================
109/132 Starting processing com.wf.wellsfargomobile.tablet-1.apk ......
Getting apk info from https://play.google.com/store/apps/details?id=com.wf.wellsfargomobile.tablet ......
Success to get info from Play Store
The lastest version of com.wf.wellsfargomobile.tablet-1.apk is 
Done processing com.wf.wellsfargomobile.tablet-1.apk
Time Spent:   0 Days 0 Hours 4 Minutes 49 Seconds

============================================================================
110/132 Starting processing com.whalegames.app-1.apk ......
Getting apk info from https://play.google.com/store/apps/details?id=com.whalegames.app ......
Success to get info from Play Store
The lastest version of com.whalegames.app-1.apk is  3.1.3  
Done processing com.whalegames.app-1.apk
Time Spent:   0 Days 0 Hours 4 Minutes 53 Seconds

============================================================================
111/132 Starting processing com.whatstools-1.apk ......
Getting apk info from https://play.google.com/store/apps/details?id=com.whatstools ......
[ERROR] : Cannot find info of com.whatstools-1.apk on https://play.google.com/store/apps/details?id=com.whatstools !!!
Done processing com.whatstools-1.apk
Time Spent:   0 Days 0 Hours 4 Minutes 54 Seconds

============================================================================
112/132 Starting processing com.wondershake.locari-1.apk ......
Getting apk info from https://play.google.com/store/apps/details?id=com.wondershake.locari ......
Success to get info from Play Store
The lastest version of com.wondershake.locari-1.apk is  1.1.13  
Done processing com.wondershake.locari-1.apk
Time Spent:   0 Days 0 Hours 4 Minutes 57 Seconds

============================================================================
113/132 Starting processing com.wongnai.android-1.apk ......
Getting apk info from https://play.google.com/store/apps/details?id=com.wongnai.android ......
Success to get info from Play Store
The lastest version of com.wongnai.android-1.apk is  4.4  
Done processing com.wongnai.android-1.apk
Time Spent:   0 Days 0 Hours 5 Minutes 0 Seconds

============================================================================
114/132 Starting processing com.wsandroid.suite-1.apk ......
Getting apk info from https://play.google.com/store/apps/details?id=com.wsandroid.suite ......
Success to get info from Play Store
The lastest version of com.wsandroid.suite-1.apk is  4.5.1.965  
Done processing com.wsandroid.suite-1.apk
Time Spent:   0 Days 0 Hours 5 Minutes 5 Seconds

============================================================================
115/132 Starting processing com.wzdworks.themekeyboard-1.apk ......
Getting apk info from https://play.google.com/store/apps/details?id=com.wzdworks.themekeyboard ......
Success to get info from Play Store
The lastest version of com.wzdworks.themekeyboard-1.apk is  1.2.0.5  
Done processing com.wzdworks.themekeyboard-1.apk
Time Spent:   0 Days 0 Hours 5 Minutes 8 Seconds

============================================================================
116/132 Starting processing com.xing.mpr.cep-1.apk ......
Getting apk info from https://play.google.com/store/apps/details?id=com.xing.mpr.cep ......
Success to get info from Play Store
The lastest version of com.xing.mpr.cep-1.apk is  1.1.0  
Done processing com.xing.mpr.cep-1.apk
Time Spent:   0 Days 0 Hours 5 Minutes 11 Seconds

============================================================================
117/132 Starting processing com.xnview.XnInstant-1.apk ......
Getting apk info from https://play.google.com/store/apps/details?id=com.xnview.XnInstant ......
Success to get info from Play Store
The lastest version of com.xnview.XnInstant-1.apk is  1.33  
Done processing com.xnview.XnInstant-1.apk
Time Spent:   0 Days 0 Hours 5 Minutes 15 Seconds

============================================================================
118/132 Starting processing com.xnview.XnResizeLite-1.apk ......
Getting apk info from https://play.google.com/store/apps/details?id=com.xnview.XnResizeLite ......
Success to get info from Play Store
The lastest version of com.xnview.XnResizeLite-1.apk is  1.64  
Done processing com.xnview.XnResizeLite-1.apk
Time Spent:   0 Days 0 Hours 5 Minutes 19 Seconds

============================================================================
119/132 Starting processing com.xnview.XnSketch-1.apk ......
Getting apk info from https://play.google.com/store/apps/details?id=com.xnview.XnSketch ......
Success to get info from Play Store
The lastest version of com.xnview.XnSketch-1.apk is  1.61  
Done processing com.xnview.XnSketch-1.apk
Time Spent:   0 Days 0 Hours 5 Minutes 22 Seconds

============================================================================
120/132 Starting processing com.xnview.xnblackcam-1.apk ......
Getting apk info from https://play.google.com/store/apps/details?id=com.xnview.xnblackcam ......
Success to get info from Play Store
The lastest version of com.xnview.xnblackcam-1.apk is  1.25  
Done processing com.xnview.xnblackcam-1.apk
Time Spent:   0 Days 0 Hours 5 Minutes 26 Seconds

============================================================================
121/132 Starting processing com.yahoo.mobile.client.android.ecauction-1.apk ......
Getting apk info from https://play.google.com/store/apps/details?id=com.yahoo.mobile.client.android.ecauction ......
Success to get info from Play Store
The lastest version of com.yahoo.mobile.client.android.ecauction-1.apk is  1.2.3.1  
Done processing com.yahoo.mobile.client.android.ecauction-1.apk
Time Spent:   0 Days 0 Hours 5 Minutes 30 Seconds

============================================================================
122/132 Starting processing com.yahoo.mobile.client.android.fantasyfootball-1.apk ......
Getting apk info from https://play.google.com/store/apps/details?id=com.yahoo.mobile.client.android.fantasyfootball ......
Success to get info from Play Store
The lastest version of com.yahoo.mobile.client.android.fantasyfootball-1.apk is    Varies with device  
Done processing com.yahoo.mobile.client.android.fantasyfootball-1.apk
Time Spent:   0 Days 0 Hours 5 Minutes 33 Seconds

============================================================================
123/132 Starting processing com.yahoo.mobile.client.android.weather-1.apk ......
Getting apk info from https://play.google.com/store/apps/details?id=com.yahoo.mobile.client.android.weather ......
Success to get info from Play Store
The lastest version of com.yahoo.mobile.client.android.weather-1.apk is    Varies with device  
Done processing com.yahoo.mobile.client.android.weather-1.apk
Time Spent:   0 Days 0 Hours 5 Minutes 37 Seconds

============================================================================
124/132 Starting processing com.yinzcam.nbl.league-1.apk ......
Getting apk info from https://play.google.com/store/apps/details?id=com.yinzcam.nbl.league ......
Success to get info from Play Store
The lastest version of com.yinzcam.nbl.league-1.apk is  1.0.3  
Done processing com.yinzcam.nbl.league-1.apk
Time Spent:   0 Days 0 Hours 5 Minutes 41 Seconds

============================================================================
125/132 Starting processing com.yoox-1.apk ......
Getting apk info from https://play.google.com/store/apps/details?id=com.yoox ......
Success to get info from Play Store
The lastest version of com.yoox-1.apk is  4.6.0  
Done processing com.yoox-1.apk
Time Spent:   0 Days 0 Hours 5 Minutes 45 Seconds

============================================================================
126/132 Starting processing com.yopapp.yop-1.apk ......
Getting apk info from https://play.google.com/store/apps/details?id=com.yopapp.yop ......
Success to get info from Play Store
The lastest version of com.yopapp.yop-1.apk is  1.4.22  
Done processing com.yopapp.yop-1.apk
Time Spent:   0 Days 0 Hours 5 Minutes 48 Seconds

============================================================================
127/132 Starting processing com.youmobile-1.apk ......
Getting apk info from https://play.google.com/store/apps/details?id=com.youmobile ......
Success to get info from Play Store
The lastest version of com.youmobile-1.apk is  2.7.1  
Done processing com.youmobile-1.apk
Time Spent:   0 Days 0 Hours 5 Minutes 51 Seconds

============================================================================
128/132 Starting processing com.yuilop-1.apk ......
Getting apk info from https://play.google.com/store/apps/details?id=com.yuilop ......
Success to get info from Play Store
The lastest version of com.yuilop-1.apk is  2.2.0  
Done processing com.yuilop-1.apk
Time Spent:   0 Days 0 Hours 5 Minutes 55 Seconds

============================================================================
129/132 Starting processing com.zhihu.circlely.android-1.apk ......
Getting apk info from https://play.google.com/store/apps/details?id=com.zhihu.circlely.android ......
Success to get info from Play Store
The lastest version of com.zhihu.circlely.android-1.apk is  1.1.0  
Done processing com.zhihu.circlely.android-1.apk
Time Spent:   0 Days 0 Hours 5 Minutes 58 Seconds

============================================================================
130/132 Starting processing com.zipt.zipt-1.apk ......
Getting apk info from https://play.google.com/store/apps/details?id=com.zipt.zipt ......
Success to get info from Play Store
The lastest version of com.zipt.zipt-1.apk is  2.3.19  
Done processing com.zipt.zipt-1.apk
Time Spent:   0 Days 0 Hours 6 Minutes 2 Seconds

============================================================================
131/132 Starting processing com.zoner.android.photostudio-1.apk ......
Getting apk info from https://play.google.com/store/apps/details?id=com.zoner.android.photostudio ......
Success to get info from Play Store
The lastest version of com.zoner.android.photostudio-1.apk is  3.6.3  
Done processing com.zoner.android.photostudio-1.apk
Time Spent:   0 Days 0 Hours 6 Minutes 5 Seconds

============================================================================
132/132 Starting processing com.ztory.main-1.apk ......
Getting apk info from https://play.google.com/store/apps/details?id=com.ztory.main ......
Success to get info from Play Store
The lastest version of com.ztory.main-1.apk is  2.4.3  
Done processing com.ztory.main-1.apk
Time Spent:   0 Days 0 Hours 6 Minutes 9 Seconds

============================================================================


**************************************************************
All Done
Total Time:   0 Days 0 Hours 6 Minutes 9 Seconds
Result Location:               /home/Git-Apk/code_resource/script_hooks/scan_apk/scan_apk_version/results/AppInfo_2015-11-17-17-14-23.csv
**************************************************************
