Start processing app in list /home/Git-Apk/Updated_list from /home/Git-Apk/Baidu  ......

============================================================================
1/54 Starting processing android.zhibo8-1.apk ......
Getting apk info from https://play.google.com/store/apps/details?id=android.zhibo8 ......
[ERROR] : Cannot find info of android.zhibo8-1.apk on https://play.google.com/store/apps/details?id=android.zhibo8 !!!
Done processing android.zhibo8-1.apk
Time Spent:   0 Days 0 Hours 0 Minutes 1 Seconds

============================================================================
2/54 Starting processing cgtz.com.cgtz-1.apk ......
Getting apk info from https://play.google.com/store/apps/details?id=cgtz.com.cgtz ......
[ERROR] : Cannot find info of cgtz.com.cgtz-1.apk on https://play.google.com/store/apps/details?id=cgtz.com.cgtz !!!
Done processing cgtz.com.cgtz-1.apk
Time Spent:   0 Days 0 Hours 0 Minutes 2 Seconds

============================================================================
3/54 Starting processing cn.am321.android.am321-1.apk ......
Getting apk info from https://play.google.com/store/apps/details?id=cn.am321.android.am321 ......
[ERROR] : Cannot find info of cn.am321.android.am321-1.apk on https://play.google.com/store/apps/details?id=cn.am321.android.am321 !!!
Done processing cn.am321.android.am321-1.apk
Time Spent:   0 Days 0 Hours 0 Minutes 3 Seconds

============================================================================
4/54 Starting processing cn.com.sina.sports-1.apk ......
Getting apk info from https://play.google.com/store/apps/details?id=cn.com.sina.sports ......
Success to get info from Play Store
The lastest version of cn.com.sina.sports-1.apk is  2.5.1.8  
Done processing cn.com.sina.sports-1.apk
Time Spent:   0 Days 0 Hours 0 Minutes 6 Seconds

============================================================================
5/54 Starting processing cn.longmaster.pengpeng-1.apk ......
Getting apk info from https://play.google.com/store/apps/details?id=cn.longmaster.pengpeng ......
Success to get info from Play Store
The lastest version of cn.longmaster.pengpeng-1.apk is  0.6.3  
Done processing cn.longmaster.pengpeng-1.apk
Time Spent:   0 Days 0 Hours 0 Minutes 9 Seconds

============================================================================
6/54 Starting processing cn.opda.a.phonoalbumshoushou-1.apk ......
Getting apk info from https://play.google.com/store/apps/details?id=cn.opda.a.phonoalbumshoushou ......
[ERROR] : Cannot find info of cn.opda.a.phonoalbumshoushou-1.apk on https://play.google.com/store/apps/details?id=cn.opda.a.phonoalbumshoushou !!!
Done processing cn.opda.a.phonoalbumshoushou-1.apk
Time Spent:   0 Days 0 Hours 0 Minutes 10 Seconds

============================================================================
7/54 Starting processing com.HappyAlliance.ClassicFruit-1.apk ......
Getting apk info from https://play.google.com/store/apps/details?id=com.HappyAlliance.ClassicFruit ......
[ERROR] : Cannot find info of com.HappyAlliance.ClassicFruit-1.apk on https://play.google.com/store/apps/details?id=com.HappyAlliance.ClassicFruit !!!
Done processing com.HappyAlliance.ClassicFruit-1.apk
Time Spent:   0 Days 0 Hours 0 Minutes 11 Seconds

============================================================================
8/54 Starting processing com.Qunar-1.apk ......
Getting apk info from https://play.google.com/store/apps/details?id=com.Qunar ......
Success to get info from Play Store
The lastest version of com.Qunar-1.apk is  8.0.8  
Done processing com.Qunar-1.apk
Time Spent:   0 Days 0 Hours 0 Minutes 15 Seconds

============================================================================
9/54 Starting processing com.android.comicsisland.activity-1.apk ......
Getting apk info from https://play.google.com/store/apps/details?id=com.android.comicsisland.activity ......
[ERROR] : Cannot find info of com.android.comicsisland.activity-1.apk on https://play.google.com/store/apps/details?id=com.android.comicsisland.activity !!!
Done processing com.android.comicsisland.activity-1.apk
Time Spent:   0 Days 0 Hours 0 Minutes 16 Seconds

============================================================================
10/54 Starting processing com.baidu.baiducamera-1.apk ......
Getting apk info from https://play.google.com/store/apps/details?id=com.baidu.baiducamera ......
Success to get info from Play Store
The lastest version of com.baidu.baiducamera-1.apk is  1.3.9  
Done processing com.baidu.baiducamera-1.apk
Time Spent:   0 Days 0 Hours 0 Minutes 19 Seconds

============================================================================
11/54 Starting processing com.baidu.iknow-1.apk ......
Getting apk info from https://play.google.com/store/apps/details?id=com.baidu.iknow ......
Success to get info from Play Store
The lastest version of com.baidu.iknow-1.apk is  5.4.1  
Done processing com.baidu.iknow-1.apk
Time Spent:   0 Days 0 Hours 0 Minutes 22 Seconds

============================================================================
12/54 Starting processing com.baidu.mbaby-1.apk ......
Getting apk info from https://play.google.com/store/apps/details?id=com.baidu.mbaby ......
Success to get info from Play Store
The lastest version of com.baidu.mbaby-1.apk is  4.6.3  
Done processing com.baidu.mbaby-1.apk
Time Spent:   0 Days 0 Hours 0 Minutes 25 Seconds

============================================================================
13/54 Starting processing com.baidu.wenku-1.apk ......
Getting apk info from https://play.google.com/store/apps/details?id=com.baidu.wenku ......
[ERROR] : Cannot find info of com.baidu.wenku-1.apk on https://play.google.com/store/apps/details?id=com.baidu.wenku !!!
Done processing com.baidu.wenku-1.apk
Time Spent:   0 Days 0 Hours 0 Minutes 25 Seconds

============================================================================
14/54 Starting processing com.beilou.haigou-1.apk ......
Getting apk info from https://play.google.com/store/apps/details?id=com.beilou.haigou ......
[ERROR] : Cannot find info of com.beilou.haigou-1.apk on https://play.google.com/store/apps/details?id=com.beilou.haigou !!!
Done processing com.beilou.haigou-1.apk
Time Spent:   0 Days 0 Hours 0 Minutes 26 Seconds

============================================================================
15/54 Starting processing com.boyaa.lordland.sina-1.apk ......
Getting apk info from https://play.google.com/store/apps/details?id=com.boyaa.lordland.sina ......
[ERROR] : Cannot find info of com.boyaa.lordland.sina-1.apk on https://play.google.com/store/apps/details?id=com.boyaa.lordland.sina !!!
Done processing com.boyaa.lordland.sina-1.apk
Time Spent:   0 Days 0 Hours 0 Minutes 27 Seconds

============================================================================
16/54 Starting processing com.breadtrip-1.apk ......
Getting apk info from https://play.google.com/store/apps/details?id=com.breadtrip ......
[ERROR] : Cannot find info of com.breadtrip-1.apk on https://play.google.com/store/apps/details?id=com.breadtrip !!!
Done processing com.breadtrip-1.apk
Time Spent:   0 Days 0 Hours 0 Minutes 29 Seconds

============================================================================
17/54 Starting processing com.chinamworld.bocmbca.one-1.apk ......
Getting apk info from https://play.google.com/store/apps/details?id=com.chinamworld.bocmbca.one ......
[ERROR] : Cannot find info of com.chinamworld.bocmbca.one-1.apk on https://play.google.com/store/apps/details?id=com.chinamworld.bocmbca.one !!!
Done processing com.chinamworld.bocmbca.one-1.apk
Time Spent:   0 Days 0 Hours 0 Minutes 29 Seconds

============================================================================
18/54 Starting processing com.cleanmaster.mguard-1.apk ......
Getting apk info from https://play.google.com/store/apps/details?id=com.cleanmaster.mguard ......
Success to get info from Play Store
The lastest version of com.cleanmaster.mguard-1.apk is    Varies with device  
Done processing com.cleanmaster.mguard-1.apk
Time Spent:   0 Days 0 Hours 0 Minutes 34 Seconds

============================================================================
19/54 Starting processing com.cplatform.surfdesktop-1.apk ......
Getting apk info from https://play.google.com/store/apps/details?id=com.cplatform.surfdesktop ......
[ERROR] : Cannot find info of com.cplatform.surfdesktop-1.apk on https://play.google.com/store/apps/details?id=com.cplatform.surfdesktop !!!
Done processing com.cplatform.surfdesktop-1.apk
Time Spent:   0 Days 0 Hours 0 Minutes 35 Seconds

============================================================================
20/54 Starting processing com.dangdang.reader-1.apk ......
Getting apk info from https://play.google.com/store/apps/details?id=com.dangdang.reader ......
Success to get info from Play Store
The lastest version of com.dangdang.reader-1.apk is  3.5.0  
Done processing com.dangdang.reader-1.apk
Time Spent:   0 Days 0 Hours 0 Minutes 38 Seconds

============================================================================
21/54 Starting processing com.erdo.android.FJDXCartoon-1.apk ......
Getting apk info from https://play.google.com/store/apps/details?id=com.erdo.android.FJDXCartoon ......
[ERROR] : Cannot find info of com.erdo.android.FJDXCartoon-1.apk on https://play.google.com/store/apps/details?id=com.erdo.android.FJDXCartoon !!!
Done processing com.erdo.android.FJDXCartoon-1.apk
Time Spent:   0 Days 0 Hours 0 Minutes 39 Seconds

============================================================================
22/54 Starting processing com.frimastudio.yuki-1.apk ......
Getting apk info from https://play.google.com/store/apps/details?id=com.frimastudio.yuki ......
Success to get info from Play Store
The lastest version of com.frimastudio.yuki-1.apk is  1.3.6  
Done processing com.frimastudio.yuki-1.apk
Time Spent:   0 Days 0 Hours 0 Minutes 43 Seconds

============================================================================
23/54 Starting processing com.funcity.taxi.passenger-1.apk ......
Getting apk info from https://play.google.com/store/apps/details?id=com.funcity.taxi.passenger ......
Success to get info from Play Store
The lastest version of com.funcity.taxi.passenger-1.apk is  3.8  
Done processing com.funcity.taxi.passenger-1.apk
Time Spent:   0 Days 0 Hours 0 Minutes 47 Seconds

============================================================================
24/54 Starting processing com.iBookStar.activity-1.apk ......
Getting apk info from https://play.google.com/store/apps/details?id=com.iBookStar.activity ......
[ERROR] : Cannot find info of com.iBookStar.activity-1.apk on https://play.google.com/store/apps/details?id=com.iBookStar.activity !!!
Done processing com.iBookStar.activity-1.apk
Time Spent:   0 Days 0 Hours 0 Minutes 48 Seconds

============================================================================
25/54 Starting processing com.iflytek.ringdiyclient-1.apk ......
Getting apk info from https://play.google.com/store/apps/details?id=com.iflytek.ringdiyclient ......
Success to get info from Play Store
The lastest version of com.iflytek.ringdiyclient-1.apk is  2.1.34  
Done processing com.iflytek.ringdiyclient-1.apk
Time Spent:   0 Days 0 Hours 0 Minutes 51 Seconds

============================================================================
26/54 Starting processing com.lashou.groupurchasing-1.apk ......
Getting apk info from https://play.google.com/store/apps/details?id=com.lashou.groupurchasing ......
[ERROR] : Cannot find info of com.lashou.groupurchasing-1.apk on https://play.google.com/store/apps/details?id=com.lashou.groupurchasing !!!
Done processing com.lashou.groupurchasing-1.apk
Time Spent:   0 Days 0 Hours 0 Minutes 52 Seconds

============================================================================
27/54 Starting processing com.melot.meshow-1.apk ......
Getting apk info from https://play.google.com/store/apps/details?id=com.melot.meshow ......
[ERROR] : Cannot find info of com.melot.meshow-1.apk on https://play.google.com/store/apps/details?id=com.melot.meshow !!!
Done processing com.melot.meshow-1.apk
Time Spent:   0 Days 0 Hours 0 Minutes 54 Seconds

============================================================================
28/54 Starting processing com.nd.android.pandareader-1.apk ......
Getting apk info from https://play.google.com/store/apps/details?id=com.nd.android.pandareader ......
[ERROR] : Cannot find info of com.nd.android.pandareader-1.apk on https://play.google.com/store/apps/details?id=com.nd.android.pandareader !!!
Done processing com.nd.android.pandareader-1.apk
Time Spent:   0 Days 0 Hours 0 Minutes 55 Seconds

============================================================================
29/54 Starting processing com.netease.pris-1.apk ......
Getting apk info from https://play.google.com/store/apps/details?id=com.netease.pris ......
Success to get info from Play Store
The lastest version of com.netease.pris-1.apk is  4.9.0  
Done processing com.netease.pris-1.apk
Time Spent:   0 Days 0 Hours 0 Minutes 59 Seconds

============================================================================
30/54 Starting processing com.nuomi-1.apk ......
Getting apk info from https://play.google.com/store/apps/details?id=com.nuomi ......
Success to get info from Play Store
The lastest version of com.nuomi-1.apk is  5.9.1  
Done processing com.nuomi-1.apk
Time Spent:   0 Days 0 Hours 1 Minutes 2 Seconds

============================================================================
31/54 Starting processing com.quanleimu.activity-1.apk ......
Getting apk info from https://play.google.com/store/apps/details?id=com.quanleimu.activity ......
Success to get info from Play Store
The lastest version of com.quanleimu.activity-1.apk is  6.0.4  
Done processing com.quanleimu.activity-1.apk
Time Spent:   0 Days 0 Hours 1 Minutes 7 Seconds

============================================================================
32/54 Starting processing com.qygame.threekingdoms.dk-1.apk ......
Getting apk info from https://play.google.com/store/apps/details?id=com.qygame.threekingdoms.dk ......
[ERROR] : Cannot find info of com.qygame.threekingdoms.dk-1.apk on https://play.google.com/store/apps/details?id=com.qygame.threekingdoms.dk !!!
Done processing com.qygame.threekingdoms.dk-1.apk
Time Spent:   0 Days 0 Hours 1 Minutes 8 Seconds

============================================================================
33/54 Starting processing com.renhua.screen-1.apk ......
Getting apk info from https://play.google.com/store/apps/details?id=com.renhua.screen ......
Success to get info from Play Store
The lastest version of com.renhua.screen-1.apk is  2.0.4  
Done processing com.renhua.screen-1.apk
Time Spent:   0 Days 0 Hours 1 Minutes 10 Seconds

============================================================================
34/54 Starting processing com.sankuai.meituan.takeoutnew-1.apk ......
Getting apk info from https://play.google.com/store/apps/details?id=com.sankuai.meituan.takeoutnew ......
Success to get info from Play Store
The lastest version of com.sankuai.meituan.takeoutnew-1.apk is  3.4.3  
Done processing com.sankuai.meituan.takeoutnew-1.apk
Time Spent:   0 Days 0 Hours 1 Minutes 13 Seconds

============================================================================
35/54 Starting processing com.sankuai.movie-1.apk ......
Getting apk info from https://play.google.com/store/apps/details?id=com.sankuai.movie ......
Success to get info from Play Store
The lastest version of com.sankuai.movie-1.apk is  5.6  
Done processing com.sankuai.movie-1.apk
Time Spent:   0 Days 0 Hours 1 Minutes 16 Seconds

============================================================================
36/54 Starting processing com.sdu.didi.psnger-1.apk ......
Getting apk info from https://play.google.com/store/apps/details?id=com.sdu.didi.psnger ......
[ERROR] : Cannot find info of com.sdu.didi.psnger-1.apk on https://play.google.com/store/apps/details?id=com.sdu.didi.psnger !!!
Done processing com.sdu.didi.psnger-1.apk
Time Spent:   0 Days 0 Hours 1 Minutes 17 Seconds

============================================================================
37/54 Starting processing com.shuame.rootgenius-1.apk ......
Getting apk info from https://play.google.com/store/apps/details?id=com.shuame.rootgenius ......
[ERROR] : Cannot find info of com.shuame.rootgenius-1.apk on https://play.google.com/store/apps/details?id=com.shuame.rootgenius !!!
Done processing com.shuame.rootgenius-1.apk
Time Spent:   0 Days 0 Hours 1 Minutes 18 Seconds

============================================================================
38/54 Starting processing com.shuqi.controller-1.apk ......
Getting apk info from https://play.google.com/store/apps/details?id=com.shuqi.controller ......
[ERROR] : Cannot find info of com.shuqi.controller-1.apk on https://play.google.com/store/apps/details?id=com.shuqi.controller !!!
Done processing com.shuqi.controller-1.apk
Time Spent:   0 Days 0 Hours 1 Minutes 19 Seconds

============================================================================
39/54 Starting processing com.tadu.android-1.apk ......
Getting apk info from https://play.google.com/store/apps/details?id=com.tadu.android ......
[ERROR] : Cannot find info of com.tadu.android-1.apk on https://play.google.com/store/apps/details?id=com.tadu.android !!!
Done processing com.tadu.android-1.apk
Time Spent:   0 Days 0 Hours 1 Minutes 20 Seconds

============================================================================
40/54 Starting processing com.tencent.Alice-1.apk ......
Getting apk info from https://play.google.com/store/apps/details?id=com.tencent.Alice ......
[ERROR] : Cannot find info of com.tencent.Alice-1.apk on https://play.google.com/store/apps/details?id=com.tencent.Alice !!!
Done processing com.tencent.Alice-1.apk
Time Spent:   0 Days 0 Hours 1 Minutes 22 Seconds

============================================================================
41/54 Starting processing com.tencent.feiji-1.apk ......
Getting apk info from https://play.google.com/store/apps/details?id=com.tencent.feiji ......
[ERROR] : Cannot find info of com.tencent.feiji-1.apk on https://play.google.com/store/apps/details?id=com.tencent.feiji !!!
Done processing com.tencent.feiji-1.apk
Time Spent:   0 Days 0 Hours 1 Minutes 23 Seconds

============================================================================
42/54 Starting processing com.tencent.game.SSGame-1.apk ......
Getting apk info from https://play.google.com/store/apps/details?id=com.tencent.game.SSGame ......
[ERROR] : Cannot find info of com.tencent.game.SSGame-1.apk on https://play.google.com/store/apps/details?id=com.tencent.game.SSGame !!!
Done processing com.tencent.game.SSGame-1.apk
Time Spent:   0 Days 0 Hours 1 Minutes 26 Seconds

============================================================================
43/54 Starting processing com.tencent.mtt.x86-1.apk ......
Getting apk info from https://play.google.com/store/apps/details?id=com.tencent.mtt.x86 ......
Success to get info from Play Store
The lastest version of com.tencent.mtt.x86-1.apk is  5.6.1.1302  
Done processing com.tencent.mtt.x86-1.apk
Time Spent:   0 Days 0 Hours 1 Minutes 29 Seconds

============================================================================
44/54 Starting processing com.tencent.qqgame.qqTexaswvga-1.apk ......
Getting apk info from https://play.google.com/store/apps/details?id=com.tencent.qqgame.qqTexaswvga ......
Success to get info from Play Store
The lastest version of com.tencent.qqgame.qqTexaswvga-1.apk is  v3.1  
Done processing com.tencent.qqgame.qqTexaswvga-1.apk
Time Spent:   0 Days 0 Hours 1 Minutes 33 Seconds

============================================================================
45/54 Starting processing com.transn.ykcs-1.apk ......
Getting apk info from https://play.google.com/store/apps/details?id=com.transn.ykcs ......
Success to get info from Play Store
The lastest version of com.transn.ykcs-1.apk is  3.4.1  
Done processing com.transn.ykcs-1.apk
Time Spent:   0 Days 0 Hours 1 Minutes 35 Seconds

============================================================================
46/54 Starting processing com.ucamera.ucam-1.apk ......
Getting apk info from https://play.google.com/store/apps/details?id=com.ucamera.ucam ......
Success to get info from Play Store
The lastest version of com.ucamera.ucam-1.apk is  5.2.7.040815  
Done processing com.ucamera.ucam-1.apk
Time Spent:   0 Days 0 Hours 1 Minutes 39 Seconds

============================================================================
47/54 Starting processing com.uu.uunavi-1.apk ......
Getting apk info from https://play.google.com/store/apps/details?id=com.uu.uunavi ......
Success to get info from Play Store
The lastest version of com.uu.uunavi-1.apk is  2.3.33.1  
Done processing com.uu.uunavi-1.apk
Time Spent:   0 Days 0 Hours 1 Minutes 41 Seconds

============================================================================
48/54 Starting processing com.weihua.superphone-1.apk ......
Getting apk info from https://play.google.com/store/apps/details?id=com.weihua.superphone ......
Success to get info from Play Store
The lastest version of com.weihua.superphone-1.apk is  3.8.0  
Done processing com.weihua.superphone-1.apk
Time Spent:   0 Days 0 Hours 1 Minutes 44 Seconds

============================================================================
49/54 Starting processing com.xtuone.android.syllabus-1.apk ......
Getting apk info from https://play.google.com/store/apps/details?id=com.xtuone.android.syllabus ......
Success to get info from Play Store
The lastest version of com.xtuone.android.syllabus-1.apk is  6.1.0  
Done processing com.xtuone.android.syllabus-1.apk
Time Spent:   0 Days 0 Hours 1 Minutes 47 Seconds

============================================================================
50/54 Starting processing com.yibasan.lizhifm-1.apk ......
Getting apk info from https://play.google.com/store/apps/details?id=com.yibasan.lizhifm ......
Success to get info from Play Store
The lastest version of com.yibasan.lizhifm-1.apk is  2.1.0  
Done processing com.yibasan.lizhifm-1.apk
Time Spent:   0 Days 0 Hours 1 Minutes 50 Seconds

============================================================================
51/54 Starting processing com.youzu.snsgz.baidu.ad-1.apk ......
Getting apk info from https://play.google.com/store/apps/details?id=com.youzu.snsgz.baidu.ad ......
[ERROR] : Cannot find info of com.youzu.snsgz.baidu.ad-1.apk on https://play.google.com/store/apps/details?id=com.youzu.snsgz.baidu.ad !!!
Done processing com.youzu.snsgz.baidu.ad-1.apk
Time Spent:   0 Days 0 Hours 1 Minutes 52 Seconds

============================================================================
52/54 Starting processing org.yjmobile.zmxy-1.apk ......
Getting apk info from https://play.google.com/store/apps/details?id=org.yjmobile.zmxy ......
[ERROR] : Cannot find info of org.yjmobile.zmxy-1.apk on https://play.google.com/store/apps/details?id=org.yjmobile.zmxy !!!
Done processing org.yjmobile.zmxy-1.apk
Time Spent:   0 Days 0 Hours 1 Minutes 53 Seconds

============================================================================
53/54 Starting processing pinkdiary.xiaoxiaotu.com-1.apk ......
Getting apk info from https://play.google.com/store/apps/details?id=pinkdiary.xiaoxiaotu.com ......
[ERROR] : Cannot find info of pinkdiary.xiaoxiaotu.com-1.apk on https://play.google.com/store/apps/details?id=pinkdiary.xiaoxiaotu.com !!!
Done processing pinkdiary.xiaoxiaotu.com-1.apk
Time Spent:   0 Days 0 Hours 1 Minutes 54 Seconds

============================================================================
54/54 Starting processing tv.danmaku.bili-1.apk ......
Getting apk info from https://play.google.com/store/apps/details?id=tv.danmaku.bili ......
Success to get info from Play Store
The lastest version of tv.danmaku.bili-1.apk is  3.2.2  
Done processing tv.danmaku.bili-1.apk
Time Spent:   0 Days 0 Hours 1 Minutes 57 Seconds

============================================================================


**************************************************************
All Done
Total Time:   0 Days 0 Hours 1 Minutes 57 Seconds
Result Location:               /home/Git-Apk/code_resource/script_hooks/scan_apk/scan_apk_version/results/AppInfo_2015-05-15-09-36-45.csv
**************************************************************
