Start processing app in list /home/Git-Apk/Updated_list from /home/Git-Apk/All_Apk  ......

============================================================================
1/2 Starting processing com.errorsevendev.games.laserBreakPaid-1.apk ......
Getting apk info from https://play.google.com/store/apps/details?id=com.errorsevendev.games.laserBreakPaid ......
Success to get info from Play Store
The lastest version of com.errorsevendev.games.laserBreakPaid-1.apk is  1.07  
Done processing com.errorsevendev.games.laserBreakPaid-1.apk
Time Spent:   0 Days 0 Hours 0 Minutes 2 Seconds

============================================================================
2/2 Starting processing com.mss.allies.invasion.bs-1.apk ......
Getting apk info from https://play.google.com/store/apps/details?id=com.mss.allies.invasion.bs ......
Success to get info from Play Store
The lastest version of com.mss.allies.invasion.bs-1.apk is  1.318  
Done processing com.mss.allies.invasion.bs-1.apk
Time Spent:   0 Days 0 Hours 0 Minutes 4 Seconds

============================================================================


**************************************************************
All Done
Total Time:   0 Days 0 Hours 0 Minutes 4 Seconds
Result Location:               /home/Git-Apk/code_resource/script_hooks/scan_apk/scan_apk_version/results/AppInfo_2015-12-23-23-21-16.csv
**************************************************************
