Start processing app in list /home/Git-Apk/Updated_list from /home/Git-Apk/All_Apk  ......

============================================================================
1/4 Starting processing com.chaozh.iReaderFree-1.apk ......
Getting apk info from https://play.google.com/store/apps/details?id=com.chaozh.iReaderFree ......
Success to get info from Play Store
The lastest version of com.chaozh.iReaderFree-1.apk is 
Done processing com.chaozh.iReaderFree-1.apk
Time Spent:   0 Days 0 Hours 0 Minutes 0 Seconds

============================================================================
2/4 Starting processing com.linecorp.LGLP2-1.apk ......
Getting apk info from https://play.google.com/store/apps/details?id=com.linecorp.LGLP2 ......
Success to get info from Play Store
The lastest version of com.linecorp.LGLP2-1.apk is 
Done processing com.linecorp.LGLP2-1.apk
Time Spent:   0 Days 0 Hours 0 Minutes 1 Seconds

============================================================================
3/4 Starting processing com.netflix.mediaclient-1.apk ......
Getting apk info from https://play.google.com/store/apps/details?id=com.netflix.mediaclient ......
Success to get info from Play Store
The lastest version of com.netflix.mediaclient-1.apk is 
Done processing com.netflix.mediaclient-1.apk
Time Spent:   0 Days 0 Hours 0 Minutes 1 Seconds

============================================================================
4/4 Starting processing com.supercell.boombeach-1.apk ......
Getting apk info from https://play.google.com/store/apps/details?id=com.supercell.boombeach ......
Success to get info from Play Store
The lastest version of com.supercell.boombeach-1.apk is 
Done processing com.supercell.boombeach-1.apk
Time Spent:   0 Days 0 Hours 0 Minutes 1 Seconds

============================================================================


**************************************************************
All Done
Total Time:   0 Days 0 Hours 0 Minutes 1 Seconds
Result Location:               /home/Git-Apk/code_resource/script_hooks/scan_apk/scan_apk_version/results/AppInfo_2015-02-10-17-05-32.csv
**************************************************************
