Start processing app in list /home/Git-Apk/Updated_list from /home/Git-Apk/Baidu  ......

============================================================================
1/159 Starting processing air.fyzb3-1.apk ......
Getting apk info from https://play.google.com/store/apps/details?id=air.fyzb3 ......
[ERROR] : Cannot find info of air.fyzb3-1.apk on https://play.google.com/store/apps/details?id=air.fyzb3 !!!
Done processing air.fyzb3-1.apk
Time Spent:   0 Days 0 Hours 0 Minutes 2 Seconds

============================================================================
2/159 Starting processing bubei.tingshu-1.apk ......
Getting apk info from https://play.google.com/store/apps/details?id=bubei.tingshu ......
Success to get info from Play Store
The lastest version of bubei.tingshu-1.apk is  5.4.1  
Done processing bubei.tingshu-1.apk
Time Spent:   0 Days 0 Hours 0 Minutes 7 Seconds

============================================================================
3/159 Starting processing cmb.pb-1.apk ......
Getting apk info from https://play.google.com/store/apps/details?id=cmb.pb ......
Success to get info from Play Store
The lastest version of cmb.pb-1.apk is  3.1.1  
Done processing cmb.pb-1.apk
Time Spent:   0 Days 0 Hours 0 Minutes 12 Seconds

============================================================================
4/159 Starting processing cn.cntv-1.apk ......
Getting apk info from https://play.google.com/store/apps/details?id=cn.cntv ......
Success to get info from Play Store
The lastest version of cn.cntv-1.apk is  5.4.2  
Done processing cn.cntv-1.apk
Time Spent:   0 Days 0 Hours 0 Minutes 17 Seconds

============================================================================
5/159 Starting processing cn.eclicks.wzsearch-1.apk ......
Getting apk info from https://play.google.com/store/apps/details?id=cn.eclicks.wzsearch ......
Success to get info from Play Store
The lastest version of cn.eclicks.wzsearch-1.apk is  4.3.5  
Done processing cn.eclicks.wzsearch-1.apk
Time Spent:   0 Days 0 Hours 0 Minutes 21 Seconds

============================================================================
6/159 Starting processing cn.etouch.ecalendar-1.apk ......
Getting apk info from https://play.google.com/store/apps/details?id=cn.etouch.ecalendar ......
[ERROR] : Cannot find info of cn.etouch.ecalendar-1.apk on https://play.google.com/store/apps/details?id=cn.etouch.ecalendar !!!
Done processing cn.etouch.ecalendar-1.apk
Time Spent:   0 Days 0 Hours 0 Minutes 23 Seconds

============================================================================
7/159 Starting processing cn.ibuka.manga.ui-1.apk ......
Getting apk info from https://play.google.com/store/apps/details?id=cn.ibuka.manga.ui ......
[ERROR] : Cannot find info of cn.ibuka.manga.ui-1.apk on https://play.google.com/store/apps/details?id=cn.ibuka.manga.ui !!!
Done processing cn.ibuka.manga.ui-1.apk
Time Spent:   0 Days 0 Hours 0 Minutes 25 Seconds

============================================================================
8/159 Starting processing cn.jingling.motu.photowonder-1.apk ......
Getting apk info from https://play.google.com/store/apps/details?id=cn.jingling.motu.photowonder ......
Success to get info from Play Store
The lastest version of cn.jingling.motu.photowonder-1.apk is  3.6.2  
Done processing cn.jingling.motu.photowonder-1.apk
Time Spent:   0 Days 0 Hours 0 Minutes 30 Seconds

============================================================================
9/159 Starting processing cn.kuwo.player-1.apk ......
Getting apk info from https://play.google.com/store/apps/details?id=cn.kuwo.player ......
Success to get info from Play Store
The lastest version of cn.kuwo.player-1.apk is  6.9.7.0  
Done processing cn.kuwo.player-1.apk
Time Spent:   0 Days 0 Hours 0 Minutes 35 Seconds

============================================================================
10/159 Starting processing cn.opda.a.phonoalbumshoushou-1.apk ......
Getting apk info from https://play.google.com/store/apps/details?id=cn.opda.a.phonoalbumshoushou ......
[ERROR] : Cannot find info of cn.opda.a.phonoalbumshoushou-1.apk on https://play.google.com/store/apps/details?id=cn.opda.a.phonoalbumshoushou !!!
Done processing cn.opda.a.phonoalbumshoushou-1.apk
Time Spent:   0 Days 0 Hours 0 Minutes 37 Seconds

============================================================================
11/159 Starting processing cn.wps.moffice_eng-1.apk ......
Getting apk info from https://play.google.com/store/apps/details?id=cn.wps.moffice_eng ......
Success to get info from Play Store
The lastest version of cn.wps.moffice_eng-1.apk is    Varies with device  
Done processing cn.wps.moffice_eng-1.apk
Time Spent:   0 Days 0 Hours 0 Minutes 47 Seconds

============================================================================
12/159 Starting processing com.Qunar-1.apk ......
Getting apk info from https://play.google.com/store/apps/details?id=com.Qunar ......
Success to get info from Play Store
The lastest version of com.Qunar-1.apk is  8.2.1  
Done processing com.Qunar-1.apk
Time Spent:   0 Days 0 Hours 0 Minutes 52 Seconds

============================================================================
13/159 Starting processing com.UCMobile-1.apk ......
Getting apk info from https://play.google.com/store/apps/details?id=com.UCMobile ......
Success to get info from Play Store
The lastest version of com.UCMobile-1.apk is  10.6.2  
Done processing com.UCMobile-1.apk
Time Spent:   0 Days 0 Hours 0 Minutes 55 Seconds

============================================================================
14/159 Starting processing com.achievo.vipshop-1.apk ......
Getting apk info from https://play.google.com/store/apps/details?id=com.achievo.vipshop ......
[ERROR] : Cannot find info of com.achievo.vipshop-1.apk on https://play.google.com/store/apps/details?id=com.achievo.vipshop !!!
Done processing com.achievo.vipshop-1.apk
Time Spent:   0 Days 0 Hours 0 Minutes 57 Seconds

============================================================================
15/159 Starting processing com.adobe.reader-1.apk ......
Getting apk info from https://play.google.com/store/apps/details?id=com.adobe.reader ......
Success to get info from Play Store
The lastest version of com.adobe.reader-1.apk is    Varies with device  
Done processing com.adobe.reader-1.apk
Time Spent:   0 Days 0 Hours 1 Minutes 0 Seconds

============================================================================
16/159 Starting processing com.alensw.PicFolder-1.apk ......
Getting apk info from https://play.google.com/store/apps/details?id=com.alensw.PicFolder ......
Success to get info from Play Store
The lastest version of com.alensw.PicFolder-1.apk is  4.5.3  
Done processing com.alensw.PicFolder-1.apk
Time Spent:   0 Days 0 Hours 1 Minutes 2 Seconds

============================================================================
17/159 Starting processing com.alibaba.mobileim-1.apk ......
Getting apk info from https://play.google.com/store/apps/details?id=com.alibaba.mobileim ......
Success to get info from Play Store
The lastest version of com.alibaba.mobileim-1.apk is  3.6.1  
Done processing com.alibaba.mobileim-1.apk
Time Spent:   0 Days 0 Hours 1 Minutes 5 Seconds

============================================================================
18/159 Starting processing com.alibaba.wireless-1.apk ......
Getting apk info from https://play.google.com/store/apps/details?id=com.alibaba.wireless ......
[ERROR] : Cannot find info of com.alibaba.wireless-1.apk on https://play.google.com/store/apps/details?id=com.alibaba.wireless !!!
Done processing com.alibaba.wireless-1.apk
Time Spent:   0 Days 0 Hours 1 Minutes 7 Seconds

============================================================================
19/159 Starting processing com.android.cheyooh-1.apk ......
Getting apk info from https://play.google.com/store/apps/details?id=com.android.cheyooh ......
[ERROR] : Cannot find info of com.android.cheyooh-1.apk on https://play.google.com/store/apps/details?id=com.android.cheyooh !!!
Done processing com.android.cheyooh-1.apk
Time Spent:   0 Days 0 Hours 1 Minutes 9 Seconds

============================================================================
20/159 Starting processing com.android.chrome-1.apk ......
Getting apk info from https://play.google.com/store/apps/details?id=com.android.chrome ......
Success to get info from Play Store
The lastest version of com.android.chrome-1.apk is    Varies with device  
Done processing com.android.chrome-1.apk
Time Spent:   0 Days 0 Hours 1 Minutes 12 Seconds

============================================================================
21/159 Starting processing com.android.dazhihui-1.apk ......
Getting apk info from https://play.google.com/store/apps/details?id=com.android.dazhihui ......
[ERROR] : Cannot find info of com.android.dazhihui-1.apk on https://play.google.com/store/apps/details?id=com.android.dazhihui !!!
Done processing com.android.dazhihui-1.apk
Time Spent:   0 Days 0 Hours 1 Minutes 14 Seconds

============================================================================
22/159 Starting processing com.androidesk-1.apk ......
Getting apk info from https://play.google.com/store/apps/details?id=com.androidesk ......
[ERROR] : Cannot find info of com.androidesk-1.apk on https://play.google.com/store/apps/details?id=com.androidesk !!!
Done processing com.androidesk-1.apk
Time Spent:   0 Days 0 Hours 1 Minutes 15 Seconds

============================================================================
23/159 Starting processing com.antutu.ABenchMark-1.apk ......
Getting apk info from https://play.google.com/store/apps/details?id=com.antutu.ABenchMark ......
Success to get info from Play Store
The lastest version of com.antutu.ABenchMark-1.apk is  5.7.1  
Done processing com.antutu.ABenchMark-1.apk
Time Spent:   0 Days 0 Hours 1 Minutes 18 Seconds

============================================================================
24/159 Starting processing com.baidu.BaiduMap-1.apk ......
Getting apk info from https://play.google.com/store/apps/details?id=com.baidu.BaiduMap ......
Success to get info from Play Store
The lastest version of com.baidu.BaiduMap-1.apk is  8.5.0  
Done processing com.baidu.BaiduMap-1.apk
Time Spent:   0 Days 0 Hours 1 Minutes 21 Seconds

============================================================================
25/159 Starting processing com.baidu.hao123-1.apk ......
Getting apk info from https://play.google.com/store/apps/details?id=com.baidu.hao123 ......
[ERROR] : Cannot find info of com.baidu.hao123-1.apk on https://play.google.com/store/apps/details?id=com.baidu.hao123 !!!
Done processing com.baidu.hao123-1.apk
Time Spent:   0 Days 0 Hours 1 Minutes 24 Seconds

============================================================================
26/159 Starting processing com.baidu.homework-1.apk ......
Getting apk info from https://play.google.com/store/apps/details?id=com.baidu.homework ......
Success to get info from Play Store
The lastest version of com.baidu.homework-1.apk is  3.1.1  
Done processing com.baidu.homework-1.apk
Time Spent:   0 Days 0 Hours 1 Minutes 26 Seconds

============================================================================
27/159 Starting processing com.baidu.video-1.apk ......
Getting apk info from https://play.google.com/store/apps/details?id=com.baidu.video ......
[ERROR] : Cannot find info of com.baidu.video-1.apk on https://play.google.com/store/apps/details?id=com.baidu.video !!!
Done processing com.baidu.video-1.apk
Time Spent:   0 Days 0 Hours 1 Minutes 28 Seconds

============================================================================
28/159 Starting processing com.bankcomm-1.apk ......
Getting apk info from https://play.google.com/store/apps/details?id=com.bankcomm ......
Success to get info from Play Store
The lastest version of com.bankcomm-1.apk is  2.0.8  
Done processing com.bankcomm-1.apk
Time Spent:   0 Days 0 Hours 1 Minutes 34 Seconds

============================================================================
29/159 Starting processing com.bilin.huijiao.activity-1.apk ......
Getting apk info from https://play.google.com/store/apps/details?id=com.bilin.huijiao.activity ......
Success to get info from Play Store
The lastest version of com.bilin.huijiao.activity-1.apk is  3.7.3.1  
Done processing com.bilin.huijiao.activity-1.apk
Time Spent:   0 Days 0 Hours 1 Minutes 38 Seconds

============================================================================
30/159 Starting processing com.boyaa.lordland.sina-1.apk ......
Getting apk info from https://play.google.com/store/apps/details?id=com.boyaa.lordland.sina ......
[ERROR] : Cannot find info of com.boyaa.lordland.sina-1.apk on https://play.google.com/store/apps/details?id=com.boyaa.lordland.sina !!!
Done processing com.boyaa.lordland.sina-1.apk
Time Spent:   0 Days 0 Hours 1 Minutes 40 Seconds

============================================================================
31/159 Starting processing com.budejie.www-1.apk ......
Getting apk info from https://play.google.com/store/apps/details?id=com.budejie.www ......
[ERROR] : Cannot find info of com.budejie.www-1.apk on https://play.google.com/store/apps/details?id=com.budejie.www !!!
Done processing com.budejie.www-1.apk
Time Spent:   0 Days 0 Hours 1 Minutes 42 Seconds

============================================================================
32/159 Starting processing com.centurysoft.fruityrobo-1.apk ......
Getting apk info from https://play.google.com/store/apps/details?id=com.centurysoft.fruityrobo ......
[ERROR] : Cannot find info of com.centurysoft.fruityrobo-1.apk on https://play.google.com/store/apps/details?id=com.centurysoft.fruityrobo !!!
Done processing com.centurysoft.fruityrobo-1.apk
Time Spent:   0 Days 0 Hours 1 Minutes 43 Seconds

============================================================================
33/159 Starting processing com.changba-1.apk ......
Getting apk info from https://play.google.com/store/apps/details?id=com.changba ......
Success to get info from Play Store
The lastest version of com.changba-1.apk is  4.0.0  
Done processing com.changba-1.apk
Time Spent:   0 Days 0 Hours 1 Minutes 49 Seconds

============================================================================
34/159 Starting processing com.chaozh.iReaderFree-1.apk ......
Getting apk info from https://play.google.com/store/apps/details?id=com.chaozh.iReaderFree ......
[ERROR] : Cannot find info of com.chaozh.iReaderFree-1.apk on https://play.google.com/store/apps/details?id=com.chaozh.iReaderFree !!!
Done processing com.chaozh.iReaderFree-1.apk
Time Spent:   0 Days 0 Hours 1 Minutes 51 Seconds

============================================================================
35/159 Starting processing com.chaozh.iReaderFree15-1.apk ......
Getting apk info from https://play.google.com/store/apps/details?id=com.chaozh.iReaderFree15 ......
[ERROR] : Cannot find info of com.chaozh.iReaderFree15-1.apk on https://play.google.com/store/apps/details?id=com.chaozh.iReaderFree15 !!!
Done processing com.chaozh.iReaderFree15-1.apk
Time Spent:   0 Days 0 Hours 1 Minutes 53 Seconds

============================================================================
36/159 Starting processing com.chinamworld.bocmbci-1.apk ......
Getting apk info from https://play.google.com/store/apps/details?id=com.chinamworld.bocmbci ......
[ERROR] : Cannot find info of com.chinamworld.bocmbci-1.apk on https://play.google.com/store/apps/details?id=com.chinamworld.bocmbci !!!
Done processing com.chinamworld.bocmbci-1.apk
Time Spent:   0 Days 0 Hours 1 Minutes 54 Seconds

============================================================================
37/159 Starting processing com.chinatelecom.bestpayclient-1.apk ......
Getting apk info from https://play.google.com/store/apps/details?id=com.chinatelecom.bestpayclient ......
[ERROR] : Cannot find info of com.chinatelecom.bestpayclient-1.apk on https://play.google.com/store/apps/details?id=com.chinatelecom.bestpayclient !!!
Done processing com.chinatelecom.bestpayclient-1.apk
Time Spent:   0 Days 0 Hours 1 Minutes 56 Seconds

============================================================================
38/159 Starting processing com.cleanmaster.mguard_cn-1.apk ......
Getting apk info from https://play.google.com/store/apps/details?id=com.cleanmaster.mguard_cn ......
[ERROR] : Cannot find info of com.cleanmaster.mguard_cn-1.apk on https://play.google.com/store/apps/details?id=com.cleanmaster.mguard_cn !!!
Done processing com.cleanmaster.mguard_cn-1.apk
Time Spent:   0 Days 0 Hours 1 Minutes 58 Seconds

============================================================================
39/159 Starting processing com.cnvcs.xiangqi-1.apk ......
Getting apk info from https://play.google.com/store/apps/details?id=com.cnvcs.xiangqi ......
[ERROR] : Cannot find info of com.cnvcs.xiangqi-1.apk on https://play.google.com/store/apps/details?id=com.cnvcs.xiangqi !!!
Done processing com.cnvcs.xiangqi-1.apk
Time Spent:   0 Days 0 Hours 2 Minutes 0 Seconds

============================================================================
40/159 Starting processing com.coolapk.market-1.apk ......
Getting apk info from https://play.google.com/store/apps/details?id=com.coolapk.market ......
[ERROR] : Cannot find info of com.coolapk.market-1.apk on https://play.google.com/store/apps/details?id=com.coolapk.market !!!
Done processing com.coolapk.market-1.apk
Time Spent:   0 Days 0 Hours 2 Minutes 2 Seconds

============================================================================
41/159 Starting processing com.cootek.smartdialer-1.apk ......
Getting apk info from https://play.google.com/store/apps/details?id=com.cootek.smartdialer ......
[ERROR] : Cannot find info of com.cootek.smartdialer-1.apk on https://play.google.com/store/apps/details?id=com.cootek.smartdialer !!!
Done processing com.cootek.smartdialer-1.apk
Time Spent:   0 Days 0 Hours 2 Minutes 4 Seconds

============================================================================
42/159 Starting processing com.cubic.autohome-1.apk ......
Getting apk info from https://play.google.com/store/apps/details?id=com.cubic.autohome ......
Success to get info from Play Store
The lastest version of com.cubic.autohome-1.apk is  4.9.0  
Done processing com.cubic.autohome-1.apk
Time Spent:   0 Days 0 Hours 2 Minutes 6 Seconds

============================================================================
43/159 Starting processing com.cubic.choosecar-1.apk ......
Getting apk info from https://play.google.com/store/apps/details?id=com.cubic.choosecar ......
Success to get info from Play Store
The lastest version of com.cubic.choosecar-1.apk is  3.9.9  
Done processing com.cubic.choosecar-1.apk
Time Spent:   0 Days 0 Hours 2 Minutes 9 Seconds

============================================================================
44/159 Starting processing com.dangdang.buy2-1.apk ......
Getting apk info from https://play.google.com/store/apps/details?id=com.dangdang.buy2 ......
Success to get info from Play Store
The lastest version of com.dangdang.buy2-1.apk is  5.4.1  
Done processing com.dangdang.buy2-1.apk
Time Spent:   0 Days 0 Hours 2 Minutes 12 Seconds

============================================================================
45/159 Starting processing com.disney.troz-1.apk ......
Getting apk info from https://play.google.com/store/apps/details?id=com.disney.troz ......
[ERROR] : Cannot find info of com.disney.troz-1.apk on https://play.google.com/store/apps/details?id=com.disney.troz !!!
Done processing com.disney.troz-1.apk
Time Spent:   0 Days 0 Hours 2 Minutes 14 Seconds

============================================================================
46/159 Starting processing com.douguo.recipe-1.apk ......
Getting apk info from https://play.google.com/store/apps/details?id=com.douguo.recipe ......
Success to get info from Play Store
The lastest version of com.douguo.recipe-1.apk is  5.4.2  
Done processing com.douguo.recipe-1.apk
Time Spent:   0 Days 0 Hours 2 Minutes 17 Seconds

============================================================================
47/159 Starting processing com.duokan.reader-1.apk ......
Getting apk info from https://play.google.com/store/apps/details?id=com.duokan.reader ......
Success to get info from Play Store
The lastest version of com.duokan.reader-1.apk is  4.0.7  
Done processing com.duokan.reader-1.apk
Time Spent:   0 Days 0 Hours 2 Minutes 22 Seconds

============================================================================
48/159 Starting processing com.duomi.android-1.apk ......
Getting apk info from https://play.google.com/store/apps/details?id=com.duomi.android ......
[ERROR] : Cannot find info of com.duomi.android-1.apk on https://play.google.com/store/apps/details?id=com.duomi.android !!!
Done processing com.duomi.android-1.apk
Time Spent:   0 Days 0 Hours 2 Minutes 24 Seconds

============================================================================
49/159 Starting processing com.duowan.lolbox-1.apk ......
Getting apk info from https://play.google.com/store/apps/details?id=com.duowan.lolbox ......
[ERROR] : Cannot find info of com.duowan.lolbox-1.apk on https://play.google.com/store/apps/details?id=com.duowan.lolbox !!!
Done processing com.duowan.lolbox-1.apk
Time Spent:   0 Days 0 Hours 2 Minutes 26 Seconds

============================================================================
50/159 Starting processing com.duowan.mobile-1.apk ......
Getting apk info from https://play.google.com/store/apps/details?id=com.duowan.mobile ......
[ERROR] : Cannot find info of com.duowan.mobile-1.apk on https://play.google.com/store/apps/details?id=com.duowan.mobile !!!
Done processing com.duowan.mobile-1.apk
Time Spent:   0 Days 0 Hours 2 Minutes 28 Seconds

============================================================================
51/159 Starting processing com.eg.android.AlipayGphone-1.apk ......
Getting apk info from https://play.google.com/store/apps/details?id=com.eg.android.AlipayGphone ......
Success to get info from Play Store
The lastest version of com.eg.android.AlipayGphone-1.apk is  9.0.1.073001  
Done processing com.eg.android.AlipayGphone-1.apk
Time Spent:   0 Days 0 Hours 2 Minutes 31 Seconds

============================================================================
52/159 Starting processing com.esbook.reader-1.apk ......
Getting apk info from https://play.google.com/store/apps/details?id=com.esbook.reader ......
[ERROR] : Cannot find info of com.esbook.reader-1.apk on https://play.google.com/store/apps/details?id=com.esbook.reader !!!
Done processing com.esbook.reader-1.apk
Time Spent:   0 Days 0 Hours 2 Minutes 33 Seconds

============================================================================
53/159 Starting processing com.estrongs.android.pop-1.apk ......
Getting apk info from https://play.google.com/store/apps/details?id=com.estrongs.android.pop ......
Success to get info from Play Store
The lastest version of com.estrongs.android.pop-1.apk is    Varies with device  
Done processing com.estrongs.android.pop-1.apk
Time Spent:   0 Days 0 Hours 2 Minutes 36 Seconds

============================================================================
54/159 Starting processing com.esvideo-1.apk ......
Getting apk info from https://play.google.com/store/apps/details?id=com.esvideo ......
[ERROR] : Cannot find info of com.esvideo-1.apk on https://play.google.com/store/apps/details?id=com.esvideo !!!
Done processing com.esvideo-1.apk
Time Spent:   0 Days 0 Hours 2 Minutes 38 Seconds

============================================================================
55/159 Starting processing com.evernote-1.apk ......
Getting apk info from https://play.google.com/store/apps/details?id=com.evernote ......
Success to get info from Play Store
The lastest version of com.evernote-1.apk is    Varies with device  
Done processing com.evernote-1.apk
Time Spent:   0 Days 0 Hours 2 Minutes 42 Seconds

============================================================================
56/159 Starting processing com.fanli.android.apps-1.apk ......
Getting apk info from https://play.google.com/store/apps/details?id=com.fanli.android.apps ......
Success to get info from Play Store
The lastest version of com.fanli.android.apps-1.apk is  4.0.0  
Done processing com.fanli.android.apps-1.apk
Time Spent:   0 Days 0 Hours 2 Minutes 44 Seconds

============================================================================
57/159 Starting processing com.fenbi.android.gaozhong-1.apk ......
Getting apk info from https://play.google.com/store/apps/details?id=com.fenbi.android.gaozhong ......
Success to get info from Play Store
The lastest version of com.fenbi.android.gaozhong-1.apk is  4.9.1  
Done processing com.fenbi.android.gaozhong-1.apk
Time Spent:   0 Days 0 Hours 2 Minutes 48 Seconds

============================================================================
58/159 Starting processing com.funshion.video.mobile-1.apk ......
Getting apk info from https://play.google.com/store/apps/details?id=com.funshion.video.mobile ......
[ERROR] : Cannot find info of com.funshion.video.mobile-1.apk on https://play.google.com/store/apps/details?id=com.funshion.video.mobile !!!
Done processing com.funshion.video.mobile-1.apk
Time Spent:   0 Days 0 Hours 2 Minutes 49 Seconds

============================================================================
59/159 Starting processing com.ganji.android-1.apk ......
Getting apk info from https://play.google.com/store/apps/details?id=com.ganji.android ......
Success to get info from Play Store
The lastest version of com.ganji.android-1.apk is  6.4.2  
Done processing com.ganji.android-1.apk
Time Spent:   0 Days 0 Hours 2 Minutes 53 Seconds

============================================================================
60/159 Starting processing com.gau.go.launcherex-1.apk ......
Getting apk info from https://play.google.com/store/apps/details?id=com.gau.go.launcherex ......
Success to get info from Play Store
The lastest version of com.gau.go.launcherex-1.apk is    Varies with device  
Done processing com.gau.go.launcherex-1.apk
Time Spent:   0 Days 0 Hours 2 Minutes 59 Seconds

============================================================================
61/159 Starting processing com.google.android.apps.maps-1.apk ......
Getting apk info from https://play.google.com/store/apps/details?id=com.google.android.apps.maps ......
Success to get info from Play Store
The lastest version of com.google.android.apps.maps-1.apk is    Varies with device  
Done processing com.google.android.apps.maps-1.apk
Time Spent:   0 Days 0 Hours 3 Minutes 5 Seconds

============================================================================
62/159 Starting processing com.halfbrick.fruitninja-1.apk ......
Getting apk info from https://play.google.com/store/apps/details?id=com.halfbrick.fruitninja ......
Success to get info from Play Store
The lastest version of com.halfbrick.fruitninja-1.apk is  2.3.2  
Done processing com.halfbrick.fruitninja-1.apk
Time Spent:   0 Days 0 Hours 3 Minutes 11 Seconds

============================================================================
63/159 Starting processing com.handsgo.jiakao.android-1.apk ......
Getting apk info from https://play.google.com/store/apps/details?id=com.handsgo.jiakao.android ......
Success to get info from Play Store
The lastest version of com.handsgo.jiakao.android-1.apk is  5.8  
Done processing com.handsgo.jiakao.android-1.apk
Time Spent:   0 Days 0 Hours 3 Minutes 17 Seconds

============================================================================
64/159 Starting processing com.haodou.recipe-1.apk ......
Getting apk info from https://play.google.com/store/apps/details?id=com.haodou.recipe ......
Success to get info from Play Store
The lastest version of com.haodou.recipe-1.apk is  5.1.0  
Done processing com.haodou.recipe-1.apk
Time Spent:   0 Days 0 Hours 3 Minutes 21 Seconds

============================================================================
65/159 Starting processing com.happyelements.AndroidAnimal-1.apk ......
Getting apk info from https://play.google.com/store/apps/details?id=com.happyelements.AndroidAnimal ......
[ERROR] : Cannot find info of com.happyelements.AndroidAnimal-1.apk on https://play.google.com/store/apps/details?id=com.happyelements.AndroidAnimal !!!
Done processing com.happyelements.AndroidAnimal-1.apk
Time Spent:   0 Days 0 Hours 3 Minutes 23 Seconds

============================================================================
66/159 Starting processing com.hunantv.imgo.activity-1.apk ......
Getting apk info from https://play.google.com/store/apps/details?id=com.hunantv.imgo.activity ......
[ERROR] : Cannot find info of com.hunantv.imgo.activity-1.apk on https://play.google.com/store/apps/details?id=com.hunantv.imgo.activity !!!
Done processing com.hunantv.imgo.activity-1.apk
Time Spent:   0 Days 0 Hours 3 Minutes 25 Seconds

============================================================================
67/159 Starting processing com.ifeng.news2-1.apk ......
Getting apk info from https://play.google.com/store/apps/details?id=com.ifeng.news2 ......
Success to get info from Play Store
The lastest version of com.ifeng.news2-1.apk is  4.4.7  
Done processing com.ifeng.news2-1.apk
Time Spent:   0 Days 0 Hours 3 Minutes 27 Seconds

============================================================================
68/159 Starting processing com.iflytek.cmcc-1.apk ......
Getting apk info from https://play.google.com/store/apps/details?id=com.iflytek.cmcc ......
[ERROR] : Cannot find info of com.iflytek.cmcc-1.apk on https://play.google.com/store/apps/details?id=com.iflytek.cmcc !!!
Done processing com.iflytek.cmcc-1.apk
Time Spent:   0 Days 0 Hours 3 Minutes 29 Seconds

============================================================================
69/159 Starting processing com.ijinshan.browser_fast-1.apk ......
Getting apk info from https://play.google.com/store/apps/details?id=com.ijinshan.browser_fast ......
Success to get info from Play Store
The lastest version of com.ijinshan.browser_fast-1.apk is  3.14.3  
Done processing com.ijinshan.browser_fast-1.apk
Time Spent:   0 Days 0 Hours 3 Minutes 32 Seconds

============================================================================
70/159 Starting processing com.immomo.momo-1.apk ......
Getting apk info from https://play.google.com/store/apps/details?id=com.immomo.momo ......
Success to get info from Play Store
The lastest version of com.immomo.momo-1.apk is  6.3.3  
Done processing com.immomo.momo-1.apk
Time Spent:   0 Days 0 Hours 3 Minutes 36 Seconds

============================================================================
71/159 Starting processing com.iooly.android.lockscreen-1.apk ......
Getting apk info from https://play.google.com/store/apps/details?id=com.iooly.android.lockscreen ......
[ERROR] : Cannot find info of com.iooly.android.lockscreen-1.apk on https://play.google.com/store/apps/details?id=com.iooly.android.lockscreen !!!
Done processing com.iooly.android.lockscreen-1.apk
Time Spent:   0 Days 0 Hours 3 Minutes 37 Seconds

============================================================================
72/159 Starting processing com.jingdong.app.mall-1.apk ......
Getting apk info from https://play.google.com/store/apps/details?id=com.jingdong.app.mall ......
Success to get info from Play Store
The lastest version of com.jingdong.app.mall-1.apk is  4.2.1  
Done processing com.jingdong.app.mall-1.apk
Time Spent:   0 Days 0 Hours 3 Minutes 40 Seconds

============================================================================
73/159 Starting processing com.jiongji.andriod.card-1.apk ......
Getting apk info from https://play.google.com/store/apps/details?id=com.jiongji.andriod.card ......
[ERROR] : Cannot find info of com.jiongji.andriod.card-1.apk on https://play.google.com/store/apps/details?id=com.jiongji.andriod.card !!!
Done processing com.jiongji.andriod.card-1.apk
Time Spent:   0 Days 0 Hours 3 Minutes 42 Seconds

============================================================================
74/159 Starting processing com.jiuyan.infashion-1.apk ......
Getting apk info from https://play.google.com/store/apps/details?id=com.jiuyan.infashion ......
Success to get info from Play Store
The lastest version of com.jiuyan.infashion-1.apk is    Varies with device  
Done processing com.jiuyan.infashion-1.apk
Time Spent:   0 Days 0 Hours 3 Minutes 44 Seconds

============================================================================
75/159 Starting processing com.jm.android.jumei-1.apk ......
Getting apk info from https://play.google.com/store/apps/details?id=com.jm.android.jumei ......
[ERROR] : Cannot find info of com.jm.android.jumei-1.apk on https://play.google.com/store/apps/details?id=com.jm.android.jumei !!!
Done processing com.jm.android.jumei-1.apk
Time Spent:   0 Days 0 Hours 3 Minutes 46 Seconds

============================================================================
76/159 Starting processing com.jsmcc-1.apk ......
Getting apk info from https://play.google.com/store/apps/details?id=com.jsmcc ......
[ERROR] : Cannot find info of com.jsmcc-1.apk on https://play.google.com/store/apps/details?id=com.jsmcc !!!
Done processing com.jsmcc-1.apk
Time Spent:   0 Days 0 Hours 3 Minutes 48 Seconds

============================================================================
77/159 Starting processing com.jxedt-1.apk ......
Getting apk info from https://play.google.com/store/apps/details?id=com.jxedt ......
Success to get info from Play Store
The lastest version of com.jxedt-1.apk is  1.3  
Done processing com.jxedt-1.apk
Time Spent:   0 Days 0 Hours 3 Minutes 50 Seconds

============================================================================
78/159 Starting processing com.kingsoft-1.apk ......
Getting apk info from https://play.google.com/store/apps/details?id=com.kingsoft ......
Success to get info from Play Store
The lastest version of com.kingsoft-1.apk is  8.2.4  
Done processing com.kingsoft-1.apk
Time Spent:   0 Days 0 Hours 3 Minutes 53 Seconds

============================================================================
79/159 Starting processing com.koudai.weishop-1.apk ......
Getting apk info from https://play.google.com/store/apps/details?id=com.koudai.weishop ......
Success to get info from Play Store
The lastest version of com.koudai.weishop-1.apk is  4.0.2  
Done processing com.koudai.weishop-1.apk
Time Spent:   0 Days 0 Hours 3 Minutes 55 Seconds

============================================================================
80/159 Starting processing com.kugou.android-1.apk ......
Getting apk info from https://play.google.com/store/apps/details?id=com.kugou.android ......
Success to get info from Play Store
The lastest version of com.kugou.android-1.apk is    Varies with device  
Done processing com.kugou.android-1.apk
Time Spent:   0 Days 0 Hours 4 Minutes 2 Seconds

============================================================================
81/159 Starting processing com.kugou.playerHD-1.apk ......
Getting apk info from https://play.google.com/store/apps/details?id=com.kugou.playerHD ......
Success to get info from Play Store
The lastest version of com.kugou.playerHD-1.apk is  1.1.2  
Done processing com.kugou.playerHD-1.apk
Time Spent:   0 Days 0 Hours 4 Minutes 7 Seconds

============================================================================
82/159 Starting processing com.lbe.security-1.apk ......
Getting apk info from https://play.google.com/store/apps/details?id=com.lbe.security ......
Success to get info from Play Store
The lastest version of com.lbe.security-1.apk is  6.1.1928  
Done processing com.lbe.security-1.apk
Time Spent:   0 Days 0 Hours 4 Minutes 12 Seconds

============================================================================
83/159 Starting processing com.lenovo.anyshare-1.apk ......
Getting apk info from https://play.google.com/store/apps/details?id=com.lenovo.anyshare ......
[ERROR] : Cannot find info of com.lenovo.anyshare-1.apk on https://play.google.com/store/apps/details?id=com.lenovo.anyshare !!!
Done processing com.lenovo.anyshare-1.apk
Time Spent:   0 Days 0 Hours 4 Minutes 14 Seconds

============================================================================
84/159 Starting processing com.letv.android.client-1.apk ......
Getting apk info from https://play.google.com/store/apps/details?id=com.letv.android.client ......
Success to get info from Play Store
The lastest version of com.letv.android.client-1.apk is    Varies with device  
Done processing com.letv.android.client-1.apk
Time Spent:   0 Days 0 Hours 4 Minutes 19 Seconds

============================================================================
85/159 Starting processing com.lingan.seeyou-1.apk ......
Getting apk info from https://play.google.com/store/apps/details?id=com.lingan.seeyou ......
Success to get info from Play Store
The lastest version of com.lingan.seeyou-1.apk is  5.0.1  
Done processing com.lingan.seeyou-1.apk
Time Spent:   0 Days 0 Hours 4 Minutes 24 Seconds

============================================================================
86/159 Starting processing com.lovebizhi.wallpaper-1.apk ......
Getting apk info from https://play.google.com/store/apps/details?id=com.lovebizhi.wallpaper ......
Success to get info from Play Store
The lastest version of com.lovebizhi.wallpaper-1.apk is  3.8.2  
Done processing com.lovebizhi.wallpaper-1.apk
Time Spent:   0 Days 0 Hours 4 Minutes 30 Seconds

============================================================================
87/159 Starting processing com.ludashi.benchmark-1.apk ......
Getting apk info from https://play.google.com/store/apps/details?id=com.ludashi.benchmark ......
[ERROR] : Cannot find info of com.ludashi.benchmark-1.apk on https://play.google.com/store/apps/details?id=com.ludashi.benchmark !!!
Done processing com.ludashi.benchmark-1.apk
Time Spent:   0 Days 0 Hours 4 Minutes 31 Seconds

============================================================================
88/159 Starting processing com.meilishuo-1.apk ......
Getting apk info from https://play.google.com/store/apps/details?id=com.meilishuo ......
[ERROR] : Cannot find info of com.meilishuo-1.apk on https://play.google.com/store/apps/details?id=com.meilishuo !!!
Done processing com.meilishuo-1.apk
Time Spent:   0 Days 0 Hours 4 Minutes 33 Seconds

============================================================================
89/159 Starting processing com.meitu.meipaimv-1.apk ......
Getting apk info from https://play.google.com/store/apps/details?id=com.meitu.meipaimv ......
Success to get info from Play Store
The lastest version of com.meitu.meipaimv-1.apk is  3.8.1  
Done processing com.meitu.meipaimv-1.apk
Time Spent:   0 Days 0 Hours 4 Minutes 40 Seconds

============================================================================
90/159 Starting processing com.mogujie-1.apk ......
Getting apk info from https://play.google.com/store/apps/details?id=com.mogujie ......
Success to get info from Play Store
The lastest version of com.mogujie-1.apk is  7.1.6.150805003  
Done processing com.mogujie-1.apk
Time Spent:   0 Days 0 Hours 4 Minutes 43 Seconds

============================================================================
91/159 Starting processing com.moji.mjweather-1.apk ......
Getting apk info from https://play.google.com/store/apps/details?id=com.moji.mjweather ......
[ERROR] : Cannot find info of com.moji.mjweather-1.apk on https://play.google.com/store/apps/details?id=com.moji.mjweather !!!
Done processing com.moji.mjweather-1.apk
Time Spent:   0 Days 0 Hours 4 Minutes 45 Seconds

============================================================================
92/159 Starting processing com.mt.mtxx.mtxx-1.apk ......
Getting apk info from https://play.google.com/store/apps/details?id=com.mt.mtxx.mtxx ......
Success to get info from Play Store
The lastest version of com.mt.mtxx.mtxx-1.apk is  4.6.0  
Done processing com.mt.mtxx.mtxx-1.apk
Time Spent:   0 Days 0 Hours 4 Minutes 50 Seconds

============================================================================
93/159 Starting processing com.mymoney-1.apk ......
Getting apk info from https://play.google.com/store/apps/details?id=com.mymoney ......
Success to get info from Play Store
The lastest version of com.mymoney-1.apk is  9.6.4.5  
Done processing com.mymoney-1.apk
Time Spent:   0 Days 0 Hours 4 Minutes 55 Seconds

============================================================================
94/159 Starting processing com.myzaker.ZAKER_Phone-1.apk ......
Getting apk info from https://play.google.com/store/apps/details?id=com.myzaker.ZAKER_Phone ......
Success to get info from Play Store
The lastest version of com.myzaker.ZAKER_Phone-1.apk is  6.2.2  
Done processing com.myzaker.ZAKER_Phone-1.apk
Time Spent:   0 Days 0 Hours 5 Minutes 0 Seconds

============================================================================
95/159 Starting processing com.netease.cloudmusic-1.apk ......
Getting apk info from https://play.google.com/store/apps/details?id=com.netease.cloudmusic ......
[ERROR] : Cannot find info of com.netease.cloudmusic-1.apk on https://play.google.com/store/apps/details?id=com.netease.cloudmusic !!!
Done processing com.netease.cloudmusic-1.apk
Time Spent:   0 Days 0 Hours 5 Minutes 2 Seconds

============================================================================
96/159 Starting processing com.netease.newsreader.activity-1.apk ......
Getting apk info from https://play.google.com/store/apps/details?id=com.netease.newsreader.activity ......
Success to get info from Play Store
The lastest version of com.netease.newsreader.activity-1.apk is  5.3.3  
Done processing com.netease.newsreader.activity-1.apk
Time Spent:   0 Days 0 Hours 5 Minutes 8 Seconds

============================================================================
97/159 Starting processing com.og.danjiddz-1.apk ......
Getting apk info from https://play.google.com/store/apps/details?id=com.og.danjiddz ......
[ERROR] : Cannot find info of com.og.danjiddz-1.apk on https://play.google.com/store/apps/details?id=com.og.danjiddz !!!
Done processing com.og.danjiddz-1.apk
Time Spent:   0 Days 0 Hours 5 Minutes 10 Seconds

============================================================================
98/159 Starting processing com.ophone.reader.ui-1.apk ......
Getting apk info from https://play.google.com/store/apps/details?id=com.ophone.reader.ui ......
[ERROR] : Cannot find info of com.ophone.reader.ui-1.apk on https://play.google.com/store/apps/details?id=com.ophone.reader.ui !!!
Done processing com.ophone.reader.ui-1.apk
Time Spent:   0 Days 0 Hours 5 Minutes 11 Seconds

============================================================================
99/159 Starting processing com.pplive.androidphone-1.apk ......
Getting apk info from https://play.google.com/store/apps/details?id=com.pplive.androidphone ......
Success to get info from Play Store
The lastest version of com.pplive.androidphone-1.apk is  5.2.1  
Done processing com.pplive.androidphone-1.apk
Time Spent:   0 Days 0 Hours 5 Minutes 16 Seconds

============================================================================
100/159 Starting processing com.qidian.QDReader-1.apk ......
Getting apk info from https://play.google.com/store/apps/details?id=com.qidian.QDReader ......
[ERROR] : Cannot find info of com.qidian.QDReader-1.apk on https://play.google.com/store/apps/details?id=com.qidian.QDReader !!!
Done processing com.qidian.QDReader-1.apk
Time Spent:   0 Days 0 Hours 5 Minutes 18 Seconds

============================================================================
101/159 Starting processing com.qq.reader-1.apk ......
Getting apk info from https://play.google.com/store/apps/details?id=com.qq.reader ......
Success to get info from Play Store
The lastest version of com.qq.reader-1.apk is    Varies with device  
Done processing com.qq.reader-1.apk
Time Spent:   0 Days 0 Hours 5 Minutes 25 Seconds

============================================================================
102/159 Starting processing com.quvideo.xiaoying-1.apk ......
Getting apk info from https://play.google.com/store/apps/details?id=com.quvideo.xiaoying ......
Success to get info from Play Store
The lastest version of com.quvideo.xiaoying-1.apk is  4.4.4  
Done processing com.quvideo.xiaoying-1.apk
Time Spent:   0 Days 0 Hours 5 Minutes 31 Seconds

============================================================================
103/159 Starting processing com.qzone-1.apk ......
Getting apk info from https://play.google.com/store/apps/details?id=com.qzone ......
Success to get info from Play Store
The lastest version of com.qzone-1.apk is  5.7.1.289  
Done processing com.qzone-1.apk
Time Spent:   0 Days 0 Hours 5 Minutes 39 Seconds

============================================================================
104/159 Starting processing com.renren.mobile.android-1.apk ......
Getting apk info from https://play.google.com/store/apps/details?id=com.renren.mobile.android ......
[ERROR] : Cannot find info of com.renren.mobile.android-1.apk on https://play.google.com/store/apps/details?id=com.renren.mobile.android !!!
Done processing com.renren.mobile.android-1.apk
Time Spent:   0 Days 0 Hours 5 Minutes 41 Seconds

============================================================================
105/159 Starting processing com.sds.android.ttpod-1.apk ......
Getting apk info from https://play.google.com/store/apps/details?id=com.sds.android.ttpod ......
[ERROR] : Cannot find info of com.sds.android.ttpod-1.apk on https://play.google.com/store/apps/details?id=com.sds.android.ttpod !!!
Done processing com.sds.android.ttpod-1.apk
Time Spent:   0 Days 0 Hours 5 Minutes 43 Seconds

============================================================================
106/159 Starting processing com.shoujiduoduo.ringtone-1.apk ......
Getting apk info from https://play.google.com/store/apps/details?id=com.shoujiduoduo.ringtone ......
[ERROR] : Cannot find info of com.shoujiduoduo.ringtone-1.apk on https://play.google.com/store/apps/details?id=com.shoujiduoduo.ringtone !!!
Done processing com.shoujiduoduo.ringtone-1.apk
Time Spent:   0 Days 0 Hours 5 Minutes 45 Seconds

============================================================================
107/159 Starting processing com.shuqi.controller-1.apk ......
Getting apk info from https://play.google.com/store/apps/details?id=com.shuqi.controller ......
[ERROR] : Cannot find info of com.shuqi.controller-1.apk on https://play.google.com/store/apps/details?id=com.shuqi.controller !!!
Done processing com.shuqi.controller-1.apk
Time Spent:   0 Days 0 Hours 5 Minutes 46 Seconds

============================================================================
108/159 Starting processing com.sina.news-1.apk ......
Getting apk info from https://play.google.com/store/apps/details?id=com.sina.news ......
Success to get info from Play Store
The lastest version of com.sina.news-1.apk is  4.8.1  
Done processing com.sina.news-1.apk
Time Spent:   0 Days 0 Hours 5 Minutes 51 Seconds

============================================================================
109/159 Starting processing com.smile.gifmaker-1.apk ......
Getting apk info from https://play.google.com/store/apps/details?id=com.smile.gifmaker ......
Success to get info from Play Store
The lastest version of com.smile.gifmaker-1.apk is  4.30  
Done processing com.smile.gifmaker-1.apk
Time Spent:   0 Days 0 Hours 5 Minutes 55 Seconds

============================================================================
110/159 Starting processing com.snda.wifilocating-1.apk ......
Getting apk info from https://play.google.com/store/apps/details?id=com.snda.wifilocating ......
[ERROR] : Cannot find info of com.snda.wifilocating-1.apk on https://play.google.com/store/apps/details?id=com.snda.wifilocating !!!
Done processing com.snda.wifilocating-1.apk
Time Spent:   0 Days 0 Hours 5 Minutes 56 Seconds

============================================================================
111/159 Starting processing com.sohu.inputmethod.sogou-1.apk ......
Getting apk info from https://play.google.com/store/apps/details?id=com.sohu.inputmethod.sogou ......
Success to get info from Play Store
The lastest version of com.sohu.inputmethod.sogou-1.apk is    Varies with device  
Done processing com.sohu.inputmethod.sogou-1.apk
Time Spent:   0 Days 0 Hours 6 Minutes 2 Seconds

============================================================================
112/159 Starting processing com.sohu.newsclient-1.apk ......
Getting apk info from https://play.google.com/store/apps/details?id=com.sohu.newsclient ......
Success to get info from Play Store
The lastest version of com.sohu.newsclient-1.apk is  5.2.5  
Done processing com.sohu.newsclient-1.apk
Time Spent:   0 Days 0 Hours 6 Minutes 9 Seconds

============================================================================
113/159 Starting processing com.ss.android.article.news-1.apk ......
Getting apk info from https://play.google.com/store/apps/details?id=com.ss.android.article.news ......
Success to get info from Play Store
The lastest version of com.ss.android.article.news-1.apk is  4.9.2  
Done processing com.ss.android.article.news-1.apk
Time Spent:   0 Days 0 Hours 6 Minutes 14 Seconds

============================================================================
114/159 Starting processing com.ss.android.essay.joke-1.apk ......
Getting apk info from https://play.google.com/store/apps/details?id=com.ss.android.essay.joke ......
Success to get info from Play Store
The lastest version of com.ss.android.essay.joke-1.apk is  4.3.2  
Done processing com.ss.android.essay.joke-1.apk
Time Spent:   0 Days 0 Hours 6 Minutes 17 Seconds

============================================================================
115/159 Starting processing com.sskj.flashlight-1.apk ......
Getting apk info from https://play.google.com/store/apps/details?id=com.sskj.flashlight ......
[ERROR] : Cannot find info of com.sskj.flashlight-1.apk on https://play.google.com/store/apps/details?id=com.sskj.flashlight !!!
Done processing com.sskj.flashlight-1.apk
Time Spent:   0 Days 0 Hours 6 Minutes 19 Seconds

============================================================================
116/159 Starting processing com.storm.smart-1.apk ......
Getting apk info from https://play.google.com/store/apps/details?id=com.storm.smart ......
[ERROR] : Cannot find info of com.storm.smart-1.apk on https://play.google.com/store/apps/details?id=com.storm.smart !!!
Done processing com.storm.smart-1.apk
Time Spent:   0 Days 0 Hours 6 Minutes 21 Seconds

============================================================================
117/159 Starting processing com.suning.mobile.ebuy-1.apk ......
Getting apk info from https://play.google.com/store/apps/details?id=com.suning.mobile.ebuy ......
[ERROR] : Cannot find info of com.suning.mobile.ebuy-1.apk on https://play.google.com/store/apps/details?id=com.suning.mobile.ebuy !!!
Done processing com.suning.mobile.ebuy-1.apk
Time Spent:   0 Days 0 Hours 6 Minutes 23 Seconds

============================================================================
118/159 Starting processing com.supercell.clashofclans-1.apk ......
Getting apk info from https://play.google.com/store/apps/details?id=com.supercell.clashofclans ......
Success to get info from Play Store
The lastest version of com.supercell.clashofclans-1.apk is  7.156.10  
Done processing com.supercell.clashofclans-1.apk
Time Spent:   0 Days 0 Hours 6 Minutes 28 Seconds

============================================================================
119/159 Starting processing com.syezon.wifi-1.apk ......
Getting apk info from https://play.google.com/store/apps/details?id=com.syezon.wifi ......
[ERROR] : Cannot find info of com.syezon.wifi-1.apk on https://play.google.com/store/apps/details?id=com.syezon.wifi !!!
Done processing com.syezon.wifi-1.apk
Time Spent:   0 Days 0 Hours 6 Minutes 30 Seconds

============================================================================
120/159 Starting processing com.taobao.taobao-1.apk ......
Getting apk info from https://play.google.com/store/apps/details?id=com.taobao.taobao ......
Success to get info from Play Store
The lastest version of com.taobao.taobao-1.apk is  5.3.2  
Done processing com.taobao.taobao-1.apk
Time Spent:   0 Days 0 Hours 6 Minutes 35 Seconds

============================================================================
121/159 Starting processing com.tencent.androidqqmail-1.apk ......
Getting apk info from https://play.google.com/store/apps/details?id=com.tencent.androidqqmail ......
Success to get info from Play Store
The lastest version of com.tencent.androidqqmail-1.apk is  4.1.2  
Done processing com.tencent.androidqqmail-1.apk
Time Spent:   0 Days 0 Hours 6 Minutes 41 Seconds

============================================================================
122/159 Starting processing com.tencent.mm-1.apk ......
Getting apk info from https://play.google.com/store/apps/details?id=com.tencent.mm ......
Success to get info from Play Store
The lastest version of com.tencent.mm-1.apk is    Varies with device  
Done processing com.tencent.mm-1.apk
Time Spent:   0 Days 0 Hours 6 Minutes 47 Seconds

============================================================================
123/159 Starting processing com.tencent.mobileqq-1.apk ......
Getting apk info from https://play.google.com/store/apps/details?id=com.tencent.mobileqq ......
[ERROR] : Cannot find info of com.tencent.mobileqq-1.apk on https://play.google.com/store/apps/details?id=com.tencent.mobileqq !!!
Done processing com.tencent.mobileqq-1.apk
Time Spent:   0 Days 0 Hours 6 Minutes 50 Seconds

============================================================================
124/159 Starting processing com.tencent.mtt-1.apk ......
Getting apk info from https://play.google.com/store/apps/details?id=com.tencent.mtt ......
[ERROR] : Cannot find info of com.tencent.mtt-1.apk on https://play.google.com/store/apps/details?id=com.tencent.mtt !!!
Done processing com.tencent.mtt-1.apk
Time Spent:   0 Days 0 Hours 6 Minutes 51 Seconds

============================================================================
125/159 Starting processing com.tencent.news-1.apk ......
Getting apk info from https://play.google.com/store/apps/details?id=com.tencent.news ......
Success to get info from Play Store
The lastest version of com.tencent.news-1.apk is  4.7.3  
Done processing com.tencent.news-1.apk
Time Spent:   0 Days 0 Hours 6 Minutes 56 Seconds

============================================================================
126/159 Starting processing com.tencent.qqmusic-1.apk ......
Getting apk info from https://play.google.com/store/apps/details?id=com.tencent.qqmusic ......
Success to get info from Play Store
The lastest version of com.tencent.qqmusic-1.apk is  5.5.0.28  
Done processing com.tencent.qqmusic-1.apk
Time Spent:   0 Days 0 Hours 6 Minutes 59 Seconds

============================================================================
127/159 Starting processing com.tencent.research.drop-1.apk ......
Getting apk info from https://play.google.com/store/apps/details?id=com.tencent.research.drop ......
Success to get info from Play Store
The lastest version of com.tencent.research.drop-1.apk is  2.1.436  
Done processing com.tencent.research.drop-1.apk
Time Spent:   0 Days 0 Hours 7 Minutes 2 Seconds

============================================================================
128/159 Starting processing com.thestore.main-1.apk ......
Getting apk info from https://play.google.com/store/apps/details?id=com.thestore.main ......
[ERROR] : Cannot find info of com.thestore.main-1.apk on https://play.google.com/store/apps/details?id=com.thestore.main !!!
Done processing com.thestore.main-1.apk
Time Spent:   0 Days 0 Hours 7 Minutes 8 Seconds

============================================================================
129/159 Starting processing com.tmall.wireless-1.apk ......
Getting apk info from https://play.google.com/store/apps/details?id=com.tmall.wireless ......
Success to get info from Play Store
The lastest version of com.tmall.wireless-1.apk is  5.3.0  
Done processing com.tmall.wireless-1.apk
Time Spent:   0 Days 0 Hours 7 Minutes 12 Seconds

============================================================================
130/159 Starting processing com.tuan800.tao800-1.apk ......
Getting apk info from https://play.google.com/store/apps/details?id=com.tuan800.tao800 ......
Success to get info from Play Store
The lastest version of com.tuan800.tao800-1.apk is  3.6.2  
Done processing com.tuan800.tao800-1.apk
Time Spent:   0 Days 0 Hours 7 Minutes 15 Seconds

============================================================================
131/159 Starting processing com.tudou.android-1.apk ......
Getting apk info from https://play.google.com/store/apps/details?id=com.tudou.android ......
Success to get info from Play Store
The lastest version of com.tudou.android-1.apk is    Varies with device  
Done processing com.tudou.android-1.apk
Time Spent:   0 Days 0 Hours 7 Minutes 19 Seconds

============================================================================
132/159 Starting processing com.ushaqi.zhuishushenqi-1.apk ......
Getting apk info from https://play.google.com/store/apps/details?id=com.ushaqi.zhuishushenqi ......
Success to get info from Play Store
The lastest version of com.ushaqi.zhuishushenqi-1.apk is  3.24  
Done processing com.ushaqi.zhuishushenqi-1.apk
Time Spent:   0 Days 0 Hours 7 Minutes 24 Seconds

============================================================================
133/159 Starting processing com.whatsapp-1.apk ......
Getting apk info from https://play.google.com/store/apps/details?id=com.whatsapp ......
Success to get info from Play Store
The lastest version of com.whatsapp-1.apk is 
Done processing com.whatsapp-1.apk
Time Spent:   0 Days 0 Hours 7 Minutes 30 Seconds

============================================================================
134/159 Starting processing com.wochacha-1.apk ......
Getting apk info from https://play.google.com/store/apps/details?id=com.wochacha ......
[ERROR] : Cannot find info of com.wochacha-1.apk on https://play.google.com/store/apps/details?id=com.wochacha !!!
Done processing com.wochacha-1.apk
Time Spent:   0 Days 0 Hours 7 Minutes 32 Seconds

============================================================================
135/159 Starting processing com.wuba-1.apk ......
Getting apk info from https://play.google.com/store/apps/details?id=com.wuba ......
[ERROR] : Cannot find info of com.wuba-1.apk on https://play.google.com/store/apps/details?id=com.wuba !!!
Done processing com.wuba-1.apk
Time Spent:   0 Days 0 Hours 7 Minutes 34 Seconds

============================================================================
136/159 Starting processing com.xiachufang-1.apk ......
Getting apk info from https://play.google.com/store/apps/details?id=com.xiachufang ......
Success to get info from Play Store
The lastest version of com.xiachufang-1.apk is  V4.4  
Done processing com.xiachufang-1.apk
Time Spent:   0 Days 0 Hours 7 Minutes 39 Seconds

============================================================================
137/159 Starting processing com.ximalaya.ting.android-1.apk ......
Getting apk info from https://play.google.com/store/apps/details?id=com.ximalaya.ting.android ......
[ERROR] : Cannot find info of com.ximalaya.ting.android-1.apk on https://play.google.com/store/apps/details?id=com.ximalaya.ting.android !!!
Done processing com.ximalaya.ting.android-1.apk
Time Spent:   0 Days 0 Hours 7 Minutes 41 Seconds

============================================================================
138/159 Starting processing com.xinmei365.font-1.apk ......
Getting apk info from https://play.google.com/store/apps/details?id=com.xinmei365.font ......
Success to get info from Play Store
The lastest version of com.xinmei365.font-1.apk is    Varies with device  
Done processing com.xinmei365.font-1.apk
Time Spent:   0 Days 0 Hours 7 Minutes 46 Seconds

============================================================================
139/159 Starting processing com.xunlei.downloadprovider-1.apk ......
Getting apk info from https://play.google.com/store/apps/details?id=com.xunlei.downloadprovider ......
Success to get info from Play Store
The lastest version of com.xunlei.downloadprovider-1.apk is  5.1.2.2890  
Done processing com.xunlei.downloadprovider-1.apk
Time Spent:   0 Days 0 Hours 7 Minutes 52 Seconds

============================================================================
140/159 Starting processing com.yiche.price-1.apk ......
Getting apk info from https://play.google.com/store/apps/details?id=com.yiche.price ......
[ERROR] : Cannot find info of com.yiche.price-1.apk on https://play.google.com/store/apps/details?id=com.yiche.price !!!
Done processing com.yiche.price-1.apk
Time Spent:   0 Days 0 Hours 7 Minutes 54 Seconds

============================================================================
141/159 Starting processing com.yoloho.dayima-1.apk ......
Getting apk info from https://play.google.com/store/apps/details?id=com.yoloho.dayima ......
[ERROR] : Cannot find info of com.yoloho.dayima-1.apk on https://play.google.com/store/apps/details?id=com.yoloho.dayima !!!
Done processing com.yoloho.dayima-1.apk
Time Spent:   0 Days 0 Hours 7 Minutes 56 Seconds

============================================================================
142/159 Starting processing com.youdao.dict-1.apk ......
Getting apk info from https://play.google.com/store/apps/details?id=com.youdao.dict ......
Success to get info from Play Store
The lastest version of com.youdao.dict-1.apk is  5.5.0  
Done processing com.youdao.dict-1.apk
Time Spent:   0 Days 0 Hours 8 Minutes 1 Seconds

============================================================================
143/159 Starting processing com.youku.phone-1.apk ......
Getting apk info from https://play.google.com/store/apps/details?id=com.youku.phone ......
[ERROR] : Cannot find info of com.youku.phone-1.apk on https://play.google.com/store/apps/details?id=com.youku.phone !!!
Done processing com.youku.phone-1.apk
Time Spent:   0 Days 0 Hours 8 Minutes 3 Seconds

============================================================================
144/159 Starting processing com.yx-1.apk ......
Getting apk info from https://play.google.com/store/apps/details?id=com.yx ......
[ERROR] : Cannot find info of com.yx-1.apk on https://play.google.com/store/apps/details?id=com.yx !!!
Done processing com.yx-1.apk
Time Spent:   0 Days 0 Hours 8 Minutes 5 Seconds

============================================================================
145/159 Starting processing com.yy.yymeet-1.apk ......
Getting apk info from https://play.google.com/store/apps/details?id=com.yy.yymeet ......
[ERROR] : Cannot find info of com.yy.yymeet-1.apk on https://play.google.com/store/apps/details?id=com.yy.yymeet !!!
Done processing com.yy.yymeet-1.apk
Time Spent:   0 Days 0 Hours 8 Minutes 7 Seconds

============================================================================
146/159 Starting processing com.zdworks.android.zdclock-1.apk ......
Getting apk info from https://play.google.com/store/apps/details?id=com.zdworks.android.zdclock ......
Success to get info from Play Store
The lastest version of com.zdworks.android.zdclock-1.apk is  4.9.537  
Done processing com.zdworks.android.zdclock-1.apk
Time Spent:   0 Days 0 Hours 8 Minutes 10 Seconds

============================================================================
147/159 Starting processing com.zhiqupk.root-1.apk ......
Getting apk info from https://play.google.com/store/apps/details?id=com.zhiqupk.root ......
[ERROR] : Cannot find info of com.zhiqupk.root-1.apk on https://play.google.com/store/apps/details?id=com.zhiqupk.root !!!
Done processing com.zhiqupk.root-1.apk
Time Spent:   0 Days 0 Hours 8 Minutes 12 Seconds

============================================================================
148/159 Starting processing ctrip.android.view-1.apk ......
Getting apk info from https://play.google.com/store/apps/details?id=ctrip.android.view ......
Success to get info from Play Store
The lastest version of ctrip.android.view-1.apk is  6.8.0  
Done processing ctrip.android.view-1.apk
Time Spent:   0 Days 0 Hours 8 Minutes 15 Seconds

============================================================================
149/159 Starting processing dopool.player-1.apk ......
Getting apk info from https://play.google.com/store/apps/details?id=dopool.player ......
[ERROR] : Cannot find info of dopool.player-1.apk on https://play.google.com/store/apps/details?id=dopool.player !!!
Done processing dopool.player-1.apk
Time Spent:   0 Days 0 Hours 8 Minutes 17 Seconds

============================================================================
150/159 Starting processing fm.qingting.qtradio-1.apk ......
Getting apk info from https://play.google.com/store/apps/details?id=fm.qingting.qtradio ......
Success to get info from Play Store
The lastest version of fm.qingting.qtradio-1.apk is  4.7.4  
Done processing fm.qingting.qtradio-1.apk
Time Spent:   0 Days 0 Hours 8 Minutes 22 Seconds

============================================================================
151/159 Starting processing fm.xiami.main-1.apk ......
Getting apk info from https://play.google.com/store/apps/details?id=fm.xiami.main ......
Success to get info from Play Store
The lastest version of fm.xiami.main-1.apk is  5.2.5  
Done processing fm.xiami.main-1.apk
Time Spent:   0 Days 0 Hours 8 Minutes 25 Seconds

============================================================================
152/159 Starting processing im.yixin-1.apk ......
Getting apk info from https://play.google.com/store/apps/details?id=im.yixin ......
Success to get info from Play Store
The lastest version of im.yixin-1.apk is  3.7.0  
Done processing im.yixin-1.apk
Time Spent:   0 Days 0 Hours 8 Minutes 30 Seconds

============================================================================
153/159 Starting processing my.beautyCamera-1.apk ......
Getting apk info from https://play.google.com/store/apps/details?id=my.beautyCamera ......
Success to get info from Play Store
The lastest version of my.beautyCamera-1.apk is  2.5.0  
Done processing my.beautyCamera-1.apk
Time Spent:   0 Days 0 Hours 8 Minutes 32 Seconds

============================================================================
154/159 Starting processing org.fungo.fungolive-1.apk ......
Getting apk info from https://play.google.com/store/apps/details?id=org.fungo.fungolive ......
[ERROR] : Cannot find info of org.fungo.fungolive-1.apk on https://play.google.com/store/apps/details?id=org.fungo.fungolive !!!
Done processing org.fungo.fungolive-1.apk
Time Spent:   0 Days 0 Hours 8 Minutes 34 Seconds

============================================================================
155/159 Starting processing qsbk.app-1.apk ......
Getting apk info from https://play.google.com/store/apps/details?id=qsbk.app ......
[ERROR] : Cannot find info of qsbk.app-1.apk on https://play.google.com/store/apps/details?id=qsbk.app !!!
Done processing qsbk.app-1.apk
Time Spent:   0 Days 0 Hours 8 Minutes 35 Seconds

============================================================================
156/159 Starting processing sina.mobile.tianqitong-1.apk ......
Getting apk info from https://play.google.com/store/apps/details?id=sina.mobile.tianqitong ......
Success to get info from Play Store
The lastest version of sina.mobile.tianqitong-1.apk is  3.71  
Done processing sina.mobile.tianqitong-1.apk
Time Spent:   0 Days 0 Hours 8 Minutes 39 Seconds

============================================================================
157/159 Starting processing tv.danmaku.bili-1.apk ......
Getting apk info from https://play.google.com/store/apps/details?id=tv.danmaku.bili ......
Success to get info from Play Store
The lastest version of tv.danmaku.bili-1.apk is  4.4.3  
Done processing tv.danmaku.bili-1.apk
Time Spent:   0 Days 0 Hours 8 Minutes 44 Seconds

============================================================================
158/159 Starting processing tv.pps.mobile-1.apk ......
Getting apk info from https://play.google.com/store/apps/details?id=tv.pps.mobile ......
Success to get info from Play Store
The lastest version of tv.pps.mobile-1.apk is  4.4.0  
Done processing tv.pps.mobile-1.apk
Time Spent:   0 Days 0 Hours 8 Minutes 50 Seconds

============================================================================
159/159 Starting processing vStudio.Android.Camera360-1.apk ......
Getting apk info from https://play.google.com/store/apps/details?id=vStudio.Android.Camera360 ......
Success to get info from Play Store
The lastest version of vStudio.Android.Camera360-1.apk is  7.0.1  
Done processing vStudio.Android.Camera360-1.apk
Time Spent:   0 Days 0 Hours 8 Minutes 54 Seconds

============================================================================


**************************************************************
All Done
Total Time:   0 Days 0 Hours 8 Minutes 54 Seconds
Result Location:               /home/Git-Apk/code_resource/script_hooks/scan_apk/scan_apk_version/results/AppInfo_2015-09-16-12-23-07.csv
**************************************************************
