Start processing app in list /home/Git-Apk/Updated_list from /home/Git-Apk/All_Apk  ......

============================================================================
1/11 Starting processing air.mwe.cookingcuteheartcupcakes-1.apk ......
Getting apk info from https://play.google.com/store/apps/details?id=air.mwe.cookingcuteheartcupcakes ......
Success to get info from Play Store
The lastest version of air.mwe.cookingcuteheartcupcakes-1.apk is  3.3.4  
Done processing air.mwe.cookingcuteheartcupcakes-1.apk
Time Spent:   0 Days 0 Hours 0 Minutes 6 Seconds

============================================================================
2/11 Starting processing com.Studio17.drawriderplus-1.apk ......
Getting apk info from https://play.google.com/store/apps/details?id=com.Studio17.drawriderplus ......
Success to get info from Play Store
The lastest version of com.Studio17.drawriderplus-1.apk is  6.1  
Done processing com.Studio17.drawriderplus-1.apk
Time Spent:   0 Days 0 Hours 0 Minutes 8 Seconds

============================================================================
3/11 Starting processing com.activision.callofduty.heroes-1.apk ......
Getting apk info from https://play.google.com/store/apps/details?id=com.activision.callofduty.heroes ......
Success to get info from Play Store
The lastest version of com.activision.callofduty.heroes-1.apk is  1.10.0  
Done processing com.activision.callofduty.heroes-1.apk
Time Spent:   0 Days 0 Hours 0 Minutes 12 Seconds

============================================================================
4/11 Starting processing com.disney.cpcompanion_goo-1.apk ......
Getting apk info from https://play.google.com/store/apps/details?id=com.disney.cpcompanion_goo ......
Success to get info from Play Store
The lastest version of com.disney.cpcompanion_goo-1.apk is  1.6.10  
Done processing com.disney.cpcompanion_goo-1.apk
Time Spent:   0 Days 0 Hours 0 Minutes 15 Seconds

============================================================================
5/11 Starting processing com.hcg.cok.gp-1.apk ......
Getting apk info from https://play.google.com/store/apps/details?id=com.hcg.cok.gp ......
Success to get info from Play Store
The lastest version of com.hcg.cok.gp-1.apk is  1.1.11  
Done processing com.hcg.cok.gp-1.apk
Time Spent:   0 Days 0 Hours 0 Minutes 19 Seconds

============================================================================
6/11 Starting processing com.igg.castleclash-1.apk ......
Getting apk info from https://play.google.com/store/apps/details?id=com.igg.castleclash ......
Success to get info from Play Store
The lastest version of com.igg.castleclash-1.apk is  1.2.75  
Done processing com.igg.castleclash-1.apk
Time Spent:   0 Days 0 Hours 0 Minutes 23 Seconds

============================================================================
7/11 Starting processing com.jb.gosms-1.apk ......
Getting apk info from https://play.google.com/store/apps/details?id=com.jb.gosms ......
Success to get info from Play Store
The lastest version of com.jb.gosms-1.apk is    Varies with device  
Done processing com.jb.gosms-1.apk
Time Spent:   0 Days 0 Hours 0 Minutes 27 Seconds

============================================================================
8/11 Starting processing com.julian.fastracing-1.apk ......
Getting apk info from https://play.google.com/store/apps/details?id=com.julian.fastracing ......
Success to get info from Play Store
The lastest version of com.julian.fastracing-1.apk is  1.4  
Done processing com.julian.fastracing-1.apk
Time Spent:   0 Days 0 Hours 0 Minutes 29 Seconds

============================================================================
9/11 Starting processing com.kiwi.skullislandexplorers-1.apk ......
Getting apk info from https://play.google.com/store/apps/details?id=com.kiwi.skullislandexplorers ......
Success to get info from Play Store
The lastest version of com.kiwi.skullislandexplorers-1.apk is 
Done processing com.kiwi.skullislandexplorers-1.apk
Time Spent:   0 Days 0 Hours 0 Minutes 31 Seconds

============================================================================
10/11 Starting processing com.naturalmotion.clumsyninja-1.apk ......
Getting apk info from https://play.google.com/store/apps/details?id=com.naturalmotion.clumsyninja ......
Success to get info from Play Store
The lastest version of com.naturalmotion.clumsyninja-1.apk is 
Done processing com.naturalmotion.clumsyninja-1.apk
Time Spent:   0 Days 0 Hours 0 Minutes 33 Seconds

============================================================================
11/11 Starting processing se.appfamily.balloonpopfree-1.apk ......
Getting apk info from https://play.google.com/store/apps/details?id=se.appfamily.balloonpopfree ......
Success to get info from Play Store
The lastest version of se.appfamily.balloonpopfree-1.apk is  8.1  
Done processing se.appfamily.balloonpopfree-1.apk
Time Spent:   0 Days 0 Hours 0 Minutes 35 Seconds

============================================================================


**************************************************************
All Done
Total Time:   0 Days 0 Hours 0 Minutes 35 Seconds
Result Location:               /home/Git-Apk/code_resource/script_hooks/scan_apk/scan_apk_version/results/AppInfo_2015-10-14-23-20-38.csv
**************************************************************
