Start processing app in list /home/Git-Apk/Updated_list from /home/Git-Apk/All_Apk  ......

============================================================================
1/24 Starting processing air.com.sgn.bookoflife.gp-1.apk ......
Getting apk info from https://play.google.com/store/apps/details?id=air.com.sgn.bookoflife.gp ......
Success to get info from Play Store
The lastest version of air.com.sgn.bookoflife.gp-1.apk is  2.62.104.503251251  
Done processing air.com.sgn.bookoflife.gp-1.apk
Time Spent:   0 Days 0 Hours 0 Minutes 3 Seconds

============================================================================
2/24 Starting processing com.bennettracingsimulations.dirttrackin-1.apk ......
Getting apk info from https://play.google.com/store/apps/details?id=com.bennettracingsimulations.dirttrackin ......
Success to get info from Play Store
The lastest version of com.bennettracingsimulations.dirttrackin-1.apk is 
Done processing com.bennettracingsimulations.dirttrackin-1.apk
Time Spent:   0 Days 0 Hours 0 Minutes 8 Seconds

============================================================================
3/24 Starting processing com.dirtybit.funrun2-1.apk ......
Getting apk info from https://play.google.com/store/apps/details?id=com.dirtybit.funrun2 ......
Success to get info from Play Store
The lastest version of com.dirtybit.funrun2-1.apk is  1.8  
Done processing com.dirtybit.funrun2-1.apk
Time Spent:   0 Days 0 Hours 0 Minutes 11 Seconds

============================================================================
4/24 Starting processing com.ea.game.simpsons4_na-1.apk ......
Getting apk info from https://play.google.com/store/apps/details?id=com.ea.game.simpsons4_na ......
Success to get info from Play Store
The lastest version of com.ea.game.simpsons4_na-1.apk is  4.14.0  
Done processing com.ea.game.simpsons4_na-1.apk
Time Spent:   0 Days 0 Hours 0 Minutes 16 Seconds

============================================================================
5/24 Starting processing com.hcg.cok.gp-1.apk ......
Getting apk info from https://play.google.com/store/apps/details?id=com.hcg.cok.gp ......
Success to get info from Play Store
The lastest version of com.hcg.cok.gp-1.apk is  1.0.86  
Done processing com.hcg.cok.gp-1.apk
Time Spent:   0 Days 0 Hours 0 Minutes 21 Seconds

============================================================================
6/24 Starting processing com.hotheadgames.google.free.rawsniper-1.apk ......
Getting apk info from https://play.google.com/store/apps/details?id=com.hotheadgames.google.free.rawsniper ......
Success to get info from Play Store
The lastest version of com.hotheadgames.google.free.rawsniper-1.apk is  1.7  
Done processing com.hotheadgames.google.free.rawsniper-1.apk
Time Spent:   0 Days 0 Hours 0 Minutes 23 Seconds

============================================================================
7/24 Starting processing com.instagram.android-1.apk ......
Getting apk info from https://play.google.com/store/apps/details?id=com.instagram.android ......
Success to get info from Play Store
The lastest version of com.instagram.android-1.apk is    Varies with device  
Done processing com.instagram.android-1.apk
Time Spent:   0 Days 0 Hours 0 Minutes 27 Seconds

============================================================================
8/24 Starting processing com.king.candycrushsaga-1.apk ......
Getting apk info from https://play.google.com/store/apps/details?id=com.king.candycrushsaga ......
Success to get info from Play Store
The lastest version of com.king.candycrushsaga-1.apk is  1.51.2  
Done processing com.king.candycrushsaga-1.apk
Time Spent:   0 Days 0 Hours 0 Minutes 32 Seconds

============================================================================
9/24 Starting processing com.king.petrescuesaga-1.apk ......
Getting apk info from https://play.google.com/store/apps/details?id=com.king.petrescuesaga ......
Success to get info from Play Store
The lastest version of com.king.petrescuesaga-1.apk is  1.41.0  
Done processing com.king.petrescuesaga-1.apk
Time Spent:   0 Days 0 Hours 0 Minutes 35 Seconds

============================================================================
10/24 Starting processing com.ksmobile.launcher-1.apk ......
Getting apk info from https://play.google.com/store/apps/details?id=com.ksmobile.launcher ......
Success to get info from Play Store
The lastest version of com.ksmobile.launcher-1.apk is  1.6.5  
Done processing com.ksmobile.launcher-1.apk
Time Spent:   0 Days 0 Hours 0 Minutes 39 Seconds

============================================================================
11/24 Starting processing com.linecorp.LGTMTMG-1.apk ......
Getting apk info from https://play.google.com/store/apps/details?id=com.linecorp.LGTMTMG ......
Success to get info from Play Store
The lastest version of com.linecorp.LGTMTMG-1.apk is  1.11.0  
Done processing com.linecorp.LGTMTMG-1.apk
Time Spent:   0 Days 0 Hours 0 Minutes 43 Seconds

============================================================================
12/24 Starting processing com.littleinferno.google-1.apk ......
Getting apk info from https://play.google.com/store/apps/details?id=com.littleinferno.google ......
Success to get info from Play Store
The lastest version of com.littleinferno.google-1.apk is  1.2.1  
Done processing com.littleinferno.google-1.apk
Time Spent:   0 Days 0 Hours 0 Minutes 46 Seconds

============================================================================
13/24 Starting processing com.ludia.familyfeudblitz-1.apk ......
Getting apk info from https://play.google.com/store/apps/details?id=com.ludia.familyfeudblitz ......
Success to get info from Play Store
The lastest version of com.ludia.familyfeudblitz-1.apk is  1.9.7  
Done processing com.ludia.familyfeudblitz-1.apk
Time Spent:   0 Days 0 Hours 0 Minutes 51 Seconds

============================================================================
14/24 Starting processing com.magmic.skipbo-1.apk ......
Getting apk info from https://play.google.com/store/apps/details?id=com.magmic.skipbo ......
Success to get info from Play Store
The lastest version of com.magmic.skipbo-1.apk is    Varies with device  
Done processing com.magmic.skipbo-1.apk
Time Spent:   0 Days 0 Hours 0 Minutes 54 Seconds

============================================================================
15/24 Starting processing com.midasplayer.apps.diamonddiggersaga-1.apk ......
Getting apk info from https://play.google.com/store/apps/details?id=com.midasplayer.apps.diamonddiggersaga ......
Success to get info from Play Store
The lastest version of com.midasplayer.apps.diamonddiggersaga-1.apk is 
Done processing com.midasplayer.apps.diamonddiggersaga-1.apk
Time Spent:   0 Days 0 Hours 0 Minutes 58 Seconds

============================================================================
16/24 Starting processing com.miniclip.eightballpool-1.apk ......
Getting apk info from https://play.google.com/store/apps/details?id=com.miniclip.eightballpool ......
Success to get info from Play Store
The lastest version of com.miniclip.eightballpool-1.apk is  3.2.4  
Done processing com.miniclip.eightballpool-1.apk
Time Spent:   0 Days 0 Hours 1 Minutes 2 Seconds

============================================================================
17/24 Starting processing com.playstudios.myvegas-1.apk ......
Getting apk info from https://play.google.com/store/apps/details?id=com.playstudios.myvegas ......
Success to get info from Play Store
The lastest version of com.playstudios.myvegas-1.apk is  1.16.0  
Done processing com.playstudios.myvegas-1.apk
Time Spent:   0 Days 0 Hours 1 Minutes 6 Seconds

============================================================================
18/24 Starting processing com.purplekiwii.mb-1.apk ......
Getting apk info from https://play.google.com/store/apps/details?id=com.purplekiwii.mb ......
Success to get info from Play Store
The lastest version of com.purplekiwii.mb-1.apk is  1.2.25  
Done processing com.purplekiwii.mb-1.apk
Time Spent:   0 Days 0 Hours 1 Minutes 9 Seconds

============================================================================
19/24 Starting processing com.qihoo.security-1.apk ......
Getting apk info from https://play.google.com/store/apps/details?id=com.qihoo.security ......
Success to get info from Play Store
The lastest version of com.qihoo.security-1.apk is  3.2.1  
Done processing com.qihoo.security-1.apk
Time Spent:   0 Days 0 Hours 1 Minutes 13 Seconds

============================================================================
20/24 Starting processing com.quvideo.xiaoying-1.apk ......
Getting apk info from https://play.google.com/store/apps/details?id=com.quvideo.xiaoying ......
Success to get info from Play Store
The lastest version of com.quvideo.xiaoying-1.apk is  4.1.2  
Done processing com.quvideo.xiaoying-1.apk
Time Spent:   0 Days 0 Hours 1 Minutes 17 Seconds

============================================================================
21/24 Starting processing com.quvideo.xiaoying.pro-1.apk ......
Getting apk info from https://play.google.com/store/apps/details?id=com.quvideo.xiaoying.pro ......
Success to get info from Play Store
The lastest version of com.quvideo.xiaoying.pro-1.apk is  4.1.2  
Done processing com.quvideo.xiaoying.pro-1.apk
Time Spent:   0 Days 0 Hours 1 Minutes 20 Seconds

============================================================================
22/24 Starting processing com.slingmedia.slingPlayer-1.apk ......
Getting apk info from https://play.google.com/store/apps/details?id=com.slingmedia.slingPlayer ......
Success to get info from Play Store
The lastest version of com.slingmedia.slingPlayer-1.apk is    Varies with device  
Done processing com.slingmedia.slingPlayer-1.apk
Time Spent:   0 Days 0 Hours 1 Minutes 23 Seconds

============================================================================
23/24 Starting processing com.teamlava.candy-1.apk ......
Getting apk info from https://play.google.com/store/apps/details?id=com.teamlava.candy ......
Success to get info from Play Store
The lastest version of com.teamlava.candy-1.apk is  1.3.8.4g  
Done processing com.teamlava.candy-1.apk
Time Spent:   0 Days 0 Hours 1 Minutes 28 Seconds

============================================================================
24/24 Starting processing com.wlwx.ma_explore2-1.apk ......
Getting apk info from https://play.google.com/store/apps/details?id=com.wlwx.ma_explore2 ......
Success to get info from Play Store
The lastest version of com.wlwx.ma_explore2-1.apk is  1.3.0  
Done processing com.wlwx.ma_explore2-1.apk
Time Spent:   0 Days 0 Hours 1 Minutes 30 Seconds

============================================================================


**************************************************************
All Done
Total Time:   0 Days 0 Hours 1 Minutes 30 Seconds
Result Location:               /home/Git-Apk/code_resource/script_hooks/scan_apk/scan_apk_version/results/AppInfo_2015-04-17-14-08-29.csv
**************************************************************
