Start processing app in list /home/Git-Apk/Updated_list from /home/Git-Apk/All_Apk  ......

============================================================================
1/79 Starting processing air.com.bigfishgames.fairwayrevengegooguniversalf2p-1.apk ......
Getting apk info from https://play.google.com/store/apps/details?id=air.com.bigfishgames.fairwayrevengegooguniversalf2p ......
Success to get info from Play Store
The lastest version of air.com.bigfishgames.fairwayrevengegooguniversalf2p-1.apk is  1.8.9  
Done processing air.com.bigfishgames.fairwayrevengegooguniversalf2p-1.apk
Time Spent:   0 Days 0 Hours 0 Minutes 2 Seconds

============================================================================
2/79 Starting processing air.com.clarusvictoria.preciv.ba-1.apk ......
Getting apk info from https://play.google.com/store/apps/details?id=air.com.clarusvictoria.preciv.ba ......
Success to get info from Play Store
The lastest version of air.com.clarusvictoria.preciv.ba-1.apk is  1.4.1  
Done processing air.com.clarusvictoria.preciv.ba-1.apk
Time Spent:   0 Days 0 Hours 0 Minutes 4 Seconds

============================================================================
3/79 Starting processing air.com.eastsidegamestudio.PFMunchieAndroid-1.apk ......
Getting apk info from https://play.google.com/store/apps/details?id=air.com.eastsidegamestudio.PFMunchieAndroid ......
Success to get info from Play Store
The lastest version of air.com.eastsidegamestudio.PFMunchieAndroid-1.apk is  1.1  
Done processing air.com.eastsidegamestudio.PFMunchieAndroid-1.apk
Time Spent:   0 Days 0 Hours 0 Minutes 6 Seconds

============================================================================
4/79 Starting processing air.com.jcsoft.freddysjumpscarefactory-1.apk ......
Getting apk info from https://play.google.com/store/apps/details?id=air.com.jcsoft.freddysjumpscarefactory ......
Success to get info from Play Store
The lastest version of air.com.jcsoft.freddysjumpscarefactory-1.apk is  2.0  
Done processing air.com.jcsoft.freddysjumpscarefactory-1.apk
Time Spent:   0 Days 0 Hours 0 Minutes 9 Seconds

============================================================================
5/79 Starting processing air.com.sgn.juicejam.gp-1.apk ......
Getting apk info from https://play.google.com/store/apps/details?id=air.com.sgn.juicejam.gp ......
Success to get info from Play Store
The lastest version of air.com.sgn.juicejam.gp-1.apk is  1.5.261  
Done processing air.com.sgn.juicejam.gp-1.apk
Time Spent:   0 Days 0 Hours 0 Minutes 11 Seconds

============================================================================
6/79 Starting processing air.theflash.f2game.DinoCorps-1.apk ......
Getting apk info from https://play.google.com/store/apps/details?id=air.theflash.f2game.DinoCorps ......
Success to get info from Play Store
The lastest version of air.theflash.f2game.DinoCorps-1.apk is  1.01  
Done processing air.theflash.f2game.DinoCorps-1.apk
Time Spent:   0 Days 0 Hours 0 Minutes 13 Seconds

============================================================================
7/79 Starting processing com.JohnWright.ThriveIsland-1.apk ......
Getting apk info from https://play.google.com/store/apps/details?id=com.JohnWright.ThriveIsland ......
Success to get info from Play Store
The lastest version of com.JohnWright.ThriveIsland-1.apk is  2.0  
Done processing com.JohnWright.ThriveIsland-1.apk
Time Spent:   0 Days 0 Hours 0 Minutes 15 Seconds

============================================================================
8/79 Starting processing com.PSVStudio.PeppaInTheSupermarket-1.apk ......
Getting apk info from https://play.google.com/store/apps/details?id=com.PSVStudio.PeppaInTheSupermarket ......
Success to get info from Play Store
The lastest version of com.PSVStudio.PeppaInTheSupermarket-1.apk is  1.0.10  
Done processing com.PSVStudio.PeppaInTheSupermarket-1.apk
Time Spent:   0 Days 0 Hours 0 Minutes 18 Seconds

============================================================================
9/79 Starting processing com.PSVStudio.PeppaInTheSupermarketPro-1.apk ......
Getting apk info from https://play.google.com/store/apps/details?id=com.PSVStudio.PeppaInTheSupermarketPro ......
Success to get info from Play Store
The lastest version of com.PSVStudio.PeppaInTheSupermarketPro-1.apk is  1.0.5  
Done processing com.PSVStudio.PeppaInTheSupermarketPro-1.apk
Time Spent:   0 Days 0 Hours 0 Minutes 20 Seconds

============================================================================
10/79 Starting processing com.Seabaa.Dual-1.apk ......
Getting apk info from https://play.google.com/store/apps/details?id=com.Seabaa.Dual ......
Success to get info from Play Store
The lastest version of com.Seabaa.Dual-1.apk is  1.1.5  
Done processing com.Seabaa.Dual-1.apk
Time Spent:   0 Days 0 Hours 0 Minutes 22 Seconds

============================================================================
11/79 Starting processing com.ViperGames.StickmanWarriors-1.apk ......
Getting apk info from https://play.google.com/store/apps/details?id=com.ViperGames.StickmanWarriors ......
Success to get info from Play Store
The lastest version of com.ViperGames.StickmanWarriors-1.apk is  1.3  
Done processing com.ViperGames.StickmanWarriors-1.apk
Time Spent:   0 Days 0 Hours 0 Minutes 25 Seconds

============================================================================
12/79 Starting processing com.alawar.theotherside-1.apk ......
Getting apk info from https://play.google.com/store/apps/details?id=com.alawar.theotherside ......
Success to get info from Play Store
The lastest version of com.alawar.theotherside-1.apk is  1.12  
Done processing com.alawar.theotherside-1.apk
Time Spent:   0 Days 0 Hours 0 Minutes 27 Seconds

============================================================================
13/79 Starting processing com.bandainamcoent.tamagothiclassicus-1.apk ......
Getting apk info from https://play.google.com/store/apps/details?id=com.bandainamcoent.tamagothiclassicus ......
Success to get info from Play Store
The lastest version of com.bandainamcoent.tamagothiclassicus-1.apk is  1.0.0  
Done processing com.bandainamcoent.tamagothiclassicus-1.apk
Time Spent:   0 Days 0 Hours 0 Minutes 30 Seconds

============================================================================
14/79 Starting processing com.bolegames.gos-1.apk ......
Getting apk info from https://play.google.com/store/apps/details?id=com.bolegames.gos ......
Success to get info from Play Store
The lastest version of com.bolegames.gos-1.apk is  1.07  
Done processing com.bolegames.gos-1.apk
Time Spent:   0 Days 0 Hours 0 Minutes 33 Seconds

============================================================================
15/79 Starting processing com.bubble.snow2-1.apk ......
Getting apk info from https://play.google.com/store/apps/details?id=com.bubble.snow2 ......
Success to get info from Play Store
The lastest version of com.bubble.snow2-1.apk is  1.0.2  
Done processing com.bubble.snow2-1.apk
Time Spent:   0 Days 0 Hours 0 Minutes 36 Seconds

============================================================================
16/79 Starting processing com.cg.football-1.apk ......
Getting apk info from https://play.google.com/store/apps/details?id=com.cg.football ......
Success to get info from Play Store
The lastest version of com.cg.football-1.apk is  1.1.2  
Done processing com.cg.football-1.apk
Time Spent:   0 Days 0 Hours 0 Minutes 39 Seconds

============================================================================
17/79 Starting processing com.cmcm.locker-1.apk ......
Getting apk info from https://play.google.com/store/apps/details?id=com.cmcm.locker ......
Success to get info from Play Store
The lastest version of com.cmcm.locker-1.apk is  2.2.7  
Done processing com.cmcm.locker-1.apk
Time Spent:   0 Days 0 Hours 0 Minutes 42 Seconds

============================================================================
18/79 Starting processing com.degoo.android.icemommy-1.apk ......
Getting apk info from https://play.google.com/store/apps/details?id=com.degoo.android.icemommy ......
Success to get info from Play Store
The lastest version of com.degoo.android.icemommy-1.apk is  1.0.5  
Done processing com.degoo.android.icemommy-1.apk
Time Spent:   0 Days 0 Hours 0 Minutes 46 Seconds

============================================================================
19/79 Starting processing com.dena.west.MarvelArena-1.apk ......
Getting apk info from https://play.google.com/store/apps/details?id=com.dena.west.MarvelArena ......
Success to get info from Play Store
The lastest version of com.dena.west.MarvelArena-1.apk is  1.1.5  
Done processing com.dena.west.MarvelArena-1.apk
Time Spent:   0 Days 0 Hours 0 Minutes 49 Seconds

============================================================================
20/79 Starting processing com.fighter.fun.kk-1.apk ......
Getting apk info from https://play.google.com/store/apps/details?id=com.fighter.fun.kk ......
Success to get info from Play Store
The lastest version of com.fighter.fun.kk-1.apk is  2.20.150328  
Done processing com.fighter.fun.kk-1.apk
Time Spent:   0 Days 0 Hours 0 Minutes 52 Seconds

============================================================================
21/79 Starting processing com.gadgetcrafts.gt5-1.apk ......
Getting apk info from https://play.google.com/store/apps/details?id=com.gadgetcrafts.gt5 ......
Success to get info from Play Store
The lastest version of com.gadgetcrafts.gt5-1.apk is  1.0.6  
Done processing com.gadgetcrafts.gt5-1.apk
Time Spent:   0 Days 0 Hours 0 Minutes 55 Seconds

============================================================================
22/79 Starting processing com.gamevilusa.dungeonlink.android.google.global.normal-1.apk ......
Getting apk info from https://play.google.com/store/apps/details?id=com.gamevilusa.dungeonlink.android.google.global.normal ......
Success to get info from Play Store
The lastest version of com.gamevilusa.dungeonlink.android.google.global.normal-1.apk is  0.9.38  
Done processing com.gamevilusa.dungeonlink.android.google.global.normal-1.apk
Time Spent:   0 Days 0 Hours 0 Minutes 59 Seconds

============================================================================
23/79 Starting processing com.gamevilusa.mlbpi15.android.google.global.normal-1.apk ......
Getting apk info from https://play.google.com/store/apps/details?id=com.gamevilusa.mlbpi15.android.google.global.normal ......
Success to get info from Play Store
The lastest version of com.gamevilusa.mlbpi15.android.google.global.normal-1.apk is  3.0.7  
Done processing com.gamevilusa.mlbpi15.android.google.global.normal-1.apk
Time Spent:   0 Days 0 Hours 1 Minutes 2 Seconds

============================================================================
24/79 Starting processing com.glu.baseball15-1.apk ......
Getting apk info from https://play.google.com/store/apps/details?id=com.glu.baseball15 ......
Success to get info from Play Store
The lastest version of com.glu.baseball15-1.apk is  1.1.1  
Done processing com.glu.baseball15-1.apk
Time Spent:   0 Days 0 Hours 1 Minutes 7 Seconds

============================================================================
25/79 Starting processing com.glu.dd2-1.apk ......
Getting apk info from https://play.google.com/store/apps/details?id=com.glu.dd2 ......
Success to get info from Play Store
The lastest version of com.glu.dd2-1.apk is  1.0.2.1  
Done processing com.glu.dd2-1.apk
Time Spent:   0 Days 0 Hours 1 Minutes 11 Seconds

============================================================================
26/79 Starting processing com.glutenfreegames.catsimulator-1.apk ......
Getting apk info from https://play.google.com/store/apps/details?id=com.glutenfreegames.catsimulator ......
Success to get info from Play Store
The lastest version of com.glutenfreegames.catsimulator-1.apk is  1.0.4  
Done processing com.glutenfreegames.catsimulator-1.apk
Time Spent:   0 Days 0 Hours 1 Minutes 16 Seconds

============================================================================
27/79 Starting processing com.glutenfreegames.falconsimulator-1.apk ......
Getting apk info from https://play.google.com/store/apps/details?id=com.glutenfreegames.falconsimulator ......
Success to get info from Play Store
The lastest version of com.glutenfreegames.falconsimulator-1.apk is  1.0.2  
Done processing com.glutenfreegames.falconsimulator-1.apk
Time Spent:   0 Days 0 Hours 1 Minutes 20 Seconds

============================================================================
28/79 Starting processing com.glutenfreegames.hyenasimulator-1.apk ......
Getting apk info from https://play.google.com/store/apps/details?id=com.glutenfreegames.hyenasimulator ......
Success to get info from Play Store
The lastest version of com.glutenfreegames.hyenasimulator-1.apk is  1  
Done processing com.glutenfreegames.hyenasimulator-1.apk
Time Spent:   0 Days 0 Hours 1 Minutes 24 Seconds

============================================================================
29/79 Starting processing com.glutenfreegames.scorpionsimulator-1.apk ......
Getting apk info from https://play.google.com/store/apps/details?id=com.glutenfreegames.scorpionsimulator ......
Success to get info from Play Store
The lastest version of com.glutenfreegames.scorpionsimulator-1.apk is  1.0  
Done processing com.glutenfreegames.scorpionsimulator-1.apk
Time Spent:   0 Days 0 Hours 1 Minutes 28 Seconds

============================================================================
30/79 Starting processing com.gtarcade.loa.ph-1.apk ......
Getting apk info from https://play.google.com/store/apps/details?id=com.gtarcade.loa.ph ......
Success to get info from Play Store
The lastest version of com.gtarcade.loa.ph-1.apk is  1.7.52.7  
Done processing com.gtarcade.loa.ph-1.apk
Time Spent:   0 Days 0 Hours 1 Minutes 32 Seconds

============================================================================
31/79 Starting processing com.hammerhead.furious7-1.apk ......
Getting apk info from https://play.google.com/store/apps/details?id=com.hammerhead.furious7 ......
Success to get info from Play Store
The lastest version of com.hammerhead.furious7-1.apk is  4.3  
Done processing com.hammerhead.furious7-1.apk
Time Spent:   0 Days 0 Hours 1 Minutes 34 Seconds

============================================================================
32/79 Starting processing com.holeinone.twenty48-1.apk ......
Getting apk info from https://play.google.com/store/apps/details?id=com.holeinone.twenty48 ......
Success to get info from Play Store
The lastest version of com.holeinone.twenty48-1.apk is  1.0  
Done processing com.holeinone.twenty48-1.apk
Time Spent:   0 Days 0 Hours 1 Minutes 36 Seconds

============================================================================
33/79 Starting processing com.jellybtn.cashkingmobile-1.apk ......
Getting apk info from https://play.google.com/store/apps/details?id=com.jellybtn.cashkingmobile ......
Success to get info from Play Store
The lastest version of com.jellybtn.cashkingmobile-1.apk is  2.1.5  
Done processing com.jellybtn.cashkingmobile-1.apk
Time Spent:   0 Days 0 Hours 1 Minutes 38 Seconds

============================================================================
34/79 Starting processing com.jjacrappsllc.noaa-1.apk ......
Getting apk info from https://play.google.com/store/apps/details?id=com.jjacrappsllc.noaa ......
Success to get info from Play Store
The lastest version of com.jjacrappsllc.noaa-1.apk is  1.1  
Done processing com.jjacrappsllc.noaa-1.apk
Time Spent:   0 Days 0 Hours 1 Minutes 40 Seconds

============================================================================
35/79 Starting processing com.junerking.archery-1.apk ......
Getting apk info from https://play.google.com/store/apps/details?id=com.junerking.archery ......
Success to get info from Play Store
The lastest version of com.junerking.archery-1.apk is  1.6  
Done processing com.junerking.archery-1.apk
Time Spent:   0 Days 0 Hours 1 Minutes 43 Seconds

============================================================================
36/79 Starting processing com.ketchapp.catchtherabbit-1.apk ......
Getting apk info from https://play.google.com/store/apps/details?id=com.ketchapp.catchtherabbit ......
Success to get info from Play Store
The lastest version of com.ketchapp.catchtherabbit-1.apk is  1.0.0  
Done processing com.ketchapp.catchtherabbit-1.apk
Time Spent:   0 Days 0 Hours 1 Minutes 45 Seconds

============================================================================
37/79 Starting processing com.lazyswipe-1.apk ......
Getting apk info from https://play.google.com/store/apps/details?id=com.lazyswipe ......
Success to get info from Play Store
The lastest version of com.lazyswipe-1.apk is  2.0  
Done processing com.lazyswipe-1.apk
Time Spent:   0 Days 0 Hours 1 Minutes 47 Seconds

============================================================================
38/79 Starting processing com.linecorp.LGLP2-1.apk ......
Getting apk info from https://play.google.com/store/apps/details?id=com.linecorp.LGLP2 ......
Success to get info from Play Store
The lastest version of com.linecorp.LGLP2-1.apk is  1.8.1  
Done processing com.linecorp.LGLP2-1.apk
Time Spent:   0 Days 0 Hours 1 Minutes 50 Seconds

============================================================================
39/79 Starting processing com.luckygame.slotstournament-1.apk ......
Getting apk info from https://play.google.com/store/apps/details?id=com.luckygame.slotstournament ......
Success to get info from Play Store
The lastest version of com.luckygame.slotstournament-1.apk is  1.5.057  
Done processing com.luckygame.slotstournament-1.apk
Time Spent:   0 Days 0 Hours 1 Minutes 52 Seconds

============================================================================
40/79 Starting processing com.luckystargame.funshowhand-1.apk ......
Getting apk info from https://play.google.com/store/apps/details?id=com.luckystargame.funshowhand ......
Success to get info from Play Store
The lastest version of com.luckystargame.funshowhand-1.apk is  15.06.08  
Done processing com.luckystargame.funshowhand-1.apk
Time Spent:   0 Days 0 Hours 1 Minutes 54 Seconds

============================================================================
41/79 Starting processing com.ludia.waldo3free-1.apk ......
Getting apk info from https://play.google.com/store/apps/details?id=com.ludia.waldo3free ......
Success to get info from Play Store
The lastest version of com.ludia.waldo3free-1.apk is  3.5.3  
Done processing com.ludia.waldo3free-1.apk
Time Spent:   0 Days 0 Hours 1 Minutes 56 Seconds

============================================================================
42/79 Starting processing com.magicnotion.kpmatchmaker-1.apk ......
Getting apk info from https://play.google.com/store/apps/details?id=com.magicnotion.kpmatchmaker ......
Success to get info from Play Store
The lastest version of com.magicnotion.kpmatchmaker-1.apk is 
Done processing com.magicnotion.kpmatchmaker-1.apk
Time Spent:   0 Days 0 Hours 1 Minutes 58 Seconds

============================================================================
43/79 Starting processing com.malangstudio.alarmmon-1.apk ......
Getting apk info from https://play.google.com/store/apps/details?id=com.malangstudio.alarmmon ......
Success to get info from Play Store
The lastest version of com.malangstudio.alarmmon-1.apk is    Varies with device  
Done processing com.malangstudio.alarmmon-1.apk
Time Spent:   0 Days 0 Hours 2 Minutes 1 Seconds

============================================================================
44/79 Starting processing com.marinetraffic.android-1.apk ......
Getting apk info from https://play.google.com/store/apps/details?id=com.marinetraffic.android ......
Success to get info from Play Store
The lastest version of com.marinetraffic.android-1.apk is  3.3.7  
Done processing com.marinetraffic.android-1.apk
Time Spent:   0 Days 0 Hours 2 Minutes 3 Seconds

============================================================================
45/79 Starting processing com.microids.google.bcnorthvssouth-1.apk ......
Getting apk info from https://play.google.com/store/apps/details?id=com.microids.google.bcnorthvssouth ......
Success to get info from Play Store
The lastest version of com.microids.google.bcnorthvssouth-1.apk is  1.3  
Done processing com.microids.google.bcnorthvssouth-1.apk
Time Spent:   0 Days 0 Hours 2 Minutes 5 Seconds

============================================================================
46/79 Starting processing com.mtvn.BubbleParty-1.apk ......
Getting apk info from https://play.google.com/store/apps/details?id=com.mtvn.BubbleParty ......
Success to get info from Play Store
The lastest version of com.mtvn.BubbleParty-1.apk is  1.9.5  
Done processing com.mtvn.BubbleParty-1.apk
Time Spent:   0 Days 0 Hours 2 Minutes 7 Seconds

============================================================================
47/79 Starting processing com.mtvn.blazegoogleHD-1.apk ......
Getting apk info from https://play.google.com/store/apps/details?id=com.mtvn.blazegoogleHD ......
Success to get info from Play Store
The lastest version of com.mtvn.blazegoogleHD-1.apk is  1.2  
Done processing com.mtvn.blazegoogleHD-1.apk
Time Spent:   0 Days 0 Hours 2 Minutes 10 Seconds

============================================================================
48/79 Starting processing com.nexonm.dominations.adk-1.apk ......
Getting apk info from https://play.google.com/store/apps/details?id=com.nexonm.dominations.adk ......
Success to get info from Play Store
The lastest version of com.nexonm.dominations.adk-1.apk is 
Done processing com.nexonm.dominations.adk-1.apk
Time Spent:   0 Days 0 Hours 2 Minutes 12 Seconds

============================================================================
49/79 Starting processing com.nobstudio.chengshuwan.prisonLifeRPG-1.apk ......
Getting apk info from https://play.google.com/store/apps/details?id=com.nobstudio.chengshuwan.prisonLifeRPG ......
Success to get info from Play Store
The lastest version of com.nobstudio.chengshuwan.prisonLifeRPG-1.apk is  1.3.5  
Done processing com.nobstudio.chengshuwan.prisonLifeRPG-1.apk
Time Spent:   0 Days 0 Hours 2 Minutes 15 Seconds

============================================================================
50/79 Starting processing com.notdoppler.earntodie2-1.apk ......
Getting apk info from https://play.google.com/store/apps/details?id=com.notdoppler.earntodie2 ......
Success to get info from Play Store
The lastest version of com.notdoppler.earntodie2-1.apk is  1.0.45  
Done processing com.notdoppler.earntodie2-1.apk
Time Spent:   0 Days 0 Hours 2 Minutes 17 Seconds

============================================================================
51/79 Starting processing com.okshur.enchantedCave2-1.apk ......
Getting apk info from https://play.google.com/store/apps/details?id=com.okshur.enchantedCave2 ......
Success to get info from Play Store
The lastest version of com.okshur.enchantedCave2-1.apk is  2.19  
Done processing com.okshur.enchantedCave2-1.apk
Time Spent:   0 Days 0 Hours 2 Minutes 21 Seconds

============================================================================
52/79 Starting processing com.perk.scratchandwin.aphone-1.apk ......
Getting apk info from https://play.google.com/store/apps/details?id=com.perk.scratchandwin.aphone ......
Success to get info from Play Store
The lastest version of com.perk.scratchandwin.aphone-1.apk is  1.4.9  
Done processing com.perk.scratchandwin.aphone-1.apk
Time Spent:   0 Days 0 Hours 2 Minutes 23 Seconds

============================================================================
53/79 Starting processing com.playstation.counterspy-1.apk ......
Getting apk info from https://play.google.com/store/apps/details?id=com.playstation.counterspy ......
Success to get info from Play Store
The lastest version of com.playstation.counterspy-1.apk is  1.0.110  
Done processing com.playstation.counterspy-1.apk
Time Spent:   0 Days 0 Hours 2 Minutes 27 Seconds

============================================================================
54/79 Starting processing com.playtomax.snail_bob-1.apk ......
Getting apk info from https://play.google.com/store/apps/details?id=com.playtomax.snail_bob ......
Success to get info from Play Store
The lastest version of com.playtomax.snail_bob-1.apk is  1.0  
Done processing com.playtomax.snail_bob-1.apk
Time Spent:   0 Days 0 Hours 2 Minutes 29 Seconds

============================================================================
55/79 Starting processing com.possiblegames.edge-1.apk ......
Getting apk info from https://play.google.com/store/apps/details?id=com.possiblegames.edge ......
Success to get info from Play Store
The lastest version of com.possiblegames.edge-1.apk is  1.5.0  
Done processing com.possiblegames.edge-1.apk
Time Spent:   0 Days 0 Hours 2 Minutes 31 Seconds

============================================================================
56/79 Starting processing com.roostergames.hillclimbtruckracing3-1.apk ......
Getting apk info from https://play.google.com/store/apps/details?id=com.roostergames.hillclimbtruckracing3 ......
Success to get info from Play Store
The lastest version of com.roostergames.hillclimbtruckracing3-1.apk is  1.10  
Done processing com.roostergames.hillclimbtruckracing3-1.apk
Time Spent:   0 Days 0 Hours 2 Minutes 33 Seconds

============================================================================
57/79 Starting processing com.ruglosebetween.sew-1.apk ......
Getting apk info from https://play.google.com/store/apps/details?id=com.ruglosebetween.sew ......
Success to get info from Play Store
The lastest version of com.ruglosebetween.sew-1.apk is  1.0  
Done processing com.ruglosebetween.sew-1.apk
Time Spent:   0 Days 0 Hours 2 Minutes 35 Seconds

============================================================================
58/79 Starting processing com.run6.withmy-1.apk ......
Getting apk info from https://play.google.com/store/apps/details?id=com.run6.withmy ......
Success to get info from Play Store
The lastest version of com.run6.withmy-1.apk is  1.0  
Done processing com.run6.withmy-1.apk
Time Spent:   0 Days 0 Hours 2 Minutes 36 Seconds

============================================================================
59/79 Starting processing com.sharkparty.monopolybingo-1.apk ......
Getting apk info from https://play.google.com/store/apps/details?id=com.sharkparty.monopolybingo ......
Success to get info from Play Store
The lastest version of com.sharkparty.monopolybingo-1.apk is  1.7.5.2g  
Done processing com.sharkparty.monopolybingo-1.apk
Time Spent:   0 Days 0 Hours 2 Minutes 39 Seconds

============================================================================
60/79 Starting processing com.snkplaymore.android012-1.apk ......
Getting apk info from https://play.google.com/store/apps/details?id=com.snkplaymore.android012 ......
Success to get info from Play Store
The lastest version of com.snkplaymore.android012-1.apk is  1.0.0  
Done processing com.snkplaymore.android012-1.apk
Time Spent:   0 Days 0 Hours 2 Minutes 41 Seconds

============================================================================
61/79 Starting processing com.subterraneansoftware.tanktrouble.android-1.apk ......
Getting apk info from https://play.google.com/store/apps/details?id=com.subterraneansoftware.tanktrouble.android ......
Success to get info from Play Store
The lastest version of com.subterraneansoftware.tanktrouble.android-1.apk is  1.0.7  
Done processing com.subterraneansoftware.tanktrouble.android-1.apk
Time Spent:   0 Days 0 Hours 2 Minutes 42 Seconds

============================================================================
62/79 Starting processing com.tapinator.city.car.stunts3d-1.apk ......
Getting apk info from https://play.google.com/store/apps/details?id=com.tapinator.city.car.stunts3d ......
Success to get info from Play Store
The lastest version of com.tapinator.city.car.stunts3d-1.apk is  1.3  
Done processing com.tapinator.city.car.stunts3d-1.apk
Time Spent:   0 Days 0 Hours 2 Minutes 45 Seconds

============================================================================
63/79 Starting processing com.teamlava.bakerystory45-1.apk ......
Getting apk info from https://play.google.com/store/apps/details?id=com.teamlava.bakerystory45 ......
Success to get info from Play Store
The lastest version of com.teamlava.bakerystory45-1.apk is  1.5.5.9  
Done processing com.teamlava.bakerystory45-1.apk
Time Spent:   0 Days 0 Hours 2 Minutes 51 Seconds

============================================================================
64/79 Starting processing com.tp.android.footsurgery-1.apk ......
Getting apk info from https://play.google.com/store/apps/details?id=com.tp.android.footsurgery ......
Success to get info from Play Store
The lastest version of com.tp.android.footsurgery-1.apk is  1.0.6  
Done processing com.tp.android.footsurgery-1.apk
Time Spent:   0 Days 0 Hours 2 Minutes 54 Seconds

============================================================================
65/79 Starting processing com.tp.android.injectionsimnew-1.apk ......
Getting apk info from https://play.google.com/store/apps/details?id=com.tp.android.injectionsimnew ......
Success to get info from Play Store
The lastest version of com.tp.android.injectionsimnew-1.apk is  1.0.1  
Done processing com.tp.android.injectionsimnew-1.apk
Time Spent:   0 Days 0 Hours 2 Minutes 58 Seconds

============================================================================
66/79 Starting processing com.tp.android.newborntwin-1.apk ......
Getting apk info from https://play.google.com/store/apps/details?id=com.tp.android.newborntwin ......
Success to get info from Play Store
The lastest version of com.tp.android.newborntwin-1.apk is  1.0.5  
Done processing com.tp.android.newborntwin-1.apk
Time Spent:   0 Days 0 Hours 3 Minutes 2 Seconds

============================================================================
67/79 Starting processing com.turner.cnanything-1.apk ......
Getting apk info from https://play.google.com/store/apps/details?id=com.turner.cnanything ......
Success to get info from Play Store
The lastest version of com.turner.cnanything-1.apk is  1.0.2015050416  
Done processing com.turner.cnanything-1.apk
Time Spent:   0 Days 0 Hours 3 Minutes 6 Seconds

============================================================================
68/79 Starting processing com.vl.infotrax.doterra-1.apk ......
Getting apk info from https://play.google.com/store/apps/details?id=com.vl.infotrax.doterra ......
Success to get info from Play Store
The lastest version of com.vl.infotrax.doterra-1.apk is  1.1  
Done processing com.vl.infotrax.doterra-1.apk
Time Spent:   0 Days 0 Hours 3 Minutes 9 Seconds

============================================================================
69/79 Starting processing com.wawoo.gunshootwar-1.apk ......
Getting apk info from https://play.google.com/store/apps/details?id=com.wawoo.gunshootwar ......
Success to get info from Play Store
The lastest version of com.wawoo.gunshootwar-1.apk is  2.0  
Done processing com.wawoo.gunshootwar-1.apk
Time Spent:   0 Days 0 Hours 3 Minutes 14 Seconds

============================================================================
70/79 Starting processing com.wb.goog.mkx-1.apk ......
Getting apk info from https://play.google.com/store/apps/details?id=com.wb.goog.mkx ......
Success to get info from Play Store
The lastest version of com.wb.goog.mkx-1.apk is 
Done processing com.wb.goog.mkx-1.apk
Time Spent:   0 Days 0 Hours 3 Minutes 19 Seconds

============================================================================
71/79 Starting processing com.xmatch.cookiestory2-1.apk ......
Getting apk info from https://play.google.com/store/apps/details?id=com.xmatch.cookiestory2 ......
Success to get info from Play Store
The lastest version of com.xmatch.cookiestory2-1.apk is  1.0.1  
Done processing com.xmatch.cookiestory2-1.apk
Time Spent:   0 Days 0 Hours 3 Minutes 22 Seconds

============================================================================
72/79 Starting processing com.z14.darkdemon-1.apk ......
Getting apk info from https://play.google.com/store/apps/details?id=com.z14.darkdemon ......
Success to get info from Play Store
The lastest version of com.z14.darkdemon-1.apk is  1.5.2  
Done processing com.z14.darkdemon-1.apk
Time Spent:   0 Days 0 Hours 3 Minutes 27 Seconds

============================================================================
73/79 Starting processing com.zynga.empires2-1.apk ......
Getting apk info from https://play.google.com/store/apps/details?id=com.zynga.empires2 ......
Success to get info from Play Store
The lastest version of com.zynga.empires2-1.apk is  1.5.887711.production  
Done processing com.zynga.empires2-1.apk
Time Spent:   0 Days 0 Hours 3 Minutes 31 Seconds

============================================================================
74/79 Starting processing kemco.magitec.yakusai-1.apk ......
Getting apk info from https://play.google.com/store/apps/details?id=kemco.magitec.yakusai ......
Success to get info from Play Store
The lastest version of kemco.magitec.yakusai-1.apk is  1.1.0g  
Done processing kemco.magitec.yakusai-1.apk
Time Spent:   0 Days 0 Hours 3 Minutes 34 Seconds

============================================================================
75/79 Starting processing net.SandStormEarl.mc2cb-1.apk ......
Getting apk info from https://play.google.com/store/apps/details?id=net.SandStormEarl.mc2cb ......
Success to get info from Play Store
The lastest version of net.SandStormEarl.mc2cb-1.apk is  1.0.6  
Done processing net.SandStormEarl.mc2cb-1.apk
Time Spent:   0 Days 0 Hours 3 Minutes 37 Seconds

============================================================================
76/79 Starting processing net.bigbearentertainment.android_hog_mothersday-1.apk ......
Getting apk info from https://play.google.com/store/apps/details?id=net.bigbearentertainment.android_hog_mothersday ......
Success to get info from Play Store
The lastest version of net.bigbearentertainment.android_hog_mothersday-1.apk is  1.0  
Done processing net.bigbearentertainment.android_hog_mothersday-1.apk
Time Spent:   0 Days 0 Hours 3 Minutes 44 Seconds

============================================================================
77/79 Starting processing org.silentworks.fpscreator-1.apk ......
Getting apk info from https://play.google.com/store/apps/details?id=org.silentworks.fpscreator ......
Success to get info from Play Store
The lastest version of org.silentworks.fpscreator-1.apk is  1.0.4  
Done processing org.silentworks.fpscreator-1.apk
Time Spent:   0 Days 0 Hours 3 Minutes 46 Seconds

============================================================================
78/79 Starting processing ru.gamedevteam.mechcom-1.apk ......
Getting apk info from https://play.google.com/store/apps/details?id=ru.gamedevteam.mechcom ......
Success to get info from Play Store
The lastest version of ru.gamedevteam.mechcom-1.apk is  1.3  
Done processing ru.gamedevteam.mechcom-1.apk
Time Spent:   0 Days 0 Hours 3 Minutes 49 Seconds

============================================================================
79/79 Starting processing se.ace.whatif-1.apk ......
Getting apk info from https://play.google.com/store/apps/details?id=se.ace.whatif ......
Success to get info from Play Store
The lastest version of se.ace.whatif-1.apk is  2.3.6  
Done processing se.ace.whatif-1.apk
Time Spent:   0 Days 0 Hours 3 Minutes 51 Seconds

============================================================================


**************************************************************
All Done
Total Time:   0 Days 0 Hours 3 Minutes 51 Seconds
Result Location:               /home/Git-Apk/code_resource/script_hooks/scan_apk/scan_apk_version/results/AppInfo_2015-06-09-17-14-05.csv
**************************************************************
