Start processing app in list /home/Git-Apk/Updated_list from /home/Git-Apk/All_Apk  ......

============================================================================
1/3 Starting processing com.microsoft.office.excel-1.apk ......
Getting apk info from https://play.google.com/store/apps/details?id=com.microsoft.office.excel ......
Success to get info from Play Store
The lastest version of com.microsoft.office.excel-1.apk is 
Done processing com.microsoft.office.excel-1.apk
Time Spent:   0 Days 0 Hours 0 Minutes 0 Seconds

============================================================================
2/3 Starting processing com.microsoft.office.powerpoint-1.apk ......
Getting apk info from https://play.google.com/store/apps/details?id=com.microsoft.office.powerpoint ......
Success to get info from Play Store
The lastest version of com.microsoft.office.powerpoint-1.apk is 
Done processing com.microsoft.office.powerpoint-1.apk
Time Spent:   0 Days 0 Hours 0 Minutes 1 Seconds

============================================================================
3/3 Starting processing com.microsoft.office.word-1.apk ......
Getting apk info from https://play.google.com/store/apps/details?id=com.microsoft.office.word ......
Success to get info from Play Store
The lastest version of com.microsoft.office.word-1.apk is 
Done processing com.microsoft.office.word-1.apk
Time Spent:   0 Days 0 Hours 0 Minutes 1 Seconds

============================================================================


**************************************************************
All Done
Total Time:   0 Days 0 Hours 0 Minutes 1 Seconds
Result Location:               /home/Git-Apk/code_resource/script_hooks/scan_apk/scan_apk_version/results/AppInfo_2015-02-04-10-37-43.csv
**************************************************************
