Start processing app in list /home/Git-Apk/Updated_list from /home/Git-Apk/All_Apk  ......

============================================================================
1/14 Starting processing air.MSPMobile-1.apk ......
Getting apk info from https://play.google.com/store/apps/details?id=air.MSPMobile ......
Success to get info from Play Store
The lastest version of air.MSPMobile-1.apk is  9.0  
Done processing air.MSPMobile-1.apk
Time Spent:   0 Days 0 Hours 0 Minutes 4 Seconds

============================================================================
2/14 Starting processing air.com.buffalo_studios.newflashbingo-1.apk ......
Getting apk info from https://play.google.com/store/apps/details?id=air.com.buffalo_studios.newflashbingo ......
Success to get info from Play Store
The lastest version of air.com.buffalo_studios.newflashbingo-1.apk is  3.14.0  
Done processing air.com.buffalo_studios.newflashbingo-1.apk
Time Spent:   0 Days 0 Hours 0 Minutes 7 Seconds

============================================================================
3/14 Starting processing air.com.stoicstudio.BannerSaga-1.apk ......
Getting apk info from https://play.google.com/store/apps/details?id=air.com.stoicstudio.BannerSaga ......
Success to get info from Play Store
The lastest version of air.com.stoicstudio.BannerSaga-1.apk is 
Done processing air.com.stoicstudio.BannerSaga-1.apk
Time Spent:   0 Days 0 Hours 0 Minutes 13 Seconds

============================================================================
4/14 Starting processing air.com.ubisoft.csi.HiddenCrimes-1.apk ......
Getting apk info from https://play.google.com/store/apps/details?id=air.com.ubisoft.csi.HiddenCrimes ......
Success to get info from Play Store
The lastest version of air.com.ubisoft.csi.HiddenCrimes-1.apk is  1.16.8  
Done processing air.com.ubisoft.csi.HiddenCrimes-1.apk
Time Spent:   0 Days 0 Hours 0 Minutes 17 Seconds

============================================================================
5/14 Starting processing com.cootek.smartinputv5-1.apk ......
Getting apk info from https://play.google.com/store/apps/details?id=com.cootek.smartinputv5 ......
Success to get info from Play Store
The lastest version of com.cootek.smartinputv5-1.apk is    Varies with device  
Done processing com.cootek.smartinputv5-1.apk
Time Spent:   0 Days 0 Hours 0 Minutes 23 Seconds

============================================================================
6/14 Starting processing com.emoji.ikeyboard-1.apk ......
Getting apk info from https://play.google.com/store/apps/details?id=com.emoji.ikeyboard ......
Success to get info from Play Store
The lastest version of com.emoji.ikeyboard-1.apk is  3.7.0  
Done processing com.emoji.ikeyboard-1.apk
Time Spent:   0 Days 0 Hours 0 Minutes 25 Seconds

============================================================================
7/14 Starting processing com.hulu.plus-1.apk ......
Getting apk info from https://play.google.com/store/apps/details?id=com.hulu.plus ......
Success to get info from Play Store
The lastest version of com.hulu.plus-1.apk is  2.19.2.202269  
Done processing com.hulu.plus-1.apk
Time Spent:   0 Days 0 Hours 0 Minutes 28 Seconds

============================================================================
8/14 Starting processing com.jjacrappsllc.noaa-1.apk ......
Getting apk info from https://play.google.com/store/apps/details?id=com.jjacrappsllc.noaa ......
Success to get info from Play Store
The lastest version of com.jjacrappsllc.noaa-1.apk is  1.2  
Done processing com.jjacrappsllc.noaa-1.apk
Time Spent:   0 Days 0 Hours 0 Minutes 31 Seconds

============================================================================
9/14 Starting processing com.ksmobile.launcher-1.apk ......
Getting apk info from https://play.google.com/store/apps/details?id=com.ksmobile.launcher ......
Success to get info from Play Store
The lastest version of com.ksmobile.launcher-1.apk is  1.11.3  
Done processing com.ksmobile.launcher-1.apk
Time Spent:   0 Days 0 Hours 0 Minutes 33 Seconds

============================================================================
10/14 Starting processing com.malangstudio.alarmmon-1.apk ......
Getting apk info from https://play.google.com/store/apps/details?id=com.malangstudio.alarmmon ......
Success to get info from Play Store
The lastest version of com.malangstudio.alarmmon-1.apk is    Varies with device  
Done processing com.malangstudio.alarmmon-1.apk
Time Spent:   0 Days 0 Hours 0 Minutes 38 Seconds

============================================================================
11/14 Starting processing com.ninjakiwi.bloonstdbattles-1.apk ......
Getting apk info from https://play.google.com/store/apps/details?id=com.ninjakiwi.bloonstdbattles ......
Success to get info from Play Store
The lastest version of com.ninjakiwi.bloonstdbattles-1.apk is  2.4.6  
Done processing com.ninjakiwi.bloonstdbattles-1.apk
Time Spent:   0 Days 0 Hours 0 Minutes 42 Seconds

============================================================================
12/14 Starting processing com.rovio.angrybirdsgo-1.apk ......
Getting apk info from https://play.google.com/store/apps/details?id=com.rovio.angrybirdsgo ......
Success to get info from Play Store
The lastest version of com.rovio.angrybirdsgo-1.apk is  1.8.7  
Done processing com.rovio.angrybirdsgo-1.apk
Time Spent:   0 Days 0 Hours 0 Minutes 47 Seconds

============================================================================
13/14 Starting processing com.smule.singandroid-1.apk ......
Getting apk info from https://play.google.com/store/apps/details?id=com.smule.singandroid ......
Success to get info from Play Store
The lastest version of com.smule.singandroid-1.apk is  3.1.0  
Done processing com.smule.singandroid-1.apk
Time Spent:   0 Days 0 Hours 0 Minutes 50 Seconds

============================================================================
14/14 Starting processing com.tp.android.surgerysim-1.apk ......
Getting apk info from https://play.google.com/store/apps/details?id=com.tp.android.surgerysim ......
Success to get info from Play Store
The lastest version of com.tp.android.surgerysim-1.apk is  1.0.8  
Done processing com.tp.android.surgerysim-1.apk
Time Spent:   0 Days 0 Hours 0 Minutes 56 Seconds

============================================================================


**************************************************************
All Done
Total Time:   0 Days 0 Hours 0 Minutes 56 Seconds
Result Location:               /home/Git-Apk/code_resource/script_hooks/scan_apk/scan_apk_version/results/AppInfo_2015-07-07-15-39-47.csv
**************************************************************
