Start processing app in list /home/Git-Apk/Updated_list from /home/Git-Apk/All_Apk  ......

============================================================================
1/2 Starting processing com.ideaworks3d.tackle2-1.apk ......
Getting apk info from https://play.google.com/store/apps/details?id=com.ideaworks3d.tackle2 ......
Success to get info from Play Store
The lastest version of com.ideaworks3d.tackle2-1.apk is  1.2.4  
Done processing com.ideaworks3d.tackle2-1.apk
Time Spent:   0 Days 0 Hours 0 Minutes 4 Seconds

============================================================================
2/2 Starting processing com.skt.skaf.OA00026910-1.apk ......
Getting apk info from https://play.google.com/store/apps/details?id=com.skt.skaf.OA00026910 ......
Success to get info from Play Store
The lastest version of com.skt.skaf.OA00026910-1.apk is  5.2.1_M  
Done processing com.skt.skaf.OA00026910-1.apk
Time Spent:   0 Days 0 Hours 0 Minutes 8 Seconds

============================================================================


**************************************************************
All Done
Total Time:   0 Days 0 Hours 0 Minutes 8 Seconds
Result Location:               /home/Git-Apk/code_resource/script_hooks/scan_apk/scan_apk_version/results/AppInfo_2015-04-20-10-01-23.csv
**************************************************************
