Start processing app in list /home/Git-Apk/Updated_list from /home/Git-Apk/Baidu  ......

============================================================================
1/2 Starting processing com.june.game.doudizhu-1.apk ......
Getting apk info from https://play.google.com/store/apps/details?id=com.june.game.doudizhu ......
Success to get info from Play Store
The lastest version of com.june.game.doudizhu-1.apk is 
Done processing com.june.game.doudizhu-1.apk
Time Spent:   0 Days 0 Hours 0 Minutes 1 Seconds

============================================================================
2/2 Starting processing org.mozilla.firefox-1.apk ......
Getting apk info from https://play.google.com/store/apps/details?id=org.mozilla.firefox ......
Success to get info from Play Store
The lastest version of org.mozilla.firefox-1.apk is 
Done processing org.mozilla.firefox-1.apk
Time Spent:   0 Days 0 Hours 0 Minutes 1 Seconds

============================================================================


**************************************************************
All Done
Total Time:   0 Days 0 Hours 0 Minutes 1 Seconds
Result Location:               /home/Git-Apk/code_resource/script_hooks/scan_apk/scan_apk_version/results/AppInfo_2015-03-25-10-13-24.csv
**************************************************************
