Start processing app in list /home/Git-Apk/Updated_list from /home/Git-Apk/All_Apk  ......

============================================================================
1/34 Starting processing air.com.r2gamesusa.clickerheroes-1.apk ......
Getting apk info from https://play.google.com/store/apps/details?id=air.com.r2gamesusa.clickerheroes ......
Success to get info from Play Store
The lastest version of air.com.r2gamesusa.clickerheroes-1.apk is  1.1.2  
Done processing air.com.r2gamesusa.clickerheroes-1.apk
Time Spent:   0 Days 0 Hours 0 Minutes 3 Seconds

============================================================================
2/34 Starting processing com.Interactive707.VoxelCraft-1.apk ......
Getting apk info from https://play.google.com/store/apps/details?id=com.Interactive707.VoxelCraft ......
Success to get info from Play Store
The lastest version of com.Interactive707.VoxelCraft-1.apk is  1.0.24  
Done processing com.Interactive707.VoxelCraft-1.apk
Time Spent:   0 Days 0 Hours 0 Minutes 7 Seconds

============================================================================
3/34 Starting processing com.aemobile.games.casino-1.apk ......
Getting apk info from https://play.google.com/store/apps/details?id=com.aemobile.games.casino ......
Success to get info from Play Store
The lastest version of com.aemobile.games.casino-1.apk is  2.5.0  
Done processing com.aemobile.games.casino-1.apk
Time Spent:   0 Days 0 Hours 0 Minutes 10 Seconds

============================================================================
4/34 Starting processing com.bandainamcogames.dbzdokkanww-1.apk ......
Getting apk info from https://play.google.com/store/apps/details?id=com.bandainamcogames.dbzdokkanww ......
Success to get info from Play Store
The lastest version of com.bandainamcogames.dbzdokkanww-1.apk is  1.3.1  
Done processing com.bandainamcogames.dbzdokkanww-1.apk
Time Spent:   0 Days 0 Hours 0 Minutes 14 Seconds

============================================================================
5/34 Starting processing com.bethsoft.falloutshelter-1.apk ......
Getting apk info from https://play.google.com/store/apps/details?id=com.bethsoft.falloutshelter ......
Success to get info from Play Store
The lastest version of com.bethsoft.falloutshelter-1.apk is  1.2.1  
Done processing com.bethsoft.falloutshelter-1.apk
Time Spent:   0 Days 0 Hours 0 Minutes 18 Seconds

============================================================================
6/34 Starting processing com.classdojo.android-1.apk ......
Getting apk info from https://play.google.com/store/apps/details?id=com.classdojo.android ......
Success to get info from Play Store
The lastest version of com.classdojo.android-1.apk is  3.7.0.1  
Done processing com.classdojo.android-1.apk
Time Spent:   0 Days 0 Hours 0 Minutes 21 Seconds

============================================================================
7/34 Starting processing com.cmplay.tiles2-1.apk ......
Getting apk info from https://play.google.com/store/apps/details?id=com.cmplay.tiles2 ......
Success to get info from Play Store
The lastest version of com.cmplay.tiles2-1.apk is  1.1.0.508  
Done processing com.cmplay.tiles2-1.apk
Time Spent:   0 Days 0 Hours 0 Minutes 26 Seconds

============================================================================
8/34 Starting processing com.dianxinos.dxbs-1.apk ......
Getting apk info from https://play.google.com/store/apps/details?id=com.dianxinos.dxbs ......
Success to get info from Play Store
The lastest version of com.dianxinos.dxbs-1.apk is  3.9.9.9.2  
Done processing com.dianxinos.dxbs-1.apk
Time Spent:   0 Days 0 Hours 0 Minutes 29 Seconds

============================================================================
9/34 Starting processing com.disney.thoughtbubbles_goo-1.apk ......
Getting apk info from https://play.google.com/store/apps/details?id=com.disney.thoughtbubbles_goo ......
Success to get info from Play Store
The lastest version of com.disney.thoughtbubbles_goo-1.apk is  1.6.1  
Done processing com.disney.thoughtbubbles_goo-1.apk
Time Spent:   0 Days 0 Hours 0 Minutes 31 Seconds

============================================================================
10/34 Starting processing com.facebook.orca-1.apk ......
Getting apk info from https://play.google.com/store/apps/details?id=com.facebook.orca ......
Success to get info from Play Store
The lastest version of com.facebook.orca-1.apk is    Varies with device  
Done processing com.facebook.orca-1.apk
Time Spent:   0 Days 0 Hours 0 Minutes 33 Seconds

============================================================================
11/34 Starting processing com.fgol.HungrySharkEvolution-1.apk ......
Getting apk info from https://play.google.com/store/apps/details?id=com.fgol.HungrySharkEvolution ......
Success to get info from Play Store
The lastest version of com.fgol.HungrySharkEvolution-1.apk is 
Done processing com.fgol.HungrySharkEvolution-1.apk
Time Spent:   0 Days 0 Hours 0 Minutes 35 Seconds

============================================================================
12/34 Starting processing com.gameloft.android.ANMP.GloftDMHM-1.apk ......
Getting apk info from https://play.google.com/store/apps/details?id=com.gameloft.android.ANMP.GloftDMHM ......
Success to get info from Play Store
The lastest version of com.gameloft.android.ANMP.GloftDMHM-1.apk is 
Done processing com.gameloft.android.ANMP.GloftDMHM-1.apk
Time Spent:   0 Days 0 Hours 0 Minutes 38 Seconds

============================================================================
13/34 Starting processing com.halfbrick.jetpackjoyride-1.apk ......
Getting apk info from https://play.google.com/store/apps/details?id=com.halfbrick.jetpackjoyride ......
Success to get info from Play Store
The lastest version of com.halfbrick.jetpackjoyride-1.apk is    Varies with device  
Done processing com.halfbrick.jetpackjoyride-1.apk
Time Spent:   0 Days 0 Hours 0 Minutes 41 Seconds

============================================================================
14/34 Starting processing com.halfbrick.monsterdash-1.apk ......
Getting apk info from https://play.google.com/store/apps/details?id=com.halfbrick.monsterdash ......
Success to get info from Play Store
The lastest version of com.halfbrick.monsterdash-1.apk is  2.5.0  
Done processing com.halfbrick.monsterdash-1.apk
Time Spent:   0 Days 0 Hours 0 Minutes 43 Seconds

============================================================================
15/34 Starting processing com.ketchapp.balljump-1.apk ......
Getting apk info from https://play.google.com/store/apps/details?id=com.ketchapp.balljump ......
Success to get info from Play Store
The lastest version of com.ketchapp.balljump-1.apk is  1.3  
Done processing com.ketchapp.balljump-1.apk
Time Spent:   0 Days 0 Hours 0 Minutes 45 Seconds

============================================================================
16/34 Starting processing com.kiloo.subwaysurf-1.apk ......
Getting apk info from https://play.google.com/store/apps/details?id=com.kiloo.subwaysurf ......
Success to get info from Play Store
The lastest version of com.kiloo.subwaysurf-1.apk is  1.46.0  
Done processing com.kiloo.subwaysurf-1.apk
Time Spent:   0 Days 0 Hours 0 Minutes 47 Seconds

============================================================================
17/34 Starting processing com.miniclip.agar.io-1.apk ......
Getting apk info from https://play.google.com/store/apps/details?id=com.miniclip.agar.io ......
Success to get info from Play Store
The lastest version of com.miniclip.agar.io-1.apk is  1.1.1  
Done processing com.miniclip.agar.io-1.apk
Time Spent:   0 Days 0 Hours 0 Minutes 49 Seconds

============================================================================
18/34 Starting processing com.mobilemotion.dubsmash-1.apk ......
Getting apk info from https://play.google.com/store/apps/details?id=com.mobilemotion.dubsmash ......
Success to get info from Play Store
The lastest version of com.mobilemotion.dubsmash-1.apk is  1.8.3  
Done processing com.mobilemotion.dubsmash-1.apk
Time Spent:   0 Days 0 Hours 0 Minutes 51 Seconds

============================================================================
19/34 Starting processing com.mobilityware.solitaire-1.apk ......
Getting apk info from https://play.google.com/store/apps/details?id=com.mobilityware.solitaire ......
Success to get info from Play Store
The lastest version of com.mobilityware.solitaire-1.apk is  4.2.0  
Done processing com.mobilityware.solitaire-1.apk
Time Spent:   0 Days 0 Hours 0 Minutes 53 Seconds

============================================================================
20/34 Starting processing com.offerup-1.apk ......
Getting apk info from https://play.google.com/store/apps/details?id=com.offerup ......
Success to get info from Play Store
The lastest version of com.offerup-1.apk is    Varies with device  
Done processing com.offerup-1.apk
Time Spent:   0 Days 0 Hours 0 Minutes 55 Seconds

============================================================================
21/34 Starting processing com.outfit7.mytalkingtomfree-1.apk ......
Getting apk info from https://play.google.com/store/apps/details?id=com.outfit7.mytalkingtomfree ......
Success to get info from Play Store
The lastest version of com.outfit7.mytalkingtomfree-1.apk is  2.9.1  
Done processing com.outfit7.mytalkingtomfree-1.apk
Time Spent:   0 Days 0 Hours 0 Minutes 57 Seconds

============================================================================
22/34 Starting processing com.rovio.baba-1.apk ......
Getting apk info from https://play.google.com/store/apps/details?id=com.rovio.baba ......
Success to get info from Play Store
The lastest version of com.rovio.baba-1.apk is  2.2.1  
Done processing com.rovio.baba-1.apk
Time Spent:   0 Days 0 Hours 0 Minutes 59 Seconds

============================================================================
23/34 Starting processing com.scopely.headshot-1.apk ......
Getting apk info from https://play.google.com/store/apps/details?id=com.scopely.headshot ......
Success to get info from Play Store
The lastest version of com.scopely.headshot-1.apk is 
Done processing com.scopely.headshot-1.apk
Time Spent:   0 Days 0 Hours 1 Minutes 3 Seconds

============================================================================
24/34 Starting processing com.spotify.music-1.apk ......
Getting apk info from https://play.google.com/store/apps/details?id=com.spotify.music ......
Success to get info from Play Store
The lastest version of com.spotify.music-1.apk is    Varies with device  
Done processing com.spotify.music-1.apk
Time Spent:   0 Days 0 Hours 1 Minutes 8 Seconds

============================================================================
25/34 Starting processing com.squareenixmontreal.lcgo-1.apk ......
Getting apk info from https://play.google.com/store/apps/details?id=com.squareenixmontreal.lcgo ......
Success to get info from Play Store
The lastest version of com.squareenixmontreal.lcgo-1.apk is  1.0.51528  
Done processing com.squareenixmontreal.lcgo-1.apk
Time Spent:   0 Days 0 Hours 1 Minutes 12 Seconds

============================================================================
26/34 Starting processing com.supercell.boombeach-1.apk ......
Getting apk info from https://play.google.com/store/apps/details?id=com.supercell.boombeach ......
Success to get info from Play Store
The lastest version of com.supercell.boombeach-1.apk is  23.141  
Done processing com.supercell.boombeach-1.apk
Time Spent:   0 Days 0 Hours 1 Minutes 15 Seconds

============================================================================
27/34 Starting processing com.tinder-1.apk ......
Getting apk info from https://play.google.com/store/apps/details?id=com.tinder ......
Success to get info from Play Store
The lastest version of com.tinder-1.apk is    Varies with device  
Done processing com.tinder-1.apk
Time Spent:   0 Days 0 Hours 1 Minutes 18 Seconds

============================================================================
28/34 Starting processing com.twitter.android-1.apk ......
Getting apk info from https://play.google.com/store/apps/details?id=com.twitter.android ......
Success to get info from Play Store
The lastest version of com.twitter.android-1.apk is    Varies with device  
Done processing com.twitter.android-1.apk
Time Spent:   0 Days 0 Hours 1 Minutes 22 Seconds

============================================================================
29/34 Starting processing com.uken.BingoPop-1.apk ......
Getting apk info from https://play.google.com/store/apps/details?id=com.uken.BingoPop ......
Success to get info from Play Store
The lastest version of com.uken.BingoPop-1.apk is  2.4.91  
Done processing com.uken.BingoPop-1.apk
Time Spent:   0 Days 0 Hours 1 Minutes 25 Seconds

============================================================================
30/34 Starting processing com.vg.californiastraight2compton-1.apk ......
Getting apk info from https://play.google.com/store/apps/details?id=com.vg.californiastraight2compton ......
Success to get info from Play Store
The lastest version of com.vg.californiastraight2compton-1.apk is  1.9  
Done processing com.vg.californiastraight2compton-1.apk
Time Spent:   0 Days 0 Hours 1 Minutes 28 Seconds

============================================================================
31/34 Starting processing com.yelp.android-1.apk ......
Getting apk info from https://play.google.com/store/apps/details?id=com.yelp.android ......
Success to get info from Play Store
The lastest version of com.yelp.android-1.apk is    Varies with device  
Done processing com.yelp.android-1.apk
Time Spent:   0 Days 0 Hours 1 Minutes 32 Seconds

============================================================================
32/34 Starting processing ilmfinity.evocreo.main.android-1.apk ......
Getting apk info from https://play.google.com/store/apps/details?id=ilmfinity.evocreo.main.android ......
Success to get info from Play Store
The lastest version of ilmfinity.evocreo.main.android-1.apk is  1.3.2  
Done processing ilmfinity.evocreo.main.android-1.apk
Time Spent:   0 Days 0 Hours 1 Minutes 34 Seconds

============================================================================
33/34 Starting processing jp.co.ofcr.cm00-1.apk ......
Getting apk info from https://play.google.com/store/apps/details?id=jp.co.ofcr.cm00 ......
Success to get info from Play Store
The lastest version of jp.co.ofcr.cm00-1.apk is  1.3.1  
Done processing jp.co.ofcr.cm00-1.apk
Time Spent:   0 Days 0 Hours 1 Minutes 36 Seconds

============================================================================
34/34 Starting processing net.zedge.android-1.apk ......
Getting apk info from https://play.google.com/store/apps/details?id=net.zedge.android ......
Success to get info from Play Store
The lastest version of net.zedge.android-1.apk is    Varies with device  
Done processing net.zedge.android-1.apk
Time Spent:   0 Days 0 Hours 1 Minutes 41 Seconds

============================================================================


**************************************************************
All Done
Total Time:   0 Days 0 Hours 1 Minutes 41 Seconds
Result Location:               /home/Git-Apk/code_resource/script_hooks/scan_apk/scan_apk_version/results/AppInfo_2015-10-26-23-26-25.csv
**************************************************************
