Start processing app in list /home/Git-Apk/Updated_list from /home/Git-Apk/All_Apk  ......

============================================================================
1/78 Starting processing com.disney.datg.videoplatforms.android.watchdc-1.apk ......
Getting apk info from https://play.google.com/store/apps/details?id=com.disney.datg.videoplatforms.android.watchdc ......
Success to get info from Play Store
The lastest version of com.disney.datg.videoplatforms.android.watchdc-1.apk is  3.6.0  
Done processing com.disney.datg.videoplatforms.android.watchdc-1.apk
Time Spent:   0 Days 0 Hours 0 Minutes 5 Seconds

============================================================================
2/78 Starting processing com.domobile.applock-1.apk ......
Getting apk info from https://play.google.com/store/apps/details?id=com.domobile.applock ......
Success to get info from Play Store
The lastest version of com.domobile.applock-1.apk is    Varies with device  
Done processing com.domobile.applock-1.apk
Time Spent:   0 Days 0 Hours 0 Minutes 8 Seconds

============================================================================
3/78 Starting processing com.doubleugames.DoubleUCasino-1.apk ......
Getting apk info from https://play.google.com/store/apps/details?id=com.doubleugames.DoubleUCasino ......
Success to get info from Play Store
The lastest version of com.doubleugames.DoubleUCasino-1.apk is  3.10.1  
Done processing com.doubleugames.DoubleUCasino-1.apk
Time Spent:   0 Days 0 Hours 0 Minutes 13 Seconds

============================================================================
4/78 Starting processing com.drippler.android.updates-1.apk ......
Getting apk info from https://play.google.com/store/apps/details?id=com.drippler.android.updates ......
Success to get info from Play Store
The lastest version of com.drippler.android.updates-1.apk is    Varies with device  
Done processing com.drippler.android.updates-1.apk
Time Spent:   0 Days 0 Hours 0 Minutes 17 Seconds

============================================================================
5/78 Starting processing com.droid27.transparentclockweather-1.apk ......
Getting apk info from https://play.google.com/store/apps/details?id=com.droid27.transparentclockweather ......
Success to get info from Play Store
The lastest version of com.droid27.transparentclockweather-1.apk is  0.84.65  
Done processing com.droid27.transparentclockweather-1.apk
Time Spent:   0 Days 0 Hours 0 Minutes 21 Seconds

============================================================================
6/78 Starting processing com.dropbox.android-1.apk ......
Getting apk info from https://play.google.com/store/apps/details?id=com.dropbox.android ......
Success to get info from Play Store
The lastest version of com.dropbox.android-1.apk is  3.0.0  
Done processing com.dropbox.android-1.apk
Time Spent:   0 Days 0 Hours 0 Minutes 25 Seconds

============================================================================
7/78 Starting processing com.duolingo-1.apk ......
Getting apk info from https://play.google.com/store/apps/details?id=com.duolingo ......
Success to get info from Play Store
The lastest version of com.duolingo-1.apk is    Varies with device  
Done processing com.duolingo-1.apk
Time Spent:   0 Days 0 Hours 0 Minutes 28 Seconds

============================================================================
8/78 Starting processing com.dupigame.copsnrobber2-1.apk ......
Getting apk info from https://play.google.com/store/apps/details?id=com.dupigame.copsnrobber2 ......
Success to get info from Play Store
The lastest version of com.dupigame.copsnrobber2-1.apk is  1.0.1  
Done processing com.dupigame.copsnrobber2-1.apk
Time Spent:   0 Days 0 Hours 0 Minutes 31 Seconds

============================================================================
9/78 Starting processing com.dupigame.copsnrobbers-1.apk ......
Getting apk info from https://play.google.com/store/apps/details?id=com.dupigame.copsnrobbers ......
Success to get info from Play Store
The lastest version of com.dupigame.copsnrobbers-1.apk is  1.0.0  
Done processing com.dupigame.copsnrobbers-1.apk
Time Spent:   0 Days 0 Hours 0 Minutes 34 Seconds

============================================================================
10/78 Starting processing com.eRepublikLabs.AgeOfLords-1.apk ......
Getting apk info from https://play.google.com/store/apps/details?id=com.eRepublikLabs.AgeOfLords ......
Success to get info from Play Store
The lastest version of com.eRepublikLabs.AgeOfLords-1.apk is  1.7.1  
Done processing com.eRepublikLabs.AgeOfLords-1.apk
Time Spent:   0 Days 0 Hours 0 Minutes 38 Seconds

============================================================================
11/78 Starting processing com.earnworld.offercash-1.apk ......
Getting apk info from https://play.google.com/store/apps/details?id=com.earnworld.offercash ......
Success to get info from Play Store
The lastest version of com.earnworld.offercash-1.apk is  1.4  
Done processing com.earnworld.offercash-1.apk
Time Spent:   0 Days 0 Hours 0 Minutes 41 Seconds

============================================================================
12/78 Starting processing com.easy.tv.remote-1.apk ......
Getting apk info from https://play.google.com/store/apps/details?id=com.easy.tv.remote ......
Success to get info from Play Store
The lastest version of com.easy.tv.remote-1.apk is  2  
Done processing com.easy.tv.remote-1.apk
Time Spent:   0 Days 0 Hours 0 Minutes 44 Seconds

============================================================================
13/78 Starting processing com.ebay.mobile-1.apk ......
Getting apk info from https://play.google.com/store/apps/details?id=com.ebay.mobile ......
Success to get info from Play Store
The lastest version of com.ebay.mobile-1.apk is    Varies with device  
Done processing com.ebay.mobile-1.apk
Time Spent:   0 Days 0 Hours 0 Minutes 49 Seconds

============================================================================
14/78 Starting processing com.eliferun.music-1.apk ......
Getting apk info from https://play.google.com/store/apps/details?id=com.eliferun.music ......
Success to get info from Play Store
The lastest version of com.eliferun.music-1.apk is  2.1.2  
Done processing com.eliferun.music-1.apk
Time Spent:   0 Days 0 Hours 0 Minutes 53 Seconds

============================================================================
15/78 Starting processing com.emn8.mobilem8.nativeapp.bk-1.apk ......
Getting apk info from https://play.google.com/store/apps/details?id=com.emn8.mobilem8.nativeapp.bk ......
Success to get info from Play Store
The lastest version of com.emn8.mobilem8.nativeapp.bk-1.apk is  2.81-06232015-1656  
Done processing com.emn8.mobilem8.nativeapp.bk-1.apk
Time Spent:   0 Days 0 Hours 0 Minutes 54 Seconds

============================================================================
16/78 Starting processing com.emoji.ikeyboard-1.apk ......
Getting apk info from https://play.google.com/store/apps/details?id=com.emoji.ikeyboard ......
Success to get info from Play Store
The lastest version of com.emoji.ikeyboard-1.apk is  3.7.0  
Done processing com.emoji.ikeyboard-1.apk
Time Spent:   0 Days 0 Hours 0 Minutes 59 Seconds

============================================================================
17/78 Starting processing com.emoji.keyboard.touchpal-1.apk ......
Getting apk info from https://play.google.com/store/apps/details?id=com.emoji.keyboard.touchpal ......
Success to get info from Play Store
The lastest version of com.emoji.keyboard.touchpal-1.apk is  5.7.2.4  
Done processing com.emoji.keyboard.touchpal-1.apk
Time Spent:   0 Days 0 Hours 1 Minutes 2 Seconds

============================================================================
18/78 Starting processing com.emojifamily.emoji.keyboard.font.twitteremoji-1.apk ......
Getting apk info from https://play.google.com/store/apps/details?id=com.emojifamily.emoji.keyboard.font.twitteremoji ......
Success to get info from Play Store
The lastest version of com.emojifamily.emoji.keyboard.font.twitteremoji-1.apk is  1.8  
Done processing com.emojifamily.emoji.keyboard.font.twitteremoji-1.apk
Time Spent:   0 Days 0 Hours 1 Minutes 4 Seconds

============================================================================
19/78 Starting processing com.endlessrun.freegame-1.apk ......
Getting apk info from https://play.google.com/store/apps/details?id=com.endlessrun.freegame ......
Success to get info from Play Store
The lastest version of com.endlessrun.freegame-1.apk is  2.0  
Done processing com.endlessrun.freegame-1.apk
Time Spent:   0 Days 0 Hours 1 Minutes 6 Seconds

============================================================================
20/78 Starting processing com.enflick.android.TextNow-1.apk ......
Getting apk info from https://play.google.com/store/apps/details?id=com.enflick.android.TextNow ......
Success to get info from Play Store
The lastest version of com.enflick.android.TextNow-1.apk is    Varies with device  
Done processing com.enflick.android.TextNow-1.apk
Time Spent:   0 Days 0 Hours 1 Minutes 7 Seconds

============================================================================
21/78 Starting processing com.ericaapps.remote.control-1.apk ......
Getting apk info from https://play.google.com/store/apps/details?id=com.ericaapps.remote.control ......
Success to get info from Play Store
The lastest version of com.ericaapps.remote.control-1.apk is  2.0  
Done processing com.ericaapps.remote.control-1.apk
Time Spent:   0 Days 0 Hours 1 Minutes 11 Seconds

============================================================================
22/78 Starting processing com.estrongs.android.pop-1.apk ......
Getting apk info from https://play.google.com/store/apps/details?id=com.estrongs.android.pop ......
Success to get info from Play Store
The lastest version of com.estrongs.android.pop-1.apk is    Varies with device  
Done processing com.estrongs.android.pop-1.apk
Time Spent:   0 Days 0 Hours 1 Minutes 15 Seconds

============================================================================
23/78 Starting processing com.etermax.preguntados.lite-1.apk ......
Getting apk info from https://play.google.com/store/apps/details?id=com.etermax.preguntados.lite ......
Success to get info from Play Store
The lastest version of com.etermax.preguntados.lite-1.apk is    Varies with device  
Done processing com.etermax.preguntados.lite-1.apk
Time Spent:   0 Days 0 Hours 1 Minutes 20 Seconds

============================================================================
24/78 Starting processing com.etsy.android-1.apk ......
Getting apk info from https://play.google.com/store/apps/details?id=com.etsy.android ......
Success to get info from Play Store
The lastest version of com.etsy.android-1.apk is  4.15.2  
Done processing com.etsy.android-1.apk
Time Spent:   0 Days 0 Hours 1 Minutes 22 Seconds

============================================================================
25/78 Starting processing com.expedia.bookings-1.apk ......
Getting apk info from https://play.google.com/store/apps/details?id=com.expedia.bookings ......
Success to get info from Play Store
The lastest version of com.expedia.bookings-1.apk is    Varies with device  
Done processing com.expedia.bookings-1.apk
Time Spent:   0 Days 0 Hours 1 Minutes 25 Seconds

============================================================================
26/78 Starting processing com.facebook.katana-1.apk ......
Getting apk info from https://play.google.com/store/apps/details?id=com.facebook.katana ......
Success to get info from Play Store
The lastest version of com.facebook.katana-1.apk is    Varies with device  
Done processing com.facebook.katana-1.apk
Time Spent:   0 Days 0 Hours 1 Minutes 30 Seconds

============================================================================
27/78 Starting processing com.facebook.orca-1.apk ......
Getting apk info from https://play.google.com/store/apps/details?id=com.facebook.orca ......
Success to get info from Play Store
The lastest version of com.facebook.orca-1.apk is    Varies with device  
Done processing com.facebook.orca-1.apk
Time Spent:   0 Days 0 Hours 1 Minutes 32 Seconds

============================================================================
28/78 Starting processing com.facebook.soundclips-1.apk ......
Getting apk info from https://play.google.com/store/apps/details?id=com.facebook.soundclips ......
Success to get info from Play Store
The lastest version of com.facebook.soundclips-1.apk is  1.1  
Done processing com.facebook.soundclips-1.apk
Time Spent:   0 Days 0 Hours 1 Minutes 36 Seconds

============================================================================
29/78 Starting processing com.fandango-1.apk ......
Getting apk info from https://play.google.com/store/apps/details?id=com.fandango ......
Success to get info from Play Store
The lastest version of com.fandango-1.apk is  5.7.2  
Done processing com.fandango-1.apk
Time Spent:   0 Days 0 Hours 1 Minutes 38 Seconds

============================================================================
30/78 Starting processing com.fgol.HungrySharkEvolution-1.apk ......
Getting apk info from https://play.google.com/store/apps/details?id=com.fgol.HungrySharkEvolution ......
Success to get info from Play Store
The lastest version of com.fgol.HungrySharkEvolution-1.apk is 
Done processing com.fgol.HungrySharkEvolution-1.apk
Time Spent:   0 Days 0 Hours 1 Minutes 41 Seconds

============================================================================
31/78 Starting processing com.fingersoft.failhard-1.apk ......
Getting apk info from https://play.google.com/store/apps/details?id=com.fingersoft.failhard ......
Success to get info from Play Store
The lastest version of com.fingersoft.failhard-1.apk is 
Done processing com.fingersoft.failhard-1.apk
Time Spent:   0 Days 0 Hours 1 Minutes 45 Seconds

============================================================================
32/78 Starting processing com.fingersoft.hillclimb-1.apk ......
Getting apk info from https://play.google.com/store/apps/details?id=com.fingersoft.hillclimb ......
Success to get info from Play Store
The lastest version of com.fingersoft.hillclimb-1.apk is    Varies with device  
Done processing com.fingersoft.hillclimb-1.apk
Time Spent:   0 Days 0 Hours 1 Minutes 48 Seconds

============================================================================
33/78 Starting processing com.fireflygames.rushofheroes-1.apk ......
Getting apk info from https://play.google.com/store/apps/details?id=com.fireflygames.rushofheroes ......
Success to get info from Play Store
The lastest version of com.fireflygames.rushofheroes-1.apk is  1.0.1.1  
Done processing com.fireflygames.rushofheroes-1.apk
Time Spent:   0 Days 0 Hours 1 Minutes 51 Seconds

============================================================================
34/78 Starting processing com.fitbit.FitbitMobile-1.apk ......
Getting apk info from https://play.google.com/store/apps/details?id=com.fitbit.FitbitMobile ......
Success to get info from Play Store
The lastest version of com.fitbit.FitbitMobile-1.apk is    Varies with device  
Done processing com.fitbit.FitbitMobile-1.apk
Time Spent:   0 Days 0 Hours 1 Minutes 54 Seconds

============================================================================
35/78 Starting processing com.functionx.viggle-1.apk ......
Getting apk info from https://play.google.com/store/apps/details?id=com.functionx.viggle ......
Success to get info from Play Store
The lastest version of com.functionx.viggle-1.apk is  2.4.1.0  
Done processing com.functionx.viggle-1.apk
Time Spent:   0 Days 0 Hours 1 Minutes 57 Seconds

============================================================================
36/78 Starting processing com.fungames.flightpilot-1.apk ......
Getting apk info from https://play.google.com/store/apps/details?id=com.fungames.flightpilot ......
Success to get info from Play Store
The lastest version of com.fungames.flightpilot-1.apk is  1.2.1  
Done processing com.fungames.flightpilot-1.apk
Time Spent:   0 Days 0 Hours 2 Minutes 1 Seconds

============================================================================
37/78 Starting processing com.fungames.sniper3d-1.apk ......
Getting apk info from https://play.google.com/store/apps/details?id=com.fungames.sniper3d ......
Success to get info from Play Store
The lastest version of com.fungames.sniper3d-1.apk is  1.6.2  
Done processing com.fungames.sniper3d-1.apk
Time Spent:   0 Days 0 Hours 2 Minutes 4 Seconds

============================================================================
38/78 Starting processing com.g6677.android.phairsalon-1.apk ......
Getting apk info from https://play.google.com/store/apps/details?id=com.g6677.android.phairsalon ......
Success to get info from Play Store
The lastest version of com.g6677.android.phairsalon-1.apk is  2.0.6  
Done processing com.g6677.android.phairsalon-1.apk
Time Spent:   0 Days 0 Hours 2 Minutes 8 Seconds

============================================================================
39/78 Starting processing com.gamehivecorp.taptitans-1.apk ......
Getting apk info from https://play.google.com/store/apps/details?id=com.gamehivecorp.taptitans ......
Success to get info from Play Store
The lastest version of com.gamehivecorp.taptitans-1.apk is  3.0.6  
Done processing com.gamehivecorp.taptitans-1.apk
Time Spent:   0 Days 0 Hours 2 Minutes 11 Seconds

============================================================================
40/78 Starting processing com.gameloft.android.ANMP.GloftA8HM-1.apk ......
Getting apk info from https://play.google.com/store/apps/details?id=com.gameloft.android.ANMP.GloftA8HM ......
Success to get info from Play Store
The lastest version of com.gameloft.android.ANMP.GloftA8HM-1.apk is    Varies with device  
Done processing com.gameloft.android.ANMP.GloftA8HM-1.apk
Time Spent:   0 Days 0 Hours 2 Minutes 15 Seconds

============================================================================
41/78 Starting processing com.gameloft.android.ANMP.GloftCAHM-1.apk ......
Getting apk info from https://play.google.com/store/apps/details?id=com.gameloft.android.ANMP.GloftCAHM ......
Success to get info from Play Store
The lastest version of com.gameloft.android.ANMP.GloftCAHM-1.apk is  1.3.0v  
Done processing com.gameloft.android.ANMP.GloftCAHM-1.apk
Time Spent:   0 Days 0 Hours 2 Minutes 20 Seconds

============================================================================
42/78 Starting processing com.gameloft.android.ANMP.GloftDMHM-1.apk ......
Getting apk info from https://play.google.com/store/apps/details?id=com.gameloft.android.ANMP.GloftDMHM ......
Success to get info from Play Store
The lastest version of com.gameloft.android.ANMP.GloftDMHM-1.apk is  3.0.1a  
Done processing com.gameloft.android.ANMP.GloftDMHM-1.apk
Time Spent:   0 Days 0 Hours 2 Minutes 25 Seconds

============================================================================
43/78 Starting processing com.gameloft.android.ANMP.GloftM5HM-1.apk ......
Getting apk info from https://play.google.com/store/apps/details?id=com.gameloft.android.ANMP.GloftM5HM ......
Success to get info from Play Store
The lastest version of com.gameloft.android.ANMP.GloftM5HM-1.apk is 
Done processing com.gameloft.android.ANMP.GloftM5HM-1.apk
Time Spent:   0 Days 0 Hours 2 Minutes 30 Seconds

============================================================================
44/78 Starting processing com.gameloft.android.ANMP.GloftPEHM-1.apk ......
Getting apk info from https://play.google.com/store/apps/details?id=com.gameloft.android.ANMP.GloftPEHM ......
Success to get info from Play Store
The lastest version of com.gameloft.android.ANMP.GloftPEHM-1.apk is  2.2.5  
Done processing com.gameloft.android.ANMP.GloftPEHM-1.apk
Time Spent:   0 Days 0 Hours 2 Minutes 34 Seconds

============================================================================
45/78 Starting processing com.gameloft.android.ANMP.GloftPOHM-1.apk ......
Getting apk info from https://play.google.com/store/apps/details?id=com.gameloft.android.ANMP.GloftPOHM ......
Success to get info from Play Store
The lastest version of com.gameloft.android.ANMP.GloftPOHM-1.apk is  2.3.3a  
Done processing com.gameloft.android.ANMP.GloftPOHM-1.apk
Time Spent:   0 Days 0 Hours 2 Minutes 39 Seconds

============================================================================
46/78 Starting processing com.gameloft.android.ANMP.GloftSIHM-1.apk ......
Getting apk info from https://play.google.com/store/apps/details?id=com.gameloft.android.ANMP.GloftSIHM ......
Success to get info from Play Store
The lastest version of com.gameloft.android.ANMP.GloftSIHM-1.apk is  1.6.1b  
Done processing com.gameloft.android.ANMP.GloftSIHM-1.apk
Time Spent:   0 Days 0 Hours 2 Minutes 43 Seconds

============================================================================
47/78 Starting processing com.gameloft.android.ANMP.GloftUOHM-1.apk ......
Getting apk info from https://play.google.com/store/apps/details?id=com.gameloft.android.ANMP.GloftUOHM ......
Success to get info from Play Store
The lastest version of com.gameloft.android.ANMP.GloftUOHM-1.apk is 
Done processing com.gameloft.android.ANMP.GloftUOHM-1.apk
Time Spent:   0 Days 0 Hours 2 Minutes 47 Seconds

============================================================================
48/78 Starting processing com.glidetalk.glideapp-1.apk ......
Getting apk info from https://play.google.com/store/apps/details?id=com.glidetalk.glideapp ......
Success to get info from Play Store
The lastest version of com.glidetalk.glideapp-1.apk is    Varies with device  
Done processing com.glidetalk.glideapp-1.apk
Time Spent:   0 Days 0 Hours 2 Minutes 51 Seconds

============================================================================
49/78 Starting processing com.glu.t5-1.apk ......
Getting apk info from https://play.google.com/store/apps/details?id=com.glu.t5 ......
Success to get info from Play Store
The lastest version of com.glu.t5-1.apk is  2.0.0  
Done processing com.glu.t5-1.apk
Time Spent:   0 Days 0 Hours 2 Minutes 53 Seconds

============================================================================
50/78 Starting processing com.gn.android.compass-1.apk ......
Getting apk info from https://play.google.com/store/apps/details?id=com.gn.android.compass ......
Success to get info from Play Store
The lastest version of com.gn.android.compass-1.apk is  1.4.0  
Done processing com.gn.android.compass-1.apk
Time Spent:   0 Days 0 Hours 2 Minutes 58 Seconds

============================================================================
51/78 Starting processing com.gobit.burgershop-1.apk ......
Getting apk info from https://play.google.com/store/apps/details?id=com.gobit.burgershop ......
Success to get info from Play Store
The lastest version of com.gobit.burgershop-1.apk is  1.0  
Done processing com.gobit.burgershop-1.apk
Time Spent:   0 Days 0 Hours 3 Minutes 3 Seconds

============================================================================
52/78 Starting processing com.goldenlion.slots-1.apk ......
Getting apk info from https://play.google.com/store/apps/details?id=com.goldenlion.slots ......
Success to get info from Play Store
The lastest version of com.goldenlion.slots-1.apk is  1.01  
Done processing com.goldenlion.slots-1.apk
Time Spent:   0 Days 0 Hours 3 Minutes 6 Seconds

============================================================================
53/78 Starting processing com.google.android.apps.chromecast.app-1.apk ......
Getting apk info from https://play.google.com/store/apps/details?id=com.google.android.apps.chromecast.app ......
Success to get info from Play Store
The lastest version of com.google.android.apps.chromecast.app-1.apk is  1.11.11  
Done processing com.google.android.apps.chromecast.app-1.apk
Time Spent:   0 Days 0 Hours 3 Minutes 11 Seconds

============================================================================
54/78 Starting processing com.google.android.apps.docs.editors.docs-1.apk ......
Getting apk info from https://play.google.com/store/apps/details?id=com.google.android.apps.docs.editors.docs ......
Success to get info from Play Store
The lastest version of com.google.android.apps.docs.editors.docs-1.apk is 
Done processing com.google.android.apps.docs.editors.docs-1.apk
Time Spent:   0 Days 0 Hours 3 Minutes 16 Seconds

============================================================================
55/78 Starting processing com.google.android.apps.docs.editors.sheets-1.apk ......
Getting apk info from https://play.google.com/store/apps/details?id=com.google.android.apps.docs.editors.sheets ......
Success to get info from Play Store
The lastest version of com.google.android.apps.docs.editors.sheets-1.apk is 
Done processing com.google.android.apps.docs.editors.sheets-1.apk
Time Spent:   0 Days 0 Hours 3 Minutes 22 Seconds

============================================================================
56/78 Starting processing com.google.android.apps.hangoutsdialer-1.apk ......
Getting apk info from https://play.google.com/store/apps/details?id=com.google.android.apps.hangoutsdialer ......
Success to get info from Play Store
The lastest version of com.google.android.apps.hangoutsdialer-1.apk is  0.1.81604947  
Done processing com.google.android.apps.hangoutsdialer-1.apk
Time Spent:   0 Days 0 Hours 3 Minutes 24 Seconds

============================================================================
57/78 Starting processing com.google.android.apps.photos-1.apk ......
Getting apk info from https://play.google.com/store/apps/details?id=com.google.android.apps.photos ......
Success to get info from Play Store
The lastest version of com.google.android.apps.photos-1.apk is 
Done processing com.google.android.apps.photos-1.apk
Time Spent:   0 Days 0 Hours 3 Minutes 28 Seconds

============================================================================
58/78 Starting processing com.google.android.apps.walletnfcrel-1.apk ......
Getting apk info from https://play.google.com/store/apps/details?id=com.google.android.apps.walletnfcrel ......
Success to get info from Play Store
The lastest version of com.google.android.apps.walletnfcrel-1.apk is  9.0-R206-v12  
Done processing com.google.android.apps.walletnfcrel-1.apk
Time Spent:   0 Days 0 Hours 3 Minutes 33 Seconds

============================================================================
59/78 Starting processing com.google.earth-1.apk ......
Getting apk info from https://play.google.com/store/apps/details?id=com.google.earth ......
Success to get info from Play Store
The lastest version of com.google.earth-1.apk is    Varies with device  
Done processing com.google.earth-1.apk
Time Spent:   0 Days 0 Hours 3 Minutes 36 Seconds

============================================================================
60/78 Starting processing com.google.zxing.client.android-1.apk ......
Getting apk info from https://play.google.com/store/apps/details?id=com.google.zxing.client.android ......
Success to get info from Play Store
The lastest version of com.google.zxing.client.android-1.apk is    Varies with device  
Done processing com.google.zxing.client.android-1.apk
Time Spent:   0 Days 0 Hours 3 Minutes 39 Seconds

============================================================================
61/78 Starting processing com.gotv.crackle.handset-1.apk ......
Getting apk info from https://play.google.com/store/apps/details?id=com.gotv.crackle.handset ......
Success to get info from Play Store
The lastest version of com.gotv.crackle.handset-1.apk is  4.4.4.5  
Done processing com.gotv.crackle.handset-1.apk
Time Spent:   0 Days 0 Hours 3 Minutes 41 Seconds

============================================================================
62/78 Starting processing com.grandegames.slots-1.apk ......
Getting apk info from https://play.google.com/store/apps/details?id=com.grandegames.slots ......
Success to get info from Play Store
The lastest version of com.grandegames.slots-1.apk is  1.03  
Done processing com.grandegames.slots-1.apk
Time Spent:   0 Days 0 Hours 3 Minutes 44 Seconds

============================================================================
63/78 Starting processing com.groupme.android-1.apk ......
Getting apk info from https://play.google.com/store/apps/details?id=com.groupme.android ......
Success to get info from Play Store
The lastest version of com.groupme.android-1.apk is    Varies with device  
Done processing com.groupme.android-1.apk
Time Spent:   0 Days 0 Hours 3 Minutes 48 Seconds

============================================================================
64/78 Starting processing com.groupon-1.apk ......
Getting apk info from https://play.google.com/store/apps/details?id=com.groupon ......
Success to get info from Play Store
The lastest version of com.groupon-1.apk is    Varies with device  
Done processing com.groupon-1.apk
Time Spent:   0 Days 0 Hours 3 Minutes 53 Seconds

============================================================================
65/78 Starting processing com.halfbrick.jetpackjoyride-1.apk ......
Getting apk info from https://play.google.com/store/apps/details?id=com.halfbrick.jetpackjoyride ......
Success to get info from Play Store
The lastest version of com.halfbrick.jetpackjoyride-1.apk is    Varies with device  
Done processing com.halfbrick.jetpackjoyride-1.apk
Time Spent:   0 Days 0 Hours 3 Minutes 56 Seconds

============================================================================
66/78 Starting processing com.hammerhead.furious7-1.apk ......
Getting apk info from https://play.google.com/store/apps/details?id=com.hammerhead.furious7 ......
Success to get info from Play Store
The lastest version of com.hammerhead.furious7-1.apk is  4.7  
Done processing com.hammerhead.furious7-1.apk
Time Spent:   0 Days 0 Hours 3 Minutes 58 Seconds

============================================================================
67/78 Starting processing com.handmark.expressweather-1.apk ......
Getting apk info from https://play.google.com/store/apps/details?id=com.handmark.expressweather ......
Success to get info from Play Store
The lastest version of com.handmark.expressweather-1.apk is    Varies with device  
Done processing com.handmark.expressweather-1.apk
Time Spent:   0 Days 0 Hours 4 Minutes 2 Seconds

============================================================================
68/78 Starting processing com.herman.ringtone-1.apk ......
Getting apk info from https://play.google.com/store/apps/details?id=com.herman.ringtone ......
Success to get info from Play Store
The lastest version of com.herman.ringtone-1.apk is    Varies with device  
Done processing com.herman.ringtone-1.apk
Time Spent:   0 Days 0 Hours 4 Minutes 4 Seconds

============================================================================
69/78 Starting processing com.hmobile.biblekjv-1.apk ......
Getting apk info from https://play.google.com/store/apps/details?id=com.hmobile.biblekjv ......
Success to get info from Play Store
The lastest version of com.hmobile.biblekjv-1.apk is  1.6.1.2  
Done processing com.hmobile.biblekjv-1.apk
Time Spent:   0 Days 0 Hours 4 Minutes 7 Seconds

============================================================================
70/78 Starting processing com.hola.launcher-1.apk ......
Getting apk info from https://play.google.com/store/apps/details?id=com.hola.launcher ......
Success to get info from Play Store
The lastest version of com.hola.launcher-1.apk is  1.8.1  
Done processing com.hola.launcher-1.apk
Time Spent:   0 Days 0 Hours 4 Minutes 13 Seconds

============================================================================
71/78 Starting processing com.hologram.simulator.game-1.apk ......
Getting apk info from https://play.google.com/store/apps/details?id=com.hologram.simulator.game ......
Success to get info from Play Store
The lastest version of com.hologram.simulator.game-1.apk is  1.0  
Done processing com.hologram.simulator.game-1.apk
Time Spent:   0 Days 0 Hours 4 Minutes 15 Seconds

============================================================================
72/78 Starting processing com.igg.android.finalfable-1.apk ......
Getting apk info from https://play.google.com/store/apps/details?id=com.igg.android.finalfable ......
Success to get info from Play Store
The lastest version of com.igg.android.finalfable-1.apk is  1.9.1  
Done processing com.igg.android.finalfable-1.apk
Time Spent:   0 Days 0 Hours 4 Minutes 23 Seconds

============================================================================
73/78 Starting processing com.igg.castleclash-1.apk ......
Getting apk info from https://play.google.com/store/apps/details?id=com.igg.castleclash ......
Success to get info from Play Store
The lastest version of com.igg.castleclash-1.apk is  1.2.72  
Done processing com.igg.castleclash-1.apk
Time Spent:   0 Days 0 Hours 4 Minutes 26 Seconds

============================================================================
74/78 Starting processing com.igg.pokerdeluxe-1.apk ......
Getting apk info from https://play.google.com/store/apps/details?id=com.igg.pokerdeluxe ......
Success to get info from Play Store
The lastest version of com.igg.pokerdeluxe-1.apk is  1.5.0  
Done processing com.igg.pokerdeluxe-1.apk
Time Spent:   0 Days 0 Hours 4 Minutes 29 Seconds

============================================================================
75/78 Starting processing com.ikeyboard.emoji.twttier-1.apk ......
Getting apk info from https://play.google.com/store/apps/details?id=com.ikeyboard.emoji.twttier ......
Success to get info from Play Store
The lastest version of com.ikeyboard.emoji.twttier-1.apk is  1.0  
Done processing com.ikeyboard.emoji.twttier-1.apk
Time Spent:   0 Days 0 Hours 4 Minutes 32 Seconds

============================================================================
76/78 Starting processing com.imangi.templerun2-1.apk ......
Getting apk info from https://play.google.com/store/apps/details?id=com.imangi.templerun2 ......
Success to get info from Play Store
The lastest version of com.imangi.templerun2-1.apk is 
Done processing com.imangi.templerun2-1.apk
Time Spent:   0 Days 0 Hours 4 Minutes 36 Seconds

============================================================================
77/78 Starting processing com.imdb.mobile-1.apk ......
Getting apk info from https://play.google.com/store/apps/details?id=com.imdb.mobile ......
Success to get info from Play Store
The lastest version of com.imdb.mobile-1.apk is    Varies with device  
Done processing com.imdb.mobile-1.apk
Time Spent:   0 Days 0 Hours 4 Minutes 39 Seconds

============================================================================
78/78 Starting processing com.indeed.android.jobsearch-1.apk ......
Getting apk info from https://play.google.com/store/apps/details?id=com.indeed.android.jobsearch ......
Success to get info from Play Store
The lastest version of com.indeed.android.jobsearch-1.apk is    Varies with device  
Done processing com.indeed.android.jobsearch-1.apk
Time Spent:   0 Days 0 Hours 4 Minutes 42 Seconds

============================================================================


**************************************************************
All Done
Total Time:   0 Days 0 Hours 4 Minutes 42 Seconds
Result Location:               /home/Git-Apk/code_resource/script_hooks/scan_apk/scan_apk_version/results/AppInfo_2015-07-03-11-38-33.csv
**************************************************************
