Start processing app in list /home/Git-Apk/Updated_list from /home/Git-Apk/All_Apk  ......

============================================================================
1/2 Starting processing com.outfit7.mytalkingtomfreed-1.apk ......
Getting apk info from https://play.google.com/store/apps/details?id=com.outfit7.mytalkingtomfreed ......
Success to get info from Play Store
The lastest version of com.outfit7.mytalkingtomfreed-1.apk is 
Done processing com.outfit7.mytalkingtomfreed-1.apk
Time Spent:   0 Days 0 Hours 0 Minutes 0 Seconds

============================================================================
2/2 Starting processing com.wuxianweilai.chess.aeroplane-1.apk ......
Getting apk info from https://play.google.com/store/apps/details?id=com.wuxianweilai.chess.aeroplane ......
Success to get info from Play Store
The lastest version of com.wuxianweilai.chess.aeroplane-1.apk is 
Done processing com.wuxianweilai.chess.aeroplane-1.apk
Time Spent:   0 Days 0 Hours 0 Minutes 0 Seconds

============================================================================


**************************************************************
All Done
Total Time:   0 Days 0 Hours 0 Minutes 0 Seconds
Result Location:               /home/Git-Apk/code_resource/script_hooks/scan_apk/scan_apk_version/results/AppInfo_2015-03-31-16-51-40.csv
**************************************************************
