Start processing app in list /home/Git-Apk/Updated_list from /home/Git-Apk/All_Apk  ......

============================================================================
1/6 Starting processing com.fsdigital.skinstudio-1.apk ......
Getting apk info from https://play.google.com/store/apps/details?id=com.fsdigital.skinstudio ......
Success to get info from Play Store
The lastest version of com.fsdigital.skinstudio-1.apk is  1.5.3  
Done processing com.fsdigital.skinstudio-1.apk
Time Spent:   0 Days 0 Hours 0 Minutes 7 Seconds

============================================================================
2/6 Starting processing com.harebrainedschemes.dragonfall-1.apk ......
Getting apk info from https://play.google.com/store/apps/details?id=com.harebrainedschemes.dragonfall ......
Success to get info from Play Store
The lastest version of com.harebrainedschemes.dragonfall-1.apk is  2.0.11  
Done processing com.harebrainedschemes.dragonfall-1.apk
Time Spent:   0 Days 0 Hours 0 Minutes 12 Seconds

============================================================================
3/6 Starting processing com.headupgames.pixelheroes-1.apk ......
Getting apk info from https://play.google.com/store/apps/details?id=com.headupgames.pixelheroes ......
Success to get info from Play Store
The lastest version of com.headupgames.pixelheroes-1.apk is  1.362  
Done processing com.headupgames.pixelheroes-1.apk
Time Spent:   0 Days 0 Hours 0 Minutes 17 Seconds

============================================================================
4/6 Starting processing com.jrtstudio.iSyncr-1.apk ......
Getting apk info from https://play.google.com/store/apps/details?id=com.jrtstudio.iSyncr ......
Success to get info from Play Store
The lastest version of com.jrtstudio.iSyncr-1.apk is    Varies with device  
Done processing com.jrtstudio.iSyncr-1.apk
Time Spent:   0 Days 0 Hours 0 Minutes 22 Seconds

============================================================================
5/6 Starting processing ep3.littlekillerz.ringstrail-1.apk ......
Getting apk info from https://play.google.com/store/apps/details?id=ep3.littlekillerz.ringstrail ......
Success to get info from Play Store
The lastest version of ep3.littlekillerz.ringstrail-1.apk is  5.38  
Done processing ep3.littlekillerz.ringstrail-1.apk
Time Spent:   0 Days 0 Hours 0 Minutes 27 Seconds

============================================================================
6/6 Starting processing org.topia.app-1.apk ......
Getting apk info from https://play.google.com/store/apps/details?id=org.topia.app ......
Success to get info from Play Store
The lastest version of org.topia.app-1.apk is  1.6  
Done processing org.topia.app-1.apk
Time Spent:   0 Days 0 Hours 0 Minutes 31 Seconds

============================================================================


**************************************************************
All Done
Total Time:   0 Days 0 Hours 0 Minutes 31 Seconds
Result Location:               /home/Git-Apk/code_resource/script_hooks/scan_apk/scan_apk_version/results/AppInfo_2015-09-06-17-08-31.csv
**************************************************************
