Start processing app in list /home/Git-Apk/Updated_list from /home/Git-Apk/Baidu  ......

============================================================================
1/8 Starting processing com.baidu.netdisk-1.apk ......
Getting apk info from https://play.google.com/store/apps/details?id=com.baidu.netdisk ......
Success to get info from Play Store
The lastest version of com.baidu.netdisk-1.apk is 
Done processing com.baidu.netdisk-1.apk
Time Spent:   0 Days 0 Hours 0 Minutes 1 Seconds

============================================================================
2/8 Starting processing com.bumptech.bumpga-1.apk ......
Getting apk info from https://play.google.com/store/apps/details?id=com.bumptech.bumpga ......
Success to get info from Play Store
The lastest version of com.bumptech.bumpga-1.apk is 
Done processing com.bumptech.bumpga-1.apk
Time Spent:   0 Days 0 Hours 0 Minutes 1 Seconds

============================================================================
3/8 Starting processing com.kascend.video-1.apk ......
Getting apk info from https://play.google.com/store/apps/details?id=com.kascend.video ......
Success to get info from Play Store
The lastest version of com.kascend.video-1.apk is 
Done processing com.kascend.video-1.apk
Time Spent:   0 Days 0 Hours 0 Minutes 1 Seconds

============================================================================
4/8 Starting processing com.storm.smart-1.apk ......
Getting apk info from https://play.google.com/store/apps/details?id=com.storm.smart ......
Success to get info from Play Store
The lastest version of com.storm.smart-1.apk is 
Done processing com.storm.smart-1.apk
Time Spent:   0 Days 0 Hours 0 Minutes 1 Seconds

============================================================================
5/8 Starting processing com.tencent.Alice-1.apk ......
Getting apk info from https://play.google.com/store/apps/details?id=com.tencent.Alice ......
Success to get info from Play Store
The lastest version of com.tencent.Alice-1.apk is 
Done processing com.tencent.Alice-1.apk
Time Spent:   0 Days 0 Hours 0 Minutes 3 Seconds

============================================================================
6/8 Starting processing com.tencent.feiji-1.apk ......
Getting apk info from https://play.google.com/store/apps/details?id=com.tencent.feiji ......
Success to get info from Play Store
The lastest version of com.tencent.feiji-1.apk is 
Done processing com.tencent.feiji-1.apk
Time Spent:   0 Days 0 Hours 0 Minutes 3 Seconds

============================================================================
7/8 Starting processing com.tencent.tmgp.ttlz-1.apk ......
Getting apk info from https://play.google.com/store/apps/details?id=com.tencent.tmgp.ttlz ......
Success to get info from Play Store
The lastest version of com.tencent.tmgp.ttlz-1.apk is 
Done processing com.tencent.tmgp.ttlz-1.apk
Time Spent:   0 Days 0 Hours 0 Minutes 3 Seconds

============================================================================
8/8 Starting processing org.cocos2dx.FishingJoy2-1.apk ......
Getting apk info from https://play.google.com/store/apps/details?id=org.cocos2dx.FishingJoy2 ......
Success to get info from Play Store
The lastest version of org.cocos2dx.FishingJoy2-1.apk is 
Done processing org.cocos2dx.FishingJoy2-1.apk
Time Spent:   0 Days 0 Hours 0 Minutes 3 Seconds

============================================================================


**************************************************************
All Done
Total Time:   0 Days 0 Hours 0 Minutes 3 Seconds
Result Location:               /home/Git-Apk/code_resource/script_hooks/scan_apk/scan_apk_version/results/AppInfo_2015-02-12-14-24-10.csv
**************************************************************
