Start processing app in list /home/Git-Apk/Updated_list from /home/Git-Apk/All_Apk  ......

============================================================================
1/5 Starting processing air.com.arkadium.twistyhollow-1.apk ......
Getting apk info from https://play.google.com/store/apps/details?id=air.com.arkadium.twistyhollow ......
Success to get info from Play Store
The lastest version of air.com.arkadium.twistyhollow-1.apk is  1.0.7  
Done processing air.com.arkadium.twistyhollow-1.apk
Time Spent:   0 Days 0 Hours 0 Minutes 3 Seconds

============================================================================
2/5 Starting processing com.anahoret.android.shapes-1.apk ......
Getting apk info from https://play.google.com/store/apps/details?id=com.anahoret.android.shapes ......
Success to get info from Play Store
The lastest version of com.anahoret.android.shapes-1.apk is    Varies with device  
Done processing com.anahoret.android.shapes-1.apk
Time Spent:   0 Days 0 Hours 0 Minutes 5 Seconds

============================================================================
3/5 Starting processing com.fatchickenstudios.my21dayfixtracker-1.apk ......
Getting apk info from https://play.google.com/store/apps/details?id=com.fatchickenstudios.my21dayfixtracker ......
Success to get info from Play Store
The lastest version of com.fatchickenstudios.my21dayfixtracker-1.apk is  1.2  
Done processing com.fatchickenstudios.my21dayfixtracker-1.apk
Time Spent:   0 Days 0 Hours 0 Minutes 9 Seconds

============================================================================
4/5 Starting processing com.teamchaos.zombiens-1.apk ......
Getting apk info from https://play.google.com/store/apps/details?id=com.teamchaos.zombiens ......
Success to get info from Play Store
The lastest version of com.teamchaos.zombiens-1.apk is  1.0.5  
Done processing com.teamchaos.zombiens-1.apk
Time Spent:   0 Days 0 Hours 0 Minutes 12 Seconds

============================================================================
5/5 Starting processing net.flixster.android-1.apk ......
Getting apk info from https://play.google.com/store/apps/details?id=net.flixster.android ......
Success to get info from Play Store
The lastest version of net.flixster.android-1.apk is    Varies with device  
Done processing net.flixster.android-1.apk
Time Spent:   0 Days 0 Hours 0 Minutes 15 Seconds

============================================================================


**************************************************************
All Done
Total Time:   0 Days 0 Hours 0 Minutes 15 Seconds
Result Location:               /home/Git-Apk/code_resource/script_hooks/scan_apk/scan_apk_version/results/AppInfo_2015-01-07-15-33-15.csv
**************************************************************
