Start processing app in list /home/Git-Apk/Updated_list from /home/Git-Apk/All_Apk  ......

============================================================================
1/9 Starting processing com.blizzard.wtcg.hearthstone-1.apk ......
Getting apk info from https://play.google.com/store/apps/details?id=com.blizzard.wtcg.hearthstone ......
Success to get info from Play Store
The lastest version of com.blizzard.wtcg.hearthstone-1.apk is 
Done processing com.blizzard.wtcg.hearthstone-1.apk
Time Spent:   0 Days 0 Hours 0 Minutes 5 Seconds

============================================================================
2/9 Starting processing com.coffeestainstudios.goatsimulator.goatz-1.apk ......
Getting apk info from https://play.google.com/store/apps/details?id=com.coffeestainstudios.goatsimulator.goatz ......
Success to get info from Play Store
The lastest version of com.coffeestainstudios.goatsimulator.goatz-1.apk is  1.3.2  
Done processing com.coffeestainstudios.goatsimulator.goatz-1.apk
Time Spent:   0 Days 0 Hours 0 Minutes 8 Seconds

============================================================================
3/9 Starting processing com.contextlogic.wish-1.apk ......
Getting apk info from https://play.google.com/store/apps/details?id=com.contextlogic.wish ......
Success to get info from Play Store
The lastest version of com.contextlogic.wish-1.apk is  3.14.0  
Done processing com.contextlogic.wish-1.apk
Time Spent:   0 Days 0 Hours 0 Minutes 12 Seconds

============================================================================
4/9 Starting processing com.ea.game.simpsons4_na-1.apk ......
Getting apk info from https://play.google.com/store/apps/details?id=com.ea.game.simpsons4_na ......
Success to get info from Play Store
The lastest version of com.ea.game.simpsons4_na-1.apk is  4.17.2  
Done processing com.ea.game.simpsons4_na-1.apk
Time Spent:   0 Days 0 Hours 0 Minutes 17 Seconds

============================================================================
5/9 Starting processing com.ea.gp.fifaworld-1.apk ......
Getting apk info from https://play.google.com/store/apps/details?id=com.ea.gp.fifaworld ......
Success to get info from Play Store
The lastest version of com.ea.gp.fifaworld-1.apk is  2.1.106618  
Done processing com.ea.gp.fifaworld-1.apk
Time Spent:   0 Days 0 Hours 0 Minutes 21 Seconds

============================================================================
6/9 Starting processing com.ebay.mobile-1.apk ......
Getting apk info from https://play.google.com/store/apps/details?id=com.ebay.mobile ......
Success to get info from Play Store
The lastest version of com.ebay.mobile-1.apk is    Varies with device  
Done processing com.ebay.mobile-1.apk
Time Spent:   0 Days 0 Hours 0 Minutes 25 Seconds

============================================================================
7/9 Starting processing com.netease_na.nmd2-1.apk ......
Getting apk info from https://play.google.com/store/apps/details?id=com.netease_na.nmd2 ......
Success to get info from Play Store
The lastest version of com.netease_na.nmd2-1.apk is  1.2.16  
Done processing com.netease_na.nmd2-1.apk
Time Spent:   0 Days 0 Hours 0 Minutes 29 Seconds

============================================================================
8/9 Starting processing com.sega.sonicdash-1.apk ......
Getting apk info from https://play.google.com/store/apps/details?id=com.sega.sonicdash ......
Success to get info from Play Store
The lastest version of com.sega.sonicdash-1.apk is  2.8.0.Go  
Done processing com.sega.sonicdash-1.apk
Time Spent:   0 Days 0 Hours 0 Minutes 36 Seconds

============================================================================
9/9 Starting processing com.turner.freefurall-1.apk ......
Getting apk info from https://play.google.com/store/apps/details?id=com.turner.freefurall ......
Success to get info from Play Store
The lastest version of com.turner.freefurall-1.apk is  1.0.4  
Done processing com.turner.freefurall-1.apk
Time Spent:   0 Days 0 Hours 0 Minutes 40 Seconds

============================================================================


**************************************************************
All Done
Total Time:   0 Days 0 Hours 0 Minutes 40 Seconds
Result Location:               /home/Git-Apk/code_resource/script_hooks/scan_apk/scan_apk_version/results/AppInfo_2015-10-28-16-28-23.csv
**************************************************************
