Start processing app in list /home/Git-Apk/Updated_list from /home/Git-Apk/All_Apk  ......

============================================================================
1/10 Starting processing air.com.flipline.papaspizzeriatogo-1.apk ......
Getting apk info from https://play.google.com/store/apps/details?id=air.com.flipline.papaspizzeriatogo ......
Success to get info from Play Store
The lastest version of air.com.flipline.papaspizzeriatogo-1.apk is    Varies with device  
Done processing air.com.flipline.papaspizzeriatogo-1.apk
Time Spent:   0 Days 0 Hours 0 Minutes 2 Seconds

============================================================================
2/10 Starting processing com.coffeestainstudios.goatsimulator-1.apk ......
Getting apk info from https://play.google.com/store/apps/details?id=com.coffeestainstudios.goatsimulator ......
Success to get info from Play Store
The lastest version of com.coffeestainstudios.goatsimulator-1.apk is  1.0.16  
Done processing com.coffeestainstudios.goatsimulator-1.apk
Time Spent:   0 Days 0 Hours 0 Minutes 4 Seconds

============================================================================
3/10 Starting processing com.flyersoft.moonreaderp-1.apk ......
Getting apk info from https://play.google.com/store/apps/details?id=com.flyersoft.moonreaderp ......
Success to get info from Play Store
The lastest version of com.flyersoft.moonreaderp-1.apk is  3.0.3  
Done processing com.flyersoft.moonreaderp-1.apk
Time Spent:   0 Days 0 Hours 0 Minutes 6 Seconds

============================================================================
4/10 Starting processing com.fueled.afterlight-1.apk ......
Getting apk info from https://play.google.com/store/apps/details?id=com.fueled.afterlight ......
Success to get info from Play Store
The lastest version of com.fueled.afterlight-1.apk is  1.0.6  
Done processing com.fueled.afterlight-1.apk
Time Spent:   0 Days 0 Hours 0 Minutes 9 Seconds

============================================================================
5/10 Starting processing com.inkle.eightydays-1.apk ......
Getting apk info from https://play.google.com/store/apps/details?id=com.inkle.eightydays ......
Success to get info from Play Store
The lastest version of com.inkle.eightydays-1.apk is  1.0.4  
Done processing com.inkle.eightydays-1.apk
Time Spent:   0 Days 0 Hours 0 Minutes 12 Seconds

============================================================================
6/10 Starting processing com.inxile.BardTale-1.apk ......
Getting apk info from https://play.google.com/store/apps/details?id=com.inxile.BardTale ......
Success to get info from Play Store
The lastest version of com.inxile.BardTale-1.apk is  1.6.5  
Done processing com.inxile.BardTale-1.apk
Time Spent:   0 Days 0 Hours 0 Minutes 16 Seconds

============================================================================
7/10 Starting processing com.jumpgames.RealSteel-1.apk ......
Getting apk info from https://play.google.com/store/apps/details?id=com.jumpgames.RealSteel ......
Success to get info from Play Store
The lastest version of com.jumpgames.RealSteel-1.apk is  1.21.1  
Done processing com.jumpgames.RealSteel-1.apk
Time Spent:   0 Days 0 Hours 0 Minutes 20 Seconds

============================================================================
8/10 Starting processing com.scottgames.fivenightsatfreddys-1.apk ......
Getting apk info from https://play.google.com/store/apps/details?id=com.scottgames.fivenightsatfreddys ......
Success to get info from Play Store
The lastest version of com.scottgames.fivenightsatfreddys-1.apk is  1.85  
Done processing com.scottgames.fivenightsatfreddys-1.apk
Time Spent:   0 Days 0 Hours 0 Minutes 23 Seconds

============================================================================
9/10 Starting processing com.scottgames.fnaf2-1.apk ......
Getting apk info from https://play.google.com/store/apps/details?id=com.scottgames.fnaf2 ......
Success to get info from Play Store
The lastest version of com.scottgames.fnaf2-1.apk is  1.07  
Done processing com.scottgames.fnaf2-1.apk
Time Spent:   0 Days 0 Hours 0 Minutes 27 Seconds

============================================================================
10/10 Starting processing com.trueaxis.trueskate-1.apk ......
Getting apk info from https://play.google.com/store/apps/details?id=com.trueaxis.trueskate ......
Success to get info from Play Store
The lastest version of com.trueaxis.trueskate-1.apk is  1.3.11  
Done processing com.trueaxis.trueskate-1.apk
Time Spent:   0 Days 0 Hours 0 Minutes 31 Seconds

============================================================================


**************************************************************
All Done
Total Time:   0 Days 0 Hours 0 Minutes 31 Seconds
Result Location:               /home/Git-Apk/code_resource/script_hooks/scan_apk/scan_apk_version/results/AppInfo_2015-01-12-13-23-33.csv
**************************************************************
