Start processing app in list /home/Git-Apk/Updated_list from /home/Git-Apk/Baidu  ......

============================================================================
1/17 Starting processing cn.kuwo.player-1.apk ......
Getting apk info from https://play.google.com/store/apps/details?id=cn.kuwo.player ......
Success to get info from Play Store
The lastest version of cn.kuwo.player-1.apk is  6.8.8.0  
Done processing cn.kuwo.player-1.apk
Time Spent:   0 Days 0 Hours 0 Minutes 2 Seconds

============================================================================
2/17 Starting processing com.aceviral.angrygranrun-1.apk ......
Getting apk info from https://play.google.com/store/apps/details?id=com.aceviral.angrygranrun ......
Success to get info from Play Store
The lastest version of com.aceviral.angrygranrun-1.apk is  1.21  
Done processing com.aceviral.angrygranrun-1.apk
Time Spent:   0 Days 0 Hours 0 Minutes 4 Seconds

============================================================================
3/17 Starting processing com.chaozh.iReaderFree-1.apk ......
Getting apk info from https://play.google.com/store/apps/details?id=com.chaozh.iReaderFree ......
Success to get info from Play Store
The lastest version of com.chaozh.iReaderFree-1.apk is  3.7.0  
Done processing com.chaozh.iReaderFree-1.apk
Time Spent:   0 Days 0 Hours 0 Minutes 8 Seconds

============================================================================
4/17 Starting processing com.disney.chukong.WMW-1.apk ......
Getting apk info from https://play.google.com/store/apps/details?id=com.disney.chukong.WMW ......
[ERROR] : Cannot find info of com.disney.chukong.WMW-1.apk on https://play.google.com/store/apps/details?id=com.disney.chukong.WMW !!!
Done processing com.disney.chukong.WMW-1.apk
Time Spent:   0 Days 0 Hours 0 Minutes 9 Seconds

============================================================================
5/17 Starting processing com.funshion.video.mobile-1.apk ......
Getting apk info from https://play.google.com/store/apps/details?id=com.funshion.video.mobile ......
[ERROR] : Cannot find info of com.funshion.video.mobile-1.apk on https://play.google.com/store/apps/details?id=com.funshion.video.mobile !!!
Done processing com.funshion.video.mobile-1.apk
Time Spent:   0 Days 0 Hours 0 Minutes 10 Seconds

============================================================================
6/17 Starting processing com.gameloft.android.ANMP.GloftDMCN-1.apk ......
Getting apk info from https://play.google.com/store/apps/details?id=com.gameloft.android.ANMP.GloftDMCN ......
[ERROR] : Cannot find info of com.gameloft.android.ANMP.GloftDMCN-1.apk on https://play.google.com/store/apps/details?id=com.gameloft.android.ANMP.GloftDMCN !!!
Done processing com.gameloft.android.ANMP.GloftDMCN-1.apk
Time Spent:   0 Days 0 Hours 0 Minutes 11 Seconds

============================================================================
7/17 Starting processing com.halfbrick.fruitninja-1.apk ......
Getting apk info from https://play.google.com/store/apps/details?id=com.halfbrick.fruitninja ......
Success to get info from Play Store
The lastest version of com.halfbrick.fruitninja-1.apk is  2.2.8  
Done processing com.halfbrick.fruitninja-1.apk
Time Spent:   0 Days 0 Hours 0 Minutes 15 Seconds

============================================================================
8/17 Starting processing com.happyelements.AndroidAnimal-1.apk ......
Getting apk info from https://play.google.com/store/apps/details?id=com.happyelements.AndroidAnimal ......
[ERROR] : Cannot find info of com.happyelements.AndroidAnimal-1.apk on https://play.google.com/store/apps/details?id=com.happyelements.AndroidAnimal !!!
Done processing com.happyelements.AndroidAnimal-1.apk
Time Spent:   0 Days 0 Hours 0 Minutes 16 Seconds

============================================================================
9/17 Starting processing com.kamitu.drawsth.standalone.free.android-1.apk ......
Getting apk info from https://play.google.com/store/apps/details?id=com.kamitu.drawsth.standalone.free.android ......
[ERROR] : Cannot find info of com.kamitu.drawsth.standalone.free.android-1.apk on https://play.google.com/store/apps/details?id=com.kamitu.drawsth.standalone.free.android !!!
Done processing com.kamitu.drawsth.standalone.free.android-1.apk
Time Spent:   0 Days 0 Hours 0 Minutes 17 Seconds

============================================================================
10/17 Starting processing com.meitu.meiyancamera-1.apk ......
Getting apk info from https://play.google.com/store/apps/details?id=com.meitu.meiyancamera ......
Success to get info from Play Store
The lastest version of com.meitu.meiyancamera-1.apk is  3.3.5  
Done processing com.meitu.meiyancamera-1.apk
Time Spent:   0 Days 0 Hours 0 Minutes 21 Seconds

============================================================================
11/17 Starting processing com.miniclip.angerofstick2-1.apk ......
Getting apk info from https://play.google.com/store/apps/details?id=com.miniclip.angerofstick2 ......
Success to get info from Play Store
The lastest version of com.miniclip.angerofstick2-1.apk is  1.1.2  
Done processing com.miniclip.angerofstick2-1.apk
Time Spent:   0 Days 0 Hours 0 Minutes 27 Seconds

============================================================================
12/17 Starting processing com.mt.mtxx.mtxx-1.apk ......
Getting apk info from https://play.google.com/store/apps/details?id=com.mt.mtxx.mtxx ......
Success to get info from Play Store
The lastest version of com.mt.mtxx.mtxx-1.apk is  4.3.4  
Done processing com.mt.mtxx.mtxx-1.apk
Time Spent:   0 Days 0 Hours 0 Minutes 32 Seconds

============================================================================
13/17 Starting processing com.shoujiduoduo.ringtone-1.apk ......
Getting apk info from https://play.google.com/store/apps/details?id=com.shoujiduoduo.ringtone ......
[ERROR] : Cannot find info of com.shoujiduoduo.ringtone-1.apk on https://play.google.com/store/apps/details?id=com.shoujiduoduo.ringtone !!!
Done processing com.shoujiduoduo.ringtone-1.apk
Time Spent:   0 Days 0 Hours 0 Minutes 33 Seconds

============================================================================
14/17 Starting processing com.storm.smart-1.apk ......
Getting apk info from https://play.google.com/store/apps/details?id=com.storm.smart ......
[ERROR] : Cannot find info of com.storm.smart-1.apk on https://play.google.com/store/apps/details?id=com.storm.smart !!!
Done processing com.storm.smart-1.apk
Time Spent:   0 Days 0 Hours 0 Minutes 34 Seconds

============================================================================
15/17 Starting processing com.tencent.mm-1.apk ......
Getting apk info from https://play.google.com/store/apps/details?id=com.tencent.mm ......
Success to get info from Play Store
The lastest version of com.tencent.mm-1.apk is    Varies with device  
Done processing com.tencent.mm-1.apk
Time Spent:   0 Days 0 Hours 0 Minutes 41 Seconds

============================================================================
16/17 Starting processing com.wochacha-1.apk ......
Getting apk info from https://play.google.com/store/apps/details?id=com.wochacha ......
[ERROR] : Cannot find info of com.wochacha-1.apk on https://play.google.com/store/apps/details?id=com.wochacha !!!
Done processing com.wochacha-1.apk
Time Spent:   0 Days 0 Hours 0 Minutes 43 Seconds

============================================================================
17/17 Starting processing com.youdao.dict-1.apk ......
Getting apk info from https://play.google.com/store/apps/details?id=com.youdao.dict ......
Success to get info from Play Store
The lastest version of com.youdao.dict-1.apk is  5.4.1  
Done processing com.youdao.dict-1.apk
Time Spent:   0 Days 0 Hours 0 Minutes 47 Seconds

============================================================================


**************************************************************
All Done
Total Time:   0 Days 0 Hours 0 Minutes 47 Seconds
Result Location:               /home/Git-Apk/code_resource/script_hooks/scan_apk/scan_apk_version/results/AppInfo_2015-07-07-13-20-47.csv
**************************************************************
