Start processing app in list /home/Git-Apk/Updated_list from /home/Git-Apk/ARM-V8  ......

============================================================================
1/42 Starting processing com.akasanet.yogrt.android-1.apk ......
Getting apk info from https://play.google.com/store/apps/details?id=com.akasanet.yogrt.android ......
Success to get info from Play Store
The lastest version of com.akasanet.yogrt.android-1.apk is  1.4.7  
Done processing com.akasanet.yogrt.android-1.apk
Time Spent:   0 Days 0 Hours 0 Minutes 2 Seconds

============================================================================
2/42 Starting processing com.conbus.app.around-1.apk ......
Getting apk info from https://play.google.com/store/apps/details?id=com.conbus.app.around ......
Success to get info from Play Store
The lastest version of com.conbus.app.around-1.apk is  2.4.15  
Done processing com.conbus.app.around-1.apk
Time Spent:   0 Days 0 Hours 0 Minutes 4 Seconds

============================================================================
3/42 Starting processing com.cookpad.android.activities-1.apk ......
Getting apk info from https://play.google.com/store/apps/details?id=com.cookpad.android.activities ......
Success to get info from Play Store
The lastest version of com.cookpad.android.activities-1.apk is    Varies with device  
Done processing com.cookpad.android.activities-1.apk
Time Spent:   0 Days 0 Hours 0 Minutes 8 Seconds

============================================================================
4/42 Starting processing com.douban.frodo-1.apk ......
Getting apk info from https://play.google.com/store/apps/details?id=com.douban.frodo ......
Success to get info from Play Store
The lastest version of com.douban.frodo-1.apk is  2.11  
Done processing com.douban.frodo-1.apk
Time Spent:   0 Days 0 Hours 0 Minutes 10 Seconds

============================================================================
5/42 Starting processing com.forrep.pad.m-1.apk ......
Getting apk info from https://play.google.com/store/apps/details?id=com.forrep.pad.m ......
Success to get info from Play Store
The lastest version of com.forrep.pad.m-1.apk is  4.1.38  
Done processing com.forrep.pad.m-1.apk
Time Spent:   0 Days 0 Hours 0 Minutes 14 Seconds

============================================================================
6/42 Starting processing com.goldenfrog.vyprvpn.app-1.apk ......
Getting apk info from https://play.google.com/store/apps/details?id=com.goldenfrog.vyprvpn.app ......
Success to get info from Play Store
The lastest version of com.goldenfrog.vyprvpn.app-1.apk is  2.8.5  
Done processing com.goldenfrog.vyprvpn.app-1.apk
Time Spent:   0 Days 0 Hours 0 Minutes 18 Seconds

============================================================================
7/42 Starting processing com.goldenfrog.vyprvpn.beta-1.apk ......
Getting apk info from https://play.google.com/store/apps/details?id=com.goldenfrog.vyprvpn.beta ......
Success to get info from Play Store
The lastest version of com.goldenfrog.vyprvpn.beta-1.apk is  2.8.5  
Done processing com.goldenfrog.vyprvpn.beta-1.apk
Time Spent:   0 Days 0 Hours 0 Minutes 23 Seconds

============================================================================
8/42 Starting processing com.gowiper.android-1.apk ......
Getting apk info from https://play.google.com/store/apps/details?id=com.gowiper.android ......
Success to get info from Play Store
The lastest version of com.gowiper.android-1.apk is  2.0.1  
Done processing com.gowiper.android-1.apk
Time Spent:   0 Days 0 Hours 0 Minutes 26 Seconds

============================================================================
9/42 Starting processing com.greenmobilehk.musicstation1234-1.apk ......
Getting apk info from https://play.google.com/store/apps/details?id=com.greenmobilehk.musicstation1234 ......
Success to get info from Play Store
The lastest version of com.greenmobilehk.musicstation1234-1.apk is  1.0.0  
Done processing com.greenmobilehk.musicstation1234-1.apk
Time Spent:   0 Days 0 Hours 0 Minutes 29 Seconds

============================================================================
10/42 Starting processing com.heinlay.news-1.apk ......
Getting apk info from https://play.google.com/store/apps/details?id=com.heinlay.news ......
Success to get info from Play Store
The lastest version of com.heinlay.news-1.apk is  1.0  
Done processing com.heinlay.news-1.apk
Time Spent:   0 Days 0 Hours 0 Minutes 34 Seconds

============================================================================
11/42 Starting processing com.imcompany.school2-1.apk ......
Getting apk info from https://play.google.com/store/apps/details?id=com.imcompany.school2 ......
Success to get info from Play Store
The lastest version of com.imcompany.school2-1.apk is  3.1.25  
Done processing com.imcompany.school2-1.apk
Time Spent:   0 Days 0 Hours 0 Minutes 36 Seconds

============================================================================
12/42 Starting processing com.kt.ollehusimmanager-1.apk ......
Getting apk info from https://play.google.com/store/apps/details?id=com.kt.ollehusimmanager ......
Success to get info from Play Store
The lastest version of com.kt.ollehusimmanager-1.apk is  2.0.9  
Done processing com.kt.ollehusimmanager-1.apk
Time Spent:   0 Days 0 Hours 0 Minutes 38 Seconds

============================================================================
13/42 Starting processing com.makeleio.official-1.apk ......
Getting apk info from https://play.google.com/store/apps/details?id=com.makeleio.official ......
Success to get info from Play Store
The lastest version of com.makeleio.official-1.apk is  1.2.2  
Done processing com.makeleio.official-1.apk
Time Spent:   0 Days 0 Hours 0 Minutes 40 Seconds

============================================================================
14/42 Starting processing com.mapmywalk.android2-1.apk ......
Getting apk info from https://play.google.com/store/apps/details?id=com.mapmywalk.android2 ......
Success to get info from Play Store
The lastest version of com.mapmywalk.android2-1.apk is  3.9.0  
Done processing com.mapmywalk.android2-1.apk
Time Spent:   0 Days 0 Hours 0 Minutes 43 Seconds

============================================================================
15/42 Starting processing com.moneyforward.android.app-1.apk ......
Getting apk info from https://play.google.com/store/apps/details?id=com.moneyforward.android.app ......
Success to get info from Play Store
The lastest version of com.moneyforward.android.app-1.apk is    Varies with device  
Done processing com.moneyforward.android.app-1.apk
Time Spent:   0 Days 0 Hours 0 Minutes 46 Seconds

============================================================================
16/42 Starting processing com.north.watchville-1.apk ......
Getting apk info from https://play.google.com/store/apps/details?id=com.north.watchville ......
Success to get info from Play Store
The lastest version of com.north.watchville-1.apk is  1.4.2  
Done processing com.north.watchville-1.apk
Time Spent:   0 Days 0 Hours 0 Minutes 47 Seconds

============================================================================
17/42 Starting processing com.protrade.sportacular-1.apk ......
Getting apk info from https://play.google.com/store/apps/details?id=com.protrade.sportacular ......
Success to get info from Play Store
The lastest version of com.protrade.sportacular-1.apk is    Varies with device  
Done processing com.protrade.sportacular-1.apk
Time Spent:   0 Days 0 Hours 0 Minutes 50 Seconds

============================================================================
18/42 Starting processing com.sii.wroclawzoo-1.apk ......
Getting apk info from https://play.google.com/store/apps/details?id=com.sii.wroclawzoo ......
Success to get info from Play Store
The lastest version of com.sii.wroclawzoo-1.apk is  1.2.2  
Done processing com.sii.wroclawzoo-1.apk
Time Spent:   0 Days 0 Hours 0 Minutes 53 Seconds

============================================================================
19/42 Starting processing com.sohu.newsclient-1.apk ......
Getting apk info from https://play.google.com/store/apps/details?id=com.sohu.newsclient ......
Success to get info from Play Store
The lastest version of com.sohu.newsclient-1.apk is  5.2.2  
Done processing com.sohu.newsclient-1.apk
Time Spent:   0 Days 0 Hours 0 Minutes 56 Seconds

============================================================================
20/42 Starting processing com.tenbis.tbapp-1.apk ......
Getting apk info from https://play.google.com/store/apps/details?id=com.tenbis.tbapp ......
Success to get info from Play Store
The lastest version of com.tenbis.tbapp-1.apk is  1.5.1  
Done processing com.tenbis.tbapp-1.apk
Time Spent:   0 Days 0 Hours 0 Minutes 59 Seconds

============================================================================
21/42 Starting processing com.tul.aviate-1.apk ......
Getting apk info from https://play.google.com/store/apps/details?id=com.tul.aviate ......
Success to get info from Play Store
The lastest version of com.tul.aviate-1.apk is    Varies with device  
Done processing com.tul.aviate-1.apk
Time Spent:   0 Days 0 Hours 1 Minutes 3 Seconds

============================================================================
22/42 Starting processing com.weheartit-1.apk ......
Getting apk info from https://play.google.com/store/apps/details?id=com.weheartit ......
Success to get info from Play Store
The lastest version of com.weheartit-1.apk is    Varies with device  
Done processing com.weheartit-1.apk
Time Spent:   0 Days 0 Hours 1 Minutes 7 Seconds

============================================================================
23/42 Starting processing com.wf.wellsfargomobile.tablet-1.apk ......
Getting apk info from https://play.google.com/store/apps/details?id=com.wf.wellsfargomobile.tablet ......
Success to get info from Play Store
The lastest version of com.wf.wellsfargomobile.tablet-1.apk is  4.3.138  
Done processing com.wf.wellsfargomobile.tablet-1.apk
Time Spent:   0 Days 0 Hours 1 Minutes 10 Seconds

============================================================================
24/42 Starting processing com.wongnai.android-1.apk ......
Getting apk info from https://play.google.com/store/apps/details?id=com.wongnai.android ......
Success to get info from Play Store
The lastest version of com.wongnai.android-1.apk is  3.2.2  
Done processing com.wongnai.android-1.apk
Time Spent:   0 Days 0 Hours 1 Minutes 19 Seconds

============================================================================
25/42 Starting processing com.yahoo.mobile.client.android.ecauction-1.apk ......
Getting apk info from https://play.google.com/store/apps/details?id=com.yahoo.mobile.client.android.ecauction ......
Success to get info from Play Store
The lastest version of com.yahoo.mobile.client.android.ecauction-1.apk is  1.1.4  
Done processing com.yahoo.mobile.client.android.ecauction-1.apk
Time Spent:   0 Days 0 Hours 1 Minutes 27 Seconds

============================================================================
26/42 Starting processing com.yahoo.mobile.client.android.fantasyfootball-1.apk ......
Getting apk info from https://play.google.com/store/apps/details?id=com.yahoo.mobile.client.android.fantasyfootball ......
Success to get info from Play Store
The lastest version of com.yahoo.mobile.client.android.fantasyfootball-1.apk is    Varies with device  
Done processing com.yahoo.mobile.client.android.fantasyfootball-1.apk
Time Spent:   0 Days 0 Hours 1 Minutes 35 Seconds

============================================================================
27/42 Starting processing com.yahoo.mobile.client.android.weather-1.apk ......
Getting apk info from https://play.google.com/store/apps/details?id=com.yahoo.mobile.client.android.weather ......
Success to get info from Play Store
The lastest version of com.yahoo.mobile.client.android.weather-1.apk is    Varies with device  
Done processing com.yahoo.mobile.client.android.weather-1.apk
Time Spent:   0 Days 0 Hours 1 Minutes 39 Seconds

============================================================================
28/42 Starting processing com.yahoo.mobile.client.android.yahoo-1.apk ......
Getting apk info from https://play.google.com/store/apps/details?id=com.yahoo.mobile.client.android.yahoo ......
Success to get info from Play Store
The lastest version of com.yahoo.mobile.client.android.yahoo-1.apk is    Varies with device  
Done processing com.yahoo.mobile.client.android.yahoo-1.apk
Time Spent:   0 Days 0 Hours 1 Minutes 42 Seconds

============================================================================
29/42 Starting processing de.resolution.yf_android-1.apk ......
Getting apk info from https://play.google.com/store/apps/details?id=de.resolution.yf_android ......
Success to get info from Play Store
The lastest version of de.resolution.yf_android-1.apk is  20150707-01  
Done processing de.resolution.yf_android-1.apk
Time Spent:   0 Days 0 Hours 1 Minutes 46 Seconds

============================================================================
30/42 Starting processing de.westwing.android-1.apk ......
Getting apk info from https://play.google.com/store/apps/details?id=de.westwing.android ......
Success to get info from Play Store
The lastest version of de.westwing.android-1.apk is  1.9.15  
Done processing de.westwing.android-1.apk
Time Spent:   0 Days 0 Hours 1 Minutes 49 Seconds

============================================================================
31/42 Starting processing gogolook.callgogolook2-1.apk ......
Getting apk info from https://play.google.com/store/apps/details?id=gogolook.callgogolook2 ......
Success to get info from Play Store
The lastest version of gogolook.callgogolook2-1.apk is  4.2.2.1  
Done processing gogolook.callgogolook2-1.apk
Time Spent:   0 Days 0 Hours 1 Minutes 52 Seconds

============================================================================
32/42 Starting processing ht.spotlig.rakutenchk-1.apk ......
Getting apk info from https://play.google.com/store/apps/details?id=ht.spotlig.rakutenchk ......
Success to get info from Play Store
The lastest version of ht.spotlig.rakutenchk-1.apk is  1.5.1  
Done processing ht.spotlig.rakutenchk-1.apk
Time Spent:   0 Days 0 Hours 1 Minutes 58 Seconds

============================================================================
33/42 Starting processing jp.co.freee.freee-1.apk ......
Getting apk info from https://play.google.com/store/apps/details?id=jp.co.freee.freee ......
Success to get info from Play Store
The lastest version of jp.co.freee.freee-1.apk is  2.1.4  
Done processing jp.co.freee.freee-1.apk
Time Spent:   0 Days 0 Hours 2 Minutes 2 Seconds

============================================================================
34/42 Starting processing jp.co.yahoo.android.emg-1.apk ......
Getting apk info from https://play.google.com/store/apps/details?id=jp.co.yahoo.android.emg ......
Success to get info from Play Store
The lastest version of jp.co.yahoo.android.emg-1.apk is    Varies with device  
Done processing jp.co.yahoo.android.emg-1.apk
Time Spent:   0 Days 0 Hours 2 Minutes 6 Seconds

============================================================================
35/42 Starting processing jp.co.yahoo.android.yshopping-1.apk ......
Getting apk info from https://play.google.com/store/apps/details?id=jp.co.yahoo.android.yshopping ......
Success to get info from Play Store
The lastest version of jp.co.yahoo.android.yshopping-1.apk is    Varies with device  
Done processing jp.co.yahoo.android.yshopping-1.apk
Time Spent:   0 Days 0 Hours 2 Minutes 11 Seconds

============================================================================
36/42 Starting processing jp.ne.sakura.ccice.norikae-1.apk ......
Getting apk info from https://play.google.com/store/apps/details?id=jp.ne.sakura.ccice.norikae ......
Success to get info from Play Store
The lastest version of jp.ne.sakura.ccice.norikae-1.apk is  1.47  
Done processing jp.ne.sakura.ccice.norikae-1.apk
Time Spent:   0 Days 0 Hours 2 Minutes 16 Seconds

============================================================================
37/42 Starting processing jp.yyc.app.official-1.apk ......
Getting apk info from https://play.google.com/store/apps/details?id=jp.yyc.app.official ......
Success to get info from Play Store
The lastest version of jp.yyc.app.official-1.apk is  4.9.0  
Done processing jp.yyc.app.official-1.apk
Time Spent:   0 Days 0 Hours 2 Minutes 21 Seconds

============================================================================
38/42 Starting processing net.bucketplace-1.apk ......
Getting apk info from https://play.google.com/store/apps/details?id=net.bucketplace ......
Success to get info from Play Store
The lastest version of net.bucketplace-1.apk is  3.1.1  
Done processing net.bucketplace-1.apk
Time Spent:   0 Days 0 Hours 2 Minutes 23 Seconds

============================================================================
39/42 Starting processing ru.alfabank.mobile.android-1.apk ......
Getting apk info from https://play.google.com/store/apps/details?id=ru.alfabank.mobile.android ......
Success to get info from Play Store
The lastest version of ru.alfabank.mobile.android-1.apk is    Varies with device  
Done processing ru.alfabank.mobile.android-1.apk
Time Spent:   0 Days 0 Hours 2 Minutes 28 Seconds

============================================================================
40/42 Starting processing ru.rzd-1.apk ......
Getting apk info from https://play.google.com/store/apps/details?id=ru.rzd ......
Success to get info from Play Store
The lastest version of ru.rzd-1.apk is  2.0.9  
Done processing ru.rzd-1.apk
Time Spent:   0 Days 0 Hours 2 Minutes 37 Seconds

============================================================================
41/42 Starting processing wp.wattpad-1.apk ......
Getting apk info from https://play.google.com/store/apps/details?id=wp.wattpad ......
Success to get info from Play Store
The lastest version of wp.wattpad-1.apk is    Varies with device  
Done processing wp.wattpad-1.apk
Time Spent:   0 Days 0 Hours 2 Minutes 43 Seconds

============================================================================
42/42 Starting processing wp.wpbeta-1.apk ......
Getting apk info from https://play.google.com/store/apps/details?id=wp.wpbeta ......
Success to get info from Play Store
The lastest version of wp.wpbeta-1.apk is  5.3.0.5  
Done processing wp.wpbeta-1.apk
Time Spent:   0 Days 0 Hours 2 Minutes 50 Seconds

============================================================================


**************************************************************
All Done
Total Time:   0 Days 0 Hours 2 Minutes 50 Seconds
Result Location:               /home/Git-Apk/code_resource/script_hooks/scan_apk/scan_apk_version/results/AppInfo_2015-07-08-10-29-30.csv
**************************************************************
