Start processing app in list /home/Git-Apk/Updated_list from /home/Git-Apk/Baidu  ......

============================================================================
1/14 Starting processing com.baidu.navi-1.apk ......
Getting apk info from https://play.google.com/store/apps/details?id=com.baidu.navi ......
Success to get info from Play Store
The lastest version of com.baidu.navi-1.apk is  3.5.0  
Done processing com.baidu.navi-1.apk
Time Spent:   0 Days 0 Hours 0 Minutes 3 Seconds

============================================================================
2/14 Starting processing com.baidu.video-1.apk ......
Getting apk info from https://play.google.com/store/apps/details?id=com.baidu.video ......
[ERROR] : Cannot find info of com.baidu.video-1.apk on https://play.google.com/store/apps/details?id=com.baidu.video !!!
Done processing com.baidu.video-1.apk
Time Spent:   0 Days 0 Hours 0 Minutes 4 Seconds

============================================================================
3/14 Starting processing com.hunantv.imgo.activity-1.apk ......
Getting apk info from https://play.google.com/store/apps/details?id=com.hunantv.imgo.activity ......
[ERROR] : Cannot find info of com.hunantv.imgo.activity-1.apk on https://play.google.com/store/apps/details?id=com.hunantv.imgo.activity !!!
Done processing com.hunantv.imgo.activity-1.apk
Time Spent:   0 Days 0 Hours 0 Minutes 5 Seconds

============================================================================
4/14 Starting processing com.ijinshan.browser_fast-1.apk ......
Getting apk info from https://play.google.com/store/apps/details?id=com.ijinshan.browser_fast ......
Success to get info from Play Store
The lastest version of com.ijinshan.browser_fast-1.apk is  2.40.2  
Done processing com.ijinshan.browser_fast-1.apk
Time Spent:   0 Days 0 Hours 0 Minutes 7 Seconds

============================================================================
5/14 Starting processing com.meilishuo-1.apk ......
Getting apk info from https://play.google.com/store/apps/details?id=com.meilishuo ......
[ERROR] : Cannot find info of com.meilishuo-1.apk on https://play.google.com/store/apps/details?id=com.meilishuo !!!
Done processing com.meilishuo-1.apk
Time Spent:   0 Days 0 Hours 0 Minutes 8 Seconds

============================================================================
6/14 Starting processing com.taobao.ju.android-1.apk ......
Getting apk info from https://play.google.com/store/apps/details?id=com.taobao.ju.android ......
Success to get info from Play Store
The lastest version of com.taobao.ju.android-1.apk is  2.6.2  
Done processing com.taobao.ju.android-1.apk
Time Spent:   0 Days 0 Hours 0 Minutes 12 Seconds

============================================================================
7/14 Starting processing com.tencent.map-1.apk ......
Getting apk info from https://play.google.com/store/apps/details?id=com.tencent.map ......
Success to get info from Play Store
The lastest version of com.tencent.map-1.apk is  5.0.2  
Done processing com.tencent.map-1.apk
Time Spent:   0 Days 0 Hours 0 Minutes 16 Seconds

============================================================================
8/14 Starting processing com.tencent.qqlive-1.apk ......
Getting apk info from https://play.google.com/store/apps/details?id=com.tencent.qqlive ......
Success to get info from Play Store
The lastest version of com.tencent.qqlive-1.apk is  3.9.6.6991  
Done processing com.tencent.qqlive-1.apk
Time Spent:   0 Days 0 Hours 0 Minutes 19 Seconds

============================================================================
9/14 Starting processing com.tencent.qqpim-1.apk ......
Getting apk info from https://play.google.com/store/apps/details?id=com.tencent.qqpim ......
Success to get info from Play Store
The lastest version of com.tencent.qqpim-1.apk is  6.0.0  
Done processing com.tencent.qqpim-1.apk
Time Spent:   0 Days 0 Hours 0 Minutes 23 Seconds

============================================================================
10/14 Starting processing com.ting.mp3.android-1.apk ......
Getting apk info from https://play.google.com/store/apps/details?id=com.ting.mp3.android ......
[ERROR] : Cannot find info of com.ting.mp3.android-1.apk on https://play.google.com/store/apps/details?id=com.ting.mp3.android !!!
Done processing com.ting.mp3.android-1.apk
Time Spent:   0 Days 0 Hours 0 Minutes 24 Seconds

============================================================================
11/14 Starting processing com.wuba-1.apk ......
Getting apk info from https://play.google.com/store/apps/details?id=com.wuba ......
[ERROR] : Cannot find info of com.wuba-1.apk on https://play.google.com/store/apps/details?id=com.wuba !!!
Done processing com.wuba-1.apk
Time Spent:   0 Days 0 Hours 0 Minutes 25 Seconds

============================================================================
12/14 Starting processing com.xunlei.kankan-1.apk ......
Getting apk info from https://play.google.com/store/apps/details?id=com.xunlei.kankan ......
[ERROR] : Cannot find info of com.xunlei.kankan-1.apk on https://play.google.com/store/apps/details?id=com.xunlei.kankan !!!
Done processing com.xunlei.kankan-1.apk
Time Spent:   0 Days 0 Hours 0 Minutes 26 Seconds

============================================================================
13/14 Starting processing qsbk.app-1.apk ......
Getting apk info from https://play.google.com/store/apps/details?id=qsbk.app ......
Success to get info from Play Store
The lastest version of qsbk.app-1.apk is  6.7.1  
Done processing qsbk.app-1.apk
Time Spent:   0 Days 0 Hours 0 Minutes 30 Seconds

============================================================================
14/14 Starting processing tv.pps.mobile-1.apk ......
Getting apk info from https://play.google.com/store/apps/details?id=tv.pps.mobile ......
Success to get info from Play Store
The lastest version of tv.pps.mobile-1.apk is  4.0.0  
Done processing tv.pps.mobile-1.apk
Time Spent:   0 Days 0 Hours 0 Minutes 33 Seconds

============================================================================


**************************************************************
All Done
Total Time:   0 Days 0 Hours 0 Minutes 33 Seconds
Result Location:               /home/Git-Apk/code_resource/script_hooks/scan_apk/scan_apk_version/results/AppInfo_2015-05-13-11-49-30.csv
**************************************************************
