Start processing app in list /home/Git-Apk/Updated_list from /home/Git-Apk/All_Apk  ......

============================================================================
1/108 Starting processing air.SchoolPublic-1.apk ......
Getting apk info from https://play.google.com/store/apps/details?id=air.SchoolPublic ......
Success to get info from Play Store
The lastest version of air.SchoolPublic-1.apk is  1.060  
Done processing air.SchoolPublic-1.apk
Time Spent:   0 Days 0 Hours 0 Minutes 3 Seconds

============================================================================
2/108 Starting processing air.WatchESPN-1.apk ......
Getting apk info from https://play.google.com/store/apps/details?id=air.WatchESPN ......
Success to get info from Play Store
The lastest version of air.WatchESPN-1.apk is  2.3.2  
Done processing air.WatchESPN-1.apk
Time Spent:   0 Days 0 Hours 0 Minutes 6 Seconds

============================================================================
3/108 Starting processing air.WhackYourNeighbourAndroid-1.apk ......
Getting apk info from https://play.google.com/store/apps/details?id=air.WhackYourNeighbourAndroid ......
Success to get info from Play Store
The lastest version of air.WhackYourNeighbourAndroid-1.apk is  1.0.3  
Done processing air.WhackYourNeighbourAndroid-1.apk
Time Spent:   0 Days 0 Hours 0 Minutes 10 Seconds

============================================================================
4/108 Starting processing air.com.buffalo_studios.newflashbingo-1.apk ......
Getting apk info from https://play.google.com/store/apps/details?id=air.com.buffalo_studios.newflashbingo ......
Success to get info from Play Store
The lastest version of air.com.buffalo_studios.newflashbingo-1.apk is  1.0.3  
Done processing air.com.buffalo_studios.newflashbingo-1.apk
Time Spent:   0 Days 0 Hours 1 Minutes 25 Seconds

============================================================================
5/108 Starting processing air.com.differencegames.hospringcleaningfree-1.apk ......
Getting apk info from https://play.google.com/store/apps/details?id=air.com.differencegames.hospringcleaningfree ......
Success to get info from Play Store
The lastest version of air.com.differencegames.hospringcleaningfree-1.apk is  1.0.3  
Done processing air.com.differencegames.hospringcleaningfree-1.apk
Time Spent:   0 Days 0 Hours 2 Minutes 40 Seconds

============================================================================
6/108 Starting processing air.com.peppapig.paintbox-1.apk ......
Getting apk info from https://play.google.com/store/apps/details?id=air.com.peppapig.paintbox ......
Success to get info from Play Store
The lastest version of air.com.peppapig.paintbox-1.apk is  1.0.3  
Done processing air.com.peppapig.paintbox-1.apk
Time Spent:   0 Days 0 Hours 3 Minutes 55 Seconds

============================================================================
7/108 Starting processing air.com.playtika.slotomania-1.apk ......
Getting apk info from https://play.google.com/store/apps/details?id=air.com.playtika.slotomania ......
Success to get info from Play Store
The lastest version of air.com.playtika.slotomania-1.apk is  1.0.3  
Done processing air.com.playtika.slotomania-1.apk
Time Spent:   0 Days 0 Hours 5 Minutes 10 Seconds

============================================================================
8/108 Starting processing air.com.sgn.juicejam.gp-1.apk ......
Getting apk info from https://play.google.com/store/apps/details?id=air.com.sgn.juicejam.gp ......
Success to get info from Play Store
The lastest version of air.com.sgn.juicejam.gp-1.apk is  1.8.14  
Done processing air.com.sgn.juicejam.gp-1.apk
Time Spent:   0 Days 0 Hours 5 Minutes 12 Seconds

============================================================================
9/108 Starting processing air.com.tutotoons.app.animalhairsalon-1.apk ......
Getting apk info from https://play.google.com/store/apps/details?id=air.com.tutotoons.app.animalhairsalon ......
Success to get info from Play Store
The lastest version of air.com.tutotoons.app.animalhairsalon-1.apk is  1.1.1  
Done processing air.com.tutotoons.app.animalhairsalon-1.apk
Time Spent:   0 Days 0 Hours 5 Minutes 14 Seconds

============================================================================
10/108 Starting processing air.com.tutotoons.app.sweetbabygirlbeautysalon-1.apk ......
Getting apk info from https://play.google.com/store/apps/details?id=air.com.tutotoons.app.sweetbabygirlbeautysalon ......
Success to get info from Play Store
The lastest version of air.com.tutotoons.app.sweetbabygirlbeautysalon-1.apk is  1.2.5  
Done processing air.com.tutotoons.app.sweetbabygirlbeautysalon-1.apk
Time Spent:   0 Days 0 Hours 5 Minutes 17 Seconds

============================================================================
11/108 Starting processing air.com.tutotoons.app.sweetbabygirlsummerfun.free-1.apk ......
Getting apk info from https://play.google.com/store/apps/details?id=air.com.tutotoons.app.sweetbabygirlsummerfun.free ......
Success to get info from Play Store
The lastest version of air.com.tutotoons.app.sweetbabygirlsummerfun.free-1.apk is  1.0.0  
Done processing air.com.tutotoons.app.sweetbabygirlsummerfun.free-1.apk
Time Spent:   0 Days 0 Hours 5 Minutes 19 Seconds

============================================================================
12/108 Starting processing at.ner.lepsWorld2-1.apk ......
Getting apk info from https://play.google.com/store/apps/details?id=at.ner.lepsWorld2 ......
Success to get info from Play Store
The lastest version of at.ner.lepsWorld2-1.apk is  1.9.3.0  
Done processing at.ner.lepsWorld2-1.apk
Time Spent:   0 Days 0 Hours 5 Minutes 21 Seconds

============================================================================
13/108 Starting processing audio.mp3.music.player-1.apk ......
Getting apk info from https://play.google.com/store/apps/details?id=audio.mp3.music.player ......
Success to get info from Play Store
The lastest version of audio.mp3.music.player-1.apk is  2.2.3  
Done processing audio.mp3.music.player-1.apk
Time Spent:   0 Days 0 Hours 5 Minutes 24 Seconds

============================================================================
14/108 Starting processing br.com.tapps.deardiary-1.apk ......
Getting apk info from https://play.google.com/store/apps/details?id=br.com.tapps.deardiary ......
Success to get info from Play Store
The lastest version of br.com.tapps.deardiary-1.apk is  1.0.2  
Done processing br.com.tapps.deardiary-1.apk
Time Spent:   0 Days 0 Hours 5 Minutes 26 Seconds

============================================================================
15/108 Starting processing co.vine.android-1.apk ......
Getting apk info from https://play.google.com/store/apps/details?id=co.vine.android ......
Success to get info from Play Store
The lastest version of co.vine.android-1.apk is    Varies with device  
Done processing co.vine.android-1.apk
Time Spent:   0 Days 0 Hours 5 Minutes 29 Seconds

============================================================================
16/108 Starting processing com.FakeCall2-1.apk ......
Getting apk info from https://play.google.com/store/apps/details?id=com.FakeCall2 ......
Success to get info from Play Store
The lastest version of com.FakeCall2-1.apk is  0.0.32  
Done processing com.FakeCall2-1.apk
Time Spent:   0 Days 0 Hours 5 Minutes 31 Seconds

============================================================================
17/108 Starting processing com.abtnprojects.ambatana-1.apk ......
Getting apk info from https://play.google.com/store/apps/details?id=com.abtnprojects.ambatana ......
Success to get info from Play Store
The lastest version of com.abtnprojects.ambatana-1.apk is  1.2.11  
Done processing com.abtnprojects.ambatana-1.apk
Time Spent:   0 Days 0 Hours 5 Minutes 34 Seconds

============================================================================
18/108 Starting processing com.accuweather.android-1.apk ......
Getting apk info from https://play.google.com/store/apps/details?id=com.accuweather.android ......
Success to get info from Play Store
The lastest version of com.accuweather.android-1.apk is    Varies with device  
Done processing com.accuweather.android-1.apk
Time Spent:   0 Days 0 Hours 5 Minutes 38 Seconds

============================================================================
19/108 Starting processing com.acmeaom.android.myradar-1.apk ......
Getting apk info from https://play.google.com/store/apps/details?id=com.acmeaom.android.myradar ......
Success to get info from Play Store
The lastest version of com.acmeaom.android.myradar-1.apk is    Varies with device  
Done processing com.acmeaom.android.myradar-1.apk
Time Spent:   0 Days 0 Hours 5 Minutes 41 Seconds

============================================================================
20/108 Starting processing com.adobe.reader-1.apk ......
Getting apk info from https://play.google.com/store/apps/details?id=com.adobe.reader ......
Success to get info from Play Store
The lastest version of com.adobe.reader-1.apk is    Varies with device  
Done processing com.adobe.reader-1.apk
Time Spent:   0 Days 0 Hours 5 Minutes 43 Seconds

============================================================================
21/108 Starting processing com.adpmobile.android-1.apk ......
Getting apk info from https://play.google.com/store/apps/details?id=com.adpmobile.android ......
Success to get info from Play Store
The lastest version of com.adpmobile.android-1.apk is  1.12.0  
Done processing com.adpmobile.android-1.apk
Time Spent:   0 Days 0 Hours 5 Minutes 47 Seconds

============================================================================
22/108 Starting processing com.aim.racing-1.apk ......
Getting apk info from https://play.google.com/store/apps/details?id=com.aim.racing ......
Success to get info from Play Store
The lastest version of com.aim.racing-1.apk is 
Done processing com.aim.racing-1.apk
Time Spent:   0 Days 0 Hours 5 Minutes 50 Seconds

============================================================================
23/108 Starting processing com.airbnb.android-1.apk ......
Getting apk info from https://play.google.com/store/apps/details?id=com.airbnb.android ......
Success to get info from Play Store
The lastest version of com.airbnb.android-1.apk is    Varies with device  
Done processing com.airbnb.android-1.apk
Time Spent:   0 Days 0 Hours 5 Minutes 54 Seconds

============================================================================
24/108 Starting processing com.amazon.kindle-1.apk ......
Getting apk info from https://play.google.com/store/apps/details?id=com.amazon.kindle ......
Success to get info from Play Store
The lastest version of com.amazon.kindle-1.apk is    Varies with device  
Done processing com.amazon.kindle-1.apk
Time Spent:   0 Days 0 Hours 5 Minutes 59 Seconds

============================================================================
25/108 Starting processing com.amazon.mShop.android.shopping-1.apk ......
Getting apk info from https://play.google.com/store/apps/details?id=com.amazon.mShop.android.shopping ......
Success to get info from Play Store
The lastest version of com.amazon.mShop.android.shopping-1.apk is    Varies with device  
Done processing com.amazon.mShop.android.shopping-1.apk
Time Spent:   0 Days 0 Hours 6 Minutes 1 Seconds

============================================================================
26/108 Starting processing com.amazon.mp3-1.apk ......
Getting apk info from https://play.google.com/store/apps/details?id=com.amazon.mp3 ......
Success to get info from Play Store
The lastest version of com.amazon.mp3-1.apk is  4.5.0  
Done processing com.amazon.mp3-1.apk
Time Spent:   0 Days 0 Hours 6 Minutes 6 Seconds

============================================================================
27/108 Starting processing com.amphibius.prison_break_free-1.apk ......
Getting apk info from https://play.google.com/store/apps/details?id=com.amphibius.prison_break_free ......
Success to get info from Play Store
The lastest version of com.amphibius.prison_break_free-1.apk is  1.03  
Done processing com.amphibius.prison_break_free-1.apk
Time Spent:   0 Days 0 Hours 6 Minutes 9 Seconds

============================================================================
28/108 Starting processing com.antivirus-1.apk ......
Getting apk info from https://play.google.com/store/apps/details?id=com.antivirus ......
Success to get info from Play Store
The lastest version of com.antivirus-1.apk is  1.03  
Done processing com.antivirus-1.apk
Time Spent:   0 Days 0 Hours 7 Minutes 25 Seconds

============================================================================
29/108 Starting processing com.apalon.myclockfree-1.apk ......
Getting apk info from https://play.google.com/store/apps/details?id=com.apalon.myclockfree ......
Success to get info from Play Store
The lastest version of com.apalon.myclockfree-1.apk is  1.03  
Done processing com.apalon.myclockfree-1.apk
Time Spent:   0 Days 0 Hours 8 Minutes 40 Seconds

============================================================================
30/108 Starting processing com.appsent.Showboxmovie.AOVKOERWVYEKWZ-1.apk ......
Getting apk info from https://play.google.com/store/apps/details?id=com.appsent.Showboxmovie.AOVKOERWVYEKWZ ......
Success to get info from Play Store
The lastest version of com.appsent.Showboxmovie.AOVKOERWVYEKWZ-1.apk is  1.03  
Done processing com.appsent.Showboxmovie.AOVKOERWVYEKWZ-1.apk
Time Spent:   0 Days 0 Hours 9 Minutes 55 Seconds

============================================================================
31/108 Starting processing com.apusapps.launcher-1.apk ......
Getting apk info from https://play.google.com/store/apps/details?id=com.apusapps.launcher ......
Success to get info from Play Store
The lastest version of com.apusapps.launcher-1.apk is  1.03  
Done processing com.apusapps.launcher-1.apk
Time Spent:   0 Days 0 Hours 11 Minutes 10 Seconds

============================================================================
32/108 Starting processing com.asobimo.toramonline-1.apk ......
Getting apk info from https://play.google.com/store/apps/details?id=com.asobimo.toramonline ......
Success to get info from Play Store
The lastest version of com.asobimo.toramonline-1.apk is  1.0.2  
Done processing com.asobimo.toramonline-1.apk
Time Spent:   0 Days 0 Hours 11 Minutes 13 Seconds

============================================================================
33/108 Starting processing com.avast.android.cleaner-1.apk ......
Getting apk info from https://play.google.com/store/apps/details?id=com.avast.android.cleaner ......
Success to get info from Play Store
The lastest version of com.avast.android.cleaner-1.apk is  1.2.0  
Done processing com.avast.android.cleaner-1.apk
Time Spent:   0 Days 0 Hours 11 Minutes 18 Seconds

============================================================================
34/108 Starting processing com.avast.android.mobilesecurity-1.apk ......
Getting apk info from https://play.google.com/store/apps/details?id=com.avast.android.mobilesecurity ......
Success to get info from Play Store
The lastest version of com.avast.android.mobilesecurity-1.apk is    Varies with device  
Done processing com.avast.android.mobilesecurity-1.apk
Time Spent:   0 Days 0 Hours 11 Minutes 21 Seconds

============================================================================
35/108 Starting processing com.avidionmedia.iGunHD-1.apk ......
Getting apk info from https://play.google.com/store/apps/details?id=com.avidionmedia.iGunHD ......
Success to get info from Play Store
The lastest version of com.avidionmedia.iGunHD-1.apk is    Varies with device  
Done processing com.avidionmedia.iGunHD-1.apk
Time Spent:   0 Days 0 Hours 12 Minutes 36 Seconds

============================================================================
36/108 Starting processing com.badoo.mobile-1.apk ......
Getting apk info from https://play.google.com/store/apps/details?id=com.badoo.mobile ......
Success to get info from Play Store
The lastest version of com.badoo.mobile-1.apk is    Varies with device  
Done processing com.badoo.mobile-1.apk
Time Spent:   0 Days 0 Hours 13 Minutes 52 Seconds

============================================================================
37/108 Starting processing com.ballytechnologies.quickhitslots-1.apk ......
Getting apk info from https://play.google.com/store/apps/details?id=com.ballytechnologies.quickhitslots ......
Success to get info from Play Store
The lastest version of com.ballytechnologies.quickhitslots-1.apk is  2.0.4  
Done processing com.ballytechnologies.quickhitslots-1.apk
Time Spent:   0 Days 0 Hours 13 Minutes 55 Seconds

============================================================================
38/108 Starting processing com.bandagames.bubblebirdsquest-1.apk ......
Getting apk info from https://play.google.com/store/apps/details?id=com.bandagames.bubblebirdsquest ......
Success to get info from Play Store
The lastest version of com.bandagames.bubblebirdsquest-1.apk is  1.5.3  
Done processing com.bandagames.bubblebirdsquest-1.apk
Time Spent:   0 Days 0 Hours 13 Minutes 59 Seconds

============================================================================
39/108 Starting processing com.bandagames.mpuzzle.gp-1.apk ......
Getting apk info from https://play.google.com/store/apps/details?id=com.bandagames.mpuzzle.gp ......
Success to get info from Play Store
The lastest version of com.bandagames.mpuzzle.gp-1.apk is    Varies with device  
Done processing com.bandagames.mpuzzle.gp-1.apk
Time Spent:   0 Days 0 Hours 14 Minutes 1 Seconds

============================================================================
40/108 Starting processing com.beatsmusic.android.client-1.apk ......
Getting apk info from https://play.google.com/store/apps/details?id=com.beatsmusic.android.client ......
Success to get info from Play Store
The lastest version of com.beatsmusic.android.client-1.apk is  1.2.6  
Done processing com.beatsmusic.android.client-1.apk
Time Spent:   0 Days 0 Hours 14 Minutes 4 Seconds

============================================================================
41/108 Starting processing com.bigblueclip.picstitch-1.apk ......
Getting apk info from https://play.google.com/store/apps/details?id=com.bigblueclip.picstitch ......
Success to get info from Play Store
The lastest version of com.bigblueclip.picstitch-1.apk is  2.4.2  
Done processing com.bigblueclip.picstitch-1.apk
Time Spent:   0 Days 0 Hours 14 Minutes 9 Seconds

============================================================================
42/108 Starting processing com.bigfishgames.gummydropgoogle-1.apk ......
Getting apk info from https://play.google.com/store/apps/details?id=com.bigfishgames.gummydropgoogle ......
Success to get info from Play Store
The lastest version of com.bigfishgames.gummydropgoogle-1.apk is  2.4.2  
Done processing com.bigfishgames.gummydropgoogle-1.apk
Time Spent:   0 Days 0 Hours 15 Minutes 24 Seconds

============================================================================
43/108 Starting processing com.bikelifegame.meekmillpresentsbikelife-1.apk ......
Getting apk info from https://play.google.com/store/apps/details?id=com.bikelifegame.meekmillpresentsbikelife ......
Success to get info from Play Store
The lastest version of com.bikelifegame.meekmillpresentsbikelife-1.apk is  2.4.2  
Done processing com.bikelifegame.meekmillpresentsbikelife-1.apk
Time Spent:   0 Days 0 Hours 16 Minutes 39 Seconds

============================================================================
44/108 Starting processing com.boombit.RunningCircles-1.apk ......
Getting apk info from https://play.google.com/store/apps/details?id=com.boombit.RunningCircles ......
Success to get info from Play Store
The lastest version of com.boombit.RunningCircles-1.apk is  1.1.0  
Done processing com.boombit.RunningCircles-1.apk
Time Spent:   0 Days 0 Hours 16 Minutes 42 Seconds

============================================================================
45/108 Starting processing com.camerasideas.instashot-1.apk ......
Getting apk info from https://play.google.com/store/apps/details?id=com.camerasideas.instashot ......
Success to get info from Play Store
The lastest version of com.camerasideas.instashot-1.apk is  1.293.71  
Done processing com.camerasideas.instashot-1.apk
Time Spent:   0 Days 0 Hours 16 Minutes 44 Seconds

============================================================================
46/108 Starting processing com.candyrufusgames.survivalcrafttrial-1.apk ......
Getting apk info from https://play.google.com/store/apps/details?id=com.candyrufusgames.survivalcrafttrial ......
Success to get info from Play Store
The lastest version of com.candyrufusgames.survivalcrafttrial-1.apk is  1.293.71  
Done processing com.candyrufusgames.survivalcrafttrial-1.apk
Time Spent:   0 Days 0 Hours 17 Minutes 59 Seconds

============================================================================
47/108 Starting processing com.cardinalblue.piccollage.google-1.apk ......
Getting apk info from https://play.google.com/store/apps/details?id=com.cardinalblue.piccollage.google ......
Success to get info from Play Store
The lastest version of com.cardinalblue.piccollage.google-1.apk is    Varies with device  
Done processing com.cardinalblue.piccollage.google-1.apk
Time Spent:   0 Days 0 Hours 18 Minutes 1 Seconds

============================================================================
48/108 Starting processing com.carezone.caredroid.careapp.medications-1.apk ......
Getting apk info from https://play.google.com/store/apps/details?id=com.carezone.caredroid.careapp.medications ......
Success to get info from Play Store
The lastest version of com.carezone.caredroid.careapp.medications-1.apk is  4.4.0.4  
Done processing com.carezone.caredroid.careapp.medications-1.apk
Time Spent:   0 Days 0 Hours 18 Minutes 6 Seconds

============================================================================
49/108 Starting processing com.cheerfulinc.flipagram-1.apk ......
Getting apk info from https://play.google.com/store/apps/details?id=com.cheerfulinc.flipagram ......
Success to get info from Play Store
The lastest version of com.cheerfulinc.flipagram-1.apk is  4.4.0.4  
Done processing com.cheerfulinc.flipagram-1.apk
Time Spent:   0 Days 0 Hours 19 Minutes 21 Seconds

============================================================================
50/108 Starting processing com.chillingo.tinytroopers2.android.rowgplay-1.apk ......
Getting apk info from https://play.google.com/store/apps/details?id=com.chillingo.tinytroopers2.android.rowgplay ......
Success to get info from Play Store
The lastest version of com.chillingo.tinytroopers2.android.rowgplay-1.apk is  4.4.0.4  
Done processing com.chillingo.tinytroopers2.android.rowgplay-1.apk
Time Spent:   0 Days 0 Hours 20 Minutes 36 Seconds

============================================================================
51/108 Starting processing com.cleanmaster.mguard-1.apk ......
Getting apk info from https://play.google.com/store/apps/details?id=com.cleanmaster.mguard ......
Success to get info from Play Store
The lastest version of com.cleanmaster.mguard-1.apk is  4.4.0.4  
Done processing com.cleanmaster.mguard-1.apk
Time Spent:   0 Days 0 Hours 21 Minutes 52 Seconds

============================================================================
52/108 Starting processing com.cleanmaster.security-1.apk ......
Getting apk info from https://play.google.com/store/apps/details?id=com.cleanmaster.security ......
Success to get info from Play Store
The lastest version of com.cleanmaster.security-1.apk is    Varies with device  
Done processing com.cleanmaster.security-1.apk
Time Spent:   0 Days 0 Hours 21 Minutes 54 Seconds

============================================================================
53/108 Starting processing com.clearchannel.iheartradio.controller-1.apk ......
Getting apk info from https://play.google.com/store/apps/details?id=com.clearchannel.iheartradio.controller ......
Success to get info from Play Store
The lastest version of com.clearchannel.iheartradio.controller-1.apk is    Varies with device  
Done processing com.clearchannel.iheartradio.controller-1.apk
Time Spent:   0 Days 0 Hours 21 Minutes 58 Seconds

============================================================================
54/108 Starting processing com.cmcm.locker-1.apk ......
Getting apk info from https://play.google.com/store/apps/details?id=com.cmcm.locker ......
Success to get info from Play Store
The lastest version of com.cmcm.locker-1.apk is  3.1.3  
Done processing com.cmcm.locker-1.apk
Time Spent:   0 Days 0 Hours 22 Minutes 0 Seconds

============================================================================
55/108 Starting processing com.cnn.mobile.android.phone-1.apk ......
Getting apk info from https://play.google.com/store/apps/details?id=com.cnn.mobile.android.phone ......
Success to get info from Play Store
The lastest version of com.cnn.mobile.android.phone-1.apk is  2.8.2  
Done processing com.cnn.mobile.android.phone-1.apk
Time Spent:   0 Days 0 Hours 22 Minutes 3 Seconds

============================================================================
56/108 Starting processing com.contextlogic.mama-1.apk ......
Getting apk info from https://play.google.com/store/apps/details?id=com.contextlogic.mama ......
Success to get info from Play Store
The lastest version of com.contextlogic.mama-1.apk is  1.0.5  
Done processing com.contextlogic.mama-1.apk
Time Spent:   0 Days 0 Hours 22 Minutes 6 Seconds

============================================================================
57/108 Starting processing com.contextlogic.wish-1.apk ......
Getting apk info from https://play.google.com/store/apps/details?id=com.contextlogic.wish ......
Success to get info from Play Store
The lastest version of com.contextlogic.wish-1.apk is  3.12.5  
Done processing com.contextlogic.wish-1.apk
Time Spent:   0 Days 0 Hours 22 Minutes 8 Seconds

============================================================================
58/108 Starting processing com.creativemobile.nno-1.apk ......
Getting apk info from https://play.google.com/store/apps/details?id=com.creativemobile.nno ......
Success to get info from Play Store
The lastest version of com.creativemobile.nno-1.apk is 
Done processing com.creativemobile.nno-1.apk
Time Spent:   0 Days 0 Hours 22 Minutes 10 Seconds

============================================================================
59/108 Starting processing com.creditkarma.mobile-1.apk ......
Getting apk info from https://play.google.com/store/apps/details?id=com.creditkarma.mobile ......
Success to get info from Play Store
The lastest version of com.creditkarma.mobile-1.apk is  2.4.4  
Done processing com.creditkarma.mobile-1.apk
Time Spent:   0 Days 0 Hours 22 Minutes 12 Seconds

============================================================================
60/108 Starting processing com.cvs.launchers.cvs-1.apk ......
Getting apk info from https://play.google.com/store/apps/details?id=com.cvs.launchers.cvs ......
Success to get info from Play Store
The lastest version of com.cvs.launchers.cvs-1.apk is  2.3  
Done processing com.cvs.launchers.cvs-1.apk
Time Spent:   0 Days 0 Hours 22 Minutes 15 Seconds

============================================================================
61/108 Starting processing com.cyberlink.youcammakeup-1.apk ......
Getting apk info from https://play.google.com/store/apps/details?id=com.cyberlink.youcammakeup ......
Success to get info from Play Store
The lastest version of com.cyberlink.youcammakeup-1.apk is  4.6.3  
Done processing com.cyberlink.youcammakeup-1.apk
Time Spent:   0 Days 0 Hours 22 Minutes 17 Seconds

============================================================================
62/108 Starting processing com.ddi-1.apk ......
Getting apk info from https://play.google.com/store/apps/details?id=com.ddi ......
Success to get info from Play Store
The lastest version of com.ddi-1.apk is  3.0.36  
Done processing com.ddi-1.apk
Time Spent:   0 Days 0 Hours 22 Minutes 21 Seconds

============================================================================
63/108 Starting processing com.degoo.android.pregnantdoctor-1.apk ......
Getting apk info from https://play.google.com/store/apps/details?id=com.degoo.android.pregnantdoctor ......
Success to get info from Play Store
The lastest version of com.degoo.android.pregnantdoctor-1.apk is  1.0.6  
Done processing com.degoo.android.pregnantdoctor-1.apk
Time Spent:   0 Days 0 Hours 22 Minutes 23 Seconds

============================================================================
64/108 Starting processing com.dianxinos.dxbs-1.apk ......
Getting apk info from https://play.google.com/store/apps/details?id=com.dianxinos.dxbs ......
Success to get info from Play Store
The lastest version of com.dianxinos.dxbs-1.apk is  3.9.9.6  
Done processing com.dianxinos.dxbs-1.apk
Time Spent:   0 Days 0 Hours 22 Minutes 27 Seconds

============================================================================
65/108 Starting processing com.dianxinos.optimizer.duplay-1.apk ......
Getting apk info from https://play.google.com/store/apps/details?id=com.dianxinos.optimizer.duplay ......
Success to get info from Play Store
The lastest version of com.dianxinos.optimizer.duplay-1.apk is  3.9.9.6  
Done processing com.dianxinos.optimizer.duplay-1.apk
Time Spent:   0 Days 0 Hours 23 Minutes 42 Seconds

============================================================================
66/108 Starting processing com.digidust.elokence.akinator.freemium-1.apk ......
Getting apk info from https://play.google.com/store/apps/details?id=com.digidust.elokence.akinator.freemium ......
Success to get info from Play Store
The lastest version of com.digidust.elokence.akinator.freemium-1.apk is  3.9.9.6  
Done processing com.digidust.elokence.akinator.freemium-1.apk
Time Spent:   0 Days 0 Hours 24 Minutes 57 Seconds

============================================================================
67/108 Starting processing com.digitalchemy.calculator.freedecimal-1.apk ......
Getting apk info from https://play.google.com/store/apps/details?id=com.digitalchemy.calculator.freedecimal ......
Success to get info from Play Store
The lastest version of com.digitalchemy.calculator.freedecimal-1.apk is 
Done processing com.digitalchemy.calculator.freedecimal-1.apk
Time Spent:   0 Days 0 Hours 24 Minutes 59 Seconds

============================================================================
68/108 Starting processing com.disney.disneymoviesanywhere_goo-1.apk ......
Getting apk info from https://play.google.com/store/apps/details?id=com.disney.disneymoviesanywhere_goo ......
Success to get info from Play Store
The lastest version of com.disney.disneymoviesanywhere_goo-1.apk is  1.3.1  
Done processing com.disney.disneymoviesanywhere_goo-1.apk
Time Spent:   0 Days 0 Hours 25 Minutes 2 Seconds

============================================================================
69/108 Starting processing com.disney.frozensaga_goo-1.apk ......
Getting apk info from https://play.google.com/store/apps/details?id=com.disney.frozensaga_goo ......
Success to get info from Play Store
The lastest version of com.disney.frozensaga_goo-1.apk is  3.0.0  
Done processing com.disney.frozensaga_goo-1.apk
Time Spent:   0 Days 0 Hours 25 Minutes 8 Seconds

============================================================================
70/108 Starting processing com.disney.thoughtbubbles_goo-1.apk ......
Getting apk info from https://play.google.com/store/apps/details?id=com.disney.thoughtbubbles_goo ......
Success to get info from Play Store
The lastest version of com.disney.thoughtbubbles_goo-1.apk is  1.4.0  
Done processing com.disney.thoughtbubbles_goo-1.apk
Time Spent:   0 Days 0 Hours 25 Minutes 13 Seconds

============================================================================
71/108 Starting processing com.djinnworks.StickmanFootball-1.apk ......
Getting apk info from https://play.google.com/store/apps/details?id=com.djinnworks.StickmanFootball ......
Success to get info from Play Store
The lastest version of com.djinnworks.StickmanFootball-1.apk is  1.4  
Done processing com.djinnworks.StickmanFootball-1.apk
Time Spent:   0 Days 0 Hours 25 Minutes 17 Seconds

============================================================================
72/108 Starting processing com.dobsoftstudios.gunfustickman2-1.apk ......
Getting apk info from https://play.google.com/store/apps/details?id=com.dobsoftstudios.gunfustickman2 ......
Success to get info from Play Store
The lastest version of com.dobsoftstudios.gunfustickman2-1.apk is  1.4.0  
Done processing com.dobsoftstudios.gunfustickman2-1.apk
Time Spent:   0 Days 0 Hours 25 Minutes 19 Seconds

============================================================================
73/108 Starting processing com.drippler.android.updates-1.apk ......
Getting apk info from https://play.google.com/store/apps/details?id=com.drippler.android.updates ......
Success to get info from Play Store
The lastest version of com.drippler.android.updates-1.apk is    Varies with device  
Done processing com.drippler.android.updates-1.apk
Time Spent:   0 Days 0 Hours 25 Minutes 21 Seconds

============================================================================
74/108 Starting processing com.droidhen.game.poker-1.apk ......
Getting apk info from https://play.google.com/store/apps/details?id=com.droidhen.game.poker ......
Success to get info from Play Store
The lastest version of com.droidhen.game.poker-1.apk is  1.9.5  
Done processing com.droidhen.game.poker-1.apk
Time Spent:   0 Days 0 Hours 25 Minutes 25 Seconds

============================================================================
75/108 Starting processing com.dropbox.android-1.apk ......
Getting apk info from https://play.google.com/store/apps/details?id=com.dropbox.android ......
Success to get info from Play Store
The lastest version of com.dropbox.android-1.apk is  3.0.1  
Done processing com.dropbox.android-1.apk
Time Spent:   0 Days 0 Hours 25 Minutes 29 Seconds

============================================================================
76/108 Starting processing com.duolingo-1.apk ......
Getting apk info from https://play.google.com/store/apps/details?id=com.duolingo ......
Success to get info from Play Store
The lastest version of com.duolingo-1.apk is    Varies with device  
Done processing com.duolingo-1.apk
Time Spent:   0 Days 0 Hours 25 Minutes 31 Seconds

============================================================================
77/108 Starting processing com.ea.game.simpsons4_na-1.apk ......
Getting apk info from https://play.google.com/store/apps/details?id=com.ea.game.simpsons4_na ......
Success to get info from Play Store
The lastest version of com.ea.game.simpsons4_na-1.apk is    Varies with device  
Done processing com.ea.game.simpsons4_na-1.apk
Time Spent:   0 Days 0 Hours 26 Minutes 46 Seconds

============================================================================
78/108 Starting processing com.ecg.close5-1.apk ......
Getting apk info from https://play.google.com/store/apps/details?id=com.ecg.close5 ......
Success to get info from Play Store
The lastest version of com.ecg.close5-1.apk is    Varies with device  
Done processing com.ecg.close5-1.apk
Time Spent:   0 Days 0 Hours 28 Minutes 1 Seconds

============================================================================
79/108 Starting processing com.eliferun.music-1.apk ......
Getting apk info from https://play.google.com/store/apps/details?id=com.eliferun.music ......
Success to get info from Play Store
The lastest version of com.eliferun.music-1.apk is  2.1.3  
Done processing com.eliferun.music-1.apk
Time Spent:   0 Days 0 Hours 28 Minutes 4 Seconds

============================================================================
80/108 Starting processing com.emoji.ikeyboard-1.apk ......
Getting apk info from https://play.google.com/store/apps/details?id=com.emoji.ikeyboard ......
Success to get info from Play Store
The lastest version of com.emoji.ikeyboard-1.apk is  3.8.3  
Done processing com.emoji.ikeyboard-1.apk
Time Spent:   0 Days 0 Hours 28 Minutes 9 Seconds

============================================================================
81/108 Starting processing com.emoji.keyboard.touchpal-1.apk ......
Getting apk info from https://play.google.com/store/apps/details?id=com.emoji.keyboard.touchpal ......
Success to get info from Play Store
The lastest version of com.emoji.keyboard.touchpal-1.apk is  5.7.3.4  
Done processing com.emoji.keyboard.touchpal-1.apk
Time Spent:   0 Days 0 Hours 28 Minutes 11 Seconds

============================================================================
82/108 Starting processing com.emojifamily.emoji.keyboard.font.twitteremoji-1.apk ......
Getting apk info from https://play.google.com/store/apps/details?id=com.emojifamily.emoji.keyboard.font.twitteremoji ......
Success to get info from Play Store
The lastest version of com.emojifamily.emoji.keyboard.font.twitteremoji-1.apk is  2.0  
Done processing com.emojifamily.emoji.keyboard.font.twitteremoji-1.apk
Time Spent:   0 Days 0 Hours 28 Minutes 16 Seconds

============================================================================
83/108 Starting processing com.enflick.android.TextNow-1.apk ......
Getting apk info from https://play.google.com/store/apps/details?id=com.enflick.android.TextNow ......
Success to get info from Play Store
The lastest version of com.enflick.android.TextNow-1.apk is    Varies with device  
Done processing com.enflick.android.TextNow-1.apk
Time Spent:   0 Days 0 Hours 28 Minutes 24 Seconds

============================================================================
84/108 Starting processing com.estrongs.android.pop-1.apk ......
Getting apk info from https://play.google.com/store/apps/details?id=com.estrongs.android.pop ......
Success to get info from Play Store
The lastest version of com.estrongs.android.pop-1.apk is  3.2.5.5  
Done processing com.estrongs.android.pop-1.apk
Time Spent:   0 Days 0 Hours 28 Minutes 28 Seconds

============================================================================
85/108 Starting processing com.etermax.preguntados.lite-1.apk ......
Getting apk info from https://play.google.com/store/apps/details?id=com.etermax.preguntados.lite ......
Success to get info from Play Store
The lastest version of com.etermax.preguntados.lite-1.apk is  2.1.5  
Done processing com.etermax.preguntados.lite-1.apk
Time Spent:   0 Days 0 Hours 28 Minutes 32 Seconds

============================================================================
86/108 Starting processing com.etsy.android-1.apk ......
Getting apk info from https://play.google.com/store/apps/details?id=com.etsy.android ......
Success to get info from Play Store
The lastest version of com.etsy.android-1.apk is  4.17.0  
Done processing com.etsy.android-1.apk
Time Spent:   0 Days 0 Hours 28 Minutes 36 Seconds

============================================================================
87/108 Starting processing com.expedia.bookings-1.apk ......
Getting apk info from https://play.google.com/store/apps/details?id=com.expedia.bookings ......
Success to get info from Play Store
The lastest version of com.expedia.bookings-1.apk is  4.17.0  
Done processing com.expedia.bookings-1.apk
Time Spent:   0 Days 0 Hours 29 Minutes 52 Seconds

============================================================================
88/108 Starting processing com.facebook.orca-1.apk ......
Getting apk info from https://play.google.com/store/apps/details?id=com.facebook.orca ......
Success to get info from Play Store
The lastest version of com.facebook.orca-1.apk is    Varies with device  
Done processing com.facebook.orca-1.apk
Time Spent:   0 Days 0 Hours 29 Minutes 56 Seconds

============================================================================
89/108 Starting processing com.facebook.pages.app-1.apk ......
Getting apk info from https://play.google.com/store/apps/details?id=com.facebook.pages.app ......
Success to get info from Play Store
The lastest version of com.facebook.pages.app-1.apk is    Varies with device  
Done processing com.facebook.pages.app-1.apk
Time Spent:   0 Days 0 Hours 30 Minutes 1 Seconds

============================================================================
90/108 Starting processing com.fandango-1.apk ......
Getting apk info from https://play.google.com/store/apps/details?id=com.fandango ......
Success to get info from Play Store
The lastest version of com.fandango-1.apk is  5.8  
Done processing com.fandango-1.apk
Time Spent:   0 Days 0 Hours 30 Minutes 2 Seconds

============================================================================
91/108 Starting processing com.feelingtouch.empirewaronline-1.apk ......
Getting apk info from https://play.google.com/store/apps/details?id=com.feelingtouch.empirewaronline ......
Success to get info from Play Store
The lastest version of com.feelingtouch.empirewaronline-1.apk is  1.311  
Done processing com.feelingtouch.empirewaronline-1.apk
Time Spent:   0 Days 0 Hours 30 Minutes 6 Seconds

============================================================================
92/108 Starting processing com.fgol.HungrySharkEvolution-1.apk ......
Getting apk info from https://play.google.com/store/apps/details?id=com.fgol.HungrySharkEvolution ......
[ERROR] : Cannot find info of com.fgol.HungrySharkEvolution-1.apk on https://play.google.com/store/apps/details?id=com.fgol.HungrySharkEvolution !!!
Done processing com.fgol.HungrySharkEvolution-1.apk
Time Spent:   0 Days 0 Hours 30 Minutes 7 Seconds

============================================================================
93/108 Starting processing com.fingersoft.hillclimb-1.apk ......
Getting apk info from https://play.google.com/store/apps/details?id=com.fingersoft.hillclimb ......
Success to get info from Play Store
The lastest version of com.fingersoft.hillclimb-1.apk is    Varies with device  
Done processing com.fingersoft.hillclimb-1.apk
Time Spent:   0 Days 0 Hours 30 Minutes 11 Seconds

============================================================================
94/108 Starting processing com.fitbit.FitbitMobile-1.apk ......
Getting apk info from https://play.google.com/store/apps/details?id=com.fitbit.FitbitMobile ......
Success to get info from Play Store
The lastest version of com.fitbit.FitbitMobile-1.apk is    Varies with device  
Done processing com.fitbit.FitbitMobile-1.apk
Time Spent:   0 Days 0 Hours 30 Minutes 16 Seconds

============================================================================
95/108 Starting processing com.forgame.warship-1.apk ......
Getting apk info from https://play.google.com/store/apps/details?id=com.forgame.warship ......
Success to get info from Play Store
The lastest version of com.forgame.warship-1.apk is 
Done processing com.forgame.warship-1.apk
Time Spent:   0 Days 0 Hours 30 Minutes 19 Seconds

============================================================================
96/108 Starting processing com.fungamesforfree.colorfy-1.apk ......
Getting apk info from https://play.google.com/store/apps/details?id=com.fungamesforfree.colorfy ......
Success to get info from Play Store
The lastest version of com.fungamesforfree.colorfy-1.apk is  1.1.0  
Done processing com.fungamesforfree.colorfy-1.apk
Time Spent:   0 Days 0 Hours 30 Minutes 23 Seconds

============================================================================
97/108 Starting processing com.gamecircus.prizeclaw2-1.apk ......
Getting apk info from https://play.google.com/store/apps/details?id=com.gamecircus.prizeclaw2 ......
Success to get info from Play Store
The lastest version of com.gamecircus.prizeclaw2-1.apk is    Varies with device  
Done processing com.gamecircus.prizeclaw2-1.apk
Time Spent:   0 Days 0 Hours 30 Minutes 25 Seconds

============================================================================
98/108 Starting processing com.gameloft.android.ANMP.GloftA8HM-1.apk ......
Getting apk info from https://play.google.com/store/apps/details?id=com.gameloft.android.ANMP.GloftA8HM ......
Success to get info from Play Store
The lastest version of com.gameloft.android.ANMP.GloftA8HM-1.apk is    Varies with device  
Done processing com.gameloft.android.ANMP.GloftA8HM-1.apk
Time Spent:   0 Days 0 Hours 30 Minutes 27 Seconds

============================================================================
99/108 Starting processing com.gamma.scan-1.apk ......
Getting apk info from https://play.google.com/store/apps/details?id=com.gamma.scan ......
Success to get info from Play Store
The lastest version of com.gamma.scan-1.apk is  1.0341  
Done processing com.gamma.scan-1.apk
Time Spent:   0 Days 0 Hours 30 Minutes 29 Seconds

============================================================================
100/108 Starting processing com.giphy.messenger-1.apk ......
Getting apk info from https://play.google.com/store/apps/details?id=com.giphy.messenger ......
Success to get info from Play Store
The lastest version of com.giphy.messenger-1.apk is  1.0.0  
Done processing com.giphy.messenger-1.apk
Time Spent:   0 Days 0 Hours 30 Minutes 31 Seconds

============================================================================
101/108 Starting processing com.glidetalk.glideapp-1.apk ......
Getting apk info from https://play.google.com/store/apps/details?id=com.glidetalk.glideapp ......
Success to get info from Play Store
The lastest version of com.glidetalk.glideapp-1.apk is    Varies with device  
Done processing com.glidetalk.glideapp-1.apk
Time Spent:   0 Days 0 Hours 30 Minutes 35 Seconds

============================================================================
102/108 Starting processing com.glu.baseball15-1.apk ......
Getting apk info from https://play.google.com/store/apps/details?id=com.glu.baseball15 ......
Success to get info from Play Store
The lastest version of com.glu.baseball15-1.apk is  1.1.3  
Done processing com.glu.baseball15-1.apk
Time Spent:   0 Days 0 Hours 30 Minutes 37 Seconds

============================================================================
103/108 Starting processing com.glu.mi5-1.apk ......
Getting apk info from https://play.google.com/store/apps/details?id=com.glu.mi5 ......
Success to get info from Play Store
The lastest version of com.glu.mi5-1.apk is  1.0.1  
Done processing com.glu.mi5-1.apk
Time Spent:   0 Days 0 Hours 30 Minutes 41 Seconds

============================================================================
104/108 Starting processing com.goldenlion.slots-1.apk ......
Getting apk info from https://play.google.com/store/apps/details?id=com.goldenlion.slots ......
Success to get info from Play Store
The lastest version of com.goldenlion.slots-1.apk is  1.02  
Done processing com.goldenlion.slots-1.apk
Time Spent:   0 Days 0 Hours 30 Minutes 44 Seconds

============================================================================
105/108 Starting processing com.google.android.apps.docs.editors.docs-1.apk ......
Getting apk info from https://play.google.com/store/apps/details?id=com.google.android.apps.docs.editors.docs ......
Success to get info from Play Store
The lastest version of com.google.android.apps.docs.editors.docs-1.apk is 
Done processing com.google.android.apps.docs.editors.docs-1.apk
Time Spent:   0 Days 0 Hours 30 Minutes 48 Seconds

============================================================================
106/108 Starting processing com.google.android.apps.docs.editors.sheets-1.apk ......
Getting apk info from https://play.google.com/store/apps/details?id=com.google.android.apps.docs.editors.sheets ......
Success to get info from Play Store
The lastest version of com.google.android.apps.docs.editors.sheets-1.apk is 
Done processing com.google.android.apps.docs.editors.sheets-1.apk
Time Spent:   0 Days 0 Hours 30 Minutes 50 Seconds

============================================================================
107/108 Starting processing com.google.android.apps.messaging-1.apk ......
Getting apk info from https://play.google.com/store/apps/details?id=com.google.android.apps.messaging ......
Success to get info from Play Store
The lastest version of com.google.android.apps.messaging-1.apk is 
Done processing com.google.android.apps.messaging-1.apk
Time Spent:   0 Days 0 Hours 30 Minutes 52 Seconds

============================================================================
108/108 Starting processing com.google.android.apps.photos-1.apk ......
Getting apk info from https://play.google.com/store/apps/details?id=com.google.android.apps.photos ......
Success to get info from Play Store
The lastest version of com.google.android.apps.photos-1.apk is 
Done processing com.google.android.apps.photos-1.apk
Time Spent:   0 Days 0 Hours 30 Minutes 56 Seconds

============================================================================


**************************************************************
All Done
Total Time:   0 Days 0 Hours 30 Minutes 56 Seconds
Result Location:               /home/Git-Apk/code_resource/script_hooks/scan_apk/scan_apk_version/results/AppInfo_2015-08-05-11-13-35.csv
**************************************************************
