Start processing app in list /home/Git-Apk/Updated_list from /home/Git-Apk/All_Apk  ......

============================================================================
1/44 Starting processing android.uniwar-1.apk ......
Getting apk info from https://play.google.com/store/apps/details?id=android.uniwar ......
Success to get info from Play Store
The lastest version of android.uniwar-1.apk is  1.8.24  
Done processing android.uniwar-1.apk
Time Spent:   0 Days 0 Hours 0 Minutes 4 Seconds

============================================================================
2/44 Starting processing com.alexvas.dvr.pro-1.apk ......
Getting apk info from https://play.google.com/store/apps/details?id=com.alexvas.dvr.pro ......
Success to get info from Play Store
The lastest version of com.alexvas.dvr.pro-1.apk is  6.2.4  
Done processing com.alexvas.dvr.pro-1.apk
Time Spent:   0 Days 0 Hours 0 Minutes 8 Seconds

============================================================================
3/44 Starting processing com.choiceofgames.versus1-1.apk ......
Getting apk info from https://play.google.com/store/apps/details?id=com.choiceofgames.versus1 ......
Success to get info from Play Store
The lastest version of com.choiceofgames.versus1-1.apk is  1.0.0  
Done processing com.choiceofgames.versus1-1.apk
Time Spent:   0 Days 0 Hours 0 Minutes 12 Seconds

============================================================================
4/44 Starting processing com.coffeestainstudios.goatsimulator.goatz-1.apk ......
Getting apk info from https://play.google.com/store/apps/details?id=com.coffeestainstudios.goatsimulator.goatz ......
Success to get info from Play Store
The lastest version of com.coffeestainstudios.goatsimulator.goatz-1.apk is  1.2.4  
Done processing com.coffeestainstudios.goatsimulator.goatz-1.apk
Time Spent:   0 Days 0 Hours 0 Minutes 16 Seconds

============================================================================
5/44 Starting processing com.cubesol.twentyonedaycontainer-1.apk ......
Getting apk info from https://play.google.com/store/apps/details?id=com.cubesol.twentyonedaycontainer ......
Success to get info from Play Store
The lastest version of com.cubesol.twentyonedaycontainer-1.apk is  1.6  
Done processing com.cubesol.twentyonedaycontainer-1.apk
Time Spent:   0 Days 0 Hours 0 Minutes 21 Seconds

============================================================================
6/44 Starting processing com.dreamsky.DiabloLOL-1.apk ......
Getting apk info from https://play.google.com/store/apps/details?id=com.dreamsky.DiabloLOL ......
Success to get info from Play Store
The lastest version of com.dreamsky.DiabloLOL-1.apk is  1.1.0  
Done processing com.dreamsky.DiabloLOL-1.apk
Time Spent:   0 Days 0 Hours 0 Minutes 25 Seconds

============================================================================
7/44 Starting processing com.edu.schollyapp-1.apk ......
Getting apk info from https://play.google.com/store/apps/details?id=com.edu.schollyapp ......
Success to get info from Play Store
The lastest version of com.edu.schollyapp-1.apk is  1.7.1  
Done processing com.edu.schollyapp-1.apk
Time Spent:   0 Days 0 Hours 0 Minutes 30 Seconds

============================================================================
8/44 Starting processing com.fantasypros.mockdraft.nfl-1.apk ......
Getting apk info from https://play.google.com/store/apps/details?id=com.fantasypros.mockdraft.nfl ......
Success to get info from Play Store
The lastest version of com.fantasypros.mockdraft.nfl-1.apk is  1.2.4  
Done processing com.fantasypros.mockdraft.nfl-1.apk
Time Spent:   0 Days 0 Hours 0 Minutes 33 Seconds

============================================================================
9/44 Starting processing com.flightradar24pro-1.apk ......
Getting apk info from https://play.google.com/store/apps/details?id=com.flightradar24pro ......
Success to get info from Play Store
The lastest version of com.flightradar24pro-1.apk is    Varies with device  
Done processing com.flightradar24pro-1.apk
Time Spent:   0 Days 0 Hours 0 Minutes 37 Seconds

============================================================================
10/44 Starting processing com.footballguys.FBGDraft2015a-1.apk ......
Getting apk info from https://play.google.com/store/apps/details?id=com.footballguys.FBGDraft2015a ......
Success to get info from Play Store
The lastest version of com.footballguys.FBGDraft2015a-1.apk is  1.2  
Done processing com.footballguys.FBGDraft2015a-1.apk
Time Spent:   0 Days 0 Hours 0 Minutes 41 Seconds

============================================================================
11/44 Starting processing com.foursakenmedia.blockfortress-1.apk ......
Getting apk info from https://play.google.com/store/apps/details?id=com.foursakenmedia.blockfortress ......
Success to get info from Play Store
The lastest version of com.foursakenmedia.blockfortress-1.apk is 
Done processing com.foursakenmedia.blockfortress-1.apk
Time Spent:   0 Days 0 Hours 0 Minutes 45 Seconds

============================================================================
12/44 Starting processing com.giantssoftware.fs16-1.apk ......
Getting apk info from https://play.google.com/store/apps/details?id=com.giantssoftware.fs16 ......
Success to get info from Play Store
The lastest version of com.giantssoftware.fs16-1.apk is  1.0.0.7  
Done processing com.giantssoftware.fs16-1.apk
Time Spent:   0 Days 0 Hours 0 Minutes 49 Seconds

============================================================================
13/44 Starting processing com.glutenfreegames.lionsimulatortwo-1.apk ......
Getting apk info from https://play.google.com/store/apps/details?id=com.glutenfreegames.lionsimulatortwo ......
Success to get info from Play Store
The lastest version of com.glutenfreegames.lionsimulatortwo-1.apk is  1.0.4  
Done processing com.glutenfreegames.lionsimulatortwo-1.apk
Time Spent:   0 Days 0 Hours 0 Minutes 54 Seconds

============================================================================
14/44 Starting processing com.glutenfreegames.wolfsimulatortwo-1.apk ......
Getting apk info from https://play.google.com/store/apps/details?id=com.glutenfreegames.wolfsimulatortwo ......
Success to get info from Play Store
The lastest version of com.glutenfreegames.wolfsimulatortwo-1.apk is 
Done processing com.glutenfreegames.wolfsimulatortwo-1.apk
Time Spent:   0 Days 0 Hours 0 Minutes 57 Seconds

============================================================================
15/44 Starting processing com.google.android.gms-1.apk ......
Getting apk info from https://play.google.com/store/apps/details?id=com.google.android.gms ......
Success to get info from Play Store
The lastest version of com.google.android.gms-1.apk is    Varies with device  
Done processing com.google.android.gms-1.apk
Time Spent:   0 Days 0 Hours 1 Minutes 2 Seconds

============================================================================
16/44 Starting processing com.google.android.play.games-1.apk ......
Getting apk info from https://play.google.com/store/apps/details?id=com.google.android.play.games ......
Success to get info from Play Store
The lastest version of com.google.android.play.games-1.apk is    Varies with device  
Done processing com.google.android.play.games-1.apk
Time Spent:   0 Days 0 Hours 1 Minutes 6 Seconds

============================================================================
17/44 Starting processing com.kevinbradford.games.theguides-1.apk ......
Getting apk info from https://play.google.com/store/apps/details?id=com.kevinbradford.games.theguides ......
Success to get info from Play Store
The lastest version of com.kevinbradford.games.theguides-1.apk is  1.1  
Done processing com.kevinbradford.games.theguides-1.apk
Time Spent:   0 Days 0 Hours 1 Minutes 13 Seconds

============================================================================
18/44 Starting processing com.mozglabs.spacefantasy-1.apk ......
Getting apk info from https://play.google.com/store/apps/details?id=com.mozglabs.spacefantasy ......
Success to get info from Play Store
The lastest version of com.mozglabs.spacefantasy-1.apk is  1.1.3  
Done processing com.mozglabs.spacefantasy-1.apk
Time Spent:   0 Days 0 Hours 1 Minutes 17 Seconds

============================================================================
19/44 Starting processing com.msherwin.gamestudiotycoon2-1.apk ......
Getting apk info from https://play.google.com/store/apps/details?id=com.msherwin.gamestudiotycoon2 ......
Success to get info from Play Store
The lastest version of com.msherwin.gamestudiotycoon2-1.apk is  3.6  
Done processing com.msherwin.gamestudiotycoon2-1.apk
Time Spent:   0 Days 0 Hours 1 Minutes 22 Seconds

============================================================================
20/44 Starting processing com.natewren.piptecgreen-1.apk ......
Getting apk info from https://play.google.com/store/apps/details?id=com.natewren.piptecgreen ......
Success to get info from Play Store
The lastest version of com.natewren.piptecgreen-1.apk is  1.2.2  
Done processing com.natewren.piptecgreen-1.apk
Time Spent:   0 Days 0 Hours 1 Minutes 26 Seconds

============================================================================
21/44 Starting processing com.noodlecake.framed-1.apk ......
Getting apk info from https://play.google.com/store/apps/details?id=com.noodlecake.framed ......
Success to get info from Play Store
The lastest version of com.noodlecake.framed-1.apk is  1.0.9  
Done processing com.noodlecake.framed-1.apk
Time Spent:   0 Days 0 Hours 1 Minutes 31 Seconds

============================================================================
22/44 Starting processing com.orgoniteapps.buildit3-1.apk ......
Getting apk info from https://play.google.com/store/apps/details?id=com.orgoniteapps.buildit3 ......
Success to get info from Play Store
The lastest version of com.orgoniteapps.buildit3-1.apk is  1.0  
Done processing com.orgoniteapps.buildit3-1.apk
Time Spent:   0 Days 0 Hours 1 Minutes 36 Seconds

============================================================================
23/44 Starting processing com.ospolice.packagedisablerpro-1.apk ......
Getting apk info from https://play.google.com/store/apps/details?id=com.ospolice.packagedisablerpro ......
Success to get info from Play Store
The lastest version of com.ospolice.packagedisablerpro-1.apk is  3.6  
Done processing com.ospolice.packagedisablerpro-1.apk
Time Spent:   0 Days 0 Hours 1 Minutes 40 Seconds

============================================================================
24/44 Starting processing com.playdead.limbo.full-1.apk ......
Getting apk info from https://play.google.com/store/apps/details?id=com.playdead.limbo.full ......
Success to get info from Play Store
The lastest version of com.playdead.limbo.full-1.apk is  1.8  
Done processing com.playdead.limbo.full-1.apk
Time Spent:   0 Days 0 Hours 1 Minutes 44 Seconds

============================================================================
25/44 Starting processing com.pujie.wristwear.pujieblack-1.apk ......
Getting apk info from https://play.google.com/store/apps/details?id=com.pujie.wristwear.pujieblack ......
Success to get info from Play Store
The lastest version of com.pujie.wristwear.pujieblack-1.apk is  3.1.22  
Done processing com.pujie.wristwear.pujieblack-1.apk
Time Spent:   0 Days 0 Hours 1 Minutes 50 Seconds

============================================================================
26/44 Starting processing com.rotowire.footballdraftkit2015-1.apk ......
Getting apk info from https://play.google.com/store/apps/details?id=com.rotowire.footballdraftkit2015 ......
Success to get info from Play Store
The lastest version of com.rotowire.footballdraftkit2015-1.apk is  1.15  
Done processing com.rotowire.footballdraftkit2015-1.apk
Time Spent:   0 Days 0 Hours 1 Minutes 54 Seconds

============================================================================
27/44 Starting processing com.samruston.weather-1.apk ......
Getting apk info from https://play.google.com/store/apps/details?id=com.samruston.weather ......
Success to get info from Play Store
The lastest version of com.samruston.weather-1.apk is  1.4.9.5  
Done processing com.samruston.weather-1.apk
Time Spent:   0 Days 0 Hours 1 Minutes 59 Seconds

============================================================================
28/44 Starting processing com.scottgames.fnaf3-1.apk ......
Getting apk info from https://play.google.com/store/apps/details?id=com.scottgames.fnaf3 ......
Success to get info from Play Store
The lastest version of com.scottgames.fnaf3-1.apk is  1.07  
Done processing com.scottgames.fnaf3-1.apk
Time Spent:   0 Days 0 Hours 2 Minutes 4 Seconds

============================================================================
29/44 Starting processing com.scottgames.fnaf4-1.apk ......
Getting apk info from https://play.google.com/store/apps/details?id=com.scottgames.fnaf4 ......
Success to get info from Play Store
The lastest version of com.scottgames.fnaf4-1.apk is  1.1  
Done processing com.scottgames.fnaf4-1.apk
Time Spent:   0 Days 0 Hours 2 Minutes 9 Seconds

============================================================================
30/44 Starting processing com.sds.potato-1.apk ......
Getting apk info from https://play.google.com/store/apps/details?id=com.sds.potato ......
Success to get info from Play Store
The lastest version of com.sds.potato-1.apk is  1.0.0  
Done processing com.sds.potato-1.apk
Time Spent:   0 Days 0 Hours 2 Minutes 12 Seconds

============================================================================
31/44 Starting processing com.square_enix.android_googleplay.FFT_en2-1.apk ......
Getting apk info from https://play.google.com/store/apps/details?id=com.square_enix.android_googleplay.FFT_en2 ......
Success to get info from Play Store
The lastest version of com.square_enix.android_googleplay.FFT_en2-1.apk is  1.0.0  
Done processing com.square_enix.android_googleplay.FFT_en2-1.apk
Time Spent:   0 Days 0 Hours 2 Minutes 17 Seconds

============================================================================
32/44 Starting processing com.squareenixmontreal.lcgo-1.apk ......
Getting apk info from https://play.google.com/store/apps/details?id=com.squareenixmontreal.lcgo ......
Success to get info from Play Store
The lastest version of com.squareenixmontreal.lcgo-1.apk is  1.0.49572  
Done processing com.squareenixmontreal.lcgo-1.apk
Time Spent:   0 Days 0 Hours 2 Minutes 22 Seconds

============================================================================
33/44 Starting processing com.t2ksports.wwe2k15mobile-1.apk ......
Getting apk info from https://play.google.com/store/apps/details?id=com.t2ksports.wwe2k15mobile ......
Success to get info from Play Store
The lastest version of com.t2ksports.wwe2k15mobile-1.apk is  1.1.8117  
Done processing com.t2ksports.wwe2k15mobile-1.apk
Time Spent:   0 Days 0 Hours 2 Minutes 25 Seconds

============================================================================
34/44 Starting processing com.threeminutegames.lifeline.google-1.apk ......
Getting apk info from https://play.google.com/store/apps/details?id=com.threeminutegames.lifeline.google ......
Success to get info from Play Store
The lastest version of com.threeminutegames.lifeline.google-1.apk is  1.3.4  
Done processing com.threeminutegames.lifeline.google-1.apk
Time Spent:   0 Days 0 Hours 2 Minutes 30 Seconds

============================================================================
35/44 Starting processing com.turner.stevenrpg-1.apk ......
Getting apk info from https://play.google.com/store/apps/details?id=com.turner.stevenrpg ......
Success to get info from Play Store
The lastest version of com.turner.stevenrpg-1.apk is  1.0.2  
Done processing com.turner.stevenrpg-1.apk
Time Spent:   0 Days 0 Hours 2 Minutes 35 Seconds

============================================================================
36/44 Starting processing com.twoninetydesign.cheatsheet2015-1.apk ......
Getting apk info from https://play.google.com/store/apps/details?id=com.twoninetydesign.cheatsheet2015 ......
Success to get info from Play Store
The lastest version of com.twoninetydesign.cheatsheet2015-1.apk is  5.0.2  
Done processing com.twoninetydesign.cheatsheet2015-1.apk
Time Spent:   0 Days 0 Hours 2 Minutes 39 Seconds

============================================================================
37/44 Starting processing com.wb.goog.lbbg-1.apk ......
Getting apk info from https://play.google.com/store/apps/details?id=com.wb.goog.lbbg ......
Success to get info from Play Store
The lastest version of com.wb.goog.lbbg-1.apk is 
Done processing com.wb.goog.lbbg-1.apk
Time Spent:   0 Days 0 Hours 2 Minutes 44 Seconds

============================================================================
38/44 Starting processing com.wb.lego.marvel-1.apk ......
Getting apk info from https://play.google.com/store/apps/details?id=com.wb.lego.marvel ......
Success to get info from Play Store
The lastest version of com.wb.lego.marvel-1.apk is 
Done processing com.wb.lego.marvel-1.apk
Time Spent:   0 Days 0 Hours 2 Minutes 48 Seconds

============================================================================
39/44 Starting processing com.wb.lego.tcs-1.apk ......
Getting apk info from https://play.google.com/store/apps/details?id=com.wb.lego.tcs ......
Success to get info from Play Store
The lastest version of com.wb.lego.tcs-1.apk is 
Done processing com.wb.lego.tcs-1.apk
Time Spent:   0 Days 0 Hours 2 Minutes 52 Seconds

============================================================================
40/44 Starting processing edu.terc.zoombinis-1.apk ......
Getting apk info from https://play.google.com/store/apps/details?id=edu.terc.zoombinis ......
Success to get info from Play Store
The lastest version of edu.terc.zoombinis-1.apk is  1.0.2  
Done processing edu.terc.zoombinis-1.apk
Time Spent:   0 Days 0 Hours 2 Minutes 56 Seconds

============================================================================
41/44 Starting processing eu.thedarken.sdm.unlocker-1.apk ......
Getting apk info from https://play.google.com/store/apps/details?id=eu.thedarken.sdm.unlocker ......
Success to get info from Play Store
The lastest version of eu.thedarken.sdm.unlocker-1.apk is    Varies with device  
Done processing eu.thedarken.sdm.unlocker-1.apk
Time Spent:   0 Days 0 Hours 3 Minutes 1 Seconds

============================================================================
42/44 Starting processing ilmfinity.evocreo.main.android-1.apk ......
Getting apk info from https://play.google.com/store/apps/details?id=ilmfinity.evocreo.main.android ......
Success to get info from Play Store
The lastest version of ilmfinity.evocreo.main.android-1.apk is  1.2.13  
Done processing ilmfinity.evocreo.main.android-1.apk
Time Spent:   0 Days 0 Hours 3 Minutes 4 Seconds

============================================================================
43/44 Starting processing org.twisevictory.apps-1.apk ......
Getting apk info from https://play.google.com/store/apps/details?id=org.twisevictory.apps ......
Success to get info from Play Store
The lastest version of org.twisevictory.apps-1.apk is  4.1.5  
Done processing org.twisevictory.apps-1.apk
Time Spent:   0 Days 0 Hours 3 Minutes 8 Seconds

============================================================================
44/44 Starting processing uk.co.atomapps.gravitysim3d-1.apk ......
Getting apk info from https://play.google.com/store/apps/details?id=uk.co.atomapps.gravitysim3d ......
Success to get info from Play Store
The lastest version of uk.co.atomapps.gravitysim3d-1.apk is  2.1  
Done processing uk.co.atomapps.gravitysim3d-1.apk
Time Spent:   0 Days 0 Hours 3 Minutes 11 Seconds

============================================================================


**************************************************************
All Done
Total Time:   0 Days 0 Hours 3 Minutes 11 Seconds
Result Location:               /home/Git-Apk/code_resource/script_hooks/scan_apk/scan_apk_version/results/AppInfo_2015-09-06-13-55-36.csv
**************************************************************
