Start processing app in list /home/Git-Apk/Updated_list from /home/Git-Apk/Baidu  ......

============================================================================
1/4 Starting processing com.baidu.appsearch-1.apk ......
Getting apk info from https://play.google.com/store/apps/details?id=com.baidu.appsearch ......
Success to get info from Play Store
The lastest version of com.baidu.appsearch-1.apk is 
Done processing com.baidu.appsearch-1.apk
Time Spent:   0 Days 0 Hours 0 Minutes 1 Seconds

============================================================================
2/4 Starting processing com.chinapnr.client-1.apk ......
Getting apk info from https://play.google.com/store/apps/details?id=com.chinapnr.client ......
Success to get info from Play Store
The lastest version of com.chinapnr.client-1.apk is 
Done processing com.chinapnr.client-1.apk
Time Spent:   0 Days 0 Hours 0 Minutes 1 Seconds

============================================================================
3/4 Starting processing com.duowan.mobile-1.apk ......
Getting apk info from https://play.google.com/store/apps/details?id=com.duowan.mobile ......
Success to get info from Play Store
The lastest version of com.duowan.mobile-1.apk is 
Done processing com.duowan.mobile-1.apk
Time Spent:   0 Days 0 Hours 0 Minutes 1 Seconds

============================================================================
4/4 Starting processing com.miui.miuilite-1.apk ......
Getting apk info from https://play.google.com/store/apps/details?id=com.miui.miuilite ......
Success to get info from Play Store
The lastest version of com.miui.miuilite-1.apk is 
Done processing com.miui.miuilite-1.apk
Time Spent:   0 Days 0 Hours 0 Minutes 2 Seconds

============================================================================


**************************************************************
All Done
Total Time:   0 Days 0 Hours 0 Minutes 2 Seconds
Result Location:               /home/Git-Apk/code_resource/script_hooks/scan_apk/scan_apk_version/results/AppInfo_2015-03-30-16-49-36.csv
**************************************************************
