Start processing app in list /home/Git-Apk/Updated_list from /home/Git-Apk/All_Apk  ......

============================================================================
1/17 Starting processing air.com.bitrhymes.bingo-1.apk ......
Getting apk info from https://play.google.com/store/apps/details?id=air.com.bitrhymes.bingo ......
Success to get info from Play Store
The lastest version of air.com.bitrhymes.bingo-1.apk is 
Done processing air.com.bitrhymes.bingo-1.apk
Time Spent:   0 Days 0 Hours 0 Minutes 4 Seconds

============================================================================
2/17 Starting processing air.com.sgn.cookiejam.gp-1.apk ......
Getting apk info from https://play.google.com/store/apps/details?id=air.com.sgn.cookiejam.gp ......
Success to get info from Play Store
The lastest version of air.com.sgn.cookiejam.gp-1.apk is 
Done processing air.com.sgn.cookiejam.gp-1.apk
Time Spent:   0 Days 0 Hours 0 Minutes 10 Seconds

============================================================================
3/17 Starting processing air.com.tutotoons.app.animalhairsalon2jungle.free-1.apk ......
Getting apk info from https://play.google.com/store/apps/details?id=air.com.tutotoons.app.animalhairsalon2jungle.free ......
Success to get info from Play Store
The lastest version of air.com.tutotoons.app.animalhairsalon2jungle.free-1.apk is  1.0.18  
Done processing air.com.tutotoons.app.animalhairsalon2jungle.free-1.apk
Time Spent:   0 Days 0 Hours 0 Minutes 13 Seconds

============================================================================
4/17 Starting processing com.dlaimotion.dropinthecup-1.apk ......
Getting apk info from https://play.google.com/store/apps/details?id=com.dlaimotion.dropinthecup ......
Success to get info from Play Store
The lastest version of com.dlaimotion.dropinthecup-1.apk is  2.0  
Done processing com.dlaimotion.dropinthecup-1.apk
Time Spent:   0 Days 0 Hours 0 Minutes 16 Seconds

============================================================================
5/17 Starting processing com.feelingtouch.zf3d-1.apk ......
Getting apk info from https://play.google.com/store/apps/details?id=com.feelingtouch.zf3d ......
Success to get info from Play Store
The lastest version of com.feelingtouch.zf3d-1.apk is  1.25  
Done processing com.feelingtouch.zf3d-1.apk
Time Spent:   0 Days 0 Hours 0 Minutes 18 Seconds

============================================================================
6/17 Starting processing com.hbo.hbonow-1.apk ......
Getting apk info from https://play.google.com/store/apps/details?id=com.hbo.hbonow ......
Success to get info from Play Store
The lastest version of com.hbo.hbonow-1.apk is 
Done processing com.hbo.hbonow-1.apk
Time Spent:   0 Days 0 Hours 0 Minutes 21 Seconds

============================================================================
7/17 Starting processing com.king.alphabettysaga-1.apk ......
Getting apk info from https://play.google.com/store/apps/details?id=com.king.alphabettysaga ......
Success to get info from Play Store
The lastest version of com.king.alphabettysaga-1.apk is  1.2.1  
Done processing com.king.alphabettysaga-1.apk
Time Spent:   0 Days 0 Hours 0 Minutes 23 Seconds

============================================================================
8/17 Starting processing com.lionmobi.battery-1.apk ......
Getting apk info from https://play.google.com/store/apps/details?id=com.lionmobi.battery ......
Success to get info from Play Store
The lastest version of com.lionmobi.battery-1.apk is  1.3.4  
Done processing com.lionmobi.battery-1.apk
Time Spent:   0 Days 0 Hours 0 Minutes 30 Seconds

============================================================================
9/17 Starting processing com.midasplayer.apps.bubblewitchsaga2-1.apk ......
Getting apk info from https://play.google.com/store/apps/details?id=com.midasplayer.apps.bubblewitchsaga2 ......
Success to get info from Play Store
The lastest version of com.midasplayer.apps.bubblewitchsaga2-1.apk is 
Done processing com.midasplayer.apps.bubblewitchsaga2-1.apk
Time Spent:   0 Days 0 Hours 0 Minutes 33 Seconds

============================================================================
10/17 Starting processing com.midasplayer.apps.diamonddiggersaga-1.apk ......
Getting apk info from https://play.google.com/store/apps/details?id=com.midasplayer.apps.diamonddiggersaga ......
Success to get info from Play Store
The lastest version of com.midasplayer.apps.diamonddiggersaga-1.apk is 
Done processing com.midasplayer.apps.diamonddiggersaga-1.apk
Time Spent:   0 Days 0 Hours 0 Minutes 38 Seconds

============================================================================
11/17 Starting processing com.miniclip.plagueinc-1.apk ......
Getting apk info from https://play.google.com/store/apps/details?id=com.miniclip.plagueinc ......
Success to get info from Play Store
The lastest version of com.miniclip.plagueinc-1.apk is  1.11.2  
Done processing com.miniclip.plagueinc-1.apk
Time Spent:   0 Days 0 Hours 0 Minutes 43 Seconds

============================================================================
12/17 Starting processing com.playfirst.cookingdashx-1.apk ......
Getting apk info from https://play.google.com/store/apps/details?id=com.playfirst.cookingdashx ......
Success to get info from Play Store
The lastest version of com.playfirst.cookingdashx-1.apk is  1.10.7  
Done processing com.playfirst.cookingdashx-1.apk
Time Spent:   0 Days 0 Hours 0 Minutes 45 Seconds

============================================================================
13/17 Starting processing com.spacegame.solitaire1-1.apk ......
Getting apk info from https://play.google.com/store/apps/details?id=com.spacegame.solitaire1 ......
Success to get info from Play Store
The lastest version of com.spacegame.solitaire1-1.apk is  1.3.3  
Done processing com.spacegame.solitaire1-1.apk
Time Spent:   0 Days 0 Hours 0 Minutes 48 Seconds

============================================================================
14/17 Starting processing com.tabtale.happybath-1.apk ......
Getting apk info from https://play.google.com/store/apps/details?id=com.tabtale.happybath ......
Success to get info from Play Store
The lastest version of com.tabtale.happybath-1.apk is  1.0.4  
Done processing com.tabtale.happybath-1.apk
Time Spent:   0 Days 0 Hours 0 Minutes 52 Seconds

============================================================================
15/17 Starting processing com.ubercab-1.apk ......
Getting apk info from https://play.google.com/store/apps/details?id=com.ubercab ......
Success to get info from Play Store
The lastest version of com.ubercab-1.apk is  3.86.3  
Done processing com.ubercab-1.apk
Time Spent:   0 Days 0 Hours 0 Minutes 56 Seconds

============================================================================
16/17 Starting processing com.ubercab.driver-1.apk ......
Getting apk info from https://play.google.com/store/apps/details?id=com.ubercab.driver ......
Success to get info from Play Store
The lastest version of com.ubercab.driver-1.apk is  3.71.1  
Done processing com.ubercab.driver-1.apk
Time Spent:   0 Days 0 Hours 1 Minutes 0 Seconds

============================================================================
17/17 Starting processing com.zynga.hititrich-1.apk ......
Getting apk info from https://play.google.com/store/apps/details?id=com.zynga.hititrich ......
Success to get info from Play Store
The lastest version of com.zynga.hititrich-1.apk is  1.6.5944  
Done processing com.zynga.hititrich-1.apk
Time Spent:   0 Days 0 Hours 1 Minutes 4 Seconds

============================================================================


**************************************************************
All Done
Total Time:   0 Days 0 Hours 1 Minutes 4 Seconds
Result Location:               /home/Git-Apk/code_resource/script_hooks/scan_apk/scan_apk_version/results/AppInfo_2016-01-25-11-55-23.csv
**************************************************************
