Start processing app in list /home/Git-Apk/Updated_list from /home/Git-Apk/All_Apk  ......

============================================================================
1/19 Starting processing air.com.sgn.bookoflife.gp-1.apk ......
Getting apk info from https://play.google.com/store/apps/details?id=air.com.sgn.bookoflife.gp ......
Success to get info from Play Store
The lastest version of air.com.sgn.bookoflife.gp-1.apk is  3.17.102.12231353  
Done processing air.com.sgn.bookoflife.gp-1.apk
Time Spent:   0 Days 0 Hours 0 Minutes 3 Seconds

============================================================================
2/19 Starting processing com.camelgames.tales-1.apk ......
Getting apk info from https://play.google.com/store/apps/details?id=com.camelgames.tales ......
Success to get info from Play Store
The lastest version of com.camelgames.tales-1.apk is  1.2.0  
Done processing com.camelgames.tales-1.apk
Time Spent:   0 Days 0 Hours 0 Minutes 5 Seconds

============================================================================
3/19 Starting processing com.ea.game.tetris2011_na-1.apk ......
Getting apk info from https://play.google.com/store/apps/details?id=com.ea.game.tetris2011_na ......
Success to get info from Play Store
The lastest version of com.ea.game.tetris2011_na-1.apk is  1.8.10  
Done processing com.ea.game.tetris2011_na-1.apk
Time Spent:   0 Days 0 Hours 0 Minutes 7 Seconds

============================================================================
4/19 Starting processing com.ea.tetrisblitz_na-1.apk ......
Getting apk info from https://play.google.com/store/apps/details?id=com.ea.tetrisblitz_na ......
Success to get info from Play Store
The lastest version of com.ea.tetrisblitz_na-1.apk is  2.5.1  
Done processing com.ea.tetrisblitz_na-1.apk
Time Spent:   0 Days 0 Hours 0 Minutes 10 Seconds

============================================================================
5/19 Starting processing com.errorsevendev.games.laserBreak-1.apk ......
Getting apk info from https://play.google.com/store/apps/details?id=com.errorsevendev.games.laserBreak ......
Success to get info from Play Store
The lastest version of com.errorsevendev.games.laserBreak-1.apk is  2.03  
Done processing com.errorsevendev.games.laserBreak-1.apk
Time Spent:   0 Days 0 Hours 0 Minutes 13 Seconds

============================================================================
6/19 Starting processing com.fungames.sniper3d-1.apk ......
Getting apk info from https://play.google.com/store/apps/details?id=com.fungames.sniper3d ......
Success to get info from Play Store
The lastest version of com.fungames.sniper3d-1.apk is  1.9.2  
Done processing com.fungames.sniper3d-1.apk
Time Spent:   0 Days 0 Hours 0 Minutes 16 Seconds

============================================================================
7/19 Starting processing com.glu.deerhunt16-1.apk ......
Getting apk info from https://play.google.com/store/apps/details?id=com.glu.deerhunt16 ......
Success to get info from Play Store
The lastest version of com.glu.deerhunt16-1.apk is  2.0.4  
Done processing com.glu.deerhunt16-1.apk
Time Spent:   0 Days 0 Hours 0 Minutes 18 Seconds

============================================================================
8/19 Starting processing com.grillgames.guitarrockhero-1.apk ......
Getting apk info from https://play.google.com/store/apps/details?id=com.grillgames.guitarrockhero ......
Success to get info from Play Store
The lastest version of com.grillgames.guitarrockhero-1.apk is  1.1.5  
Done processing com.grillgames.guitarrockhero-1.apk
Time Spent:   0 Days 0 Hours 0 Minutes 20 Seconds

============================================================================
9/19 Starting processing com.hola.launcher-1.apk ......
Getting apk info from https://play.google.com/store/apps/details?id=com.hola.launcher ......
Success to get info from Play Store
The lastest version of com.hola.launcher-1.apk is  2.1.4  
Done processing com.hola.launcher-1.apk
Time Spent:   0 Days 0 Hours 0 Minutes 23 Seconds

============================================================================
10/19 Starting processing com.king.blossomblast-1.apk ......
Getting apk info from https://play.google.com/store/apps/details?id=com.king.blossomblast ......
Success to get info from Play Store
The lastest version of com.king.blossomblast-1.apk is  1.3.0  
Done processing com.king.blossomblast-1.apk
Time Spent:   0 Days 0 Hours 0 Minutes 26 Seconds

============================================================================
11/19 Starting processing com.kongregate.mobile.run.google-1.apk ......
Getting apk info from https://play.google.com/store/apps/details?id=com.kongregate.mobile.run.google ......
Success to get info from Play Store
The lastest version of com.kongregate.mobile.run.google-1.apk is  1.10.6  
Done processing com.kongregate.mobile.run.google-1.apk
Time Spent:   0 Days 0 Hours 0 Minutes 32 Seconds

============================================================================
12/19 Starting processing com.miniclip.dudeperfect-1.apk ......
Getting apk info from https://play.google.com/store/apps/details?id=com.miniclip.dudeperfect ......
Success to get info from Play Store
The lastest version of com.miniclip.dudeperfect-1.apk is  1.4.0  
Done processing com.miniclip.dudeperfect-1.apk
Time Spent:   0 Days 0 Hours 0 Minutes 35 Seconds

============================================================================
13/19 Starting processing com.multimedia.player-1.apk ......
Getting apk info from https://play.google.com/store/apps/details?id=com.multimedia.player ......
Success to get info from Play Store
The lastest version of com.multimedia.player-1.apk is  2.2.0  
Done processing com.multimedia.player-1.apk
Time Spent:   0 Days 0 Hours 0 Minutes 38 Seconds

============================================================================
14/19 Starting processing com.oki.phonenew-1.apk ......
Getting apk info from https://play.google.com/store/apps/details?id=com.oki.phonenew ......
Success to get info from Play Store
The lastest version of com.oki.phonenew-1.apk is 
Done processing com.oki.phonenew-1.apk
Time Spent:   0 Days 0 Hours 0 Minutes 41 Seconds

============================================================================
15/19 Starting processing com.tencent.mc-1.apk ......
Getting apk info from https://play.google.com/store/apps/details?id=com.tencent.mc ......
Success to get info from Play Store
The lastest version of com.tencent.mc-1.apk is  1.3.1.5  
Done processing com.tencent.mc-1.apk
Time Spent:   0 Days 0 Hours 0 Minutes 44 Seconds

============================================================================
16/19 Starting processing com.verizonmedia.go90.enterprise-1.apk ......
Getting apk info from https://play.google.com/store/apps/details?id=com.verizonmedia.go90.enterprise ......
Success to get info from Play Store
The lastest version of com.verizonmedia.go90.enterprise-1.apk is  1.4.0  
Done processing com.verizonmedia.go90.enterprise-1.apk
Time Spent:   0 Days 0 Hours 0 Minutes 47 Seconds

============================================================================
17/19 Starting processing com.walmart.android-1.apk ......
Getting apk info from https://play.google.com/store/apps/details?id=com.walmart.android ......
Success to get info from Play Store
The lastest version of com.walmart.android-1.apk is  3.3.2  
Done processing com.walmart.android-1.apk
Time Spent:   0 Days 0 Hours 0 Minutes 49 Seconds

============================================================================
18/19 Starting processing com.wordmobiles.bikeRacing-1.apk ......
Getting apk info from https://play.google.com/store/apps/details?id=com.wordmobiles.bikeRacing ......
Success to get info from Play Store
The lastest version of com.wordmobiles.bikeRacing-1.apk is  1.9  
Done processing com.wordmobiles.bikeRacing-1.apk
Time Spent:   0 Days 0 Hours 0 Minutes 52 Seconds

============================================================================
19/19 Starting processing net.playq.charmking-1.apk ......
Getting apk info from https://play.google.com/store/apps/details?id=net.playq.charmking ......
Success to get info from Play Store
The lastest version of net.playq.charmking-1.apk is  2.17.0  
Done processing net.playq.charmking-1.apk
Time Spent:   0 Days 0 Hours 0 Minutes 54 Seconds

============================================================================


**************************************************************
All Done
Total Time:   0 Days 0 Hours 0 Minutes 54 Seconds
Result Location:               /home/Git-Apk/code_resource/script_hooks/scan_apk/scan_apk_version/results/AppInfo_2016-02-01-13-46-26.csv
**************************************************************
