Start processing app in list /home/Git-Apk/Updated_list from /home/Git-Apk/ARM-V8  ......

============================================================================
1/93 Starting processing cc.fotoplace.app-1.apk ......
Getting apk info from https://play.google.com/store/apps/details?id=cc.fotoplace.app ......
Success to get info from Play Store
The lastest version of cc.fotoplace.app-1.apk is  3.1  
Done processing cc.fotoplace.app-1.apk
Time Spent:   0 Days 0 Hours 0 Minutes 3 Seconds

============================================================================
2/93 Starting processing cn.mama.activity-1.apk ......
Getting apk info from https://play.google.com/store/apps/details?id=cn.mama.activity ......
Success to get info from Play Store
The lastest version of cn.mama.activity-1.apk is  5.3.0  
Done processing cn.mama.activity-1.apk
Time Spent:   0 Days 0 Hours 0 Minutes 5 Seconds

============================================================================
3/93 Starting processing cn.xiaochuankeji.tieba-1.apk ......
Getting apk info from https://play.google.com/store/apps/details?id=cn.xiaochuankeji.tieba ......
Success to get info from Play Store
The lastest version of cn.xiaochuankeji.tieba-1.apk is  2.5.1  
Done processing cn.xiaochuankeji.tieba-1.apk
Time Spent:   0 Days 0 Hours 0 Minutes 7 Seconds

============================================================================
4/93 Starting processing com.achievo.vipshop-1.apk ......
Getting apk info from https://play.google.com/store/apps/details?id=com.achievo.vipshop ......
[ERROR] : Cannot find info of com.achievo.vipshop-1.apk on https://play.google.com/store/apps/details?id=com.achievo.vipshop !!!
Done processing com.achievo.vipshop-1.apk
Time Spent:   0 Days 0 Hours 0 Minutes 9 Seconds

============================================================================
5/93 Starting processing com.aikan-1.apk ......
Getting apk info from https://play.google.com/store/apps/details?id=com.aikan ......
[ERROR] : Cannot find info of com.aikan-1.apk on https://play.google.com/store/apps/details?id=com.aikan !!!
Done processing com.aikan-1.apk
Time Spent:   0 Days 0 Hours 0 Minutes 10 Seconds

============================================================================
6/93 Starting processing com.android.mediacenter-1.apk ......
Getting apk info from https://play.google.com/store/apps/details?id=com.android.mediacenter ......
[ERROR] : Cannot find info of com.android.mediacenter-1.apk on https://play.google.com/store/apps/details?id=com.android.mediacenter !!!
Done processing com.android.mediacenter-1.apk
Time Spent:   0 Days 0 Hours 0 Minutes 11 Seconds

============================================================================
7/93 Starting processing com.appshare.android.ilisten-1.apk ......
Getting apk info from https://play.google.com/store/apps/details?id=com.appshare.android.ilisten ......
Success to get info from Play Store
The lastest version of com.appshare.android.ilisten-1.apk is  7.3.0203010  
Done processing com.appshare.android.ilisten-1.apk
Time Spent:   0 Days 0 Hours 0 Minutes 14 Seconds

============================================================================
8/93 Starting processing com.aquila.bible-1.apk ......
Getting apk info from https://play.google.com/store/apps/details?id=com.aquila.bible ......
Success to get info from Play Store
The lastest version of com.aquila.bible-1.apk is  3.4.3  
Done processing com.aquila.bible-1.apk
Time Spent:   0 Days 0 Hours 0 Minutes 16 Seconds

============================================================================
9/93 Starting processing com.baozoumanhua.android-1.apk ......
Getting apk info from https://play.google.com/store/apps/details?id=com.baozoumanhua.android ......
Success to get info from Play Store
The lastest version of com.baozoumanhua.android-1.apk is    Varies with device  
Done processing com.baozoumanhua.android-1.apk
Time Spent:   0 Days 0 Hours 0 Minutes 19 Seconds

============================================================================
10/93 Starting processing com.baozun.customer.main-1.apk ......
Getting apk info from https://play.google.com/store/apps/details?id=com.baozun.customer.main ......
[ERROR] : Cannot find info of com.baozun.customer.main-1.apk on https://play.google.com/store/apps/details?id=com.baozun.customer.main !!!
Done processing com.baozun.customer.main-1.apk
Time Spent:   0 Days 0 Hours 0 Minutes 20 Seconds

============================================================================
11/93 Starting processing com.bizsocialnet-1.apk ......
Getting apk info from https://play.google.com/store/apps/details?id=com.bizsocialnet ......
Success to get info from Play Store
The lastest version of com.bizsocialnet-1.apk is  1.2.4.9  
Done processing com.bizsocialnet-1.apk
Time Spent:   0 Days 0 Hours 0 Minutes 24 Seconds

============================================================================
12/93 Starting processing com.bugua.fight-1.apk ......
Getting apk info from https://play.google.com/store/apps/details?id=com.bugua.fight ......
[ERROR] : Cannot find info of com.bugua.fight-1.apk on https://play.google.com/store/apps/details?id=com.bugua.fight !!!
Done processing com.bugua.fight-1.apk
Time Spent:   0 Days 0 Hours 0 Minutes 25 Seconds

============================================================================
13/93 Starting processing com.cfinc.decopic-1.apk ......
Getting apk info from https://play.google.com/store/apps/details?id=com.cfinc.decopic ......
Success to get info from Play Store
The lastest version of com.cfinc.decopic-1.apk is 
Done processing com.cfinc.decopic-1.apk
Time Spent:   0 Days 0 Hours 0 Minutes 30 Seconds

============================================================================
14/93 Starting processing com.chunfen.brand5-1.apk ......
Getting apk info from https://play.google.com/store/apps/details?id=com.chunfen.brand5 ......
Success to get info from Play Store
The lastest version of com.chunfen.brand5-1.apk is  3.5.4  
Done processing com.chunfen.brand5-1.apk
Time Spent:   0 Days 0 Hours 0 Minutes 35 Seconds

============================================================================
15/93 Starting processing com.dailyyoga.cn-1.apk ......
Getting apk info from https://play.google.com/store/apps/details?id=com.dailyyoga.cn ......
[ERROR] : Cannot find info of com.dailyyoga.cn-1.apk on https://play.google.com/store/apps/details?id=com.dailyyoga.cn !!!
Done processing com.dailyyoga.cn-1.apk
Time Spent:   0 Days 0 Hours 0 Minutes 38 Seconds

============================================================================
16/93 Starting processing com.didapinche.booking-1.apk ......
Getting apk info from https://play.google.com/store/apps/details?id=com.didapinche.booking ......
[ERROR] : Cannot find info of com.didapinche.booking-1.apk on https://play.google.com/store/apps/details?id=com.didapinche.booking !!!
Done processing com.didapinche.booking-1.apk
Time Spent:   0 Days 0 Hours 0 Minutes 40 Seconds

============================================================================
17/93 Starting processing com.dongqiudi.news-1.apk ......
Getting apk info from https://play.google.com/store/apps/details?id=com.dongqiudi.news ......
[ERROR] : Cannot find info of com.dongqiudi.news-1.apk on https://play.google.com/store/apps/details?id=com.dongqiudi.news !!!
Done processing com.dongqiudi.news-1.apk
Time Spent:   0 Days 0 Hours 0 Minutes 42 Seconds

============================================================================
18/93 Starting processing com.douban.frodo-1.apk ......
Getting apk info from https://play.google.com/store/apps/details?id=com.douban.frodo ......
Success to get info from Play Store
The lastest version of com.douban.frodo-1.apk is  3.5.0  
Done processing com.douban.frodo-1.apk
Time Spent:   0 Days 0 Hours 0 Minutes 45 Seconds

============================================================================
19/93 Starting processing com.douban.radio-1.apk ......
Getting apk info from https://play.google.com/store/apps/details?id=com.douban.radio ......
Success to get info from Play Store
The lastest version of com.douban.radio-1.apk is  4.4.5  
Done processing com.douban.radio-1.apk
Time Spent:   0 Days 0 Hours 0 Minutes 48 Seconds

============================================================================
20/93 Starting processing com.duitang.main-1.apk ......
Getting apk info from https://play.google.com/store/apps/details?id=com.duitang.main ......
[ERROR] : Cannot find info of com.duitang.main-1.apk on https://play.google.com/store/apps/details?id=com.duitang.main !!!
Done processing com.duitang.main-1.apk
Time Spent:   0 Days 0 Hours 0 Minutes 49 Seconds

============================================================================
21/93 Starting processing com.duobao.android-1.apk ......
Getting apk info from https://play.google.com/store/apps/details?id=com.duobao.android ......
[ERROR] : Cannot find info of com.duobao.android-1.apk on https://play.google.com/store/apps/details?id=com.duobao.android !!!
Done processing com.duobao.android-1.apk
Time Spent:   0 Days 0 Hours 0 Minutes 51 Seconds

============================================================================
22/93 Starting processing com.feizan.android.snowball-1.apk ......
Getting apk info from https://play.google.com/store/apps/details?id=com.feizan.android.snowball ......
Success to get info from Play Store
The lastest version of com.feizan.android.snowball-1.apk is  4.2.2  
Done processing com.feizan.android.snowball-1.apk
Time Spent:   0 Days 0 Hours 0 Minutes 53 Seconds

============================================================================
23/93 Starting processing com.freevpnintouch-1.apk ......
Getting apk info from https://play.google.com/store/apps/details?id=com.freevpnintouch ......
Success to get info from Play Store
The lastest version of com.freevpnintouch-1.apk is  3.3.4  
Done processing com.freevpnintouch-1.apk
Time Spent:   0 Days 0 Hours 0 Minutes 56 Seconds

============================================================================
24/93 Starting processing com.google.android.inputmethod.latin-1.apk ......
Getting apk info from https://play.google.com/store/apps/details?id=com.google.android.inputmethod.latin ......
Success to get info from Play Store
The lastest version of com.google.android.inputmethod.latin-1.apk is 
Done processing com.google.android.inputmethod.latin-1.apk
Time Spent:   0 Days 0 Hours 0 Minutes 59 Seconds

============================================================================
25/93 Starting processing com.google.android.youtube-1.apk ......
Getting apk info from https://play.google.com/store/apps/details?id=com.google.android.youtube ......
Success to get info from Play Store
The lastest version of com.google.android.youtube-1.apk is    Varies with device  
Done processing com.google.android.youtube-1.apk
Time Spent:   0 Days 0 Hours 1 Minutes 2 Seconds

============================================================================
26/93 Starting processing com.hangzhoucaimi.financial-1.apk ......
Getting apk info from https://play.google.com/store/apps/details?id=com.hangzhoucaimi.financial ......
Success to get info from Play Store
The lastest version of com.hangzhoucaimi.financial-1.apk is  3.1.4  
Done processing com.hangzhoucaimi.financial-1.apk
Time Spent:   0 Days 0 Hours 1 Minutes 4 Seconds

============================================================================
27/93 Starting processing com.haobao.wardrobe-1.apk ......
Getting apk info from https://play.google.com/store/apps/details?id=com.haobao.wardrobe ......
[ERROR] : Cannot find info of com.haobao.wardrobe-1.apk on https://play.google.com/store/apps/details?id=com.haobao.wardrobe !!!
Done processing com.haobao.wardrobe-1.apk
Time Spent:   0 Days 0 Hours 1 Minutes 6 Seconds

============================================================================
28/93 Starting processing com.happy.lock-1.apk ......
Getting apk info from https://play.google.com/store/apps/details?id=com.happy.lock ......
Success to get info from Play Store
The lastest version of com.happy.lock-1.apk is  1.1.1.1  
Done processing com.happy.lock-1.apk
Time Spent:   0 Days 0 Hours 1 Minutes 8 Seconds

============================================================================
29/93 Starting processing com.hf-1.apk ......
Getting apk info from https://play.google.com/store/apps/details?id=com.hf ......
[ERROR] : Cannot find info of com.hf-1.apk on https://play.google.com/store/apps/details?id=com.hf !!!
Done processing com.hf-1.apk
Time Spent:   0 Days 0 Hours 1 Minutes 10 Seconds

============================================================================
30/93 Starting processing com.hipu.yidian-1.apk ......
Getting apk info from https://play.google.com/store/apps/details?id=com.hipu.yidian ......
Success to get info from Play Store
The lastest version of com.hipu.yidian-1.apk is  3.1.3(37682)  
Done processing com.hipu.yidian-1.apk
Time Spent:   0 Days 0 Hours 1 Minutes 12 Seconds

============================================================================
31/93 Starting processing com.hk515.patient-1.apk ......
Getting apk info from https://play.google.com/store/apps/details?id=com.hk515.patient ......
[ERROR] : Cannot find info of com.hk515.patient-1.apk on https://play.google.com/store/apps/details?id=com.hk515.patient !!!
Done processing com.hk515.patient-1.apk
Time Spent:   0 Days 0 Hours 1 Minutes 14 Seconds

============================================================================
32/93 Starting processing com.hnmoma.driftbottle-1.apk ......
Getting apk info from https://play.google.com/store/apps/details?id=com.hnmoma.driftbottle ......
[ERROR] : Cannot find info of com.hnmoma.driftbottle-1.apk on https://play.google.com/store/apps/details?id=com.hnmoma.driftbottle !!!
Done processing com.hnmoma.driftbottle-1.apk
Time Spent:   0 Days 0 Hours 1 Minutes 15 Seconds

============================================================================
33/93 Starting processing com.husor.beibei-1.apk ......
Getting apk info from https://play.google.com/store/apps/details?id=com.husor.beibei ......
[ERROR] : Cannot find info of com.husor.beibei-1.apk on https://play.google.com/store/apps/details?id=com.husor.beibei !!!
Done processing com.husor.beibei-1.apk
Time Spent:   0 Days 0 Hours 1 Minutes 17 Seconds

============================================================================
34/93 Starting processing com.husor.mizhe-1.apk ......
Getting apk info from https://play.google.com/store/apps/details?id=com.husor.mizhe ......
[ERROR] : Cannot find info of com.husor.mizhe-1.apk on https://play.google.com/store/apps/details?id=com.husor.mizhe !!!
Done processing com.husor.mizhe-1.apk
Time Spent:   0 Days 0 Hours 1 Minutes 19 Seconds

============================================================================
35/93 Starting processing com.iboxpay.minicashbox-1.apk ......
Getting apk info from https://play.google.com/store/apps/details?id=com.iboxpay.minicashbox ......
[ERROR] : Cannot find info of com.iboxpay.minicashbox-1.apk on https://play.google.com/store/apps/details?id=com.iboxpay.minicashbox !!!
Done processing com.iboxpay.minicashbox-1.apk
Time Spent:   0 Days 0 Hours 1 Minutes 20 Seconds

============================================================================
36/93 Starting processing com.ishugui-1.apk ......
Getting apk info from https://play.google.com/store/apps/details?id=com.ishugui ......
[ERROR] : Cannot find info of com.ishugui-1.apk on https://play.google.com/store/apps/details?id=com.ishugui !!!
Done processing com.ishugui-1.apk
Time Spent:   0 Days 0 Hours 1 Minutes 22 Seconds

============================================================================
37/93 Starting processing com.iyuba.voa-1.apk ......
Getting apk info from https://play.google.com/store/apps/details?id=com.iyuba.voa ......
Success to get info from Play Store
The lastest version of com.iyuba.voa-1.apk is 
Done processing com.iyuba.voa-1.apk
Time Spent:   0 Days 0 Hours 1 Minutes 23 Seconds

============================================================================
38/93 Starting processing com.jd.jrapp-1.apk ......
Getting apk info from https://play.google.com/store/apps/details?id=com.jd.jrapp ......
[ERROR] : Cannot find info of com.jd.jrapp-1.apk on https://play.google.com/store/apps/details?id=com.jd.jrapp !!!
Done processing com.jd.jrapp-1.apk
Time Spent:   0 Days 0 Hours 1 Minutes 24 Seconds

============================================================================
39/93 Starting processing com.jiecao.news.jiecaonews-1.apk ......
Getting apk info from https://play.google.com/store/apps/details?id=com.jiecao.news.jiecaonews ......
[ERROR] : Cannot find info of com.jiecao.news.jiecaonews-1.apk on https://play.google.com/store/apps/details?id=com.jiecao.news.jiecaonews !!!
Done processing com.jiecao.news.jiecaonews-1.apk
Time Spent:   0 Days 0 Hours 1 Minutes 26 Seconds

============================================================================
40/93 Starting processing com.jiliguala.niuwa-1.apk ......
Getting apk info from https://play.google.com/store/apps/details?id=com.jiliguala.niuwa ......
Success to get info from Play Store
The lastest version of com.jiliguala.niuwa-1.apk is  3.3  
Done processing com.jiliguala.niuwa-1.apk
Time Spent:   0 Days 0 Hours 1 Minutes 28 Seconds

============================================================================
41/93 Starting processing com.jiuxianapk.ui-1.apk ......
Getting apk info from https://play.google.com/store/apps/details?id=com.jiuxianapk.ui ......
[ERROR] : Cannot find info of com.jiuxianapk.ui-1.apk on https://play.google.com/store/apps/details?id=com.jiuxianapk.ui !!!
Done processing com.jiuxianapk.ui-1.apk
Time Spent:   0 Days 0 Hours 1 Minutes 30 Seconds

============================================================================
42/93 Starting processing com.jsmcc-1.apk ......
Getting apk info from https://play.google.com/store/apps/details?id=com.jsmcc ......
[ERROR] : Cannot find info of com.jsmcc-1.apk on https://play.google.com/store/apps/details?id=com.jsmcc !!!
Done processing com.jsmcc-1.apk
Time Spent:   0 Days 0 Hours 1 Minutes 31 Seconds

============================================================================
43/93 Starting processing com.jxedt-1.apk ......
Getting apk info from https://play.google.com/store/apps/details?id=com.jxedt ......
Success to get info from Play Store
The lastest version of com.jxedt-1.apk is  4.0.2  
Done processing com.jxedt-1.apk
Time Spent:   0 Days 0 Hours 1 Minutes 33 Seconds

============================================================================
44/93 Starting processing com.koudai.weidian.buyer-1.apk ......
Getting apk info from https://play.google.com/store/apps/details?id=com.koudai.weidian.buyer ......
[ERROR] : Cannot find info of com.koudai.weidian.buyer-1.apk on https://play.google.com/store/apps/details?id=com.koudai.weidian.buyer !!!
Done processing com.koudai.weidian.buyer-1.apk
Time Spent:   0 Days 0 Hours 1 Minutes 35 Seconds

============================================================================
45/93 Starting processing com.l99.bed-1.apk ......
Getting apk info from https://play.google.com/store/apps/details?id=com.l99.bed ......
Success to get info from Play Store
The lastest version of com.l99.bed-1.apk is  1.0.0  
Done processing com.l99.bed-1.apk
Time Spent:   0 Days 0 Hours 1 Minutes 37 Seconds

============================================================================
46/93 Starting processing com.longzhu.tga-1.apk ......
Getting apk info from https://play.google.com/store/apps/details?id=com.longzhu.tga ......
[ERROR] : Cannot find info of com.longzhu.tga-1.apk on https://play.google.com/store/apps/details?id=com.longzhu.tga !!!
Done processing com.longzhu.tga-1.apk
Time Spent:   0 Days 0 Hours 1 Minutes 38 Seconds

============================================================================
47/93 Starting processing com.mapquest.android.ace-1.apk ......
Getting apk info from https://play.google.com/store/apps/details?id=com.mapquest.android.ace ......
Success to get info from Play Store
The lastest version of com.mapquest.android.ace-1.apk is    Varies with device  
Done processing com.mapquest.android.ace-1.apk
Time Spent:   0 Days 0 Hours 1 Minutes 41 Seconds

============================================================================
48/93 Starting processing com.meijialove.activity-1.apk ......
Getting apk info from https://play.google.com/store/apps/details?id=com.meijialove.activity ......
Success to get info from Play Store
The lastest version of com.meijialove.activity-1.apk is  3.7.2  
Done processing com.meijialove.activity-1.apk
Time Spent:   0 Days 0 Hours 1 Minutes 43 Seconds

============================================================================
49/93 Starting processing com.meilapp.meila-1.apk ......
Getting apk info from https://play.google.com/store/apps/details?id=com.meilapp.meila ......
Success to get info from Play Store
The lastest version of com.meilapp.meila-1.apk is  4.8.1  
Done processing com.meilapp.meila-1.apk
Time Spent:   0 Days 0 Hours 1 Minutes 44 Seconds

============================================================================
50/93 Starting processing com.meilishuo.higo-1.apk ......
Getting apk info from https://play.google.com/store/apps/details?id=com.meilishuo.higo ......
Success to get info from Play Store
The lastest version of com.meilishuo.higo-1.apk is 
Done processing com.meilishuo.higo-1.apk
Time Spent:   0 Days 0 Hours 1 Minutes 45 Seconds

============================================================================
51/93 Starting processing com.metek.zqWeather-1.apk ......
Getting apk info from https://play.google.com/store/apps/details?id=com.metek.zqWeather ......
Success to get info from Play Store
The lastest version of com.metek.zqWeather-1.apk is  3.1.1.0  
Done processing com.metek.zqWeather-1.apk
Time Spent:   0 Days 0 Hours 1 Minutes 47 Seconds

============================================================================
52/93 Starting processing com.netease.mkey-1.apk ......
Getting apk info from https://play.google.com/store/apps/details?id=com.netease.mkey ......
Success to get info from Play Store
The lastest version of com.netease.mkey-1.apk is  4.1.0  
Done processing com.netease.mkey-1.apk
Time Spent:   0 Days 0 Hours 1 Minutes 50 Seconds

============================================================================
53/93 Starting processing com.omesoft.hypnotherapist-1.apk ......
Getting apk info from https://play.google.com/store/apps/details?id=com.omesoft.hypnotherapist ......
Success to get info from Play Store
The lastest version of com.omesoft.hypnotherapist-1.apk is  4.9.3  
Done processing com.omesoft.hypnotherapist-1.apk
Time Spent:   0 Days 0 Hours 1 Minutes 52 Seconds

============================================================================
54/93 Starting processing com.pingan.papd-1.apk ......
Getting apk info from https://play.google.com/store/apps/details?id=com.pingan.papd ......
[ERROR] : Cannot find info of com.pingan.papd-1.apk on https://play.google.com/store/apps/details?id=com.pingan.papd !!!
Done processing com.pingan.papd-1.apk
Time Spent:   0 Days 0 Hours 1 Minutes 53 Seconds

============================================================================
55/93 Starting processing com.primatelabs.geekbench-1.apk ......
Getting apk info from https://play.google.com/store/apps/details?id=com.primatelabs.geekbench ......
Success to get info from Play Store
The lastest version of com.primatelabs.geekbench-1.apk is  3.4.1  
Done processing com.primatelabs.geekbench-1.apk
Time Spent:   0 Days 0 Hours 1 Minutes 57 Seconds

============================================================================
56/93 Starting processing com.protrade.sportacular-1.apk ......
Getting apk info from https://play.google.com/store/apps/details?id=com.protrade.sportacular ......
Success to get info from Play Store
The lastest version of com.protrade.sportacular-1.apk is    Varies with device  
Done processing com.protrade.sportacular-1.apk
Time Spent:   0 Days 0 Hours 2 Minutes 0 Seconds

============================================================================
57/93 Starting processing com.quanmincai.caipiao-1.apk ......
Getting apk info from https://play.google.com/store/apps/details?id=com.quanmincai.caipiao ......
[ERROR] : Cannot find info of com.quanmincai.caipiao-1.apk on https://play.google.com/store/apps/details?id=com.quanmincai.caipiao !!!
Done processing com.quanmincai.caipiao-1.apk
Time Spent:   0 Days 0 Hours 2 Minutes 1 Seconds

============================================================================
58/93 Starting processing com.rhct.android.rhctapp-1.apk ......
Getting apk info from https://play.google.com/store/apps/details?id=com.rhct.android.rhctapp ......
[ERROR] : Cannot find info of com.rhct.android.rhctapp-1.apk on https://play.google.com/store/apps/details?id=com.rhct.android.rhctapp !!!
Done processing com.rhct.android.rhctapp-1.apk
Time Spent:   0 Days 0 Hours 2 Minutes 3 Seconds

============================================================================
59/93 Starting processing com.rong360.app-1.apk ......
Getting apk info from https://play.google.com/store/apps/details?id=com.rong360.app ......
[ERROR] : Cannot find info of com.rong360.app-1.apk on https://play.google.com/store/apps/details?id=com.rong360.app !!!
Done processing com.rong360.app-1.apk
Time Spent:   0 Days 0 Hours 2 Minutes 4 Seconds

============================================================================
60/93 Starting processing com.sohu.newsclient-1.apk ......
Getting apk info from https://play.google.com/store/apps/details?id=com.sohu.newsclient ......
Success to get info from Play Store
The lastest version of com.sohu.newsclient-1.apk is  5.4.1  
Done processing com.sohu.newsclient-1.apk
Time Spent:   0 Days 0 Hours 2 Minutes 6 Seconds

============================================================================
61/93 Starting processing com.surfeasy-1.apk ......
Getting apk info from https://play.google.com/store/apps/details?id=com.surfeasy ......
Success to get info from Play Store
The lastest version of com.surfeasy-1.apk is  4.0.1  
Done processing com.surfeasy-1.apk
Time Spent:   0 Days 0 Hours 2 Minutes 9 Seconds

============================================================================
62/93 Starting processing com.tadu.android-1.apk ......
Getting apk info from https://play.google.com/store/apps/details?id=com.tadu.android ......
Success to get info from Play Store
The lastest version of com.tadu.android-1.apk is 
Done processing com.tadu.android-1.apk
Time Spent:   0 Days 0 Hours 2 Minutes 10 Seconds

============================================================================
63/93 Starting processing com.taptech.doufu-1.apk ......
Getting apk info from https://play.google.com/store/apps/details?id=com.taptech.doufu ......
[ERROR] : Cannot find info of com.taptech.doufu-1.apk on https://play.google.com/store/apps/details?id=com.taptech.doufu !!!
Done processing com.taptech.doufu-1.apk
Time Spent:   0 Days 0 Hours 2 Minutes 12 Seconds

============================================================================
64/93 Starting processing com.targtime.mtll-1.apk ......
Getting apk info from https://play.google.com/store/apps/details?id=com.targtime.mtll ......
[ERROR] : Cannot find info of com.targtime.mtll-1.apk on https://play.google.com/store/apps/details?id=com.targtime.mtll !!!
Done processing com.targtime.mtll-1.apk
Time Spent:   0 Days 0 Hours 2 Minutes 13 Seconds

============================================================================
65/93 Starting processing com.tencent.movieticket-1.apk ......
Getting apk info from https://play.google.com/store/apps/details?id=com.tencent.movieticket ......
Success to get info from Play Store
The lastest version of com.tencent.movieticket-1.apk is  3.6.0  
Done processing com.tencent.movieticket-1.apk
Time Spent:   0 Days 0 Hours 2 Minutes 16 Seconds

============================================================================
66/93 Starting processing com.trello-1.apk ......
Getting apk info from https://play.google.com/store/apps/details?id=com.trello ......
Success to get info from Play Store
The lastest version of com.trello-1.apk is  3.5.3.1299  
Done processing com.trello-1.apk
Time Spent:   0 Days 0 Hours 2 Minutes 18 Seconds

============================================================================
67/93 Starting processing com.tujia.hotel-1.apk ......
Getting apk info from https://play.google.com/store/apps/details?id=com.tujia.hotel ......
Success to get info from Play Store
The lastest version of com.tujia.hotel-1.apk is  3.9  
Done processing com.tujia.hotel-1.apk
Time Spent:   0 Days 0 Hours 2 Minutes 20 Seconds

============================================================================
68/93 Starting processing com.unionpay.uppay-1.apk ......
Getting apk info from https://play.google.com/store/apps/details?id=com.unionpay.uppay ......
[ERROR] : Cannot find info of com.unionpay.uppay-1.apk on https://play.google.com/store/apps/details?id=com.unionpay.uppay !!!
Done processing com.unionpay.uppay-1.apk
Time Spent:   0 Days 0 Hours 2 Minutes 22 Seconds

============================================================================
69/93 Starting processing com.uxin.usedcar-1.apk ......
Getting apk info from https://play.google.com/store/apps/details?id=com.uxin.usedcar ......
[ERROR] : Cannot find info of com.uxin.usedcar-1.apk on https://play.google.com/store/apps/details?id=com.uxin.usedcar !!!
Done processing com.uxin.usedcar-1.apk
Time Spent:   0 Days 0 Hours 2 Minutes 23 Seconds

============================================================================
70/93 Starting processing com.v.zy-1.apk ......
Getting apk info from https://play.google.com/store/apps/details?id=com.v.zy ......
[ERROR] : Cannot find info of com.v.zy-1.apk on https://play.google.com/store/apps/details?id=com.v.zy !!!
Done processing com.v.zy-1.apk
Time Spent:   0 Days 0 Hours 2 Minutes 25 Seconds

============================================================================
71/93 Starting processing com.vlocker.locker-1.apk ......
Getting apk info from https://play.google.com/store/apps/details?id=com.vlocker.locker ......
Success to get info from Play Store
The lastest version of com.vlocker.locker-1.apk is  2.0.6  
Done processing com.vlocker.locker-1.apk
Time Spent:   0 Days 0 Hours 2 Minutes 27 Seconds

============================================================================
72/93 Starting processing com.vodone.caibo-1.apk ......
Getting apk info from https://play.google.com/store/apps/details?id=com.vodone.caibo ......
[ERROR] : Cannot find info of com.vodone.caibo-1.apk on https://play.google.com/store/apps/details?id=com.vodone.caibo !!!
Done processing com.vodone.caibo-1.apk
Time Spent:   0 Days 0 Hours 2 Minutes 29 Seconds

============================================================================
73/93 Starting processing com.wxws.myticket-1.apk ......
Getting apk info from https://play.google.com/store/apps/details?id=com.wxws.myticket ......
[ERROR] : Cannot find info of com.wxws.myticket-1.apk on https://play.google.com/store/apps/details?id=com.wxws.myticket !!!
Done processing com.wxws.myticket-1.apk
Time Spent:   0 Days 0 Hours 2 Minutes 30 Seconds

============================================================================
74/93 Starting processing com.xingin.xhs-1.apk ......
Getting apk info from https://play.google.com/store/apps/details?id=com.xingin.xhs ......
Success to get info from Play Store
The lastest version of com.xingin.xhs-1.apk is  4.2.201  
Done processing com.xingin.xhs-1.apk
Time Spent:   0 Days 0 Hours 2 Minutes 34 Seconds

============================================================================
75/93 Starting processing com.xingjiabi.shengsheng-1.apk ......
Getting apk info from https://play.google.com/store/apps/details?id=com.xingjiabi.shengsheng ......
[ERROR] : Cannot find info of com.xingjiabi.shengsheng-1.apk on https://play.google.com/store/apps/details?id=com.xingjiabi.shengsheng !!!
Done processing com.xingjiabi.shengsheng-1.apk
Time Spent:   0 Days 0 Hours 2 Minutes 35 Seconds

============================================================================
76/93 Starting processing com.xinmei365.font-1.apk ......
Getting apk info from https://play.google.com/store/apps/details?id=com.xinmei365.font ......
Success to get info from Play Store
The lastest version of com.xinmei365.font-1.apk is  5.4.7  
Done processing com.xinmei365.font-1.apk
Time Spent:   0 Days 0 Hours 2 Minutes 38 Seconds

============================================================================
77/93 Starting processing com.xtuone.android.syllabus-1.apk ......
Getting apk info from https://play.google.com/store/apps/details?id=com.xtuone.android.syllabus ......
Success to get info from Play Store
The lastest version of com.xtuone.android.syllabus-1.apk is  7.2.1  
Done processing com.xtuone.android.syllabus-1.apk
Time Spent:   0 Days 0 Hours 2 Minutes 41 Seconds

============================================================================
78/93 Starting processing com.ygkj.chelaile.standard-1.apk ......
Getting apk info from https://play.google.com/store/apps/details?id=com.ygkj.chelaile.standard ......
Success to get info from Play Store
The lastest version of com.ygkj.chelaile.standard-1.apk is  3.9.0  
Done processing com.ygkj.chelaile.standard-1.apk
Time Spent:   0 Days 0 Hours 2 Minutes 44 Seconds

============================================================================
79/93 Starting processing com.yidian.health-1.apk ......
Getting apk info from https://play.google.com/store/apps/details?id=com.yidian.health ......
[ERROR] : Cannot find info of com.yidian.health-1.apk on https://play.google.com/store/apps/details?id=com.yidian.health !!!
Done processing com.yidian.health-1.apk
Time Spent:   0 Days 0 Hours 2 Minutes 45 Seconds

============================================================================
80/93 Starting processing com.yirendai-1.apk ......
Getting apk info from https://play.google.com/store/apps/details?id=com.yirendai ......
[ERROR] : Cannot find info of com.yirendai-1.apk on https://play.google.com/store/apps/details?id=com.yirendai !!!
Done processing com.yirendai-1.apk
Time Spent:   0 Days 0 Hours 2 Minutes 46 Seconds

============================================================================
81/93 Starting processing com.yiwang-1.apk ......
Getting apk info from https://play.google.com/store/apps/details?id=com.yiwang ......
[ERROR] : Cannot find info of com.yiwang-1.apk on https://play.google.com/store/apps/details?id=com.yiwang !!!
Done processing com.yiwang-1.apk
Time Spent:   0 Days 0 Hours 2 Minutes 48 Seconds

============================================================================
82/93 Starting processing com.yourdream.app.android-1.apk ......
Getting apk info from https://play.google.com/store/apps/details?id=com.yourdream.app.android ......
Success to get info from Play Store
The lastest version of com.yourdream.app.android-1.apk is  9.1.2  
Done processing com.yourdream.app.android-1.apk
Time Spent:   0 Days 0 Hours 2 Minutes 50 Seconds

============================================================================
83/93 Starting processing com.youxiang.soyoungapp-1.apk ......
Getting apk info from https://play.google.com/store/apps/details?id=com.youxiang.soyoungapp ......
Success to get info from Play Store
The lastest version of com.youxiang.soyoungapp-1.apk is  6.2.2  
Done processing com.youxiang.soyoungapp-1.apk
Time Spent:   0 Days 0 Hours 2 Minutes 53 Seconds

============================================================================
84/93 Starting processing com.zcdog.smartlocker.android-1.apk ......
Getting apk info from https://play.google.com/store/apps/details?id=com.zcdog.smartlocker.android ......
[ERROR] : Cannot find info of com.zcdog.smartlocker.android-1.apk on https://play.google.com/store/apps/details?id=com.zcdog.smartlocker.android !!!
Done processing com.zcdog.smartlocker.android-1.apk
Time Spent:   0 Days 0 Hours 2 Minutes 54 Seconds

============================================================================
85/93 Starting processing com.zhihu.android-1.apk ......
Getting apk info from https://play.google.com/store/apps/details?id=com.zhihu.android ......
Success to get info from Play Store
The lastest version of com.zhihu.android-1.apk is  3.0.1  
Done processing com.zhihu.android-1.apk
Time Spent:   0 Days 0 Hours 2 Minutes 57 Seconds

============================================================================
86/93 Starting processing com.zhiyun.feel-1.apk ......
Getting apk info from https://play.google.com/store/apps/details?id=com.zhiyun.feel ......
[ERROR] : Cannot find info of com.zhiyun.feel-1.apk on https://play.google.com/store/apps/details?id=com.zhiyun.feel !!!
Done processing com.zhiyun.feel-1.apk
Time Spent:   0 Days 0 Hours 3 Minutes 0 Seconds

============================================================================
87/93 Starting processing com.zuobao.xiaobao-1.apk ......
Getting apk info from https://play.google.com/store/apps/details?id=com.zuobao.xiaobao ......
Success to get info from Play Store
The lastest version of com.zuobao.xiaobao-1.apk is  1.0.2_0325_google  
Done processing com.zuobao.xiaobao-1.apk
Time Spent:   0 Days 0 Hours 3 Minutes 2 Seconds

============================================================================
88/93 Starting processing oms.mmc.app.almanac_inland-1.apk ......
Getting apk info from https://play.google.com/store/apps/details?id=oms.mmc.app.almanac_inland ......
[ERROR] : Cannot find info of oms.mmc.app.almanac_inland-1.apk on https://play.google.com/store/apps/details?id=oms.mmc.app.almanac_inland !!!
Done processing oms.mmc.app.almanac_inland-1.apk
Time Spent:   0 Days 0 Hours 3 Minutes 4 Seconds

============================================================================
89/93 Starting processing oms.mmc.fortunetelling-1.apk ......
Getting apk info from https://play.google.com/store/apps/details?id=oms.mmc.fortunetelling ......
[ERROR] : Cannot find info of oms.mmc.fortunetelling-1.apk on https://play.google.com/store/apps/details?id=oms.mmc.fortunetelling !!!
Done processing oms.mmc.fortunetelling-1.apk
Time Spent:   0 Days 0 Hours 3 Minutes 6 Seconds

============================================================================
90/93 Starting processing oms.mmc.fortunetelling.measuringtools.naming-1.apk ......
Getting apk info from https://play.google.com/store/apps/details?id=oms.mmc.fortunetelling.measuringtools.naming ......
[ERROR] : Cannot find info of oms.mmc.fortunetelling.measuringtools.naming-1.apk on https://play.google.com/store/apps/details?id=oms.mmc.fortunetelling.measuringtools.naming !!!
Done processing oms.mmc.fortunetelling.measuringtools.naming-1.apk
Time Spent:   0 Days 0 Hours 3 Minutes 8 Seconds

============================================================================
91/93 Starting processing org.zhiboba.sports-1.apk ......
Getting apk info from https://play.google.com/store/apps/details?id=org.zhiboba.sports ......
[ERROR] : Cannot find info of org.zhiboba.sports-1.apk on https://play.google.com/store/apps/details?id=org.zhiboba.sports !!!
Done processing org.zhiboba.sports-1.apk
Time Spent:   0 Days 0 Hours 3 Minutes 9 Seconds

============================================================================
92/93 Starting processing us.shandian.blacklight-1.apk ......
Getting apk info from https://play.google.com/store/apps/details?id=us.shandian.blacklight ......
Success to get info from Play Store
The lastest version of us.shandian.blacklight-1.apk is  2.2.2  
Done processing us.shandian.blacklight-1.apk
Time Spent:   0 Days 0 Hours 3 Minutes 12 Seconds

============================================================================
93/93 Starting processing viva.reader-1.apk ......
Getting apk info from https://play.google.com/store/apps/details?id=viva.reader ......
Success to get info from Play Store
The lastest version of viva.reader-1.apk is  5.2.4  
Done processing viva.reader-1.apk
Time Spent:   0 Days 0 Hours 3 Minutes 15 Seconds

============================================================================


**************************************************************
All Done
Total Time:   0 Days 0 Hours 3 Minutes 15 Seconds
Result Location:               /home/Git-Apk/code_resource/script_hooks/scan_apk/scan_apk_version/results/AppInfo_2016-03-03-09-19-55.csv
**************************************************************
