Start processing app in list /home/Git-Apk/Updated_list from /home/Git-Apk/Baidu  ......

============================================================================
1/74 Starting processing android.zhibo8-1.apk ......
Getting apk info from https://play.google.com/store/apps/details?id=android.zhibo8 ......
[ERROR] : Cannot find info of android.zhibo8-1.apk on https://play.google.com/store/apps/details?id=android.zhibo8 !!!
Done processing android.zhibo8-1.apk
Time Spent:   0 Days 0 Hours 0 Minutes 2 Seconds

============================================================================
2/74 Starting processing cn.andouya-1.apk ......
Getting apk info from https://play.google.com/store/apps/details?id=cn.andouya ......
[ERROR] : Cannot find info of cn.andouya-1.apk on https://play.google.com/store/apps/details?id=cn.andouya !!!
Done processing cn.andouya-1.apk
Time Spent:   0 Days 0 Hours 0 Minutes 3 Seconds

============================================================================
3/74 Starting processing cn.eclicks.drivingtest-1.apk ......
Getting apk info from https://play.google.com/store/apps/details?id=cn.eclicks.drivingtest ......
Success to get info from Play Store
The lastest version of cn.eclicks.drivingtest-1.apk is  3.5.0  
Done processing cn.eclicks.drivingtest-1.apk
Time Spent:   0 Days 0 Hours 0 Minutes 7 Seconds

============================================================================
4/74 Starting processing cn.ibuka.manga.ui-1.apk ......
Getting apk info from https://play.google.com/store/apps/details?id=cn.ibuka.manga.ui ......
[ERROR] : Cannot find info of cn.ibuka.manga.ui-1.apk on https://play.google.com/store/apps/details?id=cn.ibuka.manga.ui !!!
Done processing cn.ibuka.manga.ui-1.apk
Time Spent:   0 Days 0 Hours 0 Minutes 8 Seconds

============================================================================
5/74 Starting processing com.alex.lookwifipassword-1.apk ......
Getting apk info from https://play.google.com/store/apps/details?id=com.alex.lookwifipassword ......
Success to get info from Play Store
The lastest version of com.alex.lookwifipassword-1.apk is  2.9.6  
Done processing com.alex.lookwifipassword-1.apk
Time Spent:   0 Days 0 Hours 0 Minutes 11 Seconds

============================================================================
6/74 Starting processing com.android.cheyooh-1.apk ......
Getting apk info from https://play.google.com/store/apps/details?id=com.android.cheyooh ......
[ERROR] : Cannot find info of com.android.cheyooh-1.apk on https://play.google.com/store/apps/details?id=com.android.cheyooh !!!
Done processing com.android.cheyooh-1.apk
Time Spent:   0 Days 0 Hours 0 Minutes 12 Seconds

============================================================================
7/74 Starting processing com.android.comicsisland.activity-1.apk ......
Getting apk info from https://play.google.com/store/apps/details?id=com.android.comicsisland.activity ......
[ERROR] : Cannot find info of com.android.comicsisland.activity-1.apk on https://play.google.com/store/apps/details?id=com.android.comicsisland.activity !!!
Done processing com.android.comicsisland.activity-1.apk
Time Spent:   0 Days 0 Hours 0 Minutes 14 Seconds

============================================================================
8/74 Starting processing com.baozoumanhua.android-1.apk ......
Getting apk info from https://play.google.com/store/apps/details?id=com.baozoumanhua.android ......
Success to get info from Play Store
The lastest version of com.baozoumanhua.android-1.apk is    Varies with device  
Done processing com.baozoumanhua.android-1.apk
Time Spent:   0 Days 0 Hours 0 Minutes 16 Seconds

============================================================================
9/74 Starting processing com.batteryacid.jamcity-1.apk ......
Getting apk info from https://play.google.com/store/apps/details?id=com.batteryacid.jamcity ......
Success to get info from Play Store
The lastest version of com.batteryacid.jamcity-1.apk is  1.2.7  
Done processing com.batteryacid.jamcity-1.apk
Time Spent:   0 Days 0 Hours 0 Minutes 18 Seconds

============================================================================
10/74 Starting processing com.budejie.www-1.apk ......
Getting apk info from https://play.google.com/store/apps/details?id=com.budejie.www ......
[ERROR] : Cannot find info of com.budejie.www-1.apk on https://play.google.com/store/apps/details?id=com.budejie.www !!!
Done processing com.budejie.www-1.apk
Time Spent:   0 Days 0 Hours 0 Minutes 19 Seconds

============================================================================
11/74 Starting processing com.chaozh.iReaderFree15-1.apk ......
Getting apk info from https://play.google.com/store/apps/details?id=com.chaozh.iReaderFree15 ......
Success to get info from Play Store
The lastest version of com.chaozh.iReaderFree15-1.apk is 
Done processing com.chaozh.iReaderFree15-1.apk
Time Spent:   0 Days 0 Hours 0 Minutes 20 Seconds

============================================================================
12/74 Starting processing com.clov4r.android.nil-1.apk ......
Getting apk info from https://play.google.com/store/apps/details?id=com.clov4r.android.nil ......
[ERROR] : Cannot find info of com.clov4r.android.nil-1.apk on https://play.google.com/store/apps/details?id=com.clov4r.android.nil !!!
Done processing com.clov4r.android.nil-1.apk
Time Spent:   0 Days 0 Hours 0 Minutes 22 Seconds

============================================================================
13/74 Starting processing com.coolsoft.pj.game.cbescapeaction-1.apk ......
Getting apk info from https://play.google.com/store/apps/details?id=com.coolsoft.pj.game.cbescapeaction ......
[ERROR] : Cannot find info of com.coolsoft.pj.game.cbescapeaction-1.apk on https://play.google.com/store/apps/details?id=com.coolsoft.pj.game.cbescapeaction !!!
Done processing com.coolsoft.pj.game.cbescapeaction-1.apk
Time Spent:   0 Days 0 Hours 0 Minutes 23 Seconds

============================================================================
14/74 Starting processing com.duoduo.child.story-1.apk ......
Getting apk info from https://play.google.com/store/apps/details?id=com.duoduo.child.story ......
Success to get info from Play Store
The lastest version of com.duoduo.child.story-1.apk is  2.2.8.0  
Done processing com.duoduo.child.story-1.apk
Time Spent:   0 Days 0 Hours 0 Minutes 26 Seconds

============================================================================
15/74 Starting processing com.duokan.reader-1.apk ......
Getting apk info from https://play.google.com/store/apps/details?id=com.duokan.reader ......
Success to get info from Play Store
The lastest version of com.duokan.reader-1.apk is  4.2.6  
Done processing com.duokan.reader-1.apk
Time Spent:   0 Days 0 Hours 0 Minutes 29 Seconds

============================================================================
16/74 Starting processing com.erdo.android.FJDXCartoon-1.apk ......
Getting apk info from https://play.google.com/store/apps/details?id=com.erdo.android.FJDXCartoon ......
[ERROR] : Cannot find info of com.erdo.android.FJDXCartoon-1.apk on https://play.google.com/store/apps/details?id=com.erdo.android.FJDXCartoon !!!
Done processing com.erdo.android.FJDXCartoon-1.apk
Time Spent:   0 Days 0 Hours 0 Minutes 31 Seconds

============================================================================
17/74 Starting processing com.estrongs.android.pop-1.apk ......
Getting apk info from https://play.google.com/store/apps/details?id=com.estrongs.android.pop ......
Success to get info from Play Store
The lastest version of com.estrongs.android.pop-1.apk is  4.0.4.5  
Done processing com.estrongs.android.pop-1.apk
Time Spent:   0 Days 0 Hours 0 Minutes 33 Seconds

============================================================================
18/74 Starting processing com.fanli.android.apps-1.apk ......
Getting apk info from https://play.google.com/store/apps/details?id=com.fanli.android.apps ......
Success to get info from Play Store
The lastest version of com.fanli.android.apps-1.apk is  4.7.1  
Done processing com.fanli.android.apps-1.apk
Time Spent:   0 Days 0 Hours 0 Minutes 35 Seconds

============================================================================
19/74 Starting processing com.fenbi.android.gaozhong-1.apk ......
Getting apk info from https://play.google.com/store/apps/details?id=com.fenbi.android.gaozhong ......
Success to get info from Play Store
The lastest version of com.fenbi.android.gaozhong-1.apk is  5.8.1  
Done processing com.fenbi.android.gaozhong-1.apk
Time Spent:   0 Days 0 Hours 0 Minutes 37 Seconds

============================================================================
20/74 Starting processing com.gwsoft.imusic.controller-1.apk ......
Getting apk info from https://play.google.com/store/apps/details?id=com.gwsoft.imusic.controller ......
[ERROR] : Cannot find info of com.gwsoft.imusic.controller-1.apk on https://play.google.com/store/apps/details?id=com.gwsoft.imusic.controller !!!
Done processing com.gwsoft.imusic.controller-1.apk
Time Spent:   0 Days 0 Hours 0 Minutes 38 Seconds

============================================================================
21/74 Starting processing com.handsgo.jiakao.android-1.apk ......
Getting apk info from https://play.google.com/store/apps/details?id=com.handsgo.jiakao.android ......
Success to get info from Play Store
The lastest version of com.handsgo.jiakao.android-1.apk is  5.8  
Done processing com.handsgo.jiakao.android-1.apk
Time Spent:   0 Days 0 Hours 0 Minutes 43 Seconds

============================================================================
22/74 Starting processing com.haobao.wardrobe-1.apk ......
Getting apk info from https://play.google.com/store/apps/details?id=com.haobao.wardrobe ......
[ERROR] : Cannot find info of com.haobao.wardrobe-1.apk on https://play.google.com/store/apps/details?id=com.haobao.wardrobe !!!
Done processing com.haobao.wardrobe-1.apk
Time Spent:   0 Days 0 Hours 0 Minutes 44 Seconds

============================================================================
23/74 Starting processing com.haodou.recipe-1.apk ......
Getting apk info from https://play.google.com/store/apps/details?id=com.haodou.recipe ......
Success to get info from Play Store
The lastest version of com.haodou.recipe-1.apk is  6.0.3  
Done processing com.haodou.recipe-1.apk
Time Spent:   0 Days 0 Hours 0 Minutes 46 Seconds

============================================================================
24/74 Starting processing com.ifeng.news2-1.apk ......
Getting apk info from https://play.google.com/store/apps/details?id=com.ifeng.news2 ......
Success to get info from Play Store
The lastest version of com.ifeng.news2-1.apk is  5.0.0  
Done processing com.ifeng.news2-1.apk
Time Spent:   0 Days 0 Hours 0 Minutes 49 Seconds

============================================================================
25/74 Starting processing com.iyd.reader.ReadingJoy-1.apk ......
Getting apk info from https://play.google.com/store/apps/details?id=com.iyd.reader.ReadingJoy ......
[ERROR] : Cannot find info of com.iyd.reader.ReadingJoy-1.apk on https://play.google.com/store/apps/details?id=com.iyd.reader.ReadingJoy !!!
Done processing com.iyd.reader.ReadingJoy-1.apk
Time Spent:   0 Days 0 Hours 0 Minutes 51 Seconds

============================================================================
26/74 Starting processing com.javgame.tlj-1.apk ......
Getting apk info from https://play.google.com/store/apps/details?id=com.javgame.tlj ......
[ERROR] : Cannot find info of com.javgame.tlj-1.apk on https://play.google.com/store/apps/details?id=com.javgame.tlj !!!
Done processing com.javgame.tlj-1.apk
Time Spent:   0 Days 0 Hours 0 Minutes 52 Seconds

============================================================================
27/74 Starting processing com.jiongji.andriod.card-1.apk ......
Getting apk info from https://play.google.com/store/apps/details?id=com.jiongji.andriod.card ......
[ERROR] : Cannot find info of com.jiongji.andriod.card-1.apk on https://play.google.com/store/apps/details?id=com.jiongji.andriod.card !!!
Done processing com.jiongji.andriod.card-1.apk
Time Spent:   0 Days 0 Hours 0 Minutes 54 Seconds

============================================================================
28/74 Starting processing com.jiuyan.infashion-1.apk ......
Getting apk info from https://play.google.com/store/apps/details?id=com.jiuyan.infashion ......
Success to get info from Play Store
The lastest version of com.jiuyan.infashion-1.apk is  2.6.1  
Done processing com.jiuyan.infashion-1.apk
Time Spent:   0 Days 0 Hours 0 Minutes 56 Seconds

============================================================================
29/74 Starting processing com.jxedt-1.apk ......
Getting apk info from https://play.google.com/store/apps/details?id=com.jxedt ......
Success to get info from Play Store
The lastest version of com.jxedt-1.apk is  4.0.2  
Done processing com.jxedt-1.apk
Time Spent:   0 Days 0 Hours 0 Minutes 58 Seconds

============================================================================
30/74 Starting processing com.kandian.vodapp-1.apk ......
Getting apk info from https://play.google.com/store/apps/details?id=com.kandian.vodapp ......
[ERROR] : Cannot find info of com.kandian.vodapp-1.apk on https://play.google.com/store/apps/details?id=com.kandian.vodapp !!!
Done processing com.kandian.vodapp-1.apk
Time Spent:   0 Days 0 Hours 1 Minutes 0 Seconds

============================================================================
31/74 Starting processing com.lovebizhi.wallpaper-1.apk ......
Getting apk info from https://play.google.com/store/apps/details?id=com.lovebizhi.wallpaper ......
[ERROR] : Cannot find info of com.lovebizhi.wallpaper-1.apk on https://play.google.com/store/apps/details?id=com.lovebizhi.wallpaper !!!
Done processing com.lovebizhi.wallpaper-1.apk
Time Spent:   0 Days 0 Hours 1 Minutes 1 Seconds

============================================================================
32/74 Starting processing com.ludashi.benchmark-1.apk ......
Getting apk info from https://play.google.com/store/apps/details?id=com.ludashi.benchmark ......
[ERROR] : Cannot find info of com.ludashi.benchmark-1.apk on https://play.google.com/store/apps/details?id=com.ludashi.benchmark !!!
Done processing com.ludashi.benchmark-1.apk
Time Spent:   0 Days 0 Hours 1 Minutes 3 Seconds

============================================================================
33/74 Starting processing com.miantan.myoface-1.apk ......
Getting apk info from https://play.google.com/store/apps/details?id=com.miantan.myoface ......
Success to get info from Play Store
The lastest version of com.miantan.myoface-1.apk is  3.4.0  
Done processing com.miantan.myoface-1.apk
Time Spent:   0 Days 0 Hours 1 Minutes 5 Seconds

============================================================================
34/74 Starting processing com.mymoney-1.apk ......
Getting apk info from https://play.google.com/store/apps/details?id=com.mymoney ......
Success to get info from Play Store
The lastest version of com.mymoney-1.apk is  10.0.2.0  
Done processing com.mymoney-1.apk
Time Spent:   0 Days 0 Hours 1 Minutes 8 Seconds

============================================================================
35/74 Starting processing com.myzaker.ZAKER_Phone-1.apk ......
Getting apk info from https://play.google.com/store/apps/details?id=com.myzaker.ZAKER_Phone ......
Success to get info from Play Store
The lastest version of com.myzaker.ZAKER_Phone-1.apk is  6.4.8  
Done processing com.myzaker.ZAKER_Phone-1.apk
Time Spent:   0 Days 0 Hours 1 Minutes 11 Seconds

============================================================================
36/74 Starting processing com.nd.android.pandareader-1.apk ......
Getting apk info from https://play.google.com/store/apps/details?id=com.nd.android.pandareader ......
[ERROR] : Cannot find info of com.nd.android.pandareader-1.apk on https://play.google.com/store/apps/details?id=com.nd.android.pandareader !!!
Done processing com.nd.android.pandareader-1.apk
Time Spent:   0 Days 0 Hours 1 Minutes 12 Seconds

============================================================================
37/74 Starting processing com.netease.mail-1.apk ......
Getting apk info from https://play.google.com/store/apps/details?id=com.netease.mail ......
Success to get info from Play Store
The lastest version of com.netease.mail-1.apk is  4.7.2  
Done processing com.netease.mail-1.apk
Time Spent:   0 Days 0 Hours 1 Minutes 15 Seconds

============================================================================
38/74 Starting processing com.netease.newsreader.activity-1.apk ......
Getting apk info from https://play.google.com/store/apps/details?id=com.netease.newsreader.activity ......
Success to get info from Play Store
The lastest version of com.netease.newsreader.activity-1.apk is  5.4.9  
Done processing com.netease.newsreader.activity-1.apk
Time Spent:   0 Days 0 Hours 1 Minutes 20 Seconds

============================================================================
39/74 Starting processing com.netease.pris-1.apk ......
Getting apk info from https://play.google.com/store/apps/details?id=com.netease.pris ......
Success to get info from Play Store
The lastest version of com.netease.pris-1.apk is  4.9.7  
Done processing com.netease.pris-1.apk
Time Spent:   0 Days 0 Hours 1 Minutes 25 Seconds

============================================================================
40/74 Starting processing com.nice.main-1.apk ......
Getting apk info from https://play.google.com/store/apps/details?id=com.nice.main ......
Success to get info from Play Store
The lastest version of com.nice.main-1.apk is    Varies with device  
Done processing com.nice.main-1.apk
Time Spent:   0 Days 0 Hours 1 Minutes 28 Seconds

============================================================================
41/74 Starting processing com.qidian.QDReader-1.apk ......
Getting apk info from https://play.google.com/store/apps/details?id=com.qidian.QDReader ......
[ERROR] : Cannot find info of com.qidian.QDReader-1.apk on https://play.google.com/store/apps/details?id=com.qidian.QDReader !!!
Done processing com.qidian.QDReader-1.apk
Time Spent:   0 Days 0 Hours 1 Minutes 29 Seconds

============================================================================
42/74 Starting processing com.qigame.lock-1.apk ......
Getting apk info from https://play.google.com/store/apps/details?id=com.qigame.lock ......
Success to get info from Play Store
The lastest version of com.qigame.lock-1.apk is 
Done processing com.qigame.lock-1.apk
Time Spent:   0 Days 0 Hours 1 Minutes 30 Seconds

============================================================================
43/74 Starting processing com.qqgame.happymj-1.apk ......
Getting apk info from https://play.google.com/store/apps/details?id=com.qqgame.happymj ......
[ERROR] : Cannot find info of com.qqgame.happymj-1.apk on https://play.google.com/store/apps/details?id=com.qqgame.happymj !!!
Done processing com.qqgame.happymj-1.apk
Time Spent:   0 Days 0 Hours 1 Minutes 32 Seconds

============================================================================
44/74 Starting processing com.sina.news-1.apk ......
Getting apk info from https://play.google.com/store/apps/details?id=com.sina.news ......
Success to get info from Play Store
The lastest version of com.sina.news-1.apk is  4.9.3  
Done processing com.sina.news-1.apk
Time Spent:   0 Days 0 Hours 1 Minutes 35 Seconds

============================================================================
45/74 Starting processing com.ss.android.article.news-1.apk ......
Getting apk info from https://play.google.com/store/apps/details?id=com.ss.android.article.news ......
Success to get info from Play Store
The lastest version of com.ss.android.article.news-1.apk is  5.3.4  
Done processing com.ss.android.article.news-1.apk
Time Spent:   0 Days 0 Hours 1 Minutes 38 Seconds

============================================================================
46/74 Starting processing com.ss.android.essay.joke-1.apk ......
Getting apk info from https://play.google.com/store/apps/details?id=com.ss.android.essay.joke ......
Success to get info from Play Store
The lastest version of com.ss.android.essay.joke-1.apk is  5.0.0  
Done processing com.ss.android.essay.joke-1.apk
Time Spent:   0 Days 0 Hours 1 Minutes 42 Seconds

============================================================================
47/74 Starting processing com.tadu.android-1.apk ......
Getting apk info from https://play.google.com/store/apps/details?id=com.tadu.android ......
Success to get info from Play Store
The lastest version of com.tadu.android-1.apk is 
Done processing com.tadu.android-1.apk
Time Spent:   0 Days 0 Hours 1 Minutes 43 Seconds

============================================================================
48/74 Starting processing com.taobao.ju.android-1.apk ......
Getting apk info from https://play.google.com/store/apps/details?id=com.taobao.ju.android ......
Success to get info from Play Store
The lastest version of com.taobao.ju.android-1.apk is  4.5.1  
Done processing com.taobao.ju.android-1.apk
Time Spent:   0 Days 0 Hours 1 Minutes 47 Seconds

============================================================================
49/74 Starting processing com.tieyou.train.ark-1.apk ......
Getting apk info from https://play.google.com/store/apps/details?id=com.tieyou.train.ark ......
[ERROR] : Cannot find info of com.tieyou.train.ark-1.apk on https://play.google.com/store/apps/details?id=com.tieyou.train.ark !!!
Done processing com.tieyou.train.ark-1.apk
Time Spent:   0 Days 0 Hours 1 Minutes 48 Seconds

============================================================================
50/74 Starting processing com.tmall.wireless-1.apk ......
Getting apk info from https://play.google.com/store/apps/details?id=com.tmall.wireless ......
Success to get info from Play Store
The lastest version of com.tmall.wireless-1.apk is  5.15.1  
Done processing com.tmall.wireless-1.apk
Time Spent:   0 Days 0 Hours 1 Minutes 50 Seconds

============================================================================
51/74 Starting processing com.tuan800.tao800-1.apk ......
Getting apk info from https://play.google.com/store/apps/details?id=com.tuan800.tao800 ......
[ERROR] : Cannot find info of com.tuan800.tao800-1.apk on https://play.google.com/store/apps/details?id=com.tuan800.tao800 !!!
Done processing com.tuan800.tao800-1.apk
Time Spent:   0 Days 0 Hours 1 Minutes 51 Seconds

============================================================================
52/74 Starting processing com.tuniu.app.ui-1.apk ......
Getting apk info from https://play.google.com/store/apps/details?id=com.tuniu.app.ui ......
Success to get info from Play Store
The lastest version of com.tuniu.app.ui-1.apk is  6.0.0  
Done processing com.tuniu.app.ui-1.apk
Time Spent:   0 Days 0 Hours 1 Minutes 55 Seconds

============================================================================
53/74 Starting processing com.ubercab-1.apk ......
Getting apk info from https://play.google.com/store/apps/details?id=com.ubercab ......
Success to get info from Play Store
The lastest version of com.ubercab-1.apk is  3.91.2  
Done processing com.ubercab-1.apk
Time Spent:   0 Days 0 Hours 1 Minutes 58 Seconds

============================================================================
54/74 Starting processing com.ucamera.ucam-1.apk ......
Getting apk info from https://play.google.com/store/apps/details?id=com.ucamera.ucam ......
Success to get info from Play Store
The lastest version of com.ucamera.ucam-1.apk is  6.0.7.020316  
Done processing com.ucamera.ucam-1.apk
Time Spent:   0 Days 0 Hours 2 Minutes 0 Seconds

============================================================================
55/74 Starting processing com.ushaqi.zhuishushenqi-1.apk ......
Getting apk info from https://play.google.com/store/apps/details?id=com.ushaqi.zhuishushenqi ......
Success to get info from Play Store
The lastest version of com.ushaqi.zhuishushenqi-1.apk is  3.46  
Done processing com.ushaqi.zhuishushenqi-1.apk
Time Spent:   0 Days 0 Hours 2 Minutes 2 Seconds

============================================================================
56/74 Starting processing com.uu.uunavi-1.apk ......
Getting apk info from https://play.google.com/store/apps/details?id=com.uu.uunavi ......
Success to get info from Play Store
The lastest version of com.uu.uunavi-1.apk is  2.3.33.1  
Done processing com.uu.uunavi-1.apk
Time Spent:   0 Days 0 Hours 2 Minutes 5 Seconds

============================================================================
57/74 Starting processing com.vmall.client-1.apk ......
Getting apk info from https://play.google.com/store/apps/details?id=com.vmall.client ......
[ERROR] : Cannot find info of com.vmall.client-1.apk on https://play.google.com/store/apps/details?id=com.vmall.client !!!
Done processing com.vmall.client-1.apk
Time Spent:   0 Days 0 Hours 2 Minutes 6 Seconds

============================================================================
58/74 Starting processing com.wacai365-1.apk ......
Getting apk info from https://play.google.com/store/apps/details?id=com.wacai365 ......
Success to get info from Play Store
The lastest version of com.wacai365-1.apk is  10.4.0.1  
Done processing com.wacai365-1.apk
Time Spent:   0 Days 0 Hours 2 Minutes 8 Seconds

============================================================================
59/74 Starting processing com.wantu.activity-1.apk ......
Getting apk info from https://play.google.com/store/apps/details?id=com.wantu.activity ......
Success to get info from Play Store
The lastest version of com.wantu.activity-1.apk is    Varies with device  
Done processing com.wantu.activity-1.apk
Time Spent:   0 Days 0 Hours 2 Minutes 11 Seconds

============================================================================
60/74 Starting processing com.xiachufang-1.apk ......
Getting apk info from https://play.google.com/store/apps/details?id=com.xiachufang ......
Success to get info from Play Store
The lastest version of com.xiachufang-1.apk is  V5.2.4  
Done processing com.xiachufang-1.apk
Time Spent:   0 Days 0 Hours 2 Minutes 13 Seconds

============================================================================
61/74 Starting processing com.xiaomi.smarthome-1.apk ......
Getting apk info from https://play.google.com/store/apps/details?id=com.xiaomi.smarthome ......
Success to get info from Play Store
The lastest version of com.xiaomi.smarthome-1.apk is 
Done processing com.xiaomi.smarthome-1.apk
Time Spent:   0 Days 0 Hours 2 Minutes 15 Seconds

============================================================================
62/74 Starting processing com.xinmei365.font-1.apk ......
Getting apk info from https://play.google.com/store/apps/details?id=com.xinmei365.font ......
Success to get info from Play Store
The lastest version of com.xinmei365.font-1.apk is  5.4.7  
Done processing com.xinmei365.font-1.apk
Time Spent:   0 Days 0 Hours 2 Minutes 17 Seconds

============================================================================
63/74 Starting processing com.xtuone.android.syllabus-1.apk ......
Getting apk info from https://play.google.com/store/apps/details?id=com.xtuone.android.syllabus ......
Success to get info from Play Store
The lastest version of com.xtuone.android.syllabus-1.apk is  7.2.1  
Done processing com.xtuone.android.syllabus-1.apk
Time Spent:   0 Days 0 Hours 2 Minutes 20 Seconds

============================================================================
64/74 Starting processing com.yibasan.lizhifm-1.apk ......
Getting apk info from https://play.google.com/store/apps/details?id=com.yibasan.lizhifm ......
Success to get info from Play Store
The lastest version of com.yibasan.lizhifm-1.apk is  3.6.0  
Done processing com.yibasan.lizhifm-1.apk
Time Spent:   0 Days 0 Hours 2 Minutes 24 Seconds

============================================================================
65/74 Starting processing com.yipiao-1.apk ......
Getting apk info from https://play.google.com/store/apps/details?id=com.yipiao ......
Success to get info from Play Store
The lastest version of com.yipiao-1.apk is  2.8.0  
Done processing com.yipiao-1.apk
Time Spent:   0 Days 0 Hours 2 Minutes 32 Seconds

============================================================================
66/74 Starting processing com.youan.universal-1.apk ......
Getting apk info from https://play.google.com/store/apps/details?id=com.youan.universal ......
Success to get info from Play Store
The lastest version of com.youan.universal-1.apk is    Varies with device  
Done processing com.youan.universal-1.apk
Time Spent:   0 Days 0 Hours 2 Minutes 39 Seconds

============================================================================
67/74 Starting processing com.youloft.calendar-1.apk ......
Getting apk info from https://play.google.com/store/apps/details?id=com.youloft.calendar ......
Success to get info from Play Store
The lastest version of com.youloft.calendar-1.apk is  4.4.2  
Done processing com.youloft.calendar-1.apk
Time Spent:   0 Days 0 Hours 2 Minutes 43 Seconds

============================================================================
68/74 Starting processing com.zhangdan.app-1.apk ......
Getting apk info from https://play.google.com/store/apps/details?id=com.zhangdan.app ......
Success to get info from Play Store
The lastest version of com.zhangdan.app-1.apk is  8.2.1  
Done processing com.zhangdan.app-1.apk
Time Spent:   0 Days 0 Hours 2 Minutes 47 Seconds

============================================================================
69/74 Starting processing fm.jihua.kecheng-1.apk ......
Getting apk info from https://play.google.com/store/apps/details?id=fm.jihua.kecheng ......
Success to get info from Play Store
The lastest version of fm.jihua.kecheng-1.apk is  8.0  
Done processing fm.jihua.kecheng-1.apk
Time Spent:   0 Days 0 Hours 2 Minutes 50 Seconds

============================================================================
70/74 Starting processing me.papa-1.apk ......
Getting apk info from https://play.google.com/store/apps/details?id=me.papa ......
[ERROR] : Cannot find info of me.papa-1.apk on https://play.google.com/store/apps/details?id=me.papa !!!
Done processing me.papa-1.apk
Time Spent:   0 Days 0 Hours 2 Minutes 51 Seconds

============================================================================
71/74 Starting processing my.beautyCamera-1.apk ......
Getting apk info from https://play.google.com/store/apps/details?id=my.beautyCamera ......
Success to get info from Play Store
The lastest version of my.beautyCamera-1.apk is  2.5.0  
Done processing my.beautyCamera-1.apk
Time Spent:   0 Days 0 Hours 2 Minutes 54 Seconds

============================================================================
72/74 Starting processing org.fungo.fungolive-1.apk ......
Getting apk info from https://play.google.com/store/apps/details?id=org.fungo.fungolive ......
[ERROR] : Cannot find info of org.fungo.fungolive-1.apk on https://play.google.com/store/apps/details?id=org.fungo.fungolive !!!
Done processing org.fungo.fungolive-1.apk
Time Spent:   0 Days 0 Hours 2 Minutes 56 Seconds

============================================================================
73/74 Starting processing org.sanguoqy01-1.apk ......
Getting apk info from https://play.google.com/store/apps/details?id=org.sanguoqy01 ......
[ERROR] : Cannot find info of org.sanguoqy01-1.apk on https://play.google.com/store/apps/details?id=org.sanguoqy01 !!!
Done processing org.sanguoqy01-1.apk
Time Spent:   0 Days 0 Hours 2 Minutes 57 Seconds

============================================================================
74/74 Starting processing sina.mobile.tianqitong-1.apk ......
Getting apk info from https://play.google.com/store/apps/details?id=sina.mobile.tianqitong ......
Success to get info from Play Store
The lastest version of sina.mobile.tianqitong-1.apk is 
Done processing sina.mobile.tianqitong-1.apk
Time Spent:   0 Days 0 Hours 2 Minutes 59 Seconds

============================================================================


**************************************************************
All Done
Total Time:   0 Days 0 Hours 2 Minutes 59 Seconds
Result Location:               /home/Git-Apk/code_resource/script_hooks/scan_apk/scan_apk_version/results/AppInfo_2016-02-29-17-48-01.csv
**************************************************************
