Start processing app in list /home/Git-Apk/Updated_list from /home/Git-Apk/All_Apk  ......

============================================================================
1/4 Starting processing com.ea.game.simcitymobile_row-1.apk ......
Getting apk info from https://play.google.com/store/apps/details?id=com.ea.game.simcitymobile_row ......
Success to get info from Play Store
The lastest version of com.ea.game.simcitymobile_row-1.apk is  1.10.8.39185  
Done processing com.ea.game.simcitymobile_row-1.apk
Time Spent:   0 Days 0 Hours 0 Minutes 6 Seconds

============================================================================
2/4 Starting processing com.fotoable.fotobeauty-1.apk ......
Getting apk info from https://play.google.com/store/apps/details?id=com.fotoable.fotobeauty ......
Success to get info from Play Store
The lastest version of com.fotoable.fotobeauty-1.apk is  3.8.7  
Done processing com.fotoable.fotobeauty-1.apk
Time Spent:   0 Days 0 Hours 0 Minutes 12 Seconds

============================================================================
3/4 Starting processing com.pixelbite.rr3-1.apk ......
Getting apk info from https://play.google.com/store/apps/details?id=com.pixelbite.rr3 ......
Success to get info from Play Store
The lastest version of com.pixelbite.rr3-1.apk is  1.1.8  
Done processing com.pixelbite.rr3-1.apk
Time Spent:   0 Days 0 Hours 0 Minutes 19 Seconds

============================================================================
4/4 Starting processing com.tencent.feiji-1.apk ......
Getting apk info from https://play.google.com/store/apps/details?id=com.tencent.feiji ......
[ERROR] : Cannot find info of com.tencent.feiji-1.apk on https://play.google.com/store/apps/details?id=com.tencent.feiji !!!
Done processing com.tencent.feiji-1.apk
Time Spent:   0 Days 0 Hours 0 Minutes 21 Seconds

============================================================================


**************************************************************
All Done
Total Time:   0 Days 0 Hours 0 Minutes 21 Seconds
Result Location:               /home/Git-Apk/code_resource/script_hooks/scan_apk/scan_apk_version/results/AppInfo_2016-02-01-10-50-15.csv
**************************************************************
