Start processing app in list /home/Git-Apk/Updated_list from /home/Git-Apk/ARM-V8  ......

============================================================================
1/49 Starting processing all.parttimeguidesystem-1.apk ......
Getting apk info from https://play.google.com/store/apps/details?id=all.parttimeguidesystem ......
[ERROR] : Cannot find info of all.parttimeguidesystem-1.apk on https://play.google.com/store/apps/details?id=all.parttimeguidesystem !!!
Done processing all.parttimeguidesystem-1.apk
Time Spent:   0 Days 0 Hours 0 Minutes 2 Seconds

============================================================================
2/49 Starting processing com.achievo.vipshop-1.apk ......
Getting apk info from https://play.google.com/store/apps/details?id=com.achievo.vipshop ......
[ERROR] : Cannot find info of com.achievo.vipshop-1.apk on https://play.google.com/store/apps/details?id=com.achievo.vipshop !!!
Done processing com.achievo.vipshop-1.apk
Time Spent:   0 Days 0 Hours 0 Minutes 3 Seconds

============================================================================
3/49 Starting processing com.aipai.android-1.apk ......
Getting apk info from https://play.google.com/store/apps/details?id=com.aipai.android ......
[ERROR] : Cannot find info of com.aipai.android-1.apk on https://play.google.com/store/apps/details?id=com.aipai.android !!!
Done processing com.aipai.android-1.apk
Time Spent:   0 Days 0 Hours 0 Minutes 5 Seconds

============================================================================
4/49 Starting processing com.appshare.android.ilisten-1.apk ......
Getting apk info from https://play.google.com/store/apps/details?id=com.appshare.android.ilisten ......
Success to get info from Play Store
The lastest version of com.appshare.android.ilisten-1.apk is  7.2.0107010  
Done processing com.appshare.android.ilisten-1.apk
Time Spent:   0 Days 0 Hours 0 Minutes 9 Seconds

============================================================================
5/49 Starting processing com.bizsocialnet-1.apk ......
Getting apk info from https://play.google.com/store/apps/details?id=com.bizsocialnet ......
Success to get info from Play Store
The lastest version of com.bizsocialnet-1.apk is  1.2.4.9  
Done processing com.bizsocialnet-1.apk
Time Spent:   0 Days 0 Hours 0 Minutes 12 Seconds

============================================================================
6/49 Starting processing com.coomix.app.bus-1.apk ......
Getting apk info from https://play.google.com/store/apps/details?id=com.coomix.app.bus ......
Success to get info from Play Store
The lastest version of com.coomix.app.bus-1.apk is  V3.1.1(151016)  
Done processing com.coomix.app.bus-1.apk
Time Spent:   0 Days 0 Hours 0 Minutes 15 Seconds

============================================================================
7/49 Starting processing com.didapinche.booking-1.apk ......
Getting apk info from https://play.google.com/store/apps/details?id=com.didapinche.booking ......
[ERROR] : Cannot find info of com.didapinche.booking-1.apk on https://play.google.com/store/apps/details?id=com.didapinche.booking !!!
Done processing com.didapinche.booking-1.apk
Time Spent:   0 Days 0 Hours 0 Minutes 16 Seconds

============================================================================
8/49 Starting processing com.douban.frodo-1.apk ......
Getting apk info from https://play.google.com/store/apps/details?id=com.douban.frodo ......
Success to get info from Play Store
The lastest version of com.douban.frodo-1.apk is  3.3  
Done processing com.douban.frodo-1.apk
Time Spent:   0 Days 0 Hours 0 Minutes 21 Seconds

============================================================================
9/49 Starting processing com.douban.radio-1.apk ......
Getting apk info from https://play.google.com/store/apps/details?id=com.douban.radio ......
Success to get info from Play Store
The lastest version of com.douban.radio-1.apk is  4.4.2  
Done processing com.douban.radio-1.apk
Time Spent:   0 Days 0 Hours 0 Minutes 25 Seconds

============================================================================
10/49 Starting processing com.duitang.main-1.apk ......
Getting apk info from https://play.google.com/store/apps/details?id=com.duitang.main ......
[ERROR] : Cannot find info of com.duitang.main-1.apk on https://play.google.com/store/apps/details?id=com.duitang.main !!!
Done processing com.duitang.main-1.apk
Time Spent:   0 Days 0 Hours 0 Minutes 26 Seconds

============================================================================
11/49 Starting processing com.example.tiantianduobao-1.apk ......
Getting apk info from https://play.google.com/store/apps/details?id=com.example.tiantianduobao ......
[ERROR] : Cannot find info of com.example.tiantianduobao-1.apk on https://play.google.com/store/apps/details?id=com.example.tiantianduobao !!!
Done processing com.example.tiantianduobao-1.apk
Time Spent:   0 Days 0 Hours 0 Minutes 28 Seconds

============================================================================
12/49 Starting processing com.hangzhoucaimi.financial-1.apk ......
Getting apk info from https://play.google.com/store/apps/details?id=com.hangzhoucaimi.financial ......
Success to get info from Play Store
The lastest version of com.hangzhoucaimi.financial-1.apk is  3.1.2  
Done processing com.hangzhoucaimi.financial-1.apk
Time Spent:   0 Days 0 Hours 0 Minutes 32 Seconds

============================================================================
13/49 Starting processing com.haobao.wardrobe-1.apk ......
Getting apk info from https://play.google.com/store/apps/details?id=com.haobao.wardrobe ......
[ERROR] : Cannot find info of com.haobao.wardrobe-1.apk on https://play.google.com/store/apps/details?id=com.haobao.wardrobe !!!
Done processing com.haobao.wardrobe-1.apk
Time Spent:   0 Days 0 Hours 0 Minutes 33 Seconds

============================================================================
14/49 Starting processing com.happy.lock-1.apk ......
Getting apk info from https://play.google.com/store/apps/details?id=com.happy.lock ......
Success to get info from Play Store
The lastest version of com.happy.lock-1.apk is  1.1.1.1  
Done processing com.happy.lock-1.apk
Time Spent:   0 Days 0 Hours 0 Minutes 37 Seconds

============================================================================
15/49 Starting processing com.hf-1.apk ......
Getting apk info from https://play.google.com/store/apps/details?id=com.hf ......
[ERROR] : Cannot find info of com.hf-1.apk on https://play.google.com/store/apps/details?id=com.hf !!!
Done processing com.hf-1.apk
Time Spent:   0 Days 0 Hours 0 Minutes 39 Seconds

============================================================================
16/49 Starting processing com.hipu.yidian-1.apk ......
Getting apk info from https://play.google.com/store/apps/details?id=com.hipu.yidian ......
Success to get info from Play Store
The lastest version of com.hipu.yidian-1.apk is  3.1.3(37682)  
Done processing com.hipu.yidian-1.apk
Time Spent:   0 Days 0 Hours 0 Minutes 42 Seconds

============================================================================
17/49 Starting processing com.hnmoma.driftbottle-1.apk ......
Getting apk info from https://play.google.com/store/apps/details?id=com.hnmoma.driftbottle ......
[ERROR] : Cannot find info of com.hnmoma.driftbottle-1.apk on https://play.google.com/store/apps/details?id=com.hnmoma.driftbottle !!!
Done processing com.hnmoma.driftbottle-1.apk
Time Spent:   0 Days 0 Hours 0 Minutes 43 Seconds

============================================================================
18/49 Starting processing com.husor.beibei-1.apk ......
Getting apk info from https://play.google.com/store/apps/details?id=com.husor.beibei ......
[ERROR] : Cannot find info of com.husor.beibei-1.apk on https://play.google.com/store/apps/details?id=com.husor.beibei !!!
Done processing com.husor.beibei-1.apk
Time Spent:   0 Days 0 Hours 0 Minutes 45 Seconds

============================================================================
19/49 Starting processing com.husor.mizhe-1.apk ......
Getting apk info from https://play.google.com/store/apps/details?id=com.husor.mizhe ......
[ERROR] : Cannot find info of com.husor.mizhe-1.apk on https://play.google.com/store/apps/details?id=com.husor.mizhe !!!
Done processing com.husor.mizhe-1.apk
Time Spent:   0 Days 0 Hours 0 Minutes 46 Seconds

============================================================================
20/49 Starting processing com.ishugui-1.apk ......
Getting apk info from https://play.google.com/store/apps/details?id=com.ishugui ......
Success to get info from Play Store
The lastest version of com.ishugui-1.apk is  1.3.02.01  
Done processing com.ishugui-1.apk
Time Spent:   0 Days 0 Hours 0 Minutes 49 Seconds

============================================================================
21/49 Starting processing com.jsmcc-1.apk ......
Getting apk info from https://play.google.com/store/apps/details?id=com.jsmcc ......
[ERROR] : Cannot find info of com.jsmcc-1.apk on https://play.google.com/store/apps/details?id=com.jsmcc !!!
Done processing com.jsmcc-1.apk
Time Spent:   0 Days 0 Hours 0 Minutes 51 Seconds

============================================================================
22/49 Starting processing com.julanling.app-1.apk ......
Getting apk info from https://play.google.com/store/apps/details?id=com.julanling.app ......
Success to get info from Play Store
The lastest version of com.julanling.app-1.apk is  2.3.30  
Done processing com.julanling.app-1.apk
Time Spent:   0 Days 0 Hours 0 Minutes 53 Seconds

============================================================================
23/49 Starting processing com.jxedt-1.apk ......
Getting apk info from https://play.google.com/store/apps/details?id=com.jxedt ......
Success to get info from Play Store
The lastest version of com.jxedt-1.apk is  3.9.6  
Done processing com.jxedt-1.apk
Time Spent:   0 Days 0 Hours 0 Minutes 57 Seconds

============================================================================
24/49 Starting processing com.koudai.weidian.buyer-1.apk ......
Getting apk info from https://play.google.com/store/apps/details?id=com.koudai.weidian.buyer ......
[ERROR] : Cannot find info of com.koudai.weidian.buyer-1.apk on https://play.google.com/store/apps/details?id=com.koudai.weidian.buyer !!!
Done processing com.koudai.weidian.buyer-1.apk
Time Spent:   0 Days 0 Hours 0 Minutes 58 Seconds

============================================================================
25/49 Starting processing com.lyhd.wallpaper-1.apk ......
Getting apk info from https://play.google.com/store/apps/details?id=com.lyhd.wallpaper ......
[ERROR] : Cannot find info of com.lyhd.wallpaper-1.apk on https://play.google.com/store/apps/details?id=com.lyhd.wallpaper !!!
Done processing com.lyhd.wallpaper-1.apk
Time Spent:   0 Days 0 Hours 0 Minutes 59 Seconds

============================================================================
26/49 Starting processing com.m1905.mobilefree-1.apk ......
Getting apk info from https://play.google.com/store/apps/details?id=com.m1905.mobilefree ......
[ERROR] : Cannot find info of com.m1905.mobilefree-1.apk on https://play.google.com/store/apps/details?id=com.m1905.mobilefree !!!
Done processing com.m1905.mobilefree-1.apk
Time Spent:   0 Days 0 Hours 1 Minutes 0 Seconds

============================================================================
27/49 Starting processing com.meilapp.meila-1.apk ......
Getting apk info from https://play.google.com/store/apps/details?id=com.meilapp.meila ......
Success to get info from Play Store
The lastest version of com.meilapp.meila-1.apk is  4.8.0  
Done processing com.meilapp.meila-1.apk
Time Spent:   0 Days 0 Hours 1 Minutes 4 Seconds

============================================================================
28/49 Starting processing com.mmc.fengshui.pass-1.apk ......
Getting apk info from https://play.google.com/store/apps/details?id=com.mmc.fengshui.pass ......
[ERROR] : Cannot find info of com.mmc.fengshui.pass-1.apk on https://play.google.com/store/apps/details?id=com.mmc.fengshui.pass !!!
Done processing com.mmc.fengshui.pass-1.apk
Time Spent:   0 Days 0 Hours 1 Minutes 5 Seconds

============================================================================
29/49 Starting processing com.mobisystems.office-1.apk ......
Getting apk info from https://play.google.com/store/apps/details?id=com.mobisystems.office ......
Success to get info from Play Store
The lastest version of com.mobisystems.office-1.apk is 
Done processing com.mobisystems.office-1.apk
Time Spent:   0 Days 0 Hours 1 Minutes 11 Seconds

============================================================================
30/49 Starting processing com.nuomi.merchant-1.apk ......
Getting apk info from https://play.google.com/store/apps/details?id=com.nuomi.merchant ......
Success to get info from Play Store
The lastest version of com.nuomi.merchant-1.apk is  1.4.0  
Done processing com.nuomi.merchant-1.apk
Time Spent:   0 Days 0 Hours 1 Minutes 14 Seconds

============================================================================
31/49 Starting processing com.pingan.papd-1.apk ......
Getting apk info from https://play.google.com/store/apps/details?id=com.pingan.papd ......
[ERROR] : Cannot find info of com.pingan.papd-1.apk on https://play.google.com/store/apps/details?id=com.pingan.papd !!!
Done processing com.pingan.papd-1.apk
Time Spent:   0 Days 0 Hours 1 Minutes 15 Seconds

============================================================================
32/49 Starting processing com.quanmincai.caipiao-1.apk ......
Getting apk info from https://play.google.com/store/apps/details?id=com.quanmincai.caipiao ......
[ERROR] : Cannot find info of com.quanmincai.caipiao-1.apk on https://play.google.com/store/apps/details?id=com.quanmincai.caipiao !!!
Done processing com.quanmincai.caipiao-1.apk
Time Spent:   0 Days 0 Hours 1 Minutes 16 Seconds

============================================================================
33/49 Starting processing com.shcc.microcredit-1.apk ......
Getting apk info from https://play.google.com/store/apps/details?id=com.shcc.microcredit ......
[ERROR] : Cannot find info of com.shcc.microcredit-1.apk on https://play.google.com/store/apps/details?id=com.shcc.microcredit !!!
Done processing com.shcc.microcredit-1.apk
Time Spent:   0 Days 0 Hours 1 Minutes 18 Seconds

============================================================================
34/49 Starting processing com.sohu.newsclient-1.apk ......
Getting apk info from https://play.google.com/store/apps/details?id=com.sohu.newsclient ......
Success to get info from Play Store
The lastest version of com.sohu.newsclient-1.apk is  5.4.0  
Done processing com.sohu.newsclient-1.apk
Time Spent:   0 Days 0 Hours 1 Minutes 23 Seconds

============================================================================
35/49 Starting processing com.tal.kaoyan-1.apk ......
Getting apk info from https://play.google.com/store/apps/details?id=com.tal.kaoyan ......
[ERROR] : Cannot find info of com.tal.kaoyan-1.apk on https://play.google.com/store/apps/details?id=com.tal.kaoyan !!!
Done processing com.tal.kaoyan-1.apk
Time Spent:   0 Days 0 Hours 1 Minutes 24 Seconds

============================================================================
36/49 Starting processing com.tujia.hotel-1.apk ......
Getting apk info from https://play.google.com/store/apps/details?id=com.tujia.hotel ......
Success to get info from Play Store
The lastest version of com.tujia.hotel-1.apk is  3.9  
Done processing com.tujia.hotel-1.apk
Time Spent:   0 Days 0 Hours 1 Minutes 28 Seconds

============================================================================
37/49 Starting processing com.uxin.usedcar-1.apk ......
Getting apk info from https://play.google.com/store/apps/details?id=com.uxin.usedcar ......
[ERROR] : Cannot find info of com.uxin.usedcar-1.apk on https://play.google.com/store/apps/details?id=com.uxin.usedcar !!!
Done processing com.uxin.usedcar-1.apk
Time Spent:   0 Days 0 Hours 1 Minutes 29 Seconds

============================================================================
38/49 Starting processing com.v.zy-1.apk ......
Getting apk info from https://play.google.com/store/apps/details?id=com.v.zy ......
[ERROR] : Cannot find info of com.v.zy-1.apk on https://play.google.com/store/apps/details?id=com.v.zy !!!
Done processing com.v.zy-1.apk
Time Spent:   0 Days 0 Hours 1 Minutes 30 Seconds

============================================================================
39/49 Starting processing com.vlocker.locker-1.apk ......
Getting apk info from https://play.google.com/store/apps/details?id=com.vlocker.locker ......
Success to get info from Play Store
The lastest version of com.vlocker.locker-1.apk is  2.0.6  
Done processing com.vlocker.locker-1.apk
Time Spent:   0 Days 0 Hours 1 Minutes 34 Seconds

============================================================================
40/49 Starting processing com.wxws.myticket-1.apk ......
Getting apk info from https://play.google.com/store/apps/details?id=com.wxws.myticket ......
[ERROR] : Cannot find info of com.wxws.myticket-1.apk on https://play.google.com/store/apps/details?id=com.wxws.myticket !!!
Done processing com.wxws.myticket-1.apk
Time Spent:   0 Days 0 Hours 1 Minutes 36 Seconds

============================================================================
41/49 Starting processing com.xiangha-1.apk ......
Getting apk info from https://play.google.com/store/apps/details?id=com.xiangha ......
Success to get info from Play Store
The lastest version of com.xiangha-1.apk is  3.1.6  
Done processing com.xiangha-1.apk
Time Spent:   0 Days 0 Hours 1 Minutes 40 Seconds

============================================================================
42/49 Starting processing com.xingin.xhs-1.apk ......
Getting apk info from https://play.google.com/store/apps/details?id=com.xingin.xhs ......
Success to get info from Play Store
The lastest version of com.xingin.xhs-1.apk is  4.2.201  
Done processing com.xingin.xhs-1.apk
Time Spent:   0 Days 0 Hours 1 Minutes 43 Seconds

============================================================================
43/49 Starting processing com.xinmei365.font-1.apk ......
Getting apk info from https://play.google.com/store/apps/details?id=com.xinmei365.font ......
Success to get info from Play Store
The lastest version of com.xinmei365.font-1.apk is  5.4.1  
Done processing com.xinmei365.font-1.apk
Time Spent:   0 Days 0 Hours 1 Minutes 47 Seconds

============================================================================
44/49 Starting processing com.ygkj.chelaile.standard-1.apk ......
Getting apk info from https://play.google.com/store/apps/details?id=com.ygkj.chelaile.standard ......
Success to get info from Play Store
The lastest version of com.ygkj.chelaile.standard-1.apk is  3.8.2  
Done processing com.ygkj.chelaile.standard-1.apk
Time Spent:   0 Days 0 Hours 1 Minutes 50 Seconds

============================================================================
45/49 Starting processing com.ygtoo-1.apk ......
Getting apk info from https://play.google.com/store/apps/details?id=com.ygtoo ......
[ERROR] : Cannot find info of com.ygtoo-1.apk on https://play.google.com/store/apps/details?id=com.ygtoo !!!
Done processing com.ygtoo-1.apk
Time Spent:   0 Days 0 Hours 1 Minutes 51 Seconds

============================================================================
46/49 Starting processing com.yiwang-1.apk ......
Getting apk info from https://play.google.com/store/apps/details?id=com.yiwang ......
[ERROR] : Cannot find info of com.yiwang-1.apk on https://play.google.com/store/apps/details?id=com.yiwang !!!
Done processing com.yiwang-1.apk
Time Spent:   0 Days 0 Hours 1 Minutes 53 Seconds

============================================================================
47/49 Starting processing com.yourdream.app.android-1.apk ......
Getting apk info from https://play.google.com/store/apps/details?id=com.yourdream.app.android ......
Success to get info from Play Store
The lastest version of com.yourdream.app.android-1.apk is  9.1  
Done processing com.yourdream.app.android-1.apk
Time Spent:   0 Days 0 Hours 1 Minutes 55 Seconds

============================================================================
48/49 Starting processing oms.mmc.app.almanac_inland-1.apk ......
Getting apk info from https://play.google.com/store/apps/details?id=oms.mmc.app.almanac_inland ......
[ERROR] : Cannot find info of oms.mmc.app.almanac_inland-1.apk on https://play.google.com/store/apps/details?id=oms.mmc.app.almanac_inland !!!
Done processing oms.mmc.app.almanac_inland-1.apk
Time Spent:   0 Days 0 Hours 1 Minutes 57 Seconds

============================================================================
49/49 Starting processing viva.reader-1.apk ......
Getting apk info from https://play.google.com/store/apps/details?id=viva.reader ......
Success to get info from Play Store
The lastest version of viva.reader-1.apk is  5.2.4  
Done processing viva.reader-1.apk
Time Spent:   0 Days 0 Hours 2 Minutes 0 Seconds

============================================================================


**************************************************************
All Done
Total Time:   0 Days 0 Hours 2 Minutes 0 Seconds
Result Location:               /home/Git-Apk/code_resource/script_hooks/scan_apk/scan_apk_version/results/AppInfo_2016-01-25-12-09-02.csv
**************************************************************
