Start processing app in list /home/Git-Apk/Updated_list from /home/Git-Apk/Baidu  ......

============================================================================
1/4 Starting processing bubei.tingshu-1.apk ......
Getting apk info from https://play.google.com/store/apps/details?id=bubei.tingshu ......
Success to get info from Play Store
The lastest version of bubei.tingshu-1.apk is  5.4.6  
Done processing bubei.tingshu-1.apk
Time Spent:   0 Days 0 Hours 0 Minutes 4 Seconds

============================================================================
2/4 Starting processing cn.chono.yopper-1.apk ......
Getting apk info from https://play.google.com/store/apps/details?id=cn.chono.yopper ......
[ERROR] : Cannot find info of cn.chono.yopper-1.apk on https://play.google.com/store/apps/details?id=cn.chono.yopper !!!
Done processing cn.chono.yopper-1.apk
Time Spent:   0 Days 0 Hours 0 Minutes 5 Seconds

============================================================================
3/4 Starting processing com.pingan.pinganwifi-1.apk ......
Getting apk info from https://play.google.com/store/apps/details?id=com.pingan.pinganwifi ......
Success to get info from Play Store
The lastest version of com.pingan.pinganwifi-1.apk is  3.4.0  
Done processing com.pingan.pinganwifi-1.apk
Time Spent:   0 Days 0 Hours 0 Minutes 7 Seconds

============================================================================
4/4 Starting processing ctrip.android.view-1.apk ......
Getting apk info from https://play.google.com/store/apps/details?id=ctrip.android.view ......
Success to get info from Play Store
The lastest version of ctrip.android.view-1.apk is  6.12.1  
Done processing ctrip.android.view-1.apk
Time Spent:   0 Days 0 Hours 0 Minutes 13 Seconds

============================================================================


**************************************************************
All Done
Total Time:   0 Days 0 Hours 0 Minutes 13 Seconds
Result Location:               /home/Git-Apk/code_resource/script_hooks/scan_apk/scan_apk_version/results/AppInfo_2016-01-07-17-10-02.csv
**************************************************************
