Start processing app in list /home/Git-Apk/Updated_list from /home/Git-Apk/Baidu  ......

============================================================================
1/2 Starting processing com.dangdang.buy2-1.apk ......
Getting apk info from https://play.google.com/store/apps/details?id=com.dangdang.buy2 ......
Success to get info from Play Store
The lastest version of com.dangdang.buy2-1.apk is  5.4.1  
Done processing com.dangdang.buy2-1.apk
Time Spent:   0 Days 0 Hours 0 Minutes 6 Seconds

============================================================================
2/2 Starting processing com.iooly.android.lockscreen-1.apk ......
Getting apk info from https://play.google.com/store/apps/details?id=com.iooly.android.lockscreen ......
[ERROR] : Cannot find info of com.iooly.android.lockscreen-1.apk on https://play.google.com/store/apps/details?id=com.iooly.android.lockscreen !!!
Done processing com.iooly.android.lockscreen-1.apk
Time Spent:   0 Days 0 Hours 0 Minutes 7 Seconds

============================================================================


**************************************************************
All Done
Total Time:   0 Days 0 Hours 0 Minutes 7 Seconds
Result Location:               /home/Git-Apk/code_resource/script_hooks/scan_apk/scan_apk_version/results/AppInfo_2016-01-19-16-36-59.csv
**************************************************************
