Start processing app in list /home/Git-Apk/Updated_list from /home/Git-Apk/All_Apk  ......

============================================================================
1/6 Starting processing com.ksmobile.launcher-1.apk ......
Getting apk info from https://play.google.com/store/apps/details?id=com.ksmobile.launcher ......
Success to get info from Play Store
The lastest version of com.ksmobile.launcher-1.apk is  1.38.2  
Done processing com.ksmobile.launcher-1.apk
Time Spent:   0 Days 0 Hours 0 Minutes 3 Seconds

============================================================================
2/6 Starting processing com.spacegame.solitaire.landscape-1.apk ......
Getting apk info from https://play.google.com/store/apps/details?id=com.spacegame.solitaire.landscape ......
Success to get info from Play Store
The lastest version of com.spacegame.solitaire.landscape-1.apk is  2.1.254  
Done processing com.spacegame.solitaire.landscape-1.apk
Time Spent:   0 Days 0 Hours 0 Minutes 5 Seconds

============================================================================
3/6 Starting processing com.tencent.mc-1.apk ......
Getting apk info from https://play.google.com/store/apps/details?id=com.tencent.mc ......
Success to get info from Play Store
The lastest version of com.tencent.mc-1.apk is  1.3.1.4  
Done processing com.tencent.mc-1.apk
Time Spent:   0 Days 0 Hours 0 Minutes 8 Seconds

============================================================================
4/6 Starting processing com.ubercab-1.apk ......
Getting apk info from https://play.google.com/store/apps/details?id=com.ubercab ......
Success to get info from Play Store
The lastest version of com.ubercab-1.apk is  3.85.4  
Done processing com.ubercab-1.apk
Time Spent:   0 Days 0 Hours 0 Minutes 10 Seconds

============================================================================
5/6 Starting processing com.ubercab.driver-1.apk ......
Getting apk info from https://play.google.com/store/apps/details?id=com.ubercab.driver ......
Success to get info from Play Store
The lastest version of com.ubercab.driver-1.apk is  3.70.2  
Done processing com.ubercab.driver-1.apk
Time Spent:   0 Days 0 Hours 0 Minutes 12 Seconds

============================================================================
6/6 Starting processing com.verizonmedia.go90.enterprise-1.apk ......
Getting apk info from https://play.google.com/store/apps/details?id=com.verizonmedia.go90.enterprise ......
Success to get info from Play Store
The lastest version of com.verizonmedia.go90.enterprise-1.apk is  1.3.0  
Done processing com.verizonmedia.go90.enterprise-1.apk
Time Spent:   0 Days 0 Hours 0 Minutes 14 Seconds

============================================================================


**************************************************************
All Done
Total Time:   0 Days 0 Hours 0 Minutes 14 Seconds
Result Location:               /home/Git-Apk/code_resource/script_hooks/scan_apk/scan_apk_version/results/AppInfo_2016-01-18-13-20-06.csv
**************************************************************
