Start processing app in list /home/Git-Apk/Updated_list from /home/Git-Apk/Baidu  ......

============================================================================
1/21 Starting processing cn.sudiyi.app.client-1.apk ......
Getting apk info from https://play.google.com/store/apps/details?id=cn.sudiyi.app.client ......
[ERROR] : Cannot find info of cn.sudiyi.app.client-1.apk on https://play.google.com/store/apps/details?id=cn.sudiyi.app.client !!!
Done processing cn.sudiyi.app.client-1.apk
Time Spent:   0 Days 0 Hours 0 Minutes 2 Seconds

============================================================================
2/21 Starting processing com.baidu.BaiduMap-1.apk ......
Getting apk info from https://play.google.com/store/apps/details?id=com.baidu.BaiduMap ......
Success to get info from Play Store
The lastest version of com.baidu.BaiduMap-1.apk is  9.0.1  
Done processing com.baidu.BaiduMap-1.apk
Time Spent:   0 Days 0 Hours 0 Minutes 4 Seconds

============================================================================
3/21 Starting processing com.ci123.pregnancywap-1.apk ......
Getting apk info from https://play.google.com/store/apps/details?id=com.ci123.pregnancywap ......
Success to get info from Play Store
The lastest version of com.ci123.pregnancywap-1.apk is  7.0.3  
Done processing com.ci123.pregnancywap-1.apk
Time Spent:   0 Days 0 Hours 0 Minutes 5 Seconds

============================================================================
4/21 Starting processing com.djbox.product-1.apk ......
Getting apk info from https://play.google.com/store/apps/details?id=com.djbox.product ......
[ERROR] : Cannot find info of com.djbox.product-1.apk on https://play.google.com/store/apps/details?id=com.djbox.product !!!
Done processing com.djbox.product-1.apk
Time Spent:   0 Days 0 Hours 0 Minutes 6 Seconds

============================================================================
5/21 Starting processing com.duowan.groundhog.mctools-1.apk ......
Getting apk info from https://play.google.com/store/apps/details?id=com.duowan.groundhog.mctools ......
[ERROR] : Cannot find info of com.duowan.groundhog.mctools-1.apk on https://play.google.com/store/apps/details?id=com.duowan.groundhog.mctools !!!
Done processing com.duowan.groundhog.mctools-1.apk
Time Spent:   0 Days 0 Hours 0 Minutes 8 Seconds

============================================================================
6/21 Starting processing com.edaixi.activity-1.apk ......
Getting apk info from https://play.google.com/store/apps/details?id=com.edaixi.activity ......
[ERROR] : Cannot find info of com.edaixi.activity-1.apk on https://play.google.com/store/apps/details?id=com.edaixi.activity !!!
Done processing com.edaixi.activity-1.apk
Time Spent:   0 Days 0 Hours 0 Minutes 9 Seconds

============================================================================
7/21 Starting processing com.fangdd.mobile.fddhouseownersell-1.apk ......
Getting apk info from https://play.google.com/store/apps/details?id=com.fangdd.mobile.fddhouseownersell ......
[ERROR] : Cannot find info of com.fangdd.mobile.fddhouseownersell-1.apk on https://play.google.com/store/apps/details?id=com.fangdd.mobile.fddhouseownersell !!!
Done processing com.fangdd.mobile.fddhouseownersell-1.apk
Time Spent:   0 Days 0 Hours 0 Minutes 11 Seconds

============================================================================
8/21 Starting processing com.friendnew.funnycamera-1.apk ......
Getting apk info from https://play.google.com/store/apps/details?id=com.friendnew.funnycamera ......
[ERROR] : Cannot find info of com.friendnew.funnycamera-1.apk on https://play.google.com/store/apps/details?id=com.friendnew.funnycamera !!!
Done processing com.friendnew.funnycamera-1.apk
Time Spent:   0 Days 0 Hours 0 Minutes 12 Seconds

============================================================================
9/21 Starting processing com.greenpoint.android.mc10086.activity-1.apk ......
Getting apk info from https://play.google.com/store/apps/details?id=com.greenpoint.android.mc10086.activity ......
[ERROR] : Cannot find info of com.greenpoint.android.mc10086.activity-1.apk on https://play.google.com/store/apps/details?id=com.greenpoint.android.mc10086.activity !!!
Done processing com.greenpoint.android.mc10086.activity-1.apk
Time Spent:   0 Days 0 Hours 0 Minutes 14 Seconds

============================================================================
10/21 Starting processing com.hjwordgames-1.apk ......
Getting apk info from https://play.google.com/store/apps/details?id=com.hjwordgames ......
[ERROR] : Cannot find info of com.hjwordgames-1.apk on https://play.google.com/store/apps/details?id=com.hjwordgames !!!
Done processing com.hjwordgames-1.apk
Time Spent:   0 Days 0 Hours 0 Minutes 15 Seconds

============================================================================
11/21 Starting processing com.jlzb.android-1.apk ......
Getting apk info from https://play.google.com/store/apps/details?id=com.jlzb.android ......
Success to get info from Play Store
The lastest version of com.jlzb.android-1.apk is  1.5.4  
Done processing com.jlzb.android-1.apk
Time Spent:   0 Days 0 Hours 0 Minutes 18 Seconds

============================================================================
12/21 Starting processing com.linkage.mobile72.studywithme-1.apk ......
Getting apk info from https://play.google.com/store/apps/details?id=com.linkage.mobile72.studywithme ......
[ERROR] : Cannot find info of com.linkage.mobile72.studywithme-1.apk on https://play.google.com/store/apps/details?id=com.linkage.mobile72.studywithme !!!
Done processing com.linkage.mobile72.studywithme-1.apk
Time Spent:   0 Days 0 Hours 0 Minutes 20 Seconds

============================================================================
13/21 Starting processing com.mogujie-1.apk ......
Getting apk info from https://play.google.com/store/apps/details?id=com.mogujie ......
Success to get info from Play Store
The lastest version of com.mogujie-1.apk is  7.3.0.1091  
Done processing com.mogujie-1.apk
Time Spent:   0 Days 0 Hours 0 Minutes 23 Seconds

============================================================================
14/21 Starting processing com.myingzhijia-1.apk ......
Getting apk info from https://play.google.com/store/apps/details?id=com.myingzhijia ......
[ERROR] : Cannot find info of com.myingzhijia-1.apk on https://play.google.com/store/apps/details?id=com.myingzhijia !!!
Done processing com.myingzhijia-1.apk
Time Spent:   0 Days 0 Hours 0 Minutes 24 Seconds

============================================================================
15/21 Starting processing com.qisi.qianming-1.apk ......
Getting apk info from https://play.google.com/store/apps/details?id=com.qisi.qianming ......
[ERROR] : Cannot find info of com.qisi.qianming-1.apk on https://play.google.com/store/apps/details?id=com.qisi.qianming !!!
Done processing com.qisi.qianming-1.apk
Time Spent:   0 Days 0 Hours 0 Minutes 26 Seconds

============================================================================
16/21 Starting processing com.qsq.qianshengqian-1.apk ......
Getting apk info from https://play.google.com/store/apps/details?id=com.qsq.qianshengqian ......
[ERROR] : Cannot find info of com.qsq.qianshengqian-1.apk on https://play.google.com/store/apps/details?id=com.qsq.qianshengqian !!!
Done processing com.qsq.qianshengqian-1.apk
Time Spent:   0 Days 0 Hours 0 Minutes 27 Seconds

============================================================================
17/21 Starting processing com.sf.activity-1.apk ......
Getting apk info from https://play.google.com/store/apps/details?id=com.sf.activity ......
Success to get info from Play Store
The lastest version of com.sf.activity-1.apk is  6.7  
Done processing com.sf.activity-1.apk
Time Spent:   0 Days 0 Hours 0 Minutes 31 Seconds

============================================================================
18/21 Starting processing com.uxin.usedcar-1.apk ......
Getting apk info from https://play.google.com/store/apps/details?id=com.uxin.usedcar ......
[ERROR] : Cannot find info of com.uxin.usedcar-1.apk on https://play.google.com/store/apps/details?id=com.uxin.usedcar !!!
Done processing com.uxin.usedcar-1.apk
Time Spent:   0 Days 0 Hours 0 Minutes 33 Seconds

============================================================================
19/21 Starting processing com.voole.mobilestore-1.apk ......
Getting apk info from https://play.google.com/store/apps/details?id=com.voole.mobilestore ......
[ERROR] : Cannot find info of com.voole.mobilestore-1.apk on https://play.google.com/store/apps/details?id=com.voole.mobilestore !!!
Done processing com.voole.mobilestore-1.apk
Time Spent:   0 Days 0 Hours 0 Minutes 34 Seconds

============================================================================
20/21 Starting processing com.wxws.myticket-1.apk ......
Getting apk info from https://play.google.com/store/apps/details?id=com.wxws.myticket ......
[ERROR] : Cannot find info of com.wxws.myticket-1.apk on https://play.google.com/store/apps/details?id=com.wxws.myticket !!!
Done processing com.wxws.myticket-1.apk
Time Spent:   0 Days 0 Hours 0 Minutes 37 Seconds

============================================================================
21/21 Starting processing hyt.x1218.map_china-1.apk ......
Getting apk info from https://play.google.com/store/apps/details?id=hyt.x1218.map_china ......
[ERROR] : Cannot find info of hyt.x1218.map_china-1.apk on https://play.google.com/store/apps/details?id=hyt.x1218.map_china !!!
Done processing hyt.x1218.map_china-1.apk
Time Spent:   0 Days 0 Hours 0 Minutes 38 Seconds

============================================================================


**************************************************************
All Done
Total Time:   0 Days 0 Hours 0 Minutes 38 Seconds
Result Location:               /home/Git-Apk/code_resource/script_hooks/scan_apk/scan_apk_version/results/AppInfo_2016-01-26-15-53-16.csv
**************************************************************
