Start processing app in list /home/Git-Apk/Updated_list from /home/Git-Apk/Baidu  ......

============================================================================
1/23 Starting processing air.fyzb3-1.apk ......
Getting apk info from https://play.google.com/store/apps/details?id=air.fyzb3 ......
[ERROR] : Cannot find info of air.fyzb3-1.apk on https://play.google.com/store/apps/details?id=air.fyzb3 !!!
Done processing air.fyzb3-1.apk
Time Spent:   0 Days 0 Hours 0 Minutes 1 Seconds

============================================================================
2/23 Starting processing cn.mucang.xiaomi.android.wz-1.apk ......
Getting apk info from https://play.google.com/store/apps/details?id=cn.mucang.xiaomi.android.wz ......
[ERROR] : Cannot find info of cn.mucang.xiaomi.android.wz-1.apk on https://play.google.com/store/apps/details?id=cn.mucang.xiaomi.android.wz !!!
Done processing cn.mucang.xiaomi.android.wz-1.apk
Time Spent:   0 Days 0 Hours 0 Minutes 2 Seconds

============================================================================
3/23 Starting processing com.adobe.reader-1.apk ......
Getting apk info from https://play.google.com/store/apps/details?id=com.adobe.reader ......
Success to get info from Play Store
The lastest version of com.adobe.reader-1.apk is 
Done processing com.adobe.reader-1.apk
Time Spent:   0 Days 0 Hours 0 Minutes 5 Seconds

============================================================================
4/23 Starting processing com.android.dazhihui-1.apk ......
Getting apk info from https://play.google.com/store/apps/details?id=com.android.dazhihui ......
[ERROR] : Cannot find info of com.android.dazhihui-1.apk on https://play.google.com/store/apps/details?id=com.android.dazhihui !!!
Done processing com.android.dazhihui-1.apk
Time Spent:   0 Days 0 Hours 0 Minutes 6 Seconds

============================================================================
5/23 Starting processing com.anzogame.game-1.apk ......
Getting apk info from https://play.google.com/store/apps/details?id=com.anzogame.game ......
[ERROR] : Cannot find info of com.anzogame.game-1.apk on https://play.google.com/store/apps/details?id=com.anzogame.game !!!
Done processing com.anzogame.game-1.apk
Time Spent:   0 Days 0 Hours 0 Minutes 8 Seconds

============================================================================
6/23 Starting processing com.budejie.www-1.apk ......
Getting apk info from https://play.google.com/store/apps/details?id=com.budejie.www ......
[ERROR] : Cannot find info of com.budejie.www-1.apk on https://play.google.com/store/apps/details?id=com.budejie.www !!!
Done processing com.budejie.www-1.apk
Time Spent:   0 Days 0 Hours 0 Minutes 9 Seconds

============================================================================
7/23 Starting processing com.carrot.carrotfantasy-1.apk ......
Getting apk info from https://play.google.com/store/apps/details?id=com.carrot.carrotfantasy ......
Success to get info from Play Store
The lastest version of com.carrot.carrotfantasy-1.apk is  1.1.0  
Done processing com.carrot.carrotfantasy-1.apk
Time Spent:   0 Days 0 Hours 0 Minutes 11 Seconds

============================================================================
8/23 Starting processing com.chinatelecom.bestpayclient-1.apk ......
Getting apk info from https://play.google.com/store/apps/details?id=com.chinatelecom.bestpayclient ......
[ERROR] : Cannot find info of com.chinatelecom.bestpayclient-1.apk on https://play.google.com/store/apps/details?id=com.chinatelecom.bestpayclient !!!
Done processing com.chinatelecom.bestpayclient-1.apk
Time Spent:   0 Days 0 Hours 0 Minutes 13 Seconds

============================================================================
9/23 Starting processing com.duokan.reader-1.apk ......
Getting apk info from https://play.google.com/store/apps/details?id=com.duokan.reader ......
Success to get info from Play Store
The lastest version of com.duokan.reader-1.apk is  4.2.6  
Done processing com.duokan.reader-1.apk
Time Spent:   0 Days 0 Hours 0 Minutes 15 Seconds

============================================================================
10/23 Starting processing com.fenbi.android.solar-1.apk ......
Getting apk info from https://play.google.com/store/apps/details?id=com.fenbi.android.solar ......
Success to get info from Play Store
The lastest version of com.fenbi.android.solar-1.apk is  3.11.0  
Done processing com.fenbi.android.solar-1.apk
Time Spent:   0 Days 0 Hours 0 Minutes 17 Seconds

============================================================================
11/23 Starting processing com.gau.go.launcherex-1.apk ......
Getting apk info from https://play.google.com/store/apps/details?id=com.gau.go.launcherex ......
Success to get info from Play Store
The lastest version of com.gau.go.launcherex-1.apk is    Varies with device  
Done processing com.gau.go.launcherex-1.apk
Time Spent:   0 Days 0 Hours 0 Minutes 19 Seconds

============================================================================
12/23 Starting processing com.iflytek.cmcc-1.apk ......
Getting apk info from https://play.google.com/store/apps/details?id=com.iflytek.cmcc ......
[ERROR] : Cannot find info of com.iflytek.cmcc-1.apk on https://play.google.com/store/apps/details?id=com.iflytek.cmcc !!!
Done processing com.iflytek.cmcc-1.apk
Time Spent:   0 Days 0 Hours 0 Minutes 20 Seconds

============================================================================
13/23 Starting processing com.jm.android.jumei-1.apk ......
Getting apk info from https://play.google.com/store/apps/details?id=com.jm.android.jumei ......
[ERROR] : Cannot find info of com.jm.android.jumei-1.apk on https://play.google.com/store/apps/details?id=com.jm.android.jumei !!!
Done processing com.jm.android.jumei-1.apk
Time Spent:   0 Days 0 Hours 0 Minutes 22 Seconds

============================================================================
14/23 Starting processing com.manboker.headportrait-1.apk ......
Getting apk info from https://play.google.com/store/apps/details?id=com.manboker.headportrait ......
Success to get info from Play Store
The lastest version of com.manboker.headportrait-1.apk is  3.1.1  
Done processing com.manboker.headportrait-1.apk
Time Spent:   0 Days 0 Hours 0 Minutes 26 Seconds

============================================================================
15/23 Starting processing com.mydream.wifi-1.apk ......
Getting apk info from https://play.google.com/store/apps/details?id=com.mydream.wifi ......
[ERROR] : Cannot find info of com.mydream.wifi-1.apk on https://play.google.com/store/apps/details?id=com.mydream.wifi !!!
Done processing com.mydream.wifi-1.apk
Time Spent:   0 Days 0 Hours 0 Minutes 27 Seconds

============================================================================
16/23 Starting processing com.sskj.flashlight-1.apk ......
Getting apk info from https://play.google.com/store/apps/details?id=com.sskj.flashlight ......
[ERROR] : Cannot find info of com.sskj.flashlight-1.apk on https://play.google.com/store/apps/details?id=com.sskj.flashlight !!!
Done processing com.sskj.flashlight-1.apk
Time Spent:   0 Days 0 Hours 0 Minutes 29 Seconds

============================================================================
17/23 Starting processing com.tencent.karaoke-1.apk ......
Getting apk info from https://play.google.com/store/apps/details?id=com.tencent.karaoke ......
[ERROR] : Cannot find info of com.tencent.karaoke-1.apk on https://play.google.com/store/apps/details?id=com.tencent.karaoke !!!
Done processing com.tencent.karaoke-1.apk
Time Spent:   0 Days 0 Hours 0 Minutes 32 Seconds

============================================================================
18/23 Starting processing com.tencent.ttpic-1.apk ......
Getting apk info from https://play.google.com/store/apps/details?id=com.tencent.ttpic ......
Success to get info from Play Store
The lastest version of com.tencent.ttpic-1.apk is  3.3.0.600  
Done processing com.tencent.ttpic-1.apk
Time Spent:   0 Days 0 Hours 0 Minutes 35 Seconds

============================================================================
19/23 Starting processing com.tuniu.app.ui-1.apk ......
Getting apk info from https://play.google.com/store/apps/details?id=com.tuniu.app.ui ......
Success to get info from Play Store
The lastest version of com.tuniu.app.ui-1.apk is  6.0.0  
Done processing com.tuniu.app.ui-1.apk
Time Spent:   0 Days 0 Hours 0 Minutes 39 Seconds

============================================================================
20/23 Starting processing com.xinmei365.font-1.apk ......
Getting apk info from https://play.google.com/store/apps/details?id=com.xinmei365.font ......
Success to get info from Play Store
The lastest version of com.xinmei365.font-1.apk is  5.4.7  
Done processing com.xinmei365.font-1.apk
Time Spent:   0 Days 0 Hours 0 Minutes 43 Seconds

============================================================================
21/23 Starting processing com.yibasan.lizhifm-1.apk ......
Getting apk info from https://play.google.com/store/apps/details?id=com.yibasan.lizhifm ......
Success to get info from Play Store
The lastest version of com.yibasan.lizhifm-1.apk is  3.6.0  
Done processing com.yibasan.lizhifm-1.apk
Time Spent:   0 Days 0 Hours 0 Minutes 45 Seconds

============================================================================
22/23 Starting processing dopool.player-1.apk ......
Getting apk info from https://play.google.com/store/apps/details?id=dopool.player ......
Success to get info from Play Store
The lastest version of dopool.player-1.apk is  6.3.4  
Done processing dopool.player-1.apk
Time Spent:   0 Days 0 Hours 0 Minutes 49 Seconds

============================================================================
23/23 Starting processing my.beautyCamera-1.apk ......
Getting apk info from https://play.google.com/store/apps/details?id=my.beautyCamera ......
Success to get info from Play Store
The lastest version of my.beautyCamera-1.apk is  2.5.0  
Done processing my.beautyCamera-1.apk
Time Spent:   0 Days 0 Hours 0 Minutes 52 Seconds

============================================================================


**************************************************************
All Done
Total Time:   0 Days 0 Hours 0 Minutes 52 Seconds
Result Location:               /home/Git-Apk/code_resource/script_hooks/scan_apk/scan_apk_version/results/AppInfo_2016-03-02-01-24-57.csv
**************************************************************
