Start processing app in list /home/Git-Apk/Updated_list from /home/Git-Apk/Baidu  ......

============================================================================
1/14 Starting processing cmb.pb-1.apk ......
Getting apk info from https://play.google.com/store/apps/details?id=cmb.pb ......
Success to get info from Play Store
The lastest version of cmb.pb-1.apk is  4.1.0  
Done processing cmb.pb-1.apk
Time Spent:   0 Days 0 Hours 0 Minutes 2 Seconds

============================================================================
2/14 Starting processing cn.kuwo.player-1.apk ......
Getting apk info from https://play.google.com/store/apps/details?id=cn.kuwo.player ......
Success to get info from Play Store
The lastest version of cn.kuwo.player-1.apk is  7.6.1.0  
Done processing cn.kuwo.player-1.apk
Time Spent:   0 Days 0 Hours 0 Minutes 4 Seconds

============================================================================
3/14 Starting processing com.baidu.homework-1.apk ......
Getting apk info from https://play.google.com/store/apps/details?id=com.baidu.homework ......
Success to get info from Play Store
The lastest version of com.baidu.homework-1.apk is  3.1.1  
Done processing com.baidu.homework-1.apk
Time Spent:   0 Days 0 Hours 0 Minutes 7 Seconds

============================================================================
4/14 Starting processing com.bilin.huijiao.activity-1.apk ......
Getting apk info from https://play.google.com/store/apps/details?id=com.bilin.huijiao.activity ......
Success to get info from Play Store
The lastest version of com.bilin.huijiao.activity-1.apk is  3.7.3.1  
Done processing com.bilin.huijiao.activity-1.apk
Time Spent:   0 Days 0 Hours 0 Minutes 9 Seconds

============================================================================
5/14 Starting processing com.brianbaek.popstar-1.apk ......
Getting apk info from https://play.google.com/store/apps/details?id=com.brianbaek.popstar ......
Success to get info from Play Store
The lastest version of com.brianbaek.popstar-1.apk is 
Done processing com.brianbaek.popstar-1.apk
Time Spent:   0 Days 0 Hours 0 Minutes 10 Seconds

============================================================================
6/14 Starting processing com.hjwordgames-1.apk ......
Getting apk info from https://play.google.com/store/apps/details?id=com.hjwordgames ......
[ERROR] : Cannot find info of com.hjwordgames-1.apk on https://play.google.com/store/apps/details?id=com.hjwordgames !!!
Done processing com.hjwordgames-1.apk
Time Spent:   0 Days 0 Hours 0 Minutes 11 Seconds

============================================================================
7/14 Starting processing com.icoolme.android.weather-1.apk ......
Getting apk info from https://play.google.com/store/apps/details?id=com.icoolme.android.weather ......
Success to get info from Play Store
The lastest version of com.icoolme.android.weather-1.apk is  3.02.013.20141214  
Done processing com.icoolme.android.weather-1.apk
Time Spent:   0 Days 0 Hours 0 Minutes 13 Seconds

============================================================================
8/14 Starting processing com.kugou.android-1.apk ......
Getting apk info from https://play.google.com/store/apps/details?id=com.kugou.android ......
Success to get info from Play Store
The lastest version of com.kugou.android-1.apk is  7.9.13  
Done processing com.kugou.android-1.apk
Time Spent:   0 Days 0 Hours 0 Minutes 17 Seconds

============================================================================
9/14 Starting processing com.lenovo.calendar-1.apk ......
Getting apk info from https://play.google.com/store/apps/details?id=com.lenovo.calendar ......
Success to get info from Play Store
The lastest version of com.lenovo.calendar-1.apk is 
Done processing com.lenovo.calendar-1.apk
Time Spent:   0 Days 0 Hours 0 Minutes 18 Seconds

============================================================================
10/14 Starting processing com.meilishuo-1.apk ......
Getting apk info from https://play.google.com/store/apps/details?id=com.meilishuo ......
[ERROR] : Cannot find info of com.meilishuo-1.apk on https://play.google.com/store/apps/details?id=com.meilishuo !!!
Done processing com.meilishuo-1.apk
Time Spent:   0 Days 0 Hours 0 Minutes 20 Seconds

============================================================================
11/14 Starting processing com.moji.mjweather-1.apk ......
Getting apk info from https://play.google.com/store/apps/details?id=com.moji.mjweather ......
Success to get info from Play Store
The lastest version of com.moji.mjweather-1.apk is  5.8.5.02  
Done processing com.moji.mjweather-1.apk
Time Spent:   0 Days 0 Hours 0 Minutes 22 Seconds

============================================================================
12/14 Starting processing com.mygolbs.mybus-1.apk ......
Getting apk info from https://play.google.com/store/apps/details?id=com.mygolbs.mybus ......
[ERROR] : Cannot find info of com.mygolbs.mybus-1.apk on https://play.google.com/store/apps/details?id=com.mygolbs.mybus !!!
Done processing com.mygolbs.mybus-1.apk
Time Spent:   0 Days 0 Hours 0 Minutes 23 Seconds

============================================================================
13/14 Starting processing com.popcap.pvz2bddk-1.apk ......
Getting apk info from https://play.google.com/store/apps/details?id=com.popcap.pvz2bddk ......
[ERROR] : Cannot find info of com.popcap.pvz2bddk-1.apk on https://play.google.com/store/apps/details?id=com.popcap.pvz2bddk !!!
Done processing com.popcap.pvz2bddk-1.apk
Time Spent:   0 Days 0 Hours 0 Minutes 25 Seconds

============================================================================
14/14 Starting processing com.syezon.wifi-1.apk ......
Getting apk info from https://play.google.com/store/apps/details?id=com.syezon.wifi ......
[ERROR] : Cannot find info of com.syezon.wifi-1.apk on https://play.google.com/store/apps/details?id=com.syezon.wifi !!!
Done processing com.syezon.wifi-1.apk
Time Spent:   0 Days 0 Hours 0 Minutes 26 Seconds

============================================================================


**************************************************************
All Done
Total Time:   0 Days 0 Hours 0 Minutes 26 Seconds
Result Location:               /home/Git-Apk/code_resource/script_hooks/scan_apk/scan_apk_version/results/AppInfo_2016-02-25-02-24-03.csv
**************************************************************
